<?xml version="1.0" encoding="UTF-8"?>
<testsuites name="Data Source" time="231.451" tests="12" failures="0" errors="2">
   <testsuite name="Data Source" tests="12" failures="0" errors="2" time="231.451" timestamp="2020-03-12 13:20:46" hostname="Dell - DESKTOP-8FKLJ50" id="Test Suites/AUDIENCE/Data Source">
      <properties>
         <property name="deviceName" value=""/>
         <property name="devicePlatform" value=""/>
         <property name="logFolder" value="C:\\Users\\Dell\\git\\AtlasPlatform_QA\\Reports\\20200312_132021\\AUDIENCE\\Data Source\\20200312_132021"/>
         <property name="logFiles" value="C:\\Users\\Dell\\git\\AtlasPlatform_QA\\Reports\\20200312_132021\\AUDIENCE\\Data Source\\20200312_132021\\execution0.log"/>
         <property name="attachments" value="D:\\TestDataForSampleProject\\test1.jpg, C:\\Users\\Dell\\git\\AtlasPlatform_QA\\Reports\\20200312_132021\\AUDIENCE\\Data Source\\20200312_132021/videos\\test_3.avi, D:\\TestDataForSampleProject\\test1.jpg, C:\\Users\\Dell\\git\\AtlasPlatform_QA\\Reports\\20200312_132021\\AUDIENCE\\Data Source\\20200312_132021/videos\\test_4.avi"/>
         <property name="hostName" value="Dell - DESKTOP-8FKLJ50"/>
         <property name="os" value="Windows 10 64bit"/>
         <property name="katalonVersion" value="7.2.1.1"/>
         <property name="browser" value="Chrome 80.0.3987.132"/>
         <property name="dbServerInfo" value="MySQL 5.7.22-log"/>
         <property name="hostAddress" value="10.0.75.1"/>
         <property name="sessionId" value="a159a5021dd87de13b200c6af49cac7d"/>
         <property name="seleniumVersion" value="3.141.59"/>
         <property name="proxyInformation" value="ProxyInformation{proxyOption=NO_PROXY, proxyServerType=HTTP, password=, proxyServerAddress=, proxyServerPort=0, executionList=}"/>
         <property name="platform" value="Windows 10"/>
      </properties>
      <testcase name="Test Cases/Atlas Platform/Platform Navigation/Picker/TC_000_Common_Browser_WithLogin" time="28.732" classname="Test Cases/Atlas Platform/Platform Navigation/Picker/TC_000_Common_Browser_WithLogin" status="PASSED">
         <system-out><![CDATA[2020-03-12 13:20:47 - [TEST_CASE][PASSED] - Test Cases/Atlas Platform/Platform Navigation/Picker/TC_000_Common_Browser_WithLogin: Test Cases/Atlas Platform/Platform Navigation/Picker/TC_000_Common_Browser_WithLogin

2020-03-12 13:20:48 - [TEST_STEP][PASSED] - callTestCase(findTestCase("Atlas Platform/Platform Navigation/Login/LoginWithRootAdmin"), [:], STOP_ON_FAILURE): Call Test Case 'Test Cases/Atlas Platform/Platform Navigation/Login/LoginWithRootAdmin' successfully

2020-03-12 13:20:48 - [TEST_CASE][PASSED] - Test Cases/Atlas Platform/Platform Navigation/Login/LoginWithRootAdmin: Test Cases/Atlas Platform/Platform Navigation/Login/LoginWithRootAdmin

2020-03-12 13:20:49 - [TEST_STEP][PASSED] - openBrowser(""): Browser is opened with url: ''

2020-03-12 13:20:50 - [MESSAGE][INFO] - Starting 'Chrome' driver

2020-03-12 13:20:50 - [MESSAGE][INFO] - User set preference: ['args', '[--start-maximized, --disable-web-security, --no-proxy-server]']

2020-03-12 13:20:50 - [MESSAGE][INFO] - User set preference: ['prefs', '{credentials_enable_service=false, profile.password_manager_enabled=false}']

2020-03-12 13:20:50 - [MESSAGE][INFO] - Action delay is set to 0 seconds

2020-03-12 13:20:58 - [MESSAGE][PASSED] - Browser is opened with url: ''

2020-03-12 13:20:58 - [TEST_STEP][NOT_RUN] - callTestCase(findTestCase("Atlas Platform/Platform Navigation/Login/Default Logins/TC_100_ForSecurityURLSAcceptance"), [:], CONTINUE_ON_FAILURE): NOT_RUN: callTestCase(findTestCase("Atlas Platform/Platform Navigation/Login/Default Logins/TC_100_ForSecurityURLSAcceptance"), [:], CONTINUE_ON_FAILURE)

2020-03-12 13:20:58 - [MESSAGE][NOT_RUN] - NOT_RUN: callTestCase(findTestCase("Atlas Platform/Platform Navigation/Login/Default Logins/TC_100_ForSecurityURLSAcceptance"), [:], CONTINUE_ON_FAILURE)

2020-03-12 13:20:58 - [TEST_STEP][PASSED] - navigateToUrl("https://atlas-dev.gsm.auto/"): Navigate to 'https://atlas-dev.gsm.auto/' successfully

2020-03-12 13:21:03 - [MESSAGE][PASSED] - Navigate to 'https://atlas-dev.gsm.auto/' successfully

2020-03-12 13:21:03 - [TEST_STEP][PASSED] - setText(findTestObject("Object Repository/LoginPage/loginpageemailtxtbox"), user_Email): Text 'navaraj@totient.co.in' is set on object 'Object Repository/LoginPage/loginpageemailtxtbox'

2020-03-12 13:21:04 - [MESSAGE][PASSED] - Text 'navaraj@totient.co.in' is set on object 'Object Repository/LoginPage/loginpageemailtxtbox'

2020-03-12 13:21:04 - [TEST_STEP][PASSED] - setText(findTestObject("Object Repository/LoginPage/loginpaepasswordtxtbox"), user_Password): Text 'Totient@123' is set on object 'Object Repository/LoginPage/loginpaepasswordtxtbox'

2020-03-12 13:21:05 - [MESSAGE][PASSED] - Text 'Totient@123' is set on object 'Object Repository/LoginPage/loginpaepasswordtxtbox'

2020-03-12 13:21:05 - [TEST_STEP][PASSED] - click(findTestObject("LoginPage/loginpageloginbtn")): Object: 'Object Repository/LoginPage/loginpageloginbtn' is clicked on

2020-03-12 13:21:06 - [MESSAGE][PASSED] - Object: 'Object Repository/LoginPage/loginpageloginbtn' is clicked on

2020-03-12 13:21:06 - [TEST_STEP][PASSED] - conn = com.katalon.plugin.keyword.connection.DatabaseKeywords.getGlobalConnection(): com.katalon.plugin.keyword.connection.DatabaseKeywords.getGlobalConnection is PASSED

2020-03-12 13:21:11 - [MESSAGE][PASSED] - com.katalon.plugin.keyword.connection.DatabaseKeywords.getGlobalConnection is PASSED

2020-03-12 13:21:11 - [TEST_STEP][PASSED] - resultValues1 = com.katalon.plugin.keyword.connection.DatabaseKeywords.executeQuery(conn, "SELECT * FROM atlas_config.user WHERE email ="" + user_Email + "";"): com.katalon.plugin.keyword.connection.DatabaseKeywords.executeQuery is PASSED

2020-03-12 13:21:13 - [MESSAGE][PASSED] - com.katalon.plugin.keyword.connection.DatabaseKeywords.executeQuery is PASSED

2020-03-12 13:21:13 - [TEST_STEP][PASSED] - println(com.katalon.plugin.keyword.connection.ResultSetKeywords.getSingleCellValue(resultValues1, 1, "user_id")): com.katalon.plugin.keyword.connection.ResultSetKeywords.getSingleCellValue is PASSED

2020-03-12 13:21:13 - [MESSAGE][PASSED] - com.katalon.plugin.keyword.connection.ResultSetKeywords.getSingleCellValue is PASSED

2020-03-12 13:21:13 - [TEST_STEP][PASSED] - user_id = com.katalon.plugin.keyword.connection.ResultSetKeywords.getSingleCellValue(resultValues1, 1, "user_id"): com.katalon.plugin.keyword.connection.ResultSetKeywords.getSingleCellValue is PASSED

2020-03-12 13:21:13 - [MESSAGE][PASSED] - com.katalon.plugin.keyword.connection.ResultSetKeywords.getSingleCellValue is PASSED

2020-03-12 13:21:13 - [TEST_STEP][PASSED] - println("User ID Variable value is : " + user_id): null

2020-03-12 13:21:13 - [MESSAGE][PASSED] - Call Test Case 'Test Cases/Atlas Platform/Platform Navigation/Login/LoginWithRootAdmin' successfully

2020-03-12 13:21:13 - [TEST_STEP][PASSED] - Start listener action : sampleAfterTestCase: null

2020-03-12 13:21:13 - [TEST_STEP][PASSED] - println(testCaseContext.getTestCaseId()): null

2020-03-12 13:21:13 - [TEST_STEP][PASSED] - println(testCaseContext.getTestCaseStatus()): null

2020-03-12 13:21:13 - [TEST_STEP][PASSED] - println("On Failure Method is Calling : " + testCaseContext.getTestCaseStatus()): null

2020-03-12 13:21:13 - [TEST_STEP][PASSED] - if (!(getTestCaseStatus().equalsIgnoreCase("PASSED"))): null]]></system-out>
         <system-err><![CDATA[]]></system-err>
      </testcase>
      <testcase name="Test Cases/Atlas Platform/Data Management/Data Listing/TC_001_Verify_Audience_Total_Count" time="8.256" classname="Test Cases/Atlas Platform/Data Management/Data Listing/TC_001_Verify_Audience_Total_Count" status="PASSED">
         <system-out><![CDATA[2020-03-12 13:21:16 - [TEST_CASE][PASSED] - Test Cases/Atlas Platform/Data Management/Data Listing/TC_001_Verify_Audience_Total_Count: Test Cases/Atlas Platform/Data Management/Data Listing/TC_001_Verify_Audience_Total_Count

2020-03-12 13:21:16 - [TEST_STEP][NOT_RUN] - callTestCase(findTestCase("Atlas Platform/Platform Navigation/Login/LoginWithRootAdmin"), ["user_Email":"navaraj@totient.co.in", "user_Password":"Totient@123"], CONTINUE_ON_FAILURE): NOT_RUN: callTestCase(findTestCase("Atlas Platform/Platform Navigation/Login/LoginWithRootAdmin"), ["user_Email":"navaraj@totient.co.in", "user_Password":"Totient@123"], CONTINUE_ON_FAILURE)

2020-03-12 13:21:16 - [MESSAGE][NOT_RUN] - NOT_RUN: callTestCase(findTestCase("Atlas Platform/Platform Navigation/Login/LoginWithRootAdmin"), ["user_Email":"navaraj@totient.co.in", "user_Password":"Totient@123"], CONTINUE_ON_FAILURE)

2020-03-12 13:21:16 - [TEST_STEP][PASSED] - click(findTestObject("HeaderMenus/audiencemenu")): Object: 'Object Repository/HeaderMenus/audiencemenu' is clicked on

2020-03-12 13:21:17 - [MESSAGE][PASSED] - Object: 'Object Repository/HeaderMenus/audiencemenu' is clicked on

2020-03-12 13:21:17 - [TEST_STEP][PASSED] - click(findTestObject("Login_Page/Dashboard/Data Sub-Navigation/div_Data Source")): Object: 'Object Repository/Login_Page/Dashboard/Data Sub-Navigation/div_Data Source' is clicked on

2020-03-12 13:21:20 - [MESSAGE][PASSED] - Object: 'Object Repository/Login_Page/Dashboard/Data Sub-Navigation/div_Data Source' is clicked on

2020-03-12 13:21:20 - [TEST_STEP][PASSED] - totalText = getText(findTestObject("Object Repository/AUDIENCE/Data Source/total_count")): Text of object 'Object Repository/AUDIENCE/Data Source/total_count' is: '(13)'

2020-03-12 13:21:20 - [MESSAGE][PASSED] - Text of object 'Object Repository/AUDIENCE/Data Source/total_count' is: '(13)'

2020-03-12 13:21:20 - [TEST_STEP][PASSED] - println(totalText): null

2020-03-12 13:21:20 - [TEST_STEP][PASSED] - total = Integer.parseInt(replace(")", "").trim()): null

2020-03-12 13:21:20 - [TEST_STEP][PASSED] - elements = findWebElements(findTestObject("AUDIENCE/Data Source/column1_values"), 0): Timeout '0' is invalid. Using default page load timeout: '230'

2020-03-12 13:21:20 - [MESSAGE][WARNING] - Timeout '0' is invalid. Using default page load timeout: '230'

2020-03-12 13:21:21 - [TEST_STEP][PASSED] - pageValueCount = elements.size(): null

2020-03-12 13:21:21 - [TEST_STEP][PASSED] - if (total > 10): null

2020-03-12 13:21:21 - [TEST_STEP][PASSED] - while (total != pageValueCount): null

2020-03-12 13:21:21 - [TEST_STEP][PASSED] - click(findTestObject("AUDIENCE/Data Source/next")): Object: 'Object Repository/AUDIENCE/Data Source/next' is clicked on

2020-03-12 13:21:21 - [MESSAGE][PASSED] - Object: 'Object Repository/AUDIENCE/Data Source/next' is clicked on

2020-03-12 13:21:21 - [TEST_STEP][PASSED] - elements = findWebElements(findTestObject("AUDIENCE/Data Source/column1_values"), 0): Timeout '0' is invalid. Using default page load timeout: '230'

2020-03-12 13:21:21 - [MESSAGE][WARNING] - Timeout '0' is invalid. Using default page load timeout: '230'

2020-03-12 13:21:22 - [TEST_STEP][PASSED] - pageValueCount += elements.size(): null

2020-03-12 13:21:22 - [TEST_STEP][PASSED] - verifyEqual(total, pageValueCount): Actual object '13' and expected object '13' are equal

2020-03-12 13:21:22 - [MESSAGE][PASSED] - Actual object '13' and expected object '13' are equal

2020-03-12 13:21:22 - [TEST_STEP][PASSED] - Start listener action : sampleAfterTestCase: null

2020-03-12 13:21:22 - [TEST_STEP][PASSED] - println(testCaseContext.getTestCaseId()): null

2020-03-12 13:21:22 - [TEST_STEP][PASSED] - println(testCaseContext.getTestCaseStatus()): null

2020-03-12 13:21:22 - [TEST_STEP][PASSED] - println("On Failure Method is Calling : " + testCaseContext.getTestCaseStatus()): null

2020-03-12 13:21:22 - [TEST_STEP][PASSED] - if (!(getTestCaseStatus().equalsIgnoreCase("PASSED"))): null]]></system-out>
         <system-err><![CDATA[]]></system-err>
      </testcase>
      <testcase name="Test Cases/Atlas Platform/Data Management/Data Listing/TC_002_Validate_Active_Filter_WithCount" time="12.893" classname="Test Cases/Atlas Platform/Data Management/Data Listing/TC_002_Validate_Active_Filter_WithCount" status="ERROR">
         <error type="ERROR" message="Test Cases/Atlas Platform/Data Management/Data Listing/TC_002_Validate_Active_Filter_WithCount FAILED.
Reason:
java.lang.NumberFormatException: For input string: &quot;&quot;
	at java_lang_Integer$parseInt.call(Unknown Source)
	at TC_002_Validate_Active_Filter_WithCount.run(TC_002_Validate_Active_Filter_WithCount:46)
	at com.kms.katalon.core.main.ScriptEngine.run(ScriptEngine.java:194)
	at com.kms.katalon.core.main.ScriptEngine.runScriptAsRawText(ScriptEngine.java:119)
	at com.kms.katalon.core.main.TestCaseExecutor.runScript(TestCaseExecutor.java:337)
	at com.kms.katalon.core.main.TestCaseExecutor.doExecute(TestCaseExecutor.java:328)
	at com.kms.katalon.core.main.TestCaseExecutor.processExecutionPhase(TestCaseExecutor.java:307)
	at com.kms.katalon.core.main.TestCaseExecutor.accessMainPhase(TestCaseExecutor.java:299)
	at com.kms.katalon.core.main.TestCaseExecutor.execute(TestCaseExecutor.java:233)
	at com.kms.katalon.core.main.TestSuiteExecutor.accessTestCaseMainPhase(TestSuiteExecutor.java:169)
	at com.kms.katalon.core.main.TestSuiteExecutor.accessTestSuiteMainPhase(TestSuiteExecutor.java:142)
	at com.kms.katalon.core.main.TestSuiteExecutor.execute(TestSuiteExecutor.java:91)
	at com.kms.katalon.core.main.TestCaseMain.startTestSuite(TestCaseMain.java:157)
	at com.kms.katalon.core.main.TestCaseMain$startTestSuite$0.call(Unknown Source)
	at TempTestSuite1583999436637.run(TempTestSuite1583999436637.groovy:36)
"/>
         <system-out><![CDATA[2020-03-12 13:21:24 - [TEST_CASE][ERROR] - Test Cases/Atlas Platform/Data Management/Data Listing/TC_002_Validate_Active_Filter_WithCount: Test Cases/Atlas Platform/Data Management/Data Listing/TC_002_Validate_Active_Filter_WithCount FAILED.
Reason:
java.lang.NumberFormatException: For input string: ""
	at java_lang_Integer$parseInt.call(Unknown Source)
	at TC_002_Validate_Active_Filter_WithCount.run(TC_002_Validate_Active_Filter_WithCount:46)
	at com.kms.katalon.core.main.ScriptEngine.run(ScriptEngine.java:194)
	at com.kms.katalon.core.main.ScriptEngine.runScriptAsRawText(ScriptEngine.java:119)
	at com.kms.katalon.core.main.TestCaseExecutor.runScript(TestCaseExecutor.java:337)
	at com.kms.katalon.core.main.TestCaseExecutor.doExecute(TestCaseExecutor.java:328)
	at com.kms.katalon.core.main.TestCaseExecutor.processExecutionPhase(TestCaseExecutor.java:307)
	at com.kms.katalon.core.main.TestCaseExecutor.accessMainPhase(TestCaseExecutor.java:299)
	at com.kms.katalon.core.main.TestCaseExecutor.execute(TestCaseExecutor.java:233)
	at com.kms.katalon.core.main.TestSuiteExecutor.accessTestCaseMainPhase(TestSuiteExecutor.java:169)
	at com.kms.katalon.core.main.TestSuiteExecutor.accessTestSuiteMainPhase(TestSuiteExecutor.java:142)
	at com.kms.katalon.core.main.TestSuiteExecutor.execute(TestSuiteExecutor.java:91)
	at com.kms.katalon.core.main.TestCaseMain.startTestSuite(TestCaseMain.java:157)
	at com.kms.katalon.core.main.TestCaseMain$startTestSuite$0.call(Unknown Source)
	at TempTestSuite1583999436637.run(TempTestSuite1583999436637.groovy:36)


2020-03-12 13:21:24 - [TEST_STEP][NOT_RUN] - callTestCase(findTestCase("Atlas Platform/Platform Navigation/Login/LoginWithRootAdmin"), ["user_Email":"navaraj@totient.co.in", "user_Password":"Totient@123"], CONTINUE_ON_FAILURE): NOT_RUN: callTestCase(findTestCase("Atlas Platform/Platform Navigation/Login/LoginWithRootAdmin"), ["user_Email":"navaraj@totient.co.in", "user_Password":"Totient@123"], CONTINUE_ON_FAILURE)

2020-03-12 13:21:24 - [MESSAGE][NOT_RUN] - NOT_RUN: callTestCase(findTestCase("Atlas Platform/Platform Navigation/Login/LoginWithRootAdmin"), ["user_Email":"navaraj@totient.co.in", "user_Password":"Totient@123"], CONTINUE_ON_FAILURE)

2020-03-12 13:21:24 - [TEST_STEP][PASSED] - click(findTestObject("HeaderMenus/audiencemenu")): Object: 'Object Repository/HeaderMenus/audiencemenu' is clicked on

2020-03-12 13:21:25 - [MESSAGE][PASSED] - Object: 'Object Repository/HeaderMenus/audiencemenu' is clicked on

2020-03-12 13:21:25 - [TEST_STEP][PASSED] - refresh(): Refresh successfully

2020-03-12 13:21:27 - [MESSAGE][PASSED] - Refresh successfully

2020-03-12 13:21:27 - [TEST_STEP][PASSED] - click(findTestObject("Login_Page/Dashboard/Data Sub-Navigation/div_Data Source")): Object: 'Object Repository/Login_Page/Dashboard/Data Sub-Navigation/div_Data Source' is clicked on

2020-03-12 13:21:28 - [MESSAGE][PASSED] - Object: 'Object Repository/Login_Page/Dashboard/Data Sub-Navigation/div_Data Source' is clicked on

2020-03-12 13:21:28 - [TEST_STEP][PASSED] - beforefilterapplytot = getText(findTestObject("Object Repository/AUDIENCE/Data Source/total_count")): Text of object 'Object Repository/AUDIENCE/Data Source/total_count' is: '(13)'

2020-03-12 13:21:29 - [MESSAGE][PASSED] - Text of object 'Object Repository/AUDIENCE/Data Source/total_count' is: '(13)'

2020-03-12 13:21:29 - [TEST_STEP][PASSED] - beforetotal = Integer.parseInt(replace(")", "").trim()): null

2020-03-12 13:21:29 - [TEST_STEP][PASSED] - click(findTestObject("Object Repository/AUDIENCE/Data Source/filter")): Object: 'Object Repository/AUDIENCE/Data Source/filter' is clicked on

2020-03-12 13:21:29 - [MESSAGE][PASSED] - Object: 'Object Repository/AUDIENCE/Data Source/filter' is clicked on

2020-03-12 13:21:29 - [TEST_STEP][PASSED] - click(findTestObject("Object Repository/AUDIENCE/Data Source/active")): Object: 'Object Repository/AUDIENCE/Data Source/active' is clicked on

2020-03-12 13:21:30 - [MESSAGE][PASSED] - Object: 'Object Repository/AUDIENCE/Data Source/active' is clicked on

2020-03-12 13:21:30 - [TEST_STEP][PASSED] - click(findTestObject("Object Repository/AUDIENCE/Data Source/apply_btn")): Object: 'Object Repository/AUDIENCE/Data Source/apply_btn' is clicked on

2020-03-12 13:21:30 - [MESSAGE][PASSED] - Object: 'Object Repository/AUDIENCE/Data Source/apply_btn' is clicked on

2020-03-12 13:21:30 - [TEST_STEP][PASSED] - delay(3): Delayed 3 second(s)

2020-03-12 13:21:33 - [MESSAGE][PASSED] - Delayed 3 second(s)

2020-03-12 13:21:33 - [TEST_STEP][PASSED] - verifyElementText(findTestObject("Object Repository/AUDIENCE/Data Source/active_text_filtered"), "Active"): Actual text and expected text of test object 'Object Repository/AUDIENCE/Data Source/active_text_filtered' are matched.

2020-03-12 13:21:34 - [MESSAGE][PASSED] - Actual text and expected text of test object 'Object Repository/AUDIENCE/Data Source/active_text_filtered' are matched.

2020-03-12 13:21:34 - [TEST_STEP][PASSED] - totalText = getText(findTestObject("Object Repository/AUDIENCE/Data Source/matchingRecord_count")): Text of object 'Object Repository/AUDIENCE/Data Source/matchingRecord_count' is: ''

2020-03-12 13:21:34 - [MESSAGE][PASSED] - Text of object 'Object Repository/AUDIENCE/Data Source/matchingRecord_count' is: ''

2020-03-12 13:21:34 - [TEST_STEP][PASSED] - total = Integer.parseInt(split(" ")[0].trim()): null

2020-03-12 13:21:34 - [TEST_STEP][PASSED] - Start listener action : sampleAfterTestCase: Taking screenshot successfully

2020-03-12 13:21:34 - [TEST_STEP][PASSED] - println(testCaseContext.getTestCaseId()): null

2020-03-12 13:21:34 - [TEST_STEP][PASSED] - println(testCaseContext.getTestCaseStatus()): null

2020-03-12 13:21:34 - [TEST_STEP][PASSED] - println("On Failure Method is Calling : " + testCaseContext.getTestCaseStatus()): null

2020-03-12 13:21:34 - [TEST_STEP][PASSED] - if (!(getTestCaseStatus().equalsIgnoreCase("PASSED"))): Taking screenshot successfully

2020-03-12 13:21:35 - [MESSAGE][PASSED] - Taking screenshot successfully
[[ATTACHMENT|D:\\TestDataForSampleProject\\test1.jpg]]

2020-03-12 13:21:37 - [TEST_STEP][PASSED] - Video: Video recording for test case 'Test Cases/Atlas Platform/Data Management/Data Listing/TC_002_Validate_Active_Filter_WithCount' .

2020-03-12 13:21:37 - [MESSAGE][INFO] - Video recording for test case 'Test Cases/Atlas Platform/Data Management/Data Listing/TC_002_Validate_Active_Filter_WithCount' .
[[ATTACHMENT|C:\\Users\\Dell\\git\\AtlasPlatform_QA\\Reports\\20200312_132021\\AUDIENCE\\Data Source\\20200312_132021/videos\\test_3.avi]]]]></system-out>
         <system-err><![CDATA[2020-03-12 13:21:24 - [TEST_CASE][ERROR] - Test Cases/Atlas Platform/Data Management/Data Listing/TC_002_Validate_Active_Filter_WithCount: Test Cases/Atlas Platform/Data Management/Data Listing/TC_002_Validate_Active_Filter_WithCount FAILED.
Reason:
java.lang.NumberFormatException: For input string: ""
	at java_lang_Integer$parseInt.call(Unknown Source)
	at TC_002_Validate_Active_Filter_WithCount.run(TC_002_Validate_Active_Filter_WithCount:46)
	at com.kms.katalon.core.main.ScriptEngine.run(ScriptEngine.java:194)
	at com.kms.katalon.core.main.ScriptEngine.runScriptAsRawText(ScriptEngine.java:119)
	at com.kms.katalon.core.main.TestCaseExecutor.runScript(TestCaseExecutor.java:337)
	at com.kms.katalon.core.main.TestCaseExecutor.doExecute(TestCaseExecutor.java:328)
	at com.kms.katalon.core.main.TestCaseExecutor.processExecutionPhase(TestCaseExecutor.java:307)
	at com.kms.katalon.core.main.TestCaseExecutor.accessMainPhase(TestCaseExecutor.java:299)
	at com.kms.katalon.core.main.TestCaseExecutor.execute(TestCaseExecutor.java:233)
	at com.kms.katalon.core.main.TestSuiteExecutor.accessTestCaseMainPhase(TestSuiteExecutor.java:169)
	at com.kms.katalon.core.main.TestSuiteExecutor.accessTestSuiteMainPhase(TestSuiteExecutor.java:142)
	at com.kms.katalon.core.main.TestSuiteExecutor.execute(TestSuiteExecutor.java:91)
	at com.kms.katalon.core.main.TestCaseMain.startTestSuite(TestCaseMain.java:157)
	at com.kms.katalon.core.main.TestCaseMain$startTestSuite$0.call(Unknown Source)
	at TempTestSuite1583999436637.run(TempTestSuite1583999436637.groovy:36)]]></system-err>
      </testcase>
      <testcase name="Test Cases/Atlas Platform/Data Management/Data Listing/TC_003_Validate_Archive_Filter_WithCount" time="12.967" classname="Test Cases/Atlas Platform/Data Management/Data Listing/TC_003_Validate_Archive_Filter_WithCount" status="ERROR">
         <error type="ERROR" message="Test Cases/Atlas Platform/Data Management/Data Listing/TC_003_Validate_Archive_Filter_WithCount FAILED.
Reason:
java.lang.NumberFormatException: For input string: &quot;&quot;
	at java_lang_Integer$parseInt.call(Unknown Source)
	at TC_003_Validate_Archive_Filter_WithCount.run(TC_003_Validate_Archive_Filter_WithCount:45)
	at com.kms.katalon.core.main.ScriptEngine.run(ScriptEngine.java:194)
	at com.kms.katalon.core.main.ScriptEngine.runScriptAsRawText(ScriptEngine.java:119)
	at com.kms.katalon.core.main.TestCaseExecutor.runScript(TestCaseExecutor.java:337)
	at com.kms.katalon.core.main.TestCaseExecutor.doExecute(TestCaseExecutor.java:328)
	at com.kms.katalon.core.main.TestCaseExecutor.processExecutionPhase(TestCaseExecutor.java:307)
	at com.kms.katalon.core.main.TestCaseExecutor.accessMainPhase(TestCaseExecutor.java:299)
	at com.kms.katalon.core.main.TestCaseExecutor.execute(TestCaseExecutor.java:233)
	at com.kms.katalon.core.main.TestSuiteExecutor.accessTestCaseMainPhase(TestSuiteExecutor.java:169)
	at com.kms.katalon.core.main.TestSuiteExecutor.accessTestSuiteMainPhase(TestSuiteExecutor.java:142)
	at com.kms.katalon.core.main.TestSuiteExecutor.execute(TestSuiteExecutor.java:91)
	at com.kms.katalon.core.main.TestCaseMain.startTestSuite(TestCaseMain.java:157)
	at com.kms.katalon.core.main.TestCaseMain$startTestSuite$0.call(Unknown Source)
	at TempTestSuite1583999436637.run(TempTestSuite1583999436637.groovy:36)
"/>
         <system-out><![CDATA[2020-03-12 13:21:37 - [TEST_CASE][ERROR] - Test Cases/Atlas Platform/Data Management/Data Listing/TC_003_Validate_Archive_Filter_WithCount: Test Cases/Atlas Platform/Data Management/Data Listing/TC_003_Validate_Archive_Filter_WithCount FAILED.
Reason:
java.lang.NumberFormatException: For input string: ""
	at java_lang_Integer$parseInt.call(Unknown Source)
	at TC_003_Validate_Archive_Filter_WithCount.run(TC_003_Validate_Archive_Filter_WithCount:45)
	at com.kms.katalon.core.main.ScriptEngine.run(ScriptEngine.java:194)
	at com.kms.katalon.core.main.ScriptEngine.runScriptAsRawText(ScriptEngine.java:119)
	at com.kms.katalon.core.main.TestCaseExecutor.runScript(TestCaseExecutor.java:337)
	at com.kms.katalon.core.main.TestCaseExecutor.doExecute(TestCaseExecutor.java:328)
	at com.kms.katalon.core.main.TestCaseExecutor.processExecutionPhase(TestCaseExecutor.java:307)
	at com.kms.katalon.core.main.TestCaseExecutor.accessMainPhase(TestCaseExecutor.java:299)
	at com.kms.katalon.core.main.TestCaseExecutor.execute(TestCaseExecutor.java:233)
	at com.kms.katalon.core.main.TestSuiteExecutor.accessTestCaseMainPhase(TestSuiteExecutor.java:169)
	at com.kms.katalon.core.main.TestSuiteExecutor.accessTestSuiteMainPhase(TestSuiteExecutor.java:142)
	at com.kms.katalon.core.main.TestSuiteExecutor.execute(TestSuiteExecutor.java:91)
	at com.kms.katalon.core.main.TestCaseMain.startTestSuite(TestCaseMain.java:157)
	at com.kms.katalon.core.main.TestCaseMain$startTestSuite$0.call(Unknown Source)
	at TempTestSuite1583999436637.run(TempTestSuite1583999436637.groovy:36)


2020-03-12 13:21:37 - [TEST_STEP][NOT_RUN] - callTestCase(findTestCase("Atlas Platform/Platform Navigation/Login/LoginWithRootAdmin"), ["user_Email":"navaraj@totient.co.in", "user_Password":"Totient@123"], CONTINUE_ON_FAILURE): NOT_RUN: callTestCase(findTestCase("Atlas Platform/Platform Navigation/Login/LoginWithRootAdmin"), ["user_Email":"navaraj@totient.co.in", "user_Password":"Totient@123"], CONTINUE_ON_FAILURE)

2020-03-12 13:21:37 - [MESSAGE][NOT_RUN] - NOT_RUN: callTestCase(findTestCase("Atlas Platform/Platform Navigation/Login/LoginWithRootAdmin"), ["user_Email":"navaraj@totient.co.in", "user_Password":"Totient@123"], CONTINUE_ON_FAILURE)

2020-03-12 13:21:37 - [TEST_STEP][PASSED] - click(findTestObject("HeaderMenus/audiencemenu")): Object: 'Object Repository/HeaderMenus/audiencemenu' is clicked on

2020-03-12 13:21:38 - [MESSAGE][PASSED] - Object: 'Object Repository/HeaderMenus/audiencemenu' is clicked on

2020-03-12 13:21:38 - [TEST_STEP][PASSED] - refresh(): Refresh successfully

2020-03-12 13:21:40 - [MESSAGE][PASSED] - Refresh successfully

2020-03-12 13:21:40 - [TEST_STEP][PASSED] - click(findTestObject("Login_Page/Dashboard/Data Sub-Navigation/div_Data Source")): Object: 'Object Repository/Login_Page/Dashboard/Data Sub-Navigation/div_Data Source' is clicked on

2020-03-12 13:21:41 - [MESSAGE][PASSED] - Object: 'Object Repository/Login_Page/Dashboard/Data Sub-Navigation/div_Data Source' is clicked on

2020-03-12 13:21:41 - [TEST_STEP][PASSED] - beforefilterapplytot = getText(findTestObject("Object Repository/AUDIENCE/Data Source/total_count")): Text of object 'Object Repository/AUDIENCE/Data Source/total_count' is: '(13)'

2020-03-12 13:21:41 - [MESSAGE][PASSED] - Text of object 'Object Repository/AUDIENCE/Data Source/total_count' is: '(13)'

2020-03-12 13:21:41 - [TEST_STEP][PASSED] - beforetotal = Integer.parseInt(replace(")", "").trim()): null

2020-03-12 13:21:41 - [TEST_STEP][PASSED] - click(findTestObject("Object Repository/AUDIENCE/Data Source/filter")): Object: 'Object Repository/AUDIENCE/Data Source/filter' is clicked on

2020-03-12 13:21:42 - [MESSAGE][PASSED] - Object: 'Object Repository/AUDIENCE/Data Source/filter' is clicked on

2020-03-12 13:21:42 - [TEST_STEP][PASSED] - click(findTestObject("AUDIENCE/Data Source/archived")): Object: 'Object Repository/AUDIENCE/Data Source/archived' is clicked on

2020-03-12 13:21:43 - [MESSAGE][PASSED] - Object: 'Object Repository/AUDIENCE/Data Source/archived' is clicked on

2020-03-12 13:21:43 - [TEST_STEP][PASSED] - click(findTestObject("Object Repository/AUDIENCE/Data Source/apply_btn")): Object: 'Object Repository/AUDIENCE/Data Source/apply_btn' is clicked on

2020-03-12 13:21:43 - [MESSAGE][PASSED] - Object: 'Object Repository/AUDIENCE/Data Source/apply_btn' is clicked on

2020-03-12 13:21:43 - [TEST_STEP][PASSED] - delay(3): Delayed 3 second(s)

2020-03-12 13:21:46 - [MESSAGE][PASSED] - Delayed 3 second(s)

2020-03-12 13:21:46 - [TEST_STEP][PASSED] - verifyElementText(findTestObject("AUDIENCE/Data Source/archive_text_filtered"), "Archived"): Actual text and expected text of test object 'Object Repository/AUDIENCE/Data Source/archive_text_filtered' are matched.

2020-03-12 13:21:47 - [MESSAGE][PASSED] - Actual text and expected text of test object 'Object Repository/AUDIENCE/Data Source/archive_text_filtered' are matched.

2020-03-12 13:21:47 - [TEST_STEP][PASSED] - totalText = getText(findTestObject("Object Repository/AUDIENCE/Data Source/matchingRecord_count")): Text of object 'Object Repository/AUDIENCE/Data Source/matchingRecord_count' is: ''

2020-03-12 13:21:47 - [MESSAGE][PASSED] - Text of object 'Object Repository/AUDIENCE/Data Source/matchingRecord_count' is: ''

2020-03-12 13:21:47 - [TEST_STEP][PASSED] - total = Integer.parseInt(split(" ")[0].trim()): null

2020-03-12 13:21:47 - [TEST_STEP][PASSED] - Start listener action : sampleAfterTestCase: Taking screenshot successfully

2020-03-12 13:21:47 - [TEST_STEP][PASSED] - println(testCaseContext.getTestCaseId()): null

2020-03-12 13:21:47 - [TEST_STEP][PASSED] - println(testCaseContext.getTestCaseStatus()): null

2020-03-12 13:21:47 - [TEST_STEP][PASSED] - println("On Failure Method is Calling : " + testCaseContext.getTestCaseStatus()): null

2020-03-12 13:21:47 - [TEST_STEP][PASSED] - if (!(getTestCaseStatus().equalsIgnoreCase("PASSED"))): Taking screenshot successfully

2020-03-12 13:21:48 - [MESSAGE][PASSED] - Taking screenshot successfully
[[ATTACHMENT|D:\\TestDataForSampleProject\\test1.jpg]]

2020-03-12 13:21:50 - [TEST_STEP][PASSED] - Video: Video recording for test case 'Test Cases/Atlas Platform/Data Management/Data Listing/TC_003_Validate_Archive_Filter_WithCount' .

2020-03-12 13:21:50 - [MESSAGE][INFO] - Video recording for test case 'Test Cases/Atlas Platform/Data Management/Data Listing/TC_003_Validate_Archive_Filter_WithCount' .
[[ATTACHMENT|C:\\Users\\Dell\\git\\AtlasPlatform_QA\\Reports\\20200312_132021\\AUDIENCE\\Data Source\\20200312_132021/videos\\test_4.avi]]]]></system-out>
         <system-err><![CDATA[2020-03-12 13:21:37 - [TEST_CASE][ERROR] - Test Cases/Atlas Platform/Data Management/Data Listing/TC_003_Validate_Archive_Filter_WithCount: Test Cases/Atlas Platform/Data Management/Data Listing/TC_003_Validate_Archive_Filter_WithCount FAILED.
Reason:
java.lang.NumberFormatException: For input string: ""
	at java_lang_Integer$parseInt.call(Unknown Source)
	at TC_003_Validate_Archive_Filter_WithCount.run(TC_003_Validate_Archive_Filter_WithCount:45)
	at com.kms.katalon.core.main.ScriptEngine.run(ScriptEngine.java:194)
	at com.kms.katalon.core.main.ScriptEngine.runScriptAsRawText(ScriptEngine.java:119)
	at com.kms.katalon.core.main.TestCaseExecutor.runScript(TestCaseExecutor.java:337)
	at com.kms.katalon.core.main.TestCaseExecutor.doExecute(TestCaseExecutor.java:328)
	at com.kms.katalon.core.main.TestCaseExecutor.processExecutionPhase(TestCaseExecutor.java:307)
	at com.kms.katalon.core.main.TestCaseExecutor.accessMainPhase(TestCaseExecutor.java:299)
	at com.kms.katalon.core.main.TestCaseExecutor.execute(TestCaseExecutor.java:233)
	at com.kms.katalon.core.main.TestSuiteExecutor.accessTestCaseMainPhase(TestSuiteExecutor.java:169)
	at com.kms.katalon.core.main.TestSuiteExecutor.accessTestSuiteMainPhase(TestSuiteExecutor.java:142)
	at com.kms.katalon.core.main.TestSuiteExecutor.execute(TestSuiteExecutor.java:91)
	at com.kms.katalon.core.main.TestCaseMain.startTestSuite(TestCaseMain.java:157)
	at com.kms.katalon.core.main.TestCaseMain$startTestSuite$0.call(Unknown Source)
	at TempTestSuite1583999436637.run(TempTestSuite1583999436637.groovy:36)]]></system-err>
      </testcase>
      <testcase name="Test Cases/Atlas Platform/Data Management/Data Listing/TC_004_Validate_Search_Box_Valid_Text_With_Count" time="13.106" classname="Test Cases/Atlas Platform/Data Management/Data Listing/TC_004_Validate_Search_Box_Valid_Text_With_Count" status="PASSED">
         <system-out><![CDATA[2020-03-12 13:21:50 - [TEST_CASE][PASSED] - Test Cases/Atlas Platform/Data Management/Data Listing/TC_004_Validate_Search_Box_Valid_Text_With_Count: Test Cases/Atlas Platform/Data Management/Data Listing/TC_004_Validate_Search_Box_Valid_Text_With_Count

2020-03-12 13:21:50 - [TEST_STEP][NOT_RUN] - callTestCase(findTestCase("Atlas Platform/Platform Navigation/Login/LoginWithRootAdmin"), ["user_Email":"navaraj@totient.co.in", "user_Password":"Totient@123"], CONTINUE_ON_FAILURE): NOT_RUN: callTestCase(findTestCase("Atlas Platform/Platform Navigation/Login/LoginWithRootAdmin"), ["user_Email":"navaraj@totient.co.in", "user_Password":"Totient@123"], CONTINUE_ON_FAILURE)

2020-03-12 13:21:50 - [MESSAGE][NOT_RUN] - NOT_RUN: callTestCase(findTestCase("Atlas Platform/Platform Navigation/Login/LoginWithRootAdmin"), ["user_Email":"navaraj@totient.co.in", "user_Password":"Totient@123"], CONTINUE_ON_FAILURE)

2020-03-12 13:21:50 - [TEST_STEP][PASSED] - click(findTestObject("HeaderMenus/audiencemenu")): Object: 'Object Repository/HeaderMenus/audiencemenu' is clicked on

2020-03-12 13:21:51 - [MESSAGE][PASSED] - Object: 'Object Repository/HeaderMenus/audiencemenu' is clicked on

2020-03-12 13:21:51 - [TEST_STEP][PASSED] - refresh(): Refresh successfully

2020-03-12 13:21:54 - [MESSAGE][PASSED] - Refresh successfully

2020-03-12 13:21:54 - [TEST_STEP][PASSED] - click(findTestObject("Login_Page/Dashboard/Data Sub-Navigation/div_Data Source")): Object: 'Object Repository/Login_Page/Dashboard/Data Sub-Navigation/div_Data Source' is clicked on

2020-03-12 13:21:54 - [MESSAGE][PASSED] - Object: 'Object Repository/Login_Page/Dashboard/Data Sub-Navigation/div_Data Source' is clicked on

2020-03-12 13:21:54 - [TEST_STEP][PASSED] - beforefilterapplytot = getText(findTestObject("Object Repository/AUDIENCE/Data Source/total_count")): Text of object 'Object Repository/AUDIENCE/Data Source/total_count' is: '(13)'

2020-03-12 13:21:55 - [MESSAGE][PASSED] - Text of object 'Object Repository/AUDIENCE/Data Source/total_count' is: '(13)'

2020-03-12 13:21:55 - [TEST_STEP][PASSED] - beforetotal = Integer.parseInt(replace(")", "").trim()): null

2020-03-12 13:21:55 - [TEST_STEP][PASSED] - setText(findTestObject("Object Repository/AUDIENCE/Data Source/search_box"), "Test" + ENTER): Text 'ENTER + Test' is set on object 'Object Repository/AUDIENCE/Data Source/search_box'

2020-03-12 13:21:56 - [MESSAGE][PASSED] - Text 'ENTER + Test' is set on object 'Object Repository/AUDIENCE/Data Source/search_box'

2020-03-12 13:21:56 - [TEST_STEP][PASSED] - delay(3): Delayed 3 second(s)

2020-03-12 13:21:59 - [MESSAGE][PASSED] - Delayed 3 second(s)

2020-03-12 13:21:59 - [TEST_STEP][PASSED] - text = getText(findTestObject("CONTENT/Image_Listing/showingtextforpagination")): Text of object 'Object Repository/CONTENT/Image_Listing/showingtextforpagination' is: 'Showing 1-10 of 10 Data Source(s)'

2020-03-12 13:21:59 - [MESSAGE][PASSED] - Text of object 'Object Repository/CONTENT/Image_Listing/showingtextforpagination' is: 'Showing 1-10 of 10 Data Source(s)'

2020-03-12 13:21:59 - [TEST_STEP][PASSED] - resultfound_count = Integer.parseInt(split(" ")[1].trim()): null

2020-03-12 13:21:59 - [TEST_STEP][PASSED] - elements = findWebElements(findTestObject("AUDIENCE/Data Source/column1_values"), 0): Timeout '0' is invalid. Using default page load timeout: '230'

2020-03-12 13:21:59 - [MESSAGE][WARNING] - Timeout '0' is invalid. Using default page load timeout: '230'

2020-03-12 13:21:59 - [TEST_STEP][PASSED] - pageValueCount = elements.size(): null

2020-03-12 13:21:59 - [TEST_STEP][PASSED] - if (resultfound_count > 10): null

2020-03-12 13:21:59 - [TEST_STEP][PASSED] - verifyEqual(resultfound_count, pageValueCount): Actual object '10' and expected object '10' are equal

2020-03-12 13:21:59 - [MESSAGE][PASSED] - Actual object '10' and expected object '10' are equal

2020-03-12 13:21:59 - [TEST_STEP][PASSED] - click(findTestObject("AUDIENCE/Data Source/search_closeicon")): Object: 'Object Repository/AUDIENCE/Data Source/search_closeicon' is clicked on

2020-03-12 13:22:00 - [MESSAGE][PASSED] - Object: 'Object Repository/AUDIENCE/Data Source/search_closeicon' is clicked on

2020-03-12 13:22:00 - [TEST_STEP][PASSED] - afterfilterapplytot = getText(findTestObject("Object Repository/AUDIENCE/Data Source/total_count")): Text of object 'Object Repository/AUDIENCE/Data Source/total_count' is: '(13)'

2020-03-12 13:22:01 - [MESSAGE][PASSED] - Text of object 'Object Repository/AUDIENCE/Data Source/total_count' is: '(13)'

2020-03-12 13:22:01 - [TEST_STEP][PASSED] - aftertotal = Integer.parseInt(replace(")", "").trim()): null

2020-03-12 13:22:01 - [TEST_STEP][PASSED] - verifyEqual(aftertotal, beforetotal): Actual object '13' and expected object '13' are equal

2020-03-12 13:22:01 - [MESSAGE][PASSED] - Actual object '13' and expected object '13' are equal

2020-03-12 13:22:01 - [TEST_STEP][PASSED] - Start listener action : sampleAfterTestCase: null

2020-03-12 13:22:01 - [TEST_STEP][PASSED] - println(testCaseContext.getTestCaseId()): null

2020-03-12 13:22:01 - [TEST_STEP][PASSED] - println(testCaseContext.getTestCaseStatus()): null

2020-03-12 13:22:01 - [TEST_STEP][PASSED] - println("On Failure Method is Calling : " + testCaseContext.getTestCaseStatus()): null

2020-03-12 13:22:01 - [TEST_STEP][PASSED] - if (!(getTestCaseStatus().equalsIgnoreCase("PASSED"))): null]]></system-out>
         <system-err><![CDATA[]]></system-err>
      </testcase>
      <testcase name="Test Cases/Atlas Platform/Data Management/Data Listing/TC_005_Validate_Search_Box_Invalid_Text_With_Count" time="12.934" classname="Test Cases/Atlas Platform/Data Management/Data Listing/TC_005_Validate_Search_Box_Invalid_Text_With_Count" status="PASSED">
         <system-out><![CDATA[2020-03-12 13:22:03 - [TEST_CASE][PASSED] - Test Cases/Atlas Platform/Data Management/Data Listing/TC_005_Validate_Search_Box_Invalid_Text_With_Count: Test Cases/Atlas Platform/Data Management/Data Listing/TC_005_Validate_Search_Box_Invalid_Text_With_Count

2020-03-12 13:22:03 - [TEST_STEP][NOT_RUN] - callTestCase(findTestCase("Atlas Platform/Platform Navigation/Login/LoginWithRootAdmin"), ["user_Email":"navaraj@totient.co.in", "user_Password":"Totient@123"], CONTINUE_ON_FAILURE): NOT_RUN: callTestCase(findTestCase("Atlas Platform/Platform Navigation/Login/LoginWithRootAdmin"), ["user_Email":"navaraj@totient.co.in", "user_Password":"Totient@123"], CONTINUE_ON_FAILURE)

2020-03-12 13:22:03 - [MESSAGE][NOT_RUN] - NOT_RUN: callTestCase(findTestCase("Atlas Platform/Platform Navigation/Login/LoginWithRootAdmin"), ["user_Email":"navaraj@totient.co.in", "user_Password":"Totient@123"], CONTINUE_ON_FAILURE)

2020-03-12 13:22:03 - [TEST_STEP][PASSED] - click(findTestObject("HeaderMenus/audiencemenu")): Object: 'Object Repository/HeaderMenus/audiencemenu' is clicked on

2020-03-12 13:22:04 - [MESSAGE][PASSED] - Object: 'Object Repository/HeaderMenus/audiencemenu' is clicked on

2020-03-12 13:22:04 - [TEST_STEP][PASSED] - refresh(): Refresh successfully

2020-03-12 13:22:06 - [MESSAGE][PASSED] - Refresh successfully

2020-03-12 13:22:06 - [TEST_STEP][PASSED] - click(findTestObject("Login_Page/Dashboard/Data Sub-Navigation/div_Data Source")): Object: 'Object Repository/Login_Page/Dashboard/Data Sub-Navigation/div_Data Source' is clicked on

2020-03-12 13:22:07 - [MESSAGE][PASSED] - Object: 'Object Repository/Login_Page/Dashboard/Data Sub-Navigation/div_Data Source' is clicked on

2020-03-12 13:22:07 - [TEST_STEP][PASSED] - beforefilterapplytot = getText(findTestObject("Object Repository/AUDIENCE/Data Source/total_count")): Text of object 'Object Repository/AUDIENCE/Data Source/total_count' is: '(13)'

2020-03-12 13:22:07 - [MESSAGE][PASSED] - Text of object 'Object Repository/AUDIENCE/Data Source/total_count' is: '(13)'

2020-03-12 13:22:07 - [TEST_STEP][PASSED] - beforetotal = Integer.parseInt(replace(")", "").trim()): null

2020-03-12 13:22:07 - [TEST_STEP][PASSED] - setText(findTestObject("Object Repository/AUDIENCE/Data Source/search_box"), "Sameee" + ENTER): Text 'ENTER + Sameee' is set on object 'Object Repository/AUDIENCE/Data Source/search_box'

2020-03-12 13:22:08 - [MESSAGE][PASSED] - Text 'ENTER + Sameee' is set on object 'Object Repository/AUDIENCE/Data Source/search_box'

2020-03-12 13:22:08 - [TEST_STEP][PASSED] - text = getText(findTestObject("CONTENT/Image_Listing/showingtextforpagination")): Text of object 'Object Repository/CONTENT/Image_Listing/showingtextforpagination' is: 'Showing 0 of 0 Data Source(s)'

2020-03-12 13:22:09 - [MESSAGE][PASSED] - Text of object 'Object Repository/CONTENT/Image_Listing/showingtextforpagination' is: 'Showing 0 of 0 Data Source(s)'

2020-03-12 13:22:09 - [TEST_STEP][PASSED] - delay(3): Delayed 3 second(s)

2020-03-12 13:22:12 - [MESSAGE][PASSED] - Delayed 3 second(s)

2020-03-12 13:22:12 - [TEST_STEP][PASSED] - resultfound_count = Integer.parseInt(split(" ")[1].trim()): null

2020-03-12 13:22:12 - [TEST_STEP][PASSED] - verifyEqual(resultfound_count, 0): Actual object '0' and expected object '0' are equal

2020-03-12 13:22:12 - [MESSAGE][PASSED] - Actual object '0' and expected object '0' are equal

2020-03-12 13:22:12 - [TEST_STEP][PASSED] - click(findTestObject("AUDIENCE/Data Source/search_closeicon")): Object: 'Object Repository/AUDIENCE/Data Source/search_closeicon' is clicked on

2020-03-12 13:22:13 - [MESSAGE][PASSED] - Object: 'Object Repository/AUDIENCE/Data Source/search_closeicon' is clicked on

2020-03-12 13:22:13 - [TEST_STEP][PASSED] - afterfilterapplytot = getText(findTestObject("Object Repository/AUDIENCE/Data Source/total_count")): Text of object 'Object Repository/AUDIENCE/Data Source/total_count' is: '(13)'

2020-03-12 13:22:14 - [MESSAGE][PASSED] - Text of object 'Object Repository/AUDIENCE/Data Source/total_count' is: '(13)'

2020-03-12 13:22:14 - [TEST_STEP][PASSED] - aftertotal = Integer.parseInt(replace(")", "").trim()): null

2020-03-12 13:22:14 - [TEST_STEP][PASSED] - verifyEqual(aftertotal, beforetotal): Actual object '13' and expected object '13' are equal

2020-03-12 13:22:14 - [MESSAGE][PASSED] - Actual object '13' and expected object '13' are equal

2020-03-12 13:22:14 - [TEST_STEP][PASSED] - Start listener action : sampleAfterTestCase: null

2020-03-12 13:22:14 - [TEST_STEP][PASSED] - println(testCaseContext.getTestCaseId()): null

2020-03-12 13:22:14 - [TEST_STEP][PASSED] - println(testCaseContext.getTestCaseStatus()): null

2020-03-12 13:22:14 - [TEST_STEP][PASSED] - println("On Failure Method is Calling : " + testCaseContext.getTestCaseStatus()): null

2020-03-12 13:22:14 - [TEST_STEP][PASSED] - if (!(getTestCaseStatus().equalsIgnoreCase("PASSED"))): null]]></system-out>
         <system-err><![CDATA[]]></system-err>
      </testcase>
      <testcase name="Test Cases/Atlas Platform/Data Management/Data Listing/TC_007_Verify_DataSource_Column_Sorting_Order" time="29.286" classname="Test Cases/Atlas Platform/Data Management/Data Listing/TC_007_Verify_DataSource_Column_Sorting_Order" status="PASSED">
         <system-out><![CDATA[2020-03-12 13:22:16 - [TEST_CASE][PASSED] - Test Cases/Atlas Platform/Data Management/Data Listing/TC_007_Verify_DataSource_Column_Sorting_Order: Test Cases/Atlas Platform/Data Management/Data Listing/TC_007_Verify_DataSource_Column_Sorting_Order

2020-03-12 13:22:16 - [TEST_STEP][NOT_RUN] - callTestCase(findTestCase("Atlas Platform/Platform Navigation/Login/LoginWithRootAdmin"), ["user_Email":"navaraj@totient.co.in", "user_Password":"Totient@123"], CONTINUE_ON_FAILURE): NOT_RUN: callTestCase(findTestCase("Atlas Platform/Platform Navigation/Login/LoginWithRootAdmin"), ["user_Email":"navaraj@totient.co.in", "user_Password":"Totient@123"], CONTINUE_ON_FAILURE)

2020-03-12 13:22:16 - [MESSAGE][NOT_RUN] - NOT_RUN: callTestCase(findTestCase("Atlas Platform/Platform Navigation/Login/LoginWithRootAdmin"), ["user_Email":"navaraj@totient.co.in", "user_Password":"Totient@123"], CONTINUE_ON_FAILURE)

2020-03-12 13:22:16 - [TEST_STEP][PASSED] - refresh(): Refresh successfully

2020-03-12 13:22:18 - [MESSAGE][PASSED] - Refresh successfully

2020-03-12 13:22:18 - [TEST_STEP][PASSED] - click(findTestObject("HeaderMenus/audiencemenu")): Object: 'Object Repository/HeaderMenus/audiencemenu' is clicked on

2020-03-12 13:22:19 - [MESSAGE][PASSED] - Object: 'Object Repository/HeaderMenus/audiencemenu' is clicked on

2020-03-12 13:22:19 - [TEST_STEP][PASSED] - delay(3): Delayed 3 second(s)

2020-03-12 13:22:22 - [MESSAGE][PASSED] - Delayed 3 second(s)

2020-03-12 13:22:22 - [TEST_STEP][PASSED] - click(findTestObject("Login_Page/Dashboard/Data Sub-Navigation/div_Data Source")): Object: 'Object Repository/Login_Page/Dashboard/Data Sub-Navigation/div_Data Source' is clicked on

2020-03-12 13:22:23 - [MESSAGE][PASSED] - Object: 'Object Repository/Login_Page/Dashboard/Data Sub-Navigation/div_Data Source' is clicked on

2020-03-12 13:22:23 - [TEST_STEP][PASSED] - totalText = getText(findTestObject("AUDIENCE/Data Source/total_count")): Text of object 'Object Repository/AUDIENCE/Data Source/total_count' is: '(13)'

2020-03-12 13:22:23 - [MESSAGE][PASSED] - Text of object 'Object Repository/AUDIENCE/Data Source/total_count' is: '(13)'

2020-03-12 13:22:23 - [TEST_STEP][PASSED] - click(findTestObject("AUDIENCE/Data Source/dataSource_Column_Name")): Object: 'Object Repository/AUDIENCE/Data Source/dataSource_Column_Name' is clicked on

2020-03-12 13:22:24 - [MESSAGE][PASSED] - Object: 'Object Repository/AUDIENCE/Data Source/dataSource_Column_Name' is clicked on

2020-03-12 13:22:24 - [TEST_STEP][PASSED] - click(findTestObject("AUDIENCE/Data Source/dataSource_Column_Name")): Object: 'Object Repository/AUDIENCE/Data Source/dataSource_Column_Name' is clicked on

2020-03-12 13:22:25 - [MESSAGE][PASSED] - Object: 'Object Repository/AUDIENCE/Data Source/dataSource_Column_Name' is clicked on

2020-03-12 13:22:25 - [TEST_STEP][PASSED] - total = Integer.parseInt(replace(")", "").trim()): null

2020-03-12 13:22:25 - [TEST_STEP][PASSED] - pageValueCount = 0: null

2020-03-12 13:22:25 - [TEST_STEP][PASSED] - dataSourceTextValues = new java.util.ArrayList(): null

2020-03-12 13:22:25 - [TEST_STEP][PASSED] - totalOfPaginationCount = getText(findTestObject("AUDIENCE/Data Source/no_pagination_With_Count")): Text of object 'Object Repository/AUDIENCE/Data Source/no_pagination_With_Count' is: 'Showing 1-10 of 13 Data Source(s)'

2020-03-12 13:22:26 - [MESSAGE][PASSED] - Text of object 'Object Repository/AUDIENCE/Data Source/no_pagination_With_Count' is: 'Showing 1-10 of 13 Data Source(s)'

2020-03-12 13:22:26 - [TEST_STEP][PASSED] - if (!(totalOfPaginationCount.equalsIgnoreCase("Showing 0 of 0 Images"))): Timeout '0' is invalid. Using default page load timeout: '230'

2020-03-12 13:22:26 - [TEST_STEP][PASSED] - elements = findWebElements(findTestObject("AUDIENCE/Data Source/column1_values"), 0): Timeout '0' is invalid. Using default page load timeout: '230'

2020-03-12 13:22:26 - [MESSAGE][WARNING] - Timeout '0' is invalid. Using default page load timeout: '230'

2020-03-12 13:22:26 - [TEST_STEP][PASSED] - if (total > 10): Timeout '0' is invalid. Using default page load timeout: '230'

2020-03-12 13:22:26 - [TEST_STEP][PASSED] - while (total != pageValueCount): Timeout '0' is invalid. Using default page load timeout: '230'

2020-03-12 13:22:26 - [TEST_STEP][PASSED] - for (org.openqa.selenium.WebElement ele : elements): null

2020-03-12 13:22:26 - [TEST_STEP][PASSED] - dataSourceTextValues.add(getText().toLowerCase()): null

2020-03-12 13:22:26 - [TEST_STEP][PASSED] - dataSourceTextValues.add(getText().toLowerCase()): null

2020-03-12 13:22:26 - [TEST_STEP][PASSED] - dataSourceTextValues.add(getText().toLowerCase()): null

2020-03-12 13:22:26 - [TEST_STEP][PASSED] - dataSourceTextValues.add(getText().toLowerCase()): null

2020-03-12 13:22:26 - [TEST_STEP][PASSED] - dataSourceTextValues.add(getText().toLowerCase()): null

2020-03-12 13:22:26 - [TEST_STEP][PASSED] - dataSourceTextValues.add(getText().toLowerCase()): null

2020-03-12 13:22:26 - [TEST_STEP][PASSED] - dataSourceTextValues.add(getText().toLowerCase()): null

2020-03-12 13:22:26 - [TEST_STEP][PASSED] - dataSourceTextValues.add(getText().toLowerCase()): null

2020-03-12 13:22:26 - [TEST_STEP][PASSED] - dataSourceTextValues.add(getText().toLowerCase()): null

2020-03-12 13:22:26 - [TEST_STEP][PASSED] - dataSourceTextValues.add(getText().toLowerCase()): null

2020-03-12 13:22:27 - [TEST_STEP][PASSED] - pageValueCount += elements.size(): null

2020-03-12 13:22:27 - [TEST_STEP][PASSED] - click(findTestObject("AUDIENCE/Data Source/next")): Object: 'Object Repository/AUDIENCE/Data Source/next' is clicked on

2020-03-12 13:22:27 - [MESSAGE][PASSED] - Object: 'Object Repository/AUDIENCE/Data Source/next' is clicked on

2020-03-12 13:22:27 - [TEST_STEP][PASSED] - elements = findWebElements(findTestObject("AUDIENCE/Data Source/column1_values"), 0): Timeout '0' is invalid. Using default page load timeout: '230'

2020-03-12 13:22:27 - [MESSAGE][WARNING] - Timeout '0' is invalid. Using default page load timeout: '230'

2020-03-12 13:22:28 - [TEST_STEP][PASSED] - for (org.openqa.selenium.WebElement ele : elements): null

2020-03-12 13:22:28 - [TEST_STEP][PASSED] - dataSourceTextValues.add(getText().toLowerCase()): null

2020-03-12 13:22:28 - [TEST_STEP][PASSED] - dataSourceTextValues.add(getText().toLowerCase()): null

2020-03-12 13:22:28 - [TEST_STEP][PASSED] - dataSourceTextValues.add(getText().toLowerCase()): null

2020-03-12 13:22:28 - [TEST_STEP][PASSED] - pageValueCount += elements.size(): null

2020-03-12 13:22:28 - [TEST_STEP][PASSED] - click(findTestObject("AUDIENCE/Data Source/next")): Object: 'Object Repository/AUDIENCE/Data Source/next' is clicked on

2020-03-12 13:22:31 - [MESSAGE][PASSED] - Object: 'Object Repository/AUDIENCE/Data Source/next' is clicked on

2020-03-12 13:22:31 - [TEST_STEP][PASSED] - elements = findWebElements(findTestObject("AUDIENCE/Data Source/column1_values"), 0): Timeout '0' is invalid. Using default page load timeout: '230'

2020-03-12 13:22:31 - [MESSAGE][WARNING] - Timeout '0' is invalid. Using default page load timeout: '230'

2020-03-12 13:22:31 - [TEST_STEP][PASSED] - isAsc = web.CustomKeyword.checkListAscendingOrder(dataSourceTextValues): web.CustomKeyword.checkListAscendingOrder is PASSED

2020-03-12 13:22:31 - [MESSAGE][PASSED] - web.CustomKeyword.checkListAscendingOrder is PASSED

2020-03-12 13:22:31 - [TEST_STEP][PASSED] - verifyEqual(isAsc, true): Actual object 'true' and expected object 'true' are equal

2020-03-12 13:22:31 - [MESSAGE][PASSED] - Actual object 'true' and expected object 'true' are equal

2020-03-12 13:22:31 - [TEST_STEP][PASSED] - click(findTestObject("HeaderMenus/adminmenu")): Object: 'Object Repository/HeaderMenus/adminmenu' is clicked on

2020-03-12 13:22:32 - [MESSAGE][PASSED] - Object: 'Object Repository/HeaderMenus/adminmenu' is clicked on

2020-03-12 13:22:32 - [TEST_STEP][PASSED] - click(findTestObject("HeaderMenus/audiencemenu")): Object: 'Object Repository/HeaderMenus/audiencemenu' is clicked on

2020-03-12 13:22:33 - [MESSAGE][PASSED] - Object: 'Object Repository/HeaderMenus/audiencemenu' is clicked on

2020-03-12 13:22:33 - [TEST_STEP][PASSED] - click(findTestObject("AUDIENCE/Data Source/dataSource_Column_Name")): Object: 'Object Repository/AUDIENCE/Data Source/dataSource_Column_Name' is clicked on

2020-03-12 13:22:35 - [MESSAGE][PASSED] - Object: 'Object Repository/AUDIENCE/Data Source/dataSource_Column_Name' is clicked on

2020-03-12 13:22:35 - [TEST_STEP][PASSED] - delay(3): Delayed 3 second(s)

2020-03-12 13:22:38 - [MESSAGE][PASSED] - Delayed 3 second(s)

2020-03-12 13:22:38 - [TEST_STEP][PASSED] - dataSourceTextValuesWithDesc = new java.util.ArrayList(): null

2020-03-12 13:22:38 - [TEST_STEP][PASSED] - pageValueCount1 = 0: null

2020-03-12 13:22:38 - [TEST_STEP][PASSED] - if (!(totalOfPaginationCount.equalsIgnoreCase("Showing 0 of 0 Images"))): Timeout '0' is invalid. Using default page load timeout: '230'

2020-03-12 13:22:38 - [TEST_STEP][PASSED] - elements1 = findWebElements(findTestObject("AUDIENCE/Data Source/column1_values"), 0): Timeout '0' is invalid. Using default page load timeout: '230'

2020-03-12 13:22:38 - [MESSAGE][WARNING] - Timeout '0' is invalid. Using default page load timeout: '230'

2020-03-12 13:22:38 - [TEST_STEP][PASSED] - if (total > 10): Timeout '0' is invalid. Using default page load timeout: '230'

2020-03-12 13:22:38 - [TEST_STEP][PASSED] - while (total != pageValueCount1): Timeout '0' is invalid. Using default page load timeout: '230'

2020-03-12 13:22:38 - [TEST_STEP][PASSED] - for (org.openqa.selenium.WebElement ele1 : elements1): null

2020-03-12 13:22:38 - [TEST_STEP][PASSED] - dataSourceTextValuesWithDesc.add(getText().toLowerCase()): null

2020-03-12 13:22:38 - [TEST_STEP][PASSED] - dataSourceTextValuesWithDesc.add(getText().toLowerCase()): null

2020-03-12 13:22:38 - [TEST_STEP][PASSED] - dataSourceTextValuesWithDesc.add(getText().toLowerCase()): null

2020-03-12 13:22:38 - [TEST_STEP][PASSED] - dataSourceTextValuesWithDesc.add(getText().toLowerCase()): null

2020-03-12 13:22:38 - [TEST_STEP][PASSED] - dataSourceTextValuesWithDesc.add(getText().toLowerCase()): null

2020-03-12 13:22:38 - [TEST_STEP][PASSED] - dataSourceTextValuesWithDesc.add(getText().toLowerCase()): null

2020-03-12 13:22:38 - [TEST_STEP][PASSED] - dataSourceTextValuesWithDesc.add(getText().toLowerCase()): null

2020-03-12 13:22:38 - [TEST_STEP][PASSED] - dataSourceTextValuesWithDesc.add(getText().toLowerCase()): null

2020-03-12 13:22:38 - [TEST_STEP][PASSED] - dataSourceTextValuesWithDesc.add(getText().toLowerCase()): null

2020-03-12 13:22:38 - [TEST_STEP][PASSED] - dataSourceTextValuesWithDesc.add(getText().toLowerCase()): null

2020-03-12 13:22:38 - [TEST_STEP][PASSED] - pageValueCount1 += elements1.size(): null

2020-03-12 13:22:38 - [TEST_STEP][PASSED] - click(findTestObject("AUDIENCE/Data Source/next")): Object: 'Object Repository/AUDIENCE/Data Source/next' is clicked on

2020-03-12 13:22:39 - [MESSAGE][PASSED] - Object: 'Object Repository/AUDIENCE/Data Source/next' is clicked on

2020-03-12 13:22:39 - [TEST_STEP][PASSED] - elements1 = findWebElements(findTestObject("AUDIENCE/Data Source/column1_values"), 0): Timeout '0' is invalid. Using default page load timeout: '230'

2020-03-12 13:22:39 - [MESSAGE][WARNING] - Timeout '0' is invalid. Using default page load timeout: '230'

2020-03-12 13:22:40 - [TEST_STEP][PASSED] - for (org.openqa.selenium.WebElement ele1 : elements1): null

2020-03-12 13:22:40 - [TEST_STEP][PASSED] - dataSourceTextValuesWithDesc.add(getText().toLowerCase()): null

2020-03-12 13:22:40 - [TEST_STEP][PASSED] - dataSourceTextValuesWithDesc.add(getText().toLowerCase()): null

2020-03-12 13:22:40 - [TEST_STEP][PASSED] - dataSourceTextValuesWithDesc.add(getText().toLowerCase()): null

2020-03-12 13:22:40 - [TEST_STEP][PASSED] - pageValueCount1 += elements1.size(): null

2020-03-12 13:22:40 - [TEST_STEP][PASSED] - click(findTestObject("AUDIENCE/Data Source/next")): Object: 'Object Repository/AUDIENCE/Data Source/next' is clicked on

2020-03-12 13:22:43 - [MESSAGE][PASSED] - Object: 'Object Repository/AUDIENCE/Data Source/next' is clicked on

2020-03-12 13:22:43 - [TEST_STEP][PASSED] - elements1 = findWebElements(findTestObject("AUDIENCE/Data Source/column1_values"), 0): Timeout '0' is invalid. Using default page load timeout: '230'

2020-03-12 13:22:43 - [MESSAGE][WARNING] - Timeout '0' is invalid. Using default page load timeout: '230'

2020-03-12 13:22:43 - [TEST_STEP][PASSED] - isdesc = web.CustomKeyword.checkListDescendingOrder(dataSourceTextValues, dataSourceTextValuesWithDesc): web.CustomKeyword.checkListDescendingOrder is PASSED

2020-03-12 13:22:43 - [MESSAGE][PASSED] - web.CustomKeyword.checkListDescendingOrder is PASSED

2020-03-12 13:22:43 - [TEST_STEP][PASSED] - verifyEqual(isdesc, true): Actual object 'true' and expected object 'true' are equal

2020-03-12 13:22:43 - [MESSAGE][PASSED] - Actual object 'true' and expected object 'true' are equal

2020-03-12 13:22:43 - [TEST_STEP][PASSED] - Start listener action : sampleAfterTestCase: null

2020-03-12 13:22:43 - [TEST_STEP][PASSED] - println(testCaseContext.getTestCaseId()): null

2020-03-12 13:22:43 - [TEST_STEP][PASSED] - println(testCaseContext.getTestCaseStatus()): null

2020-03-12 13:22:43 - [TEST_STEP][PASSED] - println("On Failure Method is Calling : " + testCaseContext.getTestCaseStatus()): null

2020-03-12 13:22:43 - [TEST_STEP][PASSED] - if (!(getTestCaseStatus().equalsIgnoreCase("PASSED"))): null]]></system-out>
         <system-err><![CDATA[]]></system-err>
      </testcase>
      <testcase name="Test Cases/Atlas Platform/Data Management/Data Listing/TC_008_Verify_Count_Column_Sorting_Order" time="27.277" classname="Test Cases/Atlas Platform/Data Management/Data Listing/TC_008_Verify_Count_Column_Sorting_Order" status="PASSED">
         <system-out><![CDATA[2020-03-12 13:22:45 - [TEST_CASE][PASSED] - Test Cases/Atlas Platform/Data Management/Data Listing/TC_008_Verify_Count_Column_Sorting_Order: Test Cases/Atlas Platform/Data Management/Data Listing/TC_008_Verify_Count_Column_Sorting_Order

2020-03-12 13:22:46 - [TEST_STEP][NOT_RUN] - callTestCase(findTestCase("Atlas Platform/Platform Navigation/Login/LoginWithRootAdmin"), ["user_Email":"navaraj@totient.co.in", "user_Password":"Totient@123"], CONTINUE_ON_FAILURE): NOT_RUN: callTestCase(findTestCase("Atlas Platform/Platform Navigation/Login/LoginWithRootAdmin"), ["user_Email":"navaraj@totient.co.in", "user_Password":"Totient@123"], CONTINUE_ON_FAILURE)

2020-03-12 13:22:46 - [MESSAGE][NOT_RUN] - NOT_RUN: callTestCase(findTestCase("Atlas Platform/Platform Navigation/Login/LoginWithRootAdmin"), ["user_Email":"navaraj@totient.co.in", "user_Password":"Totient@123"], CONTINUE_ON_FAILURE)

2020-03-12 13:22:46 - [TEST_STEP][PASSED] - refresh(): Refresh successfully

2020-03-12 13:22:48 - [MESSAGE][PASSED] - Refresh successfully

2020-03-12 13:22:48 - [TEST_STEP][PASSED] - click(findTestObject("HeaderMenus/audiencemenu")): Object: 'Object Repository/HeaderMenus/audiencemenu' is clicked on

2020-03-12 13:22:49 - [MESSAGE][PASSED] - Object: 'Object Repository/HeaderMenus/audiencemenu' is clicked on

2020-03-12 13:22:49 - [TEST_STEP][PASSED] - click(findTestObject("Login_Page/Dashboard/Data Sub-Navigation/div_Data Source")): Object: 'Object Repository/Login_Page/Dashboard/Data Sub-Navigation/div_Data Source' is clicked on

2020-03-12 13:22:50 - [MESSAGE][PASSED] - Object: 'Object Repository/Login_Page/Dashboard/Data Sub-Navigation/div_Data Source' is clicked on

2020-03-12 13:22:50 - [TEST_STEP][PASSED] - totalText = getText(findTestObject("AUDIENCE/Data Source/total_count")): Text of object 'Object Repository/AUDIENCE/Data Source/total_count' is: '(13)'

2020-03-12 13:22:51 - [MESSAGE][PASSED] - Text of object 'Object Repository/AUDIENCE/Data Source/total_count' is: '(13)'

2020-03-12 13:22:51 - [TEST_STEP][PASSED] - click(findTestObject("AUDIENCE/Data Source/count_Column_Name")): Object: 'Object Repository/AUDIENCE/Data Source/count_Column_Name' is clicked on

2020-03-12 13:22:51 - [MESSAGE][PASSED] - Object: 'Object Repository/AUDIENCE/Data Source/count_Column_Name' is clicked on

2020-03-12 13:22:51 - [TEST_STEP][PASSED] - click(findTestObject("AUDIENCE/Data Source/count_Column_Name")): Object: 'Object Repository/AUDIENCE/Data Source/count_Column_Name' is clicked on

2020-03-12 13:22:52 - [MESSAGE][PASSED] - Object: 'Object Repository/AUDIENCE/Data Source/count_Column_Name' is clicked on

2020-03-12 13:22:52 - [TEST_STEP][PASSED] - total = Integer.parseInt(replace(")", "").trim()): null

2020-03-12 13:22:52 - [TEST_STEP][PASSED] - pageValueCount = 0: null

2020-03-12 13:22:52 - [TEST_STEP][PASSED] - dataSourceTextValues = new java.util.ArrayList(): null

2020-03-12 13:22:52 - [TEST_STEP][PASSED] - totalOfPaginationCount = getText(findTestObject("AUDIENCE/Data Source/no_pagination_With_Count")): Text of object 'Object Repository/AUDIENCE/Data Source/no_pagination_With_Count' is: 'Showing 1-10 of 13 Data Source(s)'

2020-03-12 13:22:53 - [MESSAGE][PASSED] - Text of object 'Object Repository/AUDIENCE/Data Source/no_pagination_With_Count' is: 'Showing 1-10 of 13 Data Source(s)'

2020-03-12 13:22:53 - [TEST_STEP][PASSED] - if (!(totalOfPaginationCount.equalsIgnoreCase("Showing 0 of 0 Images"))): Timeout '0' is invalid. Using default page load timeout: '230'

2020-03-12 13:22:53 - [TEST_STEP][PASSED] - elements = findWebElements(findTestObject("AUDIENCE/Data Source/count_Column_Values"), 0): Timeout '0' is invalid. Using default page load timeout: '230'

2020-03-12 13:22:53 - [MESSAGE][WARNING] - Timeout '0' is invalid. Using default page load timeout: '230'

2020-03-12 13:22:53 - [TEST_STEP][PASSED] - if (total > 10): Timeout '0' is invalid. Using default page load timeout: '230'

2020-03-12 13:22:53 - [TEST_STEP][PASSED] - while (total != pageValueCount): Timeout '0' is invalid. Using default page load timeout: '230'

2020-03-12 13:22:53 - [TEST_STEP][PASSED] - for (org.openqa.selenium.WebElement ele : elements): null

2020-03-12 13:22:53 - [TEST_STEP][PASSED] - dataSourceTextValues.add(Integer.parseInt(ele.getText())): null

2020-03-12 13:22:53 - [TEST_STEP][PASSED] - dataSourceTextValues.add(Integer.parseInt(ele.getText())): null

2020-03-12 13:22:53 - [TEST_STEP][PASSED] - dataSourceTextValues.add(Integer.parseInt(ele.getText())): null

2020-03-12 13:22:53 - [TEST_STEP][PASSED] - dataSourceTextValues.add(Integer.parseInt(ele.getText())): null

2020-03-12 13:22:53 - [TEST_STEP][PASSED] - dataSourceTextValues.add(Integer.parseInt(ele.getText())): null

2020-03-12 13:22:53 - [TEST_STEP][PASSED] - dataSourceTextValues.add(Integer.parseInt(ele.getText())): null

2020-03-12 13:22:53 - [TEST_STEP][PASSED] - dataSourceTextValues.add(Integer.parseInt(ele.getText())): null

2020-03-12 13:22:53 - [TEST_STEP][PASSED] - dataSourceTextValues.add(Integer.parseInt(ele.getText())): null

2020-03-12 13:22:53 - [TEST_STEP][PASSED] - dataSourceTextValues.add(Integer.parseInt(ele.getText())): null

2020-03-12 13:22:53 - [TEST_STEP][PASSED] - dataSourceTextValues.add(Integer.parseInt(ele.getText())): null

2020-03-12 13:22:53 - [TEST_STEP][PASSED] - click(findTestObject("AUDIENCE/Data Source/next")): Object: 'Object Repository/AUDIENCE/Data Source/next' is clicked on

2020-03-12 13:22:54 - [MESSAGE][PASSED] - Object: 'Object Repository/AUDIENCE/Data Source/next' is clicked on

2020-03-12 13:22:54 - [TEST_STEP][PASSED] - pageValueCount += elements.size(): null

2020-03-12 13:22:54 - [TEST_STEP][PASSED] - elements = findWebElements(findTestObject("AUDIENCE/Data Source/count_Column_Values"), 0): Timeout '0' is invalid. Using default page load timeout: '230'

2020-03-12 13:22:54 - [MESSAGE][WARNING] - Timeout '0' is invalid. Using default page load timeout: '230'

2020-03-12 13:22:55 - [TEST_STEP][PASSED] - for (org.openqa.selenium.WebElement ele : elements): null

2020-03-12 13:22:55 - [TEST_STEP][PASSED] - dataSourceTextValues.add(Integer.parseInt(ele.getText())): null

2020-03-12 13:22:55 - [TEST_STEP][PASSED] - dataSourceTextValues.add(Integer.parseInt(ele.getText())): null

2020-03-12 13:22:55 - [TEST_STEP][PASSED] - dataSourceTextValues.add(Integer.parseInt(ele.getText())): null

2020-03-12 13:22:55 - [TEST_STEP][PASSED] - click(findTestObject("AUDIENCE/Data Source/next")): Object: 'Object Repository/AUDIENCE/Data Source/next' is clicked on

2020-03-12 13:22:58 - [MESSAGE][PASSED] - Object: 'Object Repository/AUDIENCE/Data Source/next' is clicked on

2020-03-12 13:22:58 - [TEST_STEP][PASSED] - pageValueCount += elements.size(): null

2020-03-12 13:22:58 - [TEST_STEP][PASSED] - elements = findWebElements(findTestObject("AUDIENCE/Data Source/count_Column_Values"), 0): Timeout '0' is invalid. Using default page load timeout: '230'

2020-03-12 13:22:58 - [MESSAGE][WARNING] - Timeout '0' is invalid. Using default page load timeout: '230'

2020-03-12 13:22:58 - [TEST_STEP][PASSED] - isAscending = web.CustomKeyword.checkListAscendingOrder(dataSourceTextValues): web.CustomKeyword.checkListAscendingOrder is PASSED

2020-03-12 13:22:58 - [MESSAGE][PASSED] - web.CustomKeyword.checkListAscendingOrder is PASSED

2020-03-12 13:22:58 - [TEST_STEP][PASSED] - verifyEqual(isAscending, true): Actual object 'true' and expected object 'true' are equal

2020-03-12 13:22:58 - [MESSAGE][PASSED] - Actual object 'true' and expected object 'true' are equal

2020-03-12 13:22:58 - [TEST_STEP][PASSED] - click(findTestObject("HeaderMenus/adminmenu")): Object: 'Object Repository/HeaderMenus/adminmenu' is clicked on

2020-03-12 13:22:59 - [MESSAGE][PASSED] - Object: 'Object Repository/HeaderMenus/adminmenu' is clicked on

2020-03-12 13:22:59 - [TEST_STEP][PASSED] - click(findTestObject("HeaderMenus/audiencemenu")): Object: 'Object Repository/HeaderMenus/audiencemenu' is clicked on

2020-03-12 13:23:00 - [MESSAGE][PASSED] - Object: 'Object Repository/HeaderMenus/audiencemenu' is clicked on

2020-03-12 13:23:00 - [TEST_STEP][PASSED] - click(findTestObject("AUDIENCE/Data Source/count_Column_Name")): Object: 'Object Repository/AUDIENCE/Data Source/count_Column_Name' is clicked on

2020-03-12 13:23:02 - [MESSAGE][PASSED] - Object: 'Object Repository/AUDIENCE/Data Source/count_Column_Name' is clicked on

2020-03-12 13:23:02 - [TEST_STEP][PASSED] - delay(3): Delayed 3 second(s)

2020-03-12 13:23:05 - [MESSAGE][PASSED] - Delayed 3 second(s)

2020-03-12 13:23:05 - [TEST_STEP][PASSED] - dataSourceTextValuesWithDesc = new java.util.ArrayList(): null

2020-03-12 13:23:05 - [TEST_STEP][PASSED] - pageValueCount1 = 0: null

2020-03-12 13:23:05 - [TEST_STEP][PASSED] - if (!(totalOfPaginationCount.equalsIgnoreCase("Showing 0 of 0 Images"))): Timeout '0' is invalid. Using default page load timeout: '230'

2020-03-12 13:23:05 - [TEST_STEP][PASSED] - elements1 = findWebElements(findTestObject("AUDIENCE/Data Source/count_Column_Values"), 0): Timeout '0' is invalid. Using default page load timeout: '230'

2020-03-12 13:23:05 - [MESSAGE][WARNING] - Timeout '0' is invalid. Using default page load timeout: '230'

2020-03-12 13:23:05 - [TEST_STEP][PASSED] - if (total > 10): Timeout '0' is invalid. Using default page load timeout: '230'

2020-03-12 13:23:05 - [TEST_STEP][PASSED] - while (total != pageValueCount1): Timeout '0' is invalid. Using default page load timeout: '230'

2020-03-12 13:23:05 - [TEST_STEP][PASSED] - for (org.openqa.selenium.WebElement ele1 : elements1): null

2020-03-12 13:23:05 - [TEST_STEP][PASSED] - dataSourceTextValuesWithDesc.add(Integer.parseInt(ele1.getText())): null

2020-03-12 13:23:05 - [TEST_STEP][PASSED] - dataSourceTextValuesWithDesc.add(Integer.parseInt(ele1.getText())): null

2020-03-12 13:23:05 - [TEST_STEP][PASSED] - dataSourceTextValuesWithDesc.add(Integer.parseInt(ele1.getText())): null

2020-03-12 13:23:05 - [TEST_STEP][PASSED] - dataSourceTextValuesWithDesc.add(Integer.parseInt(ele1.getText())): null

2020-03-12 13:23:05 - [TEST_STEP][PASSED] - dataSourceTextValuesWithDesc.add(Integer.parseInt(ele1.getText())): null

2020-03-12 13:23:05 - [TEST_STEP][PASSED] - dataSourceTextValuesWithDesc.add(Integer.parseInt(ele1.getText())): null

2020-03-12 13:23:05 - [TEST_STEP][PASSED] - dataSourceTextValuesWithDesc.add(Integer.parseInt(ele1.getText())): null

2020-03-12 13:23:05 - [TEST_STEP][PASSED] - dataSourceTextValuesWithDesc.add(Integer.parseInt(ele1.getText())): null

2020-03-12 13:23:06 - [TEST_STEP][PASSED] - dataSourceTextValuesWithDesc.add(Integer.parseInt(ele1.getText())): null

2020-03-12 13:23:06 - [TEST_STEP][PASSED] - dataSourceTextValuesWithDesc.add(Integer.parseInt(ele1.getText())): null

2020-03-12 13:23:06 - [TEST_STEP][PASSED] - pageValueCount1 += elements1.size(): null

2020-03-12 13:23:06 - [TEST_STEP][PASSED] - click(findTestObject("AUDIENCE/Data Source/next")): Object: 'Object Repository/AUDIENCE/Data Source/next' is clicked on

2020-03-12 13:23:06 - [MESSAGE][PASSED] - Object: 'Object Repository/AUDIENCE/Data Source/next' is clicked on

2020-03-12 13:23:06 - [TEST_STEP][PASSED] - elements1 = findWebElements(findTestObject("AUDIENCE/Data Source/count_Column_Values"), 0): Timeout '0' is invalid. Using default page load timeout: '230'

2020-03-12 13:23:06 - [MESSAGE][WARNING] - Timeout '0' is invalid. Using default page load timeout: '230'

2020-03-12 13:23:07 - [TEST_STEP][PASSED] - for (org.openqa.selenium.WebElement ele1 : elements1): null

2020-03-12 13:23:07 - [TEST_STEP][PASSED] - dataSourceTextValuesWithDesc.add(Integer.parseInt(ele1.getText())): null

2020-03-12 13:23:07 - [TEST_STEP][PASSED] - dataSourceTextValuesWithDesc.add(Integer.parseInt(ele1.getText())): null

2020-03-12 13:23:07 - [TEST_STEP][PASSED] - dataSourceTextValuesWithDesc.add(Integer.parseInt(ele1.getText())): null

2020-03-12 13:23:07 - [TEST_STEP][PASSED] - pageValueCount1 += elements1.size(): null

2020-03-12 13:23:07 - [TEST_STEP][PASSED] - click(findTestObject("AUDIENCE/Data Source/next")): Object: 'Object Repository/AUDIENCE/Data Source/next' is clicked on

2020-03-12 13:23:10 - [MESSAGE][PASSED] - Object: 'Object Repository/AUDIENCE/Data Source/next' is clicked on

2020-03-12 13:23:10 - [TEST_STEP][PASSED] - elements1 = findWebElements(findTestObject("AUDIENCE/Data Source/count_Column_Values"), 0): Timeout '0' is invalid. Using default page load timeout: '230'

2020-03-12 13:23:10 - [MESSAGE][WARNING] - Timeout '0' is invalid. Using default page load timeout: '230'

2020-03-12 13:23:10 - [TEST_STEP][PASSED] - isDescending = web.CustomKeyword.checkListDescendingOrder(dataSourceTextValues, dataSourceTextValuesWithDesc): web.CustomKeyword.checkListDescendingOrder is PASSED

2020-03-12 13:23:10 - [MESSAGE][PASSED] - web.CustomKeyword.checkListDescendingOrder is PASSED

2020-03-12 13:23:10 - [TEST_STEP][PASSED] - verifyEqual(isDescending, true): Actual object 'true' and expected object 'true' are equal

2020-03-12 13:23:10 - [MESSAGE][PASSED] - Actual object 'true' and expected object 'true' are equal

2020-03-12 13:23:10 - [TEST_STEP][PASSED] - Start listener action : sampleAfterTestCase: null

2020-03-12 13:23:10 - [TEST_STEP][PASSED] - println(testCaseContext.getTestCaseId()): null

2020-03-12 13:23:10 - [TEST_STEP][PASSED] - println(testCaseContext.getTestCaseStatus()): null

2020-03-12 13:23:10 - [TEST_STEP][PASSED] - println("On Failure Method is Calling : " + testCaseContext.getTestCaseStatus()): null

2020-03-12 13:23:10 - [TEST_STEP][PASSED] - if (!(getTestCaseStatus().equalsIgnoreCase("PASSED"))): null]]></system-out>
         <system-err><![CDATA[]]></system-err>
      </testcase>
      <testcase name="Test Cases/Atlas Platform/Data Management/Data Listing/TC_009_Verify_Status_Column_Sorting_Order" time="28.265" classname="Test Cases/Atlas Platform/Data Management/Data Listing/TC_009_Verify_Status_Column_Sorting_Order" status="PASSED">
         <system-out><![CDATA[2020-03-12 13:23:12 - [TEST_CASE][PASSED] - Test Cases/Atlas Platform/Data Management/Data Listing/TC_009_Verify_Status_Column_Sorting_Order: Test Cases/Atlas Platform/Data Management/Data Listing/TC_009_Verify_Status_Column_Sorting_Order

2020-03-12 13:23:13 - [TEST_STEP][NOT_RUN] - callTestCase(findTestCase("Atlas Platform/Platform Navigation/Login/LoginWithRootAdmin"), ["user_Email":"navaraj@totient.co.in", "user_Password":"Totient@123"], CONTINUE_ON_FAILURE): NOT_RUN: callTestCase(findTestCase("Atlas Platform/Platform Navigation/Login/LoginWithRootAdmin"), ["user_Email":"navaraj@totient.co.in", "user_Password":"Totient@123"], CONTINUE_ON_FAILURE)

2020-03-12 13:23:13 - [MESSAGE][NOT_RUN] - NOT_RUN: callTestCase(findTestCase("Atlas Platform/Platform Navigation/Login/LoginWithRootAdmin"), ["user_Email":"navaraj@totient.co.in", "user_Password":"Totient@123"], CONTINUE_ON_FAILURE)

2020-03-12 13:23:13 - [TEST_STEP][PASSED] - refresh(): Refresh successfully

2020-03-12 13:23:15 - [MESSAGE][PASSED] - Refresh successfully

2020-03-12 13:23:15 - [TEST_STEP][PASSED] - click(findTestObject("HeaderMenus/audiencemenu")): Object: 'Object Repository/HeaderMenus/audiencemenu' is clicked on

2020-03-12 13:23:16 - [MESSAGE][PASSED] - Object: 'Object Repository/HeaderMenus/audiencemenu' is clicked on

2020-03-12 13:23:16 - [TEST_STEP][PASSED] - click(findTestObject("Login_Page/Dashboard/Data Sub-Navigation/div_Data Source")): Object: 'Object Repository/Login_Page/Dashboard/Data Sub-Navigation/div_Data Source' is clicked on

2020-03-12 13:23:17 - [MESSAGE][PASSED] - Object: 'Object Repository/Login_Page/Dashboard/Data Sub-Navigation/div_Data Source' is clicked on

2020-03-12 13:23:17 - [TEST_STEP][PASSED] - totalText = getText(findTestObject("AUDIENCE/Data Source/total_count")): Text of object 'Object Repository/AUDIENCE/Data Source/total_count' is: '(13)'

2020-03-12 13:23:18 - [MESSAGE][PASSED] - Text of object 'Object Repository/AUDIENCE/Data Source/total_count' is: '(13)'

2020-03-12 13:23:18 - [TEST_STEP][PASSED] - click(findTestObject("AUDIENCE/Data Source/status_Column_Name")): Object: 'Object Repository/AUDIENCE/Data Source/status_Column_Name' is clicked on

2020-03-12 13:23:18 - [MESSAGE][PASSED] - Object: 'Object Repository/AUDIENCE/Data Source/status_Column_Name' is clicked on

2020-03-12 13:23:18 - [TEST_STEP][PASSED] - click(findTestObject("AUDIENCE/Data Source/status_Column_Name")): Object: 'Object Repository/AUDIENCE/Data Source/status_Column_Name' is clicked on

2020-03-12 13:23:19 - [MESSAGE][PASSED] - Object: 'Object Repository/AUDIENCE/Data Source/status_Column_Name' is clicked on

2020-03-12 13:23:19 - [TEST_STEP][PASSED] - total = Integer.parseInt(replace(")", "").trim()): null

2020-03-12 13:23:19 - [TEST_STEP][PASSED] - pageValueCount = 0: null

2020-03-12 13:23:19 - [TEST_STEP][PASSED] - dataSourceTextValues = new java.util.ArrayList(): null

2020-03-12 13:23:19 - [TEST_STEP][PASSED] - totalOfPaginationCount = getText(findTestObject("AUDIENCE/Data Source/no_pagination_With_Count")): Text of object 'Object Repository/AUDIENCE/Data Source/no_pagination_With_Count' is: 'Showing 1-10 of 13 Data Source(s)'

2020-03-12 13:23:20 - [MESSAGE][PASSED] - Text of object 'Object Repository/AUDIENCE/Data Source/no_pagination_With_Count' is: 'Showing 1-10 of 13 Data Source(s)'

2020-03-12 13:23:20 - [TEST_STEP][PASSED] - if (!(totalOfPaginationCount.equalsIgnoreCase("Showing 0 of 0 Images"))): Timeout '0' is invalid. Using default page load timeout: '230'

2020-03-12 13:23:20 - [TEST_STEP][PASSED] - elements = findWebElements(findTestObject("AUDIENCE/Data Source/status_column_values"), 0): Timeout '0' is invalid. Using default page load timeout: '230'

2020-03-12 13:23:20 - [MESSAGE][WARNING] - Timeout '0' is invalid. Using default page load timeout: '230'

2020-03-12 13:23:21 - [TEST_STEP][PASSED] - if (total > 10): Timeout '0' is invalid. Using default page load timeout: '230'

2020-03-12 13:23:21 - [TEST_STEP][PASSED] - while (total != pageValueCount): Timeout '0' is invalid. Using default page load timeout: '230'

2020-03-12 13:23:21 - [TEST_STEP][PASSED] - for (org.openqa.selenium.WebElement ele : elements): null

2020-03-12 13:23:21 - [TEST_STEP][PASSED] - dataSourceTextValues.add(ele.getText()): null

2020-03-12 13:23:21 - [TEST_STEP][PASSED] - dataSourceTextValues.add(ele.getText()): null

2020-03-12 13:23:21 - [TEST_STEP][PASSED] - dataSourceTextValues.add(ele.getText()): null

2020-03-12 13:23:21 - [TEST_STEP][PASSED] - dataSourceTextValues.add(ele.getText()): null

2020-03-12 13:23:21 - [TEST_STEP][PASSED] - dataSourceTextValues.add(ele.getText()): null

2020-03-12 13:23:21 - [TEST_STEP][PASSED] - dataSourceTextValues.add(ele.getText()): null

2020-03-12 13:23:21 - [TEST_STEP][PASSED] - dataSourceTextValues.add(ele.getText()): null

2020-03-12 13:23:21 - [TEST_STEP][PASSED] - dataSourceTextValues.add(ele.getText()): null

2020-03-12 13:23:21 - [TEST_STEP][PASSED] - dataSourceTextValues.add(ele.getText()): null

2020-03-12 13:23:21 - [TEST_STEP][PASSED] - dataSourceTextValues.add(ele.getText()): null

2020-03-12 13:23:21 - [TEST_STEP][PASSED] - pageValueCount += elements.size(): null

2020-03-12 13:23:21 - [TEST_STEP][PASSED] - click(findTestObject("AUDIENCE/Data Source/next")): Object: 'Object Repository/AUDIENCE/Data Source/next' is clicked on

2020-03-12 13:23:21 - [MESSAGE][PASSED] - Object: 'Object Repository/AUDIENCE/Data Source/next' is clicked on

2020-03-12 13:23:21 - [TEST_STEP][PASSED] - elements = findWebElements(findTestObject("AUDIENCE/Data Source/status_column_values"), 0): Timeout '0' is invalid. Using default page load timeout: '230'

2020-03-12 13:23:22 - [MESSAGE][WARNING] - Timeout '0' is invalid. Using default page load timeout: '230'

2020-03-12 13:23:22 - [TEST_STEP][PASSED] - for (org.openqa.selenium.WebElement ele : elements): null

2020-03-12 13:23:22 - [TEST_STEP][PASSED] - dataSourceTextValues.add(ele.getText()): null

2020-03-12 13:23:22 - [TEST_STEP][PASSED] - dataSourceTextValues.add(ele.getText()): null

2020-03-12 13:23:22 - [TEST_STEP][PASSED] - dataSourceTextValues.add(ele.getText()): null

2020-03-12 13:23:22 - [TEST_STEP][PASSED] - pageValueCount += elements.size(): null

2020-03-12 13:23:22 - [TEST_STEP][PASSED] - click(findTestObject("AUDIENCE/Data Source/next")): Object: 'Object Repository/AUDIENCE/Data Source/next' is clicked on

2020-03-12 13:23:25 - [MESSAGE][PASSED] - Object: 'Object Repository/AUDIENCE/Data Source/next' is clicked on

2020-03-12 13:23:25 - [TEST_STEP][PASSED] - elements = findWebElements(findTestObject("AUDIENCE/Data Source/status_column_values"), 0): Timeout '0' is invalid. Using default page load timeout: '230'

2020-03-12 13:23:25 - [MESSAGE][WARNING] - Timeout '0' is invalid. Using default page load timeout: '230'

2020-03-12 13:23:25 - [TEST_STEP][PASSED] - isAscending = web.CustomKeyword.checkListAscendingOrder(dataSourceTextValues): web.CustomKeyword.checkListAscendingOrder is PASSED

2020-03-12 13:23:25 - [MESSAGE][PASSED] - web.CustomKeyword.checkListAscendingOrder is PASSED

2020-03-12 13:23:25 - [TEST_STEP][PASSED] - verifyEqual(isAscending, true): Actual object 'true' and expected object 'true' are equal

2020-03-12 13:23:25 - [MESSAGE][PASSED] - Actual object 'true' and expected object 'true' are equal

2020-03-12 13:23:25 - [TEST_STEP][PASSED] - click(findTestObject("HeaderMenus/adminmenu")): Object: 'Object Repository/HeaderMenus/adminmenu' is clicked on

2020-03-12 13:23:26 - [MESSAGE][PASSED] - Object: 'Object Repository/HeaderMenus/adminmenu' is clicked on

2020-03-12 13:23:26 - [TEST_STEP][PASSED] - click(findTestObject("HeaderMenus/audiencemenu")): Object: 'Object Repository/HeaderMenus/audiencemenu' is clicked on

2020-03-12 13:23:28 - [MESSAGE][PASSED] - Object: 'Object Repository/HeaderMenus/audiencemenu' is clicked on

2020-03-12 13:23:28 - [TEST_STEP][PASSED] - click(findTestObject("AUDIENCE/Data Source/status_Column_Name")): Object: 'Object Repository/AUDIENCE/Data Source/status_Column_Name' is clicked on

2020-03-12 13:23:30 - [MESSAGE][PASSED] - Object: 'Object Repository/AUDIENCE/Data Source/status_Column_Name' is clicked on

2020-03-12 13:23:30 - [TEST_STEP][PASSED] - delay(3): Delayed 3 second(s)

2020-03-12 13:23:33 - [MESSAGE][PASSED] - Delayed 3 second(s)

2020-03-12 13:23:33 - [TEST_STEP][PASSED] - dataSourceTextValuesWithDesc = new java.util.ArrayList(): null

2020-03-12 13:23:33 - [TEST_STEP][PASSED] - pageValueCount1 = 0: null

2020-03-12 13:23:33 - [TEST_STEP][PASSED] - if (!(totalOfPaginationCount.equalsIgnoreCase("Showing 0 of 0 Images"))): Timeout '0' is invalid. Using default page load timeout: '230'

2020-03-12 13:23:33 - [TEST_STEP][PASSED] - elements1 = findWebElements(findTestObject("AUDIENCE/Data Source/status_column_values"), 0): Timeout '0' is invalid. Using default page load timeout: '230'

2020-03-12 13:23:33 - [MESSAGE][WARNING] - Timeout '0' is invalid. Using default page load timeout: '230'

2020-03-12 13:23:33 - [TEST_STEP][PASSED] - if (total > 10): Timeout '0' is invalid. Using default page load timeout: '230'

2020-03-12 13:23:33 - [TEST_STEP][PASSED] - while (total != pageValueCount1): Timeout '0' is invalid. Using default page load timeout: '230'

2020-03-12 13:23:33 - [TEST_STEP][PASSED] - for (org.openqa.selenium.WebElement ele1 : elements1): null

2020-03-12 13:23:33 - [TEST_STEP][PASSED] - dataSourceTextValuesWithDesc.add(ele1.getText()): null

2020-03-12 13:23:33 - [TEST_STEP][PASSED] - dataSourceTextValuesWithDesc.add(ele1.getText()): null

2020-03-12 13:23:33 - [TEST_STEP][PASSED] - dataSourceTextValuesWithDesc.add(ele1.getText()): null

2020-03-12 13:23:33 - [TEST_STEP][PASSED] - dataSourceTextValuesWithDesc.add(ele1.getText()): null

2020-03-12 13:23:33 - [TEST_STEP][PASSED] - dataSourceTextValuesWithDesc.add(ele1.getText()): null

2020-03-12 13:23:33 - [TEST_STEP][PASSED] - dataSourceTextValuesWithDesc.add(ele1.getText()): null

2020-03-12 13:23:33 - [TEST_STEP][PASSED] - dataSourceTextValuesWithDesc.add(ele1.getText()): null

2020-03-12 13:23:33 - [TEST_STEP][PASSED] - dataSourceTextValuesWithDesc.add(ele1.getText()): null

2020-03-12 13:23:33 - [TEST_STEP][PASSED] - dataSourceTextValuesWithDesc.add(ele1.getText()): null

2020-03-12 13:23:33 - [TEST_STEP][PASSED] - dataSourceTextValuesWithDesc.add(ele1.getText()): null

2020-03-12 13:23:33 - [TEST_STEP][PASSED] - pageValueCount1 += elements1.size(): null

2020-03-12 13:23:33 - [TEST_STEP][PASSED] - click(findTestObject("AUDIENCE/Data Source/next")): Object: 'Object Repository/AUDIENCE/Data Source/next' is clicked on

2020-03-12 13:23:34 - [MESSAGE][PASSED] - Object: 'Object Repository/AUDIENCE/Data Source/next' is clicked on

2020-03-12 13:23:34 - [TEST_STEP][PASSED] - elements1 = findWebElements(findTestObject("AUDIENCE/Data Source/status_column_values"), 0): Timeout '0' is invalid. Using default page load timeout: '230'

2020-03-12 13:23:34 - [MESSAGE][WARNING] - Timeout '0' is invalid. Using default page load timeout: '230'

2020-03-12 13:23:35 - [TEST_STEP][PASSED] - for (org.openqa.selenium.WebElement ele1 : elements1): null

2020-03-12 13:23:35 - [TEST_STEP][PASSED] - dataSourceTextValuesWithDesc.add(ele1.getText()): null

2020-03-12 13:23:36 - [TEST_STEP][PASSED] - dataSourceTextValuesWithDesc.add(ele1.getText()): null

2020-03-12 13:23:36 - [TEST_STEP][PASSED] - dataSourceTextValuesWithDesc.add(ele1.getText()): null

2020-03-12 13:23:36 - [TEST_STEP][PASSED] - pageValueCount1 += elements1.size(): null

2020-03-12 13:23:36 - [TEST_STEP][PASSED] - click(findTestObject("AUDIENCE/Data Source/next")): Object: 'Object Repository/AUDIENCE/Data Source/next' is clicked on

2020-03-12 13:23:38 - [MESSAGE][PASSED] - Object: 'Object Repository/AUDIENCE/Data Source/next' is clicked on

2020-03-12 13:23:38 - [TEST_STEP][PASSED] - elements1 = findWebElements(findTestObject("AUDIENCE/Data Source/status_column_values"), 0): Timeout '0' is invalid. Using default page load timeout: '230'

2020-03-12 13:23:38 - [MESSAGE][WARNING] - Timeout '0' is invalid. Using default page load timeout: '230'

2020-03-12 13:23:39 - [TEST_STEP][PASSED] - isDescending = web.CustomKeyword.checkListDescendingOrder(dataSourceTextValues, dataSourceTextValuesWithDesc): web.CustomKeyword.checkListDescendingOrder is PASSED

2020-03-12 13:23:39 - [MESSAGE][PASSED] - web.CustomKeyword.checkListDescendingOrder is PASSED

2020-03-12 13:23:39 - [TEST_STEP][PASSED] - verifyEqual(isDescending, true): Actual object 'true' and expected object 'true' are equal

2020-03-12 13:23:39 - [MESSAGE][PASSED] - Actual object 'true' and expected object 'true' are equal

2020-03-12 13:23:39 - [TEST_STEP][PASSED] - Start listener action : sampleAfterTestCase: null

2020-03-12 13:23:39 - [TEST_STEP][PASSED] - println(testCaseContext.getTestCaseId()): null

2020-03-12 13:23:39 - [TEST_STEP][PASSED] - println(testCaseContext.getTestCaseStatus()): null

2020-03-12 13:23:39 - [TEST_STEP][PASSED] - println("On Failure Method is Calling : " + testCaseContext.getTestCaseStatus()): null

2020-03-12 13:23:39 - [TEST_STEP][PASSED] - if (!(getTestCaseStatus().equalsIgnoreCase("PASSED"))): null]]></system-out>
         <system-err><![CDATA[]]></system-err>
      </testcase>
      <testcase name="Test Cases/Atlas Platform/Data Management/Data Listing/TC_010_Verify_Created_Column_Sorting_Order" time="26.811" classname="Test Cases/Atlas Platform/Data Management/Data Listing/TC_010_Verify_Created_Column_Sorting_Order" status="PASSED">
         <system-out><![CDATA[2020-03-12 13:23:41 - [TEST_CASE][PASSED] - Test Cases/Atlas Platform/Data Management/Data Listing/TC_010_Verify_Created_Column_Sorting_Order: Test Cases/Atlas Platform/Data Management/Data Listing/TC_010_Verify_Created_Column_Sorting_Order

2020-03-12 13:23:41 - [TEST_STEP][NOT_RUN] - callTestCase(findTestCase("Atlas Platform/Platform Navigation/Login/LoginWithRootAdmin"), ["user_Email":"navaraj@totient.co.in", "user_Password":"Totient@123"], CONTINUE_ON_FAILURE): NOT_RUN: callTestCase(findTestCase("Atlas Platform/Platform Navigation/Login/LoginWithRootAdmin"), ["user_Email":"navaraj@totient.co.in", "user_Password":"Totient@123"], CONTINUE_ON_FAILURE)

2020-03-12 13:23:41 - [MESSAGE][NOT_RUN] - NOT_RUN: callTestCase(findTestCase("Atlas Platform/Platform Navigation/Login/LoginWithRootAdmin"), ["user_Email":"navaraj@totient.co.in", "user_Password":"Totient@123"], CONTINUE_ON_FAILURE)

2020-03-12 13:23:41 - [TEST_STEP][PASSED] - refresh(): Refresh successfully

2020-03-12 13:23:43 - [MESSAGE][PASSED] - Refresh successfully

2020-03-12 13:23:43 - [TEST_STEP][PASSED] - click(findTestObject("HeaderMenus/audiencemenu")): Object: 'Object Repository/HeaderMenus/audiencemenu' is clicked on

2020-03-12 13:23:44 - [MESSAGE][PASSED] - Object: 'Object Repository/HeaderMenus/audiencemenu' is clicked on

2020-03-12 13:23:44 - [TEST_STEP][PASSED] - click(findTestObject("Login_Page/Dashboard/Data Sub-Navigation/div_Data Source")): Object: 'Object Repository/Login_Page/Dashboard/Data Sub-Navigation/div_Data Source' is clicked on

2020-03-12 13:23:45 - [MESSAGE][PASSED] - Object: 'Object Repository/Login_Page/Dashboard/Data Sub-Navigation/div_Data Source' is clicked on

2020-03-12 13:23:45 - [TEST_STEP][PASSED] - totalText = getText(findTestObject("AUDIENCE/Data Source/total_count")): Text of object 'Object Repository/AUDIENCE/Data Source/total_count' is: '(13)'

2020-03-12 13:23:46 - [MESSAGE][PASSED] - Text of object 'Object Repository/AUDIENCE/Data Source/total_count' is: '(13)'

2020-03-12 13:23:46 - [TEST_STEP][PASSED] - click(findTestObject("AUDIENCE/Data Source/created_Column_Name")): Object: 'Object Repository/AUDIENCE/Data Source/created_Column_Name' is clicked on

2020-03-12 13:23:46 - [MESSAGE][PASSED] - Object: 'Object Repository/AUDIENCE/Data Source/created_Column_Name' is clicked on

2020-03-12 13:23:46 - [TEST_STEP][PASSED] - total = Integer.parseInt(replace(")", "").trim()): null

2020-03-12 13:23:46 - [TEST_STEP][PASSED] - pageValueCount = 0: null

2020-03-12 13:23:46 - [TEST_STEP][PASSED] - dataSourceTextValues = new java.util.ArrayList(): null

2020-03-12 13:23:46 - [TEST_STEP][PASSED] - totalOfPaginationCount = getText(findTestObject("AUDIENCE/Data Source/no_pagination_With_Count")): Text of object 'Object Repository/AUDIENCE/Data Source/no_pagination_With_Count' is: 'Showing 1-10 of 13 Data Source(s)'

2020-03-12 13:23:47 - [MESSAGE][PASSED] - Text of object 'Object Repository/AUDIENCE/Data Source/no_pagination_With_Count' is: 'Showing 1-10 of 13 Data Source(s)'

2020-03-12 13:23:47 - [TEST_STEP][PASSED] - if (!(totalOfPaginationCount.equalsIgnoreCase("Showing 0 of 0 Images"))): Timeout '0' is invalid. Using default page load timeout: '230'

2020-03-12 13:23:47 - [TEST_STEP][PASSED] - elements = findWebElements(findTestObject("AUDIENCE/Data Source/created_column_values"), 0): Timeout '0' is invalid. Using default page load timeout: '230'

2020-03-12 13:23:47 - [MESSAGE][WARNING] - Timeout '0' is invalid. Using default page load timeout: '230'

2020-03-12 13:23:47 - [TEST_STEP][PASSED] - if (total > 10): Timeout '0' is invalid. Using default page load timeout: '230'

2020-03-12 13:23:47 - [TEST_STEP][PASSED] - while (total != pageValueCount): Timeout '0' is invalid. Using default page load timeout: '230'

2020-03-12 13:23:47 - [TEST_STEP][PASSED] - for (org.openqa.selenium.WebElement ele : elements): null

2020-03-12 13:23:47 - [TEST_STEP][PASSED] - dataSourceTextValues.add(ele.getText()): null

2020-03-12 13:23:48 - [TEST_STEP][PASSED] - dataSourceTextValues.add(ele.getText()): null

2020-03-12 13:23:48 - [TEST_STEP][PASSED] - dataSourceTextValues.add(ele.getText()): null

2020-03-12 13:23:48 - [TEST_STEP][PASSED] - dataSourceTextValues.add(ele.getText()): null

2020-03-12 13:23:48 - [TEST_STEP][PASSED] - dataSourceTextValues.add(ele.getText()): null

2020-03-12 13:23:48 - [TEST_STEP][PASSED] - dataSourceTextValues.add(ele.getText()): null

2020-03-12 13:23:48 - [TEST_STEP][PASSED] - dataSourceTextValues.add(ele.getText()): null

2020-03-12 13:23:48 - [TEST_STEP][PASSED] - dataSourceTextValues.add(ele.getText()): null

2020-03-12 13:23:48 - [TEST_STEP][PASSED] - dataSourceTextValues.add(ele.getText()): null

2020-03-12 13:23:48 - [TEST_STEP][PASSED] - dataSourceTextValues.add(ele.getText()): null

2020-03-12 13:23:48 - [TEST_STEP][PASSED] - pageValueCount += elements.size(): null

2020-03-12 13:23:48 - [TEST_STEP][PASSED] - click(findTestObject("AUDIENCE/Data Source/next")): Object: 'Object Repository/AUDIENCE/Data Source/next' is clicked on

2020-03-12 13:23:48 - [MESSAGE][PASSED] - Object: 'Object Repository/AUDIENCE/Data Source/next' is clicked on

2020-03-12 13:23:48 - [TEST_STEP][PASSED] - elements = findWebElements(findTestObject("AUDIENCE/Data Source/created_column_values"), 0): Timeout '0' is invalid. Using default page load timeout: '230'

2020-03-12 13:23:48 - [MESSAGE][WARNING] - Timeout '0' is invalid. Using default page load timeout: '230'

2020-03-12 13:23:49 - [TEST_STEP][PASSED] - for (org.openqa.selenium.WebElement ele : elements): null

2020-03-12 13:23:49 - [TEST_STEP][PASSED] - dataSourceTextValues.add(ele.getText()): null

2020-03-12 13:23:49 - [TEST_STEP][PASSED] - dataSourceTextValues.add(ele.getText()): null

2020-03-12 13:23:49 - [TEST_STEP][PASSED] - dataSourceTextValues.add(ele.getText()): null

2020-03-12 13:23:49 - [TEST_STEP][PASSED] - pageValueCount += elements.size(): null

2020-03-12 13:23:49 - [TEST_STEP][PASSED] - click(findTestObject("AUDIENCE/Data Source/next")): Object: 'Object Repository/AUDIENCE/Data Source/next' is clicked on

2020-03-12 13:23:52 - [MESSAGE][PASSED] - Object: 'Object Repository/AUDIENCE/Data Source/next' is clicked on

2020-03-12 13:23:52 - [TEST_STEP][PASSED] - elements = findWebElements(findTestObject("AUDIENCE/Data Source/created_column_values"), 0): Timeout '0' is invalid. Using default page load timeout: '230'

2020-03-12 13:23:52 - [MESSAGE][WARNING] - Timeout '0' is invalid. Using default page load timeout: '230'

2020-03-12 13:23:52 - [TEST_STEP][PASSED] - isAsc = web.CustomKeyword.checkListAscendingOrder(dataSourceTextValues): web.CustomKeyword.checkListAscendingOrder is PASSED

2020-03-12 13:23:52 - [MESSAGE][PASSED] - web.CustomKeyword.checkListAscendingOrder is PASSED

2020-03-12 13:23:52 - [TEST_STEP][PASSED] - verifyEqual(isAsc, true): Actual object 'true' and expected object 'true' are equal

2020-03-12 13:23:52 - [MESSAGE][PASSED] - Actual object 'true' and expected object 'true' are equal

2020-03-12 13:23:52 - [TEST_STEP][PASSED] - click(findTestObject("HeaderMenus/adminmenu")): Object: 'Object Repository/HeaderMenus/adminmenu' is clicked on

2020-03-12 13:23:53 - [MESSAGE][PASSED] - Object: 'Object Repository/HeaderMenus/adminmenu' is clicked on

2020-03-12 13:23:53 - [TEST_STEP][PASSED] - click(findTestObject("HeaderMenus/audiencemenu")): Object: 'Object Repository/HeaderMenus/audiencemenu' is clicked on

2020-03-12 13:23:54 - [MESSAGE][PASSED] - Object: 'Object Repository/HeaderMenus/audiencemenu' is clicked on

2020-03-12 13:23:54 - [TEST_STEP][PASSED] - click(findTestObject("AUDIENCE/Data Source/created_Column_Name")): Object: 'Object Repository/AUDIENCE/Data Source/created_Column_Name' is clicked on

2020-03-12 13:23:56 - [MESSAGE][PASSED] - Object: 'Object Repository/AUDIENCE/Data Source/created_Column_Name' is clicked on

2020-03-12 13:23:56 - [TEST_STEP][PASSED] - delay(3): Delayed 3 second(s)

2020-03-12 13:23:59 - [MESSAGE][PASSED] - Delayed 3 second(s)

2020-03-12 13:23:59 - [TEST_STEP][PASSED] - click(findTestObject("AUDIENCE/Data Source/created_Column_Name")): Object: 'Object Repository/AUDIENCE/Data Source/created_Column_Name' is clicked on

2020-03-12 13:24:00 - [MESSAGE][PASSED] - Object: 'Object Repository/AUDIENCE/Data Source/created_Column_Name' is clicked on

2020-03-12 13:24:00 - [TEST_STEP][PASSED] - dataSourceTextValuesWithDesc = new java.util.ArrayList(): null

2020-03-12 13:24:00 - [TEST_STEP][PASSED] - pageValueCount1 = 0: null

2020-03-12 13:24:00 - [TEST_STEP][PASSED] - if (!(totalOfPaginationCount.equalsIgnoreCase("Showing 0 of 0 Images"))): Timeout '0' is invalid. Using default page load timeout: '230'

2020-03-12 13:24:00 - [TEST_STEP][PASSED] - elements1 = findWebElements(findTestObject("AUDIENCE/Data Source/created_column_values"), 0): Timeout '0' is invalid. Using default page load timeout: '230'

2020-03-12 13:24:00 - [MESSAGE][WARNING] - Timeout '0' is invalid. Using default page load timeout: '230'

2020-03-12 13:24:01 - [TEST_STEP][PASSED] - if (total > 10): Timeout '0' is invalid. Using default page load timeout: '230'

2020-03-12 13:24:01 - [TEST_STEP][PASSED] - while (total != pageValueCount1): Timeout '0' is invalid. Using default page load timeout: '230'

2020-03-12 13:24:01 - [TEST_STEP][PASSED] - for (org.openqa.selenium.WebElement ele1 : elements1): null

2020-03-12 13:24:01 - [TEST_STEP][PASSED] - dataSourceTextValuesWithDesc.add(ele1.getText()): null

2020-03-12 13:24:01 - [TEST_STEP][PASSED] - dataSourceTextValuesWithDesc.add(ele1.getText()): null

2020-03-12 13:24:01 - [TEST_STEP][PASSED] - dataSourceTextValuesWithDesc.add(ele1.getText()): null

2020-03-12 13:24:01 - [TEST_STEP][PASSED] - dataSourceTextValuesWithDesc.add(ele1.getText()): null

2020-03-12 13:24:01 - [TEST_STEP][PASSED] - dataSourceTextValuesWithDesc.add(ele1.getText()): null

2020-03-12 13:24:01 - [TEST_STEP][PASSED] - dataSourceTextValuesWithDesc.add(ele1.getText()): null

2020-03-12 13:24:01 - [TEST_STEP][PASSED] - dataSourceTextValuesWithDesc.add(ele1.getText()): null

2020-03-12 13:24:01 - [TEST_STEP][PASSED] - dataSourceTextValuesWithDesc.add(ele1.getText()): null

2020-03-12 13:24:01 - [TEST_STEP][PASSED] - dataSourceTextValuesWithDesc.add(ele1.getText()): null

2020-03-12 13:24:01 - [TEST_STEP][PASSED] - dataSourceTextValuesWithDesc.add(ele1.getText()): null

2020-03-12 13:24:01 - [TEST_STEP][PASSED] - pageValueCount1 += elements1.size(): null

2020-03-12 13:24:01 - [TEST_STEP][PASSED] - click(findTestObject("AUDIENCE/Data Source/next")): Object: 'Object Repository/AUDIENCE/Data Source/next' is clicked on

2020-03-12 13:24:01 - [MESSAGE][PASSED] - Object: 'Object Repository/AUDIENCE/Data Source/next' is clicked on

2020-03-12 13:24:01 - [TEST_STEP][PASSED] - elements1 = findWebElements(findTestObject("AUDIENCE/Data Source/created_column_values"), 0): Timeout '0' is invalid. Using default page load timeout: '230'

2020-03-12 13:24:01 - [MESSAGE][WARNING] - Timeout '0' is invalid. Using default page load timeout: '230'

2020-03-12 13:24:02 - [TEST_STEP][PASSED] - for (org.openqa.selenium.WebElement ele1 : elements1): null

2020-03-12 13:24:02 - [TEST_STEP][PASSED] - dataSourceTextValuesWithDesc.add(ele1.getText()): null

2020-03-12 13:24:02 - [TEST_STEP][PASSED] - dataSourceTextValuesWithDesc.add(ele1.getText()): null

2020-03-12 13:24:02 - [TEST_STEP][PASSED] - dataSourceTextValuesWithDesc.add(ele1.getText()): null

2020-03-12 13:24:02 - [TEST_STEP][PASSED] - pageValueCount1 += elements1.size(): null

2020-03-12 13:24:02 - [TEST_STEP][PASSED] - click(findTestObject("AUDIENCE/Data Source/next")): Object: 'Object Repository/AUDIENCE/Data Source/next' is clicked on

2020-03-12 13:24:05 - [MESSAGE][PASSED] - Object: 'Object Repository/AUDIENCE/Data Source/next' is clicked on

2020-03-12 13:24:05 - [TEST_STEP][PASSED] - elements1 = findWebElements(findTestObject("AUDIENCE/Data Source/created_column_values"), 0): Timeout '0' is invalid. Using default page load timeout: '230'

2020-03-12 13:24:05 - [MESSAGE][WARNING] - Timeout '0' is invalid. Using default page load timeout: '230'

2020-03-12 13:24:05 - [TEST_STEP][PASSED] - isDesc = web.CustomKeyword.checkListDescendingOrder(dataSourceTextValues, dataSourceTextValuesWithDesc): web.CustomKeyword.checkListDescendingOrder is PASSED

2020-03-12 13:24:05 - [MESSAGE][PASSED] - web.CustomKeyword.checkListDescendingOrder is PASSED

2020-03-12 13:24:05 - [TEST_STEP][PASSED] - verifyEqual(isDesc, true): Actual object 'true' and expected object 'true' are equal

2020-03-12 13:24:06 - [MESSAGE][PASSED] - Actual object 'true' and expected object 'true' are equal

2020-03-12 13:24:06 - [TEST_STEP][PASSED] - Start listener action : sampleAfterTestCase: null

2020-03-12 13:24:06 - [TEST_STEP][PASSED] - println(testCaseContext.getTestCaseId()): null

2020-03-12 13:24:06 - [TEST_STEP][PASSED] - println(testCaseContext.getTestCaseStatus()): null

2020-03-12 13:24:06 - [TEST_STEP][PASSED] - println("On Failure Method is Calling : " + testCaseContext.getTestCaseStatus()): null

2020-03-12 13:24:06 - [TEST_STEP][PASSED] - if (!(getTestCaseStatus().equalsIgnoreCase("PASSED"))): null]]></system-out>
         <system-err><![CDATA[]]></system-err>
      </testcase>
      <testcase name="Test Cases/Atlas Platform/Data Management/Data Listing/TC_011_Verify_Modified_Column_Sorting_Order" time="26.691" classname="Test Cases/Atlas Platform/Data Management/Data Listing/TC_011_Verify_Modified_Column_Sorting_Order" status="PASSED">
         <system-out><![CDATA[2020-03-12 13:24:08 - [TEST_CASE][PASSED] - Test Cases/Atlas Platform/Data Management/Data Listing/TC_011_Verify_Modified_Column_Sorting_Order: Test Cases/Atlas Platform/Data Management/Data Listing/TC_011_Verify_Modified_Column_Sorting_Order

2020-03-12 13:24:08 - [TEST_STEP][NOT_RUN] - callTestCase(findTestCase("Atlas Platform/Platform Navigation/Login/LoginWithRootAdmin"), ["user_Email":"navaraj@totient.co.in", "user_Password":"Totient@123"], CONTINUE_ON_FAILURE): NOT_RUN: callTestCase(findTestCase("Atlas Platform/Platform Navigation/Login/LoginWithRootAdmin"), ["user_Email":"navaraj@totient.co.in", "user_Password":"Totient@123"], CONTINUE_ON_FAILURE)

2020-03-12 13:24:08 - [MESSAGE][NOT_RUN] - NOT_RUN: callTestCase(findTestCase("Atlas Platform/Platform Navigation/Login/LoginWithRootAdmin"), ["user_Email":"navaraj@totient.co.in", "user_Password":"Totient@123"], CONTINUE_ON_FAILURE)

2020-03-12 13:24:08 - [TEST_STEP][PASSED] - refresh(): Refresh successfully

2020-03-12 13:24:10 - [MESSAGE][PASSED] - Refresh successfully

2020-03-12 13:24:10 - [TEST_STEP][PASSED] - click(findTestObject("HeaderMenus/audiencemenu")): Object: 'Object Repository/HeaderMenus/audiencemenu' is clicked on

2020-03-12 13:24:11 - [MESSAGE][PASSED] - Object: 'Object Repository/HeaderMenus/audiencemenu' is clicked on

2020-03-12 13:24:11 - [TEST_STEP][PASSED] - click(findTestObject("Login_Page/Dashboard/Data Sub-Navigation/div_Data Source")): Object: 'Object Repository/Login_Page/Dashboard/Data Sub-Navigation/div_Data Source' is clicked on

2020-03-12 13:24:13 - [MESSAGE][PASSED] - Object: 'Object Repository/Login_Page/Dashboard/Data Sub-Navigation/div_Data Source' is clicked on

2020-03-12 13:24:13 - [TEST_STEP][PASSED] - totalText = getText(findTestObject("AUDIENCE/Data Source/total_count")): Text of object 'Object Repository/AUDIENCE/Data Source/total_count' is: '(13)'

2020-03-12 13:24:13 - [MESSAGE][PASSED] - Text of object 'Object Repository/AUDIENCE/Data Source/total_count' is: '(13)'

2020-03-12 13:24:13 - [TEST_STEP][PASSED] - click(findTestObject("AUDIENCE/Data Source/modified_Column_Name")): Object: 'Object Repository/AUDIENCE/Data Source/modified_Column_Name' is clicked on

2020-03-12 13:24:13 - [MESSAGE][PASSED] - Object: 'Object Repository/AUDIENCE/Data Source/modified_Column_Name' is clicked on

2020-03-12 13:24:13 - [TEST_STEP][PASSED] - click(findTestObject("AUDIENCE/Data Source/modified_Column_Name")): Object: 'Object Repository/AUDIENCE/Data Source/modified_Column_Name' is clicked on

2020-03-12 13:24:15 - [MESSAGE][PASSED] - Object: 'Object Repository/AUDIENCE/Data Source/modified_Column_Name' is clicked on

2020-03-12 13:24:15 - [TEST_STEP][PASSED] - total = Integer.parseInt(replace(")", "").trim()): null

2020-03-12 13:24:15 - [TEST_STEP][PASSED] - pageValueCount = 0: null

2020-03-12 13:24:15 - [TEST_STEP][PASSED] - dataSourceTextValues = new java.util.ArrayList(): null

2020-03-12 13:24:15 - [TEST_STEP][PASSED] - totalOfPaginationCount = getText(findTestObject("AUDIENCE/Data Source/no_pagination_With_Count")): Text of object 'Object Repository/AUDIENCE/Data Source/no_pagination_With_Count' is: 'Showing 1-10 of 13 Data Source(s)'

2020-03-12 13:24:16 - [MESSAGE][PASSED] - Text of object 'Object Repository/AUDIENCE/Data Source/no_pagination_With_Count' is: 'Showing 1-10 of 13 Data Source(s)'

2020-03-12 13:24:16 - [TEST_STEP][PASSED] - if (!(totalOfPaginationCount.equalsIgnoreCase("Showing 0 of 0 Images"))): Timeout '0' is invalid. Using default page load timeout: '230'

2020-03-12 13:24:16 - [TEST_STEP][PASSED] - elements = findWebElements(findTestObject("AUDIENCE/Data Source/modified_Column_Values"), 0): Timeout '0' is invalid. Using default page load timeout: '230'

2020-03-12 13:24:16 - [MESSAGE][WARNING] - Timeout '0' is invalid. Using default page load timeout: '230'

2020-03-12 13:24:16 - [TEST_STEP][PASSED] - if (total > 10): Timeout '0' is invalid. Using default page load timeout: '230'

2020-03-12 13:24:16 - [TEST_STEP][PASSED] - while (total != pageValueCount): Timeout '0' is invalid. Using default page load timeout: '230'

2020-03-12 13:24:16 - [TEST_STEP][PASSED] - for (org.openqa.selenium.WebElement ele : elements): null

2020-03-12 13:24:16 - [TEST_STEP][PASSED] - dataSourceTextValues.add(ele.getText()): null

2020-03-12 13:24:16 - [TEST_STEP][PASSED] - dataSourceTextValues.add(ele.getText()): null

2020-03-12 13:24:16 - [TEST_STEP][PASSED] - dataSourceTextValues.add(ele.getText()): null

2020-03-12 13:24:16 - [TEST_STEP][PASSED] - dataSourceTextValues.add(ele.getText()): null

2020-03-12 13:24:16 - [TEST_STEP][PASSED] - dataSourceTextValues.add(ele.getText()): null

2020-03-12 13:24:16 - [TEST_STEP][PASSED] - dataSourceTextValues.add(ele.getText()): null

2020-03-12 13:24:16 - [TEST_STEP][PASSED] - dataSourceTextValues.add(ele.getText()): null

2020-03-12 13:24:16 - [TEST_STEP][PASSED] - dataSourceTextValues.add(ele.getText()): null

2020-03-12 13:24:16 - [TEST_STEP][PASSED] - dataSourceTextValues.add(ele.getText()): null

2020-03-12 13:24:16 - [TEST_STEP][PASSED] - dataSourceTextValues.add(ele.getText()): null

2020-03-12 13:24:16 - [TEST_STEP][PASSED] - pageValueCount += elements.size(): null

2020-03-12 13:24:16 - [TEST_STEP][PASSED] - click(findTestObject("AUDIENCE/Data Source/next")): Object: 'Object Repository/AUDIENCE/Data Source/next' is clicked on

2020-03-12 13:24:17 - [MESSAGE][PASSED] - Object: 'Object Repository/AUDIENCE/Data Source/next' is clicked on

2020-03-12 13:24:17 - [TEST_STEP][PASSED] - elements = findWebElements(findTestObject("AUDIENCE/Data Source/modified_Column_Values"), 0): Timeout '0' is invalid. Using default page load timeout: '230'

2020-03-12 13:24:17 - [MESSAGE][WARNING] - Timeout '0' is invalid. Using default page load timeout: '230'

2020-03-12 13:24:18 - [TEST_STEP][PASSED] - for (org.openqa.selenium.WebElement ele : elements): null

2020-03-12 13:24:18 - [TEST_STEP][PASSED] - dataSourceTextValues.add(ele.getText()): null

2020-03-12 13:24:18 - [TEST_STEP][PASSED] - dataSourceTextValues.add(ele.getText()): null

2020-03-12 13:24:18 - [TEST_STEP][PASSED] - dataSourceTextValues.add(ele.getText()): null

2020-03-12 13:24:18 - [TEST_STEP][PASSED] - pageValueCount += elements.size(): null

2020-03-12 13:24:18 - [TEST_STEP][PASSED] - click(findTestObject("AUDIENCE/Data Source/next")): Object: 'Object Repository/AUDIENCE/Data Source/next' is clicked on

2020-03-12 13:24:21 - [MESSAGE][PASSED] - Object: 'Object Repository/AUDIENCE/Data Source/next' is clicked on

2020-03-12 13:24:21 - [TEST_STEP][PASSED] - elements = findWebElements(findTestObject("AUDIENCE/Data Source/modified_Column_Values"), 0): Timeout '0' is invalid. Using default page load timeout: '230'

2020-03-12 13:24:21 - [MESSAGE][WARNING] - Timeout '0' is invalid. Using default page load timeout: '230'

2020-03-12 13:24:21 - [TEST_STEP][PASSED] - isAscending = web.CustomKeyword.checkListAscendingOrder(dataSourceTextValues): web.CustomKeyword.checkListAscendingOrder is PASSED

2020-03-12 13:24:21 - [MESSAGE][PASSED] - web.CustomKeyword.checkListAscendingOrder is PASSED

2020-03-12 13:24:21 - [TEST_STEP][PASSED] - verifyEqual(isAscending, true): Actual object 'true' and expected object 'true' are equal

2020-03-12 13:24:21 - [MESSAGE][PASSED] - Actual object 'true' and expected object 'true' are equal

2020-03-12 13:24:21 - [TEST_STEP][PASSED] - click(findTestObject("HeaderMenus/adminmenu")): Object: 'Object Repository/HeaderMenus/adminmenu' is clicked on

2020-03-12 13:24:21 - [MESSAGE][PASSED] - Object: 'Object Repository/HeaderMenus/adminmenu' is clicked on

2020-03-12 13:24:21 - [TEST_STEP][PASSED] - click(findTestObject("HeaderMenus/audiencemenu")): Object: 'Object Repository/HeaderMenus/audiencemenu' is clicked on

2020-03-12 13:24:23 - [MESSAGE][PASSED] - Object: 'Object Repository/HeaderMenus/audiencemenu' is clicked on

2020-03-12 13:24:23 - [TEST_STEP][PASSED] - delay(3): Delayed 3 second(s)

2020-03-12 13:24:26 - [MESSAGE][PASSED] - Delayed 3 second(s)

2020-03-12 13:24:26 - [TEST_STEP][PASSED] - click(findTestObject("AUDIENCE/Data Source/modified_Column_Name")): Object: 'Object Repository/AUDIENCE/Data Source/modified_Column_Name' is clicked on

2020-03-12 13:24:26 - [MESSAGE][PASSED] - Object: 'Object Repository/AUDIENCE/Data Source/modified_Column_Name' is clicked on

2020-03-12 13:24:26 - [TEST_STEP][PASSED] - dataSourceTextValuesWithDesc = new java.util.ArrayList(): null

2020-03-12 13:24:26 - [TEST_STEP][PASSED] - pageValueCount1 = 0: null

2020-03-12 13:24:26 - [TEST_STEP][PASSED] - if (!(totalOfPaginationCount.equalsIgnoreCase("Showing 0 of 0 Images"))): Timeout '0' is invalid. Using default page load timeout: '230'

2020-03-12 13:24:26 - [TEST_STEP][PASSED] - elements1 = findWebElements(findTestObject("AUDIENCE/Data Source/modified_Column_Values"), 0): Timeout '0' is invalid. Using default page load timeout: '230'

2020-03-12 13:24:26 - [MESSAGE][WARNING] - Timeout '0' is invalid. Using default page load timeout: '230'

2020-03-12 13:24:27 - [TEST_STEP][PASSED] - if (total > 10): Timeout '0' is invalid. Using default page load timeout: '230'

2020-03-12 13:24:27 - [TEST_STEP][PASSED] - while (total != pageValueCount1): Timeout '0' is invalid. Using default page load timeout: '230'

2020-03-12 13:24:27 - [TEST_STEP][PASSED] - for (org.openqa.selenium.WebElement ele1 : elements1): null

2020-03-12 13:24:27 - [TEST_STEP][PASSED] - dataSourceTextValuesWithDesc.add(ele1.getText()): null

2020-03-12 13:24:27 - [TEST_STEP][PASSED] - dataSourceTextValuesWithDesc.add(ele1.getText()): null

2020-03-12 13:24:27 - [TEST_STEP][PASSED] - dataSourceTextValuesWithDesc.add(ele1.getText()): null

2020-03-12 13:24:27 - [TEST_STEP][PASSED] - dataSourceTextValuesWithDesc.add(ele1.getText()): null

2020-03-12 13:24:27 - [TEST_STEP][PASSED] - dataSourceTextValuesWithDesc.add(ele1.getText()): null

2020-03-12 13:24:27 - [TEST_STEP][PASSED] - dataSourceTextValuesWithDesc.add(ele1.getText()): null

2020-03-12 13:24:27 - [TEST_STEP][PASSED] - dataSourceTextValuesWithDesc.add(ele1.getText()): null

2020-03-12 13:24:27 - [TEST_STEP][PASSED] - dataSourceTextValuesWithDesc.add(ele1.getText()): null

2020-03-12 13:24:28 - [TEST_STEP][PASSED] - dataSourceTextValuesWithDesc.add(ele1.getText()): null

2020-03-12 13:24:28 - [TEST_STEP][PASSED] - dataSourceTextValuesWithDesc.add(ele1.getText()): null

2020-03-12 13:24:28 - [TEST_STEP][PASSED] - pageValueCount1 += elements1.size(): null

2020-03-12 13:24:28 - [TEST_STEP][PASSED] - click(findTestObject("AUDIENCE/Data Source/next")): Object: 'Object Repository/AUDIENCE/Data Source/next' is clicked on

2020-03-12 13:24:28 - [MESSAGE][PASSED] - Object: 'Object Repository/AUDIENCE/Data Source/next' is clicked on

2020-03-12 13:24:28 - [TEST_STEP][PASSED] - elements1 = findWebElements(findTestObject("AUDIENCE/Data Source/modified_Column_Values"), 0): Timeout '0' is invalid. Using default page load timeout: '230'

2020-03-12 13:24:28 - [MESSAGE][WARNING] - Timeout '0' is invalid. Using default page load timeout: '230'

2020-03-12 13:24:29 - [TEST_STEP][PASSED] - for (org.openqa.selenium.WebElement ele1 : elements1): null

2020-03-12 13:24:29 - [TEST_STEP][PASSED] - dataSourceTextValuesWithDesc.add(ele1.getText()): null

2020-03-12 13:24:29 - [TEST_STEP][PASSED] - dataSourceTextValuesWithDesc.add(ele1.getText()): null

2020-03-12 13:24:29 - [TEST_STEP][PASSED] - dataSourceTextValuesWithDesc.add(ele1.getText()): null

2020-03-12 13:24:29 - [TEST_STEP][PASSED] - pageValueCount1 += elements1.size(): null

2020-03-12 13:24:29 - [TEST_STEP][PASSED] - click(findTestObject("AUDIENCE/Data Source/next")): Object: 'Object Repository/AUDIENCE/Data Source/next' is clicked on

2020-03-12 13:24:32 - [MESSAGE][PASSED] - Object: 'Object Repository/AUDIENCE/Data Source/next' is clicked on

2020-03-12 13:24:32 - [TEST_STEP][PASSED] - elements1 = findWebElements(findTestObject("AUDIENCE/Data Source/modified_Column_Values"), 0): Timeout '0' is invalid. Using default page load timeout: '230'

2020-03-12 13:24:32 - [MESSAGE][WARNING] - Timeout '0' is invalid. Using default page load timeout: '230'

2020-03-12 13:24:32 - [TEST_STEP][PASSED] - isDescending = web.CustomKeyword.checkListDescendingOrder(dataSourceTextValues, dataSourceTextValuesWithDesc): web.CustomKeyword.checkListDescendingOrder is PASSED

2020-03-12 13:24:32 - [MESSAGE][PASSED] - web.CustomKeyword.checkListDescendingOrder is PASSED

2020-03-12 13:24:32 - [TEST_STEP][PASSED] - verifyEqual(isDescending, true): Actual object 'true' and expected object 'true' are equal

2020-03-12 13:24:32 - [MESSAGE][PASSED] - Actual object 'true' and expected object 'true' are equal

2020-03-12 13:24:32 - [TEST_STEP][PASSED] - Start listener action : sampleAfterTestCase: null

2020-03-12 13:24:32 - [TEST_STEP][PASSED] - println(testCaseContext.getTestCaseId()): null

2020-03-12 13:24:32 - [TEST_STEP][PASSED] - println(testCaseContext.getTestCaseStatus()): null

2020-03-12 13:24:32 - [TEST_STEP][PASSED] - println("On Failure Method is Calling : " + testCaseContext.getTestCaseStatus()): null

2020-03-12 13:24:32 - [TEST_STEP][PASSED] - if (!(getTestCaseStatus().equalsIgnoreCase("PASSED"))): null]]></system-out>
         <system-err><![CDATA[]]></system-err>
      </testcase>
      <testcase name="Test Cases/Atlas Platform/Platform Navigation/Picker/TC_099_Close_Common_Browser" time="3.514" classname="Test Cases/Atlas Platform/Platform Navigation/Picker/TC_099_Close_Common_Browser" status="PASSED">
         <system-out><![CDATA[2020-03-12 13:24:34 - [TEST_CASE][PASSED] - Test Cases/Atlas Platform/Platform Navigation/Picker/TC_099_Close_Common_Browser: Test Cases/Atlas Platform/Platform Navigation/Picker/TC_099_Close_Common_Browser

2020-03-12 13:24:35 - [TEST_STEP][PASSED] - closeBrowser(): Browser is closed

2020-03-12 13:24:36 - [MESSAGE][PASSED] - Browser is closed

2020-03-12 13:24:36 - [TEST_STEP][PASSED] - Start listener action : sampleAfterTestCase: null

2020-03-12 13:24:36 - [TEST_STEP][PASSED] - println(testCaseContext.getTestCaseId()): null

2020-03-12 13:24:36 - [TEST_STEP][PASSED] - println(testCaseContext.getTestCaseStatus()): null

2020-03-12 13:24:36 - [TEST_STEP][PASSED] - println("On Failure Method is Calling : " + testCaseContext.getTestCaseStatus()): null

2020-03-12 13:24:36 - [TEST_STEP][PASSED] - if (!(getTestCaseStatus().equalsIgnoreCase("PASSED"))): null]]></system-out>
         <system-err><![CDATA[]]></system-err>
      </testcase>
      <system-out><![CDATA[2020-03-12 13:20:46 - [TEST_SUITE][ERROR] - Data Source: Test Cases/Atlas Platform/Data Management/Data Listing/TC_002_Validate_Active_Filter_WithCount FAILED.
Reason:
java.lang.NumberFormatException: For input string: ""
	at java_lang_Integer$parseInt.call(Unknown Source)
	at TC_002_Validate_Active_Filter_WithCount.run(TC_002_Validate_Active_Filter_WithCount:46)
	at com.kms.katalon.core.main.ScriptEngine.run(ScriptEngine.java:194)
	at com.kms.katalon.core.main.ScriptEngine.runScriptAsRawText(ScriptEngine.java:119)
	at com.kms.katalon.core.main.TestCaseExecutor.runScript(TestCaseExecutor.java:337)
	at com.kms.katalon.core.main.TestCaseExecutor.doExecute(TestCaseExecutor.java:328)
	at com.kms.katalon.core.main.TestCaseExecutor.processExecutionPhase(TestCaseExecutor.java:307)
	at com.kms.katalon.core.main.TestCaseExecutor.accessMainPhase(TestCaseExecutor.java:299)
	at com.kms.katalon.core.main.TestCaseExecutor.execute(TestCaseExecutor.java:233)
	at com.kms.katalon.core.main.TestSuiteExecutor.accessTestCaseMainPhase(TestSuiteExecutor.java:169)
	at com.kms.katalon.core.main.TestSuiteExecutor.accessTestSuiteMainPhase(TestSuiteExecutor.java:142)
	at com.kms.katalon.core.main.TestSuiteExecutor.execute(TestSuiteExecutor.java:91)
	at com.kms.katalon.core.main.TestCaseMain.startTestSuite(TestCaseMain.java:157)
	at com.kms.katalon.core.main.TestCaseMain$startTestSuite$0.call(Unknown Source)
	at TempTestSuite1583999436637.run(TempTestSuite1583999436637.groovy:36)]]></system-out>
      <system-err><![CDATA[2020-03-12 13:20:46 - [TEST_SUITE][ERROR] - Data Source: Test Cases/Atlas Platform/Data Management/Data Listing/TC_002_Validate_Active_Filter_WithCount FAILED.
Reason:
java.lang.NumberFormatException: For input string: ""
	at java_lang_Integer$parseInt.call(Unknown Source)
	at TC_002_Validate_Active_Filter_WithCount.run(TC_002_Validate_Active_Filter_WithCount:46)
	at com.kms.katalon.core.main.ScriptEngine.run(ScriptEngine.java:194)
	at com.kms.katalon.core.main.ScriptEngine.runScriptAsRawText(ScriptEngine.java:119)
	at com.kms.katalon.core.main.TestCaseExecutor.runScript(TestCaseExecutor.java:337)
	at com.kms.katalon.core.main.TestCaseExecutor.doExecute(TestCaseExecutor.java:328)
	at com.kms.katalon.core.main.TestCaseExecutor.processExecutionPhase(TestCaseExecutor.java:307)
	at com.kms.katalon.core.main.TestCaseExecutor.accessMainPhase(TestCaseExecutor.java:299)
	at com.kms.katalon.core.main.TestCaseExecutor.execute(TestCaseExecutor.java:233)
	at com.kms.katalon.core.main.TestSuiteExecutor.accessTestCaseMainPhase(TestSuiteExecutor.java:169)
	at com.kms.katalon.core.main.TestSuiteExecutor.accessTestSuiteMainPhase(TestSuiteExecutor.java:142)
	at com.kms.katalon.core.main.TestSuiteExecutor.execute(TestSuiteExecutor.java:91)
	at com.kms.katalon.core.main.TestCaseMain.startTestSuite(TestCaseMain.java:157)
	at com.kms.katalon.core.main.TestCaseMain$startTestSuite$0.call(Unknown Source)
	at TempTestSuite1583999436637.run(TempTestSuite1583999436637.groovy:36)]]></system-err>
   </testsuite>
</testsuites>
