<?xml version="1.0" encoding="UTF-8"?>
<testsuites name="Data Source" time="303.384" tests="12" failures="4" errors="0">
   <testsuite name="Data Source" tests="12" failures="4" errors="0" time="303.384" timestamp="2020-02-27 18:20:42" hostname="Dell - DESKTOP-8FKLJ50" id="Test Suites/AUDIENCE/Data Source">
      <properties>
         <property name="deviceName" value=""/>
         <property name="devicePlatform" value=""/>
         <property name="logFolder" value="C:\\Users\\Dell\\git\\GSMProject\\Reports\\20200227_182027\\AUDIENCE\\Data Source\\20200227_182027"/>
         <property name="logFiles" value="C:\\Users\\Dell\\git\\GSMProject\\Reports\\20200227_182027\\AUDIENCE\\Data Source\\20200227_182027\\execution0.log"/>
         <property name="attachments" value="D:\\TestDataForSampleProject\\test1.jpg, C:\\Users\\Dell\\git\\GSMProject\\Reports\\20200227_182027\\AUDIENCE\\Data Source\\20200227_182027/videos\\test_3.avi, D:\\TestDataForSampleProject\\test1.jpg, C:\\Users\\Dell\\git\\GSMProject\\Reports\\20200227_182027\\AUDIENCE\\Data Source\\20200227_182027/videos\\test_4.avi, D:\\TestDataForSampleProject\\test1.jpg, C:\\Users\\Dell\\git\\GSMProject\\Reports\\20200227_182027\\AUDIENCE\\Data Source\\20200227_182027/videos\\test_5.avi, D:\\TestDataForSampleProject\\test1.jpg, C:\\Users\\Dell\\git\\GSMProject\\Reports\\20200227_182027\\AUDIENCE\\Data Source\\20200227_182027/videos\\test_6.avi"/>
         <property name="hostName" value="Dell - DESKTOP-8FKLJ50"/>
         <property name="os" value="Windows 10 64bit"/>
         <property name="katalonVersion" value="7.2.1.1"/>
         <property name="browser" value="Chrome 80.0.3987.122"/>
         <property name="dbServerInfo" value="MySQL 5.7.22-log"/>
         <property name="hostAddress" value="10.0.75.1"/>
         <property name="sessionId" value="4814a37ba9e5dd71dc4d26d561f4bd60"/>
         <property name="seleniumVersion" value="3.141.59"/>
         <property name="proxyInformation" value="ProxyInformation{proxyOption=NO_PROXY, proxyServerType=HTTP, password=, proxyServerAddress=, proxyServerPort=0, executionList=}"/>
         <property name="platform" value="Windows 10"/>
      </properties>
      <testcase name="Test Cases/Atlas Platform/Platform Navigation/Picker/TC_000_Common_Browser_WithLogin" time="44.964" classname="Test Cases/Atlas Platform/Platform Navigation/Picker/TC_000_Common_Browser_WithLogin" status="PASSED">
         <system-out><![CDATA[2020-02-27 18:20:43 - [TEST_CASE][PASSED] - Test Cases/Atlas Platform/Platform Navigation/Picker/TC_000_Common_Browser_WithLogin: Test Cases/Atlas Platform/Platform Navigation/Picker/TC_000_Common_Browser_WithLogin

2020-02-27 18:20:45 - [TEST_STEP][PASSED] - callTestCase(findTestCase("Atlas Platform/Platform Navigation/Login/LoginWithRootAdmin"), [:], STOP_ON_FAILURE): Call Test Case 'Test Cases/Atlas Platform/Platform Navigation/Login/LoginWithRootAdmin' successfully

2020-02-27 18:20:45 - [TEST_CASE][PASSED] - Test Cases/Atlas Platform/Platform Navigation/Login/LoginWithRootAdmin: Test Cases/Atlas Platform/Platform Navigation/Login/LoginWithRootAdmin

2020-02-27 18:20:46 - [TEST_STEP][PASSED] - openBrowser(""): Browser is opened with url: ''

2020-02-27 18:20:47 - [MESSAGE][INFO] - Starting 'Chrome' driver

2020-02-27 18:20:47 - [MESSAGE][INFO] - User set preference: ['args', '[--start-maximized, --disable-web-security, --no-proxy-server]']

2020-02-27 18:20:47 - [MESSAGE][INFO] - User set preference: ['prefs', '{credentials_enable_service=false, profile.password_manager_enabled=false}']

2020-02-27 18:20:47 - [MESSAGE][INFO] - Action delay is set to 0 seconds

2020-02-27 18:20:59 - [MESSAGE][PASSED] - Browser is opened with url: ''

2020-02-27 18:20:59 - [TEST_STEP][NOT_RUN] - callTestCase(findTestCase("Atlas Platform/Platform Navigation/Login/Default Logins/TC_100_ForSecurityURLSAcceptance"), [:], CONTINUE_ON_FAILURE): NOT_RUN: callTestCase(findTestCase("Atlas Platform/Platform Navigation/Login/Default Logins/TC_100_ForSecurityURLSAcceptance"), [:], CONTINUE_ON_FAILURE)

2020-02-27 18:20:59 - [MESSAGE][NOT_RUN] - NOT_RUN: callTestCase(findTestCase("Atlas Platform/Platform Navigation/Login/Default Logins/TC_100_ForSecurityURLSAcceptance"), [:], CONTINUE_ON_FAILURE)

2020-02-27 18:20:59 - [TEST_STEP][PASSED] - navigateToUrl("https://atlas-dev.gsm.auto/"): Navigate to 'https://atlas-dev.gsm.auto/' successfully

2020-02-27 18:21:02 - [MESSAGE][PASSED] - Navigate to 'https://atlas-dev.gsm.auto/' successfully

2020-02-27 18:21:02 - [TEST_STEP][PASSED] - setText(findTestObject("Object Repository/LoginPage/loginpageemailtxtbox"), user_Email): Text 'navaraj@totient.co.in' is set on object 'Object Repository/LoginPage/loginpageemailtxtbox'

2020-02-27 18:21:05 - [MESSAGE][PASSED] - Text 'navaraj@totient.co.in' is set on object 'Object Repository/LoginPage/loginpageemailtxtbox'

2020-02-27 18:21:05 - [TEST_STEP][PASSED] - setText(findTestObject("Object Repository/LoginPage/loginpaepasswordtxtbox"), user_Password): Text 'Totient@123' is set on object 'Object Repository/LoginPage/loginpaepasswordtxtbox'

2020-02-27 18:21:06 - [MESSAGE][PASSED] - Text 'Totient@123' is set on object 'Object Repository/LoginPage/loginpaepasswordtxtbox'

2020-02-27 18:21:06 - [TEST_STEP][PASSED] - click(findTestObject("LoginPage/loginpageloginbtn")): Object: 'Object Repository/LoginPage/loginpageloginbtn' is clicked on

2020-02-27 18:21:07 - [MESSAGE][PASSED] - Object: 'Object Repository/LoginPage/loginpageloginbtn' is clicked on

2020-02-27 18:21:07 - [TEST_STEP][PASSED] - conn = com.katalon.plugin.keyword.connection.DatabaseKeywords.getGlobalConnection(): com.katalon.plugin.keyword.connection.DatabaseKeywords.getGlobalConnection is PASSED

2020-02-27 18:21:24 - [MESSAGE][PASSED] - com.katalon.plugin.keyword.connection.DatabaseKeywords.getGlobalConnection is PASSED

2020-02-27 18:21:24 - [TEST_STEP][PASSED] - resultValues1 = com.katalon.plugin.keyword.connection.DatabaseKeywords.executeQuery(conn, "SELECT * FROM atlas_config.user WHERE email ="" + user_Email + "";"): com.katalon.plugin.keyword.connection.DatabaseKeywords.executeQuery is PASSED

2020-02-27 18:21:25 - [MESSAGE][PASSED] - com.katalon.plugin.keyword.connection.DatabaseKeywords.executeQuery is PASSED

2020-02-27 18:21:25 - [TEST_STEP][PASSED] - println(com.katalon.plugin.keyword.connection.ResultSetKeywords.getSingleCellValue(resultValues1, 1, "user_id")): com.katalon.plugin.keyword.connection.ResultSetKeywords.getSingleCellValue is PASSED

2020-02-27 18:21:25 - [MESSAGE][PASSED] - com.katalon.plugin.keyword.connection.ResultSetKeywords.getSingleCellValue is PASSED

2020-02-27 18:21:25 - [TEST_STEP][PASSED] - user_id = com.katalon.plugin.keyword.connection.ResultSetKeywords.getSingleCellValue(resultValues1, 1, "user_id"): com.katalon.plugin.keyword.connection.ResultSetKeywords.getSingleCellValue is PASSED

2020-02-27 18:21:25 - [MESSAGE][PASSED] - com.katalon.plugin.keyword.connection.ResultSetKeywords.getSingleCellValue is PASSED

2020-02-27 18:21:26 - [TEST_STEP][PASSED] - println("User ID Variable value is : " + user_id): null

2020-02-27 18:21:26 - [MESSAGE][PASSED] - Call Test Case 'Test Cases/Atlas Platform/Platform Navigation/Login/LoginWithRootAdmin' successfully

2020-02-27 18:21:26 - [TEST_STEP][PASSED] - Start listener action : sampleAfterTestCase: null

2020-02-27 18:21:26 - [TEST_STEP][PASSED] - println(testCaseContext.getTestCaseId()): null

2020-02-27 18:21:26 - [TEST_STEP][PASSED] - println(testCaseContext.getTestCaseStatus()): null

2020-02-27 18:21:26 - [TEST_STEP][PASSED] - println("On Failure Method is Calling : " + testCaseContext.getTestCaseStatus()): null

2020-02-27 18:21:26 - [TEST_STEP][PASSED] - if (!(getTestCaseStatus().equalsIgnoreCase("PASSED"))): null]]></system-out>
         <system-err><![CDATA[]]></system-err>
      </testcase>
      <testcase name="Test Cases/Atlas Platform/Data Management/Data Listing/TC_001_Verify_Audience_Total_Count" time="12.097" classname="Test Cases/Atlas Platform/Data Management/Data Listing/TC_001_Verify_Audience_Total_Count" status="PASSED">
         <system-out><![CDATA[2020-02-27 18:21:28 - [TEST_CASE][PASSED] - Test Cases/Atlas Platform/Data Management/Data Listing/TC_001_Verify_Audience_Total_Count: Test Cases/Atlas Platform/Data Management/Data Listing/TC_001_Verify_Audience_Total_Count

2020-02-27 18:21:29 - [TEST_STEP][NOT_RUN] - callTestCase(findTestCase("Atlas Platform/Platform Navigation/Login/LoginWithRootAdmin"), ["user_Email":"navaraj@totient.co.in", "user_Password":"Totient@123"], CONTINUE_ON_FAILURE): NOT_RUN: callTestCase(findTestCase("Atlas Platform/Platform Navigation/Login/LoginWithRootAdmin"), ["user_Email":"navaraj@totient.co.in", "user_Password":"Totient@123"], CONTINUE_ON_FAILURE)

2020-02-27 18:21:29 - [MESSAGE][NOT_RUN] - NOT_RUN: callTestCase(findTestCase("Atlas Platform/Platform Navigation/Login/LoginWithRootAdmin"), ["user_Email":"navaraj@totient.co.in", "user_Password":"Totient@123"], CONTINUE_ON_FAILURE)

2020-02-27 18:21:29 - [TEST_STEP][PASSED] - click(findTestObject("HeaderMenus/audiencemenu")): Object: 'Object Repository/HeaderMenus/audiencemenu' is clicked on

2020-02-27 18:21:30 - [MESSAGE][PASSED] - Object: 'Object Repository/HeaderMenus/audiencemenu' is clicked on

2020-02-27 18:21:30 - [TEST_STEP][PASSED] - click(findTestObject("Login_Page/Dashboard/Data Sub-Navigation/div_Data Source")): Object: 'Object Repository/Login_Page/Dashboard/Data Sub-Navigation/div_Data Source' is clicked on

2020-02-27 18:21:33 - [MESSAGE][PASSED] - Object: 'Object Repository/Login_Page/Dashboard/Data Sub-Navigation/div_Data Source' is clicked on

2020-02-27 18:21:33 - [TEST_STEP][PASSED] - totalText = getText(findTestObject("Object Repository/AUDIENCE/Data Source/total_count")): Text of object 'Object Repository/AUDIENCE/Data Source/total_count' is: '(23)'

2020-02-27 18:21:33 - [MESSAGE][PASSED] - Text of object 'Object Repository/AUDIENCE/Data Source/total_count' is: '(23)'

2020-02-27 18:21:33 - [TEST_STEP][PASSED] - println(totalText): null

2020-02-27 18:21:33 - [TEST_STEP][PASSED] - total = Integer.parseInt(replace(")", "").trim()): null

2020-02-27 18:21:33 - [TEST_STEP][PASSED] - elements = findWebElements(findTestObject("AUDIENCE/Data Source/column1_values"), 0): Timeout '0' is invalid. Using default page load timeout: '230'

2020-02-27 18:21:34 - [MESSAGE][WARNING] - Timeout '0' is invalid. Using default page load timeout: '230'

2020-02-27 18:21:34 - [TEST_STEP][PASSED] - pageValueCount = elements.size(): null

2020-02-27 18:21:34 - [TEST_STEP][PASSED] - if (total > 10): null

2020-02-27 18:21:34 - [TEST_STEP][PASSED] - while (total != pageValueCount): null

2020-02-27 18:21:34 - [TEST_STEP][PASSED] - click(findTestObject("AUDIENCE/Data Source/next")): Object: 'Object Repository/AUDIENCE/Data Source/next' is clicked on

2020-02-27 18:21:35 - [MESSAGE][PASSED] - Object: 'Object Repository/AUDIENCE/Data Source/next' is clicked on

2020-02-27 18:21:35 - [TEST_STEP][PASSED] - elements = findWebElements(findTestObject("AUDIENCE/Data Source/column1_values"), 0): Timeout '0' is invalid. Using default page load timeout: '230'

2020-02-27 18:21:35 - [MESSAGE][WARNING] - Timeout '0' is invalid. Using default page load timeout: '230'

2020-02-27 18:21:36 - [TEST_STEP][PASSED] - pageValueCount += elements.size(): null

2020-02-27 18:21:36 - [TEST_STEP][PASSED] - click(findTestObject("AUDIENCE/Data Source/next")): Object: 'Object Repository/AUDIENCE/Data Source/next' is clicked on

2020-02-27 18:21:37 - [MESSAGE][PASSED] - Object: 'Object Repository/AUDIENCE/Data Source/next' is clicked on

2020-02-27 18:21:37 - [TEST_STEP][PASSED] - elements = findWebElements(findTestObject("AUDIENCE/Data Source/column1_values"), 0): Timeout '0' is invalid. Using default page load timeout: '230'

2020-02-27 18:21:37 - [MESSAGE][WARNING] - Timeout '0' is invalid. Using default page load timeout: '230'

2020-02-27 18:21:38 - [TEST_STEP][PASSED] - pageValueCount += elements.size(): null

2020-02-27 18:21:38 - [TEST_STEP][PASSED] - verifyEqual(total, pageValueCount): Actual object '23' and expected object '23' are equal

2020-02-27 18:21:38 - [MESSAGE][PASSED] - Actual object '23' and expected object '23' are equal

2020-02-27 18:21:38 - [TEST_STEP][PASSED] - Start listener action : sampleAfterTestCase: null

2020-02-27 18:21:38 - [TEST_STEP][PASSED] - println(testCaseContext.getTestCaseId()): null

2020-02-27 18:21:38 - [TEST_STEP][PASSED] - println(testCaseContext.getTestCaseStatus()): null

2020-02-27 18:21:38 - [TEST_STEP][PASSED] - println("On Failure Method is Calling : " + testCaseContext.getTestCaseStatus()): null

2020-02-27 18:21:38 - [TEST_STEP][PASSED] - if (!(getTestCaseStatus().equalsIgnoreCase("PASSED"))): null]]></system-out>
         <system-err><![CDATA[]]></system-err>
      </testcase>
      <testcase name="Test Cases/Atlas Platform/Data Management/Data Listing/TC_002_Validate_Active_Filter_WithCount" time="20.655" classname="Test Cases/Atlas Platform/Data Management/Data Listing/TC_002_Validate_Active_Filter_WithCount" status="FAILED">
         <failure type="FAILED" message="Test Cases/Atlas Platform/Data Management/Data Listing/TC_002_Validate_Active_Filter_WithCount FAILED.
Reason:
com.kms.katalon.core.exception.StepFailedException: Unable to verify equal between actual object '20' and expected object '23' (Root cause: com.kms.katalon.core.exception.StepFailedException: Actual object '20' and expected object '23' are not equal
	at com.kms.katalon.core.keyword.builtin.VerifyEqualKeyword$_verifyEqual_closure1.doCall(VerifyEqualKeyword.groovy:58)
	at com.kms.katalon.core.keyword.builtin.VerifyEqualKeyword$_verifyEqual_closure1.call(VerifyEqualKeyword.groovy)
	at com.kms.katalon.core.keyword.internal.KeywordMain.runKeyword(KeywordMain.groovy:68)
	at com.kms.katalon.core.keyword.builtin.VerifyEqualKeyword.verifyEqual(VerifyEqualKeyword.groovy:63)
	at com.kms.katalon.core.keyword.builtin.VerifyEqualKeyword.execute(VerifyEqualKeyword.groovy:44)
	at com.kms.katalon.core.keyword.internal.KeywordExecutor.executeKeywordForPlatform(KeywordExecutor.groovy:72)
	at com.kms.katalon.core.keyword.BuiltinKeywords.verifyEqual(BuiltinKeywords.groovy:141)
	at TC_002_Validate_Active_Filter_WithCount.run(TC_002_Validate_Active_Filter_WithCount:71)
	at com.kms.katalon.core.main.ScriptEngine.run(ScriptEngine.java:194)
	at com.kms.katalon.core.main.ScriptEngine.runScriptAsRawText(ScriptEngine.java:119)
	at com.kms.katalon.core.main.TestCaseExecutor.runScript(TestCaseExecutor.java:337)
	at com.kms.katalon.core.main.TestCaseExecutor.doExecute(TestCaseExecutor.java:328)
	at com.kms.katalon.core.main.TestCaseExecutor.processExecutionPhase(TestCaseExecutor.java:307)
	at com.kms.katalon.core.main.TestCaseExecutor.accessMainPhase(TestCaseExecutor.java:299)
	at com.kms.katalon.core.main.TestCaseExecutor.execute(TestCaseExecutor.java:233)
	at com.kms.katalon.core.main.TestSuiteExecutor.accessTestCaseMainPhase(TestSuiteExecutor.java:169)
	at com.kms.katalon.core.main.TestSuiteExecutor.accessTestSuiteMainPhase(TestSuiteExecutor.java:142)
	at com.kms.katalon.core.main.TestSuiteExecutor.execute(TestSuiteExecutor.java:91)
	at com.kms.katalon.core.main.TestCaseMain.startTestSuite(TestCaseMain.java:157)
	at com.kms.katalon.core.main.TestCaseMain$startTestSuite$0.call(Unknown Source)
	at TempTestSuite1582807832068.run(TempTestSuite1582807832068.groovy:36)
)
	at com.kms.katalon.core.keyword.internal.KeywordMain.stepFailed(KeywordMain.groovy:39)
	at com.kms.katalon.core.keyword.internal.KeywordMain.stepFailed(KeywordMain.groovy)
	at com.kms.katalon.core.keyword.internal.KeywordMain.runKeyword(KeywordMain.groovy:70)
	at com.kms.katalon.core.keyword.builtin.VerifyEqualKeyword.verifyEqual(VerifyEqualKeyword.groovy:63)
	at com.kms.katalon.core.keyword.builtin.VerifyEqualKeyword.execute(VerifyEqualKeyword.groovy:44)
	at com.kms.katalon.core.keyword.internal.KeywordExecutor.executeKeywordForPlatform(KeywordExecutor.groovy:72)
	at com.kms.katalon.core.keyword.BuiltinKeywords.verifyEqual(BuiltinKeywords.groovy:141)
	at TC_002_Validate_Active_Filter_WithCount.run(TC_002_Validate_Active_Filter_WithCount:71)
	at com.kms.katalon.core.main.ScriptEngine.run(ScriptEngine.java:194)
	at com.kms.katalon.core.main.ScriptEngine.runScriptAsRawText(ScriptEngine.java:119)
	at com.kms.katalon.core.main.TestCaseExecutor.runScript(TestCaseExecutor.java:337)
	at com.kms.katalon.core.main.TestCaseExecutor.doExecute(TestCaseExecutor.java:328)
	at com.kms.katalon.core.main.TestCaseExecutor.processExecutionPhase(TestCaseExecutor.java:307)
	at com.kms.katalon.core.main.TestCaseExecutor.accessMainPhase(TestCaseExecutor.java:299)
	at com.kms.katalon.core.main.TestCaseExecutor.execute(TestCaseExecutor.java:233)
	at com.kms.katalon.core.main.TestSuiteExecutor.accessTestCaseMainPhase(TestSuiteExecutor.java:169)
	at com.kms.katalon.core.main.TestSuiteExecutor.accessTestSuiteMainPhase(TestSuiteExecutor.java:142)
	at com.kms.katalon.core.main.TestSuiteExecutor.execute(TestSuiteExecutor.java:91)
	at com.kms.katalon.core.main.TestCaseMain.startTestSuite(TestCaseMain.java:157)
	at com.kms.katalon.core.main.TestCaseMain$startTestSuite$0.call(Unknown Source)
	at TempTestSuite1582807832068.run(TempTestSuite1582807832068.groovy:36)
Caused by: com.kms.katalon.core.exception.StepFailedException: Actual object '20' and expected object '23' are not equal
	at com.kms.katalon.core.keyword.builtin.VerifyEqualKeyword$_verifyEqual_closure1.doCall(VerifyEqualKeyword.groovy:58)
	at com.kms.katalon.core.keyword.builtin.VerifyEqualKeyword$_verifyEqual_closure1.call(VerifyEqualKeyword.groovy)
	at com.kms.katalon.core.keyword.internal.KeywordMain.runKeyword(KeywordMain.groovy:68)
	... 18 more
"/>
         <system-out><![CDATA[2020-02-27 18:21:40 - [TEST_CASE][FAILED] - Test Cases/Atlas Platform/Data Management/Data Listing/TC_002_Validate_Active_Filter_WithCount: Test Cases/Atlas Platform/Data Management/Data Listing/TC_002_Validate_Active_Filter_WithCount FAILED.
Reason:
com.kms.katalon.core.exception.StepFailedException: Unable to verify equal between actual object '20' and expected object '23' (Root cause: com.kms.katalon.core.exception.StepFailedException: Actual object '20' and expected object '23' are not equal
	at com.kms.katalon.core.keyword.builtin.VerifyEqualKeyword$_verifyEqual_closure1.doCall(VerifyEqualKeyword.groovy:58)
	at com.kms.katalon.core.keyword.builtin.VerifyEqualKeyword$_verifyEqual_closure1.call(VerifyEqualKeyword.groovy)
	at com.kms.katalon.core.keyword.internal.KeywordMain.runKeyword(KeywordMain.groovy:68)
	at com.kms.katalon.core.keyword.builtin.VerifyEqualKeyword.verifyEqual(VerifyEqualKeyword.groovy:63)
	at com.kms.katalon.core.keyword.builtin.VerifyEqualKeyword.execute(VerifyEqualKeyword.groovy:44)
	at com.kms.katalon.core.keyword.internal.KeywordExecutor.executeKeywordForPlatform(KeywordExecutor.groovy:72)
	at com.kms.katalon.core.keyword.BuiltinKeywords.verifyEqual(BuiltinKeywords.groovy:141)
	at TC_002_Validate_Active_Filter_WithCount.run(TC_002_Validate_Active_Filter_WithCount:71)
	at com.kms.katalon.core.main.ScriptEngine.run(ScriptEngine.java:194)
	at com.kms.katalon.core.main.ScriptEngine.runScriptAsRawText(ScriptEngine.java:119)
	at com.kms.katalon.core.main.TestCaseExecutor.runScript(TestCaseExecutor.java:337)
	at com.kms.katalon.core.main.TestCaseExecutor.doExecute(TestCaseExecutor.java:328)
	at com.kms.katalon.core.main.TestCaseExecutor.processExecutionPhase(TestCaseExecutor.java:307)
	at com.kms.katalon.core.main.TestCaseExecutor.accessMainPhase(TestCaseExecutor.java:299)
	at com.kms.katalon.core.main.TestCaseExecutor.execute(TestCaseExecutor.java:233)
	at com.kms.katalon.core.main.TestSuiteExecutor.accessTestCaseMainPhase(TestSuiteExecutor.java:169)
	at com.kms.katalon.core.main.TestSuiteExecutor.accessTestSuiteMainPhase(TestSuiteExecutor.java:142)
	at com.kms.katalon.core.main.TestSuiteExecutor.execute(TestSuiteExecutor.java:91)
	at com.kms.katalon.core.main.TestCaseMain.startTestSuite(TestCaseMain.java:157)
	at com.kms.katalon.core.main.TestCaseMain$startTestSuite$0.call(Unknown Source)
	at TempTestSuite1582807832068.run(TempTestSuite1582807832068.groovy:36)
)
	at com.kms.katalon.core.keyword.internal.KeywordMain.stepFailed(KeywordMain.groovy:39)
	at com.kms.katalon.core.keyword.internal.KeywordMain.stepFailed(KeywordMain.groovy)
	at com.kms.katalon.core.keyword.internal.KeywordMain.runKeyword(KeywordMain.groovy:70)
	at com.kms.katalon.core.keyword.builtin.VerifyEqualKeyword.verifyEqual(VerifyEqualKeyword.groovy:63)
	at com.kms.katalon.core.keyword.builtin.VerifyEqualKeyword.execute(VerifyEqualKeyword.groovy:44)
	at com.kms.katalon.core.keyword.internal.KeywordExecutor.executeKeywordForPlatform(KeywordExecutor.groovy:72)
	at com.kms.katalon.core.keyword.BuiltinKeywords.verifyEqual(BuiltinKeywords.groovy:141)
	at TC_002_Validate_Active_Filter_WithCount.run(TC_002_Validate_Active_Filter_WithCount:71)
	at com.kms.katalon.core.main.ScriptEngine.run(ScriptEngine.java:194)
	at com.kms.katalon.core.main.ScriptEngine.runScriptAsRawText(ScriptEngine.java:119)
	at com.kms.katalon.core.main.TestCaseExecutor.runScript(TestCaseExecutor.java:337)
	at com.kms.katalon.core.main.TestCaseExecutor.doExecute(TestCaseExecutor.java:328)
	at com.kms.katalon.core.main.TestCaseExecutor.processExecutionPhase(TestCaseExecutor.java:307)
	at com.kms.katalon.core.main.TestCaseExecutor.accessMainPhase(TestCaseExecutor.java:299)
	at com.kms.katalon.core.main.TestCaseExecutor.execute(TestCaseExecutor.java:233)
	at com.kms.katalon.core.main.TestSuiteExecutor.accessTestCaseMainPhase(TestSuiteExecutor.java:169)
	at com.kms.katalon.core.main.TestSuiteExecutor.accessTestSuiteMainPhase(TestSuiteExecutor.java:142)
	at com.kms.katalon.core.main.TestSuiteExecutor.execute(TestSuiteExecutor.java:91)
	at com.kms.katalon.core.main.TestCaseMain.startTestSuite(TestCaseMain.java:157)
	at com.kms.katalon.core.main.TestCaseMain$startTestSuite$0.call(Unknown Source)
	at TempTestSuite1582807832068.run(TempTestSuite1582807832068.groovy:36)
Caused by: com.kms.katalon.core.exception.StepFailedException: Actual object '20' and expected object '23' are not equal
	at com.kms.katalon.core.keyword.builtin.VerifyEqualKeyword$_verifyEqual_closure1.doCall(VerifyEqualKeyword.groovy:58)
	at com.kms.katalon.core.keyword.builtin.VerifyEqualKeyword$_verifyEqual_closure1.call(VerifyEqualKeyword.groovy)
	at com.kms.katalon.core.keyword.internal.KeywordMain.runKeyword(KeywordMain.groovy:68)
	... 18 more


2020-02-27 18:21:41 - [TEST_STEP][NOT_RUN] - callTestCase(findTestCase("Atlas Platform/Platform Navigation/Login/LoginWithRootAdmin"), ["user_Email":"navaraj@totient.co.in", "user_Password":"Totient@123"], CONTINUE_ON_FAILURE): NOT_RUN: callTestCase(findTestCase("Atlas Platform/Platform Navigation/Login/LoginWithRootAdmin"), ["user_Email":"navaraj@totient.co.in", "user_Password":"Totient@123"], CONTINUE_ON_FAILURE)

2020-02-27 18:21:41 - [MESSAGE][NOT_RUN] - NOT_RUN: callTestCase(findTestCase("Atlas Platform/Platform Navigation/Login/LoginWithRootAdmin"), ["user_Email":"navaraj@totient.co.in", "user_Password":"Totient@123"], CONTINUE_ON_FAILURE)

2020-02-27 18:21:41 - [TEST_STEP][PASSED] - click(findTestObject("HeaderMenus/audiencemenu")): Object: 'Object Repository/HeaderMenus/audiencemenu' is clicked on

2020-02-27 18:21:41 - [MESSAGE][PASSED] - Object: 'Object Repository/HeaderMenus/audiencemenu' is clicked on

2020-02-27 18:21:41 - [TEST_STEP][PASSED] - refresh(): Refresh successfully

2020-02-27 18:21:45 - [MESSAGE][PASSED] - Refresh successfully

2020-02-27 18:21:45 - [TEST_STEP][PASSED] - click(findTestObject("Login_Page/Dashboard/Data Sub-Navigation/div_Data Source")): Object: 'Object Repository/Login_Page/Dashboard/Data Sub-Navigation/div_Data Source' is clicked on

2020-02-27 18:21:47 - [MESSAGE][PASSED] - Object: 'Object Repository/Login_Page/Dashboard/Data Sub-Navigation/div_Data Source' is clicked on

2020-02-27 18:21:47 - [TEST_STEP][PASSED] - beforefilterapplytot = getText(findTestObject("Object Repository/AUDIENCE/Data Source/total_count")): Text of object 'Object Repository/AUDIENCE/Data Source/total_count' is: '(23)'

2020-02-27 18:21:48 - [MESSAGE][PASSED] - Text of object 'Object Repository/AUDIENCE/Data Source/total_count' is: '(23)'

2020-02-27 18:21:48 - [TEST_STEP][PASSED] - beforetotal = Integer.parseInt(replace(")", "").trim()): null

2020-02-27 18:21:48 - [TEST_STEP][PASSED] - click(findTestObject("Object Repository/AUDIENCE/Data Source/filter")): Object: 'Object Repository/AUDIENCE/Data Source/filter' is clicked on

2020-02-27 18:21:48 - [MESSAGE][PASSED] - Object: 'Object Repository/AUDIENCE/Data Source/filter' is clicked on

2020-02-27 18:21:48 - [TEST_STEP][PASSED] - click(findTestObject("Object Repository/AUDIENCE/Data Source/active")): Object: 'Object Repository/AUDIENCE/Data Source/active' is clicked on

2020-02-27 18:21:49 - [MESSAGE][PASSED] - Object: 'Object Repository/AUDIENCE/Data Source/active' is clicked on

2020-02-27 18:21:49 - [TEST_STEP][PASSED] - click(findTestObject("Object Repository/AUDIENCE/Data Source/apply_btn")): Object: 'Object Repository/AUDIENCE/Data Source/apply_btn' is clicked on

2020-02-27 18:21:49 - [MESSAGE][PASSED] - Object: 'Object Repository/AUDIENCE/Data Source/apply_btn' is clicked on

2020-02-27 18:21:49 - [TEST_STEP][PASSED] - delay(3): Delayed 3 second(s)

2020-02-27 18:21:53 - [MESSAGE][PASSED] - Delayed 3 second(s)

2020-02-27 18:21:53 - [TEST_STEP][PASSED] - verifyElementText(findTestObject("Object Repository/AUDIENCE/Data Source/active_text_filtered"), "Active"): Actual text and expected text of test object 'Object Repository/AUDIENCE/Data Source/active_text_filtered' are matched.

2020-02-27 18:21:53 - [MESSAGE][PASSED] - Actual text and expected text of test object 'Object Repository/AUDIENCE/Data Source/active_text_filtered' are matched.

2020-02-27 18:21:53 - [TEST_STEP][PASSED] - totalText = getText(findTestObject("Object Repository/AUDIENCE/Data Source/matchingRecord_count")): Text of object 'Object Repository/AUDIENCE/Data Source/matchingRecord_count' is: '19 Results Matching'

2020-02-27 18:21:53 - [MESSAGE][PASSED] - Text of object 'Object Repository/AUDIENCE/Data Source/matchingRecord_count' is: '19 Results Matching'

2020-02-27 18:21:53 - [TEST_STEP][PASSED] - total = Integer.parseInt(split(" ")[0].trim()): null

2020-02-27 18:21:53 - [TEST_STEP][PASSED] - elements = findWebElements(findTestObject("AUDIENCE/Data Source/column1_values"), 0): Timeout '0' is invalid. Using default page load timeout: '230'

2020-02-27 18:21:54 - [MESSAGE][WARNING] - Timeout '0' is invalid. Using default page load timeout: '230'

2020-02-27 18:21:54 - [TEST_STEP][PASSED] - pageValueCount = elements.size(): null

2020-02-27 18:21:54 - [TEST_STEP][PASSED] - if (total > 10): null

2020-02-27 18:21:54 - [TEST_STEP][PASSED] - while (total != pageValueCount): null

2020-02-27 18:21:54 - [TEST_STEP][PASSED] - click(findTestObject("AUDIENCE/Data Source/next")): Object: 'Object Repository/AUDIENCE/Data Source/next' is clicked on

2020-02-27 18:21:54 - [MESSAGE][PASSED] - Object: 'Object Repository/AUDIENCE/Data Source/next' is clicked on

2020-02-27 18:21:54 - [TEST_STEP][PASSED] - elements = findWebElements(findTestObject("AUDIENCE/Data Source/column1_values"), 0): Timeout '0' is invalid. Using default page load timeout: '230'

2020-02-27 18:21:55 - [MESSAGE][WARNING] - Timeout '0' is invalid. Using default page load timeout: '230'

2020-02-27 18:21:56 - [TEST_STEP][PASSED] - pageValueCount += elements.size(): null

2020-02-27 18:21:56 - [TEST_STEP][PASSED] - verifyEqual(total, pageValueCount): Actual object '19' and expected object '19' are equal

2020-02-27 18:21:56 - [MESSAGE][PASSED] - Actual object '19' and expected object '19' are equal

2020-02-27 18:21:56 - [TEST_STEP][PASSED] - click(findTestObject("AUDIENCE/Data Source/active_close_icon")): Object: 'Object Repository/AUDIENCE/Data Source/active_close_icon' is clicked on

2020-02-27 18:21:57 - [MESSAGE][PASSED] - Object: 'Object Repository/AUDIENCE/Data Source/active_close_icon' is clicked on

2020-02-27 18:21:57 - [TEST_STEP][PASSED] - afterfilterapplytot = getText(findTestObject("Object Repository/AUDIENCE/Data Source/total_count")): Text of object 'Object Repository/AUDIENCE/Data Source/total_count' is: '(20)'

2020-02-27 18:21:58 - [MESSAGE][PASSED] - Text of object 'Object Repository/AUDIENCE/Data Source/total_count' is: '(20)'

2020-02-27 18:21:58 - [TEST_STEP][PASSED] - aftertotal = Integer.parseInt(replace(")", "").trim()): null

2020-02-27 18:21:58 - [TEST_STEP][FAILED] - verifyEqual(aftertotal, beforetotal): Unable to verify equal between actual object '20' and expected object '23' (Root cause: com.kms.katalon.core.exception.StepFailedException: Actual object '20' and expected object '23' are not equal
	at com.kms.katalon.core.keyword.builtin.VerifyEqualKeyword$_verifyEqual_closure1.doCall(VerifyEqualKeyword.groovy:58)
	at com.kms.katalon.core.keyword.builtin.VerifyEqualKeyword$_verifyEqual_closure1.call(VerifyEqualKeyword.groovy)
	at com.kms.katalon.core.keyword.internal.KeywordMain.runKeyword(KeywordMain.groovy:68)
	at com.kms.katalon.core.keyword.builtin.VerifyEqualKeyword.verifyEqual(VerifyEqualKeyword.groovy:63)
	at com.kms.katalon.core.keyword.builtin.VerifyEqualKeyword.execute(VerifyEqualKeyword.groovy:44)
	at com.kms.katalon.core.keyword.internal.KeywordExecutor.executeKeywordForPlatform(KeywordExecutor.groovy:72)
	at com.kms.katalon.core.keyword.BuiltinKeywords.verifyEqual(BuiltinKeywords.groovy:141)
	at TC_002_Validate_Active_Filter_WithCount.run(TC_002_Validate_Active_Filter_WithCount:71)
	at com.kms.katalon.core.main.ScriptEngine.run(ScriptEngine.java:194)
	at com.kms.katalon.core.main.ScriptEngine.runScriptAsRawText(ScriptEngine.java:119)
	at com.kms.katalon.core.main.TestCaseExecutor.runScript(TestCaseExecutor.java:337)
	at com.kms.katalon.core.main.TestCaseExecutor.doExecute(TestCaseExecutor.java:328)
	at com.kms.katalon.core.main.TestCaseExecutor.processExecutionPhase(TestCaseExecutor.java:307)
	at com.kms.katalon.core.main.TestCaseExecutor.accessMainPhase(TestCaseExecutor.java:299)
	at com.kms.katalon.core.main.TestCaseExecutor.execute(TestCaseExecutor.java:233)
	at com.kms.katalon.core.main.TestSuiteExecutor.accessTestCaseMainPhase(TestSuiteExecutor.java:169)
	at com.kms.katalon.core.main.TestSuiteExecutor.accessTestSuiteMainPhase(TestSuiteExecutor.java:142)
	at com.kms.katalon.core.main.TestSuiteExecutor.execute(TestSuiteExecutor.java:91)
	at com.kms.katalon.core.main.TestCaseMain.startTestSuite(TestCaseMain.java:157)
	at com.kms.katalon.core.main.TestCaseMain$startTestSuite$0.call(Unknown Source)
	at TempTestSuite1582807832068.run(TempTestSuite1582807832068.groovy:36)
)

2020-02-27 18:21:58 - [MESSAGE][FAILED] - Unable to verify equal between actual object '20' and expected object '23' (Root cause: com.kms.katalon.core.exception.StepFailedException: Actual object '20' and expected object '23' are not equal
	at com.kms.katalon.core.keyword.builtin.VerifyEqualKeyword$_verifyEqual_closure1.doCall(VerifyEqualKeyword.groovy:58)
	at com.kms.katalon.core.keyword.builtin.VerifyEqualKeyword$_verifyEqual_closure1.call(VerifyEqualKeyword.groovy)
	at com.kms.katalon.core.keyword.internal.KeywordMain.runKeyword(KeywordMain.groovy:68)
	at com.kms.katalon.core.keyword.builtin.VerifyEqualKeyword.verifyEqual(VerifyEqualKeyword.groovy:63)
	at com.kms.katalon.core.keyword.builtin.VerifyEqualKeyword.execute(VerifyEqualKeyword.groovy:44)
	at com.kms.katalon.core.keyword.internal.KeywordExecutor.executeKeywordForPlatform(KeywordExecutor.groovy:72)
	at com.kms.katalon.core.keyword.BuiltinKeywords.verifyEqual(BuiltinKeywords.groovy:141)
	at TC_002_Validate_Active_Filter_WithCount.run(TC_002_Validate_Active_Filter_WithCount:71)
	at com.kms.katalon.core.main.ScriptEngine.run(ScriptEngine.java:194)
	at com.kms.katalon.core.main.ScriptEngine.runScriptAsRawText(ScriptEngine.java:119)
	at com.kms.katalon.core.main.TestCaseExecutor.runScript(TestCaseExecutor.java:337)
	at com.kms.katalon.core.main.TestCaseExecutor.doExecute(TestCaseExecutor.java:328)
	at com.kms.katalon.core.main.TestCaseExecutor.processExecutionPhase(TestCaseExecutor.java:307)
	at com.kms.katalon.core.main.TestCaseExecutor.accessMainPhase(TestCaseExecutor.java:299)
	at com.kms.katalon.core.main.TestCaseExecutor.execute(TestCaseExecutor.java:233)
	at com.kms.katalon.core.main.TestSuiteExecutor.accessTestCaseMainPhase(TestSuiteExecutor.java:169)
	at com.kms.katalon.core.main.TestSuiteExecutor.accessTestSuiteMainPhase(TestSuiteExecutor.java:142)
	at com.kms.katalon.core.main.TestSuiteExecutor.execute(TestSuiteExecutor.java:91)
	at com.kms.katalon.core.main.TestCaseMain.startTestSuite(TestCaseMain.java:157)
	at com.kms.katalon.core.main.TestCaseMain$startTestSuite$0.call(Unknown Source)
	at TempTestSuite1582807832068.run(TempTestSuite1582807832068.groovy:36)
)

2020-02-27 18:21:58 - [TEST_STEP][PASSED] - Start listener action : sampleAfterTestCase: Taking screenshot successfully

2020-02-27 18:21:58 - [TEST_STEP][PASSED] - println(testCaseContext.getTestCaseId()): null

2020-02-27 18:21:58 - [TEST_STEP][PASSED] - println(testCaseContext.getTestCaseStatus()): null

2020-02-27 18:21:58 - [TEST_STEP][PASSED] - println("On Failure Method is Calling : " + testCaseContext.getTestCaseStatus()): null

2020-02-27 18:21:58 - [TEST_STEP][PASSED] - if (!(getTestCaseStatus().equalsIgnoreCase("PASSED"))): Taking screenshot successfully

2020-02-27 18:21:59 - [MESSAGE][PASSED] - Taking screenshot successfully
[[ATTACHMENT|D:\\TestDataForSampleProject\\test1.jpg]]

2020-02-27 18:22:01 - [TEST_STEP][PASSED] - Video: Video recording for test case 'Test Cases/Atlas Platform/Data Management/Data Listing/TC_002_Validate_Active_Filter_WithCount' .

2020-02-27 18:22:01 - [MESSAGE][INFO] - Video recording for test case 'Test Cases/Atlas Platform/Data Management/Data Listing/TC_002_Validate_Active_Filter_WithCount' .
[[ATTACHMENT|C:\\Users\\Dell\\git\\GSMProject\\Reports\\20200227_182027\\AUDIENCE\\Data Source\\20200227_182027/videos\\test_3.avi]]]]></system-out>
         <system-err><![CDATA[2020-02-27 18:21:40 - [TEST_CASE][FAILED] - Test Cases/Atlas Platform/Data Management/Data Listing/TC_002_Validate_Active_Filter_WithCount: Test Cases/Atlas Platform/Data Management/Data Listing/TC_002_Validate_Active_Filter_WithCount FAILED.
Reason:
com.kms.katalon.core.exception.StepFailedException: Unable to verify equal between actual object '20' and expected object '23' (Root cause: com.kms.katalon.core.exception.StepFailedException: Actual object '20' and expected object '23' are not equal
	at com.kms.katalon.core.keyword.builtin.VerifyEqualKeyword$_verifyEqual_closure1.doCall(VerifyEqualKeyword.groovy:58)
	at com.kms.katalon.core.keyword.builtin.VerifyEqualKeyword$_verifyEqual_closure1.call(VerifyEqualKeyword.groovy)
	at com.kms.katalon.core.keyword.internal.KeywordMain.runKeyword(KeywordMain.groovy:68)
	at com.kms.katalon.core.keyword.builtin.VerifyEqualKeyword.verifyEqual(VerifyEqualKeyword.groovy:63)
	at com.kms.katalon.core.keyword.builtin.VerifyEqualKeyword.execute(VerifyEqualKeyword.groovy:44)
	at com.kms.katalon.core.keyword.internal.KeywordExecutor.executeKeywordForPlatform(KeywordExecutor.groovy:72)
	at com.kms.katalon.core.keyword.BuiltinKeywords.verifyEqual(BuiltinKeywords.groovy:141)
	at TC_002_Validate_Active_Filter_WithCount.run(TC_002_Validate_Active_Filter_WithCount:71)
	at com.kms.katalon.core.main.ScriptEngine.run(ScriptEngine.java:194)
	at com.kms.katalon.core.main.ScriptEngine.runScriptAsRawText(ScriptEngine.java:119)
	at com.kms.katalon.core.main.TestCaseExecutor.runScript(TestCaseExecutor.java:337)
	at com.kms.katalon.core.main.TestCaseExecutor.doExecute(TestCaseExecutor.java:328)
	at com.kms.katalon.core.main.TestCaseExecutor.processExecutionPhase(TestCaseExecutor.java:307)
	at com.kms.katalon.core.main.TestCaseExecutor.accessMainPhase(TestCaseExecutor.java:299)
	at com.kms.katalon.core.main.TestCaseExecutor.execute(TestCaseExecutor.java:233)
	at com.kms.katalon.core.main.TestSuiteExecutor.accessTestCaseMainPhase(TestSuiteExecutor.java:169)
	at com.kms.katalon.core.main.TestSuiteExecutor.accessTestSuiteMainPhase(TestSuiteExecutor.java:142)
	at com.kms.katalon.core.main.TestSuiteExecutor.execute(TestSuiteExecutor.java:91)
	at com.kms.katalon.core.main.TestCaseMain.startTestSuite(TestCaseMain.java:157)
	at com.kms.katalon.core.main.TestCaseMain$startTestSuite$0.call(Unknown Source)
	at TempTestSuite1582807832068.run(TempTestSuite1582807832068.groovy:36)
)
	at com.kms.katalon.core.keyword.internal.KeywordMain.stepFailed(KeywordMain.groovy:39)
	at com.kms.katalon.core.keyword.internal.KeywordMain.stepFailed(KeywordMain.groovy)
	at com.kms.katalon.core.keyword.internal.KeywordMain.runKeyword(KeywordMain.groovy:70)
	at com.kms.katalon.core.keyword.builtin.VerifyEqualKeyword.verifyEqual(VerifyEqualKeyword.groovy:63)
	at com.kms.katalon.core.keyword.builtin.VerifyEqualKeyword.execute(VerifyEqualKeyword.groovy:44)
	at com.kms.katalon.core.keyword.internal.KeywordExecutor.executeKeywordForPlatform(KeywordExecutor.groovy:72)
	at com.kms.katalon.core.keyword.BuiltinKeywords.verifyEqual(BuiltinKeywords.groovy:141)
	at TC_002_Validate_Active_Filter_WithCount.run(TC_002_Validate_Active_Filter_WithCount:71)
	at com.kms.katalon.core.main.ScriptEngine.run(ScriptEngine.java:194)
	at com.kms.katalon.core.main.ScriptEngine.runScriptAsRawText(ScriptEngine.java:119)
	at com.kms.katalon.core.main.TestCaseExecutor.runScript(TestCaseExecutor.java:337)
	at com.kms.katalon.core.main.TestCaseExecutor.doExecute(TestCaseExecutor.java:328)
	at com.kms.katalon.core.main.TestCaseExecutor.processExecutionPhase(TestCaseExecutor.java:307)
	at com.kms.katalon.core.main.TestCaseExecutor.accessMainPhase(TestCaseExecutor.java:299)
	at com.kms.katalon.core.main.TestCaseExecutor.execute(TestCaseExecutor.java:233)
	at com.kms.katalon.core.main.TestSuiteExecutor.accessTestCaseMainPhase(TestSuiteExecutor.java:169)
	at com.kms.katalon.core.main.TestSuiteExecutor.accessTestSuiteMainPhase(TestSuiteExecutor.java:142)
	at com.kms.katalon.core.main.TestSuiteExecutor.execute(TestSuiteExecutor.java:91)
	at com.kms.katalon.core.main.TestCaseMain.startTestSuite(TestCaseMain.java:157)
	at com.kms.katalon.core.main.TestCaseMain$startTestSuite$0.call(Unknown Source)
	at TempTestSuite1582807832068.run(TempTestSuite1582807832068.groovy:36)
Caused by: com.kms.katalon.core.exception.StepFailedException: Actual object '20' and expected object '23' are not equal
	at com.kms.katalon.core.keyword.builtin.VerifyEqualKeyword$_verifyEqual_closure1.doCall(VerifyEqualKeyword.groovy:58)
	at com.kms.katalon.core.keyword.builtin.VerifyEqualKeyword$_verifyEqual_closure1.call(VerifyEqualKeyword.groovy)
	at com.kms.katalon.core.keyword.internal.KeywordMain.runKeyword(KeywordMain.groovy:68)
	... 18 more]]></system-err>
      </testcase>
      <testcase name="Test Cases/Atlas Platform/Data Management/Data Listing/TC_003_Validate_Archive_Filter_WithCount" time="16.77" classname="Test Cases/Atlas Platform/Data Management/Data Listing/TC_003_Validate_Archive_Filter_WithCount" status="FAILED">
         <failure type="FAILED" message="Test Cases/Atlas Platform/Data Management/Data Listing/TC_003_Validate_Archive_Filter_WithCount FAILED.
Reason:
com.kms.katalon.core.exception.StepFailedException: Unable to verify equal between actual object '20' and expected object '23' (Root cause: com.kms.katalon.core.exception.StepFailedException: Actual object '20' and expected object '23' are not equal
	at com.kms.katalon.core.keyword.builtin.VerifyEqualKeyword$_verifyEqual_closure1.doCall(VerifyEqualKeyword.groovy:58)
	at com.kms.katalon.core.keyword.builtin.VerifyEqualKeyword$_verifyEqual_closure1.call(VerifyEqualKeyword.groovy)
	at com.kms.katalon.core.keyword.internal.KeywordMain.runKeyword(KeywordMain.groovy:68)
	at com.kms.katalon.core.keyword.builtin.VerifyEqualKeyword.verifyEqual(VerifyEqualKeyword.groovy:63)
	at com.kms.katalon.core.keyword.builtin.VerifyEqualKeyword.execute(VerifyEqualKeyword.groovy:44)
	at com.kms.katalon.core.keyword.internal.KeywordExecutor.executeKeywordForPlatform(KeywordExecutor.groovy:72)
	at com.kms.katalon.core.keyword.BuiltinKeywords.verifyEqual(BuiltinKeywords.groovy:141)
	at TC_003_Validate_Archive_Filter_WithCount.run(TC_003_Validate_Archive_Filter_WithCount:70)
	at com.kms.katalon.core.main.ScriptEngine.run(ScriptEngine.java:194)
	at com.kms.katalon.core.main.ScriptEngine.runScriptAsRawText(ScriptEngine.java:119)
	at com.kms.katalon.core.main.TestCaseExecutor.runScript(TestCaseExecutor.java:337)
	at com.kms.katalon.core.main.TestCaseExecutor.doExecute(TestCaseExecutor.java:328)
	at com.kms.katalon.core.main.TestCaseExecutor.processExecutionPhase(TestCaseExecutor.java:307)
	at com.kms.katalon.core.main.TestCaseExecutor.accessMainPhase(TestCaseExecutor.java:299)
	at com.kms.katalon.core.main.TestCaseExecutor.execute(TestCaseExecutor.java:233)
	at com.kms.katalon.core.main.TestSuiteExecutor.accessTestCaseMainPhase(TestSuiteExecutor.java:169)
	at com.kms.katalon.core.main.TestSuiteExecutor.accessTestSuiteMainPhase(TestSuiteExecutor.java:142)
	at com.kms.katalon.core.main.TestSuiteExecutor.execute(TestSuiteExecutor.java:91)
	at com.kms.katalon.core.main.TestCaseMain.startTestSuite(TestCaseMain.java:157)
	at com.kms.katalon.core.main.TestCaseMain$startTestSuite$0.call(Unknown Source)
	at TempTestSuite1582807832068.run(TempTestSuite1582807832068.groovy:36)
)
	at com.kms.katalon.core.keyword.internal.KeywordMain.stepFailed(KeywordMain.groovy:39)
	at com.kms.katalon.core.keyword.internal.KeywordMain.stepFailed(KeywordMain.groovy)
	at com.kms.katalon.core.keyword.internal.KeywordMain.runKeyword(KeywordMain.groovy:70)
	at com.kms.katalon.core.keyword.builtin.VerifyEqualKeyword.verifyEqual(VerifyEqualKeyword.groovy:63)
	at com.kms.katalon.core.keyword.builtin.VerifyEqualKeyword.execute(VerifyEqualKeyword.groovy:44)
	at com.kms.katalon.core.keyword.internal.KeywordExecutor.executeKeywordForPlatform(KeywordExecutor.groovy:72)
	at com.kms.katalon.core.keyword.BuiltinKeywords.verifyEqual(BuiltinKeywords.groovy:141)
	at TC_003_Validate_Archive_Filter_WithCount.run(TC_003_Validate_Archive_Filter_WithCount:70)
	at com.kms.katalon.core.main.ScriptEngine.run(ScriptEngine.java:194)
	at com.kms.katalon.core.main.ScriptEngine.runScriptAsRawText(ScriptEngine.java:119)
	at com.kms.katalon.core.main.TestCaseExecutor.runScript(TestCaseExecutor.java:337)
	at com.kms.katalon.core.main.TestCaseExecutor.doExecute(TestCaseExecutor.java:328)
	at com.kms.katalon.core.main.TestCaseExecutor.processExecutionPhase(TestCaseExecutor.java:307)
	at com.kms.katalon.core.main.TestCaseExecutor.accessMainPhase(TestCaseExecutor.java:299)
	at com.kms.katalon.core.main.TestCaseExecutor.execute(TestCaseExecutor.java:233)
	at com.kms.katalon.core.main.TestSuiteExecutor.accessTestCaseMainPhase(TestSuiteExecutor.java:169)
	at com.kms.katalon.core.main.TestSuiteExecutor.accessTestSuiteMainPhase(TestSuiteExecutor.java:142)
	at com.kms.katalon.core.main.TestSuiteExecutor.execute(TestSuiteExecutor.java:91)
	at com.kms.katalon.core.main.TestCaseMain.startTestSuite(TestCaseMain.java:157)
	at com.kms.katalon.core.main.TestCaseMain$startTestSuite$0.call(Unknown Source)
	at TempTestSuite1582807832068.run(TempTestSuite1582807832068.groovy:36)
Caused by: com.kms.katalon.core.exception.StepFailedException: Actual object '20' and expected object '23' are not equal
	at com.kms.katalon.core.keyword.builtin.VerifyEqualKeyword$_verifyEqual_closure1.doCall(VerifyEqualKeyword.groovy:58)
	at com.kms.katalon.core.keyword.builtin.VerifyEqualKeyword$_verifyEqual_closure1.call(VerifyEqualKeyword.groovy)
	at com.kms.katalon.core.keyword.internal.KeywordMain.runKeyword(KeywordMain.groovy:68)
	... 18 more
"/>
         <system-out><![CDATA[2020-02-27 18:22:01 - [TEST_CASE][FAILED] - Test Cases/Atlas Platform/Data Management/Data Listing/TC_003_Validate_Archive_Filter_WithCount: Test Cases/Atlas Platform/Data Management/Data Listing/TC_003_Validate_Archive_Filter_WithCount FAILED.
Reason:
com.kms.katalon.core.exception.StepFailedException: Unable to verify equal between actual object '20' and expected object '23' (Root cause: com.kms.katalon.core.exception.StepFailedException: Actual object '20' and expected object '23' are not equal
	at com.kms.katalon.core.keyword.builtin.VerifyEqualKeyword$_verifyEqual_closure1.doCall(VerifyEqualKeyword.groovy:58)
	at com.kms.katalon.core.keyword.builtin.VerifyEqualKeyword$_verifyEqual_closure1.call(VerifyEqualKeyword.groovy)
	at com.kms.katalon.core.keyword.internal.KeywordMain.runKeyword(KeywordMain.groovy:68)
	at com.kms.katalon.core.keyword.builtin.VerifyEqualKeyword.verifyEqual(VerifyEqualKeyword.groovy:63)
	at com.kms.katalon.core.keyword.builtin.VerifyEqualKeyword.execute(VerifyEqualKeyword.groovy:44)
	at com.kms.katalon.core.keyword.internal.KeywordExecutor.executeKeywordForPlatform(KeywordExecutor.groovy:72)
	at com.kms.katalon.core.keyword.BuiltinKeywords.verifyEqual(BuiltinKeywords.groovy:141)
	at TC_003_Validate_Archive_Filter_WithCount.run(TC_003_Validate_Archive_Filter_WithCount:70)
	at com.kms.katalon.core.main.ScriptEngine.run(ScriptEngine.java:194)
	at com.kms.katalon.core.main.ScriptEngine.runScriptAsRawText(ScriptEngine.java:119)
	at com.kms.katalon.core.main.TestCaseExecutor.runScript(TestCaseExecutor.java:337)
	at com.kms.katalon.core.main.TestCaseExecutor.doExecute(TestCaseExecutor.java:328)
	at com.kms.katalon.core.main.TestCaseExecutor.processExecutionPhase(TestCaseExecutor.java:307)
	at com.kms.katalon.core.main.TestCaseExecutor.accessMainPhase(TestCaseExecutor.java:299)
	at com.kms.katalon.core.main.TestCaseExecutor.execute(TestCaseExecutor.java:233)
	at com.kms.katalon.core.main.TestSuiteExecutor.accessTestCaseMainPhase(TestSuiteExecutor.java:169)
	at com.kms.katalon.core.main.TestSuiteExecutor.accessTestSuiteMainPhase(TestSuiteExecutor.java:142)
	at com.kms.katalon.core.main.TestSuiteExecutor.execute(TestSuiteExecutor.java:91)
	at com.kms.katalon.core.main.TestCaseMain.startTestSuite(TestCaseMain.java:157)
	at com.kms.katalon.core.main.TestCaseMain$startTestSuite$0.call(Unknown Source)
	at TempTestSuite1582807832068.run(TempTestSuite1582807832068.groovy:36)
)
	at com.kms.katalon.core.keyword.internal.KeywordMain.stepFailed(KeywordMain.groovy:39)
	at com.kms.katalon.core.keyword.internal.KeywordMain.stepFailed(KeywordMain.groovy)
	at com.kms.katalon.core.keyword.internal.KeywordMain.runKeyword(KeywordMain.groovy:70)
	at com.kms.katalon.core.keyword.builtin.VerifyEqualKeyword.verifyEqual(VerifyEqualKeyword.groovy:63)
	at com.kms.katalon.core.keyword.builtin.VerifyEqualKeyword.execute(VerifyEqualKeyword.groovy:44)
	at com.kms.katalon.core.keyword.internal.KeywordExecutor.executeKeywordForPlatform(KeywordExecutor.groovy:72)
	at com.kms.katalon.core.keyword.BuiltinKeywords.verifyEqual(BuiltinKeywords.groovy:141)
	at TC_003_Validate_Archive_Filter_WithCount.run(TC_003_Validate_Archive_Filter_WithCount:70)
	at com.kms.katalon.core.main.ScriptEngine.run(ScriptEngine.java:194)
	at com.kms.katalon.core.main.ScriptEngine.runScriptAsRawText(ScriptEngine.java:119)
	at com.kms.katalon.core.main.TestCaseExecutor.runScript(TestCaseExecutor.java:337)
	at com.kms.katalon.core.main.TestCaseExecutor.doExecute(TestCaseExecutor.java:328)
	at com.kms.katalon.core.main.TestCaseExecutor.processExecutionPhase(TestCaseExecutor.java:307)
	at com.kms.katalon.core.main.TestCaseExecutor.accessMainPhase(TestCaseExecutor.java:299)
	at com.kms.katalon.core.main.TestCaseExecutor.execute(TestCaseExecutor.java:233)
	at com.kms.katalon.core.main.TestSuiteExecutor.accessTestCaseMainPhase(TestSuiteExecutor.java:169)
	at com.kms.katalon.core.main.TestSuiteExecutor.accessTestSuiteMainPhase(TestSuiteExecutor.java:142)
	at com.kms.katalon.core.main.TestSuiteExecutor.execute(TestSuiteExecutor.java:91)
	at com.kms.katalon.core.main.TestCaseMain.startTestSuite(TestCaseMain.java:157)
	at com.kms.katalon.core.main.TestCaseMain$startTestSuite$0.call(Unknown Source)
	at TempTestSuite1582807832068.run(TempTestSuite1582807832068.groovy:36)
Caused by: com.kms.katalon.core.exception.StepFailedException: Actual object '20' and expected object '23' are not equal
	at com.kms.katalon.core.keyword.builtin.VerifyEqualKeyword$_verifyEqual_closure1.doCall(VerifyEqualKeyword.groovy:58)
	at com.kms.katalon.core.keyword.builtin.VerifyEqualKeyword$_verifyEqual_closure1.call(VerifyEqualKeyword.groovy)
	at com.kms.katalon.core.keyword.internal.KeywordMain.runKeyword(KeywordMain.groovy:68)
	... 18 more


2020-02-27 18:22:02 - [TEST_STEP][NOT_RUN] - callTestCase(findTestCase("Atlas Platform/Platform Navigation/Login/LoginWithRootAdmin"), ["user_Email":"navaraj@totient.co.in", "user_Password":"Totient@123"], CONTINUE_ON_FAILURE): NOT_RUN: callTestCase(findTestCase("Atlas Platform/Platform Navigation/Login/LoginWithRootAdmin"), ["user_Email":"navaraj@totient.co.in", "user_Password":"Totient@123"], CONTINUE_ON_FAILURE)

2020-02-27 18:22:02 - [MESSAGE][NOT_RUN] - NOT_RUN: callTestCase(findTestCase("Atlas Platform/Platform Navigation/Login/LoginWithRootAdmin"), ["user_Email":"navaraj@totient.co.in", "user_Password":"Totient@123"], CONTINUE_ON_FAILURE)

2020-02-27 18:22:02 - [TEST_STEP][PASSED] - click(findTestObject("HeaderMenus/audiencemenu")): Object: 'Object Repository/HeaderMenus/audiencemenu' is clicked on

2020-02-27 18:22:02 - [MESSAGE][PASSED] - Object: 'Object Repository/HeaderMenus/audiencemenu' is clicked on

2020-02-27 18:22:02 - [TEST_STEP][PASSED] - refresh(): Refresh successfully

2020-02-27 18:22:04 - [MESSAGE][PASSED] - Refresh successfully

2020-02-27 18:22:04 - [TEST_STEP][PASSED] - click(findTestObject("Login_Page/Dashboard/Data Sub-Navigation/div_Data Source")): Object: 'Object Repository/Login_Page/Dashboard/Data Sub-Navigation/div_Data Source' is clicked on

2020-02-27 18:22:06 - [MESSAGE][PASSED] - Object: 'Object Repository/Login_Page/Dashboard/Data Sub-Navigation/div_Data Source' is clicked on

2020-02-27 18:22:06 - [TEST_STEP][PASSED] - beforefilterapplytot = getText(findTestObject("Object Repository/AUDIENCE/Data Source/total_count")): Text of object 'Object Repository/AUDIENCE/Data Source/total_count' is: '(23)'

2020-02-27 18:22:07 - [MESSAGE][PASSED] - Text of object 'Object Repository/AUDIENCE/Data Source/total_count' is: '(23)'

2020-02-27 18:22:07 - [TEST_STEP][PASSED] - beforetotal = Integer.parseInt(replace(")", "").trim()): null

2020-02-27 18:22:07 - [TEST_STEP][PASSED] - click(findTestObject("Object Repository/AUDIENCE/Data Source/filter")): Object: 'Object Repository/AUDIENCE/Data Source/filter' is clicked on

2020-02-27 18:22:07 - [MESSAGE][PASSED] - Object: 'Object Repository/AUDIENCE/Data Source/filter' is clicked on

2020-02-27 18:22:07 - [TEST_STEP][PASSED] - click(findTestObject("AUDIENCE/Data Source/archived")): Object: 'Object Repository/AUDIENCE/Data Source/archived' is clicked on

2020-02-27 18:22:08 - [MESSAGE][PASSED] - Object: 'Object Repository/AUDIENCE/Data Source/archived' is clicked on

2020-02-27 18:22:08 - [TEST_STEP][PASSED] - click(findTestObject("Object Repository/AUDIENCE/Data Source/apply_btn")): Object: 'Object Repository/AUDIENCE/Data Source/apply_btn' is clicked on

2020-02-27 18:22:08 - [MESSAGE][PASSED] - Object: 'Object Repository/AUDIENCE/Data Source/apply_btn' is clicked on

2020-02-27 18:22:08 - [TEST_STEP][PASSED] - delay(3): Delayed 3 second(s)

2020-02-27 18:22:11 - [MESSAGE][PASSED] - Delayed 3 second(s)

2020-02-27 18:22:11 - [TEST_STEP][PASSED] - verifyElementText(findTestObject("AUDIENCE/Data Source/archive_text_filtered"), "Archived"): Actual text and expected text of test object 'Object Repository/AUDIENCE/Data Source/archive_text_filtered' are matched.

2020-02-27 18:22:12 - [MESSAGE][PASSED] - Actual text and expected text of test object 'Object Repository/AUDIENCE/Data Source/archive_text_filtered' are matched.

2020-02-27 18:22:12 - [TEST_STEP][PASSED] - totalText = getText(findTestObject("Object Repository/AUDIENCE/Data Source/matchingRecord_count")): Text of object 'Object Repository/AUDIENCE/Data Source/matchingRecord_count' is: '4 Results Matching'

2020-02-27 18:22:12 - [MESSAGE][PASSED] - Text of object 'Object Repository/AUDIENCE/Data Source/matchingRecord_count' is: '4 Results Matching'

2020-02-27 18:22:12 - [TEST_STEP][PASSED] - total = Integer.parseInt(split(" ")[0].trim()): null

2020-02-27 18:22:12 - [TEST_STEP][PASSED] - elements = findWebElements(findTestObject("AUDIENCE/Data Source/column1_values"), 0): Timeout '0' is invalid. Using default page load timeout: '230'

2020-02-27 18:22:12 - [MESSAGE][WARNING] - Timeout '0' is invalid. Using default page load timeout: '230'

2020-02-27 18:22:13 - [TEST_STEP][PASSED] - pageValueCount = elements.size(): null

2020-02-27 18:22:13 - [TEST_STEP][PASSED] - if (total > 10): null

2020-02-27 18:22:13 - [TEST_STEP][PASSED] - verifyEqual(total, pageValueCount): Actual object '4' and expected object '4' are equal

2020-02-27 18:22:13 - [MESSAGE][PASSED] - Actual object '4' and expected object '4' are equal

2020-02-27 18:22:13 - [TEST_STEP][PASSED] - click(findTestObject("AUDIENCE/Data Source/archive_close_icon")): Object: 'Object Repository/AUDIENCE/Data Source/archive_close_icon' is clicked on

2020-02-27 18:22:13 - [MESSAGE][PASSED] - Object: 'Object Repository/AUDIENCE/Data Source/archive_close_icon' is clicked on

2020-02-27 18:22:13 - [TEST_STEP][PASSED] - afterfilterapplytot = getText(findTestObject("Object Repository/AUDIENCE/Data Source/total_count")): Text of object 'Object Repository/AUDIENCE/Data Source/total_count' is: '(20)'

2020-02-27 18:22:14 - [MESSAGE][PASSED] - Text of object 'Object Repository/AUDIENCE/Data Source/total_count' is: '(20)'

2020-02-27 18:22:14 - [TEST_STEP][PASSED] - aftertotal = Integer.parseInt(replace(")", "").trim()): null

2020-02-27 18:22:14 - [TEST_STEP][FAILED] - verifyEqual(aftertotal, beforetotal): Unable to verify equal between actual object '20' and expected object '23' (Root cause: com.kms.katalon.core.exception.StepFailedException: Actual object '20' and expected object '23' are not equal
	at com.kms.katalon.core.keyword.builtin.VerifyEqualKeyword$_verifyEqual_closure1.doCall(VerifyEqualKeyword.groovy:58)
	at com.kms.katalon.core.keyword.builtin.VerifyEqualKeyword$_verifyEqual_closure1.call(VerifyEqualKeyword.groovy)
	at com.kms.katalon.core.keyword.internal.KeywordMain.runKeyword(KeywordMain.groovy:68)
	at com.kms.katalon.core.keyword.builtin.VerifyEqualKeyword.verifyEqual(VerifyEqualKeyword.groovy:63)
	at com.kms.katalon.core.keyword.builtin.VerifyEqualKeyword.execute(VerifyEqualKeyword.groovy:44)
	at com.kms.katalon.core.keyword.internal.KeywordExecutor.executeKeywordForPlatform(KeywordExecutor.groovy:72)
	at com.kms.katalon.core.keyword.BuiltinKeywords.verifyEqual(BuiltinKeywords.groovy:141)
	at TC_003_Validate_Archive_Filter_WithCount.run(TC_003_Validate_Archive_Filter_WithCount:70)
	at com.kms.katalon.core.main.ScriptEngine.run(ScriptEngine.java:194)
	at com.kms.katalon.core.main.ScriptEngine.runScriptAsRawText(ScriptEngine.java:119)
	at com.kms.katalon.core.main.TestCaseExecutor.runScript(TestCaseExecutor.java:337)
	at com.kms.katalon.core.main.TestCaseExecutor.doExecute(TestCaseExecutor.java:328)
	at com.kms.katalon.core.main.TestCaseExecutor.processExecutionPhase(TestCaseExecutor.java:307)
	at com.kms.katalon.core.main.TestCaseExecutor.accessMainPhase(TestCaseExecutor.java:299)
	at com.kms.katalon.core.main.TestCaseExecutor.execute(TestCaseExecutor.java:233)
	at com.kms.katalon.core.main.TestSuiteExecutor.accessTestCaseMainPhase(TestSuiteExecutor.java:169)
	at com.kms.katalon.core.main.TestSuiteExecutor.accessTestSuiteMainPhase(TestSuiteExecutor.java:142)
	at com.kms.katalon.core.main.TestSuiteExecutor.execute(TestSuiteExecutor.java:91)
	at com.kms.katalon.core.main.TestCaseMain.startTestSuite(TestCaseMain.java:157)
	at com.kms.katalon.core.main.TestCaseMain$startTestSuite$0.call(Unknown Source)
	at TempTestSuite1582807832068.run(TempTestSuite1582807832068.groovy:36)
)

2020-02-27 18:22:14 - [MESSAGE][FAILED] - Unable to verify equal between actual object '20' and expected object '23' (Root cause: com.kms.katalon.core.exception.StepFailedException: Actual object '20' and expected object '23' are not equal
	at com.kms.katalon.core.keyword.builtin.VerifyEqualKeyword$_verifyEqual_closure1.doCall(VerifyEqualKeyword.groovy:58)
	at com.kms.katalon.core.keyword.builtin.VerifyEqualKeyword$_verifyEqual_closure1.call(VerifyEqualKeyword.groovy)
	at com.kms.katalon.core.keyword.internal.KeywordMain.runKeyword(KeywordMain.groovy:68)
	at com.kms.katalon.core.keyword.builtin.VerifyEqualKeyword.verifyEqual(VerifyEqualKeyword.groovy:63)
	at com.kms.katalon.core.keyword.builtin.VerifyEqualKeyword.execute(VerifyEqualKeyword.groovy:44)
	at com.kms.katalon.core.keyword.internal.KeywordExecutor.executeKeywordForPlatform(KeywordExecutor.groovy:72)
	at com.kms.katalon.core.keyword.BuiltinKeywords.verifyEqual(BuiltinKeywords.groovy:141)
	at TC_003_Validate_Archive_Filter_WithCount.run(TC_003_Validate_Archive_Filter_WithCount:70)
	at com.kms.katalon.core.main.ScriptEngine.run(ScriptEngine.java:194)
	at com.kms.katalon.core.main.ScriptEngine.runScriptAsRawText(ScriptEngine.java:119)
	at com.kms.katalon.core.main.TestCaseExecutor.runScript(TestCaseExecutor.java:337)
	at com.kms.katalon.core.main.TestCaseExecutor.doExecute(TestCaseExecutor.java:328)
	at com.kms.katalon.core.main.TestCaseExecutor.processExecutionPhase(TestCaseExecutor.java:307)
	at com.kms.katalon.core.main.TestCaseExecutor.accessMainPhase(TestCaseExecutor.java:299)
	at com.kms.katalon.core.main.TestCaseExecutor.execute(TestCaseExecutor.java:233)
	at com.kms.katalon.core.main.TestSuiteExecutor.accessTestCaseMainPhase(TestSuiteExecutor.java:169)
	at com.kms.katalon.core.main.TestSuiteExecutor.accessTestSuiteMainPhase(TestSuiteExecutor.java:142)
	at com.kms.katalon.core.main.TestSuiteExecutor.execute(TestSuiteExecutor.java:91)
	at com.kms.katalon.core.main.TestCaseMain.startTestSuite(TestCaseMain.java:157)
	at com.kms.katalon.core.main.TestCaseMain$startTestSuite$0.call(Unknown Source)
	at TempTestSuite1582807832068.run(TempTestSuite1582807832068.groovy:36)
)

2020-02-27 18:22:14 - [TEST_STEP][PASSED] - Start listener action : sampleAfterTestCase: Taking screenshot successfully

2020-02-27 18:22:14 - [TEST_STEP][PASSED] - println(testCaseContext.getTestCaseId()): null

2020-02-27 18:22:14 - [TEST_STEP][PASSED] - println(testCaseContext.getTestCaseStatus()): null

2020-02-27 18:22:14 - [TEST_STEP][PASSED] - println("On Failure Method is Calling : " + testCaseContext.getTestCaseStatus()): null

2020-02-27 18:22:14 - [TEST_STEP][PASSED] - if (!(getTestCaseStatus().equalsIgnoreCase("PASSED"))): Taking screenshot successfully

2020-02-27 18:22:16 - [MESSAGE][PASSED] - Taking screenshot successfully
[[ATTACHMENT|D:\\TestDataForSampleProject\\test1.jpg]]

2020-02-27 18:22:18 - [TEST_STEP][PASSED] - Video: Video recording for test case 'Test Cases/Atlas Platform/Data Management/Data Listing/TC_003_Validate_Archive_Filter_WithCount' .

2020-02-27 18:22:18 - [MESSAGE][INFO] - Video recording for test case 'Test Cases/Atlas Platform/Data Management/Data Listing/TC_003_Validate_Archive_Filter_WithCount' .
[[ATTACHMENT|C:\\Users\\Dell\\git\\GSMProject\\Reports\\20200227_182027\\AUDIENCE\\Data Source\\20200227_182027/videos\\test_4.avi]]]]></system-out>
         <system-err><![CDATA[2020-02-27 18:22:01 - [TEST_CASE][FAILED] - Test Cases/Atlas Platform/Data Management/Data Listing/TC_003_Validate_Archive_Filter_WithCount: Test Cases/Atlas Platform/Data Management/Data Listing/TC_003_Validate_Archive_Filter_WithCount FAILED.
Reason:
com.kms.katalon.core.exception.StepFailedException: Unable to verify equal between actual object '20' and expected object '23' (Root cause: com.kms.katalon.core.exception.StepFailedException: Actual object '20' and expected object '23' are not equal
	at com.kms.katalon.core.keyword.builtin.VerifyEqualKeyword$_verifyEqual_closure1.doCall(VerifyEqualKeyword.groovy:58)
	at com.kms.katalon.core.keyword.builtin.VerifyEqualKeyword$_verifyEqual_closure1.call(VerifyEqualKeyword.groovy)
	at com.kms.katalon.core.keyword.internal.KeywordMain.runKeyword(KeywordMain.groovy:68)
	at com.kms.katalon.core.keyword.builtin.VerifyEqualKeyword.verifyEqual(VerifyEqualKeyword.groovy:63)
	at com.kms.katalon.core.keyword.builtin.VerifyEqualKeyword.execute(VerifyEqualKeyword.groovy:44)
	at com.kms.katalon.core.keyword.internal.KeywordExecutor.executeKeywordForPlatform(KeywordExecutor.groovy:72)
	at com.kms.katalon.core.keyword.BuiltinKeywords.verifyEqual(BuiltinKeywords.groovy:141)
	at TC_003_Validate_Archive_Filter_WithCount.run(TC_003_Validate_Archive_Filter_WithCount:70)
	at com.kms.katalon.core.main.ScriptEngine.run(ScriptEngine.java:194)
	at com.kms.katalon.core.main.ScriptEngine.runScriptAsRawText(ScriptEngine.java:119)
	at com.kms.katalon.core.main.TestCaseExecutor.runScript(TestCaseExecutor.java:337)
	at com.kms.katalon.core.main.TestCaseExecutor.doExecute(TestCaseExecutor.java:328)
	at com.kms.katalon.core.main.TestCaseExecutor.processExecutionPhase(TestCaseExecutor.java:307)
	at com.kms.katalon.core.main.TestCaseExecutor.accessMainPhase(TestCaseExecutor.java:299)
	at com.kms.katalon.core.main.TestCaseExecutor.execute(TestCaseExecutor.java:233)
	at com.kms.katalon.core.main.TestSuiteExecutor.accessTestCaseMainPhase(TestSuiteExecutor.java:169)
	at com.kms.katalon.core.main.TestSuiteExecutor.accessTestSuiteMainPhase(TestSuiteExecutor.java:142)
	at com.kms.katalon.core.main.TestSuiteExecutor.execute(TestSuiteExecutor.java:91)
	at com.kms.katalon.core.main.TestCaseMain.startTestSuite(TestCaseMain.java:157)
	at com.kms.katalon.core.main.TestCaseMain$startTestSuite$0.call(Unknown Source)
	at TempTestSuite1582807832068.run(TempTestSuite1582807832068.groovy:36)
)
	at com.kms.katalon.core.keyword.internal.KeywordMain.stepFailed(KeywordMain.groovy:39)
	at com.kms.katalon.core.keyword.internal.KeywordMain.stepFailed(KeywordMain.groovy)
	at com.kms.katalon.core.keyword.internal.KeywordMain.runKeyword(KeywordMain.groovy:70)
	at com.kms.katalon.core.keyword.builtin.VerifyEqualKeyword.verifyEqual(VerifyEqualKeyword.groovy:63)
	at com.kms.katalon.core.keyword.builtin.VerifyEqualKeyword.execute(VerifyEqualKeyword.groovy:44)
	at com.kms.katalon.core.keyword.internal.KeywordExecutor.executeKeywordForPlatform(KeywordExecutor.groovy:72)
	at com.kms.katalon.core.keyword.BuiltinKeywords.verifyEqual(BuiltinKeywords.groovy:141)
	at TC_003_Validate_Archive_Filter_WithCount.run(TC_003_Validate_Archive_Filter_WithCount:70)
	at com.kms.katalon.core.main.ScriptEngine.run(ScriptEngine.java:194)
	at com.kms.katalon.core.main.ScriptEngine.runScriptAsRawText(ScriptEngine.java:119)
	at com.kms.katalon.core.main.TestCaseExecutor.runScript(TestCaseExecutor.java:337)
	at com.kms.katalon.core.main.TestCaseExecutor.doExecute(TestCaseExecutor.java:328)
	at com.kms.katalon.core.main.TestCaseExecutor.processExecutionPhase(TestCaseExecutor.java:307)
	at com.kms.katalon.core.main.TestCaseExecutor.accessMainPhase(TestCaseExecutor.java:299)
	at com.kms.katalon.core.main.TestCaseExecutor.execute(TestCaseExecutor.java:233)
	at com.kms.katalon.core.main.TestSuiteExecutor.accessTestCaseMainPhase(TestSuiteExecutor.java:169)
	at com.kms.katalon.core.main.TestSuiteExecutor.accessTestSuiteMainPhase(TestSuiteExecutor.java:142)
	at com.kms.katalon.core.main.TestSuiteExecutor.execute(TestSuiteExecutor.java:91)
	at com.kms.katalon.core.main.TestCaseMain.startTestSuite(TestCaseMain.java:157)
	at com.kms.katalon.core.main.TestCaseMain$startTestSuite$0.call(Unknown Source)
	at TempTestSuite1582807832068.run(TempTestSuite1582807832068.groovy:36)
Caused by: com.kms.katalon.core.exception.StepFailedException: Actual object '20' and expected object '23' are not equal
	at com.kms.katalon.core.keyword.builtin.VerifyEqualKeyword$_verifyEqual_closure1.doCall(VerifyEqualKeyword.groovy:58)
	at com.kms.katalon.core.keyword.builtin.VerifyEqualKeyword$_verifyEqual_closure1.call(VerifyEqualKeyword.groovy)
	at com.kms.katalon.core.keyword.internal.KeywordMain.runKeyword(KeywordMain.groovy:68)
	... 18 more]]></system-err>
      </testcase>
      <testcase name="Test Cases/Atlas Platform/Data Management/Data Listing/TC_004_Validate_Search_Box_Valid_Text_With_Count" time="16.114" classname="Test Cases/Atlas Platform/Data Management/Data Listing/TC_004_Validate_Search_Box_Valid_Text_With_Count" status="FAILED">
         <failure type="FAILED" message="Test Cases/Atlas Platform/Data Management/Data Listing/TC_004_Validate_Search_Box_Valid_Text_With_Count FAILED.
Reason:
com.kms.katalon.core.exception.StepFailedException: Unable to verify equal between actual object '20' and expected object '23' (Root cause: com.kms.katalon.core.exception.StepFailedException: Actual object '20' and expected object '23' are not equal
	at com.kms.katalon.core.keyword.builtin.VerifyEqualKeyword$_verifyEqual_closure1.doCall(VerifyEqualKeyword.groovy:58)
	at com.kms.katalon.core.keyword.builtin.VerifyEqualKeyword$_verifyEqual_closure1.call(VerifyEqualKeyword.groovy)
	at com.kms.katalon.core.keyword.internal.KeywordMain.runKeyword(KeywordMain.groovy:68)
	at com.kms.katalon.core.keyword.builtin.VerifyEqualKeyword.verifyEqual(VerifyEqualKeyword.groovy:63)
	at com.kms.katalon.core.keyword.builtin.VerifyEqualKeyword.execute(VerifyEqualKeyword.groovy:44)
	at com.kms.katalon.core.keyword.internal.KeywordExecutor.executeKeywordForPlatform(KeywordExecutor.groovy:72)
	at com.kms.katalon.core.keyword.BuiltinKeywords.verifyEqual(BuiltinKeywords.groovy:141)
	at TC_004_Validate_Search_Box_Valid_Text_With_Count.run(TC_004_Validate_Search_Box_Valid_Text_With_Count:66)
	at com.kms.katalon.core.main.ScriptEngine.run(ScriptEngine.java:194)
	at com.kms.katalon.core.main.ScriptEngine.runScriptAsRawText(ScriptEngine.java:119)
	at com.kms.katalon.core.main.TestCaseExecutor.runScript(TestCaseExecutor.java:337)
	at com.kms.katalon.core.main.TestCaseExecutor.doExecute(TestCaseExecutor.java:328)
	at com.kms.katalon.core.main.TestCaseExecutor.processExecutionPhase(TestCaseExecutor.java:307)
	at com.kms.katalon.core.main.TestCaseExecutor.accessMainPhase(TestCaseExecutor.java:299)
	at com.kms.katalon.core.main.TestCaseExecutor.execute(TestCaseExecutor.java:233)
	at com.kms.katalon.core.main.TestSuiteExecutor.accessTestCaseMainPhase(TestSuiteExecutor.java:169)
	at com.kms.katalon.core.main.TestSuiteExecutor.accessTestSuiteMainPhase(TestSuiteExecutor.java:142)
	at com.kms.katalon.core.main.TestSuiteExecutor.execute(TestSuiteExecutor.java:91)
	at com.kms.katalon.core.main.TestCaseMain.startTestSuite(TestCaseMain.java:157)
	at com.kms.katalon.core.main.TestCaseMain$startTestSuite$0.call(Unknown Source)
	at TempTestSuite1582807832068.run(TempTestSuite1582807832068.groovy:36)
)
	at com.kms.katalon.core.keyword.internal.KeywordMain.stepFailed(KeywordMain.groovy:39)
	at com.kms.katalon.core.keyword.internal.KeywordMain.stepFailed(KeywordMain.groovy)
	at com.kms.katalon.core.keyword.internal.KeywordMain.runKeyword(KeywordMain.groovy:70)
	at com.kms.katalon.core.keyword.builtin.VerifyEqualKeyword.verifyEqual(VerifyEqualKeyword.groovy:63)
	at com.kms.katalon.core.keyword.builtin.VerifyEqualKeyword.execute(VerifyEqualKeyword.groovy:44)
	at com.kms.katalon.core.keyword.internal.KeywordExecutor.executeKeywordForPlatform(KeywordExecutor.groovy:72)
	at com.kms.katalon.core.keyword.BuiltinKeywords.verifyEqual(BuiltinKeywords.groovy:141)
	at TC_004_Validate_Search_Box_Valid_Text_With_Count.run(TC_004_Validate_Search_Box_Valid_Text_With_Count:66)
	at com.kms.katalon.core.main.ScriptEngine.run(ScriptEngine.java:194)
	at com.kms.katalon.core.main.ScriptEngine.runScriptAsRawText(ScriptEngine.java:119)
	at com.kms.katalon.core.main.TestCaseExecutor.runScript(TestCaseExecutor.java:337)
	at com.kms.katalon.core.main.TestCaseExecutor.doExecute(TestCaseExecutor.java:328)
	at com.kms.katalon.core.main.TestCaseExecutor.processExecutionPhase(TestCaseExecutor.java:307)
	at com.kms.katalon.core.main.TestCaseExecutor.accessMainPhase(TestCaseExecutor.java:299)
	at com.kms.katalon.core.main.TestCaseExecutor.execute(TestCaseExecutor.java:233)
	at com.kms.katalon.core.main.TestSuiteExecutor.accessTestCaseMainPhase(TestSuiteExecutor.java:169)
	at com.kms.katalon.core.main.TestSuiteExecutor.accessTestSuiteMainPhase(TestSuiteExecutor.java:142)
	at com.kms.katalon.core.main.TestSuiteExecutor.execute(TestSuiteExecutor.java:91)
	at com.kms.katalon.core.main.TestCaseMain.startTestSuite(TestCaseMain.java:157)
	at com.kms.katalon.core.main.TestCaseMain$startTestSuite$0.call(Unknown Source)
	at TempTestSuite1582807832068.run(TempTestSuite1582807832068.groovy:36)
Caused by: com.kms.katalon.core.exception.StepFailedException: Actual object '20' and expected object '23' are not equal
	at com.kms.katalon.core.keyword.builtin.VerifyEqualKeyword$_verifyEqual_closure1.doCall(VerifyEqualKeyword.groovy:58)
	at com.kms.katalon.core.keyword.builtin.VerifyEqualKeyword$_verifyEqual_closure1.call(VerifyEqualKeyword.groovy)
	at com.kms.katalon.core.keyword.internal.KeywordMain.runKeyword(KeywordMain.groovy:68)
	... 18 more
"/>
         <system-out><![CDATA[2020-02-27 18:22:18 - [TEST_CASE][FAILED] - Test Cases/Atlas Platform/Data Management/Data Listing/TC_004_Validate_Search_Box_Valid_Text_With_Count: Test Cases/Atlas Platform/Data Management/Data Listing/TC_004_Validate_Search_Box_Valid_Text_With_Count FAILED.
Reason:
com.kms.katalon.core.exception.StepFailedException: Unable to verify equal between actual object '20' and expected object '23' (Root cause: com.kms.katalon.core.exception.StepFailedException: Actual object '20' and expected object '23' are not equal
	at com.kms.katalon.core.keyword.builtin.VerifyEqualKeyword$_verifyEqual_closure1.doCall(VerifyEqualKeyword.groovy:58)
	at com.kms.katalon.core.keyword.builtin.VerifyEqualKeyword$_verifyEqual_closure1.call(VerifyEqualKeyword.groovy)
	at com.kms.katalon.core.keyword.internal.KeywordMain.runKeyword(KeywordMain.groovy:68)
	at com.kms.katalon.core.keyword.builtin.VerifyEqualKeyword.verifyEqual(VerifyEqualKeyword.groovy:63)
	at com.kms.katalon.core.keyword.builtin.VerifyEqualKeyword.execute(VerifyEqualKeyword.groovy:44)
	at com.kms.katalon.core.keyword.internal.KeywordExecutor.executeKeywordForPlatform(KeywordExecutor.groovy:72)
	at com.kms.katalon.core.keyword.BuiltinKeywords.verifyEqual(BuiltinKeywords.groovy:141)
	at TC_004_Validate_Search_Box_Valid_Text_With_Count.run(TC_004_Validate_Search_Box_Valid_Text_With_Count:66)
	at com.kms.katalon.core.main.ScriptEngine.run(ScriptEngine.java:194)
	at com.kms.katalon.core.main.ScriptEngine.runScriptAsRawText(ScriptEngine.java:119)
	at com.kms.katalon.core.main.TestCaseExecutor.runScript(TestCaseExecutor.java:337)
	at com.kms.katalon.core.main.TestCaseExecutor.doExecute(TestCaseExecutor.java:328)
	at com.kms.katalon.core.main.TestCaseExecutor.processExecutionPhase(TestCaseExecutor.java:307)
	at com.kms.katalon.core.main.TestCaseExecutor.accessMainPhase(TestCaseExecutor.java:299)
	at com.kms.katalon.core.main.TestCaseExecutor.execute(TestCaseExecutor.java:233)
	at com.kms.katalon.core.main.TestSuiteExecutor.accessTestCaseMainPhase(TestSuiteExecutor.java:169)
	at com.kms.katalon.core.main.TestSuiteExecutor.accessTestSuiteMainPhase(TestSuiteExecutor.java:142)
	at com.kms.katalon.core.main.TestSuiteExecutor.execute(TestSuiteExecutor.java:91)
	at com.kms.katalon.core.main.TestCaseMain.startTestSuite(TestCaseMain.java:157)
	at com.kms.katalon.core.main.TestCaseMain$startTestSuite$0.call(Unknown Source)
	at TempTestSuite1582807832068.run(TempTestSuite1582807832068.groovy:36)
)
	at com.kms.katalon.core.keyword.internal.KeywordMain.stepFailed(KeywordMain.groovy:39)
	at com.kms.katalon.core.keyword.internal.KeywordMain.stepFailed(KeywordMain.groovy)
	at com.kms.katalon.core.keyword.internal.KeywordMain.runKeyword(KeywordMain.groovy:70)
	at com.kms.katalon.core.keyword.builtin.VerifyEqualKeyword.verifyEqual(VerifyEqualKeyword.groovy:63)
	at com.kms.katalon.core.keyword.builtin.VerifyEqualKeyword.execute(VerifyEqualKeyword.groovy:44)
	at com.kms.katalon.core.keyword.internal.KeywordExecutor.executeKeywordForPlatform(KeywordExecutor.groovy:72)
	at com.kms.katalon.core.keyword.BuiltinKeywords.verifyEqual(BuiltinKeywords.groovy:141)
	at TC_004_Validate_Search_Box_Valid_Text_With_Count.run(TC_004_Validate_Search_Box_Valid_Text_With_Count:66)
	at com.kms.katalon.core.main.ScriptEngine.run(ScriptEngine.java:194)
	at com.kms.katalon.core.main.ScriptEngine.runScriptAsRawText(ScriptEngine.java:119)
	at com.kms.katalon.core.main.TestCaseExecutor.runScript(TestCaseExecutor.java:337)
	at com.kms.katalon.core.main.TestCaseExecutor.doExecute(TestCaseExecutor.java:328)
	at com.kms.katalon.core.main.TestCaseExecutor.processExecutionPhase(TestCaseExecutor.java:307)
	at com.kms.katalon.core.main.TestCaseExecutor.accessMainPhase(TestCaseExecutor.java:299)
	at com.kms.katalon.core.main.TestCaseExecutor.execute(TestCaseExecutor.java:233)
	at com.kms.katalon.core.main.TestSuiteExecutor.accessTestCaseMainPhase(TestSuiteExecutor.java:169)
	at com.kms.katalon.core.main.TestSuiteExecutor.accessTestSuiteMainPhase(TestSuiteExecutor.java:142)
	at com.kms.katalon.core.main.TestSuiteExecutor.execute(TestSuiteExecutor.java:91)
	at com.kms.katalon.core.main.TestCaseMain.startTestSuite(TestCaseMain.java:157)
	at com.kms.katalon.core.main.TestCaseMain$startTestSuite$0.call(Unknown Source)
	at TempTestSuite1582807832068.run(TempTestSuite1582807832068.groovy:36)
Caused by: com.kms.katalon.core.exception.StepFailedException: Actual object '20' and expected object '23' are not equal
	at com.kms.katalon.core.keyword.builtin.VerifyEqualKeyword$_verifyEqual_closure1.doCall(VerifyEqualKeyword.groovy:58)
	at com.kms.katalon.core.keyword.builtin.VerifyEqualKeyword$_verifyEqual_closure1.call(VerifyEqualKeyword.groovy)
	at com.kms.katalon.core.keyword.internal.KeywordMain.runKeyword(KeywordMain.groovy:68)
	... 18 more


2020-02-27 18:22:19 - [TEST_STEP][NOT_RUN] - callTestCase(findTestCase("Atlas Platform/Platform Navigation/Login/LoginWithRootAdmin"), ["user_Email":"navaraj@totient.co.in", "user_Password":"Totient@123"], CONTINUE_ON_FAILURE): NOT_RUN: callTestCase(findTestCase("Atlas Platform/Platform Navigation/Login/LoginWithRootAdmin"), ["user_Email":"navaraj@totient.co.in", "user_Password":"Totient@123"], CONTINUE_ON_FAILURE)

2020-02-27 18:22:19 - [MESSAGE][NOT_RUN] - NOT_RUN: callTestCase(findTestCase("Atlas Platform/Platform Navigation/Login/LoginWithRootAdmin"), ["user_Email":"navaraj@totient.co.in", "user_Password":"Totient@123"], CONTINUE_ON_FAILURE)

2020-02-27 18:22:19 - [TEST_STEP][PASSED] - click(findTestObject("HeaderMenus/audiencemenu")): Object: 'Object Repository/HeaderMenus/audiencemenu' is clicked on

2020-02-27 18:22:19 - [MESSAGE][PASSED] - Object: 'Object Repository/HeaderMenus/audiencemenu' is clicked on

2020-02-27 18:22:19 - [TEST_STEP][PASSED] - refresh(): Refresh successfully

2020-02-27 18:22:21 - [MESSAGE][PASSED] - Refresh successfully

2020-02-27 18:22:21 - [TEST_STEP][PASSED] - click(findTestObject("Login_Page/Dashboard/Data Sub-Navigation/div_Data Source")): Object: 'Object Repository/Login_Page/Dashboard/Data Sub-Navigation/div_Data Source' is clicked on

2020-02-27 18:22:23 - [MESSAGE][PASSED] - Object: 'Object Repository/Login_Page/Dashboard/Data Sub-Navigation/div_Data Source' is clicked on

2020-02-27 18:22:23 - [TEST_STEP][PASSED] - beforefilterapplytot = getText(findTestObject("Object Repository/AUDIENCE/Data Source/total_count")): Text of object 'Object Repository/AUDIENCE/Data Source/total_count' is: '(23)'

2020-02-27 18:22:24 - [MESSAGE][PASSED] - Text of object 'Object Repository/AUDIENCE/Data Source/total_count' is: '(23)'

2020-02-27 18:22:24 - [TEST_STEP][PASSED] - beforetotal = Integer.parseInt(replace(")", "").trim()): null

2020-02-27 18:22:24 - [TEST_STEP][PASSED] - setText(findTestObject("Object Repository/AUDIENCE/Data Source/search_box"), "Test" + ENTER): Text 'ENTER + Test' is set on object 'Object Repository/AUDIENCE/Data Source/search_box'

2020-02-27 18:22:24 - [MESSAGE][PASSED] - Text 'ENTER + Test' is set on object 'Object Repository/AUDIENCE/Data Source/search_box'

2020-02-27 18:22:24 - [TEST_STEP][PASSED] - delay(3): Delayed 3 second(s)

2020-02-27 18:22:27 - [MESSAGE][PASSED] - Delayed 3 second(s)

2020-02-27 18:22:27 - [TEST_STEP][PASSED] - text = getText(findTestObject("CONTENT/Image_Listing/showingtextforpagination")): Text of object 'Object Repository/CONTENT/Image_Listing/showingtextforpagination' is: 'Showing 1-10 of 10 Data Source(s)'

2020-02-27 18:22:28 - [MESSAGE][PASSED] - Text of object 'Object Repository/CONTENT/Image_Listing/showingtextforpagination' is: 'Showing 1-10 of 10 Data Source(s)'

2020-02-27 18:22:28 - [TEST_STEP][PASSED] - resultfound_count = Integer.parseInt(split(" ")[1].trim()): null

2020-02-27 18:22:28 - [TEST_STEP][PASSED] - elements = findWebElements(findTestObject("AUDIENCE/Data Source/column1_values"), 0): Timeout '0' is invalid. Using default page load timeout: '230'

2020-02-27 18:22:28 - [MESSAGE][WARNING] - Timeout '0' is invalid. Using default page load timeout: '230'

2020-02-27 18:22:28 - [TEST_STEP][PASSED] - pageValueCount = elements.size(): null

2020-02-27 18:22:28 - [TEST_STEP][PASSED] - if (resultfound_count > 10): null

2020-02-27 18:22:28 - [TEST_STEP][PASSED] - verifyEqual(resultfound_count, pageValueCount): Actual object '10' and expected object '10' are equal

2020-02-27 18:22:28 - [MESSAGE][PASSED] - Actual object '10' and expected object '10' are equal

2020-02-27 18:22:28 - [TEST_STEP][PASSED] - click(findTestObject("AUDIENCE/Data Source/search_closeicon")): Object: 'Object Repository/AUDIENCE/Data Source/search_closeicon' is clicked on

2020-02-27 18:22:29 - [MESSAGE][PASSED] - Object: 'Object Repository/AUDIENCE/Data Source/search_closeicon' is clicked on

2020-02-27 18:22:29 - [TEST_STEP][PASSED] - afterfilterapplytot = getText(findTestObject("Object Repository/AUDIENCE/Data Source/total_count")): Text of object 'Object Repository/AUDIENCE/Data Source/total_count' is: '(20)'

2020-02-27 18:22:31 - [MESSAGE][PASSED] - Text of object 'Object Repository/AUDIENCE/Data Source/total_count' is: '(20)'

2020-02-27 18:22:31 - [TEST_STEP][PASSED] - aftertotal = Integer.parseInt(replace(")", "").trim()): null

2020-02-27 18:22:31 - [TEST_STEP][FAILED] - verifyEqual(aftertotal, beforetotal): Unable to verify equal between actual object '20' and expected object '23' (Root cause: com.kms.katalon.core.exception.StepFailedException: Actual object '20' and expected object '23' are not equal
	at com.kms.katalon.core.keyword.builtin.VerifyEqualKeyword$_verifyEqual_closure1.doCall(VerifyEqualKeyword.groovy:58)
	at com.kms.katalon.core.keyword.builtin.VerifyEqualKeyword$_verifyEqual_closure1.call(VerifyEqualKeyword.groovy)
	at com.kms.katalon.core.keyword.internal.KeywordMain.runKeyword(KeywordMain.groovy:68)
	at com.kms.katalon.core.keyword.builtin.VerifyEqualKeyword.verifyEqual(VerifyEqualKeyword.groovy:63)
	at com.kms.katalon.core.keyword.builtin.VerifyEqualKeyword.execute(VerifyEqualKeyword.groovy:44)
	at com.kms.katalon.core.keyword.internal.KeywordExecutor.executeKeywordForPlatform(KeywordExecutor.groovy:72)
	at com.kms.katalon.core.keyword.BuiltinKeywords.verifyEqual(BuiltinKeywords.groovy:141)
	at TC_004_Validate_Search_Box_Valid_Text_With_Count.run(TC_004_Validate_Search_Box_Valid_Text_With_Count:66)
	at com.kms.katalon.core.main.ScriptEngine.run(ScriptEngine.java:194)
	at com.kms.katalon.core.main.ScriptEngine.runScriptAsRawText(ScriptEngine.java:119)
	at com.kms.katalon.core.main.TestCaseExecutor.runScript(TestCaseExecutor.java:337)
	at com.kms.katalon.core.main.TestCaseExecutor.doExecute(TestCaseExecutor.java:328)
	at com.kms.katalon.core.main.TestCaseExecutor.processExecutionPhase(TestCaseExecutor.java:307)
	at com.kms.katalon.core.main.TestCaseExecutor.accessMainPhase(TestCaseExecutor.java:299)
	at com.kms.katalon.core.main.TestCaseExecutor.execute(TestCaseExecutor.java:233)
	at com.kms.katalon.core.main.TestSuiteExecutor.accessTestCaseMainPhase(TestSuiteExecutor.java:169)
	at com.kms.katalon.core.main.TestSuiteExecutor.accessTestSuiteMainPhase(TestSuiteExecutor.java:142)
	at com.kms.katalon.core.main.TestSuiteExecutor.execute(TestSuiteExecutor.java:91)
	at com.kms.katalon.core.main.TestCaseMain.startTestSuite(TestCaseMain.java:157)
	at com.kms.katalon.core.main.TestCaseMain$startTestSuite$0.call(Unknown Source)
	at TempTestSuite1582807832068.run(TempTestSuite1582807832068.groovy:36)
)

2020-02-27 18:22:31 - [MESSAGE][FAILED] - Unable to verify equal between actual object '20' and expected object '23' (Root cause: com.kms.katalon.core.exception.StepFailedException: Actual object '20' and expected object '23' are not equal
	at com.kms.katalon.core.keyword.builtin.VerifyEqualKeyword$_verifyEqual_closure1.doCall(VerifyEqualKeyword.groovy:58)
	at com.kms.katalon.core.keyword.builtin.VerifyEqualKeyword$_verifyEqual_closure1.call(VerifyEqualKeyword.groovy)
	at com.kms.katalon.core.keyword.internal.KeywordMain.runKeyword(KeywordMain.groovy:68)
	at com.kms.katalon.core.keyword.builtin.VerifyEqualKeyword.verifyEqual(VerifyEqualKeyword.groovy:63)
	at com.kms.katalon.core.keyword.builtin.VerifyEqualKeyword.execute(VerifyEqualKeyword.groovy:44)
	at com.kms.katalon.core.keyword.internal.KeywordExecutor.executeKeywordForPlatform(KeywordExecutor.groovy:72)
	at com.kms.katalon.core.keyword.BuiltinKeywords.verifyEqual(BuiltinKeywords.groovy:141)
	at TC_004_Validate_Search_Box_Valid_Text_With_Count.run(TC_004_Validate_Search_Box_Valid_Text_With_Count:66)
	at com.kms.katalon.core.main.ScriptEngine.run(ScriptEngine.java:194)
	at com.kms.katalon.core.main.ScriptEngine.runScriptAsRawText(ScriptEngine.java:119)
	at com.kms.katalon.core.main.TestCaseExecutor.runScript(TestCaseExecutor.java:337)
	at com.kms.katalon.core.main.TestCaseExecutor.doExecute(TestCaseExecutor.java:328)
	at com.kms.katalon.core.main.TestCaseExecutor.processExecutionPhase(TestCaseExecutor.java:307)
	at com.kms.katalon.core.main.TestCaseExecutor.accessMainPhase(TestCaseExecutor.java:299)
	at com.kms.katalon.core.main.TestCaseExecutor.execute(TestCaseExecutor.java:233)
	at com.kms.katalon.core.main.TestSuiteExecutor.accessTestCaseMainPhase(TestSuiteExecutor.java:169)
	at com.kms.katalon.core.main.TestSuiteExecutor.accessTestSuiteMainPhase(TestSuiteExecutor.java:142)
	at com.kms.katalon.core.main.TestSuiteExecutor.execute(TestSuiteExecutor.java:91)
	at com.kms.katalon.core.main.TestCaseMain.startTestSuite(TestCaseMain.java:157)
	at com.kms.katalon.core.main.TestCaseMain$startTestSuite$0.call(Unknown Source)
	at TempTestSuite1582807832068.run(TempTestSuite1582807832068.groovy:36)
)

2020-02-27 18:22:31 - [TEST_STEP][PASSED] - Start listener action : sampleAfterTestCase: Taking screenshot successfully

2020-02-27 18:22:31 - [TEST_STEP][PASSED] - println(testCaseContext.getTestCaseId()): null

2020-02-27 18:22:31 - [TEST_STEP][PASSED] - println(testCaseContext.getTestCaseStatus()): null

2020-02-27 18:22:31 - [TEST_STEP][PASSED] - println("On Failure Method is Calling : " + testCaseContext.getTestCaseStatus()): null

2020-02-27 18:22:31 - [TEST_STEP][PASSED] - if (!(getTestCaseStatus().equalsIgnoreCase("PASSED"))): Taking screenshot successfully

2020-02-27 18:22:32 - [MESSAGE][PASSED] - Taking screenshot successfully
[[ATTACHMENT|D:\\TestDataForSampleProject\\test1.jpg]]

2020-02-27 18:22:34 - [TEST_STEP][PASSED] - Video: Video recording for test case 'Test Cases/Atlas Platform/Data Management/Data Listing/TC_004_Validate_Search_Box_Valid_Text_With_Count' .

2020-02-27 18:22:34 - [MESSAGE][INFO] - Video recording for test case 'Test Cases/Atlas Platform/Data Management/Data Listing/TC_004_Validate_Search_Box_Valid_Text_With_Count' .
[[ATTACHMENT|C:\\Users\\Dell\\git\\GSMProject\\Reports\\20200227_182027\\AUDIENCE\\Data Source\\20200227_182027/videos\\test_5.avi]]]]></system-out>
         <system-err><![CDATA[2020-02-27 18:22:18 - [TEST_CASE][FAILED] - Test Cases/Atlas Platform/Data Management/Data Listing/TC_004_Validate_Search_Box_Valid_Text_With_Count: Test Cases/Atlas Platform/Data Management/Data Listing/TC_004_Validate_Search_Box_Valid_Text_With_Count FAILED.
Reason:
com.kms.katalon.core.exception.StepFailedException: Unable to verify equal between actual object '20' and expected object '23' (Root cause: com.kms.katalon.core.exception.StepFailedException: Actual object '20' and expected object '23' are not equal
	at com.kms.katalon.core.keyword.builtin.VerifyEqualKeyword$_verifyEqual_closure1.doCall(VerifyEqualKeyword.groovy:58)
	at com.kms.katalon.core.keyword.builtin.VerifyEqualKeyword$_verifyEqual_closure1.call(VerifyEqualKeyword.groovy)
	at com.kms.katalon.core.keyword.internal.KeywordMain.runKeyword(KeywordMain.groovy:68)
	at com.kms.katalon.core.keyword.builtin.VerifyEqualKeyword.verifyEqual(VerifyEqualKeyword.groovy:63)
	at com.kms.katalon.core.keyword.builtin.VerifyEqualKeyword.execute(VerifyEqualKeyword.groovy:44)
	at com.kms.katalon.core.keyword.internal.KeywordExecutor.executeKeywordForPlatform(KeywordExecutor.groovy:72)
	at com.kms.katalon.core.keyword.BuiltinKeywords.verifyEqual(BuiltinKeywords.groovy:141)
	at TC_004_Validate_Search_Box_Valid_Text_With_Count.run(TC_004_Validate_Search_Box_Valid_Text_With_Count:66)
	at com.kms.katalon.core.main.ScriptEngine.run(ScriptEngine.java:194)
	at com.kms.katalon.core.main.ScriptEngine.runScriptAsRawText(ScriptEngine.java:119)
	at com.kms.katalon.core.main.TestCaseExecutor.runScript(TestCaseExecutor.java:337)
	at com.kms.katalon.core.main.TestCaseExecutor.doExecute(TestCaseExecutor.java:328)
	at com.kms.katalon.core.main.TestCaseExecutor.processExecutionPhase(TestCaseExecutor.java:307)
	at com.kms.katalon.core.main.TestCaseExecutor.accessMainPhase(TestCaseExecutor.java:299)
	at com.kms.katalon.core.main.TestCaseExecutor.execute(TestCaseExecutor.java:233)
	at com.kms.katalon.core.main.TestSuiteExecutor.accessTestCaseMainPhase(TestSuiteExecutor.java:169)
	at com.kms.katalon.core.main.TestSuiteExecutor.accessTestSuiteMainPhase(TestSuiteExecutor.java:142)
	at com.kms.katalon.core.main.TestSuiteExecutor.execute(TestSuiteExecutor.java:91)
	at com.kms.katalon.core.main.TestCaseMain.startTestSuite(TestCaseMain.java:157)
	at com.kms.katalon.core.main.TestCaseMain$startTestSuite$0.call(Unknown Source)
	at TempTestSuite1582807832068.run(TempTestSuite1582807832068.groovy:36)
)
	at com.kms.katalon.core.keyword.internal.KeywordMain.stepFailed(KeywordMain.groovy:39)
	at com.kms.katalon.core.keyword.internal.KeywordMain.stepFailed(KeywordMain.groovy)
	at com.kms.katalon.core.keyword.internal.KeywordMain.runKeyword(KeywordMain.groovy:70)
	at com.kms.katalon.core.keyword.builtin.VerifyEqualKeyword.verifyEqual(VerifyEqualKeyword.groovy:63)
	at com.kms.katalon.core.keyword.builtin.VerifyEqualKeyword.execute(VerifyEqualKeyword.groovy:44)
	at com.kms.katalon.core.keyword.internal.KeywordExecutor.executeKeywordForPlatform(KeywordExecutor.groovy:72)
	at com.kms.katalon.core.keyword.BuiltinKeywords.verifyEqual(BuiltinKeywords.groovy:141)
	at TC_004_Validate_Search_Box_Valid_Text_With_Count.run(TC_004_Validate_Search_Box_Valid_Text_With_Count:66)
	at com.kms.katalon.core.main.ScriptEngine.run(ScriptEngine.java:194)
	at com.kms.katalon.core.main.ScriptEngine.runScriptAsRawText(ScriptEngine.java:119)
	at com.kms.katalon.core.main.TestCaseExecutor.runScript(TestCaseExecutor.java:337)
	at com.kms.katalon.core.main.TestCaseExecutor.doExecute(TestCaseExecutor.java:328)
	at com.kms.katalon.core.main.TestCaseExecutor.processExecutionPhase(TestCaseExecutor.java:307)
	at com.kms.katalon.core.main.TestCaseExecutor.accessMainPhase(TestCaseExecutor.java:299)
	at com.kms.katalon.core.main.TestCaseExecutor.execute(TestCaseExecutor.java:233)
	at com.kms.katalon.core.main.TestSuiteExecutor.accessTestCaseMainPhase(TestSuiteExecutor.java:169)
	at com.kms.katalon.core.main.TestSuiteExecutor.accessTestSuiteMainPhase(TestSuiteExecutor.java:142)
	at com.kms.katalon.core.main.TestSuiteExecutor.execute(TestSuiteExecutor.java:91)
	at com.kms.katalon.core.main.TestCaseMain.startTestSuite(TestCaseMain.java:157)
	at com.kms.katalon.core.main.TestCaseMain$startTestSuite$0.call(Unknown Source)
	at TempTestSuite1582807832068.run(TempTestSuite1582807832068.groovy:36)
Caused by: com.kms.katalon.core.exception.StepFailedException: Actual object '20' and expected object '23' are not equal
	at com.kms.katalon.core.keyword.builtin.VerifyEqualKeyword$_verifyEqual_closure1.doCall(VerifyEqualKeyword.groovy:58)
	at com.kms.katalon.core.keyword.builtin.VerifyEqualKeyword$_verifyEqual_closure1.call(VerifyEqualKeyword.groovy)
	at com.kms.katalon.core.keyword.internal.KeywordMain.runKeyword(KeywordMain.groovy:68)
	... 18 more]]></system-err>
      </testcase>
      <testcase name="Test Cases/Atlas Platform/Data Management/Data Listing/TC_005_Validate_Search_Box_Invalid_Text_With_Count" time="15.951" classname="Test Cases/Atlas Platform/Data Management/Data Listing/TC_005_Validate_Search_Box_Invalid_Text_With_Count" status="FAILED">
         <failure type="FAILED" message="Test Cases/Atlas Platform/Data Management/Data Listing/TC_005_Validate_Search_Box_Invalid_Text_With_Count FAILED.
Reason:
com.kms.katalon.core.exception.StepFailedException: Unable to verify equal between actual object '20' and expected object '23' (Root cause: com.kms.katalon.core.exception.StepFailedException: Actual object '20' and expected object '23' are not equal
	at com.kms.katalon.core.keyword.builtin.VerifyEqualKeyword$_verifyEqual_closure1.doCall(VerifyEqualKeyword.groovy:58)
	at com.kms.katalon.core.keyword.builtin.VerifyEqualKeyword$_verifyEqual_closure1.call(VerifyEqualKeyword.groovy)
	at com.kms.katalon.core.keyword.internal.KeywordMain.runKeyword(KeywordMain.groovy:68)
	at com.kms.katalon.core.keyword.builtin.VerifyEqualKeyword.verifyEqual(VerifyEqualKeyword.groovy:63)
	at com.kms.katalon.core.keyword.builtin.VerifyEqualKeyword.execute(VerifyEqualKeyword.groovy:44)
	at com.kms.katalon.core.keyword.internal.KeywordExecutor.executeKeywordForPlatform(KeywordExecutor.groovy:72)
	at com.kms.katalon.core.keyword.BuiltinKeywords.verifyEqual(BuiltinKeywords.groovy:141)
	at TC_005_Validate_Search_Box_Invalid_Text_With_Count.run(TC_005_Validate_Search_Box_Invalid_Text_With_Count:48)
	at com.kms.katalon.core.main.ScriptEngine.run(ScriptEngine.java:194)
	at com.kms.katalon.core.main.ScriptEngine.runScriptAsRawText(ScriptEngine.java:119)
	at com.kms.katalon.core.main.TestCaseExecutor.runScript(TestCaseExecutor.java:337)
	at com.kms.katalon.core.main.TestCaseExecutor.doExecute(TestCaseExecutor.java:328)
	at com.kms.katalon.core.main.TestCaseExecutor.processExecutionPhase(TestCaseExecutor.java:307)
	at com.kms.katalon.core.main.TestCaseExecutor.accessMainPhase(TestCaseExecutor.java:299)
	at com.kms.katalon.core.main.TestCaseExecutor.execute(TestCaseExecutor.java:233)
	at com.kms.katalon.core.main.TestSuiteExecutor.accessTestCaseMainPhase(TestSuiteExecutor.java:169)
	at com.kms.katalon.core.main.TestSuiteExecutor.accessTestSuiteMainPhase(TestSuiteExecutor.java:142)
	at com.kms.katalon.core.main.TestSuiteExecutor.execute(TestSuiteExecutor.java:91)
	at com.kms.katalon.core.main.TestCaseMain.startTestSuite(TestCaseMain.java:157)
	at com.kms.katalon.core.main.TestCaseMain$startTestSuite$0.call(Unknown Source)
	at TempTestSuite1582807832068.run(TempTestSuite1582807832068.groovy:36)
)
	at com.kms.katalon.core.keyword.internal.KeywordMain.stepFailed(KeywordMain.groovy:39)
	at com.kms.katalon.core.keyword.internal.KeywordMain.stepFailed(KeywordMain.groovy)
	at com.kms.katalon.core.keyword.internal.KeywordMain.runKeyword(KeywordMain.groovy:70)
	at com.kms.katalon.core.keyword.builtin.VerifyEqualKeyword.verifyEqual(VerifyEqualKeyword.groovy:63)
	at com.kms.katalon.core.keyword.builtin.VerifyEqualKeyword.execute(VerifyEqualKeyword.groovy:44)
	at com.kms.katalon.core.keyword.internal.KeywordExecutor.executeKeywordForPlatform(KeywordExecutor.groovy:72)
	at com.kms.katalon.core.keyword.BuiltinKeywords.verifyEqual(BuiltinKeywords.groovy:141)
	at TC_005_Validate_Search_Box_Invalid_Text_With_Count.run(TC_005_Validate_Search_Box_Invalid_Text_With_Count:48)
	at com.kms.katalon.core.main.ScriptEngine.run(ScriptEngine.java:194)
	at com.kms.katalon.core.main.ScriptEngine.runScriptAsRawText(ScriptEngine.java:119)
	at com.kms.katalon.core.main.TestCaseExecutor.runScript(TestCaseExecutor.java:337)
	at com.kms.katalon.core.main.TestCaseExecutor.doExecute(TestCaseExecutor.java:328)
	at com.kms.katalon.core.main.TestCaseExecutor.processExecutionPhase(TestCaseExecutor.java:307)
	at com.kms.katalon.core.main.TestCaseExecutor.accessMainPhase(TestCaseExecutor.java:299)
	at com.kms.katalon.core.main.TestCaseExecutor.execute(TestCaseExecutor.java:233)
	at com.kms.katalon.core.main.TestSuiteExecutor.accessTestCaseMainPhase(TestSuiteExecutor.java:169)
	at com.kms.katalon.core.main.TestSuiteExecutor.accessTestSuiteMainPhase(TestSuiteExecutor.java:142)
	at com.kms.katalon.core.main.TestSuiteExecutor.execute(TestSuiteExecutor.java:91)
	at com.kms.katalon.core.main.TestCaseMain.startTestSuite(TestCaseMain.java:157)
	at com.kms.katalon.core.main.TestCaseMain$startTestSuite$0.call(Unknown Source)
	at TempTestSuite1582807832068.run(TempTestSuite1582807832068.groovy:36)
Caused by: com.kms.katalon.core.exception.StepFailedException: Actual object '20' and expected object '23' are not equal
	at com.kms.katalon.core.keyword.builtin.VerifyEqualKeyword$_verifyEqual_closure1.doCall(VerifyEqualKeyword.groovy:58)
	at com.kms.katalon.core.keyword.builtin.VerifyEqualKeyword$_verifyEqual_closure1.call(VerifyEqualKeyword.groovy)
	at com.kms.katalon.core.keyword.internal.KeywordMain.runKeyword(KeywordMain.groovy:68)
	... 18 more
"/>
         <system-out><![CDATA[2020-02-27 18:22:34 - [TEST_CASE][FAILED] - Test Cases/Atlas Platform/Data Management/Data Listing/TC_005_Validate_Search_Box_Invalid_Text_With_Count: Test Cases/Atlas Platform/Data Management/Data Listing/TC_005_Validate_Search_Box_Invalid_Text_With_Count FAILED.
Reason:
com.kms.katalon.core.exception.StepFailedException: Unable to verify equal between actual object '20' and expected object '23' (Root cause: com.kms.katalon.core.exception.StepFailedException: Actual object '20' and expected object '23' are not equal
	at com.kms.katalon.core.keyword.builtin.VerifyEqualKeyword$_verifyEqual_closure1.doCall(VerifyEqualKeyword.groovy:58)
	at com.kms.katalon.core.keyword.builtin.VerifyEqualKeyword$_verifyEqual_closure1.call(VerifyEqualKeyword.groovy)
	at com.kms.katalon.core.keyword.internal.KeywordMain.runKeyword(KeywordMain.groovy:68)
	at com.kms.katalon.core.keyword.builtin.VerifyEqualKeyword.verifyEqual(VerifyEqualKeyword.groovy:63)
	at com.kms.katalon.core.keyword.builtin.VerifyEqualKeyword.execute(VerifyEqualKeyword.groovy:44)
	at com.kms.katalon.core.keyword.internal.KeywordExecutor.executeKeywordForPlatform(KeywordExecutor.groovy:72)
	at com.kms.katalon.core.keyword.BuiltinKeywords.verifyEqual(BuiltinKeywords.groovy:141)
	at TC_005_Validate_Search_Box_Invalid_Text_With_Count.run(TC_005_Validate_Search_Box_Invalid_Text_With_Count:48)
	at com.kms.katalon.core.main.ScriptEngine.run(ScriptEngine.java:194)
	at com.kms.katalon.core.main.ScriptEngine.runScriptAsRawText(ScriptEngine.java:119)
	at com.kms.katalon.core.main.TestCaseExecutor.runScript(TestCaseExecutor.java:337)
	at com.kms.katalon.core.main.TestCaseExecutor.doExecute(TestCaseExecutor.java:328)
	at com.kms.katalon.core.main.TestCaseExecutor.processExecutionPhase(TestCaseExecutor.java:307)
	at com.kms.katalon.core.main.TestCaseExecutor.accessMainPhase(TestCaseExecutor.java:299)
	at com.kms.katalon.core.main.TestCaseExecutor.execute(TestCaseExecutor.java:233)
	at com.kms.katalon.core.main.TestSuiteExecutor.accessTestCaseMainPhase(TestSuiteExecutor.java:169)
	at com.kms.katalon.core.main.TestSuiteExecutor.accessTestSuiteMainPhase(TestSuiteExecutor.java:142)
	at com.kms.katalon.core.main.TestSuiteExecutor.execute(TestSuiteExecutor.java:91)
	at com.kms.katalon.core.main.TestCaseMain.startTestSuite(TestCaseMain.java:157)
	at com.kms.katalon.core.main.TestCaseMain$startTestSuite$0.call(Unknown Source)
	at TempTestSuite1582807832068.run(TempTestSuite1582807832068.groovy:36)
)
	at com.kms.katalon.core.keyword.internal.KeywordMain.stepFailed(KeywordMain.groovy:39)
	at com.kms.katalon.core.keyword.internal.KeywordMain.stepFailed(KeywordMain.groovy)
	at com.kms.katalon.core.keyword.internal.KeywordMain.runKeyword(KeywordMain.groovy:70)
	at com.kms.katalon.core.keyword.builtin.VerifyEqualKeyword.verifyEqual(VerifyEqualKeyword.groovy:63)
	at com.kms.katalon.core.keyword.builtin.VerifyEqualKeyword.execute(VerifyEqualKeyword.groovy:44)
	at com.kms.katalon.core.keyword.internal.KeywordExecutor.executeKeywordForPlatform(KeywordExecutor.groovy:72)
	at com.kms.katalon.core.keyword.BuiltinKeywords.verifyEqual(BuiltinKeywords.groovy:141)
	at TC_005_Validate_Search_Box_Invalid_Text_With_Count.run(TC_005_Validate_Search_Box_Invalid_Text_With_Count:48)
	at com.kms.katalon.core.main.ScriptEngine.run(ScriptEngine.java:194)
	at com.kms.katalon.core.main.ScriptEngine.runScriptAsRawText(ScriptEngine.java:119)
	at com.kms.katalon.core.main.TestCaseExecutor.runScript(TestCaseExecutor.java:337)
	at com.kms.katalon.core.main.TestCaseExecutor.doExecute(TestCaseExecutor.java:328)
	at com.kms.katalon.core.main.TestCaseExecutor.processExecutionPhase(TestCaseExecutor.java:307)
	at com.kms.katalon.core.main.TestCaseExecutor.accessMainPhase(TestCaseExecutor.java:299)
	at com.kms.katalon.core.main.TestCaseExecutor.execute(TestCaseExecutor.java:233)
	at com.kms.katalon.core.main.TestSuiteExecutor.accessTestCaseMainPhase(TestSuiteExecutor.java:169)
	at com.kms.katalon.core.main.TestSuiteExecutor.accessTestSuiteMainPhase(TestSuiteExecutor.java:142)
	at com.kms.katalon.core.main.TestSuiteExecutor.execute(TestSuiteExecutor.java:91)
	at com.kms.katalon.core.main.TestCaseMain.startTestSuite(TestCaseMain.java:157)
	at com.kms.katalon.core.main.TestCaseMain$startTestSuite$0.call(Unknown Source)
	at TempTestSuite1582807832068.run(TempTestSuite1582807832068.groovy:36)
Caused by: com.kms.katalon.core.exception.StepFailedException: Actual object '20' and expected object '23' are not equal
	at com.kms.katalon.core.keyword.builtin.VerifyEqualKeyword$_verifyEqual_closure1.doCall(VerifyEqualKeyword.groovy:58)
	at com.kms.katalon.core.keyword.builtin.VerifyEqualKeyword$_verifyEqual_closure1.call(VerifyEqualKeyword.groovy)
	at com.kms.katalon.core.keyword.internal.KeywordMain.runKeyword(KeywordMain.groovy:68)
	... 18 more


2020-02-27 18:22:35 - [TEST_STEP][NOT_RUN] - callTestCase(findTestCase("Atlas Platform/Platform Navigation/Login/LoginWithRootAdmin"), ["user_Email":"navaraj@totient.co.in", "user_Password":"Totient@123"], CONTINUE_ON_FAILURE): NOT_RUN: callTestCase(findTestCase("Atlas Platform/Platform Navigation/Login/LoginWithRootAdmin"), ["user_Email":"navaraj@totient.co.in", "user_Password":"Totient@123"], CONTINUE_ON_FAILURE)

2020-02-27 18:22:35 - [MESSAGE][NOT_RUN] - NOT_RUN: callTestCase(findTestCase("Atlas Platform/Platform Navigation/Login/LoginWithRootAdmin"), ["user_Email":"navaraj@totient.co.in", "user_Password":"Totient@123"], CONTINUE_ON_FAILURE)

2020-02-27 18:22:35 - [TEST_STEP][PASSED] - click(findTestObject("HeaderMenus/audiencemenu")): Object: 'Object Repository/HeaderMenus/audiencemenu' is clicked on

2020-02-27 18:22:35 - [MESSAGE][PASSED] - Object: 'Object Repository/HeaderMenus/audiencemenu' is clicked on

2020-02-27 18:22:35 - [TEST_STEP][PASSED] - refresh(): Refresh successfully

2020-02-27 18:22:37 - [MESSAGE][PASSED] - Refresh successfully

2020-02-27 18:22:37 - [TEST_STEP][PASSED] - click(findTestObject("Login_Page/Dashboard/Data Sub-Navigation/div_Data Source")): Object: 'Object Repository/Login_Page/Dashboard/Data Sub-Navigation/div_Data Source' is clicked on

2020-02-27 18:22:38 - [MESSAGE][PASSED] - Object: 'Object Repository/Login_Page/Dashboard/Data Sub-Navigation/div_Data Source' is clicked on

2020-02-27 18:22:38 - [TEST_STEP][PASSED] - beforefilterapplytot = getText(findTestObject("Object Repository/AUDIENCE/Data Source/total_count")): Text of object 'Object Repository/AUDIENCE/Data Source/total_count' is: '(23)'

2020-02-27 18:22:39 - [MESSAGE][PASSED] - Text of object 'Object Repository/AUDIENCE/Data Source/total_count' is: '(23)'

2020-02-27 18:22:39 - [TEST_STEP][PASSED] - beforetotal = Integer.parseInt(replace(")", "").trim()): null

2020-02-27 18:22:39 - [TEST_STEP][PASSED] - setText(findTestObject("Object Repository/AUDIENCE/Data Source/search_box"), "Sameee" + ENTER): Text 'ENTER + Sameee' is set on object 'Object Repository/AUDIENCE/Data Source/search_box'

2020-02-27 18:22:39 - [MESSAGE][PASSED] - Text 'ENTER + Sameee' is set on object 'Object Repository/AUDIENCE/Data Source/search_box'

2020-02-27 18:22:39 - [TEST_STEP][PASSED] - text = getText(findTestObject("CONTENT/Image_Listing/showingtextforpagination")): Text of object 'Object Repository/CONTENT/Image_Listing/showingtextforpagination' is: 'Showing 0 of 0 Data Source(s)'

2020-02-27 18:22:41 - [MESSAGE][PASSED] - Text of object 'Object Repository/CONTENT/Image_Listing/showingtextforpagination' is: 'Showing 0 of 0 Data Source(s)'

2020-02-27 18:22:41 - [TEST_STEP][PASSED] - delay(3): Delayed 3 second(s)

2020-02-27 18:22:44 - [MESSAGE][PASSED] - Delayed 3 second(s)

2020-02-27 18:22:44 - [TEST_STEP][PASSED] - resultfound_count = Integer.parseInt(split(" ")[1].trim()): null

2020-02-27 18:22:44 - [TEST_STEP][PASSED] - verifyEqual(resultfound_count, 0): Actual object '0' and expected object '0' are equal

2020-02-27 18:22:44 - [MESSAGE][PASSED] - Actual object '0' and expected object '0' are equal

2020-02-27 18:22:44 - [TEST_STEP][PASSED] - click(findTestObject("AUDIENCE/Data Source/search_closeicon")): Object: 'Object Repository/AUDIENCE/Data Source/search_closeicon' is clicked on

2020-02-27 18:22:45 - [MESSAGE][PASSED] - Object: 'Object Repository/AUDIENCE/Data Source/search_closeicon' is clicked on

2020-02-27 18:22:45 - [TEST_STEP][PASSED] - afterfilterapplytot = getText(findTestObject("Object Repository/AUDIENCE/Data Source/total_count")): Text of object 'Object Repository/AUDIENCE/Data Source/total_count' is: '(20)'

2020-02-27 18:22:46 - [MESSAGE][PASSED] - Text of object 'Object Repository/AUDIENCE/Data Source/total_count' is: '(20)'

2020-02-27 18:22:46 - [TEST_STEP][PASSED] - aftertotal = Integer.parseInt(replace(")", "").trim()): null

2020-02-27 18:22:46 - [TEST_STEP][FAILED] - verifyEqual(aftertotal, beforetotal): Unable to verify equal between actual object '20' and expected object '23' (Root cause: com.kms.katalon.core.exception.StepFailedException: Actual object '20' and expected object '23' are not equal
	at com.kms.katalon.core.keyword.builtin.VerifyEqualKeyword$_verifyEqual_closure1.doCall(VerifyEqualKeyword.groovy:58)
	at com.kms.katalon.core.keyword.builtin.VerifyEqualKeyword$_verifyEqual_closure1.call(VerifyEqualKeyword.groovy)
	at com.kms.katalon.core.keyword.internal.KeywordMain.runKeyword(KeywordMain.groovy:68)
	at com.kms.katalon.core.keyword.builtin.VerifyEqualKeyword.verifyEqual(VerifyEqualKeyword.groovy:63)
	at com.kms.katalon.core.keyword.builtin.VerifyEqualKeyword.execute(VerifyEqualKeyword.groovy:44)
	at com.kms.katalon.core.keyword.internal.KeywordExecutor.executeKeywordForPlatform(KeywordExecutor.groovy:72)
	at com.kms.katalon.core.keyword.BuiltinKeywords.verifyEqual(BuiltinKeywords.groovy:141)
	at TC_005_Validate_Search_Box_Invalid_Text_With_Count.run(TC_005_Validate_Search_Box_Invalid_Text_With_Count:48)
	at com.kms.katalon.core.main.ScriptEngine.run(ScriptEngine.java:194)
	at com.kms.katalon.core.main.ScriptEngine.runScriptAsRawText(ScriptEngine.java:119)
	at com.kms.katalon.core.main.TestCaseExecutor.runScript(TestCaseExecutor.java:337)
	at com.kms.katalon.core.main.TestCaseExecutor.doExecute(TestCaseExecutor.java:328)
	at com.kms.katalon.core.main.TestCaseExecutor.processExecutionPhase(TestCaseExecutor.java:307)
	at com.kms.katalon.core.main.TestCaseExecutor.accessMainPhase(TestCaseExecutor.java:299)
	at com.kms.katalon.core.main.TestCaseExecutor.execute(TestCaseExecutor.java:233)
	at com.kms.katalon.core.main.TestSuiteExecutor.accessTestCaseMainPhase(TestSuiteExecutor.java:169)
	at com.kms.katalon.core.main.TestSuiteExecutor.accessTestSuiteMainPhase(TestSuiteExecutor.java:142)
	at com.kms.katalon.core.main.TestSuiteExecutor.execute(TestSuiteExecutor.java:91)
	at com.kms.katalon.core.main.TestCaseMain.startTestSuite(TestCaseMain.java:157)
	at com.kms.katalon.core.main.TestCaseMain$startTestSuite$0.call(Unknown Source)
	at TempTestSuite1582807832068.run(TempTestSuite1582807832068.groovy:36)
)

2020-02-27 18:22:46 - [MESSAGE][FAILED] - Unable to verify equal between actual object '20' and expected object '23' (Root cause: com.kms.katalon.core.exception.StepFailedException: Actual object '20' and expected object '23' are not equal
	at com.kms.katalon.core.keyword.builtin.VerifyEqualKeyword$_verifyEqual_closure1.doCall(VerifyEqualKeyword.groovy:58)
	at com.kms.katalon.core.keyword.builtin.VerifyEqualKeyword$_verifyEqual_closure1.call(VerifyEqualKeyword.groovy)
	at com.kms.katalon.core.keyword.internal.KeywordMain.runKeyword(KeywordMain.groovy:68)
	at com.kms.katalon.core.keyword.builtin.VerifyEqualKeyword.verifyEqual(VerifyEqualKeyword.groovy:63)
	at com.kms.katalon.core.keyword.builtin.VerifyEqualKeyword.execute(VerifyEqualKeyword.groovy:44)
	at com.kms.katalon.core.keyword.internal.KeywordExecutor.executeKeywordForPlatform(KeywordExecutor.groovy:72)
	at com.kms.katalon.core.keyword.BuiltinKeywords.verifyEqual(BuiltinKeywords.groovy:141)
	at TC_005_Validate_Search_Box_Invalid_Text_With_Count.run(TC_005_Validate_Search_Box_Invalid_Text_With_Count:48)
	at com.kms.katalon.core.main.ScriptEngine.run(ScriptEngine.java:194)
	at com.kms.katalon.core.main.ScriptEngine.runScriptAsRawText(ScriptEngine.java:119)
	at com.kms.katalon.core.main.TestCaseExecutor.runScript(TestCaseExecutor.java:337)
	at com.kms.katalon.core.main.TestCaseExecutor.doExecute(TestCaseExecutor.java:328)
	at com.kms.katalon.core.main.TestCaseExecutor.processExecutionPhase(TestCaseExecutor.java:307)
	at com.kms.katalon.core.main.TestCaseExecutor.accessMainPhase(TestCaseExecutor.java:299)
	at com.kms.katalon.core.main.TestCaseExecutor.execute(TestCaseExecutor.java:233)
	at com.kms.katalon.core.main.TestSuiteExecutor.accessTestCaseMainPhase(TestSuiteExecutor.java:169)
	at com.kms.katalon.core.main.TestSuiteExecutor.accessTestSuiteMainPhase(TestSuiteExecutor.java:142)
	at com.kms.katalon.core.main.TestSuiteExecutor.execute(TestSuiteExecutor.java:91)
	at com.kms.katalon.core.main.TestCaseMain.startTestSuite(TestCaseMain.java:157)
	at com.kms.katalon.core.main.TestCaseMain$startTestSuite$0.call(Unknown Source)
	at TempTestSuite1582807832068.run(TempTestSuite1582807832068.groovy:36)
)

2020-02-27 18:22:46 - [TEST_STEP][PASSED] - Start listener action : sampleAfterTestCase: Taking screenshot successfully

2020-02-27 18:22:46 - [TEST_STEP][PASSED] - println(testCaseContext.getTestCaseId()): null

2020-02-27 18:22:46 - [TEST_STEP][PASSED] - println(testCaseContext.getTestCaseStatus()): null

2020-02-27 18:22:46 - [TEST_STEP][PASSED] - println("On Failure Method is Calling : " + testCaseContext.getTestCaseStatus()): null

2020-02-27 18:22:46 - [TEST_STEP][PASSED] - if (!(getTestCaseStatus().equalsIgnoreCase("PASSED"))): Taking screenshot successfully

2020-02-27 18:22:47 - [MESSAGE][PASSED] - Taking screenshot successfully
[[ATTACHMENT|D:\\TestDataForSampleProject\\test1.jpg]]

2020-02-27 18:22:50 - [TEST_STEP][PASSED] - Video: Video recording for test case 'Test Cases/Atlas Platform/Data Management/Data Listing/TC_005_Validate_Search_Box_Invalid_Text_With_Count' .

2020-02-27 18:22:50 - [MESSAGE][INFO] - Video recording for test case 'Test Cases/Atlas Platform/Data Management/Data Listing/TC_005_Validate_Search_Box_Invalid_Text_With_Count' .
[[ATTACHMENT|C:\\Users\\Dell\\git\\GSMProject\\Reports\\20200227_182027\\AUDIENCE\\Data Source\\20200227_182027/videos\\test_6.avi]]]]></system-out>
         <system-err><![CDATA[2020-02-27 18:22:34 - [TEST_CASE][FAILED] - Test Cases/Atlas Platform/Data Management/Data Listing/TC_005_Validate_Search_Box_Invalid_Text_With_Count: Test Cases/Atlas Platform/Data Management/Data Listing/TC_005_Validate_Search_Box_Invalid_Text_With_Count FAILED.
Reason:
com.kms.katalon.core.exception.StepFailedException: Unable to verify equal between actual object '20' and expected object '23' (Root cause: com.kms.katalon.core.exception.StepFailedException: Actual object '20' and expected object '23' are not equal
	at com.kms.katalon.core.keyword.builtin.VerifyEqualKeyword$_verifyEqual_closure1.doCall(VerifyEqualKeyword.groovy:58)
	at com.kms.katalon.core.keyword.builtin.VerifyEqualKeyword$_verifyEqual_closure1.call(VerifyEqualKeyword.groovy)
	at com.kms.katalon.core.keyword.internal.KeywordMain.runKeyword(KeywordMain.groovy:68)
	at com.kms.katalon.core.keyword.builtin.VerifyEqualKeyword.verifyEqual(VerifyEqualKeyword.groovy:63)
	at com.kms.katalon.core.keyword.builtin.VerifyEqualKeyword.execute(VerifyEqualKeyword.groovy:44)
	at com.kms.katalon.core.keyword.internal.KeywordExecutor.executeKeywordForPlatform(KeywordExecutor.groovy:72)
	at com.kms.katalon.core.keyword.BuiltinKeywords.verifyEqual(BuiltinKeywords.groovy:141)
	at TC_005_Validate_Search_Box_Invalid_Text_With_Count.run(TC_005_Validate_Search_Box_Invalid_Text_With_Count:48)
	at com.kms.katalon.core.main.ScriptEngine.run(ScriptEngine.java:194)
	at com.kms.katalon.core.main.ScriptEngine.runScriptAsRawText(ScriptEngine.java:119)
	at com.kms.katalon.core.main.TestCaseExecutor.runScript(TestCaseExecutor.java:337)
	at com.kms.katalon.core.main.TestCaseExecutor.doExecute(TestCaseExecutor.java:328)
	at com.kms.katalon.core.main.TestCaseExecutor.processExecutionPhase(TestCaseExecutor.java:307)
	at com.kms.katalon.core.main.TestCaseExecutor.accessMainPhase(TestCaseExecutor.java:299)
	at com.kms.katalon.core.main.TestCaseExecutor.execute(TestCaseExecutor.java:233)
	at com.kms.katalon.core.main.TestSuiteExecutor.accessTestCaseMainPhase(TestSuiteExecutor.java:169)
	at com.kms.katalon.core.main.TestSuiteExecutor.accessTestSuiteMainPhase(TestSuiteExecutor.java:142)
	at com.kms.katalon.core.main.TestSuiteExecutor.execute(TestSuiteExecutor.java:91)
	at com.kms.katalon.core.main.TestCaseMain.startTestSuite(TestCaseMain.java:157)
	at com.kms.katalon.core.main.TestCaseMain$startTestSuite$0.call(Unknown Source)
	at TempTestSuite1582807832068.run(TempTestSuite1582807832068.groovy:36)
)
	at com.kms.katalon.core.keyword.internal.KeywordMain.stepFailed(KeywordMain.groovy:39)
	at com.kms.katalon.core.keyword.internal.KeywordMain.stepFailed(KeywordMain.groovy)
	at com.kms.katalon.core.keyword.internal.KeywordMain.runKeyword(KeywordMain.groovy:70)
	at com.kms.katalon.core.keyword.builtin.VerifyEqualKeyword.verifyEqual(VerifyEqualKeyword.groovy:63)
	at com.kms.katalon.core.keyword.builtin.VerifyEqualKeyword.execute(VerifyEqualKeyword.groovy:44)
	at com.kms.katalon.core.keyword.internal.KeywordExecutor.executeKeywordForPlatform(KeywordExecutor.groovy:72)
	at com.kms.katalon.core.keyword.BuiltinKeywords.verifyEqual(BuiltinKeywords.groovy:141)
	at TC_005_Validate_Search_Box_Invalid_Text_With_Count.run(TC_005_Validate_Search_Box_Invalid_Text_With_Count:48)
	at com.kms.katalon.core.main.ScriptEngine.run(ScriptEngine.java:194)
	at com.kms.katalon.core.main.ScriptEngine.runScriptAsRawText(ScriptEngine.java:119)
	at com.kms.katalon.core.main.TestCaseExecutor.runScript(TestCaseExecutor.java:337)
	at com.kms.katalon.core.main.TestCaseExecutor.doExecute(TestCaseExecutor.java:328)
	at com.kms.katalon.core.main.TestCaseExecutor.processExecutionPhase(TestCaseExecutor.java:307)
	at com.kms.katalon.core.main.TestCaseExecutor.accessMainPhase(TestCaseExecutor.java:299)
	at com.kms.katalon.core.main.TestCaseExecutor.execute(TestCaseExecutor.java:233)
	at com.kms.katalon.core.main.TestSuiteExecutor.accessTestCaseMainPhase(TestSuiteExecutor.java:169)
	at com.kms.katalon.core.main.TestSuiteExecutor.accessTestSuiteMainPhase(TestSuiteExecutor.java:142)
	at com.kms.katalon.core.main.TestSuiteExecutor.execute(TestSuiteExecutor.java:91)
	at com.kms.katalon.core.main.TestCaseMain.startTestSuite(TestCaseMain.java:157)
	at com.kms.katalon.core.main.TestCaseMain$startTestSuite$0.call(Unknown Source)
	at TempTestSuite1582807832068.run(TempTestSuite1582807832068.groovy:36)
Caused by: com.kms.katalon.core.exception.StepFailedException: Actual object '20' and expected object '23' are not equal
	at com.kms.katalon.core.keyword.builtin.VerifyEqualKeyword$_verifyEqual_closure1.doCall(VerifyEqualKeyword.groovy:58)
	at com.kms.katalon.core.keyword.builtin.VerifyEqualKeyword$_verifyEqual_closure1.call(VerifyEqualKeyword.groovy)
	at com.kms.katalon.core.keyword.internal.KeywordMain.runKeyword(KeywordMain.groovy:68)
	... 18 more]]></system-err>
      </testcase>
      <testcase name="Test Cases/Atlas Platform/Data Management/Data Listing/TC_007_Verify_DataSource_Column_Sorting_Order" time="40.105" classname="Test Cases/Atlas Platform/Data Management/Data Listing/TC_007_Verify_DataSource_Column_Sorting_Order" status="PASSED">
         <system-out><![CDATA[2020-02-27 18:22:50 - [TEST_CASE][PASSED] - Test Cases/Atlas Platform/Data Management/Data Listing/TC_007_Verify_DataSource_Column_Sorting_Order: Test Cases/Atlas Platform/Data Management/Data Listing/TC_007_Verify_DataSource_Column_Sorting_Order

2020-02-27 18:22:51 - [TEST_STEP][NOT_RUN] - callTestCase(findTestCase("Atlas Platform/Platform Navigation/Login/LoginWithRootAdmin"), ["user_Email":"navaraj@totient.co.in", "user_Password":"Totient@123"], CONTINUE_ON_FAILURE): NOT_RUN: callTestCase(findTestCase("Atlas Platform/Platform Navigation/Login/LoginWithRootAdmin"), ["user_Email":"navaraj@totient.co.in", "user_Password":"Totient@123"], CONTINUE_ON_FAILURE)

2020-02-27 18:22:51 - [MESSAGE][NOT_RUN] - NOT_RUN: callTestCase(findTestCase("Atlas Platform/Platform Navigation/Login/LoginWithRootAdmin"), ["user_Email":"navaraj@totient.co.in", "user_Password":"Totient@123"], CONTINUE_ON_FAILURE)

2020-02-27 18:22:51 - [TEST_STEP][PASSED] - click(findTestObject("HeaderMenus/audiencemenu")): Object: 'Object Repository/HeaderMenus/audiencemenu' is clicked on

2020-02-27 18:22:52 - [MESSAGE][PASSED] - Object: 'Object Repository/HeaderMenus/audiencemenu' is clicked on

2020-02-27 18:22:52 - [TEST_STEP][PASSED] - refresh(): Refresh successfully

2020-02-27 18:22:54 - [MESSAGE][PASSED] - Refresh successfully

2020-02-27 18:22:54 - [TEST_STEP][PASSED] - click(findTestObject("Login_Page/Dashboard/Data Sub-Navigation/div_Data Source")): Object: 'Object Repository/Login_Page/Dashboard/Data Sub-Navigation/div_Data Source' is clicked on

2020-02-27 18:22:56 - [MESSAGE][PASSED] - Object: 'Object Repository/Login_Page/Dashboard/Data Sub-Navigation/div_Data Source' is clicked on

2020-02-27 18:22:56 - [TEST_STEP][PASSED] - totalText = getText(findTestObject("AUDIENCE/Data Source/total_count")): Text of object 'Object Repository/AUDIENCE/Data Source/total_count' is: '(23)'

2020-02-27 18:22:57 - [MESSAGE][PASSED] - Text of object 'Object Repository/AUDIENCE/Data Source/total_count' is: '(23)'

2020-02-27 18:22:57 - [TEST_STEP][PASSED] - click(findTestObject("AUDIENCE/Data Source/dataSource_Column_Name")): Object: 'Object Repository/AUDIENCE/Data Source/dataSource_Column_Name' is clicked on

2020-02-27 18:22:57 - [MESSAGE][PASSED] - Object: 'Object Repository/AUDIENCE/Data Source/dataSource_Column_Name' is clicked on

2020-02-27 18:22:57 - [TEST_STEP][PASSED] - click(findTestObject("AUDIENCE/Data Source/dataSource_Column_Name")): Object: 'Object Repository/AUDIENCE/Data Source/dataSource_Column_Name' is clicked on

2020-02-27 18:22:58 - [MESSAGE][PASSED] - Object: 'Object Repository/AUDIENCE/Data Source/dataSource_Column_Name' is clicked on

2020-02-27 18:22:58 - [TEST_STEP][PASSED] - total = Integer.parseInt(replace(")", "").trim()): null

2020-02-27 18:22:59 - [TEST_STEP][PASSED] - elements = findWebElements(findTestObject("AUDIENCE/Data Source/column1_values"), 0): Timeout '0' is invalid. Using default page load timeout: '230'

2020-02-27 18:23:00 - [MESSAGE][WARNING] - Timeout '0' is invalid. Using default page load timeout: '230'

2020-02-27 18:23:00 - [TEST_STEP][PASSED] - pageValueCount = 0: null

2020-02-27 18:23:00 - [TEST_STEP][PASSED] - dataSourceTextValues = new java.util.ArrayList(): null

2020-02-27 18:23:01 - [TEST_STEP][PASSED] - if (total > 10): Timeout '0' is invalid. Using default page load timeout: '230'

2020-02-27 18:23:01 - [TEST_STEP][PASSED] - while (total != pageValueCount): Timeout '0' is invalid. Using default page load timeout: '230'

2020-02-27 18:23:01 - [TEST_STEP][PASSED] - for (org.openqa.selenium.WebElement ele : elements): null

2020-02-27 18:23:01 - [TEST_STEP][PASSED] - dataSourceTextValues.add(getText().toLowerCase()): null

2020-02-27 18:23:01 - [TEST_STEP][PASSED] - dataSourceTextValues.add(getText().toLowerCase()): null

2020-02-27 18:23:01 - [TEST_STEP][PASSED] - dataSourceTextValues.add(getText().toLowerCase()): null

2020-02-27 18:23:01 - [TEST_STEP][PASSED] - dataSourceTextValues.add(getText().toLowerCase()): null

2020-02-27 18:23:01 - [TEST_STEP][PASSED] - dataSourceTextValues.add(getText().toLowerCase()): null

2020-02-27 18:23:01 - [TEST_STEP][PASSED] - dataSourceTextValues.add(getText().toLowerCase()): null

2020-02-27 18:23:01 - [TEST_STEP][PASSED] - dataSourceTextValues.add(getText().toLowerCase()): null

2020-02-27 18:23:01 - [TEST_STEP][PASSED] - dataSourceTextValues.add(getText().toLowerCase()): null

2020-02-27 18:23:01 - [TEST_STEP][PASSED] - dataSourceTextValues.add(getText().toLowerCase()): null

2020-02-27 18:23:01 - [TEST_STEP][PASSED] - dataSourceTextValues.add(getText().toLowerCase()): null

2020-02-27 18:23:01 - [TEST_STEP][PASSED] - pageValueCount += elements.size(): null

2020-02-27 18:23:02 - [TEST_STEP][PASSED] - click(findTestObject("AUDIENCE/Data Source/next")): Object: 'Object Repository/AUDIENCE/Data Source/next' is clicked on

2020-02-27 18:23:03 - [MESSAGE][PASSED] - Object: 'Object Repository/AUDIENCE/Data Source/next' is clicked on

2020-02-27 18:23:03 - [TEST_STEP][PASSED] - elements = findWebElements(findTestObject("AUDIENCE/Data Source/column1_values"), 0): Timeout '0' is invalid. Using default page load timeout: '230'

2020-02-27 18:23:04 - [MESSAGE][WARNING] - Timeout '0' is invalid. Using default page load timeout: '230'

2020-02-27 18:23:04 - [TEST_STEP][PASSED] - for (org.openqa.selenium.WebElement ele : elements): null

2020-02-27 18:23:04 - [TEST_STEP][PASSED] - dataSourceTextValues.add(getText().toLowerCase()): null

2020-02-27 18:23:04 - [TEST_STEP][PASSED] - dataSourceTextValues.add(getText().toLowerCase()): null

2020-02-27 18:23:04 - [TEST_STEP][PASSED] - dataSourceTextValues.add(getText().toLowerCase()): null

2020-02-27 18:23:04 - [TEST_STEP][PASSED] - dataSourceTextValues.add(getText().toLowerCase()): null

2020-02-27 18:23:05 - [TEST_STEP][PASSED] - dataSourceTextValues.add(getText().toLowerCase()): null

2020-02-27 18:23:05 - [TEST_STEP][PASSED] - dataSourceTextValues.add(getText().toLowerCase()): null

2020-02-27 18:23:05 - [TEST_STEP][PASSED] - dataSourceTextValues.add(getText().toLowerCase()): null

2020-02-27 18:23:05 - [TEST_STEP][PASSED] - dataSourceTextValues.add(getText().toLowerCase()): null

2020-02-27 18:23:05 - [TEST_STEP][PASSED] - dataSourceTextValues.add(getText().toLowerCase()): null

2020-02-27 18:23:05 - [TEST_STEP][PASSED] - dataSourceTextValues.add(getText().toLowerCase()): null

2020-02-27 18:23:05 - [TEST_STEP][PASSED] - pageValueCount += elements.size(): null

2020-02-27 18:23:05 - [TEST_STEP][PASSED] - click(findTestObject("AUDIENCE/Data Source/next")): Object: 'Object Repository/AUDIENCE/Data Source/next' is clicked on

2020-02-27 18:23:06 - [MESSAGE][PASSED] - Object: 'Object Repository/AUDIENCE/Data Source/next' is clicked on

2020-02-27 18:23:06 - [TEST_STEP][PASSED] - elements = findWebElements(findTestObject("AUDIENCE/Data Source/column1_values"), 0): Timeout '0' is invalid. Using default page load timeout: '230'

2020-02-27 18:23:06 - [MESSAGE][WARNING] - Timeout '0' is invalid. Using default page load timeout: '230'

2020-02-27 18:23:07 - [TEST_STEP][PASSED] - for (org.openqa.selenium.WebElement ele : elements): null

2020-02-27 18:23:07 - [TEST_STEP][PASSED] - dataSourceTextValues.add(getText().toLowerCase()): null

2020-02-27 18:23:07 - [TEST_STEP][PASSED] - dataSourceTextValues.add(getText().toLowerCase()): null

2020-02-27 18:23:07 - [TEST_STEP][PASSED] - dataSourceTextValues.add(getText().toLowerCase()): null

2020-02-27 18:23:07 - [TEST_STEP][PASSED] - pageValueCount += elements.size(): null

2020-02-27 18:23:07 - [TEST_STEP][PASSED] - click(findTestObject("AUDIENCE/Data Source/next")): Object: 'Object Repository/AUDIENCE/Data Source/next' is clicked on

2020-02-27 18:23:11 - [MESSAGE][PASSED] - Object: 'Object Repository/AUDIENCE/Data Source/next' is clicked on

2020-02-27 18:23:11 - [TEST_STEP][PASSED] - elements = findWebElements(findTestObject("AUDIENCE/Data Source/column1_values"), 0): Timeout '0' is invalid. Using default page load timeout: '230'

2020-02-27 18:23:11 - [MESSAGE][WARNING] - Timeout '0' is invalid. Using default page load timeout: '230'

2020-02-27 18:23:11 - [TEST_STEP][PASSED] - isAsc = web.CustomKeyword.checkListAscendingOrder(dataSourceTextValues): web.CustomKeyword.checkListAscendingOrder is PASSED

2020-02-27 18:23:12 - [MESSAGE][PASSED] - web.CustomKeyword.checkListAscendingOrder is PASSED

2020-02-27 18:23:12 - [TEST_STEP][PASSED] - verifyEqual(isAsc, true): Actual object 'true' and expected object 'true' are equal

2020-02-27 18:23:12 - [MESSAGE][PASSED] - Actual object 'true' and expected object 'true' are equal

2020-02-27 18:23:12 - [TEST_STEP][PASSED] - click(findTestObject("HeaderMenus/adminmenu")): Object: 'Object Repository/HeaderMenus/adminmenu' is clicked on

2020-02-27 18:23:12 - [MESSAGE][PASSED] - Object: 'Object Repository/HeaderMenus/adminmenu' is clicked on

2020-02-27 18:23:12 - [TEST_STEP][PASSED] - click(findTestObject("HeaderMenus/audiencemenu")): Object: 'Object Repository/HeaderMenus/audiencemenu' is clicked on

2020-02-27 18:23:15 - [MESSAGE][PASSED] - Object: 'Object Repository/HeaderMenus/audiencemenu' is clicked on

2020-02-27 18:23:15 - [TEST_STEP][PASSED] - click(findTestObject("AUDIENCE/Data Source/dataSource_Column_Name")): Object: 'Object Repository/AUDIENCE/Data Source/dataSource_Column_Name' is clicked on

2020-02-27 18:23:17 - [MESSAGE][PASSED] - Object: 'Object Repository/AUDIENCE/Data Source/dataSource_Column_Name' is clicked on

2020-02-27 18:23:17 - [TEST_STEP][PASSED] - delay(3): Delayed 3 second(s)

2020-02-27 18:23:20 - [MESSAGE][PASSED] - Delayed 3 second(s)

2020-02-27 18:23:20 - [TEST_STEP][PASSED] - dataSourceTextValuesWithDesc = new java.util.ArrayList(): null

2020-02-27 18:23:20 - [TEST_STEP][PASSED] - elements1 = findWebElements(findTestObject("AUDIENCE/Data Source/column1_values"), 0): Timeout '0' is invalid. Using default page load timeout: '230'

2020-02-27 18:23:20 - [MESSAGE][WARNING] - Timeout '0' is invalid. Using default page load timeout: '230'

2020-02-27 18:23:20 - [TEST_STEP][PASSED] - pageValueCount1 = 0: null

2020-02-27 18:23:20 - [TEST_STEP][PASSED] - if (total > 10): Timeout '0' is invalid. Using default page load timeout: '230'

2020-02-27 18:23:20 - [TEST_STEP][PASSED] - while (total != pageValueCount1): Timeout '0' is invalid. Using default page load timeout: '230'

2020-02-27 18:23:20 - [TEST_STEP][PASSED] - for (org.openqa.selenium.WebElement ele1 : elements1): null

2020-02-27 18:23:20 - [TEST_STEP][PASSED] - dataSourceTextValuesWithDesc.add(getText().toLowerCase()): null

2020-02-27 18:23:21 - [TEST_STEP][PASSED] - dataSourceTextValuesWithDesc.add(getText().toLowerCase()): null

2020-02-27 18:23:21 - [TEST_STEP][PASSED] - dataSourceTextValuesWithDesc.add(getText().toLowerCase()): null

2020-02-27 18:23:21 - [TEST_STEP][PASSED] - dataSourceTextValuesWithDesc.add(getText().toLowerCase()): null

2020-02-27 18:23:21 - [TEST_STEP][PASSED] - dataSourceTextValuesWithDesc.add(getText().toLowerCase()): null

2020-02-27 18:23:21 - [TEST_STEP][PASSED] - dataSourceTextValuesWithDesc.add(getText().toLowerCase()): null

2020-02-27 18:23:21 - [TEST_STEP][PASSED] - dataSourceTextValuesWithDesc.add(getText().toLowerCase()): null

2020-02-27 18:23:21 - [TEST_STEP][PASSED] - dataSourceTextValuesWithDesc.add(getText().toLowerCase()): null

2020-02-27 18:23:21 - [TEST_STEP][PASSED] - dataSourceTextValuesWithDesc.add(getText().toLowerCase()): null

2020-02-27 18:23:21 - [TEST_STEP][PASSED] - dataSourceTextValuesWithDesc.add(getText().toLowerCase()): null

2020-02-27 18:23:21 - [TEST_STEP][PASSED] - pageValueCount1 += elements1.size(): null

2020-02-27 18:23:21 - [TEST_STEP][PASSED] - click(findTestObject("AUDIENCE/Data Source/next")): Object: 'Object Repository/AUDIENCE/Data Source/next' is clicked on

2020-02-27 18:23:21 - [MESSAGE][PASSED] - Object: 'Object Repository/AUDIENCE/Data Source/next' is clicked on

2020-02-27 18:23:21 - [TEST_STEP][PASSED] - elements1 = findWebElements(findTestObject("AUDIENCE/Data Source/column1_values"), 0): Timeout '0' is invalid. Using default page load timeout: '230'

2020-02-27 18:23:22 - [MESSAGE][WARNING] - Timeout '0' is invalid. Using default page load timeout: '230'

2020-02-27 18:23:23 - [TEST_STEP][PASSED] - for (org.openqa.selenium.WebElement ele1 : elements1): null

2020-02-27 18:23:23 - [TEST_STEP][PASSED] - dataSourceTextValuesWithDesc.add(getText().toLowerCase()): null

2020-02-27 18:23:23 - [TEST_STEP][PASSED] - dataSourceTextValuesWithDesc.add(getText().toLowerCase()): null

2020-02-27 18:23:23 - [TEST_STEP][PASSED] - dataSourceTextValuesWithDesc.add(getText().toLowerCase()): null

2020-02-27 18:23:23 - [TEST_STEP][PASSED] - dataSourceTextValuesWithDesc.add(getText().toLowerCase()): null

2020-02-27 18:23:23 - [TEST_STEP][PASSED] - dataSourceTextValuesWithDesc.add(getText().toLowerCase()): null

2020-02-27 18:23:23 - [TEST_STEP][PASSED] - dataSourceTextValuesWithDesc.add(getText().toLowerCase()): null

2020-02-27 18:23:23 - [TEST_STEP][PASSED] - dataSourceTextValuesWithDesc.add(getText().toLowerCase()): null

2020-02-27 18:23:23 - [TEST_STEP][PASSED] - dataSourceTextValuesWithDesc.add(getText().toLowerCase()): null

2020-02-27 18:23:23 - [TEST_STEP][PASSED] - dataSourceTextValuesWithDesc.add(getText().toLowerCase()): null

2020-02-27 18:23:23 - [TEST_STEP][PASSED] - dataSourceTextValuesWithDesc.add(getText().toLowerCase()): null

2020-02-27 18:23:23 - [TEST_STEP][PASSED] - pageValueCount1 += elements1.size(): null

2020-02-27 18:23:23 - [TEST_STEP][PASSED] - click(findTestObject("AUDIENCE/Data Source/next")): Object: 'Object Repository/AUDIENCE/Data Source/next' is clicked on

2020-02-27 18:23:24 - [MESSAGE][PASSED] - Object: 'Object Repository/AUDIENCE/Data Source/next' is clicked on

2020-02-27 18:23:24 - [TEST_STEP][PASSED] - elements1 = findWebElements(findTestObject("AUDIENCE/Data Source/column1_values"), 0): Timeout '0' is invalid. Using default page load timeout: '230'

2020-02-27 18:23:24 - [MESSAGE][WARNING] - Timeout '0' is invalid. Using default page load timeout: '230'

2020-02-27 18:23:25 - [TEST_STEP][PASSED] - for (org.openqa.selenium.WebElement ele1 : elements1): null

2020-02-27 18:23:25 - [TEST_STEP][PASSED] - dataSourceTextValuesWithDesc.add(getText().toLowerCase()): null

2020-02-27 18:23:25 - [TEST_STEP][PASSED] - dataSourceTextValuesWithDesc.add(getText().toLowerCase()): null

2020-02-27 18:23:25 - [TEST_STEP][PASSED] - dataSourceTextValuesWithDesc.add(getText().toLowerCase()): null

2020-02-27 18:23:25 - [TEST_STEP][PASSED] - pageValueCount1 += elements1.size(): null

2020-02-27 18:23:25 - [TEST_STEP][PASSED] - click(findTestObject("AUDIENCE/Data Source/next")): Object: 'Object Repository/AUDIENCE/Data Source/next' is clicked on

2020-02-27 18:23:28 - [MESSAGE][PASSED] - Object: 'Object Repository/AUDIENCE/Data Source/next' is clicked on

2020-02-27 18:23:28 - [TEST_STEP][PASSED] - elements1 = findWebElements(findTestObject("AUDIENCE/Data Source/column1_values"), 0): Timeout '0' is invalid. Using default page load timeout: '230'

2020-02-27 18:23:28 - [MESSAGE][WARNING] - Timeout '0' is invalid. Using default page load timeout: '230'

2020-02-27 18:23:28 - [TEST_STEP][PASSED] - isdesc = web.CustomKeyword.checkListDescendingOrder(dataSourceTextValues, dataSourceTextValuesWithDesc): web.CustomKeyword.checkListDescendingOrder is PASSED

2020-02-27 18:23:28 - [MESSAGE][PASSED] - web.CustomKeyword.checkListDescendingOrder is PASSED

2020-02-27 18:23:28 - [TEST_STEP][PASSED] - verifyEqual(isdesc, true): Actual object 'true' and expected object 'true' are equal

2020-02-27 18:23:28 - [MESSAGE][PASSED] - Actual object 'true' and expected object 'true' are equal

2020-02-27 18:23:28 - [TEST_STEP][PASSED] - Start listener action : sampleAfterTestCase: null

2020-02-27 18:23:28 - [TEST_STEP][PASSED] - println(testCaseContext.getTestCaseId()): null

2020-02-27 18:23:28 - [TEST_STEP][PASSED] - println(testCaseContext.getTestCaseStatus()): null

2020-02-27 18:23:28 - [TEST_STEP][PASSED] - println("On Failure Method is Calling : " + testCaseContext.getTestCaseStatus()): null

2020-02-27 18:23:28 - [TEST_STEP][PASSED] - if (!(getTestCaseStatus().equalsIgnoreCase("PASSED"))): null]]></system-out>
         <system-err><![CDATA[]]></system-err>
      </testcase>
      <testcase name="Test Cases/Atlas Platform/Data Management/Data Listing/TC_008_Verify_Count_Column_Sorting_Order" time="33.395" classname="Test Cases/Atlas Platform/Data Management/Data Listing/TC_008_Verify_Count_Column_Sorting_Order" status="PASSED">
         <system-out><![CDATA[2020-02-27 18:23:30 - [TEST_CASE][PASSED] - Test Cases/Atlas Platform/Data Management/Data Listing/TC_008_Verify_Count_Column_Sorting_Order: Test Cases/Atlas Platform/Data Management/Data Listing/TC_008_Verify_Count_Column_Sorting_Order

2020-02-27 18:23:32 - [TEST_STEP][NOT_RUN] - callTestCase(findTestCase("Atlas Platform/Platform Navigation/Login/LoginWithRootAdmin"), ["user_Email":"navaraj@totient.co.in", "user_Password":"Totient@123"], CONTINUE_ON_FAILURE): NOT_RUN: callTestCase(findTestCase("Atlas Platform/Platform Navigation/Login/LoginWithRootAdmin"), ["user_Email":"navaraj@totient.co.in", "user_Password":"Totient@123"], CONTINUE_ON_FAILURE)

2020-02-27 18:23:32 - [MESSAGE][NOT_RUN] - NOT_RUN: callTestCase(findTestCase("Atlas Platform/Platform Navigation/Login/LoginWithRootAdmin"), ["user_Email":"navaraj@totient.co.in", "user_Password":"Totient@123"], CONTINUE_ON_FAILURE)

2020-02-27 18:23:32 - [TEST_STEP][PASSED] - click(findTestObject("HeaderMenus/audiencemenu")): Object: 'Object Repository/HeaderMenus/audiencemenu' is clicked on

2020-02-27 18:23:32 - [MESSAGE][PASSED] - Object: 'Object Repository/HeaderMenus/audiencemenu' is clicked on

2020-02-27 18:23:32 - [TEST_STEP][PASSED] - refresh(): Refresh successfully

2020-02-27 18:23:34 - [MESSAGE][PASSED] - Refresh successfully

2020-02-27 18:23:34 - [TEST_STEP][PASSED] - click(findTestObject("Login_Page/Dashboard/Data Sub-Navigation/div_Data Source")): Object: 'Object Repository/Login_Page/Dashboard/Data Sub-Navigation/div_Data Source' is clicked on

2020-02-27 18:23:36 - [MESSAGE][PASSED] - Object: 'Object Repository/Login_Page/Dashboard/Data Sub-Navigation/div_Data Source' is clicked on

2020-02-27 18:23:36 - [TEST_STEP][PASSED] - totalText = getText(findTestObject("AUDIENCE/Data Source/total_count")): Text of object 'Object Repository/AUDIENCE/Data Source/total_count' is: '(23)'

2020-02-27 18:23:36 - [MESSAGE][PASSED] - Text of object 'Object Repository/AUDIENCE/Data Source/total_count' is: '(23)'

2020-02-27 18:23:36 - [TEST_STEP][PASSED] - click(findTestObject("AUDIENCE/Data Source/count_Column_Name")): Object: 'Object Repository/AUDIENCE/Data Source/count_Column_Name' is clicked on

2020-02-27 18:23:37 - [MESSAGE][PASSED] - Object: 'Object Repository/AUDIENCE/Data Source/count_Column_Name' is clicked on

2020-02-27 18:23:37 - [TEST_STEP][PASSED] - click(findTestObject("AUDIENCE/Data Source/count_Column_Name")): Object: 'Object Repository/AUDIENCE/Data Source/count_Column_Name' is clicked on

2020-02-27 18:23:38 - [MESSAGE][PASSED] - Object: 'Object Repository/AUDIENCE/Data Source/count_Column_Name' is clicked on

2020-02-27 18:23:38 - [TEST_STEP][PASSED] - total = Integer.parseInt(replace(")", "").trim()): null

2020-02-27 18:23:38 - [TEST_STEP][PASSED] - elements = findWebElements(findTestObject("AUDIENCE/Data Source/count_Column_Values"), 0): Timeout '0' is invalid. Using default page load timeout: '230'

2020-02-27 18:23:38 - [MESSAGE][WARNING] - Timeout '0' is invalid. Using default page load timeout: '230'

2020-02-27 18:23:39 - [TEST_STEP][PASSED] - pageValueCount = 0: null

2020-02-27 18:23:39 - [TEST_STEP][PASSED] - dataSourceTextValues = new java.util.ArrayList(): null

2020-02-27 18:23:39 - [TEST_STEP][PASSED] - if (total > 10): Timeout '0' is invalid. Using default page load timeout: '230'

2020-02-27 18:23:39 - [TEST_STEP][PASSED] - while (total != pageValueCount): Timeout '0' is invalid. Using default page load timeout: '230'

2020-02-27 18:23:39 - [TEST_STEP][PASSED] - for (org.openqa.selenium.WebElement ele : elements): null

2020-02-27 18:23:39 - [TEST_STEP][PASSED] - dataSourceTextValues.add(ele.getText()): null

2020-02-27 18:23:39 - [TEST_STEP][PASSED] - dataSourceTextValues.add(ele.getText()): null

2020-02-27 18:23:39 - [TEST_STEP][PASSED] - dataSourceTextValues.add(ele.getText()): null

2020-02-27 18:23:39 - [TEST_STEP][PASSED] - dataSourceTextValues.add(ele.getText()): null

2020-02-27 18:23:39 - [TEST_STEP][PASSED] - dataSourceTextValues.add(ele.getText()): null

2020-02-27 18:23:39 - [TEST_STEP][PASSED] - dataSourceTextValues.add(ele.getText()): null

2020-02-27 18:23:39 - [TEST_STEP][PASSED] - dataSourceTextValues.add(ele.getText()): null

2020-02-27 18:23:39 - [TEST_STEP][PASSED] - dataSourceTextValues.add(ele.getText()): null

2020-02-27 18:23:39 - [TEST_STEP][PASSED] - dataSourceTextValues.add(ele.getText()): null

2020-02-27 18:23:39 - [TEST_STEP][PASSED] - dataSourceTextValues.add(ele.getText()): null

2020-02-27 18:23:39 - [TEST_STEP][PASSED] - click(findTestObject("AUDIENCE/Data Source/next")): Object: 'Object Repository/AUDIENCE/Data Source/next' is clicked on

2020-02-27 18:23:40 - [MESSAGE][PASSED] - Object: 'Object Repository/AUDIENCE/Data Source/next' is clicked on

2020-02-27 18:23:40 - [TEST_STEP][PASSED] - pageValueCount += elements.size(): null

2020-02-27 18:23:40 - [TEST_STEP][PASSED] - elements = findWebElements(findTestObject("AUDIENCE/Data Source/count_Column_Values"), 0): Timeout '0' is invalid. Using default page load timeout: '230'

2020-02-27 18:23:40 - [MESSAGE][WARNING] - Timeout '0' is invalid. Using default page load timeout: '230'

2020-02-27 18:23:41 - [TEST_STEP][PASSED] - for (org.openqa.selenium.WebElement ele : elements): null

2020-02-27 18:23:41 - [TEST_STEP][PASSED] - dataSourceTextValues.add(ele.getText()): null

2020-02-27 18:23:41 - [TEST_STEP][PASSED] - dataSourceTextValues.add(ele.getText()): null

2020-02-27 18:23:41 - [TEST_STEP][PASSED] - dataSourceTextValues.add(ele.getText()): null

2020-02-27 18:23:41 - [TEST_STEP][PASSED] - dataSourceTextValues.add(ele.getText()): null

2020-02-27 18:23:41 - [TEST_STEP][PASSED] - dataSourceTextValues.add(ele.getText()): null

2020-02-27 18:23:41 - [TEST_STEP][PASSED] - dataSourceTextValues.add(ele.getText()): null

2020-02-27 18:23:41 - [TEST_STEP][PASSED] - dataSourceTextValues.add(ele.getText()): null

2020-02-27 18:23:41 - [TEST_STEP][PASSED] - dataSourceTextValues.add(ele.getText()): null

2020-02-27 18:23:41 - [TEST_STEP][PASSED] - dataSourceTextValues.add(ele.getText()): null

2020-02-27 18:23:42 - [TEST_STEP][PASSED] - dataSourceTextValues.add(ele.getText()): null

2020-02-27 18:23:42 - [TEST_STEP][PASSED] - click(findTestObject("AUDIENCE/Data Source/next")): Object: 'Object Repository/AUDIENCE/Data Source/next' is clicked on

2020-02-27 18:23:42 - [MESSAGE][PASSED] - Object: 'Object Repository/AUDIENCE/Data Source/next' is clicked on

2020-02-27 18:23:42 - [TEST_STEP][PASSED] - pageValueCount += elements.size(): null

2020-02-27 18:23:42 - [TEST_STEP][PASSED] - elements = findWebElements(findTestObject("AUDIENCE/Data Source/count_Column_Values"), 0): Timeout '0' is invalid. Using default page load timeout: '230'

2020-02-27 18:23:42 - [MESSAGE][WARNING] - Timeout '0' is invalid. Using default page load timeout: '230'

2020-02-27 18:23:43 - [TEST_STEP][PASSED] - for (org.openqa.selenium.WebElement ele : elements): null

2020-02-27 18:23:43 - [TEST_STEP][PASSED] - dataSourceTextValues.add(ele.getText()): null

2020-02-27 18:23:43 - [TEST_STEP][PASSED] - dataSourceTextValues.add(ele.getText()): null

2020-02-27 18:23:43 - [TEST_STEP][PASSED] - dataSourceTextValues.add(ele.getText()): null

2020-02-27 18:23:43 - [TEST_STEP][PASSED] - click(findTestObject("AUDIENCE/Data Source/next")): Object: 'Object Repository/AUDIENCE/Data Source/next' is clicked on

2020-02-27 18:23:46 - [MESSAGE][PASSED] - Object: 'Object Repository/AUDIENCE/Data Source/next' is clicked on

2020-02-27 18:23:46 - [TEST_STEP][PASSED] - pageValueCount += elements.size(): null

2020-02-27 18:23:46 - [TEST_STEP][PASSED] - elements = findWebElements(findTestObject("AUDIENCE/Data Source/count_Column_Values"), 0): Timeout '0' is invalid. Using default page load timeout: '230'

2020-02-27 18:23:46 - [MESSAGE][WARNING] - Timeout '0' is invalid. Using default page load timeout: '230'

2020-02-27 18:23:46 - [TEST_STEP][PASSED] - isAscending = web.CustomKeyword.checkListAscendingOrder(dataSourceTextValues): web.CustomKeyword.checkListAscendingOrder is PASSED

2020-02-27 18:23:46 - [MESSAGE][PASSED] - web.CustomKeyword.checkListAscendingOrder is PASSED

2020-02-27 18:23:46 - [TEST_STEP][PASSED] - verifyEqual(isAscending, true): Actual object 'true' and expected object 'true' are equal

2020-02-27 18:23:46 - [MESSAGE][PASSED] - Actual object 'true' and expected object 'true' are equal

2020-02-27 18:23:46 - [TEST_STEP][PASSED] - click(findTestObject("HeaderMenus/adminmenu")): Object: 'Object Repository/HeaderMenus/adminmenu' is clicked on

2020-02-27 18:23:46 - [MESSAGE][PASSED] - Object: 'Object Repository/HeaderMenus/adminmenu' is clicked on

2020-02-27 18:23:46 - [TEST_STEP][PASSED] - click(findTestObject("HeaderMenus/audiencemenu")): Object: 'Object Repository/HeaderMenus/audiencemenu' is clicked on

2020-02-27 18:23:49 - [MESSAGE][PASSED] - Object: 'Object Repository/HeaderMenus/audiencemenu' is clicked on

2020-02-27 18:23:49 - [TEST_STEP][PASSED] - click(findTestObject("AUDIENCE/Data Source/count_Column_Name")): Object: 'Object Repository/AUDIENCE/Data Source/count_Column_Name' is clicked on

2020-02-27 18:23:51 - [MESSAGE][PASSED] - Object: 'Object Repository/AUDIENCE/Data Source/count_Column_Name' is clicked on

2020-02-27 18:23:51 - [TEST_STEP][PASSED] - delay(3): Delayed 3 second(s)

2020-02-27 18:23:54 - [MESSAGE][PASSED] - Delayed 3 second(s)

2020-02-27 18:23:54 - [TEST_STEP][PASSED] - dataSourceTextValuesWithDesc = new java.util.ArrayList(): null

2020-02-27 18:23:54 - [TEST_STEP][PASSED] - elements1 = findWebElements(findTestObject("AUDIENCE/Data Source/count_Column_Values"), 0): Timeout '0' is invalid. Using default page load timeout: '230'

2020-02-27 18:23:54 - [MESSAGE][WARNING] - Timeout '0' is invalid. Using default page load timeout: '230'

2020-02-27 18:23:54 - [TEST_STEP][PASSED] - pageValueCount1 = 0: null

2020-02-27 18:23:54 - [TEST_STEP][PASSED] - if (total > 10): Timeout '0' is invalid. Using default page load timeout: '230'

2020-02-27 18:23:54 - [TEST_STEP][PASSED] - while (total != pageValueCount1): Timeout '0' is invalid. Using default page load timeout: '230'

2020-02-27 18:23:55 - [TEST_STEP][PASSED] - for (org.openqa.selenium.WebElement ele1 : elements1): null

2020-02-27 18:23:55 - [TEST_STEP][PASSED] - dataSourceTextValuesWithDesc.add(ele1.getText()): null

2020-02-27 18:23:55 - [TEST_STEP][PASSED] - dataSourceTextValuesWithDesc.add(ele1.getText()): null

2020-02-27 18:23:55 - [TEST_STEP][PASSED] - dataSourceTextValuesWithDesc.add(ele1.getText()): null

2020-02-27 18:23:55 - [TEST_STEP][PASSED] - dataSourceTextValuesWithDesc.add(ele1.getText()): null

2020-02-27 18:23:55 - [TEST_STEP][PASSED] - dataSourceTextValuesWithDesc.add(ele1.getText()): null

2020-02-27 18:23:55 - [TEST_STEP][PASSED] - dataSourceTextValuesWithDesc.add(ele1.getText()): null

2020-02-27 18:23:55 - [TEST_STEP][PASSED] - dataSourceTextValuesWithDesc.add(ele1.getText()): null

2020-02-27 18:23:55 - [TEST_STEP][PASSED] - dataSourceTextValuesWithDesc.add(ele1.getText()): null

2020-02-27 18:23:55 - [TEST_STEP][PASSED] - dataSourceTextValuesWithDesc.add(ele1.getText()): null

2020-02-27 18:23:55 - [TEST_STEP][PASSED] - dataSourceTextValuesWithDesc.add(ele1.getText()): null

2020-02-27 18:23:55 - [TEST_STEP][PASSED] - pageValueCount1 += elements1.size(): null

2020-02-27 18:23:55 - [TEST_STEP][PASSED] - click(findTestObject("AUDIENCE/Data Source/next")): Object: 'Object Repository/AUDIENCE/Data Source/next' is clicked on

2020-02-27 18:23:55 - [MESSAGE][PASSED] - Object: 'Object Repository/AUDIENCE/Data Source/next' is clicked on

2020-02-27 18:23:55 - [TEST_STEP][PASSED] - elements1 = findWebElements(findTestObject("AUDIENCE/Data Source/count_Column_Values"), 0): Timeout '0' is invalid. Using default page load timeout: '230'

2020-02-27 18:23:55 - [MESSAGE][WARNING] - Timeout '0' is invalid. Using default page load timeout: '230'

2020-02-27 18:23:57 - [TEST_STEP][PASSED] - for (org.openqa.selenium.WebElement ele1 : elements1): null

2020-02-27 18:23:57 - [TEST_STEP][PASSED] - dataSourceTextValuesWithDesc.add(ele1.getText()): null

2020-02-27 18:23:57 - [TEST_STEP][PASSED] - dataSourceTextValuesWithDesc.add(ele1.getText()): null

2020-02-27 18:23:57 - [TEST_STEP][PASSED] - dataSourceTextValuesWithDesc.add(ele1.getText()): null

2020-02-27 18:23:57 - [TEST_STEP][PASSED] - dataSourceTextValuesWithDesc.add(ele1.getText()): null

2020-02-27 18:23:57 - [TEST_STEP][PASSED] - dataSourceTextValuesWithDesc.add(ele1.getText()): null

2020-02-27 18:23:57 - [TEST_STEP][PASSED] - dataSourceTextValuesWithDesc.add(ele1.getText()): null

2020-02-27 18:23:57 - [TEST_STEP][PASSED] - dataSourceTextValuesWithDesc.add(ele1.getText()): null

2020-02-27 18:23:57 - [TEST_STEP][PASSED] - dataSourceTextValuesWithDesc.add(ele1.getText()): null

2020-02-27 18:23:57 - [TEST_STEP][PASSED] - dataSourceTextValuesWithDesc.add(ele1.getText()): null

2020-02-27 18:23:57 - [TEST_STEP][PASSED] - dataSourceTextValuesWithDesc.add(ele1.getText()): null

2020-02-27 18:23:57 - [TEST_STEP][PASSED] - pageValueCount1 += elements1.size(): null

2020-02-27 18:23:57 - [TEST_STEP][PASSED] - click(findTestObject("AUDIENCE/Data Source/next")): Object: 'Object Repository/AUDIENCE/Data Source/next' is clicked on

2020-02-27 18:23:58 - [MESSAGE][PASSED] - Object: 'Object Repository/AUDIENCE/Data Source/next' is clicked on

2020-02-27 18:23:58 - [TEST_STEP][PASSED] - elements1 = findWebElements(findTestObject("AUDIENCE/Data Source/count_Column_Values"), 0): Timeout '0' is invalid. Using default page load timeout: '230'

2020-02-27 18:23:58 - [MESSAGE][WARNING] - Timeout '0' is invalid. Using default page load timeout: '230'

2020-02-27 18:23:58 - [TEST_STEP][PASSED] - for (org.openqa.selenium.WebElement ele1 : elements1): null

2020-02-27 18:23:58 - [TEST_STEP][PASSED] - dataSourceTextValuesWithDesc.add(ele1.getText()): null

2020-02-27 18:23:58 - [TEST_STEP][PASSED] - dataSourceTextValuesWithDesc.add(ele1.getText()): null

2020-02-27 18:23:58 - [TEST_STEP][PASSED] - dataSourceTextValuesWithDesc.add(ele1.getText()): null

2020-02-27 18:23:58 - [TEST_STEP][PASSED] - pageValueCount1 += elements1.size(): null

2020-02-27 18:23:59 - [TEST_STEP][PASSED] - click(findTestObject("AUDIENCE/Data Source/next")): Object: 'Object Repository/AUDIENCE/Data Source/next' is clicked on

2020-02-27 18:24:01 - [MESSAGE][PASSED] - Object: 'Object Repository/AUDIENCE/Data Source/next' is clicked on

2020-02-27 18:24:01 - [TEST_STEP][PASSED] - elements1 = findWebElements(findTestObject("AUDIENCE/Data Source/count_Column_Values"), 0): Timeout '0' is invalid. Using default page load timeout: '230'

2020-02-27 18:24:01 - [MESSAGE][WARNING] - Timeout '0' is invalid. Using default page load timeout: '230'

2020-02-27 18:24:02 - [TEST_STEP][PASSED] - isDescending = web.CustomKeyword.checkListDescendingOrder(dataSourceTextValues, dataSourceTextValuesWithDesc): web.CustomKeyword.checkListDescendingOrder is PASSED

2020-02-27 18:24:02 - [MESSAGE][PASSED] - web.CustomKeyword.checkListDescendingOrder is PASSED

2020-02-27 18:24:02 - [TEST_STEP][PASSED] - verifyEqual(isDescending, true): Actual object 'true' and expected object 'true' are equal

2020-02-27 18:24:02 - [MESSAGE][PASSED] - Actual object 'true' and expected object 'true' are equal

2020-02-27 18:24:02 - [TEST_STEP][PASSED] - Start listener action : sampleAfterTestCase: null

2020-02-27 18:24:02 - [TEST_STEP][PASSED] - println(testCaseContext.getTestCaseId()): null

2020-02-27 18:24:02 - [TEST_STEP][PASSED] - println(testCaseContext.getTestCaseStatus()): null

2020-02-27 18:24:02 - [TEST_STEP][PASSED] - println("On Failure Method is Calling : " + testCaseContext.getTestCaseStatus()): null

2020-02-27 18:24:02 - [TEST_STEP][PASSED] - if (!(getTestCaseStatus().equalsIgnoreCase("PASSED"))): null]]></system-out>
         <system-err><![CDATA[]]></system-err>
      </testcase>
      <testcase name="Test Cases/Atlas Platform/Data Management/Data Listing/TC_009_Verify_Status_Column_Sorting_Order" time="32.599" classname="Test Cases/Atlas Platform/Data Management/Data Listing/TC_009_Verify_Status_Column_Sorting_Order" status="PASSED">
         <system-out><![CDATA[2020-02-27 18:24:04 - [TEST_CASE][PASSED] - Test Cases/Atlas Platform/Data Management/Data Listing/TC_009_Verify_Status_Column_Sorting_Order: Test Cases/Atlas Platform/Data Management/Data Listing/TC_009_Verify_Status_Column_Sorting_Order

2020-02-27 18:24:04 - [TEST_STEP][NOT_RUN] - callTestCase(findTestCase("Atlas Platform/Platform Navigation/Login/LoginWithRootAdmin"), ["user_Email":"navaraj@totient.co.in", "user_Password":"Totient@123"], CONTINUE_ON_FAILURE): NOT_RUN: callTestCase(findTestCase("Atlas Platform/Platform Navigation/Login/LoginWithRootAdmin"), ["user_Email":"navaraj@totient.co.in", "user_Password":"Totient@123"], CONTINUE_ON_FAILURE)

2020-02-27 18:24:04 - [MESSAGE][NOT_RUN] - NOT_RUN: callTestCase(findTestCase("Atlas Platform/Platform Navigation/Login/LoginWithRootAdmin"), ["user_Email":"navaraj@totient.co.in", "user_Password":"Totient@123"], CONTINUE_ON_FAILURE)

2020-02-27 18:24:04 - [TEST_STEP][PASSED] - click(findTestObject("HeaderMenus/audiencemenu")): Object: 'Object Repository/HeaderMenus/audiencemenu' is clicked on

2020-02-27 18:24:05 - [MESSAGE][PASSED] - Object: 'Object Repository/HeaderMenus/audiencemenu' is clicked on

2020-02-27 18:24:05 - [TEST_STEP][PASSED] - refresh(): Refresh successfully

2020-02-27 18:24:07 - [MESSAGE][PASSED] - Refresh successfully

2020-02-27 18:24:07 - [TEST_STEP][PASSED] - click(findTestObject("Login_Page/Dashboard/Data Sub-Navigation/div_Data Source")): Object: 'Object Repository/Login_Page/Dashboard/Data Sub-Navigation/div_Data Source' is clicked on

2020-02-27 18:24:09 - [MESSAGE][PASSED] - Object: 'Object Repository/Login_Page/Dashboard/Data Sub-Navigation/div_Data Source' is clicked on

2020-02-27 18:24:09 - [TEST_STEP][PASSED] - totalText = getText(findTestObject("AUDIENCE/Data Source/total_count")): Text of object 'Object Repository/AUDIENCE/Data Source/total_count' is: '(23)'

2020-02-27 18:24:09 - [MESSAGE][PASSED] - Text of object 'Object Repository/AUDIENCE/Data Source/total_count' is: '(23)'

2020-02-27 18:24:09 - [TEST_STEP][PASSED] - click(findTestObject("AUDIENCE/Data Source/status_Column_Name")): Object: 'Object Repository/AUDIENCE/Data Source/status_Column_Name' is clicked on

2020-02-27 18:24:10 - [MESSAGE][PASSED] - Object: 'Object Repository/AUDIENCE/Data Source/status_Column_Name' is clicked on

2020-02-27 18:24:10 - [TEST_STEP][PASSED] - click(findTestObject("AUDIENCE/Data Source/status_Column_Name")): Object: 'Object Repository/AUDIENCE/Data Source/status_Column_Name' is clicked on

2020-02-27 18:24:11 - [MESSAGE][PASSED] - Object: 'Object Repository/AUDIENCE/Data Source/status_Column_Name' is clicked on

2020-02-27 18:24:11 - [TEST_STEP][PASSED] - total = Integer.parseInt(replace(")", "").trim()): null

2020-02-27 18:24:11 - [TEST_STEP][PASSED] - elements = findWebElements(findTestObject("AUDIENCE/Data Source/status_column_values"), 0): Timeout '0' is invalid. Using default page load timeout: '230'

2020-02-27 18:24:11 - [MESSAGE][WARNING] - Timeout '0' is invalid. Using default page load timeout: '230'

2020-02-27 18:24:12 - [TEST_STEP][PASSED] - pageValueCount = 0: null

2020-02-27 18:24:12 - [TEST_STEP][PASSED] - dataSourceTextValues = new java.util.ArrayList(): null

2020-02-27 18:24:12 - [TEST_STEP][PASSED] - if (total > 10): Timeout '0' is invalid. Using default page load timeout: '230'

2020-02-27 18:24:12 - [TEST_STEP][PASSED] - while (total != pageValueCount): Timeout '0' is invalid. Using default page load timeout: '230'

2020-02-27 18:24:12 - [TEST_STEP][PASSED] - for (org.openqa.selenium.WebElement ele : elements): null

2020-02-27 18:24:12 - [TEST_STEP][PASSED] - dataSourceTextValues.add(ele.getText()): null

2020-02-27 18:24:12 - [TEST_STEP][PASSED] - dataSourceTextValues.add(ele.getText()): null

2020-02-27 18:24:12 - [TEST_STEP][PASSED] - dataSourceTextValues.add(ele.getText()): null

2020-02-27 18:24:12 - [TEST_STEP][PASSED] - dataSourceTextValues.add(ele.getText()): null

2020-02-27 18:24:12 - [TEST_STEP][PASSED] - dataSourceTextValues.add(ele.getText()): null

2020-02-27 18:24:12 - [TEST_STEP][PASSED] - dataSourceTextValues.add(ele.getText()): null

2020-02-27 18:24:12 - [TEST_STEP][PASSED] - dataSourceTextValues.add(ele.getText()): null

2020-02-27 18:24:12 - [TEST_STEP][PASSED] - dataSourceTextValues.add(ele.getText()): null

2020-02-27 18:24:12 - [TEST_STEP][PASSED] - dataSourceTextValues.add(ele.getText()): null

2020-02-27 18:24:12 - [TEST_STEP][PASSED] - dataSourceTextValues.add(ele.getText()): null

2020-02-27 18:24:12 - [TEST_STEP][PASSED] - pageValueCount += elements.size(): null

2020-02-27 18:24:12 - [TEST_STEP][PASSED] - click(findTestObject("AUDIENCE/Data Source/next")): Object: 'Object Repository/AUDIENCE/Data Source/next' is clicked on

2020-02-27 18:24:13 - [MESSAGE][PASSED] - Object: 'Object Repository/AUDIENCE/Data Source/next' is clicked on

2020-02-27 18:24:13 - [TEST_STEP][PASSED] - elements = findWebElements(findTestObject("AUDIENCE/Data Source/status_column_values"), 0): Timeout '0' is invalid. Using default page load timeout: '230'

2020-02-27 18:24:13 - [MESSAGE][WARNING] - Timeout '0' is invalid. Using default page load timeout: '230'

2020-02-27 18:24:14 - [TEST_STEP][PASSED] - for (org.openqa.selenium.WebElement ele : elements): null

2020-02-27 18:24:14 - [TEST_STEP][PASSED] - dataSourceTextValues.add(ele.getText()): null

2020-02-27 18:24:14 - [TEST_STEP][PASSED] - dataSourceTextValues.add(ele.getText()): null

2020-02-27 18:24:14 - [TEST_STEP][PASSED] - dataSourceTextValues.add(ele.getText()): null

2020-02-27 18:24:14 - [TEST_STEP][PASSED] - dataSourceTextValues.add(ele.getText()): null

2020-02-27 18:24:14 - [TEST_STEP][PASSED] - dataSourceTextValues.add(ele.getText()): null

2020-02-27 18:24:14 - [TEST_STEP][PASSED] - dataSourceTextValues.add(ele.getText()): null

2020-02-27 18:24:14 - [TEST_STEP][PASSED] - dataSourceTextValues.add(ele.getText()): null

2020-02-27 18:24:14 - [TEST_STEP][PASSED] - dataSourceTextValues.add(ele.getText()): null

2020-02-27 18:24:14 - [TEST_STEP][PASSED] - dataSourceTextValues.add(ele.getText()): null

2020-02-27 18:24:14 - [TEST_STEP][PASSED] - dataSourceTextValues.add(ele.getText()): null

2020-02-27 18:24:14 - [TEST_STEP][PASSED] - pageValueCount += elements.size(): null

2020-02-27 18:24:14 - [TEST_STEP][PASSED] - click(findTestObject("AUDIENCE/Data Source/next")): Object: 'Object Repository/AUDIENCE/Data Source/next' is clicked on

2020-02-27 18:24:14 - [MESSAGE][PASSED] - Object: 'Object Repository/AUDIENCE/Data Source/next' is clicked on

2020-02-27 18:24:14 - [TEST_STEP][PASSED] - elements = findWebElements(findTestObject("AUDIENCE/Data Source/status_column_values"), 0): Timeout '0' is invalid. Using default page load timeout: '230'

2020-02-27 18:24:15 - [MESSAGE][WARNING] - Timeout '0' is invalid. Using default page load timeout: '230'

2020-02-27 18:24:16 - [TEST_STEP][PASSED] - for (org.openqa.selenium.WebElement ele : elements): null

2020-02-27 18:24:16 - [TEST_STEP][PASSED] - dataSourceTextValues.add(ele.getText()): null

2020-02-27 18:24:16 - [TEST_STEP][PASSED] - dataSourceTextValues.add(ele.getText()): null

2020-02-27 18:24:16 - [TEST_STEP][PASSED] - dataSourceTextValues.add(ele.getText()): null

2020-02-27 18:24:16 - [TEST_STEP][PASSED] - pageValueCount += elements.size(): null

2020-02-27 18:24:16 - [TEST_STEP][PASSED] - click(findTestObject("AUDIENCE/Data Source/next")): Object: 'Object Repository/AUDIENCE/Data Source/next' is clicked on

2020-02-27 18:24:19 - [MESSAGE][PASSED] - Object: 'Object Repository/AUDIENCE/Data Source/next' is clicked on

2020-02-27 18:24:19 - [TEST_STEP][PASSED] - elements = findWebElements(findTestObject("AUDIENCE/Data Source/status_column_values"), 0): Timeout '0' is invalid. Using default page load timeout: '230'

2020-02-27 18:24:19 - [MESSAGE][WARNING] - Timeout '0' is invalid. Using default page load timeout: '230'

2020-02-27 18:24:19 - [TEST_STEP][PASSED] - isAscending = web.CustomKeyword.checkListAscendingOrder(dataSourceTextValues): web.CustomKeyword.checkListAscendingOrder is PASSED

2020-02-27 18:24:19 - [MESSAGE][PASSED] - web.CustomKeyword.checkListAscendingOrder is PASSED

2020-02-27 18:24:19 - [TEST_STEP][PASSED] - verifyEqual(isAscending, true): Actual object 'true' and expected object 'true' are equal

2020-02-27 18:24:19 - [MESSAGE][PASSED] - Actual object 'true' and expected object 'true' are equal

2020-02-27 18:24:19 - [TEST_STEP][PASSED] - click(findTestObject("HeaderMenus/adminmenu")): Object: 'Object Repository/HeaderMenus/adminmenu' is clicked on

2020-02-27 18:24:20 - [MESSAGE][PASSED] - Object: 'Object Repository/HeaderMenus/adminmenu' is clicked on

2020-02-27 18:24:20 - [TEST_STEP][PASSED] - click(findTestObject("HeaderMenus/audiencemenu")): Object: 'Object Repository/HeaderMenus/audiencemenu' is clicked on

2020-02-27 18:24:22 - [MESSAGE][PASSED] - Object: 'Object Repository/HeaderMenus/audiencemenu' is clicked on

2020-02-27 18:24:22 - [TEST_STEP][PASSED] - click(findTestObject("AUDIENCE/Data Source/status_Column_Name")): Object: 'Object Repository/AUDIENCE/Data Source/status_Column_Name' is clicked on

2020-02-27 18:24:23 - [MESSAGE][PASSED] - Object: 'Object Repository/AUDIENCE/Data Source/status_Column_Name' is clicked on

2020-02-27 18:24:23 - [TEST_STEP][PASSED] - delay(3): Delayed 3 second(s)

2020-02-27 18:24:26 - [MESSAGE][PASSED] - Delayed 3 second(s)

2020-02-27 18:24:26 - [TEST_STEP][PASSED] - dataSourceTextValuesWithDesc = new java.util.ArrayList(): null

2020-02-27 18:24:26 - [TEST_STEP][PASSED] - elements1 = findWebElements(findTestObject("AUDIENCE/Data Source/status_column_values"), 0): Timeout '0' is invalid. Using default page load timeout: '230'

2020-02-27 18:24:27 - [MESSAGE][WARNING] - Timeout '0' is invalid. Using default page load timeout: '230'

2020-02-27 18:24:27 - [TEST_STEP][PASSED] - pageValueCount1 = 0: null

2020-02-27 18:24:27 - [TEST_STEP][PASSED] - if (total > 10): Timeout '0' is invalid. Using default page load timeout: '230'

2020-02-27 18:24:27 - [TEST_STEP][PASSED] - while (total != pageValueCount1): Timeout '0' is invalid. Using default page load timeout: '230'

2020-02-27 18:24:27 - [TEST_STEP][PASSED] - for (org.openqa.selenium.WebElement ele1 : elements1): null

2020-02-27 18:24:27 - [TEST_STEP][PASSED] - dataSourceTextValuesWithDesc.add(ele1.getText()): null

2020-02-27 18:24:27 - [TEST_STEP][PASSED] - dataSourceTextValuesWithDesc.add(ele1.getText()): null

2020-02-27 18:24:27 - [TEST_STEP][PASSED] - dataSourceTextValuesWithDesc.add(ele1.getText()): null

2020-02-27 18:24:27 - [TEST_STEP][PASSED] - dataSourceTextValuesWithDesc.add(ele1.getText()): null

2020-02-27 18:24:27 - [TEST_STEP][PASSED] - dataSourceTextValuesWithDesc.add(ele1.getText()): null

2020-02-27 18:24:27 - [TEST_STEP][PASSED] - dataSourceTextValuesWithDesc.add(ele1.getText()): null

2020-02-27 18:24:27 - [TEST_STEP][PASSED] - dataSourceTextValuesWithDesc.add(ele1.getText()): null

2020-02-27 18:24:27 - [TEST_STEP][PASSED] - dataSourceTextValuesWithDesc.add(ele1.getText()): null

2020-02-27 18:24:27 - [TEST_STEP][PASSED] - dataSourceTextValuesWithDesc.add(ele1.getText()): null

2020-02-27 18:24:27 - [TEST_STEP][PASSED] - dataSourceTextValuesWithDesc.add(ele1.getText()): null

2020-02-27 18:24:27 - [TEST_STEP][PASSED] - pageValueCount1 += elements1.size(): null

2020-02-27 18:24:27 - [TEST_STEP][PASSED] - click(findTestObject("AUDIENCE/Data Source/next")): Object: 'Object Repository/AUDIENCE/Data Source/next' is clicked on

2020-02-27 18:24:28 - [MESSAGE][PASSED] - Object: 'Object Repository/AUDIENCE/Data Source/next' is clicked on

2020-02-27 18:24:28 - [TEST_STEP][PASSED] - elements1 = findWebElements(findTestObject("AUDIENCE/Data Source/status_column_values"), 0): Timeout '0' is invalid. Using default page load timeout: '230'

2020-02-27 18:24:28 - [MESSAGE][WARNING] - Timeout '0' is invalid. Using default page load timeout: '230'

2020-02-27 18:24:29 - [TEST_STEP][PASSED] - for (org.openqa.selenium.WebElement ele1 : elements1): null

2020-02-27 18:24:29 - [TEST_STEP][PASSED] - dataSourceTextValuesWithDesc.add(ele1.getText()): null

2020-02-27 18:24:29 - [TEST_STEP][PASSED] - dataSourceTextValuesWithDesc.add(ele1.getText()): null

2020-02-27 18:24:29 - [TEST_STEP][PASSED] - dataSourceTextValuesWithDesc.add(ele1.getText()): null

2020-02-27 18:24:29 - [TEST_STEP][PASSED] - dataSourceTextValuesWithDesc.add(ele1.getText()): null

2020-02-27 18:24:29 - [TEST_STEP][PASSED] - dataSourceTextValuesWithDesc.add(ele1.getText()): null

2020-02-27 18:24:29 - [TEST_STEP][PASSED] - dataSourceTextValuesWithDesc.add(ele1.getText()): null

2020-02-27 18:24:29 - [TEST_STEP][PASSED] - dataSourceTextValuesWithDesc.add(ele1.getText()): null

2020-02-27 18:24:29 - [TEST_STEP][PASSED] - dataSourceTextValuesWithDesc.add(ele1.getText()): null

2020-02-27 18:24:29 - [TEST_STEP][PASSED] - dataSourceTextValuesWithDesc.add(ele1.getText()): null

2020-02-27 18:24:29 - [TEST_STEP][PASSED] - dataSourceTextValuesWithDesc.add(ele1.getText()): null

2020-02-27 18:24:29 - [TEST_STEP][PASSED] - pageValueCount1 += elements1.size(): null

2020-02-27 18:24:29 - [TEST_STEP][PASSED] - click(findTestObject("AUDIENCE/Data Source/next")): Object: 'Object Repository/AUDIENCE/Data Source/next' is clicked on

2020-02-27 18:24:29 - [MESSAGE][PASSED] - Object: 'Object Repository/AUDIENCE/Data Source/next' is clicked on

2020-02-27 18:24:29 - [TEST_STEP][PASSED] - elements1 = findWebElements(findTestObject("AUDIENCE/Data Source/status_column_values"), 0): Timeout '0' is invalid. Using default page load timeout: '230'

2020-02-27 18:24:29 - [MESSAGE][WARNING] - Timeout '0' is invalid. Using default page load timeout: '230'

2020-02-27 18:24:31 - [TEST_STEP][PASSED] - for (org.openqa.selenium.WebElement ele1 : elements1): null

2020-02-27 18:24:31 - [TEST_STEP][PASSED] - dataSourceTextValuesWithDesc.add(ele1.getText()): null

2020-02-27 18:24:31 - [TEST_STEP][PASSED] - dataSourceTextValuesWithDesc.add(ele1.getText()): null

2020-02-27 18:24:31 - [TEST_STEP][PASSED] - dataSourceTextValuesWithDesc.add(ele1.getText()): null

2020-02-27 18:24:31 - [TEST_STEP][PASSED] - pageValueCount1 += elements1.size(): null

2020-02-27 18:24:31 - [TEST_STEP][PASSED] - click(findTestObject("AUDIENCE/Data Source/next")): Object: 'Object Repository/AUDIENCE/Data Source/next' is clicked on

2020-02-27 18:24:34 - [MESSAGE][PASSED] - Object: 'Object Repository/AUDIENCE/Data Source/next' is clicked on

2020-02-27 18:24:34 - [TEST_STEP][PASSED] - elements1 = findWebElements(findTestObject("AUDIENCE/Data Source/status_column_values"), 0): Timeout '0' is invalid. Using default page load timeout: '230'

2020-02-27 18:24:34 - [MESSAGE][WARNING] - Timeout '0' is invalid. Using default page load timeout: '230'

2020-02-27 18:24:34 - [TEST_STEP][PASSED] - isDescending = web.CustomKeyword.checkListDescendingOrder(dataSourceTextValues, dataSourceTextValuesWithDesc): web.CustomKeyword.checkListDescendingOrder is PASSED

2020-02-27 18:24:34 - [MESSAGE][PASSED] - web.CustomKeyword.checkListDescendingOrder is PASSED

2020-02-27 18:24:34 - [TEST_STEP][PASSED] - verifyEqual(isDescending, true): Actual object 'true' and expected object 'true' are equal

2020-02-27 18:24:34 - [MESSAGE][PASSED] - Actual object 'true' and expected object 'true' are equal

2020-02-27 18:24:34 - [TEST_STEP][PASSED] - Start listener action : sampleAfterTestCase: null

2020-02-27 18:24:34 - [TEST_STEP][PASSED] - println(testCaseContext.getTestCaseId()): null

2020-02-27 18:24:34 - [TEST_STEP][PASSED] - println(testCaseContext.getTestCaseStatus()): null

2020-02-27 18:24:34 - [TEST_STEP][PASSED] - println("On Failure Method is Calling : " + testCaseContext.getTestCaseStatus()): null

2020-02-27 18:24:34 - [TEST_STEP][PASSED] - if (!(getTestCaseStatus().equalsIgnoreCase("PASSED"))): null]]></system-out>
         <system-err><![CDATA[]]></system-err>
      </testcase>
      <testcase name="Test Cases/Atlas Platform/Data Management/Data Listing/TC_010_Verify_Created_Column_Sorting_Order" time="33.001" classname="Test Cases/Atlas Platform/Data Management/Data Listing/TC_010_Verify_Created_Column_Sorting_Order" status="PASSED">
         <system-out><![CDATA[2020-02-27 18:24:36 - [TEST_CASE][PASSED] - Test Cases/Atlas Platform/Data Management/Data Listing/TC_010_Verify_Created_Column_Sorting_Order: Test Cases/Atlas Platform/Data Management/Data Listing/TC_010_Verify_Created_Column_Sorting_Order

2020-02-27 18:24:37 - [TEST_STEP][NOT_RUN] - callTestCase(findTestCase("Atlas Platform/Platform Navigation/Login/LoginWithRootAdmin"), ["user_Email":"navaraj@totient.co.in", "user_Password":"Totient@123"], CONTINUE_ON_FAILURE): NOT_RUN: callTestCase(findTestCase("Atlas Platform/Platform Navigation/Login/LoginWithRootAdmin"), ["user_Email":"navaraj@totient.co.in", "user_Password":"Totient@123"], CONTINUE_ON_FAILURE)

2020-02-27 18:24:37 - [MESSAGE][NOT_RUN] - NOT_RUN: callTestCase(findTestCase("Atlas Platform/Platform Navigation/Login/LoginWithRootAdmin"), ["user_Email":"navaraj@totient.co.in", "user_Password":"Totient@123"], CONTINUE_ON_FAILURE)

2020-02-27 18:24:37 - [TEST_STEP][PASSED] - click(findTestObject("HeaderMenus/audiencemenu")): Object: 'Object Repository/HeaderMenus/audiencemenu' is clicked on

2020-02-27 18:24:37 - [MESSAGE][PASSED] - Object: 'Object Repository/HeaderMenus/audiencemenu' is clicked on

2020-02-27 18:24:37 - [TEST_STEP][PASSED] - refresh(): Refresh successfully

2020-02-27 18:24:39 - [MESSAGE][PASSED] - Refresh successfully

2020-02-27 18:24:39 - [TEST_STEP][PASSED] - click(findTestObject("Login_Page/Dashboard/Data Sub-Navigation/div_Data Source")): Object: 'Object Repository/Login_Page/Dashboard/Data Sub-Navigation/div_Data Source' is clicked on

2020-02-27 18:24:41 - [MESSAGE][PASSED] - Object: 'Object Repository/Login_Page/Dashboard/Data Sub-Navigation/div_Data Source' is clicked on

2020-02-27 18:24:41 - [TEST_STEP][PASSED] - totalText = getText(findTestObject("AUDIENCE/Data Source/total_count")): Text of object 'Object Repository/AUDIENCE/Data Source/total_count' is: '(23)'

2020-02-27 18:24:42 - [MESSAGE][PASSED] - Text of object 'Object Repository/AUDIENCE/Data Source/total_count' is: '(23)'

2020-02-27 18:24:42 - [TEST_STEP][PASSED] - click(findTestObject("AUDIENCE/Data Source/created_Column_Name")): Object: 'Object Repository/AUDIENCE/Data Source/created_Column_Name' is clicked on

2020-02-27 18:24:42 - [MESSAGE][PASSED] - Object: 'Object Repository/AUDIENCE/Data Source/created_Column_Name' is clicked on

2020-02-27 18:24:42 - [TEST_STEP][PASSED] - total = Integer.parseInt(replace(")", "").trim()): null

2020-02-27 18:24:42 - [TEST_STEP][PASSED] - elements = findWebElements(findTestObject("AUDIENCE/Data Source/created_column_values"), 0): Timeout '0' is invalid. Using default page load timeout: '230'

2020-02-27 18:24:43 - [MESSAGE][WARNING] - Timeout '0' is invalid. Using default page load timeout: '230'

2020-02-27 18:24:43 - [TEST_STEP][PASSED] - pageValueCount = 0: null

2020-02-27 18:24:43 - [TEST_STEP][PASSED] - dataSourceTextValues = new java.util.ArrayList(): null

2020-02-27 18:24:43 - [TEST_STEP][PASSED] - if (total > 10): Timeout '0' is invalid. Using default page load timeout: '230'

2020-02-27 18:24:43 - [TEST_STEP][PASSED] - while (total != pageValueCount): Timeout '0' is invalid. Using default page load timeout: '230'

2020-02-27 18:24:43 - [TEST_STEP][PASSED] - for (org.openqa.selenium.WebElement ele : elements): null

2020-02-27 18:24:43 - [TEST_STEP][PASSED] - dataSourceTextValues.add(ele.getText()): null

2020-02-27 18:24:44 - [TEST_STEP][PASSED] - dataSourceTextValues.add(ele.getText()): null

2020-02-27 18:24:44 - [TEST_STEP][PASSED] - dataSourceTextValues.add(ele.getText()): null

2020-02-27 18:24:44 - [TEST_STEP][PASSED] - dataSourceTextValues.add(ele.getText()): null

2020-02-27 18:24:44 - [TEST_STEP][PASSED] - dataSourceTextValues.add(ele.getText()): null

2020-02-27 18:24:44 - [TEST_STEP][PASSED] - dataSourceTextValues.add(ele.getText()): null

2020-02-27 18:24:44 - [TEST_STEP][PASSED] - dataSourceTextValues.add(ele.getText()): null

2020-02-27 18:24:44 - [TEST_STEP][PASSED] - dataSourceTextValues.add(ele.getText()): null

2020-02-27 18:24:44 - [TEST_STEP][PASSED] - dataSourceTextValues.add(ele.getText()): null

2020-02-27 18:24:44 - [TEST_STEP][PASSED] - dataSourceTextValues.add(ele.getText()): null

2020-02-27 18:24:44 - [TEST_STEP][PASSED] - pageValueCount += elements.size(): null

2020-02-27 18:24:44 - [TEST_STEP][PASSED] - click(findTestObject("AUDIENCE/Data Source/next")): Object: 'Object Repository/AUDIENCE/Data Source/next' is clicked on

2020-02-27 18:24:44 - [MESSAGE][PASSED] - Object: 'Object Repository/AUDIENCE/Data Source/next' is clicked on

2020-02-27 18:24:44 - [TEST_STEP][PASSED] - elements = findWebElements(findTestObject("AUDIENCE/Data Source/created_column_values"), 0): Timeout '0' is invalid. Using default page load timeout: '230'

2020-02-27 18:24:44 - [MESSAGE][WARNING] - Timeout '0' is invalid. Using default page load timeout: '230'

2020-02-27 18:24:46 - [TEST_STEP][PASSED] - for (org.openqa.selenium.WebElement ele : elements): null

2020-02-27 18:24:46 - [TEST_STEP][PASSED] - dataSourceTextValues.add(ele.getText()): null

2020-02-27 18:24:46 - [TEST_STEP][PASSED] - dataSourceTextValues.add(ele.getText()): null

2020-02-27 18:24:46 - [TEST_STEP][PASSED] - dataSourceTextValues.add(ele.getText()): null

2020-02-27 18:24:46 - [TEST_STEP][PASSED] - dataSourceTextValues.add(ele.getText()): null

2020-02-27 18:24:46 - [TEST_STEP][PASSED] - dataSourceTextValues.add(ele.getText()): null

2020-02-27 18:24:46 - [TEST_STEP][PASSED] - dataSourceTextValues.add(ele.getText()): null

2020-02-27 18:24:46 - [TEST_STEP][PASSED] - dataSourceTextValues.add(ele.getText()): null

2020-02-27 18:24:46 - [TEST_STEP][PASSED] - dataSourceTextValues.add(ele.getText()): null

2020-02-27 18:24:46 - [TEST_STEP][PASSED] - dataSourceTextValues.add(ele.getText()): null

2020-02-27 18:24:46 - [TEST_STEP][PASSED] - dataSourceTextValues.add(ele.getText()): null

2020-02-27 18:24:46 - [TEST_STEP][PASSED] - pageValueCount += elements.size(): null

2020-02-27 18:24:46 - [TEST_STEP][PASSED] - click(findTestObject("AUDIENCE/Data Source/next")): Object: 'Object Repository/AUDIENCE/Data Source/next' is clicked on

2020-02-27 18:24:47 - [MESSAGE][PASSED] - Object: 'Object Repository/AUDIENCE/Data Source/next' is clicked on

2020-02-27 18:24:47 - [TEST_STEP][PASSED] - elements = findWebElements(findTestObject("AUDIENCE/Data Source/created_column_values"), 0): Timeout '0' is invalid. Using default page load timeout: '230'

2020-02-27 18:24:47 - [MESSAGE][WARNING] - Timeout '0' is invalid. Using default page load timeout: '230'

2020-02-27 18:24:47 - [TEST_STEP][PASSED] - for (org.openqa.selenium.WebElement ele : elements): null

2020-02-27 18:24:47 - [TEST_STEP][PASSED] - dataSourceTextValues.add(ele.getText()): null

2020-02-27 18:24:47 - [TEST_STEP][PASSED] - dataSourceTextValues.add(ele.getText()): null

2020-02-27 18:24:47 - [TEST_STEP][PASSED] - dataSourceTextValues.add(ele.getText()): null

2020-02-27 18:24:47 - [TEST_STEP][PASSED] - pageValueCount += elements.size(): null

2020-02-27 18:24:47 - [TEST_STEP][PASSED] - click(findTestObject("AUDIENCE/Data Source/next")): Object: 'Object Repository/AUDIENCE/Data Source/next' is clicked on

2020-02-27 18:24:50 - [MESSAGE][PASSED] - Object: 'Object Repository/AUDIENCE/Data Source/next' is clicked on

2020-02-27 18:24:50 - [TEST_STEP][PASSED] - elements = findWebElements(findTestObject("AUDIENCE/Data Source/created_column_values"), 0): Timeout '0' is invalid. Using default page load timeout: '230'

2020-02-27 18:24:50 - [MESSAGE][WARNING] - Timeout '0' is invalid. Using default page load timeout: '230'

2020-02-27 18:24:51 - [TEST_STEP][PASSED] - isAsc = web.CustomKeyword.checkListAscendingOrder(dataSourceTextValues): web.CustomKeyword.checkListAscendingOrder is PASSED

2020-02-27 18:24:51 - [MESSAGE][PASSED] - web.CustomKeyword.checkListAscendingOrder is PASSED

2020-02-27 18:24:51 - [TEST_STEP][PASSED] - verifyEqual(isAsc, true): Actual object 'true' and expected object 'true' are equal

2020-02-27 18:24:51 - [MESSAGE][PASSED] - Actual object 'true' and expected object 'true' are equal

2020-02-27 18:24:51 - [TEST_STEP][PASSED] - click(findTestObject("HeaderMenus/adminmenu")): Object: 'Object Repository/HeaderMenus/adminmenu' is clicked on

2020-02-27 18:24:51 - [MESSAGE][PASSED] - Object: 'Object Repository/HeaderMenus/adminmenu' is clicked on

2020-02-27 18:24:51 - [TEST_STEP][PASSED] - click(findTestObject("HeaderMenus/audiencemenu")): Object: 'Object Repository/HeaderMenus/audiencemenu' is clicked on

2020-02-27 18:24:53 - [MESSAGE][PASSED] - Object: 'Object Repository/HeaderMenus/audiencemenu' is clicked on

2020-02-27 18:24:53 - [TEST_STEP][PASSED] - click(findTestObject("AUDIENCE/Data Source/created_Column_Name")): Object: 'Object Repository/AUDIENCE/Data Source/created_Column_Name' is clicked on

2020-02-27 18:24:56 - [MESSAGE][PASSED] - Object: 'Object Repository/AUDIENCE/Data Source/created_Column_Name' is clicked on

2020-02-27 18:24:56 - [TEST_STEP][PASSED] - delay(3): Delayed 3 second(s)

2020-02-27 18:24:59 - [MESSAGE][PASSED] - Delayed 3 second(s)

2020-02-27 18:24:59 - [TEST_STEP][PASSED] - click(findTestObject("AUDIENCE/Data Source/created_Column_Name")): Object: 'Object Repository/AUDIENCE/Data Source/created_Column_Name' is clicked on

2020-02-27 18:24:59 - [MESSAGE][PASSED] - Object: 'Object Repository/AUDIENCE/Data Source/created_Column_Name' is clicked on

2020-02-27 18:24:59 - [TEST_STEP][PASSED] - dataSourceTextValuesWithDesc = new java.util.ArrayList(): null

2020-02-27 18:24:59 - [TEST_STEP][PASSED] - elements1 = findWebElements(findTestObject("AUDIENCE/Data Source/created_column_values"), 0): Timeout '0' is invalid. Using default page load timeout: '230'

2020-02-27 18:25:00 - [MESSAGE][WARNING] - Timeout '0' is invalid. Using default page load timeout: '230'

2020-02-27 18:25:01 - [TEST_STEP][PASSED] - pageValueCount1 = 0: null

2020-02-27 18:25:01 - [TEST_STEP][PASSED] - if (total > 10): Timeout '0' is invalid. Using default page load timeout: '230'

2020-02-27 18:25:01 - [TEST_STEP][PASSED] - while (total != pageValueCount1): Timeout '0' is invalid. Using default page load timeout: '230'

2020-02-27 18:25:01 - [TEST_STEP][PASSED] - for (org.openqa.selenium.WebElement ele1 : elements1): null

2020-02-27 18:25:01 - [TEST_STEP][PASSED] - dataSourceTextValuesWithDesc.add(ele1.getText()): null

2020-02-27 18:25:01 - [TEST_STEP][PASSED] - dataSourceTextValuesWithDesc.add(ele1.getText()): null

2020-02-27 18:25:01 - [TEST_STEP][PASSED] - dataSourceTextValuesWithDesc.add(ele1.getText()): null

2020-02-27 18:25:01 - [TEST_STEP][PASSED] - dataSourceTextValuesWithDesc.add(ele1.getText()): null

2020-02-27 18:25:01 - [TEST_STEP][PASSED] - dataSourceTextValuesWithDesc.add(ele1.getText()): null

2020-02-27 18:25:01 - [TEST_STEP][PASSED] - dataSourceTextValuesWithDesc.add(ele1.getText()): null

2020-02-27 18:25:01 - [TEST_STEP][PASSED] - dataSourceTextValuesWithDesc.add(ele1.getText()): null

2020-02-27 18:25:01 - [TEST_STEP][PASSED] - dataSourceTextValuesWithDesc.add(ele1.getText()): null

2020-02-27 18:25:01 - [TEST_STEP][PASSED] - dataSourceTextValuesWithDesc.add(ele1.getText()): null

2020-02-27 18:25:01 - [TEST_STEP][PASSED] - dataSourceTextValuesWithDesc.add(ele1.getText()): null

2020-02-27 18:25:01 - [TEST_STEP][PASSED] - pageValueCount1 += elements1.size(): null

2020-02-27 18:25:01 - [TEST_STEP][PASSED] - click(findTestObject("AUDIENCE/Data Source/next")): Object: 'Object Repository/AUDIENCE/Data Source/next' is clicked on

2020-02-27 18:25:02 - [MESSAGE][PASSED] - Object: 'Object Repository/AUDIENCE/Data Source/next' is clicked on

2020-02-27 18:25:02 - [TEST_STEP][PASSED] - elements1 = findWebElements(findTestObject("AUDIENCE/Data Source/created_column_values"), 0): Timeout '0' is invalid. Using default page load timeout: '230'

2020-02-27 18:25:02 - [MESSAGE][WARNING] - Timeout '0' is invalid. Using default page load timeout: '230'

2020-02-27 18:25:03 - [TEST_STEP][PASSED] - for (org.openqa.selenium.WebElement ele1 : elements1): null

2020-02-27 18:25:03 - [TEST_STEP][PASSED] - dataSourceTextValuesWithDesc.add(ele1.getText()): null

2020-02-27 18:25:03 - [TEST_STEP][PASSED] - dataSourceTextValuesWithDesc.add(ele1.getText()): null

2020-02-27 18:25:03 - [TEST_STEP][PASSED] - dataSourceTextValuesWithDesc.add(ele1.getText()): null

2020-02-27 18:25:03 - [TEST_STEP][PASSED] - dataSourceTextValuesWithDesc.add(ele1.getText()): null

2020-02-27 18:25:03 - [TEST_STEP][PASSED] - dataSourceTextValuesWithDesc.add(ele1.getText()): null

2020-02-27 18:25:03 - [TEST_STEP][PASSED] - dataSourceTextValuesWithDesc.add(ele1.getText()): null

2020-02-27 18:25:03 - [TEST_STEP][PASSED] - dataSourceTextValuesWithDesc.add(ele1.getText()): null

2020-02-27 18:25:03 - [TEST_STEP][PASSED] - dataSourceTextValuesWithDesc.add(ele1.getText()): null

2020-02-27 18:25:03 - [TEST_STEP][PASSED] - dataSourceTextValuesWithDesc.add(ele1.getText()): null

2020-02-27 18:25:03 - [TEST_STEP][PASSED] - dataSourceTextValuesWithDesc.add(ele1.getText()): null

2020-02-27 18:25:03 - [TEST_STEP][PASSED] - pageValueCount1 += elements1.size(): null

2020-02-27 18:25:03 - [TEST_STEP][PASSED] - click(findTestObject("AUDIENCE/Data Source/next")): Object: 'Object Repository/AUDIENCE/Data Source/next' is clicked on

2020-02-27 18:25:03 - [MESSAGE][PASSED] - Object: 'Object Repository/AUDIENCE/Data Source/next' is clicked on

2020-02-27 18:25:03 - [TEST_STEP][PASSED] - elements1 = findWebElements(findTestObject("AUDIENCE/Data Source/created_column_values"), 0): Timeout '0' is invalid. Using default page load timeout: '230'

2020-02-27 18:25:03 - [MESSAGE][WARNING] - Timeout '0' is invalid. Using default page load timeout: '230'

2020-02-27 18:25:04 - [TEST_STEP][PASSED] - for (org.openqa.selenium.WebElement ele1 : elements1): null

2020-02-27 18:25:04 - [TEST_STEP][PASSED] - dataSourceTextValuesWithDesc.add(ele1.getText()): null

2020-02-27 18:25:04 - [TEST_STEP][PASSED] - dataSourceTextValuesWithDesc.add(ele1.getText()): null

2020-02-27 18:25:04 - [TEST_STEP][PASSED] - dataSourceTextValuesWithDesc.add(ele1.getText()): null

2020-02-27 18:25:04 - [TEST_STEP][PASSED] - pageValueCount1 += elements1.size(): null

2020-02-27 18:25:04 - [TEST_STEP][PASSED] - click(findTestObject("AUDIENCE/Data Source/next")): Object: 'Object Repository/AUDIENCE/Data Source/next' is clicked on

2020-02-27 18:25:07 - [MESSAGE][PASSED] - Object: 'Object Repository/AUDIENCE/Data Source/next' is clicked on

2020-02-27 18:25:07 - [TEST_STEP][PASSED] - elements1 = findWebElements(findTestObject("AUDIENCE/Data Source/created_column_values"), 0): Timeout '0' is invalid. Using default page load timeout: '230'

2020-02-27 18:25:07 - [MESSAGE][WARNING] - Timeout '0' is invalid. Using default page load timeout: '230'

2020-02-27 18:25:07 - [TEST_STEP][PASSED] - isDesc = web.CustomKeyword.checkListDescendingOrder(dataSourceTextValues, dataSourceTextValuesWithDesc): web.CustomKeyword.checkListDescendingOrder is PASSED

2020-02-27 18:25:07 - [MESSAGE][PASSED] - web.CustomKeyword.checkListDescendingOrder is PASSED

2020-02-27 18:25:07 - [TEST_STEP][PASSED] - verifyEqual(isDesc, true): Actual object 'true' and expected object 'true' are equal

2020-02-27 18:25:07 - [MESSAGE][PASSED] - Actual object 'true' and expected object 'true' are equal

2020-02-27 18:25:07 - [TEST_STEP][PASSED] - Start listener action : sampleAfterTestCase: null

2020-02-27 18:25:07 - [TEST_STEP][PASSED] - println(testCaseContext.getTestCaseId()): null

2020-02-27 18:25:07 - [TEST_STEP][PASSED] - println(testCaseContext.getTestCaseStatus()): null

2020-02-27 18:25:07 - [TEST_STEP][PASSED] - println("On Failure Method is Calling : " + testCaseContext.getTestCaseStatus()): null

2020-02-27 18:25:07 - [TEST_STEP][PASSED] - if (!(getTestCaseStatus().equalsIgnoreCase("PASSED"))): null]]></system-out>
         <system-err><![CDATA[]]></system-err>
      </testcase>
      <testcase name="Test Cases/Atlas Platform/Data Management/Data Listing/TC_011_Verify_Modified_Column_Sorting_Order" time="32.539" classname="Test Cases/Atlas Platform/Data Management/Data Listing/TC_011_Verify_Modified_Column_Sorting_Order" status="PASSED">
         <system-out><![CDATA[2020-02-27 18:25:09 - [TEST_CASE][PASSED] - Test Cases/Atlas Platform/Data Management/Data Listing/TC_011_Verify_Modified_Column_Sorting_Order: Test Cases/Atlas Platform/Data Management/Data Listing/TC_011_Verify_Modified_Column_Sorting_Order

2020-02-27 18:25:10 - [TEST_STEP][NOT_RUN] - callTestCase(findTestCase("Atlas Platform/Platform Navigation/Login/LoginWithRootAdmin"), ["user_Email":"navaraj@totient.co.in", "user_Password":"Totient@123"], CONTINUE_ON_FAILURE): NOT_RUN: callTestCase(findTestCase("Atlas Platform/Platform Navigation/Login/LoginWithRootAdmin"), ["user_Email":"navaraj@totient.co.in", "user_Password":"Totient@123"], CONTINUE_ON_FAILURE)

2020-02-27 18:25:10 - [MESSAGE][NOT_RUN] - NOT_RUN: callTestCase(findTestCase("Atlas Platform/Platform Navigation/Login/LoginWithRootAdmin"), ["user_Email":"navaraj@totient.co.in", "user_Password":"Totient@123"], CONTINUE_ON_FAILURE)

2020-02-27 18:25:10 - [TEST_STEP][PASSED] - click(findTestObject("HeaderMenus/audiencemenu")): Object: 'Object Repository/HeaderMenus/audiencemenu' is clicked on

2020-02-27 18:25:10 - [MESSAGE][PASSED] - Object: 'Object Repository/HeaderMenus/audiencemenu' is clicked on

2020-02-27 18:25:10 - [TEST_STEP][PASSED] - refresh(): Refresh successfully

2020-02-27 18:25:12 - [MESSAGE][PASSED] - Refresh successfully

2020-02-27 18:25:12 - [TEST_STEP][PASSED] - click(findTestObject("Login_Page/Dashboard/Data Sub-Navigation/div_Data Source")): Object: 'Object Repository/Login_Page/Dashboard/Data Sub-Navigation/div_Data Source' is clicked on

2020-02-27 18:25:14 - [MESSAGE][PASSED] - Object: 'Object Repository/Login_Page/Dashboard/Data Sub-Navigation/div_Data Source' is clicked on

2020-02-27 18:25:14 - [TEST_STEP][PASSED] - totalText = getText(findTestObject("AUDIENCE/Data Source/total_count")): Text of object 'Object Repository/AUDIENCE/Data Source/total_count' is: '(23)'

2020-02-27 18:25:14 - [MESSAGE][PASSED] - Text of object 'Object Repository/AUDIENCE/Data Source/total_count' is: '(23)'

2020-02-27 18:25:14 - [TEST_STEP][PASSED] - click(findTestObject("AUDIENCE/Data Source/modified_Column_Name")): Object: 'Object Repository/AUDIENCE/Data Source/modified_Column_Name' is clicked on

2020-02-27 18:25:15 - [MESSAGE][PASSED] - Object: 'Object Repository/AUDIENCE/Data Source/modified_Column_Name' is clicked on

2020-02-27 18:25:15 - [TEST_STEP][PASSED] - total = Integer.parseInt(replace(")", "").trim()): null

2020-02-27 18:25:15 - [TEST_STEP][PASSED] - elements = findWebElements(findTestObject("AUDIENCE/Data Source/modified_Column_Values"), 0): Timeout '0' is invalid. Using default page load timeout: '230'

2020-02-27 18:25:15 - [MESSAGE][WARNING] - Timeout '0' is invalid. Using default page load timeout: '230'

2020-02-27 18:25:17 - [TEST_STEP][PASSED] - pageValueCount = 0: null

2020-02-27 18:25:17 - [TEST_STEP][PASSED] - dataSourceTextValues = new java.util.ArrayList(): null

2020-02-27 18:25:17 - [TEST_STEP][PASSED] - if (total > 10): Timeout '0' is invalid. Using default page load timeout: '230'

2020-02-27 18:25:17 - [TEST_STEP][PASSED] - while (total != pageValueCount): Timeout '0' is invalid. Using default page load timeout: '230'

2020-02-27 18:25:17 - [TEST_STEP][PASSED] - for (org.openqa.selenium.WebElement ele : elements): null

2020-02-27 18:25:17 - [TEST_STEP][PASSED] - dataSourceTextValues.add(ele.getText()): null

2020-02-27 18:25:17 - [TEST_STEP][PASSED] - dataSourceTextValues.add(ele.getText()): null

2020-02-27 18:25:17 - [TEST_STEP][PASSED] - dataSourceTextValues.add(ele.getText()): null

2020-02-27 18:25:17 - [TEST_STEP][PASSED] - dataSourceTextValues.add(ele.getText()): null

2020-02-27 18:25:17 - [TEST_STEP][PASSED] - dataSourceTextValues.add(ele.getText()): null

2020-02-27 18:25:17 - [TEST_STEP][PASSED] - dataSourceTextValues.add(ele.getText()): null

2020-02-27 18:25:17 - [TEST_STEP][PASSED] - dataSourceTextValues.add(ele.getText()): null

2020-02-27 18:25:17 - [TEST_STEP][PASSED] - dataSourceTextValues.add(ele.getText()): null

2020-02-27 18:25:17 - [TEST_STEP][PASSED] - dataSourceTextValues.add(ele.getText()): null

2020-02-27 18:25:17 - [TEST_STEP][PASSED] - dataSourceTextValues.add(ele.getText()): null

2020-02-27 18:25:17 - [TEST_STEP][PASSED] - pageValueCount += elements.size(): null

2020-02-27 18:25:17 - [TEST_STEP][PASSED] - click(findTestObject("AUDIENCE/Data Source/next")): Object: 'Object Repository/AUDIENCE/Data Source/next' is clicked on

2020-02-27 18:25:18 - [MESSAGE][PASSED] - Object: 'Object Repository/AUDIENCE/Data Source/next' is clicked on

2020-02-27 18:25:18 - [TEST_STEP][PASSED] - elements = findWebElements(findTestObject("AUDIENCE/Data Source/modified_Column_Values"), 0): Timeout '0' is invalid. Using default page load timeout: '230'

2020-02-27 18:25:18 - [MESSAGE][WARNING] - Timeout '0' is invalid. Using default page load timeout: '230'

2020-02-27 18:25:19 - [TEST_STEP][PASSED] - for (org.openqa.selenium.WebElement ele : elements): null

2020-02-27 18:25:19 - [TEST_STEP][PASSED] - dataSourceTextValues.add(ele.getText()): null

2020-02-27 18:25:19 - [TEST_STEP][PASSED] - dataSourceTextValues.add(ele.getText()): null

2020-02-27 18:25:19 - [TEST_STEP][PASSED] - dataSourceTextValues.add(ele.getText()): null

2020-02-27 18:25:19 - [TEST_STEP][PASSED] - dataSourceTextValues.add(ele.getText()): null

2020-02-27 18:25:19 - [TEST_STEP][PASSED] - dataSourceTextValues.add(ele.getText()): null

2020-02-27 18:25:19 - [TEST_STEP][PASSED] - dataSourceTextValues.add(ele.getText()): null

2020-02-27 18:25:19 - [TEST_STEP][PASSED] - dataSourceTextValues.add(ele.getText()): null

2020-02-27 18:25:19 - [TEST_STEP][PASSED] - dataSourceTextValues.add(ele.getText()): null

2020-02-27 18:25:19 - [TEST_STEP][PASSED] - dataSourceTextValues.add(ele.getText()): null

2020-02-27 18:25:19 - [TEST_STEP][PASSED] - dataSourceTextValues.add(ele.getText()): null

2020-02-27 18:25:19 - [TEST_STEP][PASSED] - pageValueCount += elements.size(): null

2020-02-27 18:25:19 - [TEST_STEP][PASSED] - click(findTestObject("AUDIENCE/Data Source/next")): Object: 'Object Repository/AUDIENCE/Data Source/next' is clicked on

2020-02-27 18:25:19 - [MESSAGE][PASSED] - Object: 'Object Repository/AUDIENCE/Data Source/next' is clicked on

2020-02-27 18:25:19 - [TEST_STEP][PASSED] - elements = findWebElements(findTestObject("AUDIENCE/Data Source/modified_Column_Values"), 0): Timeout '0' is invalid. Using default page load timeout: '230'

2020-02-27 18:25:19 - [MESSAGE][WARNING] - Timeout '0' is invalid. Using default page load timeout: '230'

2020-02-27 18:25:21 - [TEST_STEP][PASSED] - for (org.openqa.selenium.WebElement ele : elements): null

2020-02-27 18:25:21 - [TEST_STEP][PASSED] - dataSourceTextValues.add(ele.getText()): null

2020-02-27 18:25:21 - [TEST_STEP][PASSED] - dataSourceTextValues.add(ele.getText()): null

2020-02-27 18:25:21 - [TEST_STEP][PASSED] - dataSourceTextValues.add(ele.getText()): null

2020-02-27 18:25:21 - [TEST_STEP][PASSED] - pageValueCount += elements.size(): null

2020-02-27 18:25:21 - [TEST_STEP][PASSED] - click(findTestObject("AUDIENCE/Data Source/next")): Object: 'Object Repository/AUDIENCE/Data Source/next' is clicked on

2020-02-27 18:25:24 - [MESSAGE][PASSED] - Object: 'Object Repository/AUDIENCE/Data Source/next' is clicked on

2020-02-27 18:25:24 - [TEST_STEP][PASSED] - elements = findWebElements(findTestObject("AUDIENCE/Data Source/modified_Column_Values"), 0): Timeout '0' is invalid. Using default page load timeout: '230'

2020-02-27 18:25:24 - [MESSAGE][WARNING] - Timeout '0' is invalid. Using default page load timeout: '230'

2020-02-27 18:25:24 - [TEST_STEP][PASSED] - isAscending = web.CustomKeyword.checkListAscendingOrder(dataSourceTextValues): web.CustomKeyword.checkListAscendingOrder is PASSED

2020-02-27 18:25:24 - [MESSAGE][PASSED] - web.CustomKeyword.checkListAscendingOrder is PASSED

2020-02-27 18:25:24 - [TEST_STEP][PASSED] - verifyEqual(isAscending, true): Actual object 'true' and expected object 'true' are equal

2020-02-27 18:25:24 - [MESSAGE][PASSED] - Actual object 'true' and expected object 'true' are equal

2020-02-27 18:25:24 - [TEST_STEP][PASSED] - click(findTestObject("HeaderMenus/adminmenu")): Object: 'Object Repository/HeaderMenus/adminmenu' is clicked on

2020-02-27 18:25:24 - [MESSAGE][PASSED] - Object: 'Object Repository/HeaderMenus/adminmenu' is clicked on

2020-02-27 18:25:24 - [TEST_STEP][PASSED] - click(findTestObject("HeaderMenus/audiencemenu")): Object: 'Object Repository/HeaderMenus/audiencemenu' is clicked on

2020-02-27 18:25:27 - [MESSAGE][PASSED] - Object: 'Object Repository/HeaderMenus/audiencemenu' is clicked on

2020-02-27 18:25:27 - [TEST_STEP][PASSED] - click(findTestObject("AUDIENCE/Data Source/modified_Column_Name")): Object: 'Object Repository/AUDIENCE/Data Source/modified_Column_Name' is clicked on

2020-02-27 18:25:28 - [MESSAGE][PASSED] - Object: 'Object Repository/AUDIENCE/Data Source/modified_Column_Name' is clicked on

2020-02-27 18:25:28 - [TEST_STEP][PASSED] - delay(3): Delayed 3 second(s)

2020-02-27 18:25:31 - [MESSAGE][PASSED] - Delayed 3 second(s)

2020-02-27 18:25:31 - [TEST_STEP][PASSED] - click(findTestObject("AUDIENCE/Data Source/modified_Column_Name")): Object: 'Object Repository/AUDIENCE/Data Source/modified_Column_Name' is clicked on

2020-02-27 18:25:32 - [MESSAGE][PASSED] - Object: 'Object Repository/AUDIENCE/Data Source/modified_Column_Name' is clicked on

2020-02-27 18:25:32 - [TEST_STEP][PASSED] - dataSourceTextValuesWithDesc = new java.util.ArrayList(): null

2020-02-27 18:25:32 - [TEST_STEP][PASSED] - elements1 = findWebElements(findTestObject("AUDIENCE/Data Source/modified_Column_Values"), 0): Timeout '0' is invalid. Using default page load timeout: '230'

2020-02-27 18:25:32 - [MESSAGE][WARNING] - Timeout '0' is invalid. Using default page load timeout: '230'

2020-02-27 18:25:32 - [TEST_STEP][PASSED] - pageValueCount1 = 0: null

2020-02-27 18:25:32 - [TEST_STEP][PASSED] - if (total > 10): Timeout '0' is invalid. Using default page load timeout: '230'

2020-02-27 18:25:32 - [TEST_STEP][PASSED] - while (total != pageValueCount1): Timeout '0' is invalid. Using default page load timeout: '230'

2020-02-27 18:25:32 - [TEST_STEP][PASSED] - for (org.openqa.selenium.WebElement ele1 : elements1): null

2020-02-27 18:25:32 - [TEST_STEP][PASSED] - dataSourceTextValuesWithDesc.add(ele1.getText()): null

2020-02-27 18:25:32 - [TEST_STEP][PASSED] - dataSourceTextValuesWithDesc.add(ele1.getText()): null

2020-02-27 18:25:33 - [TEST_STEP][PASSED] - dataSourceTextValuesWithDesc.add(ele1.getText()): null

2020-02-27 18:25:33 - [TEST_STEP][PASSED] - dataSourceTextValuesWithDesc.add(ele1.getText()): null

2020-02-27 18:25:33 - [TEST_STEP][PASSED] - dataSourceTextValuesWithDesc.add(ele1.getText()): null

2020-02-27 18:25:33 - [TEST_STEP][PASSED] - dataSourceTextValuesWithDesc.add(ele1.getText()): null

2020-02-27 18:25:33 - [TEST_STEP][PASSED] - dataSourceTextValuesWithDesc.add(ele1.getText()): null

2020-02-27 18:25:33 - [TEST_STEP][PASSED] - dataSourceTextValuesWithDesc.add(ele1.getText()): null

2020-02-27 18:25:33 - [TEST_STEP][PASSED] - dataSourceTextValuesWithDesc.add(ele1.getText()): null

2020-02-27 18:25:33 - [TEST_STEP][PASSED] - dataSourceTextValuesWithDesc.add(ele1.getText()): null

2020-02-27 18:25:33 - [TEST_STEP][PASSED] - pageValueCount1 += elements1.size(): null

2020-02-27 18:25:33 - [TEST_STEP][PASSED] - click(findTestObject("AUDIENCE/Data Source/next")): Object: 'Object Repository/AUDIENCE/Data Source/next' is clicked on

2020-02-27 18:25:34 - [MESSAGE][PASSED] - Object: 'Object Repository/AUDIENCE/Data Source/next' is clicked on

2020-02-27 18:25:34 - [TEST_STEP][PASSED] - elements1 = findWebElements(findTestObject("AUDIENCE/Data Source/modified_Column_Values"), 0): Timeout '0' is invalid. Using default page load timeout: '230'

2020-02-27 18:25:34 - [MESSAGE][WARNING] - Timeout '0' is invalid. Using default page load timeout: '230'

2020-02-27 18:25:35 - [TEST_STEP][PASSED] - for (org.openqa.selenium.WebElement ele1 : elements1): null

2020-02-27 18:25:35 - [TEST_STEP][PASSED] - dataSourceTextValuesWithDesc.add(ele1.getText()): null

2020-02-27 18:25:35 - [TEST_STEP][PASSED] - dataSourceTextValuesWithDesc.add(ele1.getText()): null

2020-02-27 18:25:35 - [TEST_STEP][PASSED] - dataSourceTextValuesWithDesc.add(ele1.getText()): null

2020-02-27 18:25:35 - [TEST_STEP][PASSED] - dataSourceTextValuesWithDesc.add(ele1.getText()): null

2020-02-27 18:25:35 - [TEST_STEP][PASSED] - dataSourceTextValuesWithDesc.add(ele1.getText()): null

2020-02-27 18:25:35 - [TEST_STEP][PASSED] - dataSourceTextValuesWithDesc.add(ele1.getText()): null

2020-02-27 18:25:35 - [TEST_STEP][PASSED] - dataSourceTextValuesWithDesc.add(ele1.getText()): null

2020-02-27 18:25:35 - [TEST_STEP][PASSED] - dataSourceTextValuesWithDesc.add(ele1.getText()): null

2020-02-27 18:25:35 - [TEST_STEP][PASSED] - dataSourceTextValuesWithDesc.add(ele1.getText()): null

2020-02-27 18:25:35 - [TEST_STEP][PASSED] - dataSourceTextValuesWithDesc.add(ele1.getText()): null

2020-02-27 18:25:35 - [TEST_STEP][PASSED] - pageValueCount1 += elements1.size(): null

2020-02-27 18:25:35 - [TEST_STEP][PASSED] - click(findTestObject("AUDIENCE/Data Source/next")): Object: 'Object Repository/AUDIENCE/Data Source/next' is clicked on

2020-02-27 18:25:36 - [MESSAGE][PASSED] - Object: 'Object Repository/AUDIENCE/Data Source/next' is clicked on

2020-02-27 18:25:36 - [TEST_STEP][PASSED] - elements1 = findWebElements(findTestObject("AUDIENCE/Data Source/modified_Column_Values"), 0): Timeout '0' is invalid. Using default page load timeout: '230'

2020-02-27 18:25:36 - [MESSAGE][WARNING] - Timeout '0' is invalid. Using default page load timeout: '230'

2020-02-27 18:25:37 - [TEST_STEP][PASSED] - for (org.openqa.selenium.WebElement ele1 : elements1): null

2020-02-27 18:25:37 - [TEST_STEP][PASSED] - dataSourceTextValuesWithDesc.add(ele1.getText()): null

2020-02-27 18:25:37 - [TEST_STEP][PASSED] - dataSourceTextValuesWithDesc.add(ele1.getText()): null

2020-02-27 18:25:37 - [TEST_STEP][PASSED] - dataSourceTextValuesWithDesc.add(ele1.getText()): null

2020-02-27 18:25:37 - [TEST_STEP][PASSED] - pageValueCount1 += elements1.size(): null

2020-02-27 18:25:37 - [TEST_STEP][PASSED] - click(findTestObject("AUDIENCE/Data Source/next")): Object: 'Object Repository/AUDIENCE/Data Source/next' is clicked on

2020-02-27 18:25:40 - [MESSAGE][PASSED] - Object: 'Object Repository/AUDIENCE/Data Source/next' is clicked on

2020-02-27 18:25:40 - [TEST_STEP][PASSED] - elements1 = findWebElements(findTestObject("AUDIENCE/Data Source/modified_Column_Values"), 0): Timeout '0' is invalid. Using default page load timeout: '230'

2020-02-27 18:25:40 - [MESSAGE][WARNING] - Timeout '0' is invalid. Using default page load timeout: '230'

2020-02-27 18:25:40 - [TEST_STEP][PASSED] - isDescending = web.CustomKeyword.checkListDescendingOrder(dataSourceTextValues, dataSourceTextValuesWithDesc): web.CustomKeyword.checkListDescendingOrder is PASSED

2020-02-27 18:25:40 - [MESSAGE][PASSED] - web.CustomKeyword.checkListDescendingOrder is PASSED

2020-02-27 18:25:40 - [TEST_STEP][PASSED] - verifyEqual(isDescending, true): Actual object 'true' and expected object 'true' are equal

2020-02-27 18:25:40 - [MESSAGE][PASSED] - Actual object 'true' and expected object 'true' are equal

2020-02-27 18:25:40 - [TEST_STEP][PASSED] - Start listener action : sampleAfterTestCase: null

2020-02-27 18:25:40 - [TEST_STEP][PASSED] - println(testCaseContext.getTestCaseId()): null

2020-02-27 18:25:40 - [TEST_STEP][PASSED] - println(testCaseContext.getTestCaseStatus()): null

2020-02-27 18:25:40 - [TEST_STEP][PASSED] - println("On Failure Method is Calling : " + testCaseContext.getTestCaseStatus()): null

2020-02-27 18:25:40 - [TEST_STEP][PASSED] - if (!(getTestCaseStatus().equalsIgnoreCase("PASSED"))): null]]></system-out>
         <system-err><![CDATA[]]></system-err>
      </testcase>
      <testcase name="Test Cases/Atlas Platform/Platform Navigation/Picker/TC_099_Close_Common_Browser" time="3.443" classname="Test Cases/Atlas Platform/Platform Navigation/Picker/TC_099_Close_Common_Browser" status="PASSED">
         <system-out><![CDATA[2020-02-27 18:25:42 - [TEST_CASE][PASSED] - Test Cases/Atlas Platform/Platform Navigation/Picker/TC_099_Close_Common_Browser: Test Cases/Atlas Platform/Platform Navigation/Picker/TC_099_Close_Common_Browser

2020-02-27 18:25:42 - [TEST_STEP][PASSED] - closeBrowser(): Browser is closed

2020-02-27 18:25:43 - [MESSAGE][PASSED] - Browser is closed

2020-02-27 18:25:43 - [TEST_STEP][PASSED] - Start listener action : sampleAfterTestCase: null

2020-02-27 18:25:43 - [TEST_STEP][PASSED] - println(testCaseContext.getTestCaseId()): null

2020-02-27 18:25:43 - [TEST_STEP][PASSED] - println(testCaseContext.getTestCaseStatus()): null

2020-02-27 18:25:43 - [TEST_STEP][PASSED] - println("On Failure Method is Calling : " + testCaseContext.getTestCaseStatus()): null

2020-02-27 18:25:43 - [TEST_STEP][PASSED] - if (!(getTestCaseStatus().equalsIgnoreCase("PASSED"))): null]]></system-out>
         <system-err><![CDATA[]]></system-err>
      </testcase>
      <system-out><![CDATA[2020-02-27 18:20:42 - [TEST_SUITE][FAILED] - Data Source: Test Cases/Atlas Platform/Data Management/Data Listing/TC_002_Validate_Active_Filter_WithCount FAILED.
Reason:
com.kms.katalon.core.exception.StepFailedException: Unable to verify equal between actual object '20' and expected object '23' (Root cause: com.kms.katalon.core.exception.StepFailedException: Actual object '20' and expected object '23' are not equal
	at com.kms.katalon.core.keyword.builtin.VerifyEqualKeyword$_verifyEqual_closure1.doCall(VerifyEqualKeyword.groovy:58)
	at com.kms.katalon.core.keyword.builtin.VerifyEqualKeyword$_verifyEqual_closure1.call(VerifyEqualKeyword.groovy)
	at com.kms.katalon.core.keyword.internal.KeywordMain.runKeyword(KeywordMain.groovy:68)
	at com.kms.katalon.core.keyword.builtin.VerifyEqualKeyword.verifyEqual(VerifyEqualKeyword.groovy:63)
	at com.kms.katalon.core.keyword.builtin.VerifyEqualKeyword.execute(VerifyEqualKeyword.groovy:44)
	at com.kms.katalon.core.keyword.internal.KeywordExecutor.executeKeywordForPlatform(KeywordExecutor.groovy:72)
	at com.kms.katalon.core.keyword.BuiltinKeywords.verifyEqual(BuiltinKeywords.groovy:141)
	at TC_002_Validate_Active_Filter_WithCount.run(TC_002_Validate_Active_Filter_WithCount:71)
	at com.kms.katalon.core.main.ScriptEngine.run(ScriptEngine.java:194)
	at com.kms.katalon.core.main.ScriptEngine.runScriptAsRawText(ScriptEngine.java:119)
	at com.kms.katalon.core.main.TestCaseExecutor.runScript(TestCaseExecutor.java:337)
	at com.kms.katalon.core.main.TestCaseExecutor.doExecute(TestCaseExecutor.java:328)
	at com.kms.katalon.core.main.TestCaseExecutor.processExecutionPhase(TestCaseExecutor.java:307)
	at com.kms.katalon.core.main.TestCaseExecutor.accessMainPhase(TestCaseExecutor.java:299)
	at com.kms.katalon.core.main.TestCaseExecutor.execute(TestCaseExecutor.java:233)
	at com.kms.katalon.core.main.TestSuiteExecutor.accessTestCaseMainPhase(TestSuiteExecutor.java:169)
	at com.kms.katalon.core.main.TestSuiteExecutor.accessTestSuiteMainPhase(TestSuiteExecutor.java:142)
	at com.kms.katalon.core.main.TestSuiteExecutor.execute(TestSuiteExecutor.java:91)
	at com.kms.katalon.core.main.TestCaseMain.startTestSuite(TestCaseMain.java:157)
	at com.kms.katalon.core.main.TestCaseMain$startTestSuite$0.call(Unknown Source)
	at TempTestSuite1582807832068.run(TempTestSuite1582807832068.groovy:36)
)
	at com.kms.katalon.core.keyword.internal.KeywordMain.stepFailed(KeywordMain.groovy:39)
	at com.kms.katalon.core.keyword.internal.KeywordMain.stepFailed(KeywordMain.groovy)
	at com.kms.katalon.core.keyword.internal.KeywordMain.runKeyword(KeywordMain.groovy:70)
	at com.kms.katalon.core.keyword.builtin.VerifyEqualKeyword.verifyEqual(VerifyEqualKeyword.groovy:63)
	at com.kms.katalon.core.keyword.builtin.VerifyEqualKeyword.execute(VerifyEqualKeyword.groovy:44)
	at com.kms.katalon.core.keyword.internal.KeywordExecutor.executeKeywordForPlatform(KeywordExecutor.groovy:72)
	at com.kms.katalon.core.keyword.BuiltinKeywords.verifyEqual(BuiltinKeywords.groovy:141)
	at TC_002_Validate_Active_Filter_WithCount.run(TC_002_Validate_Active_Filter_WithCount:71)
	at com.kms.katalon.core.main.ScriptEngine.run(ScriptEngine.java:194)
	at com.kms.katalon.core.main.ScriptEngine.runScriptAsRawText(ScriptEngine.java:119)
	at com.kms.katalon.core.main.TestCaseExecutor.runScript(TestCaseExecutor.java:337)
	at com.kms.katalon.core.main.TestCaseExecutor.doExecute(TestCaseExecutor.java:328)
	at com.kms.katalon.core.main.TestCaseExecutor.processExecutionPhase(TestCaseExecutor.java:307)
	at com.kms.katalon.core.main.TestCaseExecutor.accessMainPhase(TestCaseExecutor.java:299)
	at com.kms.katalon.core.main.TestCaseExecutor.execute(TestCaseExecutor.java:233)
	at com.kms.katalon.core.main.TestSuiteExecutor.accessTestCaseMainPhase(TestSuiteExecutor.java:169)
	at com.kms.katalon.core.main.TestSuiteExecutor.accessTestSuiteMainPhase(TestSuiteExecutor.java:142)
	at com.kms.katalon.core.main.TestSuiteExecutor.execute(TestSuiteExecutor.java:91)
	at com.kms.katalon.core.main.TestCaseMain.startTestSuite(TestCaseMain.java:157)
	at com.kms.katalon.core.main.TestCaseMain$startTestSuite$0.call(Unknown Source)
	at TempTestSuite1582807832068.run(TempTestSuite1582807832068.groovy:36)
Caused by: com.kms.katalon.core.exception.StepFailedException: Actual object '20' and expected object '23' are not equal
	at com.kms.katalon.core.keyword.builtin.VerifyEqualKeyword$_verifyEqual_closure1.doCall(VerifyEqualKeyword.groovy:58)
	at com.kms.katalon.core.keyword.builtin.VerifyEqualKeyword$_verifyEqual_closure1.call(VerifyEqualKeyword.groovy)
	at com.kms.katalon.core.keyword.internal.KeywordMain.runKeyword(KeywordMain.groovy:68)
	... 18 more]]></system-out>
      <system-err><![CDATA[2020-02-27 18:20:42 - [TEST_SUITE][FAILED] - Data Source: Test Cases/Atlas Platform/Data Management/Data Listing/TC_002_Validate_Active_Filter_WithCount FAILED.
Reason:
com.kms.katalon.core.exception.StepFailedException: Unable to verify equal between actual object '20' and expected object '23' (Root cause: com.kms.katalon.core.exception.StepFailedException: Actual object '20' and expected object '23' are not equal
	at com.kms.katalon.core.keyword.builtin.VerifyEqualKeyword$_verifyEqual_closure1.doCall(VerifyEqualKeyword.groovy:58)
	at com.kms.katalon.core.keyword.builtin.VerifyEqualKeyword$_verifyEqual_closure1.call(VerifyEqualKeyword.groovy)
	at com.kms.katalon.core.keyword.internal.KeywordMain.runKeyword(KeywordMain.groovy:68)
	at com.kms.katalon.core.keyword.builtin.VerifyEqualKeyword.verifyEqual(VerifyEqualKeyword.groovy:63)
	at com.kms.katalon.core.keyword.builtin.VerifyEqualKeyword.execute(VerifyEqualKeyword.groovy:44)
	at com.kms.katalon.core.keyword.internal.KeywordExecutor.executeKeywordForPlatform(KeywordExecutor.groovy:72)
	at com.kms.katalon.core.keyword.BuiltinKeywords.verifyEqual(BuiltinKeywords.groovy:141)
	at TC_002_Validate_Active_Filter_WithCount.run(TC_002_Validate_Active_Filter_WithCount:71)
	at com.kms.katalon.core.main.ScriptEngine.run(ScriptEngine.java:194)
	at com.kms.katalon.core.main.ScriptEngine.runScriptAsRawText(ScriptEngine.java:119)
	at com.kms.katalon.core.main.TestCaseExecutor.runScript(TestCaseExecutor.java:337)
	at com.kms.katalon.core.main.TestCaseExecutor.doExecute(TestCaseExecutor.java:328)
	at com.kms.katalon.core.main.TestCaseExecutor.processExecutionPhase(TestCaseExecutor.java:307)
	at com.kms.katalon.core.main.TestCaseExecutor.accessMainPhase(TestCaseExecutor.java:299)
	at com.kms.katalon.core.main.TestCaseExecutor.execute(TestCaseExecutor.java:233)
	at com.kms.katalon.core.main.TestSuiteExecutor.accessTestCaseMainPhase(TestSuiteExecutor.java:169)
	at com.kms.katalon.core.main.TestSuiteExecutor.accessTestSuiteMainPhase(TestSuiteExecutor.java:142)
	at com.kms.katalon.core.main.TestSuiteExecutor.execute(TestSuiteExecutor.java:91)
	at com.kms.katalon.core.main.TestCaseMain.startTestSuite(TestCaseMain.java:157)
	at com.kms.katalon.core.main.TestCaseMain$startTestSuite$0.call(Unknown Source)
	at TempTestSuite1582807832068.run(TempTestSuite1582807832068.groovy:36)
)
	at com.kms.katalon.core.keyword.internal.KeywordMain.stepFailed(KeywordMain.groovy:39)
	at com.kms.katalon.core.keyword.internal.KeywordMain.stepFailed(KeywordMain.groovy)
	at com.kms.katalon.core.keyword.internal.KeywordMain.runKeyword(KeywordMain.groovy:70)
	at com.kms.katalon.core.keyword.builtin.VerifyEqualKeyword.verifyEqual(VerifyEqualKeyword.groovy:63)
	at com.kms.katalon.core.keyword.builtin.VerifyEqualKeyword.execute(VerifyEqualKeyword.groovy:44)
	at com.kms.katalon.core.keyword.internal.KeywordExecutor.executeKeywordForPlatform(KeywordExecutor.groovy:72)
	at com.kms.katalon.core.keyword.BuiltinKeywords.verifyEqual(BuiltinKeywords.groovy:141)
	at TC_002_Validate_Active_Filter_WithCount.run(TC_002_Validate_Active_Filter_WithCount:71)
	at com.kms.katalon.core.main.ScriptEngine.run(ScriptEngine.java:194)
	at com.kms.katalon.core.main.ScriptEngine.runScriptAsRawText(ScriptEngine.java:119)
	at com.kms.katalon.core.main.TestCaseExecutor.runScript(TestCaseExecutor.java:337)
	at com.kms.katalon.core.main.TestCaseExecutor.doExecute(TestCaseExecutor.java:328)
	at com.kms.katalon.core.main.TestCaseExecutor.processExecutionPhase(TestCaseExecutor.java:307)
	at com.kms.katalon.core.main.TestCaseExecutor.accessMainPhase(TestCaseExecutor.java:299)
	at com.kms.katalon.core.main.TestCaseExecutor.execute(TestCaseExecutor.java:233)
	at com.kms.katalon.core.main.TestSuiteExecutor.accessTestCaseMainPhase(TestSuiteExecutor.java:169)
	at com.kms.katalon.core.main.TestSuiteExecutor.accessTestSuiteMainPhase(TestSuiteExecutor.java:142)
	at com.kms.katalon.core.main.TestSuiteExecutor.execute(TestSuiteExecutor.java:91)
	at com.kms.katalon.core.main.TestCaseMain.startTestSuite(TestCaseMain.java:157)
	at com.kms.katalon.core.main.TestCaseMain$startTestSuite$0.call(Unknown Source)
	at TempTestSuite1582807832068.run(TempTestSuite1582807832068.groovy:36)
Caused by: com.kms.katalon.core.exception.StepFailedException: Actual object '20' and expected object '23' are not equal
	at com.kms.katalon.core.keyword.builtin.VerifyEqualKeyword$_verifyEqual_closure1.doCall(VerifyEqualKeyword.groovy:58)
	at com.kms.katalon.core.keyword.builtin.VerifyEqualKeyword$_verifyEqual_closure1.call(VerifyEqualKeyword.groovy)
	at com.kms.katalon.core.keyword.internal.KeywordMain.runKeyword(KeywordMain.groovy:68)
	... 18 more]]></system-err>
   </testsuite>
</testsuites>
