<?xml version="1.0" encoding="UTF-8"?>
<testsuites name="Images" time="196.476" tests="6" failures="0" errors="0">
   <testsuite name="Images" tests="6" failures="0" errors="0" time="196.476" timestamp="2020-02-17 17:47:26" hostname="Dell - DESKTOP-8FKLJ50" id="Test Suites/CONTENT/Images">
      <properties>
         <property name="deviceName" value=""/>
         <property name="devicePlatform" value=""/>
         <property name="logFolder" value="C:\\Users\\Dell\\git\\GSMProject\\Reports\\20200217_174712\\CONTENT\\Images\\20200217_174712"/>
         <property name="logFiles" value="C:\\Users\\Dell\\git\\GSMProject\\Reports\\20200217_174712\\CONTENT\\Images\\20200217_174712\\execution0.log"/>
         <property name="attachments" value=""/>
         <property name="hostName" value="Dell - DESKTOP-8FKLJ50"/>
         <property name="os" value="Windows 10 64bit"/>
         <property name="katalonVersion" value="7.2.1.1"/>
         <property name="browser" value="Chrome 79.0.3945.130"/>
         <property name="dbServerInfo" value="MySQL 5.7.22-log"/>
         <property name="hostAddress" value="10.0.75.1"/>
         <property name="sessionId" value="c774e5ffc00c19975b0cd0e88839127c"/>
         <property name="seleniumVersion" value="3.141.59"/>
         <property name="proxyInformation" value="ProxyInformation{proxyOption=NO_PROXY, proxyServerType=HTTP, password=, proxyServerAddress=, proxyServerPort=0, executionList=}"/>
         <property name="platform" value="Windows 10"/>
      </properties>
      <testcase name="Test Cases/Atlas Platform/OnBoard/Swicther/TC_000_Common_Browser_WithLogin" time="55.265" classname="Test Cases/Atlas Platform/OnBoard/Swicther/TC_000_Common_Browser_WithLogin" status="PASSED">
         <system-out><![CDATA[2020-02-17 17:47:27 - [TEST_CASE][PASSED] - Test Cases/Atlas Platform/OnBoard/Swicther/TC_000_Common_Browser_WithLogin: Test Cases/Atlas Platform/OnBoard/Swicther/TC_000_Common_Browser_WithLogin

2020-02-17 17:47:27 - [TEST_STEP][PASSED] - callTestCase(findTestCase("Atlas Platform/OnBoard/Login/LoginWithRootAdmin"), [:], STOP_ON_FAILURE): Call Test Case 'Test Cases/Atlas Platform/OnBoard/Login/LoginWithRootAdmin' successfully

2020-02-17 17:47:28 - [TEST_CASE][PASSED] - Test Cases/Atlas Platform/OnBoard/Login/LoginWithRootAdmin: Test Cases/Atlas Platform/OnBoard/Login/LoginWithRootAdmin

2020-02-17 17:47:28 - [TEST_STEP][NOT_RUN] - openBrowser(""): NOT_RUN: openBrowser("")

2020-02-17 17:47:28 - [MESSAGE][NOT_RUN] - NOT_RUN: openBrowser("")

2020-02-17 17:47:28 - [TEST_STEP][PASSED] - callTestCase(findTestCase("Atlas Platform/OnBoard/SwictherDBValidation/TC_100_ForSecurityURLSAcceptance"), [:], CONTINUE_ON_FAILURE): Call Test Case 'Test Cases/Atlas Platform/OnBoard/SwictherDBValidation/TC_100_ForSecurityURLSAcceptance' successfully

2020-02-17 17:47:29 - [TEST_CASE][PASSED] - Test Cases/Atlas Platform/OnBoard/SwictherDBValidation/TC_100_ForSecurityURLSAcceptance: Test Cases/Atlas Platform/OnBoard/SwictherDBValidation/TC_100_ForSecurityURLSAcceptance

2020-02-17 17:47:29 - [TEST_STEP][PASSED] - openBrowser(""): Browser is opened with url: ''

2020-02-17 17:47:29 - [MESSAGE][INFO] - Starting 'Chrome' driver

2020-02-17 17:47:30 - [MESSAGE][INFO] - User set preference: ['args', '[--start-maximized, --disable-web-security, --no-proxy-server]']

2020-02-17 17:47:30 - [MESSAGE][INFO] - User set preference: ['prefs', '{credentials_enable_service=false, profile.password_manager_enabled=false}']

2020-02-17 17:47:30 - [MESSAGE][INFO] - Action delay is set to 0 seconds

2020-02-17 17:47:38 - [MESSAGE][PASSED] - Browser is opened with url: ''

2020-02-17 17:47:38 - [TEST_STEP][PASSED] - navigateToUrl("https://ec2-3-133-54-242.us-east-2.compute.amazonaws.com:9092/services/message/api/programs"): Navigate to 'https://ec2-3-133-54-242.us-east-2.compute.amazonaws.com:9092/services/message/api/programs' successfully

2020-02-17 17:47:39 - [MESSAGE][PASSED] - Navigate to 'https://ec2-3-133-54-242.us-east-2.compute.amazonaws.com:9092/services/message/api/programs' successfully

2020-02-17 17:47:39 - [TEST_STEP][PASSED] - click(findTestObject("LoginPage/httpAdvanceBtn")): Object: 'Object Repository/LoginPage/httpAdvanceBtn' is clicked on

2020-02-17 17:47:39 - [MESSAGE][PASSED] - Object: 'Object Repository/LoginPage/httpAdvanceBtn' is clicked on

2020-02-17 17:47:39 - [TEST_STEP][PASSED] - click(findTestObject("LoginPage/httpsproceedlink")): Object: 'Object Repository/LoginPage/httpsproceedlink' is clicked on

2020-02-17 17:47:42 - [MESSAGE][PASSED] - Object: 'Object Repository/LoginPage/httpsproceedlink' is clicked on

2020-02-17 17:47:42 - [TEST_STEP][PASSED] - navigateToUrl("https://3.19.246.255:9090/services/configuration/api/authenticate"): Navigate to 'https://3.19.246.255:9090/services/configuration/api/authenticate' successfully

2020-02-17 17:47:46 - [MESSAGE][PASSED] - Navigate to 'https://3.19.246.255:9090/services/configuration/api/authenticate' successfully

2020-02-17 17:47:46 - [TEST_STEP][PASSED] - click(findTestObject("LoginPage/httpAdvanceBtn")): Object: 'Object Repository/LoginPage/httpAdvanceBtn' is clicked on

2020-02-17 17:47:46 - [MESSAGE][PASSED] - Object: 'Object Repository/LoginPage/httpAdvanceBtn' is clicked on

2020-02-17 17:47:46 - [TEST_STEP][PASSED] - click(findTestObject("LoginPage/httpsproceedlink")): Object: 'Object Repository/LoginPage/httpsproceedlink' is clicked on

2020-02-17 17:47:48 - [MESSAGE][PASSED] - Object: 'Object Repository/LoginPage/httpsproceedlink' is clicked on

2020-02-17 17:47:48 - [TEST_STEP][PASSED] - navigateToUrl("https://ec2-3-133-54-242.us-east-2.compute.amazonaws.com:8080/services/data/api/data-sources?search=Repair&filters=ACTIVE&page=0&size=20&sort=accountId,DESC"): Navigate to 'https://ec2-3-133-54-242.us-east-2.compute.amazonaws.com:8080/services/data/api/data-sources?search=Repair&filters=ACTIVE&page=0&size=20&sort=accountId,DESC' successfully

2020-02-17 17:47:52 - [MESSAGE][PASSED] - Navigate to 'https://ec2-3-133-54-242.us-east-2.compute.amazonaws.com:8080/services/data/api/data-sources?search=Repair&filters=ACTIVE&page=0&size=20&sort=accountId,DESC' successfully

2020-02-17 17:47:52 - [TEST_STEP][PASSED] - click(findTestObject("LoginPage/httpAdvanceBtn")): Object: 'Object Repository/LoginPage/httpAdvanceBtn' is clicked on

2020-02-17 17:47:52 - [MESSAGE][PASSED] - Object: 'Object Repository/LoginPage/httpAdvanceBtn' is clicked on

2020-02-17 17:47:52 - [TEST_STEP][PASSED] - click(findTestObject("LoginPage/httpsproceedlink")): Object: 'Object Repository/LoginPage/httpsproceedlink' is clicked on

2020-02-17 17:47:54 - [MESSAGE][PASSED] - Object: 'Object Repository/LoginPage/httpsproceedlink' is clicked on

2020-02-17 17:47:54 - [TEST_STEP][PASSED] - navigateToUrl("https://3.19.246.255:9091/services/content/api/images?page=0&size=10"): Navigate to 'https://3.19.246.255:9091/services/content/api/images?page=0&size=10' successfully

2020-02-17 17:47:58 - [MESSAGE][PASSED] - Navigate to 'https://3.19.246.255:9091/services/content/api/images?page=0&size=10' successfully

2020-02-17 17:47:58 - [TEST_STEP][PASSED] - click(findTestObject("LoginPage/httpAdvanceBtn")): Object: 'Object Repository/LoginPage/httpAdvanceBtn' is clicked on

2020-02-17 17:47:58 - [MESSAGE][PASSED] - Object: 'Object Repository/LoginPage/httpAdvanceBtn' is clicked on

2020-02-17 17:47:58 - [TEST_STEP][PASSED] - click(findTestObject("LoginPage/httpsproceedlink")): Object: 'Object Repository/LoginPage/httpsproceedlink' is clicked on

2020-02-17 17:48:00 - [MESSAGE][PASSED] - Object: 'Object Repository/LoginPage/httpsproceedlink' is clicked on

2020-02-17 17:48:00 - [MESSAGE][PASSED] - Call Test Case 'Test Cases/Atlas Platform/OnBoard/SwictherDBValidation/TC_100_ForSecurityURLSAcceptance' successfully

2020-02-17 17:48:00 - [TEST_STEP][PASSED] - navigateToUrl("https://atlas-dev.gsm.auto/"): Navigate to 'https://atlas-dev.gsm.auto/' successfully

2020-02-17 17:48:11 - [MESSAGE][PASSED] - Navigate to 'https://atlas-dev.gsm.auto/' successfully

2020-02-17 17:48:11 - [TEST_STEP][PASSED] - setText(findTestObject("Object Repository/LoginPage/loginpageemailtxtbox"), user_Email): Text 'navaraj@totient.co.in' is set on object 'Object Repository/LoginPage/loginpageemailtxtbox'

2020-02-17 17:48:13 - [MESSAGE][PASSED] - Text 'navaraj@totient.co.in' is set on object 'Object Repository/LoginPage/loginpageemailtxtbox'

2020-02-17 17:48:13 - [TEST_STEP][PASSED] - setText(findTestObject("Object Repository/LoginPage/loginpaepasswordtxtbox"), user_Password): Text 'Totient@123' is set on object 'Object Repository/LoginPage/loginpaepasswordtxtbox'

2020-02-17 17:48:13 - [MESSAGE][PASSED] - Text 'Totient@123' is set on object 'Object Repository/LoginPage/loginpaepasswordtxtbox'

2020-02-17 17:48:13 - [TEST_STEP][PASSED] - click(findTestObject("LoginPage/loginpageloginbtn")): Object: 'Object Repository/LoginPage/loginpageloginbtn' is clicked on

2020-02-17 17:48:14 - [MESSAGE][PASSED] - Object: 'Object Repository/LoginPage/loginpageloginbtn' is clicked on

2020-02-17 17:48:14 - [TEST_STEP][PASSED] - conn = com.katalon.plugin.keyword.connection.DatabaseKeywords.getGlobalConnection(): com.katalon.plugin.keyword.connection.DatabaseKeywords.getGlobalConnection is PASSED

2020-02-17 17:48:19 - [MESSAGE][PASSED] - com.katalon.plugin.keyword.connection.DatabaseKeywords.getGlobalConnection is PASSED

2020-02-17 17:48:19 - [TEST_STEP][PASSED] - resultValues1 = com.katalon.plugin.keyword.connection.DatabaseKeywords.executeQuery(conn, "SELECT * FROM atlas_config.user WHERE email ="" + user_Email + "";"): com.katalon.plugin.keyword.connection.DatabaseKeywords.executeQuery is PASSED

2020-02-17 17:48:19 - [MESSAGE][PASSED] - com.katalon.plugin.keyword.connection.DatabaseKeywords.executeQuery is PASSED

2020-02-17 17:48:19 - [TEST_STEP][PASSED] - println(com.katalon.plugin.keyword.connection.ResultSetKeywords.getSingleCellValue(resultValues1, 1, "user_id")): com.katalon.plugin.keyword.connection.ResultSetKeywords.getSingleCellValue is PASSED

2020-02-17 17:48:19 - [MESSAGE][PASSED] - com.katalon.plugin.keyword.connection.ResultSetKeywords.getSingleCellValue is PASSED

2020-02-17 17:48:19 - [TEST_STEP][PASSED] - user_id = com.katalon.plugin.keyword.connection.ResultSetKeywords.getSingleCellValue(resultValues1, 1, "user_id"): com.katalon.plugin.keyword.connection.ResultSetKeywords.getSingleCellValue is PASSED

2020-02-17 17:48:19 - [MESSAGE][PASSED] - com.katalon.plugin.keyword.connection.ResultSetKeywords.getSingleCellValue is PASSED

2020-02-17 17:48:20 - [TEST_STEP][PASSED] - println("User ID Variable value is : " + user_id): null

2020-02-17 17:48:20 - [MESSAGE][PASSED] - Call Test Case 'Test Cases/Atlas Platform/OnBoard/Login/LoginWithRootAdmin' successfully

2020-02-17 17:48:20 - [TEST_STEP][PASSED] - Start listener action : sampleAfterTestCase: null

2020-02-17 17:48:20 - [TEST_STEP][PASSED] - println(testCaseContext.getTestCaseId()): null

2020-02-17 17:48:20 - [TEST_STEP][PASSED] - println(testCaseContext.getTestCaseStatus()): null

2020-02-17 17:48:20 - [TEST_STEP][PASSED] - println("On Failure Method is Calling : " + testCaseContext.getTestCaseStatus()): null

2020-02-17 17:48:20 - [TEST_STEP][PASSED] - if (!(getTestCaseStatus().equalsIgnoreCase("PASSED"))): null]]></system-out>
         <system-err><![CDATA[]]></system-err>
      </testcase>
      <testcase name="Test Cases/Atlas Platform/Content Management/Image Library/TC_001_Verify_Image_ListingPage_Count" time="41.55" classname="Test Cases/Atlas Platform/Content Management/Image Library/TC_001_Verify_Image_ListingPage_Count" status="PASSED">
         <system-out><![CDATA[2020-02-17 17:48:22 - [TEST_CASE][PASSED] - Test Cases/Atlas Platform/Content Management/Image Library/TC_001_Verify_Image_ListingPage_Count: Test Cases/Atlas Platform/Content Management/Image Library/TC_001_Verify_Image_ListingPage_Count

2020-02-17 17:48:22 - [TEST_STEP][NOT_RUN] - callTestCase(findTestCase("Atlas Platform/OnBoard/Login/LoginWithRootAdmin"), ["user_Email":"navaraj@totient.co.in", "user_Password":"Totient@123"], CONTINUE_ON_FAILURE): NOT_RUN: callTestCase(findTestCase("Atlas Platform/OnBoard/Login/LoginWithRootAdmin"), ["user_Email":"navaraj@totient.co.in", "user_Password":"Totient@123"], CONTINUE_ON_FAILURE)

2020-02-17 17:48:22 - [MESSAGE][NOT_RUN] - NOT_RUN: callTestCase(findTestCase("Atlas Platform/OnBoard/Login/LoginWithRootAdmin"), ["user_Email":"navaraj@totient.co.in", "user_Password":"Totient@123"], CONTINUE_ON_FAILURE)

2020-02-17 17:48:22 - [TEST_STEP][PASSED] - click(findTestObject("HeaderMenus/contentmeu")): Object: 'Object Repository/HeaderMenus/contentmeu' is clicked on

2020-02-17 17:48:23 - [MESSAGE][PASSED] - Object: 'Object Repository/HeaderMenus/contentmeu' is clicked on

2020-02-17 17:48:23 - [TEST_STEP][PASSED] - click(findTestObject("Login_Page/Dashboard/Content Sub-Navigation/div_Images")): Object: 'Object Repository/Login_Page/Dashboard/Content Sub-Navigation/div_Images' is clicked on

2020-02-17 17:48:26 - [MESSAGE][PASSED] - Object: 'Object Repository/Login_Page/Dashboard/Content Sub-Navigation/div_Images' is clicked on

2020-02-17 17:48:26 - [TEST_STEP][PASSED] - click(findTestObject("CONTENT/Image_Listing/all_Image_textwithcount")): Object: 'Object Repository/CONTENT/Image_Listing/all_Image_textwithcount' is clicked on

2020-02-17 17:48:26 - [MESSAGE][PASSED] - Object: 'Object Repository/CONTENT/Image_Listing/all_Image_textwithcount' is clicked on

2020-02-17 17:48:26 - [TEST_STEP][PASSED] - getText = getText(findTestObject("CONTENT/Image_Listing/all_Image_textwithcount")): Text of object 'Object Repository/CONTENT/Image_Listing/all_Image_textwithcount' is: 'ALL IMAGES (240)'

2020-02-17 17:48:27 - [MESSAGE][PASSED] - Text of object 'Object Repository/CONTENT/Image_Listing/all_Image_textwithcount' is: 'ALL IMAGES (240)'

2020-02-17 17:48:27 - [TEST_STEP][PASSED] - totalcountintext = replace(")", "").trim(): null

2020-02-17 17:48:27 - [TEST_STEP][PASSED] - total = Integer.parseInt(totalcountintext): null

2020-02-17 17:48:27 - [TEST_STEP][PASSED] - elements = findWebElements(findTestObject("CONTENT/Image_Listing/column1_Image_Name_Values"), 0): Timeout '0' is invalid. Using default page load timeout: '230'

2020-02-17 17:48:27 - [MESSAGE][WARNING] - Timeout '0' is invalid. Using default page load timeout: '230'

2020-02-17 17:48:27 - [TEST_STEP][PASSED] - pageValueCount = elements.size(): null

2020-02-17 17:48:27 - [TEST_STEP][PASSED] - if (total > 10): null

2020-02-17 17:48:27 - [TEST_STEP][PASSED] - while (total != pageValueCount): null

2020-02-17 17:48:27 - [TEST_STEP][PASSED] - click(findTestObject("ROLES/Roles_page/Pagination/front_navigation")): Object: 'Object Repository/ROLES/Roles_page/Pagination/front_navigation' is clicked on

2020-02-17 17:48:28 - [MESSAGE][PASSED] - Object: 'Object Repository/ROLES/Roles_page/Pagination/front_navigation' is clicked on

2020-02-17 17:48:28 - [TEST_STEP][PASSED] - elements = findWebElements(findTestObject("CONTENT/Image_Listing/column1_Image_Name_Values"), 0): Timeout '0' is invalid. Using default page load timeout: '230'

2020-02-17 17:48:28 - [MESSAGE][WARNING] - Timeout '0' is invalid. Using default page load timeout: '230'

2020-02-17 17:48:30 - [TEST_STEP][PASSED] - pageValueCount += elements.size(): null

2020-02-17 17:48:30 - [TEST_STEP][PASSED] - click(findTestObject("ROLES/Roles_page/Pagination/front_navigation")): Object: 'Object Repository/ROLES/Roles_page/Pagination/front_navigation' is clicked on

2020-02-17 17:48:30 - [MESSAGE][PASSED] - Object: 'Object Repository/ROLES/Roles_page/Pagination/front_navigation' is clicked on

2020-02-17 17:48:30 - [TEST_STEP][PASSED] - elements = findWebElements(findTestObject("CONTENT/Image_Listing/column1_Image_Name_Values"), 0): Timeout '0' is invalid. Using default page load timeout: '230'

2020-02-17 17:48:30 - [MESSAGE][WARNING] - Timeout '0' is invalid. Using default page load timeout: '230'

2020-02-17 17:48:31 - [TEST_STEP][PASSED] - pageValueCount += elements.size(): null

2020-02-17 17:48:31 - [TEST_STEP][PASSED] - click(findTestObject("ROLES/Roles_page/Pagination/front_navigation")): Object: 'Object Repository/ROLES/Roles_page/Pagination/front_navigation' is clicked on

2020-02-17 17:48:32 - [MESSAGE][PASSED] - Object: 'Object Repository/ROLES/Roles_page/Pagination/front_navigation' is clicked on

2020-02-17 17:48:32 - [TEST_STEP][PASSED] - elements = findWebElements(findTestObject("CONTENT/Image_Listing/column1_Image_Name_Values"), 0): Timeout '0' is invalid. Using default page load timeout: '230'

2020-02-17 17:48:32 - [MESSAGE][WARNING] - Timeout '0' is invalid. Using default page load timeout: '230'

2020-02-17 17:48:33 - [TEST_STEP][PASSED] - pageValueCount += elements.size(): null

2020-02-17 17:48:33 - [TEST_STEP][PASSED] - click(findTestObject("ROLES/Roles_page/Pagination/front_navigation")): Object: 'Object Repository/ROLES/Roles_page/Pagination/front_navigation' is clicked on

2020-02-17 17:48:33 - [MESSAGE][PASSED] - Object: 'Object Repository/ROLES/Roles_page/Pagination/front_navigation' is clicked on

2020-02-17 17:48:33 - [TEST_STEP][PASSED] - elements = findWebElements(findTestObject("CONTENT/Image_Listing/column1_Image_Name_Values"), 0): Timeout '0' is invalid. Using default page load timeout: '230'

2020-02-17 17:48:33 - [MESSAGE][WARNING] - Timeout '0' is invalid. Using default page load timeout: '230'

2020-02-17 17:48:34 - [TEST_STEP][PASSED] - pageValueCount += elements.size(): null

2020-02-17 17:48:34 - [TEST_STEP][PASSED] - click(findTestObject("ROLES/Roles_page/Pagination/front_navigation")): Object: 'Object Repository/ROLES/Roles_page/Pagination/front_navigation' is clicked on

2020-02-17 17:48:34 - [MESSAGE][PASSED] - Object: 'Object Repository/ROLES/Roles_page/Pagination/front_navigation' is clicked on

2020-02-17 17:48:34 - [TEST_STEP][PASSED] - elements = findWebElements(findTestObject("CONTENT/Image_Listing/column1_Image_Name_Values"), 0): Timeout '0' is invalid. Using default page load timeout: '230'

2020-02-17 17:48:34 - [MESSAGE][WARNING] - Timeout '0' is invalid. Using default page load timeout: '230'

2020-02-17 17:48:35 - [TEST_STEP][PASSED] - pageValueCount += elements.size(): null

2020-02-17 17:48:35 - [TEST_STEP][PASSED] - click(findTestObject("ROLES/Roles_page/Pagination/front_navigation")): Object: 'Object Repository/ROLES/Roles_page/Pagination/front_navigation' is clicked on

2020-02-17 17:48:36 - [MESSAGE][PASSED] - Object: 'Object Repository/ROLES/Roles_page/Pagination/front_navigation' is clicked on

2020-02-17 17:48:36 - [TEST_STEP][PASSED] - elements = findWebElements(findTestObject("CONTENT/Image_Listing/column1_Image_Name_Values"), 0): Timeout '0' is invalid. Using default page load timeout: '230'

2020-02-17 17:48:36 - [MESSAGE][WARNING] - Timeout '0' is invalid. Using default page load timeout: '230'

2020-02-17 17:48:36 - [TEST_STEP][PASSED] - pageValueCount += elements.size(): null

2020-02-17 17:48:36 - [TEST_STEP][PASSED] - click(findTestObject("ROLES/Roles_page/Pagination/front_navigation")): Object: 'Object Repository/ROLES/Roles_page/Pagination/front_navigation' is clicked on

2020-02-17 17:48:37 - [MESSAGE][PASSED] - Object: 'Object Repository/ROLES/Roles_page/Pagination/front_navigation' is clicked on

2020-02-17 17:48:37 - [TEST_STEP][PASSED] - elements = findWebElements(findTestObject("CONTENT/Image_Listing/column1_Image_Name_Values"), 0): Timeout '0' is invalid. Using default page load timeout: '230'

2020-02-17 17:48:37 - [MESSAGE][WARNING] - Timeout '0' is invalid. Using default page load timeout: '230'

2020-02-17 17:48:38 - [TEST_STEP][PASSED] - pageValueCount += elements.size(): null

2020-02-17 17:48:38 - [TEST_STEP][PASSED] - click(findTestObject("ROLES/Roles_page/Pagination/front_navigation")): Object: 'Object Repository/ROLES/Roles_page/Pagination/front_navigation' is clicked on

2020-02-17 17:48:38 - [MESSAGE][PASSED] - Object: 'Object Repository/ROLES/Roles_page/Pagination/front_navigation' is clicked on

2020-02-17 17:48:38 - [TEST_STEP][PASSED] - elements = findWebElements(findTestObject("CONTENT/Image_Listing/column1_Image_Name_Values"), 0): Timeout '0' is invalid. Using default page load timeout: '230'

2020-02-17 17:48:38 - [MESSAGE][WARNING] - Timeout '0' is invalid. Using default page load timeout: '230'

2020-02-17 17:48:40 - [TEST_STEP][PASSED] - pageValueCount += elements.size(): null

2020-02-17 17:48:40 - [TEST_STEP][PASSED] - click(findTestObject("ROLES/Roles_page/Pagination/front_navigation")): Object: 'Object Repository/ROLES/Roles_page/Pagination/front_navigation' is clicked on

2020-02-17 17:48:40 - [MESSAGE][PASSED] - Object: 'Object Repository/ROLES/Roles_page/Pagination/front_navigation' is clicked on

2020-02-17 17:48:40 - [TEST_STEP][PASSED] - elements = findWebElements(findTestObject("CONTENT/Image_Listing/column1_Image_Name_Values"), 0): Timeout '0' is invalid. Using default page load timeout: '230'

2020-02-17 17:48:41 - [MESSAGE][WARNING] - Timeout '0' is invalid. Using default page load timeout: '230'

2020-02-17 17:48:41 - [TEST_STEP][PASSED] - pageValueCount += elements.size(): null

2020-02-17 17:48:41 - [TEST_STEP][PASSED] - click(findTestObject("ROLES/Roles_page/Pagination/front_navigation")): Object: 'Object Repository/ROLES/Roles_page/Pagination/front_navigation' is clicked on

2020-02-17 17:48:42 - [MESSAGE][PASSED] - Object: 'Object Repository/ROLES/Roles_page/Pagination/front_navigation' is clicked on

2020-02-17 17:48:42 - [TEST_STEP][PASSED] - elements = findWebElements(findTestObject("CONTENT/Image_Listing/column1_Image_Name_Values"), 0): Timeout '0' is invalid. Using default page load timeout: '230'

2020-02-17 17:48:42 - [MESSAGE][WARNING] - Timeout '0' is invalid. Using default page load timeout: '230'

2020-02-17 17:48:43 - [TEST_STEP][PASSED] - pageValueCount += elements.size(): null

2020-02-17 17:48:43 - [TEST_STEP][PASSED] - click(findTestObject("ROLES/Roles_page/Pagination/front_navigation")): Object: 'Object Repository/ROLES/Roles_page/Pagination/front_navigation' is clicked on

2020-02-17 17:48:43 - [MESSAGE][PASSED] - Object: 'Object Repository/ROLES/Roles_page/Pagination/front_navigation' is clicked on

2020-02-17 17:48:43 - [TEST_STEP][PASSED] - elements = findWebElements(findTestObject("CONTENT/Image_Listing/column1_Image_Name_Values"), 0): Timeout '0' is invalid. Using default page load timeout: '230'

2020-02-17 17:48:43 - [MESSAGE][WARNING] - Timeout '0' is invalid. Using default page load timeout: '230'

2020-02-17 17:48:44 - [TEST_STEP][PASSED] - pageValueCount += elements.size(): null

2020-02-17 17:48:44 - [TEST_STEP][PASSED] - click(findTestObject("ROLES/Roles_page/Pagination/front_navigation")): Object: 'Object Repository/ROLES/Roles_page/Pagination/front_navigation' is clicked on

2020-02-17 17:48:44 - [MESSAGE][PASSED] - Object: 'Object Repository/ROLES/Roles_page/Pagination/front_navigation' is clicked on

2020-02-17 17:48:44 - [TEST_STEP][PASSED] - elements = findWebElements(findTestObject("CONTENT/Image_Listing/column1_Image_Name_Values"), 0): Timeout '0' is invalid. Using default page load timeout: '230'

2020-02-17 17:48:44 - [MESSAGE][WARNING] - Timeout '0' is invalid. Using default page load timeout: '230'

2020-02-17 17:48:45 - [TEST_STEP][PASSED] - pageValueCount += elements.size(): null

2020-02-17 17:48:45 - [TEST_STEP][PASSED] - click(findTestObject("ROLES/Roles_page/Pagination/front_navigation")): Object: 'Object Repository/ROLES/Roles_page/Pagination/front_navigation' is clicked on

2020-02-17 17:48:46 - [MESSAGE][PASSED] - Object: 'Object Repository/ROLES/Roles_page/Pagination/front_navigation' is clicked on

2020-02-17 17:48:46 - [TEST_STEP][PASSED] - elements = findWebElements(findTestObject("CONTENT/Image_Listing/column1_Image_Name_Values"), 0): Timeout '0' is invalid. Using default page load timeout: '230'

2020-02-17 17:48:46 - [MESSAGE][WARNING] - Timeout '0' is invalid. Using default page load timeout: '230'

2020-02-17 17:48:46 - [TEST_STEP][PASSED] - pageValueCount += elements.size(): null

2020-02-17 17:48:46 - [TEST_STEP][PASSED] - click(findTestObject("ROLES/Roles_page/Pagination/front_navigation")): Object: 'Object Repository/ROLES/Roles_page/Pagination/front_navigation' is clicked on

2020-02-17 17:48:47 - [MESSAGE][PASSED] - Object: 'Object Repository/ROLES/Roles_page/Pagination/front_navigation' is clicked on

2020-02-17 17:48:47 - [TEST_STEP][PASSED] - elements = findWebElements(findTestObject("CONTENT/Image_Listing/column1_Image_Name_Values"), 0): Timeout '0' is invalid. Using default page load timeout: '230'

2020-02-17 17:48:47 - [MESSAGE][WARNING] - Timeout '0' is invalid. Using default page load timeout: '230'

2020-02-17 17:48:48 - [TEST_STEP][PASSED] - pageValueCount += elements.size(): null

2020-02-17 17:48:48 - [TEST_STEP][PASSED] - click(findTestObject("ROLES/Roles_page/Pagination/front_navigation")): Object: 'Object Repository/ROLES/Roles_page/Pagination/front_navigation' is clicked on

2020-02-17 17:48:48 - [MESSAGE][PASSED] - Object: 'Object Repository/ROLES/Roles_page/Pagination/front_navigation' is clicked on

2020-02-17 17:48:48 - [TEST_STEP][PASSED] - elements = findWebElements(findTestObject("CONTENT/Image_Listing/column1_Image_Name_Values"), 0): Timeout '0' is invalid. Using default page load timeout: '230'

2020-02-17 17:48:48 - [MESSAGE][WARNING] - Timeout '0' is invalid. Using default page load timeout: '230'

2020-02-17 17:48:50 - [TEST_STEP][PASSED] - pageValueCount += elements.size(): null

2020-02-17 17:48:50 - [TEST_STEP][PASSED] - click(findTestObject("ROLES/Roles_page/Pagination/front_navigation")): Object: 'Object Repository/ROLES/Roles_page/Pagination/front_navigation' is clicked on

2020-02-17 17:48:51 - [MESSAGE][PASSED] - Object: 'Object Repository/ROLES/Roles_page/Pagination/front_navigation' is clicked on

2020-02-17 17:48:51 - [TEST_STEP][PASSED] - elements = findWebElements(findTestObject("CONTENT/Image_Listing/column1_Image_Name_Values"), 0): Timeout '0' is invalid. Using default page load timeout: '230'

2020-02-17 17:48:51 - [MESSAGE][WARNING] - Timeout '0' is invalid. Using default page load timeout: '230'

2020-02-17 17:48:51 - [TEST_STEP][PASSED] - pageValueCount += elements.size(): null

2020-02-17 17:48:51 - [TEST_STEP][PASSED] - click(findTestObject("ROLES/Roles_page/Pagination/front_navigation")): Object: 'Object Repository/ROLES/Roles_page/Pagination/front_navigation' is clicked on

2020-02-17 17:48:52 - [MESSAGE][PASSED] - Object: 'Object Repository/ROLES/Roles_page/Pagination/front_navigation' is clicked on

2020-02-17 17:48:52 - [TEST_STEP][PASSED] - elements = findWebElements(findTestObject("CONTENT/Image_Listing/column1_Image_Name_Values"), 0): Timeout '0' is invalid. Using default page load timeout: '230'

2020-02-17 17:48:52 - [MESSAGE][WARNING] - Timeout '0' is invalid. Using default page load timeout: '230'

2020-02-17 17:48:53 - [TEST_STEP][PASSED] - pageValueCount += elements.size(): null

2020-02-17 17:48:53 - [TEST_STEP][PASSED] - click(findTestObject("ROLES/Roles_page/Pagination/front_navigation")): Object: 'Object Repository/ROLES/Roles_page/Pagination/front_navigation' is clicked on

2020-02-17 17:48:53 - [MESSAGE][PASSED] - Object: 'Object Repository/ROLES/Roles_page/Pagination/front_navigation' is clicked on

2020-02-17 17:48:53 - [TEST_STEP][PASSED] - elements = findWebElements(findTestObject("CONTENT/Image_Listing/column1_Image_Name_Values"), 0): Timeout '0' is invalid. Using default page load timeout: '230'

2020-02-17 17:48:53 - [MESSAGE][WARNING] - Timeout '0' is invalid. Using default page load timeout: '230'

2020-02-17 17:48:54 - [TEST_STEP][PASSED] - pageValueCount += elements.size(): null

2020-02-17 17:48:54 - [TEST_STEP][PASSED] - click(findTestObject("ROLES/Roles_page/Pagination/front_navigation")): Object: 'Object Repository/ROLES/Roles_page/Pagination/front_navigation' is clicked on

2020-02-17 17:48:54 - [MESSAGE][PASSED] - Object: 'Object Repository/ROLES/Roles_page/Pagination/front_navigation' is clicked on

2020-02-17 17:48:54 - [TEST_STEP][PASSED] - elements = findWebElements(findTestObject("CONTENT/Image_Listing/column1_Image_Name_Values"), 0): Timeout '0' is invalid. Using default page load timeout: '230'

2020-02-17 17:48:55 - [MESSAGE][WARNING] - Timeout '0' is invalid. Using default page load timeout: '230'

2020-02-17 17:48:55 - [TEST_STEP][PASSED] - pageValueCount += elements.size(): null

2020-02-17 17:48:55 - [TEST_STEP][PASSED] - click(findTestObject("ROLES/Roles_page/Pagination/front_navigation")): Object: 'Object Repository/ROLES/Roles_page/Pagination/front_navigation' is clicked on

2020-02-17 17:48:56 - [MESSAGE][PASSED] - Object: 'Object Repository/ROLES/Roles_page/Pagination/front_navigation' is clicked on

2020-02-17 17:48:56 - [TEST_STEP][PASSED] - elements = findWebElements(findTestObject("CONTENT/Image_Listing/column1_Image_Name_Values"), 0): Timeout '0' is invalid. Using default page load timeout: '230'

2020-02-17 17:48:56 - [MESSAGE][WARNING] - Timeout '0' is invalid. Using default page load timeout: '230'

2020-02-17 17:48:56 - [TEST_STEP][PASSED] - pageValueCount += elements.size(): null

2020-02-17 17:48:56 - [TEST_STEP][PASSED] - click(findTestObject("ROLES/Roles_page/Pagination/front_navigation")): Object: 'Object Repository/ROLES/Roles_page/Pagination/front_navigation' is clicked on

2020-02-17 17:48:57 - [MESSAGE][PASSED] - Object: 'Object Repository/ROLES/Roles_page/Pagination/front_navigation' is clicked on

2020-02-17 17:48:57 - [TEST_STEP][PASSED] - elements = findWebElements(findTestObject("CONTENT/Image_Listing/column1_Image_Name_Values"), 0): Timeout '0' is invalid. Using default page load timeout: '230'

2020-02-17 17:48:57 - [MESSAGE][WARNING] - Timeout '0' is invalid. Using default page load timeout: '230'

2020-02-17 17:48:58 - [TEST_STEP][PASSED] - pageValueCount += elements.size(): null

2020-02-17 17:48:58 - [TEST_STEP][PASSED] - click(findTestObject("ROLES/Roles_page/Pagination/front_navigation")): Object: 'Object Repository/ROLES/Roles_page/Pagination/front_navigation' is clicked on

2020-02-17 17:48:58 - [MESSAGE][PASSED] - Object: 'Object Repository/ROLES/Roles_page/Pagination/front_navigation' is clicked on

2020-02-17 17:48:58 - [TEST_STEP][PASSED] - elements = findWebElements(findTestObject("CONTENT/Image_Listing/column1_Image_Name_Values"), 0): Timeout '0' is invalid. Using default page load timeout: '230'

2020-02-17 17:48:58 - [MESSAGE][WARNING] - Timeout '0' is invalid. Using default page load timeout: '230'

2020-02-17 17:49:00 - [TEST_STEP][PASSED] - pageValueCount += elements.size(): null

2020-02-17 17:49:00 - [TEST_STEP][PASSED] - click(findTestObject("ROLES/Roles_page/Pagination/front_navigation")): Object: 'Object Repository/ROLES/Roles_page/Pagination/front_navigation' is clicked on

2020-02-17 17:49:00 - [MESSAGE][PASSED] - Object: 'Object Repository/ROLES/Roles_page/Pagination/front_navigation' is clicked on

2020-02-17 17:49:00 - [TEST_STEP][PASSED] - elements = findWebElements(findTestObject("CONTENT/Image_Listing/column1_Image_Name_Values"), 0): Timeout '0' is invalid. Using default page load timeout: '230'

2020-02-17 17:49:01 - [MESSAGE][WARNING] - Timeout '0' is invalid. Using default page load timeout: '230'

2020-02-17 17:49:01 - [TEST_STEP][PASSED] - pageValueCount += elements.size(): null

2020-02-17 17:49:01 - [TEST_STEP][PASSED] - verifyEqual(total, pageValueCount): Actual object '240' and expected object '240' are equal

2020-02-17 17:49:01 - [MESSAGE][PASSED] - Actual object '240' and expected object '240' are equal

2020-02-17 17:49:01 - [TEST_STEP][PASSED] - Start listener action : sampleAfterTestCase: null

2020-02-17 17:49:01 - [TEST_STEP][PASSED] - println(testCaseContext.getTestCaseId()): null

2020-02-17 17:49:01 - [TEST_STEP][PASSED] - println(testCaseContext.getTestCaseStatus()): null

2020-02-17 17:49:01 - [TEST_STEP][PASSED] - println("On Failure Method is Calling : " + testCaseContext.getTestCaseStatus()): null

2020-02-17 17:49:01 - [TEST_STEP][PASSED] - if (!(getTestCaseStatus().equalsIgnoreCase("PASSED"))): null]]></system-out>
         <system-err><![CDATA[]]></system-err>
      </testcase>
      <testcase name="Test Cases/Atlas Platform/Content Management/Image Library/TC_002_Verify_Search_Image_With_Valid_Text" time="19.666" classname="Test Cases/Atlas Platform/Content Management/Image Library/TC_002_Verify_Search_Image_With_Valid_Text" status="PASSED">
         <system-out><![CDATA[2020-02-17 17:49:03 - [TEST_CASE][PASSED] - Test Cases/Atlas Platform/Content Management/Image Library/TC_002_Verify_Search_Image_With_Valid_Text: Test Cases/Atlas Platform/Content Management/Image Library/TC_002_Verify_Search_Image_With_Valid_Text

2020-02-17 17:49:04 - [TEST_STEP][NOT_RUN] - callTestCase(findTestCase("Atlas Platform/OnBoard/Login/LoginWithRootAdmin"), ["user_Email":"navaraj@totient.co.in", "user_Password":"Totient@123"], CONTINUE_ON_FAILURE): NOT_RUN: callTestCase(findTestCase("Atlas Platform/OnBoard/Login/LoginWithRootAdmin"), ["user_Email":"navaraj@totient.co.in", "user_Password":"Totient@123"], CONTINUE_ON_FAILURE)

2020-02-17 17:49:04 - [MESSAGE][NOT_RUN] - NOT_RUN: callTestCase(findTestCase("Atlas Platform/OnBoard/Login/LoginWithRootAdmin"), ["user_Email":"navaraj@totient.co.in", "user_Password":"Totient@123"], CONTINUE_ON_FAILURE)

2020-02-17 17:49:04 - [TEST_STEP][PASSED] - click(findTestObject("HeaderMenus/contentmeu")): Object: 'Object Repository/HeaderMenus/contentmeu' is clicked on

2020-02-17 17:49:04 - [MESSAGE][PASSED] - Object: 'Object Repository/HeaderMenus/contentmeu' is clicked on

2020-02-17 17:49:04 - [TEST_STEP][PASSED] - click(findTestObject("Login_Page/Dashboard/Content Sub-Navigation/div_Images")): Object: 'Object Repository/Login_Page/Dashboard/Content Sub-Navigation/div_Images' is clicked on

2020-02-17 17:49:05 - [MESSAGE][PASSED] - Object: 'Object Repository/Login_Page/Dashboard/Content Sub-Navigation/div_Images' is clicked on

2020-02-17 17:49:05 - [TEST_STEP][PASSED] - click(findTestObject("CONTENT/Image_Listing/all_Image_textwithcount")): Object: 'Object Repository/CONTENT/Image_Listing/all_Image_textwithcount' is clicked on

2020-02-17 17:49:06 - [MESSAGE][PASSED] - Object: 'Object Repository/CONTENT/Image_Listing/all_Image_textwithcount' is clicked on

2020-02-17 17:49:06 - [TEST_STEP][PASSED] - setText(findTestObject("CONTENT/Image_Listing/image_search_box"), "image" + ENTER): Text 'ENTER + image' is set on object 'Object Repository/CONTENT/Image_Listing/image_search_box'

2020-02-17 17:49:06 - [MESSAGE][PASSED] - Text 'ENTER + image' is set on object 'Object Repository/CONTENT/Image_Listing/image_search_box'

2020-02-17 17:49:06 - [TEST_STEP][PASSED] - delay(5): Delayed 5 second(s)

2020-02-17 17:49:12 - [MESSAGE][PASSED] - Delayed 5 second(s)

2020-02-17 17:49:12 - [TEST_STEP][PASSED] - text = getText(findTestObject("CONTENT/Image_Listing/showingtextforpagination")): Text of object 'Object Repository/CONTENT/Image_Listing/showingtextforpagination' is: 'Showing 1-10 of 58 Images'

2020-02-17 17:49:12 - [MESSAGE][PASSED] - Text of object 'Object Repository/CONTENT/Image_Listing/showingtextforpagination' is: 'Showing 1-10 of 58 Images'

2020-02-17 17:49:12 - [TEST_STEP][PASSED] - resultfound_count = Integer.parseInt(split(" ")[1].trim()): null

2020-02-17 17:49:12 - [TEST_STEP][PASSED] - elements = findWebElements(findTestObject("CONTENT/Image_Listing/column1_Image_Name_Values"), 0): Timeout '0' is invalid. Using default page load timeout: '230'

2020-02-17 17:49:12 - [MESSAGE][WARNING] - Timeout '0' is invalid. Using default page load timeout: '230'

2020-02-17 17:49:12 - [TEST_STEP][PASSED] - pageValueCount = elements.size(): null

2020-02-17 17:49:12 - [TEST_STEP][PASSED] - if (resultfound_count > 10): null

2020-02-17 17:49:12 - [TEST_STEP][PASSED] - while (resultfound_count != pageValueCount): null

2020-02-17 17:49:12 - [TEST_STEP][PASSED] - click(findTestObject("ROLES/Roles_page/Pagination/front_navigation")): Object: 'Object Repository/ROLES/Roles_page/Pagination/front_navigation' is clicked on

2020-02-17 17:49:13 - [MESSAGE][PASSED] - Object: 'Object Repository/ROLES/Roles_page/Pagination/front_navigation' is clicked on

2020-02-17 17:49:13 - [TEST_STEP][PASSED] - elements = findWebElements(findTestObject("CONTENT/Image_Listing/column1_Image_Name_Values"), 0): Timeout '0' is invalid. Using default page load timeout: '230'

2020-02-17 17:49:13 - [MESSAGE][WARNING] - Timeout '0' is invalid. Using default page load timeout: '230'

2020-02-17 17:49:15 - [TEST_STEP][PASSED] - pageValueCount += elements.size(): null

2020-02-17 17:49:15 - [TEST_STEP][PASSED] - println(pageValueCount): null

2020-02-17 17:49:15 - [TEST_STEP][PASSED] - click(findTestObject("ROLES/Roles_page/Pagination/front_navigation")): Object: 'Object Repository/ROLES/Roles_page/Pagination/front_navigation' is clicked on

2020-02-17 17:49:15 - [MESSAGE][PASSED] - Object: 'Object Repository/ROLES/Roles_page/Pagination/front_navigation' is clicked on

2020-02-17 17:49:15 - [TEST_STEP][PASSED] - elements = findWebElements(findTestObject("CONTENT/Image_Listing/column1_Image_Name_Values"), 0): Timeout '0' is invalid. Using default page load timeout: '230'

2020-02-17 17:49:15 - [MESSAGE][WARNING] - Timeout '0' is invalid. Using default page load timeout: '230'

2020-02-17 17:49:16 - [TEST_STEP][PASSED] - pageValueCount += elements.size(): null

2020-02-17 17:49:16 - [TEST_STEP][PASSED] - println(pageValueCount): null

2020-02-17 17:49:16 - [TEST_STEP][PASSED] - click(findTestObject("ROLES/Roles_page/Pagination/front_navigation")): Object: 'Object Repository/ROLES/Roles_page/Pagination/front_navigation' is clicked on

2020-02-17 17:49:17 - [MESSAGE][PASSED] - Object: 'Object Repository/ROLES/Roles_page/Pagination/front_navigation' is clicked on

2020-02-17 17:49:17 - [TEST_STEP][PASSED] - elements = findWebElements(findTestObject("CONTENT/Image_Listing/column1_Image_Name_Values"), 0): Timeout '0' is invalid. Using default page load timeout: '230'

2020-02-17 17:49:17 - [MESSAGE][WARNING] - Timeout '0' is invalid. Using default page load timeout: '230'

2020-02-17 17:49:17 - [TEST_STEP][PASSED] - pageValueCount += elements.size(): null

2020-02-17 17:49:17 - [TEST_STEP][PASSED] - println(pageValueCount): null

2020-02-17 17:49:17 - [TEST_STEP][PASSED] - click(findTestObject("ROLES/Roles_page/Pagination/front_navigation")): Object: 'Object Repository/ROLES/Roles_page/Pagination/front_navigation' is clicked on

2020-02-17 17:49:18 - [MESSAGE][PASSED] - Object: 'Object Repository/ROLES/Roles_page/Pagination/front_navigation' is clicked on

2020-02-17 17:49:18 - [TEST_STEP][PASSED] - elements = findWebElements(findTestObject("CONTENT/Image_Listing/column1_Image_Name_Values"), 0): Timeout '0' is invalid. Using default page load timeout: '230'

2020-02-17 17:49:18 - [MESSAGE][WARNING] - Timeout '0' is invalid. Using default page load timeout: '230'

2020-02-17 17:49:20 - [TEST_STEP][PASSED] - pageValueCount += elements.size(): null

2020-02-17 17:49:20 - [TEST_STEP][PASSED] - println(pageValueCount): null

2020-02-17 17:49:20 - [TEST_STEP][PASSED] - click(findTestObject("ROLES/Roles_page/Pagination/front_navigation")): Object: 'Object Repository/ROLES/Roles_page/Pagination/front_navigation' is clicked on

2020-02-17 17:49:20 - [MESSAGE][PASSED] - Object: 'Object Repository/ROLES/Roles_page/Pagination/front_navigation' is clicked on

2020-02-17 17:49:20 - [TEST_STEP][PASSED] - elements = findWebElements(findTestObject("CONTENT/Image_Listing/column1_Image_Name_Values"), 0): Timeout '0' is invalid. Using default page load timeout: '230'

2020-02-17 17:49:20 - [MESSAGE][WARNING] - Timeout '0' is invalid. Using default page load timeout: '230'

2020-02-17 17:49:21 - [TEST_STEP][PASSED] - pageValueCount += elements.size(): null

2020-02-17 17:49:21 - [TEST_STEP][PASSED] - println(pageValueCount): null

2020-02-17 17:49:21 - [TEST_STEP][PASSED] - verifyEqual(resultfound_count, pageValueCount): Actual object '58' and expected object '58' are equal

2020-02-17 17:49:21 - [MESSAGE][PASSED] - Actual object '58' and expected object '58' are equal

2020-02-17 17:49:21 - [TEST_STEP][PASSED] - Start listener action : sampleAfterTestCase: null

2020-02-17 17:49:21 - [TEST_STEP][PASSED] - println(testCaseContext.getTestCaseId()): null

2020-02-17 17:49:21 - [TEST_STEP][PASSED] - println(testCaseContext.getTestCaseStatus()): null

2020-02-17 17:49:21 - [TEST_STEP][PASSED] - println("On Failure Method is Calling : " + testCaseContext.getTestCaseStatus()): null

2020-02-17 17:49:21 - [TEST_STEP][PASSED] - if (!(getTestCaseStatus().equalsIgnoreCase("PASSED"))): null]]></system-out>
         <system-err><![CDATA[]]></system-err>
      </testcase>
      <testcase name="Test Cases/Atlas Platform/Content Management/Image Library/TC_003_Verify_Search_Image_With_Invalid_Text" time="10.391" classname="Test Cases/Atlas Platform/Content Management/Image Library/TC_003_Verify_Search_Image_With_Invalid_Text" status="PASSED">
         <system-out><![CDATA[2020-02-17 17:49:23 - [TEST_CASE][PASSED] - Test Cases/Atlas Platform/Content Management/Image Library/TC_003_Verify_Search_Image_With_Invalid_Text: Test Cases/Atlas Platform/Content Management/Image Library/TC_003_Verify_Search_Image_With_Invalid_Text

2020-02-17 17:49:24 - [TEST_STEP][NOT_RUN] - callTestCase(findTestCase("Atlas Platform/OnBoard/Login/LoginWithRootAdmin"), ["user_Email":"navaraj@totient.co.in", "user_Password":"Totient@123"], CONTINUE_ON_FAILURE): NOT_RUN: callTestCase(findTestCase("Atlas Platform/OnBoard/Login/LoginWithRootAdmin"), ["user_Email":"navaraj@totient.co.in", "user_Password":"Totient@123"], CONTINUE_ON_FAILURE)

2020-02-17 17:49:24 - [MESSAGE][NOT_RUN] - NOT_RUN: callTestCase(findTestCase("Atlas Platform/OnBoard/Login/LoginWithRootAdmin"), ["user_Email":"navaraj@totient.co.in", "user_Password":"Totient@123"], CONTINUE_ON_FAILURE)

2020-02-17 17:49:24 - [TEST_STEP][PASSED] - click(findTestObject("HeaderMenus/contentmeu")): Object: 'Object Repository/HeaderMenus/contentmeu' is clicked on

2020-02-17 17:49:24 - [MESSAGE][PASSED] - Object: 'Object Repository/HeaderMenus/contentmeu' is clicked on

2020-02-17 17:49:24 - [TEST_STEP][PASSED] - click(findTestObject("Login_Page/Dashboard/Content Sub-Navigation/div_Images")): Object: 'Object Repository/Login_Page/Dashboard/Content Sub-Navigation/div_Images' is clicked on

2020-02-17 17:49:25 - [MESSAGE][PASSED] - Object: 'Object Repository/Login_Page/Dashboard/Content Sub-Navigation/div_Images' is clicked on

2020-02-17 17:49:25 - [TEST_STEP][PASSED] - click(findTestObject("CONTENT/Image_Listing/all_Image_textwithcount")): Object: 'Object Repository/CONTENT/Image_Listing/all_Image_textwithcount' is clicked on

2020-02-17 17:49:25 - [MESSAGE][PASSED] - Object: 'Object Repository/CONTENT/Image_Listing/all_Image_textwithcount' is clicked on

2020-02-17 17:49:25 - [TEST_STEP][PASSED] - setText(findTestObject("CONTENT/Image_Listing/image_search_box"), "aaaaa" + ENTER): Text 'ENTER + aaaaa' is set on object 'Object Repository/CONTENT/Image_Listing/image_search_box'

2020-02-17 17:49:26 - [MESSAGE][PASSED] - Text 'ENTER + aaaaa' is set on object 'Object Repository/CONTENT/Image_Listing/image_search_box'

2020-02-17 17:49:26 - [TEST_STEP][PASSED] - delay(5): Delayed 5 second(s)

2020-02-17 17:49:31 - [MESSAGE][PASSED] - Delayed 5 second(s)

2020-02-17 17:49:31 - [TEST_STEP][PASSED] - text = getText(findTestObject("CONTENT/Image_Listing/showingtextforpagination")): Text of object 'Object Repository/CONTENT/Image_Listing/showingtextforpagination' is: 'Showing 0 of 0 Images'

2020-02-17 17:49:31 - [MESSAGE][PASSED] - Text of object 'Object Repository/CONTENT/Image_Listing/showingtextforpagination' is: 'Showing 0 of 0 Images'

2020-02-17 17:49:31 - [TEST_STEP][PASSED] - resultfound_count = Integer.parseInt(split(" ")[1].trim()): null

2020-02-17 17:49:31 - [TEST_STEP][PASSED] - verifyEqual(resultfound_count, 0): Actual object '0' and expected object '0' are equal

2020-02-17 17:49:31 - [MESSAGE][PASSED] - Actual object '0' and expected object '0' are equal

2020-02-17 17:49:31 - [TEST_STEP][PASSED] - Start listener action : sampleAfterTestCase: null

2020-02-17 17:49:31 - [TEST_STEP][PASSED] - println(testCaseContext.getTestCaseId()): null

2020-02-17 17:49:31 - [TEST_STEP][PASSED] - println(testCaseContext.getTestCaseStatus()): null

2020-02-17 17:49:31 - [TEST_STEP][PASSED] - println("On Failure Method is Calling : " + testCaseContext.getTestCaseStatus()): null

2020-02-17 17:49:31 - [TEST_STEP][PASSED] - if (!(getTestCaseStatus().equalsIgnoreCase("PASSED"))): null]]></system-out>
         <system-err><![CDATA[]]></system-err>
      </testcase>
      <testcase name="Test Cases/Atlas Platform/Content Management/Image Library/TC_004_Validate_Upload_Image_Page" time="65.939" classname="Test Cases/Atlas Platform/Content Management/Image Library/TC_004_Validate_Upload_Image_Page" status="PASSED">
         <system-out><![CDATA[2020-02-17 17:49:34 - [TEST_CASE][PASSED] - Test Cases/Atlas Platform/Content Management/Image Library/TC_004_Validate_Upload_Image_Page: Test Cases/Atlas Platform/Content Management/Image Library/TC_004_Validate_Upload_Image_Page

2020-02-17 17:49:34 - [TEST_STEP][NOT_RUN] - callTestCase(findTestCase("Atlas Platform/OnBoard/Login/LoginWithRootAdmin"), ["user_Email":"navaraj@totient.co.in", "user_Password":"Totient@123"], CONTINUE_ON_FAILURE): NOT_RUN: callTestCase(findTestCase("Atlas Platform/OnBoard/Login/LoginWithRootAdmin"), ["user_Email":"navaraj@totient.co.in", "user_Password":"Totient@123"], CONTINUE_ON_FAILURE)

2020-02-17 17:49:34 - [MESSAGE][NOT_RUN] - NOT_RUN: callTestCase(findTestCase("Atlas Platform/OnBoard/Login/LoginWithRootAdmin"), ["user_Email":"navaraj@totient.co.in", "user_Password":"Totient@123"], CONTINUE_ON_FAILURE)

2020-02-17 17:49:34 - [TEST_STEP][PASSED] - click(findTestObject("HeaderMenus/contentmeu")): Object: 'Object Repository/HeaderMenus/contentmeu' is clicked on

2020-02-17 17:49:34 - [MESSAGE][PASSED] - Object: 'Object Repository/HeaderMenus/contentmeu' is clicked on

2020-02-17 17:49:34 - [TEST_STEP][PASSED] - click(findTestObject("Login_Page/Dashboard/Content Sub-Navigation/div_Images")): Object: 'Object Repository/Login_Page/Dashboard/Content Sub-Navigation/div_Images' is clicked on

2020-02-17 17:49:36 - [MESSAGE][PASSED] - Object: 'Object Repository/Login_Page/Dashboard/Content Sub-Navigation/div_Images' is clicked on

2020-02-17 17:49:36 - [TEST_STEP][PASSED] - click(findTestObject("CONTENT/Image_Listing/upload_image_button")): Object: 'Object Repository/CONTENT/Image_Listing/upload_image_button' is clicked on

2020-02-17 17:49:37 - [MESSAGE][PASSED] - Object: 'Object Repository/CONTENT/Image_Listing/upload_image_button' is clicked on

2020-02-17 17:49:37 - [TEST_STEP][PASSED] - verifyElementText(findTestObject("CONTENT/Upload_Images/h1_Upload Images_Header_Text"), "Upload Images"): Actual text and expected text of test object 'Object Repository/CONTENT/Upload_Images/h1_Upload Images_Header_Text' are matched.

2020-02-17 17:50:18 - [MESSAGE][PASSED] - Actual text and expected text of test object 'Object Repository/CONTENT/Upload_Images/h1_Upload Images_Header_Text' are matched.

2020-02-17 17:50:18 - [TEST_STEP][PASSED] - img_name = web.CustomKeyword.getRandomName("Automation"): web.CustomKeyword.getRandomName is PASSED

2020-02-17 17:50:19 - [MESSAGE][PASSED] - web.CustomKeyword.getRandomName is PASSED

2020-02-17 17:50:19 - [TEST_STEP][PASSED] - print(img_name): null

2020-02-17 17:50:19 - [TEST_STEP][PASSED] - setText(findTestObject("CONTENT/Upload_Images/input_Image Name"), img_name): Text 'Automation52' is set on object 'Object Repository/CONTENT/Upload_Images/input_Image Name'

2020-02-17 17:50:20 - [MESSAGE][PASSED] - Text 'Automation52' is set on object 'Object Repository/CONTENT/Upload_Images/input_Image Name'

2020-02-17 17:50:20 - [TEST_STEP][PASSED] - click(findTestObject("CONTENT/Upload_Images/button_Add Description")): Object: 'Object Repository/CONTENT/Upload_Images/button_Add Description' is clicked on

2020-02-17 17:50:21 - [MESSAGE][PASSED] - Object: 'Object Repository/CONTENT/Upload_Images/button_Add Description' is clicked on

2020-02-17 17:50:21 - [TEST_STEP][PASSED] - setText(findTestObject("CONTENT/Upload_Images/textarea_Description_description"), web.CustomKeyword.getRandomString()): Text 'WqSUsDxFLfccjuGdReXqTdloxnZEiVYPlGhGEWDuraAZrcQRTXkTKJvGhFRKSjgqhJguLxJwhMQpHfntGsCcyUqZytgcsXDPJvcR' is set on object 'Object Repository/CONTENT/Upload_Images/textarea_Description_description'

2020-02-17 17:50:21 - [MESSAGE][PASSED] - web.CustomKeyword.getRandomString is PASSED

2020-02-17 17:50:28 - [MESSAGE][PASSED] - Text 'WqSUsDxFLfccjuGdReXqTdloxnZEiVYPlGhGEWDuraAZrcQRTXkTKJvGhFRKSjgqhJguLxJwhMQpHfntGsCcyUqZytgcsXDPJvcR' is set on object 'Object Repository/CONTENT/Upload_Images/textarea_Description_description'

2020-02-17 17:50:29 - [TEST_STEP][NOT_RUN] - click(findTestObject("CONTENT/Upload_Images/label_Select Files")): NOT_RUN: click(findTestObject("CONTENT/Upload_Images/label_Select Files"))

2020-02-17 17:50:29 - [MESSAGE][NOT_RUN] - NOT_RUN: click(findTestObject("CONTENT/Upload_Images/label_Select Files"))

2020-02-17 17:50:29 - [TEST_STEP][PASSED] - dr = getWebDriver(): null

2020-02-17 17:50:29 - [TEST_STEP][PASSED] - listofFileUpload = findWebElements(findTestObject("CONTENT/Upload_Images/label_Select Files"), 0): Timeout '0' is invalid. Using default page load timeout: '230'

2020-02-17 17:50:29 - [MESSAGE][WARNING] - Timeout '0' is invalid. Using default page load timeout: '230'

2020-02-17 17:50:29 - [TEST_STEP][PASSED] - for ([i = 0, i < listofFileUpload.size(), (i++)]): null

2020-02-17 17:50:29 - [TEST_STEP][PASSED] - id = get(i).getAttribute("id"): null

2020-02-17 17:50:29 - [TEST_STEP][PASSED] - println(id + "Test Attribute Values"): null

2020-02-17 17:50:29 - [TEST_STEP][PASSED] - ele = dr.findElement(By.id(id)): null

2020-02-17 17:50:29 - [TEST_STEP][PASSED] - ele.sendKeys("D:\UIManualTestingScreenShot26-12\images(2).jpg"): null

2020-02-17 17:50:29 - [TEST_STEP][PASSED] - id = get(i).getAttribute("id"): null

2020-02-17 17:50:30 - [TEST_STEP][PASSED] - println(id + "Test Attribute Values"): null

2020-02-17 17:50:30 - [TEST_STEP][PASSED] - ele = dr.findElement(By.id(id)): null

2020-02-17 17:50:30 - [TEST_STEP][PASSED] - ele.sendKeys("D:\UIManualTestingScreenShot26-12\images(2).jpg"): null

2020-02-17 17:50:30 - [TEST_STEP][PASSED] - id = get(i).getAttribute("id"): null

2020-02-17 17:50:30 - [TEST_STEP][PASSED] - println(id + "Test Attribute Values"): null

2020-02-17 17:50:30 - [TEST_STEP][PASSED] - ele = dr.findElement(By.id(id)): null

2020-02-17 17:50:31 - [TEST_STEP][PASSED] - ele.sendKeys("D:\UIManualTestingScreenShot26-12\images(2).jpg"): null

2020-02-17 17:50:31 - [TEST_STEP][PASSED] - verifyElementText(findTestObject("CONTENT/Upload_Images/label_Replace"), "Replace"): Actual text and expected text of test object 'Object Repository/CONTENT/Upload_Images/label_Replace' are matched.

2020-02-17 17:50:31 - [MESSAGE][PASSED] - Actual text and expected text of test object 'Object Repository/CONTENT/Upload_Images/label_Replace' are matched.

2020-02-17 17:50:31 - [TEST_STEP][PASSED] - click(findTestObject("CONTENT/Upload_Images/language_DropDown")): Object: 'Object Repository/CONTENT/Upload_Images/language_DropDown' is clicked on

2020-02-17 17:50:32 - [MESSAGE][PASSED] - Object: 'Object Repository/CONTENT/Upload_Images/language_DropDown' is clicked on

2020-02-17 17:50:32 - [TEST_STEP][PASSED] - dropdownlist = findWebElements(findTestObject("CONTENT/Upload_Images/Select_Language_Options"), 0): Timeout '0' is invalid. Using default page load timeout: '230'

2020-02-17 17:50:32 - [MESSAGE][WARNING] - Timeout '0' is invalid. Using default page load timeout: '230'

2020-02-17 17:50:32 - [TEST_STEP][PASSED] - web.CustomKeyword.selectDropDownValue(dropdownlist, "English"): web.CustomKeyword.selectDropDownValue is PASSED

2020-02-17 17:50:32 - [MESSAGE][PASSED] - web.CustomKeyword.selectDropDownValue is PASSED

2020-02-17 17:50:32 - [TEST_STEP][PASSED] - radiobuttonsforMarketing = findWebElements(findTestObject("CONTENT/Upload_Images/maketing_categories"), 0): Timeout '0' is invalid. Using default page load timeout: '230'

2020-02-17 17:50:32 - [MESSAGE][WARNING] - Timeout '0' is invalid. Using default page load timeout: '230'

2020-02-17 17:50:33 - [TEST_STEP][PASSED] - web.CustomKeyword.selectDropDownValue(radiobuttonsforMarketing, "Milestone"): web.CustomKeyword.selectDropDownValue is PASSED

2020-02-17 17:50:33 - [MESSAGE][PASSED] - web.CustomKeyword.selectDropDownValue is PASSED

2020-02-17 17:50:33 - [TEST_STEP][PASSED] - click(findTestObject("CONTENT/Upload_Images/button_Upload")): Object: 'Object Repository/CONTENT/Upload_Images/button_Upload' is clicked on

2020-02-17 17:50:34 - [MESSAGE][PASSED] - Object: 'Object Repository/CONTENT/Upload_Images/button_Upload' is clicked on

2020-02-17 17:50:34 - [TEST_STEP][PASSED] - waitForElementPresent(findTestObject("CONTENT/Image_Listing/all_Image_textwithcount"), 10): Object 'Object Repository/CONTENT/Image_Listing/all_Image_textwithcount' is present

2020-02-17 17:50:37 - [MESSAGE][PASSED] - Object 'Object Repository/CONTENT/Image_Listing/all_Image_textwithcount' is present

2020-02-17 17:50:37 - [TEST_STEP][PASSED] - lisOFImagename = findWebElements(findTestObject("CONTENT/Image_Listing/colum1_Image_Name_values"), 0): Timeout '0' is invalid. Using default page load timeout: '230'

2020-02-17 17:50:37 - [MESSAGE][WARNING] - Timeout '0' is invalid. Using default page load timeout: '230'

2020-02-17 17:50:37 - [TEST_STEP][PASSED] - isUpload = web.CustomKeyword.selectDropDownValue(lisOFImagename, img_name): web.CustomKeyword.selectDropDownValue is PASSED

2020-02-17 17:50:37 - [MESSAGE][PASSED] - web.CustomKeyword.selectDropDownValue is PASSED

2020-02-17 17:50:37 - [TEST_STEP][PASSED] - verifyEqual(isUpload, true): Actual object 'true' and expected object 'true' are equal

2020-02-17 17:50:37 - [MESSAGE][PASSED] - Actual object 'true' and expected object 'true' are equal

2020-02-17 17:50:37 - [TEST_STEP][PASSED] - Start listener action : sampleAfterTestCase: null

2020-02-17 17:50:37 - [TEST_STEP][PASSED] - println(testCaseContext.getTestCaseId()): null

2020-02-17 17:50:37 - [TEST_STEP][PASSED] - println(testCaseContext.getTestCaseStatus()): null

2020-02-17 17:50:37 - [TEST_STEP][PASSED] - println("On Failure Method is Calling : " + testCaseContext.getTestCaseStatus()): null

2020-02-17 17:50:37 - [TEST_STEP][PASSED] - if (!(getTestCaseStatus().equalsIgnoreCase("PASSED"))): null]]></system-out>
         <system-err><![CDATA[]]></system-err>
      </testcase>
      <testcase name="Test Cases/Atlas Platform/OnBoard/Swicther/TC_099_Close_Common_Browser" time="3.209" classname="Test Cases/Atlas Platform/OnBoard/Swicther/TC_099_Close_Common_Browser" status="PASSED">
         <system-out><![CDATA[2020-02-17 17:50:39 - [TEST_CASE][PASSED] - Test Cases/Atlas Platform/OnBoard/Swicther/TC_099_Close_Common_Browser: Test Cases/Atlas Platform/OnBoard/Swicther/TC_099_Close_Common_Browser

2020-02-17 17:50:40 - [TEST_STEP][PASSED] - closeBrowser(): Browser is closed

2020-02-17 17:50:41 - [MESSAGE][PASSED] - Browser is closed

2020-02-17 17:50:41 - [TEST_STEP][PASSED] - Start listener action : sampleAfterTestCase: null

2020-02-17 17:50:41 - [TEST_STEP][PASSED] - println(testCaseContext.getTestCaseId()): null

2020-02-17 17:50:41 - [TEST_STEP][PASSED] - println(testCaseContext.getTestCaseStatus()): null

2020-02-17 17:50:41 - [TEST_STEP][PASSED] - println("On Failure Method is Calling : " + testCaseContext.getTestCaseStatus()): null

2020-02-17 17:50:41 - [TEST_STEP][PASSED] - if (!(getTestCaseStatus().equalsIgnoreCase("PASSED"))): null]]></system-out>
         <system-err><![CDATA[]]></system-err>
      </testcase>
      <system-out><![CDATA[2020-02-17 17:47:26 - [TEST_SUITE][PASSED] - Images: Test Cases/Atlas Platform/OnBoard/Swicther/TC_099_Close_Common_Browser]]></system-out>
      <system-err><![CDATA[]]></system-err>
   </testsuite>
</testsuites>
