<?xml version="1.0" encoding="UTF-8"?>
<testsuites name="Images" time="515.537" tests="6" failures="0" errors="0">
   <testsuite name="Images" tests="6" failures="0" errors="0" time="515.537" timestamp="2020-03-13 11:22:52" hostname="Dell - DESKTOP-8FKLJ50" id="Test Suites/CONTENT/Images">
      <properties>
         <property name="deviceName" value=""/>
         <property name="devicePlatform" value=""/>
         <property name="logFolder" value="C:\\Users\\Dell\\git\\AtlasPlatform_QA\\Reports\\20200313_112220\\CONTENT\\Images\\20200313_112225"/>
         <property name="logFiles" value="C:\\Users\\Dell\\git\\AtlasPlatform_QA\\Reports\\20200313_112220\\CONTENT\\Images\\20200313_112225\\execution0.log"/>
         <property name="attachments" value=""/>
         <property name="hostName" value="Dell - DESKTOP-8FKLJ50"/>
         <property name="os" value="Windows 10 64bit"/>
         <property name="katalonVersion" value="7.2.1.1"/>
         <property name="browser" value="Chrome 80.0.3987.132"/>
         <property name="dbServerInfo" value="MySQL 5.7.22-log"/>
         <property name="hostAddress" value="10.0.75.1"/>
         <property name="sessionId" value="9d50aa5ac0b909ff76235c93acb4edfe"/>
         <property name="seleniumVersion" value="3.141.59"/>
         <property name="proxyInformation" value="ProxyInformation{proxyOption=NO_PROXY, proxyServerType=HTTP, password=, proxyServerAddress=, proxyServerPort=0, executionList=}"/>
         <property name="platform" value="Windows 10"/>
      </properties>
      <testcase name="Test Cases/Atlas Platform/Platform Navigation/Picker/TC_000_Common_Browser_WithLogin" time="91.181" classname="Test Cases/Atlas Platform/Platform Navigation/Picker/TC_000_Common_Browser_WithLogin" status="PASSED">
         <system-out><![CDATA[2020-03-13 11:22:53 - [TEST_CASE][PASSED] - Test Cases/Atlas Platform/Platform Navigation/Picker/TC_000_Common_Browser_WithLogin: Test Cases/Atlas Platform/Platform Navigation/Picker/TC_000_Common_Browser_WithLogin

2020-03-13 11:22:54 - [TEST_STEP][PASSED] - callTestCase(findTestCase("Atlas Platform/Platform Navigation/Login/LoginWithRootAdmin"), [:], STOP_ON_FAILURE): Call Test Case 'Test Cases/Atlas Platform/Platform Navigation/Login/LoginWithRootAdmin' successfully

2020-03-13 11:22:55 - [TEST_CASE][PASSED] - Test Cases/Atlas Platform/Platform Navigation/Login/LoginWithRootAdmin: Test Cases/Atlas Platform/Platform Navigation/Login/LoginWithRootAdmin

2020-03-13 11:22:56 - [TEST_STEP][PASSED] - openBrowser(""): Browser is opened with url: ''

2020-03-13 11:22:57 - [MESSAGE][INFO] - Starting 'Chrome' driver

2020-03-13 11:22:57 - [MESSAGE][INFO] - User set preference: ['args', '[--start-maximized, --disable-web-security, --no-proxy-server]']

2020-03-13 11:22:57 - [MESSAGE][INFO] - User set preference: ['prefs', '{credentials_enable_service=false, profile.password_manager_enabled=false}']

2020-03-13 11:22:57 - [MESSAGE][INFO] - Action delay is set to 0 seconds

2020-03-13 11:23:17 - [MESSAGE][PASSED] - Browser is opened with url: ''

2020-03-13 11:23:17 - [TEST_STEP][NOT_RUN] - callTestCase(findTestCase("Atlas Platform/Platform Navigation/Login/Default Logins/TC_100_ForSecurityURLSAcceptance"), [:], CONTINUE_ON_FAILURE): NOT_RUN: callTestCase(findTestCase("Atlas Platform/Platform Navigation/Login/Default Logins/TC_100_ForSecurityURLSAcceptance"), [:], CONTINUE_ON_FAILURE)

2020-03-13 11:23:17 - [MESSAGE][NOT_RUN] - NOT_RUN: callTestCase(findTestCase("Atlas Platform/Platform Navigation/Login/Default Logins/TC_100_ForSecurityURLSAcceptance"), [:], CONTINUE_ON_FAILURE)

2020-03-13 11:23:17 - [TEST_STEP][PASSED] - navigateToUrl("https://atlas-dev.gsm.auto/"): Navigate to 'https://atlas-dev.gsm.auto/' successfully

2020-03-13 11:23:38 - [MESSAGE][PASSED] - Navigate to 'https://atlas-dev.gsm.auto/' successfully

2020-03-13 11:23:39 - [TEST_STEP][PASSED] - setText(findTestObject("Object Repository/LoginPage/loginpageemailtxtbox"), user_Email): Text 'navaraj@totient.co.in' is set on object 'Object Repository/LoginPage/loginpageemailtxtbox'

2020-03-13 11:23:49 - [MESSAGE][PASSED] - Text 'navaraj@totient.co.in' is set on object 'Object Repository/LoginPage/loginpageemailtxtbox'

2020-03-13 11:23:49 - [TEST_STEP][PASSED] - setText(findTestObject("Object Repository/LoginPage/loginpaepasswordtxtbox"), user_Password): Text 'Totient@123' is set on object 'Object Repository/LoginPage/loginpaepasswordtxtbox'

2020-03-13 11:23:53 - [MESSAGE][PASSED] - Text 'Totient@123' is set on object 'Object Repository/LoginPage/loginpaepasswordtxtbox'

2020-03-13 11:23:53 - [TEST_STEP][PASSED] - click(findTestObject("LoginPage/loginpageloginbtn")): Object: 'Object Repository/LoginPage/loginpageloginbtn' is clicked on

2020-03-13 11:23:55 - [MESSAGE][PASSED] - Object: 'Object Repository/LoginPage/loginpageloginbtn' is clicked on

2020-03-13 11:23:55 - [TEST_STEP][PASSED] - conn = com.katalon.plugin.keyword.connection.DatabaseKeywords.getGlobalConnection(): com.katalon.plugin.keyword.connection.DatabaseKeywords.getGlobalConnection is PASSED

2020-03-13 11:24:15 - [MESSAGE][PASSED] - com.katalon.plugin.keyword.connection.DatabaseKeywords.getGlobalConnection is PASSED

2020-03-13 11:24:15 - [TEST_STEP][PASSED] - resultValues1 = com.katalon.plugin.keyword.connection.DatabaseKeywords.executeQuery(conn, "SELECT * FROM atlas_config.user WHERE email ="" + user_Email + "";"): com.katalon.plugin.keyword.connection.DatabaseKeywords.executeQuery is PASSED

2020-03-13 11:24:17 - [MESSAGE][PASSED] - com.katalon.plugin.keyword.connection.DatabaseKeywords.executeQuery is PASSED

2020-03-13 11:24:17 - [TEST_STEP][PASSED] - println(com.katalon.plugin.keyword.connection.ResultSetKeywords.getSingleCellValue(resultValues1, 1, "user_id")): com.katalon.plugin.keyword.connection.ResultSetKeywords.getSingleCellValue is PASSED

2020-03-13 11:24:18 - [MESSAGE][PASSED] - com.katalon.plugin.keyword.connection.ResultSetKeywords.getSingleCellValue is PASSED

2020-03-13 11:24:19 - [TEST_STEP][PASSED] - user_id = com.katalon.plugin.keyword.connection.ResultSetKeywords.getSingleCellValue(resultValues1, 1, "user_id"): com.katalon.plugin.keyword.connection.ResultSetKeywords.getSingleCellValue is PASSED

2020-03-13 11:24:19 - [MESSAGE][PASSED] - com.katalon.plugin.keyword.connection.ResultSetKeywords.getSingleCellValue is PASSED

2020-03-13 11:24:21 - [TEST_STEP][PASSED] - println("User ID Variable value is : " + user_id): null

2020-03-13 11:24:21 - [MESSAGE][PASSED] - Call Test Case 'Test Cases/Atlas Platform/Platform Navigation/Login/LoginWithRootAdmin' successfully

2020-03-13 11:24:21 - [TEST_STEP][PASSED] - Start listener action : sampleAfterTestCase: null

2020-03-13 11:24:21 - [TEST_STEP][PASSED] - println(testCaseContext.getTestCaseId()): null

2020-03-13 11:24:21 - [TEST_STEP][PASSED] - println(testCaseContext.getTestCaseStatus()): null

2020-03-13 11:24:21 - [TEST_STEP][PASSED] - println("On Failure Method is Calling : " + testCaseContext.getTestCaseStatus()): null

2020-03-13 11:24:21 - [TEST_STEP][PASSED] - if (!(getTestCaseStatus().equalsIgnoreCase("PASSED"))): null]]></system-out>
         <system-err><![CDATA[]]></system-err>
      </testcase>
      <testcase name="Test Cases/Atlas Platform/Content Management/Image Library/TC_002_Verify_Search_Image_With_Valid_Text" time="74.846" classname="Test Cases/Atlas Platform/Content Management/Image Library/TC_002_Verify_Search_Image_With_Valid_Text" status="PASSED">
         <system-out><![CDATA[2020-03-13 11:24:24 - [TEST_CASE][PASSED] - Test Cases/Atlas Platform/Content Management/Image Library/TC_002_Verify_Search_Image_With_Valid_Text: Test Cases/Atlas Platform/Content Management/Image Library/TC_002_Verify_Search_Image_With_Valid_Text

2020-03-13 11:24:28 - [TEST_STEP][NOT_RUN] - callTestCase(findTestCase("Atlas Platform/Platform Navigation/Login/LoginWithRootAdmin"), ["user_Email":"navaraj@totient.co.in", "user_Password":"Totient@123"], CONTINUE_ON_FAILURE): NOT_RUN: callTestCase(findTestCase("Atlas Platform/Platform Navigation/Login/LoginWithRootAdmin"), ["user_Email":"navaraj@totient.co.in", "user_Password":"Totient@123"], CONTINUE_ON_FAILURE)

2020-03-13 11:24:28 - [MESSAGE][NOT_RUN] - NOT_RUN: callTestCase(findTestCase("Atlas Platform/Platform Navigation/Login/LoginWithRootAdmin"), ["user_Email":"navaraj@totient.co.in", "user_Password":"Totient@123"], CONTINUE_ON_FAILURE)

2020-03-13 11:24:28 - [TEST_STEP][PASSED] - click(findTestObject("HeaderMenus/contentmeu")): Object: 'Object Repository/HeaderMenus/contentmeu' is clicked on

2020-03-13 11:24:31 - [MESSAGE][PASSED] - Object: 'Object Repository/HeaderMenus/contentmeu' is clicked on

2020-03-13 11:24:31 - [TEST_STEP][PASSED] - click(findTestObject("Login_Page/Dashboard/Content Sub-Navigation/div_Images")): Object: 'Object Repository/Login_Page/Dashboard/Content Sub-Navigation/div_Images' is clicked on

2020-03-13 11:24:37 - [MESSAGE][PASSED] - Object: 'Object Repository/Login_Page/Dashboard/Content Sub-Navigation/div_Images' is clicked on

2020-03-13 11:24:37 - [TEST_STEP][PASSED] - click(findTestObject("CONTENT/Image_Listing/all_Image_textwithcount")): Object: 'Object Repository/CONTENT/Image_Listing/all_Image_textwithcount' is clicked on

2020-03-13 11:24:42 - [MESSAGE][PASSED] - Object: 'Object Repository/CONTENT/Image_Listing/all_Image_textwithcount' is clicked on

2020-03-13 11:24:42 - [TEST_STEP][PASSED] - setText(findTestObject("CONTENT/Image_Listing/image_search_box"), "image" + ENTER): Text 'ENTER + image' is set on object 'Object Repository/CONTENT/Image_Listing/image_search_box'

2020-03-13 11:24:49 - [MESSAGE][PASSED] - Text 'ENTER + image' is set on object 'Object Repository/CONTENT/Image_Listing/image_search_box'

2020-03-13 11:24:49 - [TEST_STEP][PASSED] - delay(5): Delayed 5 second(s)

2020-03-13 11:24:56 - [MESSAGE][PASSED] - Delayed 5 second(s)

2020-03-13 11:24:56 - [TEST_STEP][PASSED] - text = getText(findTestObject("CONTENT/Image_Listing/showingtextforpagination")): Text of object 'Object Repository/CONTENT/Image_Listing/showingtextforpagination' is: 'Showing 1-10 of 75 Images'

2020-03-13 11:24:57 - [MESSAGE][PASSED] - Text of object 'Object Repository/CONTENT/Image_Listing/showingtextforpagination' is: 'Showing 1-10 of 75 Images'

2020-03-13 11:24:57 - [TEST_STEP][PASSED] - resultfound_count = Integer.parseInt(split(" ")[1].trim()): null

2020-03-13 11:24:57 - [TEST_STEP][PASSED] - elements = findWebElements(findTestObject("CONTENT/Image_Listing/column1_Image_Name_Values"), 0): Timeout '0' is invalid. Using default page load timeout: '230'

2020-03-13 11:24:58 - [MESSAGE][WARNING] - Timeout '0' is invalid. Using default page load timeout: '230'

2020-03-13 11:25:00 - [TEST_STEP][PASSED] - pageValueCount = elements.size(): null

2020-03-13 11:25:00 - [TEST_STEP][PASSED] - if (resultfound_count > 10): null

2020-03-13 11:25:00 - [TEST_STEP][PASSED] - while (resultfound_count != pageValueCount): null

2020-03-13 11:25:01 - [TEST_STEP][PASSED] - click(findTestObject("ROLES/Roles_page/Pagination/front_navigation")): Object: 'Object Repository/ROLES/Roles_page/Pagination/front_navigation' is clicked on

2020-03-13 11:25:13 - [MESSAGE][PASSED] - Object: 'Object Repository/ROLES/Roles_page/Pagination/front_navigation' is clicked on

2020-03-13 11:25:13 - [TEST_STEP][PASSED] - elements = findWebElements(findTestObject("CONTENT/Image_Listing/column1_Image_Name_Values"), 0): Timeout '0' is invalid. Using default page load timeout: '230'

2020-03-13 11:25:13 - [MESSAGE][WARNING] - Timeout '0' is invalid. Using default page load timeout: '230'

2020-03-13 11:25:15 - [TEST_STEP][PASSED] - pageValueCount += elements.size(): null

2020-03-13 11:25:15 - [TEST_STEP][PASSED] - println(pageValueCount): null

2020-03-13 11:25:15 - [TEST_STEP][PASSED] - click(findTestObject("ROLES/Roles_page/Pagination/front_navigation")): Object: 'Object Repository/ROLES/Roles_page/Pagination/front_navigation' is clicked on

2020-03-13 11:25:17 - [MESSAGE][PASSED] - Object: 'Object Repository/ROLES/Roles_page/Pagination/front_navigation' is clicked on

2020-03-13 11:25:17 - [TEST_STEP][PASSED] - elements = findWebElements(findTestObject("CONTENT/Image_Listing/column1_Image_Name_Values"), 0): Timeout '0' is invalid. Using default page load timeout: '230'

2020-03-13 11:25:18 - [MESSAGE][WARNING] - Timeout '0' is invalid. Using default page load timeout: '230'

2020-03-13 11:25:20 - [TEST_STEP][PASSED] - pageValueCount += elements.size(): null

2020-03-13 11:25:20 - [TEST_STEP][PASSED] - println(pageValueCount): null

2020-03-13 11:25:20 - [TEST_STEP][PASSED] - click(findTestObject("ROLES/Roles_page/Pagination/front_navigation")): Object: 'Object Repository/ROLES/Roles_page/Pagination/front_navigation' is clicked on

2020-03-13 11:25:21 - [MESSAGE][PASSED] - Object: 'Object Repository/ROLES/Roles_page/Pagination/front_navigation' is clicked on

2020-03-13 11:25:21 - [TEST_STEP][PASSED] - elements = findWebElements(findTestObject("CONTENT/Image_Listing/column1_Image_Name_Values"), 0): Timeout '0' is invalid. Using default page load timeout: '230'

2020-03-13 11:25:21 - [MESSAGE][WARNING] - Timeout '0' is invalid. Using default page load timeout: '230'

2020-03-13 11:25:23 - [TEST_STEP][PASSED] - pageValueCount += elements.size(): null

2020-03-13 11:25:23 - [TEST_STEP][PASSED] - println(pageValueCount): null

2020-03-13 11:25:23 - [TEST_STEP][PASSED] - click(findTestObject("ROLES/Roles_page/Pagination/front_navigation")): Object: 'Object Repository/ROLES/Roles_page/Pagination/front_navigation' is clicked on

2020-03-13 11:25:25 - [MESSAGE][PASSED] - Object: 'Object Repository/ROLES/Roles_page/Pagination/front_navigation' is clicked on

2020-03-13 11:25:25 - [TEST_STEP][PASSED] - elements = findWebElements(findTestObject("CONTENT/Image_Listing/column1_Image_Name_Values"), 0): Timeout '0' is invalid. Using default page load timeout: '230'

2020-03-13 11:25:25 - [MESSAGE][WARNING] - Timeout '0' is invalid. Using default page load timeout: '230'

2020-03-13 11:25:26 - [TEST_STEP][PASSED] - pageValueCount += elements.size(): null

2020-03-13 11:25:26 - [TEST_STEP][PASSED] - println(pageValueCount): null

2020-03-13 11:25:26 - [TEST_STEP][PASSED] - click(findTestObject("ROLES/Roles_page/Pagination/front_navigation")): Object: 'Object Repository/ROLES/Roles_page/Pagination/front_navigation' is clicked on

2020-03-13 11:25:27 - [MESSAGE][PASSED] - Object: 'Object Repository/ROLES/Roles_page/Pagination/front_navigation' is clicked on

2020-03-13 11:25:27 - [TEST_STEP][PASSED] - elements = findWebElements(findTestObject("CONTENT/Image_Listing/column1_Image_Name_Values"), 0): Timeout '0' is invalid. Using default page load timeout: '230'

2020-03-13 11:25:28 - [MESSAGE][WARNING] - Timeout '0' is invalid. Using default page load timeout: '230'

2020-03-13 11:25:29 - [TEST_STEP][PASSED] - pageValueCount += elements.size(): null

2020-03-13 11:25:29 - [TEST_STEP][PASSED] - println(pageValueCount): null

2020-03-13 11:25:30 - [TEST_STEP][PASSED] - click(findTestObject("ROLES/Roles_page/Pagination/front_navigation")): Object: 'Object Repository/ROLES/Roles_page/Pagination/front_navigation' is clicked on

2020-03-13 11:25:32 - [MESSAGE][PASSED] - Object: 'Object Repository/ROLES/Roles_page/Pagination/front_navigation' is clicked on

2020-03-13 11:25:32 - [TEST_STEP][PASSED] - elements = findWebElements(findTestObject("CONTENT/Image_Listing/column1_Image_Name_Values"), 0): Timeout '0' is invalid. Using default page load timeout: '230'

2020-03-13 11:25:32 - [MESSAGE][WARNING] - Timeout '0' is invalid. Using default page load timeout: '230'

2020-03-13 11:25:33 - [TEST_STEP][PASSED] - pageValueCount += elements.size(): null

2020-03-13 11:25:33 - [TEST_STEP][PASSED] - println(pageValueCount): null

2020-03-13 11:25:33 - [TEST_STEP][PASSED] - click(findTestObject("ROLES/Roles_page/Pagination/front_navigation")): Object: 'Object Repository/ROLES/Roles_page/Pagination/front_navigation' is clicked on

2020-03-13 11:25:34 - [MESSAGE][PASSED] - Object: 'Object Repository/ROLES/Roles_page/Pagination/front_navigation' is clicked on

2020-03-13 11:25:34 - [TEST_STEP][PASSED] - elements = findWebElements(findTestObject("CONTENT/Image_Listing/column1_Image_Name_Values"), 0): Timeout '0' is invalid. Using default page load timeout: '230'

2020-03-13 11:25:35 - [MESSAGE][WARNING] - Timeout '0' is invalid. Using default page load timeout: '230'

2020-03-13 11:25:35 - [TEST_STEP][PASSED] - pageValueCount += elements.size(): null

2020-03-13 11:25:35 - [TEST_STEP][PASSED] - println(pageValueCount): null

2020-03-13 11:25:35 - [TEST_STEP][PASSED] - verifyEqual(resultfound_count, pageValueCount): Actual object '75' and expected object '75' are equal

2020-03-13 11:25:36 - [MESSAGE][PASSED] - Actual object '75' and expected object '75' are equal

2020-03-13 11:25:36 - [TEST_STEP][PASSED] - click(findTestObject("AUDIENCE/Data Source/search_closeicon")): Object: 'Object Repository/AUDIENCE/Data Source/search_closeicon' is clicked on

2020-03-13 11:25:37 - [MESSAGE][PASSED] - Object: 'Object Repository/AUDIENCE/Data Source/search_closeicon' is clicked on

2020-03-13 11:25:37 - [TEST_STEP][PASSED] - Start listener action : sampleAfterTestCase: null

2020-03-13 11:25:37 - [TEST_STEP][PASSED] - println(testCaseContext.getTestCaseId()): null

2020-03-13 11:25:37 - [TEST_STEP][PASSED] - println(testCaseContext.getTestCaseStatus()): null

2020-03-13 11:25:37 - [TEST_STEP][PASSED] - println("On Failure Method is Calling : " + testCaseContext.getTestCaseStatus()): null

2020-03-13 11:25:37 - [TEST_STEP][PASSED] - if (!(getTestCaseStatus().equalsIgnoreCase("PASSED"))): null]]></system-out>
         <system-err><![CDATA[]]></system-err>
      </testcase>
      <testcase name="Test Cases/Atlas Platform/Content Management/Image Library/TC_003_Verify_Search_ImagePage_With_Invalid_Text" time="26.878" classname="Test Cases/Atlas Platform/Content Management/Image Library/TC_003_Verify_Search_ImagePage_With_Invalid_Text" status="PASSED">
         <system-out><![CDATA[2020-03-13 11:25:39 - [TEST_CASE][PASSED] - Test Cases/Atlas Platform/Content Management/Image Library/TC_003_Verify_Search_ImagePage_With_Invalid_Text: Test Cases/Atlas Platform/Content Management/Image Library/TC_003_Verify_Search_ImagePage_With_Invalid_Text

2020-03-13 11:25:42 - [TEST_STEP][NOT_RUN] - callTestCase(findTestCase("Atlas Platform/Platform Navigation/Login/LoginWithRootAdmin"), ["user_Email":"navaraj@totient.co.in", "user_Password":"Totient@123"], CONTINUE_ON_FAILURE): NOT_RUN: callTestCase(findTestCase("Atlas Platform/Platform Navigation/Login/LoginWithRootAdmin"), ["user_Email":"navaraj@totient.co.in", "user_Password":"Totient@123"], CONTINUE_ON_FAILURE)

2020-03-13 11:25:42 - [MESSAGE][NOT_RUN] - NOT_RUN: callTestCase(findTestCase("Atlas Platform/Platform Navigation/Login/LoginWithRootAdmin"), ["user_Email":"navaraj@totient.co.in", "user_Password":"Totient@123"], CONTINUE_ON_FAILURE)

2020-03-13 11:25:42 - [TEST_STEP][PASSED] - click(findTestObject("HeaderMenus/contentmeu")): Object: 'Object Repository/HeaderMenus/contentmeu' is clicked on

2020-03-13 11:25:46 - [MESSAGE][PASSED] - Object: 'Object Repository/HeaderMenus/contentmeu' is clicked on

2020-03-13 11:25:46 - [TEST_STEP][PASSED] - click(findTestObject("Login_Page/Dashboard/Content Sub-Navigation/div_Images")): Object: 'Object Repository/Login_Page/Dashboard/Content Sub-Navigation/div_Images' is clicked on

2020-03-13 11:25:49 - [MESSAGE][PASSED] - Object: 'Object Repository/Login_Page/Dashboard/Content Sub-Navigation/div_Images' is clicked on

2020-03-13 11:25:49 - [TEST_STEP][PASSED] - clearText(findTestObject("CONTENT/Image_Listing/image_search_box")): Text of object 'Object Repository/CONTENT/Image_Listing/image_search_box' is cleared

2020-03-13 11:25:51 - [MESSAGE][PASSED] - Text of object 'Object Repository/CONTENT/Image_Listing/image_search_box' is cleared

2020-03-13 11:25:51 - [TEST_STEP][PASSED] - delay(5): Delayed 5 second(s)

2020-03-13 11:25:56 - [MESSAGE][PASSED] - Delayed 5 second(s)

2020-03-13 11:25:56 - [TEST_STEP][PASSED] - sendKeys(findTestObject("CONTENT/Image_Listing/image_search_box"), "aaaaa" + ENTER): Keys 'ENTER + aaaaa' sent to object: 'Object Repository/CONTENT/Image_Listing/image_search_box'

2020-03-13 11:25:57 - [MESSAGE][PASSED] - Keys 'ENTER + aaaaa' sent to object: 'Object Repository/CONTENT/Image_Listing/image_search_box'

2020-03-13 11:25:57 - [TEST_STEP][PASSED] - delay(5): Delayed 5 second(s)

2020-03-13 11:26:02 - [MESSAGE][PASSED] - Delayed 5 second(s)

2020-03-13 11:26:02 - [TEST_STEP][PASSED] - text = getText(findTestObject("CONTENT/Image_Listing/showingtextforpagination")): Text of object 'Object Repository/CONTENT/Image_Listing/showingtextforpagination' is: 'Showing 0 of 0 Images'

2020-03-13 11:26:03 - [MESSAGE][PASSED] - Text of object 'Object Repository/CONTENT/Image_Listing/showingtextforpagination' is: 'Showing 0 of 0 Images'

2020-03-13 11:26:03 - [TEST_STEP][PASSED] - resultfound_count = Integer.parseInt(split(" ")[1].trim()): null

2020-03-13 11:26:03 - [TEST_STEP][PASSED] - verifyEqual(resultfound_count, 0): Actual object '0' and expected object '0' are equal

2020-03-13 11:26:03 - [MESSAGE][PASSED] - Actual object '0' and expected object '0' are equal

2020-03-13 11:26:03 - [TEST_STEP][PASSED] - click(findTestObject("AUDIENCE/Data Source/search_closeicon")): Object: 'Object Repository/AUDIENCE/Data Source/search_closeicon' is clicked on

2020-03-13 11:26:03 - [MESSAGE][PASSED] - Object: 'Object Repository/AUDIENCE/Data Source/search_closeicon' is clicked on

2020-03-13 11:26:03 - [TEST_STEP][PASSED] - Start listener action : sampleAfterTestCase: null

2020-03-13 11:26:03 - [TEST_STEP][PASSED] - println(testCaseContext.getTestCaseId()): null

2020-03-13 11:26:03 - [TEST_STEP][PASSED] - println(testCaseContext.getTestCaseStatus()): null

2020-03-13 11:26:03 - [TEST_STEP][PASSED] - println("On Failure Method is Calling : " + testCaseContext.getTestCaseStatus()): null

2020-03-13 11:26:03 - [TEST_STEP][PASSED] - if (!(getTestCaseStatus().equalsIgnoreCase("PASSED"))): null]]></system-out>
         <system-err><![CDATA[]]></system-err>
      </testcase>
      <testcase name="Test Cases/Atlas Platform/Content Management/Image Library/TC_004_Validate_Upload_Image_Page" time="88.477" classname="Test Cases/Atlas Platform/Content Management/Image Library/TC_004_Validate_Upload_Image_Page" status="PASSED">
         <system-out><![CDATA[2020-03-13 11:26:06 - [TEST_CASE][PASSED] - Test Cases/Atlas Platform/Content Management/Image Library/TC_004_Validate_Upload_Image_Page: Test Cases/Atlas Platform/Content Management/Image Library/TC_004_Validate_Upload_Image_Page

2020-03-13 11:26:10 - [TEST_STEP][NOT_RUN] - callTestCase(findTestCase("Atlas Platform/Platform Navigation/Login/LoginWithRootAdmin"), ["user_Email":"navaraj@totient.co.in", "user_Password":"Totient@123"], CONTINUE_ON_FAILURE): NOT_RUN: callTestCase(findTestCase("Atlas Platform/Platform Navigation/Login/LoginWithRootAdmin"), ["user_Email":"navaraj@totient.co.in", "user_Password":"Totient@123"], CONTINUE_ON_FAILURE)

2020-03-13 11:26:10 - [MESSAGE][NOT_RUN] - NOT_RUN: callTestCase(findTestCase("Atlas Platform/Platform Navigation/Login/LoginWithRootAdmin"), ["user_Email":"navaraj@totient.co.in", "user_Password":"Totient@123"], CONTINUE_ON_FAILURE)

2020-03-13 11:26:10 - [TEST_STEP][PASSED] - click(findTestObject("HeaderMenus/contentmeu")): Object: 'Object Repository/HeaderMenus/contentmeu' is clicked on

2020-03-13 11:26:10 - [MESSAGE][PASSED] - Object: 'Object Repository/HeaderMenus/contentmeu' is clicked on

2020-03-13 11:26:10 - [TEST_STEP][PASSED] - click(findTestObject("Login_Page/Dashboard/Content Sub-Navigation/div_Images")): Object: 'Object Repository/Login_Page/Dashboard/Content Sub-Navigation/div_Images' is clicked on

2020-03-13 11:26:13 - [MESSAGE][PASSED] - Object: 'Object Repository/Login_Page/Dashboard/Content Sub-Navigation/div_Images' is clicked on

2020-03-13 11:26:13 - [TEST_STEP][PASSED] - delay(5): Delayed 5 second(s)

2020-03-13 11:26:18 - [MESSAGE][PASSED] - Delayed 5 second(s)

2020-03-13 11:26:18 - [TEST_STEP][PASSED] - click(findTestObject("CONTENT/Image_Listing/upload_image_button")): Object: 'Object Repository/CONTENT/Image_Listing/upload_image_button' is clicked on

2020-03-13 11:26:20 - [MESSAGE][PASSED] - Object: 'Object Repository/CONTENT/Image_Listing/upload_image_button' is clicked on

2020-03-13 11:26:20 - [TEST_STEP][PASSED] - verifyElementText(findTestObject("CONTENT/Upload_Images/h1_Upload Images_Header_Text"), "Upload"): Actual text and expected text of test object 'Object Repository/CONTENT/Upload_Images/h1_Upload Images_Header_Text' are matched.

2020-03-13 11:26:24 - [MESSAGE][PASSED] - Actual text and expected text of test object 'Object Repository/CONTENT/Upload_Images/h1_Upload Images_Header_Text' are matched.

2020-03-13 11:26:24 - [TEST_STEP][PASSED] - img_name = web.CustomKeyword.getTimeStampWithText("Automation - "): web.CustomKeyword.getTimeStampWithText is PASSED

2020-03-13 11:26:25 - [MESSAGE][PASSED] - web.CustomKeyword.getTimeStampWithText is PASSED

2020-03-13 11:26:25 - [TEST_STEP][PASSED] - print(img_name): null

2020-03-13 11:26:25 - [TEST_STEP][PASSED] - setText(findTestObject("CONTENT/Upload_Images/input_Image Name"), img_name): Text 'Automation - 13-3-2020 11:26:24' is set on object 'Object Repository/CONTENT/Upload_Images/input_Image Name'

2020-03-13 11:26:35 - [MESSAGE][PASSED] - Text 'Automation - 13-3-2020 11:26:24' is set on object 'Object Repository/CONTENT/Upload_Images/input_Image Name'

2020-03-13 11:26:35 - [TEST_STEP][PASSED] - click(findTestObject("CONTENT/Upload_Images/button_Add Description")): Object: 'Object Repository/CONTENT/Upload_Images/button_Add Description' is clicked on

2020-03-13 11:26:37 - [MESSAGE][PASSED] - Object: 'Object Repository/CONTENT/Upload_Images/button_Add Description' is clicked on

2020-03-13 11:26:37 - [TEST_STEP][PASSED] - setText(findTestObject("CONTENT/Upload_Images/textarea_Description_description"), web.CustomKeyword.getRandomString()): Text 'HtWdqwekMiyFezfLNMfNRzSxkmqnPKsnvvCWbTFvcfHMWmzdtvyKeOtKxUXPVgobMBxAYcmGfmubQKwZsFlIwMUdZsbWdWpHooid' is set on object 'Object Repository/CONTENT/Upload_Images/textarea_Description_description'

2020-03-13 11:26:38 - [MESSAGE][PASSED] - web.CustomKeyword.getRandomString is PASSED

2020-03-13 11:27:12 - [MESSAGE][PASSED] - Text 'HtWdqwekMiyFezfLNMfNRzSxkmqnPKsnvvCWbTFvcfHMWmzdtvyKeOtKxUXPVgobMBxAYcmGfmubQKwZsFlIwMUdZsbWdWpHooid' is set on object 'Object Repository/CONTENT/Upload_Images/textarea_Description_description'

2020-03-13 11:27:12 - [TEST_STEP][PASSED] - dr = getWebDriver(): null

2020-03-13 11:27:12 - [TEST_STEP][PASSED] - listofFileUpload = findWebElements(findTestObject("CONTENT/Upload_Images/label_Select Files"), 0): Timeout '0' is invalid. Using default page load timeout: '230'

2020-03-13 11:27:12 - [MESSAGE][WARNING] - Timeout '0' is invalid. Using default page load timeout: '230'

2020-03-13 11:27:13 - [TEST_STEP][PASSED] - for ([i = 0, i < listofFileUpload.size(), (i++)]): null

2020-03-13 11:27:13 - [TEST_STEP][PASSED] - id = get(i).getAttribute("id"): null

2020-03-13 11:27:16 - [TEST_STEP][PASSED] - ele = dr.findElement(By.id(id)): null

2020-03-13 11:27:17 - [TEST_STEP][PASSED] - ele.sendKeys(System.getProperty("user.dir") + "\Test Files\img" + i + 1 + ".jpg"): null

2020-03-13 11:27:18 - [TEST_STEP][PASSED] - id = get(i).getAttribute("id"): null

2020-03-13 11:27:18 - [TEST_STEP][PASSED] - ele = dr.findElement(By.id(id)): null

2020-03-13 11:27:19 - [TEST_STEP][PASSED] - ele.sendKeys(System.getProperty("user.dir") + "\Test Files\img" + i + 1 + ".jpg"): null

2020-03-13 11:27:19 - [TEST_STEP][PASSED] - id = get(i).getAttribute("id"): null

2020-03-13 11:27:19 - [TEST_STEP][PASSED] - ele = dr.findElement(By.id(id)): null

2020-03-13 11:27:20 - [TEST_STEP][PASSED] - ele.sendKeys(System.getProperty("user.dir") + "\Test Files\img" + i + 1 + ".jpg"): null

2020-03-13 11:27:20 - [TEST_STEP][PASSED] - verifyElementText(findTestObject("CONTENT/Upload_Images/label_Replace"), "Replace"): Actual text and expected text of test object 'Object Repository/CONTENT/Upload_Images/label_Replace' are matched.

2020-03-13 11:27:21 - [MESSAGE][PASSED] - Actual text and expected text of test object 'Object Repository/CONTENT/Upload_Images/label_Replace' are matched.

2020-03-13 11:27:21 - [TEST_STEP][PASSED] - click(findTestObject("CONTENT/Upload_Images/language_DropDown")): Object: 'Object Repository/CONTENT/Upload_Images/language_DropDown' is clicked on

2020-03-13 11:27:22 - [MESSAGE][PASSED] - Object: 'Object Repository/CONTENT/Upload_Images/language_DropDown' is clicked on

2020-03-13 11:27:22 - [TEST_STEP][PASSED] - dropdownlist = findWebElements(findTestObject("CONTENT/Upload_Images/Select_Language_Options"), 0): Timeout '0' is invalid. Using default page load timeout: '230'

2020-03-13 11:27:23 - [MESSAGE][WARNING] - Timeout '0' is invalid. Using default page load timeout: '230'

2020-03-13 11:27:23 - [TEST_STEP][PASSED] - web.CustomKeyword.selectDropDownValue(dropdownlist, "English"): web.CustomKeyword.selectDropDownValue is PASSED

2020-03-13 11:27:24 - [MESSAGE][PASSED] - web.CustomKeyword.selectDropDownValue is PASSED

2020-03-13 11:27:24 - [TEST_STEP][PASSED] - radiobuttonsforMarketing = findWebElements(findTestObject("CONTENT/Upload_Images/maketing_categories"), 0): Timeout '0' is invalid. Using default page load timeout: '230'

2020-03-13 11:27:24 - [MESSAGE][WARNING] - Timeout '0' is invalid. Using default page load timeout: '230'

2020-03-13 11:27:24 - [TEST_STEP][PASSED] - web.CustomKeyword.selectDropDownValue(radiobuttonsforMarketing, "Milestone"): web.CustomKeyword.selectDropDownValue is PASSED

2020-03-13 11:27:25 - [MESSAGE][PASSED] - web.CustomKeyword.selectDropDownValue is PASSED

2020-03-13 11:27:25 - [TEST_STEP][PASSED] - click(findTestObject("CONTENT/Upload_Images/button_Upload")): Object: 'Object Repository/CONTENT/Upload_Images/button_Upload' is clicked on

2020-03-13 11:27:26 - [MESSAGE][PASSED] - Object: 'Object Repository/CONTENT/Upload_Images/button_Upload' is clicked on

2020-03-13 11:27:26 - [TEST_STEP][PASSED] - waitForElementPresent(findTestObject("CONTENT/Image_Listing/all_Image_textwithcount"), 10): Object 'Object Repository/CONTENT/Image_Listing/all_Image_textwithcount' is present

2020-03-13 11:27:30 - [MESSAGE][PASSED] - Object 'Object Repository/CONTENT/Image_Listing/all_Image_textwithcount' is present

2020-03-13 11:27:30 - [TEST_STEP][PASSED] - lisOFImagename = findWebElements(findTestObject("CONTENT/Image_Listing/colum1_Image_Name_values"), 0): Timeout '0' is invalid. Using default page load timeout: '230'

2020-03-13 11:27:32 - [MESSAGE][WARNING] - Timeout '0' is invalid. Using default page load timeout: '230'

2020-03-13 11:27:32 - [TEST_STEP][PASSED] - isUpload = web.CustomKeyword.selectDropDownValue(lisOFImagename, img_name): web.CustomKeyword.selectDropDownValue is PASSED

2020-03-13 11:27:32 - [MESSAGE][PASSED] - web.CustomKeyword.selectDropDownValue is PASSED

2020-03-13 11:27:32 - [TEST_STEP][PASSED] - verifyEqual(isUpload, true): Actual object 'true' and expected object 'true' are equal

2020-03-13 11:27:32 - [MESSAGE][PASSED] - Actual object 'true' and expected object 'true' are equal

2020-03-13 11:27:32 - [TEST_STEP][PASSED] - Start listener action : sampleAfterTestCase: null

2020-03-13 11:27:32 - [TEST_STEP][PASSED] - println(testCaseContext.getTestCaseId()): null

2020-03-13 11:27:32 - [TEST_STEP][PASSED] - println(testCaseContext.getTestCaseStatus()): null

2020-03-13 11:27:32 - [TEST_STEP][PASSED] - println("On Failure Method is Calling : " + testCaseContext.getTestCaseStatus()): null

2020-03-13 11:27:32 - [TEST_STEP][PASSED] - if (!(getTestCaseStatus().equalsIgnoreCase("PASSED"))): null]]></system-out>
         <system-err><![CDATA[]]></system-err>
      </testcase>
      <testcase name="Test Cases/Atlas Platform/Content Management/Image Library/TC_005_Verify_ImageName_Sorting_Order" time="228.877" classname="Test Cases/Atlas Platform/Content Management/Image Library/TC_005_Verify_ImageName_Sorting_Order" status="PASSED">
         <system-out><![CDATA[2020-03-13 11:27:35 - [TEST_CASE][PASSED] - Test Cases/Atlas Platform/Content Management/Image Library/TC_005_Verify_ImageName_Sorting_Order: Test Cases/Atlas Platform/Content Management/Image Library/TC_005_Verify_ImageName_Sorting_Order

2020-03-13 11:27:36 - [TEST_STEP][NOT_RUN] - callTestCase(findTestCase("Atlas Platform/Platform Navigation/Login/LoginWithRootAdmin"), ["user_Email":"navaraj@totient.co.in", "user_Password":"Totient@123"], CONTINUE_ON_FAILURE): NOT_RUN: callTestCase(findTestCase("Atlas Platform/Platform Navigation/Login/LoginWithRootAdmin"), ["user_Email":"navaraj@totient.co.in", "user_Password":"Totient@123"], CONTINUE_ON_FAILURE)

2020-03-13 11:27:36 - [MESSAGE][NOT_RUN] - NOT_RUN: callTestCase(findTestCase("Atlas Platform/Platform Navigation/Login/LoginWithRootAdmin"), ["user_Email":"navaraj@totient.co.in", "user_Password":"Totient@123"], CONTINUE_ON_FAILURE)

2020-03-13 11:27:36 - [TEST_STEP][PASSED] - click(findTestObject("HeaderMenus/contentmeu")): Object: 'Object Repository/HeaderMenus/contentmeu' is clicked on

2020-03-13 11:27:37 - [MESSAGE][PASSED] - Object: 'Object Repository/HeaderMenus/contentmeu' is clicked on

2020-03-13 11:27:37 - [TEST_STEP][PASSED] - delay(3): Delayed 3 second(s)

2020-03-13 11:27:40 - [MESSAGE][PASSED] - Delayed 3 second(s)

2020-03-13 11:27:40 - [TEST_STEP][PASSED] - click(findTestObject("CONTENT/Image_Listing/div_Images")): Object: 'Object Repository/CONTENT/Image_Listing/div_Images' is clicked on

2020-03-13 11:27:42 - [MESSAGE][PASSED] - Object: 'Object Repository/CONTENT/Image_Listing/div_Images' is clicked on

2020-03-13 11:27:42 - [TEST_STEP][PASSED] - totalText = getText(findTestObject("CONTENT/Image_Listing/all_Image_textwithcount")): Text of object 'Object Repository/CONTENT/Image_Listing/all_Image_textwithcount' is: 'ALL IMAGES (438)'

2020-03-13 11:27:43 - [MESSAGE][PASSED] - Text of object 'Object Repository/CONTENT/Image_Listing/all_Image_textwithcount' is: 'ALL IMAGES (438)'

2020-03-13 11:27:43 - [TEST_STEP][PASSED] - click(findTestObject("CONTENT/Image_Listing/column_name_image")): Object: 'Object Repository/CONTENT/Image_Listing/column_name_image' is clicked on

2020-03-13 11:27:44 - [MESSAGE][PASSED] - Object: 'Object Repository/CONTENT/Image_Listing/column_name_image' is clicked on

2020-03-13 11:27:44 - [TEST_STEP][PASSED] - click(findTestObject("CONTENT/Image_Listing/column_name_image")): Object: 'Object Repository/CONTENT/Image_Listing/column_name_image' is clicked on

2020-03-13 11:27:46 - [MESSAGE][PASSED] - Object: 'Object Repository/CONTENT/Image_Listing/column_name_image' is clicked on

2020-03-13 11:27:46 - [TEST_STEP][PASSED] - total = Integer.parseInt(replace(")", "").trim()): null

2020-03-13 11:27:46 - [TEST_STEP][PASSED] - pageValueCount = 0: null

2020-03-13 11:27:46 - [TEST_STEP][PASSED] - dataSourceTextValues = new java.util.ArrayList(): null

2020-03-13 11:27:46 - [TEST_STEP][PASSED] - totalOfPaginationCount = getText(findTestObject("CONTENT/Image_Listing/showingtextforpagination")): Text of object 'Object Repository/CONTENT/Image_Listing/showingtextforpagination' is: 'Showing 1-10 of 438 Images'

2020-03-13 11:27:48 - [MESSAGE][PASSED] - Text of object 'Object Repository/CONTENT/Image_Listing/showingtextforpagination' is: 'Showing 1-10 of 438 Images'

2020-03-13 11:27:48 - [TEST_STEP][PASSED] - if (!(totalOfPaginationCount.equalsIgnoreCase("Showing 0 of 0 Images"))): Timeout '0' is invalid. Using default page load timeout: '230'

2020-03-13 11:27:48 - [TEST_STEP][PASSED] - elements = findWebElements(findTestObject("CONTENT/Image_Listing/colum1_Image_Name_values"), 0): Timeout '0' is invalid. Using default page load timeout: '230'

2020-03-13 11:27:49 - [MESSAGE][WARNING] - Timeout '0' is invalid. Using default page load timeout: '230'

2020-03-13 11:27:49 - [TEST_STEP][PASSED] - if (total > 10): Timeout '0' is invalid. Using default page load timeout: '230'

2020-03-13 11:27:49 - [TEST_STEP][PASSED] - while (total != pageValueCount): Timeout '0' is invalid. Using default page load timeout: '230'

2020-03-13 11:27:49 - [TEST_STEP][PASSED] - for (org.openqa.selenium.WebElement ele : elements): null

2020-03-13 11:27:49 - [TEST_STEP][PASSED] - dataSourceTextValues.add(getText().toLowerCase()): null

2020-03-13 11:27:49 - [TEST_STEP][PASSED] - dataSourceTextValues.add(getText().toLowerCase()): null

2020-03-13 11:27:49 - [TEST_STEP][PASSED] - dataSourceTextValues.add(getText().toLowerCase()): null

2020-03-13 11:27:49 - [TEST_STEP][PASSED] - dataSourceTextValues.add(getText().toLowerCase()): null

2020-03-13 11:27:50 - [TEST_STEP][PASSED] - dataSourceTextValues.add(getText().toLowerCase()): null

2020-03-13 11:27:50 - [TEST_STEP][PASSED] - dataSourceTextValues.add(getText().toLowerCase()): null

2020-03-13 11:27:50 - [TEST_STEP][PASSED] - dataSourceTextValues.add(getText().toLowerCase()): null

2020-03-13 11:27:50 - [TEST_STEP][PASSED] - dataSourceTextValues.add(getText().toLowerCase()): null

2020-03-13 11:27:50 - [TEST_STEP][PASSED] - dataSourceTextValues.add(getText().toLowerCase()): null

2020-03-13 11:27:50 - [TEST_STEP][PASSED] - dataSourceTextValues.add(getText().toLowerCase()): null

2020-03-13 11:27:50 - [TEST_STEP][PASSED] - pageValueCount += elements.size(): null

2020-03-13 11:27:50 - [TEST_STEP][PASSED] - click(findTestObject("AUDIENCE/Data Source/next")): Object: 'Object Repository/AUDIENCE/Data Source/next' is clicked on

2020-03-13 11:27:51 - [MESSAGE][PASSED] - Object: 'Object Repository/AUDIENCE/Data Source/next' is clicked on

2020-03-13 11:27:51 - [TEST_STEP][PASSED] - elements = findWebElements(findTestObject("CONTENT/Image_Listing/colum1_Image_Name_values"), 0): Timeout '0' is invalid. Using default page load timeout: '230'

2020-03-13 11:27:51 - [MESSAGE][WARNING] - Timeout '0' is invalid. Using default page load timeout: '230'

2020-03-13 11:27:53 - [TEST_STEP][PASSED] - for (org.openqa.selenium.WebElement ele : elements): null

2020-03-13 11:27:53 - [TEST_STEP][PASSED] - dataSourceTextValues.add(getText().toLowerCase()): null

2020-03-13 11:27:53 - [TEST_STEP][PASSED] - dataSourceTextValues.add(getText().toLowerCase()): null

2020-03-13 11:27:53 - [TEST_STEP][PASSED] - dataSourceTextValues.add(getText().toLowerCase()): null

2020-03-13 11:27:53 - [TEST_STEP][PASSED] - dataSourceTextValues.add(getText().toLowerCase()): null

2020-03-13 11:27:53 - [TEST_STEP][PASSED] - dataSourceTextValues.add(getText().toLowerCase()): null

2020-03-13 11:27:53 - [TEST_STEP][PASSED] - dataSourceTextValues.add(getText().toLowerCase()): null

2020-03-13 11:27:53 - [TEST_STEP][PASSED] - dataSourceTextValues.add(getText().toLowerCase()): null

2020-03-13 11:27:53 - [TEST_STEP][PASSED] - dataSourceTextValues.add(getText().toLowerCase()): null

2020-03-13 11:27:53 - [TEST_STEP][PASSED] - dataSourceTextValues.add(getText().toLowerCase()): null

2020-03-13 11:27:53 - [TEST_STEP][PASSED] - dataSourceTextValues.add(getText().toLowerCase()): null

2020-03-13 11:27:53 - [TEST_STEP][PASSED] - pageValueCount += elements.size(): null

2020-03-13 11:27:53 - [TEST_STEP][PASSED] - click(findTestObject("AUDIENCE/Data Source/next")): Object: 'Object Repository/AUDIENCE/Data Source/next' is clicked on

2020-03-13 11:27:54 - [MESSAGE][PASSED] - Object: 'Object Repository/AUDIENCE/Data Source/next' is clicked on

2020-03-13 11:27:54 - [TEST_STEP][PASSED] - elements = findWebElements(findTestObject("CONTENT/Image_Listing/colum1_Image_Name_values"), 0): Timeout '0' is invalid. Using default page load timeout: '230'

2020-03-13 11:27:54 - [MESSAGE][WARNING] - Timeout '0' is invalid. Using default page load timeout: '230'

2020-03-13 11:27:56 - [TEST_STEP][PASSED] - for (org.openqa.selenium.WebElement ele : elements): null

2020-03-13 11:27:56 - [TEST_STEP][PASSED] - dataSourceTextValues.add(getText().toLowerCase()): null

2020-03-13 11:27:56 - [TEST_STEP][PASSED] - dataSourceTextValues.add(getText().toLowerCase()): null

2020-03-13 11:27:56 - [TEST_STEP][PASSED] - dataSourceTextValues.add(getText().toLowerCase()): null

2020-03-13 11:27:57 - [TEST_STEP][PASSED] - dataSourceTextValues.add(getText().toLowerCase()): null

2020-03-13 11:27:57 - [TEST_STEP][PASSED] - dataSourceTextValues.add(getText().toLowerCase()): null

2020-03-13 11:27:57 - [TEST_STEP][PASSED] - dataSourceTextValues.add(getText().toLowerCase()): null

2020-03-13 11:27:57 - [TEST_STEP][PASSED] - dataSourceTextValues.add(getText().toLowerCase()): null

2020-03-13 11:27:57 - [TEST_STEP][PASSED] - dataSourceTextValues.add(getText().toLowerCase()): null

2020-03-13 11:27:58 - [TEST_STEP][PASSED] - dataSourceTextValues.add(getText().toLowerCase()): null

2020-03-13 11:27:58 - [TEST_STEP][PASSED] - dataSourceTextValues.add(getText().toLowerCase()): null

2020-03-13 11:27:58 - [TEST_STEP][PASSED] - pageValueCount += elements.size(): null

2020-03-13 11:27:58 - [TEST_STEP][PASSED] - click(findTestObject("AUDIENCE/Data Source/next")): Object: 'Object Repository/AUDIENCE/Data Source/next' is clicked on

2020-03-13 11:28:01 - [MESSAGE][PASSED] - Object: 'Object Repository/AUDIENCE/Data Source/next' is clicked on

2020-03-13 11:28:01 - [TEST_STEP][PASSED] - elements = findWebElements(findTestObject("CONTENT/Image_Listing/colum1_Image_Name_values"), 0): Timeout '0' is invalid. Using default page load timeout: '230'

2020-03-13 11:28:01 - [MESSAGE][WARNING] - Timeout '0' is invalid. Using default page load timeout: '230'

2020-03-13 11:28:04 - [TEST_STEP][PASSED] - for (org.openqa.selenium.WebElement ele : elements): null

2020-03-13 11:28:04 - [TEST_STEP][PASSED] - dataSourceTextValues.add(getText().toLowerCase()): null

2020-03-13 11:28:04 - [TEST_STEP][PASSED] - dataSourceTextValues.add(getText().toLowerCase()): null

2020-03-13 11:28:04 - [TEST_STEP][PASSED] - dataSourceTextValues.add(getText().toLowerCase()): null

2020-03-13 11:28:04 - [TEST_STEP][PASSED] - dataSourceTextValues.add(getText().toLowerCase()): null

2020-03-13 11:28:04 - [TEST_STEP][PASSED] - dataSourceTextValues.add(getText().toLowerCase()): null

2020-03-13 11:28:04 - [TEST_STEP][PASSED] - dataSourceTextValues.add(getText().toLowerCase()): null

2020-03-13 11:28:04 - [TEST_STEP][PASSED] - dataSourceTextValues.add(getText().toLowerCase()): null

2020-03-13 11:28:05 - [TEST_STEP][PASSED] - dataSourceTextValues.add(getText().toLowerCase()): null

2020-03-13 11:28:05 - [TEST_STEP][PASSED] - dataSourceTextValues.add(getText().toLowerCase()): null

2020-03-13 11:28:05 - [TEST_STEP][PASSED] - dataSourceTextValues.add(getText().toLowerCase()): null

2020-03-13 11:28:05 - [TEST_STEP][PASSED] - pageValueCount += elements.size(): null

2020-03-13 11:28:05 - [TEST_STEP][PASSED] - click(findTestObject("AUDIENCE/Data Source/next")): Object: 'Object Repository/AUDIENCE/Data Source/next' is clicked on

2020-03-13 11:28:06 - [MESSAGE][PASSED] - Object: 'Object Repository/AUDIENCE/Data Source/next' is clicked on

2020-03-13 11:28:06 - [TEST_STEP][PASSED] - elements = findWebElements(findTestObject("CONTENT/Image_Listing/colum1_Image_Name_values"), 0): Timeout '0' is invalid. Using default page load timeout: '230'

2020-03-13 11:28:06 - [MESSAGE][WARNING] - Timeout '0' is invalid. Using default page load timeout: '230'

2020-03-13 11:28:08 - [TEST_STEP][PASSED] - for (org.openqa.selenium.WebElement ele : elements): null

2020-03-13 11:28:08 - [TEST_STEP][PASSED] - dataSourceTextValues.add(getText().toLowerCase()): null

2020-03-13 11:28:08 - [TEST_STEP][PASSED] - dataSourceTextValues.add(getText().toLowerCase()): null

2020-03-13 11:28:09 - [TEST_STEP][PASSED] - dataSourceTextValues.add(getText().toLowerCase()): null

2020-03-13 11:28:09 - [TEST_STEP][PASSED] - dataSourceTextValues.add(getText().toLowerCase()): null

2020-03-13 11:28:09 - [TEST_STEP][PASSED] - dataSourceTextValues.add(getText().toLowerCase()): null

2020-03-13 11:28:09 - [TEST_STEP][PASSED] - dataSourceTextValues.add(getText().toLowerCase()): null

2020-03-13 11:28:09 - [TEST_STEP][PASSED] - dataSourceTextValues.add(getText().toLowerCase()): null

2020-03-13 11:28:09 - [TEST_STEP][PASSED] - dataSourceTextValues.add(getText().toLowerCase()): null

2020-03-13 11:28:09 - [TEST_STEP][PASSED] - dataSourceTextValues.add(getText().toLowerCase()): null

2020-03-13 11:28:09 - [TEST_STEP][PASSED] - dataSourceTextValues.add(getText().toLowerCase()): null

2020-03-13 11:28:10 - [TEST_STEP][PASSED] - pageValueCount += elements.size(): null

2020-03-13 11:28:10 - [TEST_STEP][PASSED] - click(findTestObject("AUDIENCE/Data Source/next")): Object: 'Object Repository/AUDIENCE/Data Source/next' is clicked on

2020-03-13 11:28:11 - [MESSAGE][PASSED] - Object: 'Object Repository/AUDIENCE/Data Source/next' is clicked on

2020-03-13 11:28:11 - [TEST_STEP][PASSED] - elements = findWebElements(findTestObject("CONTENT/Image_Listing/colum1_Image_Name_values"), 0): Timeout '0' is invalid. Using default page load timeout: '230'

2020-03-13 11:28:11 - [MESSAGE][WARNING] - Timeout '0' is invalid. Using default page load timeout: '230'

2020-03-13 11:28:12 - [TEST_STEP][PASSED] - for (org.openqa.selenium.WebElement ele : elements): null

2020-03-13 11:28:12 - [TEST_STEP][PASSED] - dataSourceTextValues.add(getText().toLowerCase()): null

2020-03-13 11:28:12 - [TEST_STEP][PASSED] - dataSourceTextValues.add(getText().toLowerCase()): null

2020-03-13 11:28:12 - [TEST_STEP][PASSED] - dataSourceTextValues.add(getText().toLowerCase()): null

2020-03-13 11:28:12 - [TEST_STEP][PASSED] - dataSourceTextValues.add(getText().toLowerCase()): null

2020-03-13 11:28:12 - [TEST_STEP][PASSED] - dataSourceTextValues.add(getText().toLowerCase()): null

2020-03-13 11:28:12 - [TEST_STEP][PASSED] - dataSourceTextValues.add(getText().toLowerCase()): null

2020-03-13 11:28:12 - [TEST_STEP][PASSED] - dataSourceTextValues.add(getText().toLowerCase()): null

2020-03-13 11:28:12 - [TEST_STEP][PASSED] - dataSourceTextValues.add(getText().toLowerCase()): null

2020-03-13 11:28:13 - [TEST_STEP][PASSED] - dataSourceTextValues.add(getText().toLowerCase()): null

2020-03-13 11:28:13 - [TEST_STEP][PASSED] - dataSourceTextValues.add(getText().toLowerCase()): null

2020-03-13 11:28:13 - [TEST_STEP][PASSED] - pageValueCount += elements.size(): null

2020-03-13 11:28:13 - [TEST_STEP][PASSED] - click(findTestObject("AUDIENCE/Data Source/next")): Object: 'Object Repository/AUDIENCE/Data Source/next' is clicked on

2020-03-13 11:28:15 - [MESSAGE][PASSED] - Object: 'Object Repository/AUDIENCE/Data Source/next' is clicked on

2020-03-13 11:28:15 - [TEST_STEP][PASSED] - elements = findWebElements(findTestObject("CONTENT/Image_Listing/colum1_Image_Name_values"), 0): Timeout '0' is invalid. Using default page load timeout: '230'

2020-03-13 11:28:15 - [MESSAGE][WARNING] - Timeout '0' is invalid. Using default page load timeout: '230'

2020-03-13 11:28:17 - [TEST_STEP][PASSED] - for (org.openqa.selenium.WebElement ele : elements): null

2020-03-13 11:28:17 - [TEST_STEP][PASSED] - dataSourceTextValues.add(getText().toLowerCase()): null

2020-03-13 11:28:17 - [TEST_STEP][PASSED] - dataSourceTextValues.add(getText().toLowerCase()): null

2020-03-13 11:28:17 - [TEST_STEP][PASSED] - dataSourceTextValues.add(getText().toLowerCase()): null

2020-03-13 11:28:17 - [TEST_STEP][PASSED] - dataSourceTextValues.add(getText().toLowerCase()): null

2020-03-13 11:28:17 - [TEST_STEP][PASSED] - dataSourceTextValues.add(getText().toLowerCase()): null

2020-03-13 11:28:17 - [TEST_STEP][PASSED] - dataSourceTextValues.add(getText().toLowerCase()): null

2020-03-13 11:28:18 - [TEST_STEP][PASSED] - dataSourceTextValues.add(getText().toLowerCase()): null

2020-03-13 11:28:18 - [TEST_STEP][PASSED] - dataSourceTextValues.add(getText().toLowerCase()): null

2020-03-13 11:28:18 - [TEST_STEP][PASSED] - dataSourceTextValues.add(getText().toLowerCase()): null

2020-03-13 11:28:18 - [TEST_STEP][PASSED] - dataSourceTextValues.add(getText().toLowerCase()): null

2020-03-13 11:28:18 - [TEST_STEP][PASSED] - pageValueCount += elements.size(): null

2020-03-13 11:28:18 - [TEST_STEP][PASSED] - click(findTestObject("AUDIENCE/Data Source/next")): Object: 'Object Repository/AUDIENCE/Data Source/next' is clicked on

2020-03-13 11:28:20 - [MESSAGE][PASSED] - Object: 'Object Repository/AUDIENCE/Data Source/next' is clicked on

2020-03-13 11:28:20 - [TEST_STEP][PASSED] - elements = findWebElements(findTestObject("CONTENT/Image_Listing/colum1_Image_Name_values"), 0): Timeout '0' is invalid. Using default page load timeout: '230'

2020-03-13 11:28:20 - [MESSAGE][WARNING] - Timeout '0' is invalid. Using default page load timeout: '230'

2020-03-13 11:28:22 - [TEST_STEP][PASSED] - for (org.openqa.selenium.WebElement ele : elements): null

2020-03-13 11:28:22 - [TEST_STEP][PASSED] - dataSourceTextValues.add(getText().toLowerCase()): null

2020-03-13 11:28:22 - [TEST_STEP][PASSED] - dataSourceTextValues.add(getText().toLowerCase()): null

2020-03-13 11:28:22 - [TEST_STEP][PASSED] - dataSourceTextValues.add(getText().toLowerCase()): null

2020-03-13 11:28:22 - [TEST_STEP][PASSED] - dataSourceTextValues.add(getText().toLowerCase()): null

2020-03-13 11:28:22 - [TEST_STEP][PASSED] - dataSourceTextValues.add(getText().toLowerCase()): null

2020-03-13 11:28:22 - [TEST_STEP][PASSED] - dataSourceTextValues.add(getText().toLowerCase()): null

2020-03-13 11:28:22 - [TEST_STEP][PASSED] - dataSourceTextValues.add(getText().toLowerCase()): null

2020-03-13 11:28:22 - [TEST_STEP][PASSED] - dataSourceTextValues.add(getText().toLowerCase()): null

2020-03-13 11:28:23 - [TEST_STEP][PASSED] - dataSourceTextValues.add(getText().toLowerCase()): null

2020-03-13 11:28:23 - [TEST_STEP][PASSED] - dataSourceTextValues.add(getText().toLowerCase()): null

2020-03-13 11:28:23 - [TEST_STEP][PASSED] - pageValueCount += elements.size(): null

2020-03-13 11:28:23 - [TEST_STEP][PASSED] - click(findTestObject("AUDIENCE/Data Source/next")): Object: 'Object Repository/AUDIENCE/Data Source/next' is clicked on

2020-03-13 11:28:25 - [MESSAGE][PASSED] - Object: 'Object Repository/AUDIENCE/Data Source/next' is clicked on

2020-03-13 11:28:25 - [TEST_STEP][PASSED] - elements = findWebElements(findTestObject("CONTENT/Image_Listing/colum1_Image_Name_values"), 0): Timeout '0' is invalid. Using default page load timeout: '230'

2020-03-13 11:28:25 - [MESSAGE][WARNING] - Timeout '0' is invalid. Using default page load timeout: '230'

2020-03-13 11:28:27 - [TEST_STEP][PASSED] - for (org.openqa.selenium.WebElement ele : elements): null

2020-03-13 11:28:27 - [TEST_STEP][PASSED] - dataSourceTextValues.add(getText().toLowerCase()): null

2020-03-13 11:28:27 - [TEST_STEP][PASSED] - dataSourceTextValues.add(getText().toLowerCase()): null

2020-03-13 11:28:27 - [TEST_STEP][PASSED] - dataSourceTextValues.add(getText().toLowerCase()): null

2020-03-13 11:28:27 - [TEST_STEP][PASSED] - dataSourceTextValues.add(getText().toLowerCase()): null

2020-03-13 11:28:27 - [TEST_STEP][PASSED] - dataSourceTextValues.add(getText().toLowerCase()): null

2020-03-13 11:28:27 - [TEST_STEP][PASSED] - dataSourceTextValues.add(getText().toLowerCase()): null

2020-03-13 11:28:27 - [TEST_STEP][PASSED] - dataSourceTextValues.add(getText().toLowerCase()): null

2020-03-13 11:28:27 - [TEST_STEP][PASSED] - dataSourceTextValues.add(getText().toLowerCase()): null

2020-03-13 11:28:27 - [TEST_STEP][PASSED] - dataSourceTextValues.add(getText().toLowerCase()): null

2020-03-13 11:28:27 - [TEST_STEP][PASSED] - dataSourceTextValues.add(getText().toLowerCase()): null

2020-03-13 11:28:27 - [TEST_STEP][PASSED] - pageValueCount += elements.size(): null

2020-03-13 11:28:27 - [TEST_STEP][PASSED] - click(findTestObject("AUDIENCE/Data Source/next")): Object: 'Object Repository/AUDIENCE/Data Source/next' is clicked on

2020-03-13 11:28:28 - [MESSAGE][PASSED] - Object: 'Object Repository/AUDIENCE/Data Source/next' is clicked on

2020-03-13 11:28:28 - [TEST_STEP][PASSED] - elements = findWebElements(findTestObject("CONTENT/Image_Listing/colum1_Image_Name_values"), 0): Timeout '0' is invalid. Using default page load timeout: '230'

2020-03-13 11:28:28 - [MESSAGE][WARNING] - Timeout '0' is invalid. Using default page load timeout: '230'

2020-03-13 11:28:29 - [TEST_STEP][PASSED] - for (org.openqa.selenium.WebElement ele : elements): null

2020-03-13 11:28:30 - [TEST_STEP][PASSED] - dataSourceTextValues.add(getText().toLowerCase()): null

2020-03-13 11:28:30 - [TEST_STEP][PASSED] - dataSourceTextValues.add(getText().toLowerCase()): null

2020-03-13 11:28:30 - [TEST_STEP][PASSED] - dataSourceTextValues.add(getText().toLowerCase()): null

2020-03-13 11:28:30 - [TEST_STEP][PASSED] - dataSourceTextValues.add(getText().toLowerCase()): null

2020-03-13 11:28:30 - [TEST_STEP][PASSED] - dataSourceTextValues.add(getText().toLowerCase()): null

2020-03-13 11:28:30 - [TEST_STEP][PASSED] - dataSourceTextValues.add(getText().toLowerCase()): null

2020-03-13 11:28:30 - [TEST_STEP][PASSED] - dataSourceTextValues.add(getText().toLowerCase()): null

2020-03-13 11:28:30 - [TEST_STEP][PASSED] - dataSourceTextValues.add(getText().toLowerCase()): null

2020-03-13 11:28:30 - [TEST_STEP][PASSED] - dataSourceTextValues.add(getText().toLowerCase()): null

2020-03-13 11:28:30 - [TEST_STEP][PASSED] - dataSourceTextValues.add(getText().toLowerCase()): null

2020-03-13 11:28:30 - [TEST_STEP][PASSED] - pageValueCount += elements.size(): null

2020-03-13 11:28:30 - [TEST_STEP][PASSED] - click(findTestObject("AUDIENCE/Data Source/next")): Object: 'Object Repository/AUDIENCE/Data Source/next' is clicked on

2020-03-13 11:28:31 - [MESSAGE][PASSED] - Object: 'Object Repository/AUDIENCE/Data Source/next' is clicked on

2020-03-13 11:28:31 - [TEST_STEP][PASSED] - elements = findWebElements(findTestObject("CONTENT/Image_Listing/colum1_Image_Name_values"), 0): Timeout '0' is invalid. Using default page load timeout: '230'

2020-03-13 11:28:31 - [MESSAGE][WARNING] - Timeout '0' is invalid. Using default page load timeout: '230'

2020-03-13 11:28:34 - [TEST_STEP][PASSED] - for (org.openqa.selenium.WebElement ele : elements): null

2020-03-13 11:28:34 - [TEST_STEP][PASSED] - dataSourceTextValues.add(getText().toLowerCase()): null

2020-03-13 11:28:34 - [TEST_STEP][PASSED] - dataSourceTextValues.add(getText().toLowerCase()): null

2020-03-13 11:28:34 - [TEST_STEP][PASSED] - dataSourceTextValues.add(getText().toLowerCase()): null

2020-03-13 11:28:34 - [TEST_STEP][PASSED] - dataSourceTextValues.add(getText().toLowerCase()): null

2020-03-13 11:28:34 - [TEST_STEP][PASSED] - dataSourceTextValues.add(getText().toLowerCase()): null

2020-03-13 11:28:34 - [TEST_STEP][PASSED] - dataSourceTextValues.add(getText().toLowerCase()): null

2020-03-13 11:28:34 - [TEST_STEP][PASSED] - dataSourceTextValues.add(getText().toLowerCase()): null

2020-03-13 11:28:34 - [TEST_STEP][PASSED] - dataSourceTextValues.add(getText().toLowerCase()): null

2020-03-13 11:28:35 - [TEST_STEP][PASSED] - dataSourceTextValues.add(getText().toLowerCase()): null

2020-03-13 11:28:35 - [TEST_STEP][PASSED] - dataSourceTextValues.add(getText().toLowerCase()): null

2020-03-13 11:28:35 - [TEST_STEP][PASSED] - pageValueCount += elements.size(): null

2020-03-13 11:28:35 - [TEST_STEP][PASSED] - click(findTestObject("AUDIENCE/Data Source/next")): Object: 'Object Repository/AUDIENCE/Data Source/next' is clicked on

2020-03-13 11:28:36 - [MESSAGE][PASSED] - Object: 'Object Repository/AUDIENCE/Data Source/next' is clicked on

2020-03-13 11:28:36 - [TEST_STEP][PASSED] - elements = findWebElements(findTestObject("CONTENT/Image_Listing/colum1_Image_Name_values"), 0): Timeout '0' is invalid. Using default page load timeout: '230'

2020-03-13 11:28:36 - [MESSAGE][WARNING] - Timeout '0' is invalid. Using default page load timeout: '230'

2020-03-13 11:28:37 - [TEST_STEP][PASSED] - for (org.openqa.selenium.WebElement ele : elements): null

2020-03-13 11:28:37 - [TEST_STEP][PASSED] - dataSourceTextValues.add(getText().toLowerCase()): null

2020-03-13 11:28:37 - [TEST_STEP][PASSED] - dataSourceTextValues.add(getText().toLowerCase()): null

2020-03-13 11:28:37 - [TEST_STEP][PASSED] - dataSourceTextValues.add(getText().toLowerCase()): null

2020-03-13 11:28:37 - [TEST_STEP][PASSED] - dataSourceTextValues.add(getText().toLowerCase()): null

2020-03-13 11:28:37 - [TEST_STEP][PASSED] - dataSourceTextValues.add(getText().toLowerCase()): null

2020-03-13 11:28:37 - [TEST_STEP][PASSED] - dataSourceTextValues.add(getText().toLowerCase()): null

2020-03-13 11:28:37 - [TEST_STEP][PASSED] - dataSourceTextValues.add(getText().toLowerCase()): null

2020-03-13 11:28:37 - [TEST_STEP][PASSED] - dataSourceTextValues.add(getText().toLowerCase()): null

2020-03-13 11:28:38 - [TEST_STEP][PASSED] - dataSourceTextValues.add(getText().toLowerCase()): null

2020-03-13 11:28:38 - [TEST_STEP][PASSED] - dataSourceTextValues.add(getText().toLowerCase()): null

2020-03-13 11:28:38 - [TEST_STEP][PASSED] - pageValueCount += elements.size(): null

2020-03-13 11:28:38 - [TEST_STEP][PASSED] - click(findTestObject("AUDIENCE/Data Source/next")): Object: 'Object Repository/AUDIENCE/Data Source/next' is clicked on

2020-03-13 11:28:38 - [MESSAGE][PASSED] - Object: 'Object Repository/AUDIENCE/Data Source/next' is clicked on

2020-03-13 11:28:38 - [TEST_STEP][PASSED] - elements = findWebElements(findTestObject("CONTENT/Image_Listing/colum1_Image_Name_values"), 0): Timeout '0' is invalid. Using default page load timeout: '230'

2020-03-13 11:28:38 - [MESSAGE][WARNING] - Timeout '0' is invalid. Using default page load timeout: '230'

2020-03-13 11:28:39 - [TEST_STEP][PASSED] - for (org.openqa.selenium.WebElement ele : elements): null

2020-03-13 11:28:39 - [TEST_STEP][PASSED] - dataSourceTextValues.add(getText().toLowerCase()): null

2020-03-13 11:28:39 - [TEST_STEP][PASSED] - dataSourceTextValues.add(getText().toLowerCase()): null

2020-03-13 11:28:39 - [TEST_STEP][PASSED] - dataSourceTextValues.add(getText().toLowerCase()): null

2020-03-13 11:28:39 - [TEST_STEP][PASSED] - dataSourceTextValues.add(getText().toLowerCase()): null

2020-03-13 11:28:40 - [TEST_STEP][PASSED] - dataSourceTextValues.add(getText().toLowerCase()): null

2020-03-13 11:28:40 - [TEST_STEP][PASSED] - dataSourceTextValues.add(getText().toLowerCase()): null

2020-03-13 11:28:40 - [TEST_STEP][PASSED] - dataSourceTextValues.add(getText().toLowerCase()): null

2020-03-13 11:28:40 - [TEST_STEP][PASSED] - dataSourceTextValues.add(getText().toLowerCase()): null

2020-03-13 11:28:40 - [TEST_STEP][PASSED] - dataSourceTextValues.add(getText().toLowerCase()): null

2020-03-13 11:28:40 - [TEST_STEP][PASSED] - dataSourceTextValues.add(getText().toLowerCase()): null

2020-03-13 11:28:40 - [TEST_STEP][PASSED] - pageValueCount += elements.size(): null

2020-03-13 11:28:40 - [TEST_STEP][PASSED] - click(findTestObject("AUDIENCE/Data Source/next")): Object: 'Object Repository/AUDIENCE/Data Source/next' is clicked on

2020-03-13 11:28:40 - [MESSAGE][PASSED] - Object: 'Object Repository/AUDIENCE/Data Source/next' is clicked on

2020-03-13 11:28:40 - [TEST_STEP][PASSED] - elements = findWebElements(findTestObject("CONTENT/Image_Listing/colum1_Image_Name_values"), 0): Timeout '0' is invalid. Using default page load timeout: '230'

2020-03-13 11:28:40 - [MESSAGE][WARNING] - Timeout '0' is invalid. Using default page load timeout: '230'

2020-03-13 11:28:41 - [TEST_STEP][PASSED] - for (org.openqa.selenium.WebElement ele : elements): null

2020-03-13 11:28:41 - [TEST_STEP][PASSED] - dataSourceTextValues.add(getText().toLowerCase()): null

2020-03-13 11:28:41 - [TEST_STEP][PASSED] - dataSourceTextValues.add(getText().toLowerCase()): null

2020-03-13 11:28:41 - [TEST_STEP][PASSED] - dataSourceTextValues.add(getText().toLowerCase()): null

2020-03-13 11:28:41 - [TEST_STEP][PASSED] - dataSourceTextValues.add(getText().toLowerCase()): null

2020-03-13 11:28:41 - [TEST_STEP][PASSED] - dataSourceTextValues.add(getText().toLowerCase()): null

2020-03-13 11:28:41 - [TEST_STEP][PASSED] - dataSourceTextValues.add(getText().toLowerCase()): null

2020-03-13 11:28:42 - [TEST_STEP][PASSED] - dataSourceTextValues.add(getText().toLowerCase()): null

2020-03-13 11:28:42 - [TEST_STEP][PASSED] - dataSourceTextValues.add(getText().toLowerCase()): null

2020-03-13 11:28:42 - [TEST_STEP][PASSED] - dataSourceTextValues.add(getText().toLowerCase()): null

2020-03-13 11:28:42 - [TEST_STEP][PASSED] - dataSourceTextValues.add(getText().toLowerCase()): null

2020-03-13 11:28:42 - [TEST_STEP][PASSED] - pageValueCount += elements.size(): null

2020-03-13 11:28:42 - [TEST_STEP][PASSED] - click(findTestObject("AUDIENCE/Data Source/next")): Object: 'Object Repository/AUDIENCE/Data Source/next' is clicked on

2020-03-13 11:28:42 - [MESSAGE][PASSED] - Object: 'Object Repository/AUDIENCE/Data Source/next' is clicked on

2020-03-13 11:28:42 - [TEST_STEP][PASSED] - elements = findWebElements(findTestObject("CONTENT/Image_Listing/colum1_Image_Name_values"), 0): Timeout '0' is invalid. Using default page load timeout: '230'

2020-03-13 11:28:42 - [MESSAGE][WARNING] - Timeout '0' is invalid. Using default page load timeout: '230'

2020-03-13 11:28:44 - [TEST_STEP][PASSED] - for (org.openqa.selenium.WebElement ele : elements): null

2020-03-13 11:28:44 - [TEST_STEP][PASSED] - dataSourceTextValues.add(getText().toLowerCase()): null

2020-03-13 11:28:44 - [TEST_STEP][PASSED] - dataSourceTextValues.add(getText().toLowerCase()): null

2020-03-13 11:28:44 - [TEST_STEP][PASSED] - dataSourceTextValues.add(getText().toLowerCase()): null

2020-03-13 11:28:44 - [TEST_STEP][PASSED] - dataSourceTextValues.add(getText().toLowerCase()): null

2020-03-13 11:28:44 - [TEST_STEP][PASSED] - dataSourceTextValues.add(getText().toLowerCase()): null

2020-03-13 11:28:44 - [TEST_STEP][PASSED] - dataSourceTextValues.add(getText().toLowerCase()): null

2020-03-13 11:28:44 - [TEST_STEP][PASSED] - dataSourceTextValues.add(getText().toLowerCase()): null

2020-03-13 11:28:44 - [TEST_STEP][PASSED] - dataSourceTextValues.add(getText().toLowerCase()): null

2020-03-13 11:28:45 - [TEST_STEP][PASSED] - dataSourceTextValues.add(getText().toLowerCase()): null

2020-03-13 11:28:45 - [TEST_STEP][PASSED] - dataSourceTextValues.add(getText().toLowerCase()): null

2020-03-13 11:28:45 - [TEST_STEP][PASSED] - pageValueCount += elements.size(): null

2020-03-13 11:28:45 - [TEST_STEP][PASSED] - click(findTestObject("AUDIENCE/Data Source/next")): Object: 'Object Repository/AUDIENCE/Data Source/next' is clicked on

2020-03-13 11:28:45 - [MESSAGE][PASSED] - Object: 'Object Repository/AUDIENCE/Data Source/next' is clicked on

2020-03-13 11:28:45 - [TEST_STEP][PASSED] - elements = findWebElements(findTestObject("CONTENT/Image_Listing/colum1_Image_Name_values"), 0): Timeout '0' is invalid. Using default page load timeout: '230'

2020-03-13 11:28:45 - [MESSAGE][WARNING] - Timeout '0' is invalid. Using default page load timeout: '230'

2020-03-13 11:28:46 - [TEST_STEP][PASSED] - for (org.openqa.selenium.WebElement ele : elements): null

2020-03-13 11:28:46 - [TEST_STEP][PASSED] - dataSourceTextValues.add(getText().toLowerCase()): null

2020-03-13 11:28:46 - [TEST_STEP][PASSED] - dataSourceTextValues.add(getText().toLowerCase()): null

2020-03-13 11:28:46 - [TEST_STEP][PASSED] - dataSourceTextValues.add(getText().toLowerCase()): null

2020-03-13 11:28:47 - [TEST_STEP][PASSED] - dataSourceTextValues.add(getText().toLowerCase()): null

2020-03-13 11:28:47 - [TEST_STEP][PASSED] - dataSourceTextValues.add(getText().toLowerCase()): null

2020-03-13 11:28:47 - [TEST_STEP][PASSED] - dataSourceTextValues.add(getText().toLowerCase()): null

2020-03-13 11:28:47 - [TEST_STEP][PASSED] - dataSourceTextValues.add(getText().toLowerCase()): null

2020-03-13 11:28:47 - [TEST_STEP][PASSED] - dataSourceTextValues.add(getText().toLowerCase()): null

2020-03-13 11:28:47 - [TEST_STEP][PASSED] - dataSourceTextValues.add(getText().toLowerCase()): null

2020-03-13 11:28:47 - [TEST_STEP][PASSED] - dataSourceTextValues.add(getText().toLowerCase()): null

2020-03-13 11:28:47 - [TEST_STEP][PASSED] - pageValueCount += elements.size(): null

2020-03-13 11:28:47 - [TEST_STEP][PASSED] - click(findTestObject("AUDIENCE/Data Source/next")): Object: 'Object Repository/AUDIENCE/Data Source/next' is clicked on

2020-03-13 11:28:47 - [MESSAGE][PASSED] - Object: 'Object Repository/AUDIENCE/Data Source/next' is clicked on

2020-03-13 11:28:47 - [TEST_STEP][PASSED] - elements = findWebElements(findTestObject("CONTENT/Image_Listing/colum1_Image_Name_values"), 0): Timeout '0' is invalid. Using default page load timeout: '230'

2020-03-13 11:28:47 - [MESSAGE][WARNING] - Timeout '0' is invalid. Using default page load timeout: '230'

2020-03-13 11:28:49 - [TEST_STEP][PASSED] - for (org.openqa.selenium.WebElement ele : elements): null

2020-03-13 11:28:49 - [TEST_STEP][PASSED] - dataSourceTextValues.add(getText().toLowerCase()): null

2020-03-13 11:28:49 - [TEST_STEP][PASSED] - dataSourceTextValues.add(getText().toLowerCase()): null

2020-03-13 11:28:49 - [TEST_STEP][PASSED] - dataSourceTextValues.add(getText().toLowerCase()): null

2020-03-13 11:28:49 - [TEST_STEP][PASSED] - dataSourceTextValues.add(getText().toLowerCase()): null

2020-03-13 11:28:49 - [TEST_STEP][PASSED] - dataSourceTextValues.add(getText().toLowerCase()): null

2020-03-13 11:28:49 - [TEST_STEP][PASSED] - dataSourceTextValues.add(getText().toLowerCase()): null

2020-03-13 11:28:50 - [TEST_STEP][PASSED] - dataSourceTextValues.add(getText().toLowerCase()): null

2020-03-13 11:28:50 - [TEST_STEP][PASSED] - dataSourceTextValues.add(getText().toLowerCase()): null

2020-03-13 11:28:50 - [TEST_STEP][PASSED] - dataSourceTextValues.add(getText().toLowerCase()): null

2020-03-13 11:28:50 - [TEST_STEP][PASSED] - dataSourceTextValues.add(getText().toLowerCase()): null

2020-03-13 11:28:50 - [TEST_STEP][PASSED] - pageValueCount += elements.size(): null

2020-03-13 11:28:50 - [TEST_STEP][PASSED] - click(findTestObject("AUDIENCE/Data Source/next")): Object: 'Object Repository/AUDIENCE/Data Source/next' is clicked on

2020-03-13 11:28:51 - [MESSAGE][PASSED] - Object: 'Object Repository/AUDIENCE/Data Source/next' is clicked on

2020-03-13 11:28:51 - [TEST_STEP][PASSED] - elements = findWebElements(findTestObject("CONTENT/Image_Listing/colum1_Image_Name_values"), 0): Timeout '0' is invalid. Using default page load timeout: '230'

2020-03-13 11:28:51 - [MESSAGE][WARNING] - Timeout '0' is invalid. Using default page load timeout: '230'

2020-03-13 11:28:52 - [TEST_STEP][PASSED] - for (org.openqa.selenium.WebElement ele : elements): null

2020-03-13 11:28:52 - [TEST_STEP][PASSED] - dataSourceTextValues.add(getText().toLowerCase()): null

2020-03-13 11:28:52 - [TEST_STEP][PASSED] - dataSourceTextValues.add(getText().toLowerCase()): null

2020-03-13 11:28:52 - [TEST_STEP][PASSED] - dataSourceTextValues.add(getText().toLowerCase()): null

2020-03-13 11:28:52 - [TEST_STEP][PASSED] - dataSourceTextValues.add(getText().toLowerCase()): null

2020-03-13 11:28:52 - [TEST_STEP][PASSED] - dataSourceTextValues.add(getText().toLowerCase()): null

2020-03-13 11:28:52 - [TEST_STEP][PASSED] - dataSourceTextValues.add(getText().toLowerCase()): null

2020-03-13 11:28:52 - [TEST_STEP][PASSED] - dataSourceTextValues.add(getText().toLowerCase()): null

2020-03-13 11:28:52 - [TEST_STEP][PASSED] - dataSourceTextValues.add(getText().toLowerCase()): null

2020-03-13 11:28:52 - [TEST_STEP][PASSED] - dataSourceTextValues.add(getText().toLowerCase()): null

2020-03-13 11:28:52 - [TEST_STEP][PASSED] - dataSourceTextValues.add(getText().toLowerCase()): null

2020-03-13 11:28:53 - [TEST_STEP][PASSED] - pageValueCount += elements.size(): null

2020-03-13 11:28:53 - [TEST_STEP][PASSED] - click(findTestObject("AUDIENCE/Data Source/next")): Object: 'Object Repository/AUDIENCE/Data Source/next' is clicked on

2020-03-13 11:28:53 - [MESSAGE][PASSED] - Object: 'Object Repository/AUDIENCE/Data Source/next' is clicked on

2020-03-13 11:28:53 - [TEST_STEP][PASSED] - elements = findWebElements(findTestObject("CONTENT/Image_Listing/colum1_Image_Name_values"), 0): Timeout '0' is invalid. Using default page load timeout: '230'

2020-03-13 11:28:53 - [MESSAGE][WARNING] - Timeout '0' is invalid. Using default page load timeout: '230'

2020-03-13 11:28:55 - [TEST_STEP][PASSED] - for (org.openqa.selenium.WebElement ele : elements): null

2020-03-13 11:28:55 - [TEST_STEP][PASSED] - dataSourceTextValues.add(getText().toLowerCase()): null

2020-03-13 11:28:55 - [TEST_STEP][PASSED] - dataSourceTextValues.add(getText().toLowerCase()): null

2020-03-13 11:28:55 - [TEST_STEP][PASSED] - dataSourceTextValues.add(getText().toLowerCase()): null

2020-03-13 11:28:55 - [TEST_STEP][PASSED] - dataSourceTextValues.add(getText().toLowerCase()): null

2020-03-13 11:28:55 - [TEST_STEP][PASSED] - dataSourceTextValues.add(getText().toLowerCase()): null

2020-03-13 11:28:55 - [TEST_STEP][PASSED] - dataSourceTextValues.add(getText().toLowerCase()): null

2020-03-13 11:28:55 - [TEST_STEP][PASSED] - dataSourceTextValues.add(getText().toLowerCase()): null

2020-03-13 11:28:55 - [TEST_STEP][PASSED] - dataSourceTextValues.add(getText().toLowerCase()): null

2020-03-13 11:28:55 - [TEST_STEP][PASSED] - dataSourceTextValues.add(getText().toLowerCase()): null

2020-03-13 11:28:55 - [TEST_STEP][PASSED] - dataSourceTextValues.add(getText().toLowerCase()): null

2020-03-13 11:28:55 - [TEST_STEP][PASSED] - pageValueCount += elements.size(): null

2020-03-13 11:28:55 - [TEST_STEP][PASSED] - click(findTestObject("AUDIENCE/Data Source/next")): Object: 'Object Repository/AUDIENCE/Data Source/next' is clicked on

2020-03-13 11:28:56 - [MESSAGE][PASSED] - Object: 'Object Repository/AUDIENCE/Data Source/next' is clicked on

2020-03-13 11:28:56 - [TEST_STEP][PASSED] - elements = findWebElements(findTestObject("CONTENT/Image_Listing/colum1_Image_Name_values"), 0): Timeout '0' is invalid. Using default page load timeout: '230'

2020-03-13 11:28:56 - [MESSAGE][WARNING] - Timeout '0' is invalid. Using default page load timeout: '230'

2020-03-13 11:28:58 - [TEST_STEP][PASSED] - for (org.openqa.selenium.WebElement ele : elements): null

2020-03-13 11:28:58 - [TEST_STEP][PASSED] - dataSourceTextValues.add(getText().toLowerCase()): null

2020-03-13 11:28:58 - [TEST_STEP][PASSED] - dataSourceTextValues.add(getText().toLowerCase()): null

2020-03-13 11:28:58 - [TEST_STEP][PASSED] - dataSourceTextValues.add(getText().toLowerCase()): null

2020-03-13 11:28:58 - [TEST_STEP][PASSED] - dataSourceTextValues.add(getText().toLowerCase()): null

2020-03-13 11:28:58 - [TEST_STEP][PASSED] - dataSourceTextValues.add(getText().toLowerCase()): null

2020-03-13 11:28:58 - [TEST_STEP][PASSED] - dataSourceTextValues.add(getText().toLowerCase()): null

2020-03-13 11:28:58 - [TEST_STEP][PASSED] - dataSourceTextValues.add(getText().toLowerCase()): null

2020-03-13 11:28:58 - [TEST_STEP][PASSED] - dataSourceTextValues.add(getText().toLowerCase()): null

2020-03-13 11:28:58 - [TEST_STEP][PASSED] - dataSourceTextValues.add(getText().toLowerCase()): null

2020-03-13 11:28:58 - [TEST_STEP][PASSED] - dataSourceTextValues.add(getText().toLowerCase()): null

2020-03-13 11:28:58 - [TEST_STEP][PASSED] - pageValueCount += elements.size(): null

2020-03-13 11:28:58 - [TEST_STEP][PASSED] - click(findTestObject("AUDIENCE/Data Source/next")): Object: 'Object Repository/AUDIENCE/Data Source/next' is clicked on

2020-03-13 11:28:59 - [MESSAGE][PASSED] - Object: 'Object Repository/AUDIENCE/Data Source/next' is clicked on

2020-03-13 11:28:59 - [TEST_STEP][PASSED] - elements = findWebElements(findTestObject("CONTENT/Image_Listing/colum1_Image_Name_values"), 0): Timeout '0' is invalid. Using default page load timeout: '230'

2020-03-13 11:28:59 - [MESSAGE][WARNING] - Timeout '0' is invalid. Using default page load timeout: '230'

2020-03-13 11:29:00 - [TEST_STEP][PASSED] - for (org.openqa.selenium.WebElement ele : elements): null

2020-03-13 11:29:00 - [TEST_STEP][PASSED] - dataSourceTextValues.add(getText().toLowerCase()): null

2020-03-13 11:29:00 - [TEST_STEP][PASSED] - dataSourceTextValues.add(getText().toLowerCase()): null

2020-03-13 11:29:00 - [TEST_STEP][PASSED] - dataSourceTextValues.add(getText().toLowerCase()): null

2020-03-13 11:29:00 - [TEST_STEP][PASSED] - dataSourceTextValues.add(getText().toLowerCase()): null

2020-03-13 11:29:00 - [TEST_STEP][PASSED] - dataSourceTextValues.add(getText().toLowerCase()): null

2020-03-13 11:29:00 - [TEST_STEP][PASSED] - dataSourceTextValues.add(getText().toLowerCase()): null

2020-03-13 11:29:00 - [TEST_STEP][PASSED] - dataSourceTextValues.add(getText().toLowerCase()): null

2020-03-13 11:29:00 - [TEST_STEP][PASSED] - dataSourceTextValues.add(getText().toLowerCase()): null

2020-03-13 11:29:00 - [TEST_STEP][PASSED] - dataSourceTextValues.add(getText().toLowerCase()): null

2020-03-13 11:29:00 - [TEST_STEP][PASSED] - dataSourceTextValues.add(getText().toLowerCase()): null

2020-03-13 11:29:00 - [TEST_STEP][PASSED] - pageValueCount += elements.size(): null

2020-03-13 11:29:00 - [TEST_STEP][PASSED] - click(findTestObject("AUDIENCE/Data Source/next")): Object: 'Object Repository/AUDIENCE/Data Source/next' is clicked on

2020-03-13 11:29:00 - [MESSAGE][PASSED] - Object: 'Object Repository/AUDIENCE/Data Source/next' is clicked on

2020-03-13 11:29:00 - [TEST_STEP][PASSED] - elements = findWebElements(findTestObject("CONTENT/Image_Listing/colum1_Image_Name_values"), 0): Timeout '0' is invalid. Using default page load timeout: '230'

2020-03-13 11:29:00 - [MESSAGE][WARNING] - Timeout '0' is invalid. Using default page load timeout: '230'

2020-03-13 11:29:01 - [TEST_STEP][PASSED] - for (org.openqa.selenium.WebElement ele : elements): null

2020-03-13 11:29:01 - [TEST_STEP][PASSED] - dataSourceTextValues.add(getText().toLowerCase()): null

2020-03-13 11:29:01 - [TEST_STEP][PASSED] - dataSourceTextValues.add(getText().toLowerCase()): null

2020-03-13 11:29:01 - [TEST_STEP][PASSED] - dataSourceTextValues.add(getText().toLowerCase()): null

2020-03-13 11:29:01 - [TEST_STEP][PASSED] - dataSourceTextValues.add(getText().toLowerCase()): null

2020-03-13 11:29:01 - [TEST_STEP][PASSED] - dataSourceTextValues.add(getText().toLowerCase()): null

2020-03-13 11:29:02 - [TEST_STEP][PASSED] - dataSourceTextValues.add(getText().toLowerCase()): null

2020-03-13 11:29:02 - [TEST_STEP][PASSED] - dataSourceTextValues.add(getText().toLowerCase()): null

2020-03-13 11:29:02 - [TEST_STEP][PASSED] - dataSourceTextValues.add(getText().toLowerCase()): null

2020-03-13 11:29:02 - [TEST_STEP][PASSED] - dataSourceTextValues.add(getText().toLowerCase()): null

2020-03-13 11:29:02 - [TEST_STEP][PASSED] - dataSourceTextValues.add(getText().toLowerCase()): null

2020-03-13 11:29:02 - [TEST_STEP][PASSED] - pageValueCount += elements.size(): null

2020-03-13 11:29:02 - [TEST_STEP][PASSED] - click(findTestObject("AUDIENCE/Data Source/next")): Object: 'Object Repository/AUDIENCE/Data Source/next' is clicked on

2020-03-13 11:29:02 - [MESSAGE][PASSED] - Object: 'Object Repository/AUDIENCE/Data Source/next' is clicked on

2020-03-13 11:29:02 - [TEST_STEP][PASSED] - elements = findWebElements(findTestObject("CONTENT/Image_Listing/colum1_Image_Name_values"), 0): Timeout '0' is invalid. Using default page load timeout: '230'

2020-03-13 11:29:03 - [MESSAGE][WARNING] - Timeout '0' is invalid. Using default page load timeout: '230'

2020-03-13 11:29:03 - [TEST_STEP][PASSED] - for (org.openqa.selenium.WebElement ele : elements): null

2020-03-13 11:29:03 - [TEST_STEP][PASSED] - dataSourceTextValues.add(getText().toLowerCase()): null

2020-03-13 11:29:03 - [TEST_STEP][PASSED] - dataSourceTextValues.add(getText().toLowerCase()): null

2020-03-13 11:29:03 - [TEST_STEP][PASSED] - dataSourceTextValues.add(getText().toLowerCase()): null

2020-03-13 11:29:04 - [TEST_STEP][PASSED] - dataSourceTextValues.add(getText().toLowerCase()): null

2020-03-13 11:29:04 - [TEST_STEP][PASSED] - dataSourceTextValues.add(getText().toLowerCase()): null

2020-03-13 11:29:04 - [TEST_STEP][PASSED] - dataSourceTextValues.add(getText().toLowerCase()): null

2020-03-13 11:29:04 - [TEST_STEP][PASSED] - dataSourceTextValues.add(getText().toLowerCase()): null

2020-03-13 11:29:04 - [TEST_STEP][PASSED] - dataSourceTextValues.add(getText().toLowerCase()): null

2020-03-13 11:29:04 - [TEST_STEP][PASSED] - dataSourceTextValues.add(getText().toLowerCase()): null

2020-03-13 11:29:04 - [TEST_STEP][PASSED] - dataSourceTextValues.add(getText().toLowerCase()): null

2020-03-13 11:29:04 - [TEST_STEP][PASSED] - pageValueCount += elements.size(): null

2020-03-13 11:29:04 - [TEST_STEP][PASSED] - click(findTestObject("AUDIENCE/Data Source/next")): Object: 'Object Repository/AUDIENCE/Data Source/next' is clicked on

2020-03-13 11:29:04 - [MESSAGE][PASSED] - Object: 'Object Repository/AUDIENCE/Data Source/next' is clicked on

2020-03-13 11:29:04 - [TEST_STEP][PASSED] - elements = findWebElements(findTestObject("CONTENT/Image_Listing/colum1_Image_Name_values"), 0): Timeout '0' is invalid. Using default page load timeout: '230'

2020-03-13 11:29:04 - [MESSAGE][WARNING] - Timeout '0' is invalid. Using default page load timeout: '230'

2020-03-13 11:29:05 - [TEST_STEP][PASSED] - for (org.openqa.selenium.WebElement ele : elements): null

2020-03-13 11:29:05 - [TEST_STEP][PASSED] - dataSourceTextValues.add(getText().toLowerCase()): null

2020-03-13 11:29:05 - [TEST_STEP][PASSED] - dataSourceTextValues.add(getText().toLowerCase()): null

2020-03-13 11:29:05 - [TEST_STEP][PASSED] - dataSourceTextValues.add(getText().toLowerCase()): null

2020-03-13 11:29:05 - [TEST_STEP][PASSED] - dataSourceTextValues.add(getText().toLowerCase()): null

2020-03-13 11:29:05 - [TEST_STEP][PASSED] - dataSourceTextValues.add(getText().toLowerCase()): null

2020-03-13 11:29:05 - [TEST_STEP][PASSED] - dataSourceTextValues.add(getText().toLowerCase()): null

2020-03-13 11:29:05 - [TEST_STEP][PASSED] - dataSourceTextValues.add(getText().toLowerCase()): null

2020-03-13 11:29:06 - [TEST_STEP][PASSED] - dataSourceTextValues.add(getText().toLowerCase()): null

2020-03-13 11:29:06 - [TEST_STEP][PASSED] - dataSourceTextValues.add(getText().toLowerCase()): null

2020-03-13 11:29:06 - [TEST_STEP][PASSED] - dataSourceTextValues.add(getText().toLowerCase()): null

2020-03-13 11:29:06 - [TEST_STEP][PASSED] - pageValueCount += elements.size(): null

2020-03-13 11:29:06 - [TEST_STEP][PASSED] - click(findTestObject("AUDIENCE/Data Source/next")): Object: 'Object Repository/AUDIENCE/Data Source/next' is clicked on

2020-03-13 11:29:06 - [MESSAGE][PASSED] - Object: 'Object Repository/AUDIENCE/Data Source/next' is clicked on

2020-03-13 11:29:06 - [TEST_STEP][PASSED] - elements = findWebElements(findTestObject("CONTENT/Image_Listing/colum1_Image_Name_values"), 0): Timeout '0' is invalid. Using default page load timeout: '230'

2020-03-13 11:29:06 - [MESSAGE][WARNING] - Timeout '0' is invalid. Using default page load timeout: '230'

2020-03-13 11:29:07 - [TEST_STEP][PASSED] - for (org.openqa.selenium.WebElement ele : elements): null

2020-03-13 11:29:07 - [TEST_STEP][PASSED] - dataSourceTextValues.add(getText().toLowerCase()): null

2020-03-13 11:29:07 - [TEST_STEP][PASSED] - dataSourceTextValues.add(getText().toLowerCase()): null

2020-03-13 11:29:07 - [TEST_STEP][PASSED] - dataSourceTextValues.add(getText().toLowerCase()): null

2020-03-13 11:29:07 - [TEST_STEP][PASSED] - dataSourceTextValues.add(getText().toLowerCase()): null

2020-03-13 11:29:07 - [TEST_STEP][PASSED] - dataSourceTextValues.add(getText().toLowerCase()): null

2020-03-13 11:29:07 - [TEST_STEP][PASSED] - dataSourceTextValues.add(getText().toLowerCase()): null

2020-03-13 11:29:07 - [TEST_STEP][PASSED] - dataSourceTextValues.add(getText().toLowerCase()): null

2020-03-13 11:29:07 - [TEST_STEP][PASSED] - dataSourceTextValues.add(getText().toLowerCase()): null

2020-03-13 11:29:07 - [TEST_STEP][PASSED] - dataSourceTextValues.add(getText().toLowerCase()): null

2020-03-13 11:29:07 - [TEST_STEP][PASSED] - dataSourceTextValues.add(getText().toLowerCase()): null

2020-03-13 11:29:07 - [TEST_STEP][PASSED] - pageValueCount += elements.size(): null

2020-03-13 11:29:07 - [TEST_STEP][PASSED] - click(findTestObject("AUDIENCE/Data Source/next")): Object: 'Object Repository/AUDIENCE/Data Source/next' is clicked on

2020-03-13 11:29:08 - [MESSAGE][PASSED] - Object: 'Object Repository/AUDIENCE/Data Source/next' is clicked on

2020-03-13 11:29:08 - [TEST_STEP][PASSED] - elements = findWebElements(findTestObject("CONTENT/Image_Listing/colum1_Image_Name_values"), 0): Timeout '0' is invalid. Using default page load timeout: '230'

2020-03-13 11:29:08 - [MESSAGE][WARNING] - Timeout '0' is invalid. Using default page load timeout: '230'

2020-03-13 11:29:09 - [TEST_STEP][PASSED] - for (org.openqa.selenium.WebElement ele : elements): null

2020-03-13 11:29:09 - [TEST_STEP][PASSED] - dataSourceTextValues.add(getText().toLowerCase()): null

2020-03-13 11:29:09 - [TEST_STEP][PASSED] - dataSourceTextValues.add(getText().toLowerCase()): null

2020-03-13 11:29:09 - [TEST_STEP][PASSED] - dataSourceTextValues.add(getText().toLowerCase()): null

2020-03-13 11:29:09 - [TEST_STEP][PASSED] - dataSourceTextValues.add(getText().toLowerCase()): null

2020-03-13 11:29:09 - [TEST_STEP][PASSED] - dataSourceTextValues.add(getText().toLowerCase()): null

2020-03-13 11:29:09 - [TEST_STEP][PASSED] - dataSourceTextValues.add(getText().toLowerCase()): null

2020-03-13 11:29:09 - [TEST_STEP][PASSED] - dataSourceTextValues.add(getText().toLowerCase()): null

2020-03-13 11:29:09 - [TEST_STEP][PASSED] - dataSourceTextValues.add(getText().toLowerCase()): null

2020-03-13 11:29:10 - [TEST_STEP][PASSED] - dataSourceTextValues.add(getText().toLowerCase()): null

2020-03-13 11:29:10 - [TEST_STEP][PASSED] - dataSourceTextValues.add(getText().toLowerCase()): null

2020-03-13 11:29:10 - [TEST_STEP][PASSED] - pageValueCount += elements.size(): null

2020-03-13 11:29:10 - [TEST_STEP][PASSED] - click(findTestObject("AUDIENCE/Data Source/next")): Object: 'Object Repository/AUDIENCE/Data Source/next' is clicked on

2020-03-13 11:29:10 - [MESSAGE][PASSED] - Object: 'Object Repository/AUDIENCE/Data Source/next' is clicked on

2020-03-13 11:29:10 - [TEST_STEP][PASSED] - elements = findWebElements(findTestObject("CONTENT/Image_Listing/colum1_Image_Name_values"), 0): Timeout '0' is invalid. Using default page load timeout: '230'

2020-03-13 11:29:10 - [MESSAGE][WARNING] - Timeout '0' is invalid. Using default page load timeout: '230'

2020-03-13 11:29:11 - [TEST_STEP][PASSED] - for (org.openqa.selenium.WebElement ele : elements): null

2020-03-13 11:29:11 - [TEST_STEP][PASSED] - dataSourceTextValues.add(getText().toLowerCase()): null

2020-03-13 11:29:11 - [TEST_STEP][PASSED] - dataSourceTextValues.add(getText().toLowerCase()): null

2020-03-13 11:29:11 - [TEST_STEP][PASSED] - dataSourceTextValues.add(getText().toLowerCase()): null

2020-03-13 11:29:11 - [TEST_STEP][PASSED] - dataSourceTextValues.add(getText().toLowerCase()): null

2020-03-13 11:29:11 - [TEST_STEP][PASSED] - dataSourceTextValues.add(getText().toLowerCase()): null

2020-03-13 11:29:11 - [TEST_STEP][PASSED] - dataSourceTextValues.add(getText().toLowerCase()): null

2020-03-13 11:29:11 - [TEST_STEP][PASSED] - dataSourceTextValues.add(getText().toLowerCase()): null

2020-03-13 11:29:11 - [TEST_STEP][PASSED] - dataSourceTextValues.add(getText().toLowerCase()): null

2020-03-13 11:29:11 - [TEST_STEP][PASSED] - dataSourceTextValues.add(getText().toLowerCase()): null

2020-03-13 11:29:11 - [TEST_STEP][PASSED] - dataSourceTextValues.add(getText().toLowerCase()): null

2020-03-13 11:29:11 - [TEST_STEP][PASSED] - pageValueCount += elements.size(): null

2020-03-13 11:29:11 - [TEST_STEP][PASSED] - click(findTestObject("AUDIENCE/Data Source/next")): Object: 'Object Repository/AUDIENCE/Data Source/next' is clicked on

2020-03-13 11:29:12 - [MESSAGE][PASSED] - Object: 'Object Repository/AUDIENCE/Data Source/next' is clicked on

2020-03-13 11:29:12 - [TEST_STEP][PASSED] - elements = findWebElements(findTestObject("CONTENT/Image_Listing/colum1_Image_Name_values"), 0): Timeout '0' is invalid. Using default page load timeout: '230'

2020-03-13 11:29:12 - [MESSAGE][WARNING] - Timeout '0' is invalid. Using default page load timeout: '230'

2020-03-13 11:29:13 - [TEST_STEP][PASSED] - for (org.openqa.selenium.WebElement ele : elements): null

2020-03-13 11:29:13 - [TEST_STEP][PASSED] - dataSourceTextValues.add(getText().toLowerCase()): null

2020-03-13 11:29:13 - [TEST_STEP][PASSED] - dataSourceTextValues.add(getText().toLowerCase()): null

2020-03-13 11:29:13 - [TEST_STEP][PASSED] - dataSourceTextValues.add(getText().toLowerCase()): null

2020-03-13 11:29:13 - [TEST_STEP][PASSED] - dataSourceTextValues.add(getText().toLowerCase()): null

2020-03-13 11:29:13 - [TEST_STEP][PASSED] - dataSourceTextValues.add(getText().toLowerCase()): null

2020-03-13 11:29:13 - [TEST_STEP][PASSED] - dataSourceTextValues.add(getText().toLowerCase()): null

2020-03-13 11:29:13 - [TEST_STEP][PASSED] - dataSourceTextValues.add(getText().toLowerCase()): null

2020-03-13 11:29:13 - [TEST_STEP][PASSED] - dataSourceTextValues.add(getText().toLowerCase()): null

2020-03-13 11:29:13 - [TEST_STEP][PASSED] - dataSourceTextValues.add(getText().toLowerCase()): null

2020-03-13 11:29:13 - [TEST_STEP][PASSED] - dataSourceTextValues.add(getText().toLowerCase()): null

2020-03-13 11:29:13 - [TEST_STEP][PASSED] - pageValueCount += elements.size(): null

2020-03-13 11:29:13 - [TEST_STEP][PASSED] - click(findTestObject("AUDIENCE/Data Source/next")): Object: 'Object Repository/AUDIENCE/Data Source/next' is clicked on

2020-03-13 11:29:14 - [MESSAGE][PASSED] - Object: 'Object Repository/AUDIENCE/Data Source/next' is clicked on

2020-03-13 11:29:14 - [TEST_STEP][PASSED] - elements = findWebElements(findTestObject("CONTENT/Image_Listing/colum1_Image_Name_values"), 0): Timeout '0' is invalid. Using default page load timeout: '230'

2020-03-13 11:29:14 - [MESSAGE][WARNING] - Timeout '0' is invalid. Using default page load timeout: '230'

2020-03-13 11:29:15 - [TEST_STEP][PASSED] - for (org.openqa.selenium.WebElement ele : elements): null

2020-03-13 11:29:15 - [TEST_STEP][PASSED] - dataSourceTextValues.add(getText().toLowerCase()): null

2020-03-13 11:29:15 - [TEST_STEP][PASSED] - dataSourceTextValues.add(getText().toLowerCase()): null

2020-03-13 11:29:15 - [TEST_STEP][PASSED] - dataSourceTextValues.add(getText().toLowerCase()): null

2020-03-13 11:29:15 - [TEST_STEP][PASSED] - dataSourceTextValues.add(getText().toLowerCase()): null

2020-03-13 11:29:15 - [TEST_STEP][PASSED] - dataSourceTextValues.add(getText().toLowerCase()): null

2020-03-13 11:29:15 - [TEST_STEP][PASSED] - dataSourceTextValues.add(getText().toLowerCase()): null

2020-03-13 11:29:15 - [TEST_STEP][PASSED] - dataSourceTextValues.add(getText().toLowerCase()): null

2020-03-13 11:29:15 - [TEST_STEP][PASSED] - dataSourceTextValues.add(getText().toLowerCase()): null

2020-03-13 11:29:15 - [TEST_STEP][PASSED] - dataSourceTextValues.add(getText().toLowerCase()): null

2020-03-13 11:29:16 - [TEST_STEP][PASSED] - dataSourceTextValues.add(getText().toLowerCase()): null

2020-03-13 11:29:16 - [TEST_STEP][PASSED] - pageValueCount += elements.size(): null

2020-03-13 11:29:16 - [TEST_STEP][PASSED] - click(findTestObject("AUDIENCE/Data Source/next")): Object: 'Object Repository/AUDIENCE/Data Source/next' is clicked on

2020-03-13 11:29:16 - [MESSAGE][PASSED] - Object: 'Object Repository/AUDIENCE/Data Source/next' is clicked on

2020-03-13 11:29:16 - [TEST_STEP][PASSED] - elements = findWebElements(findTestObject("CONTENT/Image_Listing/colum1_Image_Name_values"), 0): Timeout '0' is invalid. Using default page load timeout: '230'

2020-03-13 11:29:16 - [MESSAGE][WARNING] - Timeout '0' is invalid. Using default page load timeout: '230'

2020-03-13 11:29:17 - [TEST_STEP][PASSED] - for (org.openqa.selenium.WebElement ele : elements): null

2020-03-13 11:29:17 - [TEST_STEP][PASSED] - dataSourceTextValues.add(getText().toLowerCase()): null

2020-03-13 11:29:17 - [TEST_STEP][PASSED] - dataSourceTextValues.add(getText().toLowerCase()): null

2020-03-13 11:29:17 - [TEST_STEP][PASSED] - dataSourceTextValues.add(getText().toLowerCase()): null

2020-03-13 11:29:17 - [TEST_STEP][PASSED] - dataSourceTextValues.add(getText().toLowerCase()): null

2020-03-13 11:29:17 - [TEST_STEP][PASSED] - dataSourceTextValues.add(getText().toLowerCase()): null

2020-03-13 11:29:17 - [TEST_STEP][PASSED] - dataSourceTextValues.add(getText().toLowerCase()): null

2020-03-13 11:29:17 - [TEST_STEP][PASSED] - dataSourceTextValues.add(getText().toLowerCase()): null

2020-03-13 11:29:17 - [TEST_STEP][PASSED] - dataSourceTextValues.add(getText().toLowerCase()): null

2020-03-13 11:29:17 - [TEST_STEP][PASSED] - dataSourceTextValues.add(getText().toLowerCase()): null

2020-03-13 11:29:17 - [TEST_STEP][PASSED] - dataSourceTextValues.add(getText().toLowerCase()): null

2020-03-13 11:29:17 - [TEST_STEP][PASSED] - pageValueCount += elements.size(): null

2020-03-13 11:29:17 - [TEST_STEP][PASSED] - click(findTestObject("AUDIENCE/Data Source/next")): Object: 'Object Repository/AUDIENCE/Data Source/next' is clicked on

2020-03-13 11:29:17 - [MESSAGE][PASSED] - Object: 'Object Repository/AUDIENCE/Data Source/next' is clicked on

2020-03-13 11:29:17 - [TEST_STEP][PASSED] - elements = findWebElements(findTestObject("CONTENT/Image_Listing/colum1_Image_Name_values"), 0): Timeout '0' is invalid. Using default page load timeout: '230'

2020-03-13 11:29:18 - [MESSAGE][WARNING] - Timeout '0' is invalid. Using default page load timeout: '230'

2020-03-13 11:29:18 - [TEST_STEP][PASSED] - for (org.openqa.selenium.WebElement ele : elements): null

2020-03-13 11:29:18 - [TEST_STEP][PASSED] - dataSourceTextValues.add(getText().toLowerCase()): null

2020-03-13 11:29:18 - [TEST_STEP][PASSED] - dataSourceTextValues.add(getText().toLowerCase()): null

2020-03-13 11:29:18 - [TEST_STEP][PASSED] - dataSourceTextValues.add(getText().toLowerCase()): null

2020-03-13 11:29:18 - [TEST_STEP][PASSED] - dataSourceTextValues.add(getText().toLowerCase()): null

2020-03-13 11:29:18 - [TEST_STEP][PASSED] - dataSourceTextValues.add(getText().toLowerCase()): null

2020-03-13 11:29:18 - [TEST_STEP][PASSED] - dataSourceTextValues.add(getText().toLowerCase()): null

2020-03-13 11:29:18 - [TEST_STEP][PASSED] - dataSourceTextValues.add(getText().toLowerCase()): null

2020-03-13 11:29:19 - [TEST_STEP][PASSED] - dataSourceTextValues.add(getText().toLowerCase()): null

2020-03-13 11:29:19 - [TEST_STEP][PASSED] - dataSourceTextValues.add(getText().toLowerCase()): null

2020-03-13 11:29:19 - [TEST_STEP][PASSED] - dataSourceTextValues.add(getText().toLowerCase()): null

2020-03-13 11:29:19 - [TEST_STEP][PASSED] - pageValueCount += elements.size(): null

2020-03-13 11:29:19 - [TEST_STEP][PASSED] - click(findTestObject("AUDIENCE/Data Source/next")): Object: 'Object Repository/AUDIENCE/Data Source/next' is clicked on

2020-03-13 11:29:19 - [MESSAGE][PASSED] - Object: 'Object Repository/AUDIENCE/Data Source/next' is clicked on

2020-03-13 11:29:19 - [TEST_STEP][PASSED] - elements = findWebElements(findTestObject("CONTENT/Image_Listing/colum1_Image_Name_values"), 0): Timeout '0' is invalid. Using default page load timeout: '230'

2020-03-13 11:29:19 - [MESSAGE][WARNING] - Timeout '0' is invalid. Using default page load timeout: '230'

2020-03-13 11:29:20 - [TEST_STEP][PASSED] - for (org.openqa.selenium.WebElement ele : elements): null

2020-03-13 11:29:20 - [TEST_STEP][PASSED] - dataSourceTextValues.add(getText().toLowerCase()): null

2020-03-13 11:29:20 - [TEST_STEP][PASSED] - dataSourceTextValues.add(getText().toLowerCase()): null

2020-03-13 11:29:20 - [TEST_STEP][PASSED] - dataSourceTextValues.add(getText().toLowerCase()): null

2020-03-13 11:29:20 - [TEST_STEP][PASSED] - dataSourceTextValues.add(getText().toLowerCase()): null

2020-03-13 11:29:20 - [TEST_STEP][PASSED] - dataSourceTextValues.add(getText().toLowerCase()): null

2020-03-13 11:29:20 - [TEST_STEP][PASSED] - dataSourceTextValues.add(getText().toLowerCase()): null

2020-03-13 11:29:20 - [TEST_STEP][PASSED] - dataSourceTextValues.add(getText().toLowerCase()): null

2020-03-13 11:29:20 - [TEST_STEP][PASSED] - dataSourceTextValues.add(getText().toLowerCase()): null

2020-03-13 11:29:20 - [TEST_STEP][PASSED] - dataSourceTextValues.add(getText().toLowerCase()): null

2020-03-13 11:29:20 - [TEST_STEP][PASSED] - dataSourceTextValues.add(getText().toLowerCase()): null

2020-03-13 11:29:20 - [TEST_STEP][PASSED] - pageValueCount += elements.size(): null

2020-03-13 11:29:20 - [TEST_STEP][PASSED] - click(findTestObject("AUDIENCE/Data Source/next")): Object: 'Object Repository/AUDIENCE/Data Source/next' is clicked on

2020-03-13 11:29:21 - [MESSAGE][PASSED] - Object: 'Object Repository/AUDIENCE/Data Source/next' is clicked on

2020-03-13 11:29:21 - [TEST_STEP][PASSED] - elements = findWebElements(findTestObject("CONTENT/Image_Listing/colum1_Image_Name_values"), 0): Timeout '0' is invalid. Using default page load timeout: '230'

2020-03-13 11:29:21 - [MESSAGE][WARNING] - Timeout '0' is invalid. Using default page load timeout: '230'

2020-03-13 11:29:22 - [TEST_STEP][PASSED] - for (org.openqa.selenium.WebElement ele : elements): null

2020-03-13 11:29:22 - [TEST_STEP][PASSED] - dataSourceTextValues.add(getText().toLowerCase()): null

2020-03-13 11:29:22 - [TEST_STEP][PASSED] - dataSourceTextValues.add(getText().toLowerCase()): null

2020-03-13 11:29:22 - [TEST_STEP][PASSED] - dataSourceTextValues.add(getText().toLowerCase()): null

2020-03-13 11:29:22 - [TEST_STEP][PASSED] - dataSourceTextValues.add(getText().toLowerCase()): null

2020-03-13 11:29:22 - [TEST_STEP][PASSED] - dataSourceTextValues.add(getText().toLowerCase()): null

2020-03-13 11:29:22 - [TEST_STEP][PASSED] - dataSourceTextValues.add(getText().toLowerCase()): null

2020-03-13 11:29:22 - [TEST_STEP][PASSED] - dataSourceTextValues.add(getText().toLowerCase()): null

2020-03-13 11:29:22 - [TEST_STEP][PASSED] - dataSourceTextValues.add(getText().toLowerCase()): null

2020-03-13 11:29:22 - [TEST_STEP][PASSED] - dataSourceTextValues.add(getText().toLowerCase()): null

2020-03-13 11:29:22 - [TEST_STEP][PASSED] - dataSourceTextValues.add(getText().toLowerCase()): null

2020-03-13 11:29:22 - [TEST_STEP][PASSED] - pageValueCount += elements.size(): null

2020-03-13 11:29:22 - [TEST_STEP][PASSED] - click(findTestObject("AUDIENCE/Data Source/next")): Object: 'Object Repository/AUDIENCE/Data Source/next' is clicked on

2020-03-13 11:29:23 - [MESSAGE][PASSED] - Object: 'Object Repository/AUDIENCE/Data Source/next' is clicked on

2020-03-13 11:29:23 - [TEST_STEP][PASSED] - elements = findWebElements(findTestObject("CONTENT/Image_Listing/colum1_Image_Name_values"), 0): Timeout '0' is invalid. Using default page load timeout: '230'

2020-03-13 11:29:23 - [MESSAGE][WARNING] - Timeout '0' is invalid. Using default page load timeout: '230'

2020-03-13 11:29:23 - [TEST_STEP][PASSED] - for (org.openqa.selenium.WebElement ele : elements): null

2020-03-13 11:29:23 - [TEST_STEP][PASSED] - dataSourceTextValues.add(getText().toLowerCase()): null

2020-03-13 11:29:24 - [TEST_STEP][PASSED] - dataSourceTextValues.add(getText().toLowerCase()): null

2020-03-13 11:29:24 - [TEST_STEP][PASSED] - dataSourceTextValues.add(getText().toLowerCase()): null

2020-03-13 11:29:24 - [TEST_STEP][PASSED] - dataSourceTextValues.add(getText().toLowerCase()): null

2020-03-13 11:29:24 - [TEST_STEP][PASSED] - dataSourceTextValues.add(getText().toLowerCase()): null

2020-03-13 11:29:24 - [TEST_STEP][PASSED] - dataSourceTextValues.add(getText().toLowerCase()): null

2020-03-13 11:29:24 - [TEST_STEP][PASSED] - dataSourceTextValues.add(getText().toLowerCase()): null

2020-03-13 11:29:24 - [TEST_STEP][PASSED] - dataSourceTextValues.add(getText().toLowerCase()): null

2020-03-13 11:29:24 - [TEST_STEP][PASSED] - dataSourceTextValues.add(getText().toLowerCase()): null

2020-03-13 11:29:24 - [TEST_STEP][PASSED] - dataSourceTextValues.add(getText().toLowerCase()): null

2020-03-13 11:29:24 - [TEST_STEP][PASSED] - pageValueCount += elements.size(): null

2020-03-13 11:29:24 - [TEST_STEP][PASSED] - click(findTestObject("AUDIENCE/Data Source/next")): Object: 'Object Repository/AUDIENCE/Data Source/next' is clicked on

2020-03-13 11:29:24 - [MESSAGE][PASSED] - Object: 'Object Repository/AUDIENCE/Data Source/next' is clicked on

2020-03-13 11:29:24 - [TEST_STEP][PASSED] - elements = findWebElements(findTestObject("CONTENT/Image_Listing/colum1_Image_Name_values"), 0): Timeout '0' is invalid. Using default page load timeout: '230'

2020-03-13 11:29:25 - [MESSAGE][WARNING] - Timeout '0' is invalid. Using default page load timeout: '230'

2020-03-13 11:29:25 - [TEST_STEP][PASSED] - for (org.openqa.selenium.WebElement ele : elements): null

2020-03-13 11:29:25 - [TEST_STEP][PASSED] - dataSourceTextValues.add(getText().toLowerCase()): null

2020-03-13 11:29:25 - [TEST_STEP][PASSED] - dataSourceTextValues.add(getText().toLowerCase()): null

2020-03-13 11:29:26 - [TEST_STEP][PASSED] - dataSourceTextValues.add(getText().toLowerCase()): null

2020-03-13 11:29:26 - [TEST_STEP][PASSED] - dataSourceTextValues.add(getText().toLowerCase()): null

2020-03-13 11:29:26 - [TEST_STEP][PASSED] - dataSourceTextValues.add(getText().toLowerCase()): null

2020-03-13 11:29:26 - [TEST_STEP][PASSED] - dataSourceTextValues.add(getText().toLowerCase()): null

2020-03-13 11:29:26 - [TEST_STEP][PASSED] - dataSourceTextValues.add(getText().toLowerCase()): null

2020-03-13 11:29:26 - [TEST_STEP][PASSED] - dataSourceTextValues.add(getText().toLowerCase()): null

2020-03-13 11:29:26 - [TEST_STEP][PASSED] - dataSourceTextValues.add(getText().toLowerCase()): null

2020-03-13 11:29:26 - [TEST_STEP][PASSED] - dataSourceTextValues.add(getText().toLowerCase()): null

2020-03-13 11:29:26 - [TEST_STEP][PASSED] - pageValueCount += elements.size(): null

2020-03-13 11:29:26 - [TEST_STEP][PASSED] - click(findTestObject("AUDIENCE/Data Source/next")): Object: 'Object Repository/AUDIENCE/Data Source/next' is clicked on

2020-03-13 11:29:27 - [MESSAGE][PASSED] - Object: 'Object Repository/AUDIENCE/Data Source/next' is clicked on

2020-03-13 11:29:27 - [TEST_STEP][PASSED] - elements = findWebElements(findTestObject("CONTENT/Image_Listing/colum1_Image_Name_values"), 0): Timeout '0' is invalid. Using default page load timeout: '230'

2020-03-13 11:29:27 - [MESSAGE][WARNING] - Timeout '0' is invalid. Using default page load timeout: '230'

2020-03-13 11:29:28 - [TEST_STEP][PASSED] - for (org.openqa.selenium.WebElement ele : elements): null

2020-03-13 11:29:28 - [TEST_STEP][PASSED] - dataSourceTextValues.add(getText().toLowerCase()): null

2020-03-13 11:29:28 - [TEST_STEP][PASSED] - dataSourceTextValues.add(getText().toLowerCase()): null

2020-03-13 11:29:28 - [TEST_STEP][PASSED] - dataSourceTextValues.add(getText().toLowerCase()): null

2020-03-13 11:29:28 - [TEST_STEP][PASSED] - dataSourceTextValues.add(getText().toLowerCase()): null

2020-03-13 11:29:28 - [TEST_STEP][PASSED] - dataSourceTextValues.add(getText().toLowerCase()): null

2020-03-13 11:29:28 - [TEST_STEP][PASSED] - dataSourceTextValues.add(getText().toLowerCase()): null

2020-03-13 11:29:28 - [TEST_STEP][PASSED] - dataSourceTextValues.add(getText().toLowerCase()): null

2020-03-13 11:29:28 - [TEST_STEP][PASSED] - dataSourceTextValues.add(getText().toLowerCase()): null

2020-03-13 11:29:28 - [TEST_STEP][PASSED] - dataSourceTextValues.add(getText().toLowerCase()): null

2020-03-13 11:29:28 - [TEST_STEP][PASSED] - dataSourceTextValues.add(getText().toLowerCase()): null

2020-03-13 11:29:28 - [TEST_STEP][PASSED] - pageValueCount += elements.size(): null

2020-03-13 11:29:28 - [TEST_STEP][PASSED] - click(findTestObject("AUDIENCE/Data Source/next")): Object: 'Object Repository/AUDIENCE/Data Source/next' is clicked on

2020-03-13 11:29:29 - [MESSAGE][PASSED] - Object: 'Object Repository/AUDIENCE/Data Source/next' is clicked on

2020-03-13 11:29:29 - [TEST_STEP][PASSED] - elements = findWebElements(findTestObject("CONTENT/Image_Listing/colum1_Image_Name_values"), 0): Timeout '0' is invalid. Using default page load timeout: '230'

2020-03-13 11:29:29 - [MESSAGE][WARNING] - Timeout '0' is invalid. Using default page load timeout: '230'

2020-03-13 11:29:30 - [TEST_STEP][PASSED] - for (org.openqa.selenium.WebElement ele : elements): null

2020-03-13 11:29:30 - [TEST_STEP][PASSED] - dataSourceTextValues.add(getText().toLowerCase()): null

2020-03-13 11:29:30 - [TEST_STEP][PASSED] - dataSourceTextValues.add(getText().toLowerCase()): null

2020-03-13 11:29:30 - [TEST_STEP][PASSED] - dataSourceTextValues.add(getText().toLowerCase()): null

2020-03-13 11:29:30 - [TEST_STEP][PASSED] - dataSourceTextValues.add(getText().toLowerCase()): null

2020-03-13 11:29:30 - [TEST_STEP][PASSED] - dataSourceTextValues.add(getText().toLowerCase()): null

2020-03-13 11:29:30 - [TEST_STEP][PASSED] - dataSourceTextValues.add(getText().toLowerCase()): null

2020-03-13 11:29:30 - [TEST_STEP][PASSED] - dataSourceTextValues.add(getText().toLowerCase()): null

2020-03-13 11:29:30 - [TEST_STEP][PASSED] - dataSourceTextValues.add(getText().toLowerCase()): null

2020-03-13 11:29:30 - [TEST_STEP][PASSED] - dataSourceTextValues.add(getText().toLowerCase()): null

2020-03-13 11:29:30 - [TEST_STEP][PASSED] - dataSourceTextValues.add(getText().toLowerCase()): null

2020-03-13 11:29:30 - [TEST_STEP][PASSED] - pageValueCount += elements.size(): null

2020-03-13 11:29:30 - [TEST_STEP][PASSED] - click(findTestObject("AUDIENCE/Data Source/next")): Object: 'Object Repository/AUDIENCE/Data Source/next' is clicked on

2020-03-13 11:29:31 - [MESSAGE][PASSED] - Object: 'Object Repository/AUDIENCE/Data Source/next' is clicked on

2020-03-13 11:29:31 - [TEST_STEP][PASSED] - elements = findWebElements(findTestObject("CONTENT/Image_Listing/colum1_Image_Name_values"), 0): Timeout '0' is invalid. Using default page load timeout: '230'

2020-03-13 11:29:31 - [MESSAGE][WARNING] - Timeout '0' is invalid. Using default page load timeout: '230'

2020-03-13 11:29:32 - [TEST_STEP][PASSED] - for (org.openqa.selenium.WebElement ele : elements): null

2020-03-13 11:29:32 - [TEST_STEP][PASSED] - dataSourceTextValues.add(getText().toLowerCase()): null

2020-03-13 11:29:32 - [TEST_STEP][PASSED] - dataSourceTextValues.add(getText().toLowerCase()): null

2020-03-13 11:29:32 - [TEST_STEP][PASSED] - dataSourceTextValues.add(getText().toLowerCase()): null

2020-03-13 11:29:32 - [TEST_STEP][PASSED] - dataSourceTextValues.add(getText().toLowerCase()): null

2020-03-13 11:29:32 - [TEST_STEP][PASSED] - dataSourceTextValues.add(getText().toLowerCase()): null

2020-03-13 11:29:32 - [TEST_STEP][PASSED] - dataSourceTextValues.add(getText().toLowerCase()): null

2020-03-13 11:29:32 - [TEST_STEP][PASSED] - dataSourceTextValues.add(getText().toLowerCase()): null

2020-03-13 11:29:33 - [TEST_STEP][PASSED] - dataSourceTextValues.add(getText().toLowerCase()): null

2020-03-13 11:29:33 - [TEST_STEP][PASSED] - dataSourceTextValues.add(getText().toLowerCase()): null

2020-03-13 11:29:33 - [TEST_STEP][PASSED] - dataSourceTextValues.add(getText().toLowerCase()): null

2020-03-13 11:29:33 - [TEST_STEP][PASSED] - pageValueCount += elements.size(): null

2020-03-13 11:29:33 - [TEST_STEP][PASSED] - click(findTestObject("AUDIENCE/Data Source/next")): Object: 'Object Repository/AUDIENCE/Data Source/next' is clicked on

2020-03-13 11:29:33 - [MESSAGE][PASSED] - Object: 'Object Repository/AUDIENCE/Data Source/next' is clicked on

2020-03-13 11:29:33 - [TEST_STEP][PASSED] - elements = findWebElements(findTestObject("CONTENT/Image_Listing/colum1_Image_Name_values"), 0): Timeout '0' is invalid. Using default page load timeout: '230'

2020-03-13 11:29:33 - [MESSAGE][WARNING] - Timeout '0' is invalid. Using default page load timeout: '230'

2020-03-13 11:29:34 - [TEST_STEP][PASSED] - for (org.openqa.selenium.WebElement ele : elements): null

2020-03-13 11:29:34 - [TEST_STEP][PASSED] - dataSourceTextValues.add(getText().toLowerCase()): null

2020-03-13 11:29:34 - [TEST_STEP][PASSED] - dataSourceTextValues.add(getText().toLowerCase()): null

2020-03-13 11:29:34 - [TEST_STEP][PASSED] - dataSourceTextValues.add(getText().toLowerCase()): null

2020-03-13 11:29:34 - [TEST_STEP][PASSED] - dataSourceTextValues.add(getText().toLowerCase()): null

2020-03-13 11:29:34 - [TEST_STEP][PASSED] - dataSourceTextValues.add(getText().toLowerCase()): null

2020-03-13 11:29:34 - [TEST_STEP][PASSED] - dataSourceTextValues.add(getText().toLowerCase()): null

2020-03-13 11:29:35 - [TEST_STEP][PASSED] - dataSourceTextValues.add(getText().toLowerCase()): null

2020-03-13 11:29:35 - [TEST_STEP][PASSED] - dataSourceTextValues.add(getText().toLowerCase()): null

2020-03-13 11:29:35 - [TEST_STEP][PASSED] - dataSourceTextValues.add(getText().toLowerCase()): null

2020-03-13 11:29:35 - [TEST_STEP][PASSED] - dataSourceTextValues.add(getText().toLowerCase()): null

2020-03-13 11:29:35 - [TEST_STEP][PASSED] - pageValueCount += elements.size(): null

2020-03-13 11:29:35 - [TEST_STEP][PASSED] - click(findTestObject("AUDIENCE/Data Source/next")): Object: 'Object Repository/AUDIENCE/Data Source/next' is clicked on

2020-03-13 11:29:36 - [MESSAGE][PASSED] - Object: 'Object Repository/AUDIENCE/Data Source/next' is clicked on

2020-03-13 11:29:36 - [TEST_STEP][PASSED] - elements = findWebElements(findTestObject("CONTENT/Image_Listing/colum1_Image_Name_values"), 0): Timeout '0' is invalid. Using default page load timeout: '230'

2020-03-13 11:29:36 - [MESSAGE][WARNING] - Timeout '0' is invalid. Using default page load timeout: '230'

2020-03-13 11:29:37 - [TEST_STEP][PASSED] - for (org.openqa.selenium.WebElement ele : elements): null

2020-03-13 11:29:37 - [TEST_STEP][PASSED] - dataSourceTextValues.add(getText().toLowerCase()): null

2020-03-13 11:29:37 - [TEST_STEP][PASSED] - dataSourceTextValues.add(getText().toLowerCase()): null

2020-03-13 11:29:37 - [TEST_STEP][PASSED] - dataSourceTextValues.add(getText().toLowerCase()): null

2020-03-13 11:29:37 - [TEST_STEP][PASSED] - dataSourceTextValues.add(getText().toLowerCase()): null

2020-03-13 11:29:37 - [TEST_STEP][PASSED] - dataSourceTextValues.add(getText().toLowerCase()): null

2020-03-13 11:29:37 - [TEST_STEP][PASSED] - dataSourceTextValues.add(getText().toLowerCase()): null

2020-03-13 11:29:37 - [TEST_STEP][PASSED] - dataSourceTextValues.add(getText().toLowerCase()): null

2020-03-13 11:29:37 - [TEST_STEP][PASSED] - dataSourceTextValues.add(getText().toLowerCase()): null

2020-03-13 11:29:37 - [TEST_STEP][PASSED] - dataSourceTextValues.add(getText().toLowerCase()): null

2020-03-13 11:29:37 - [TEST_STEP][PASSED] - dataSourceTextValues.add(getText().toLowerCase()): null

2020-03-13 11:29:37 - [TEST_STEP][PASSED] - pageValueCount += elements.size(): null

2020-03-13 11:29:37 - [TEST_STEP][PASSED] - click(findTestObject("AUDIENCE/Data Source/next")): Object: 'Object Repository/AUDIENCE/Data Source/next' is clicked on

2020-03-13 11:29:38 - [MESSAGE][PASSED] - Object: 'Object Repository/AUDIENCE/Data Source/next' is clicked on

2020-03-13 11:29:38 - [TEST_STEP][PASSED] - elements = findWebElements(findTestObject("CONTENT/Image_Listing/colum1_Image_Name_values"), 0): Timeout '0' is invalid. Using default page load timeout: '230'

2020-03-13 11:29:38 - [MESSAGE][WARNING] - Timeout '0' is invalid. Using default page load timeout: '230'

2020-03-13 11:29:39 - [TEST_STEP][PASSED] - for (org.openqa.selenium.WebElement ele : elements): null

2020-03-13 11:29:39 - [TEST_STEP][PASSED] - dataSourceTextValues.add(getText().toLowerCase()): null

2020-03-13 11:29:39 - [TEST_STEP][PASSED] - dataSourceTextValues.add(getText().toLowerCase()): null

2020-03-13 11:29:39 - [TEST_STEP][PASSED] - dataSourceTextValues.add(getText().toLowerCase()): null

2020-03-13 11:29:39 - [TEST_STEP][PASSED] - dataSourceTextValues.add(getText().toLowerCase()): null

2020-03-13 11:29:39 - [TEST_STEP][PASSED] - dataSourceTextValues.add(getText().toLowerCase()): null

2020-03-13 11:29:39 - [TEST_STEP][PASSED] - dataSourceTextValues.add(getText().toLowerCase()): null

2020-03-13 11:29:39 - [TEST_STEP][PASSED] - dataSourceTextValues.add(getText().toLowerCase()): null

2020-03-13 11:29:39 - [TEST_STEP][PASSED] - dataSourceTextValues.add(getText().toLowerCase()): null

2020-03-13 11:29:39 - [TEST_STEP][PASSED] - dataSourceTextValues.add(getText().toLowerCase()): null

2020-03-13 11:29:39 - [TEST_STEP][PASSED] - dataSourceTextValues.add(getText().toLowerCase()): null

2020-03-13 11:29:39 - [TEST_STEP][PASSED] - pageValueCount += elements.size(): null

2020-03-13 11:29:39 - [TEST_STEP][PASSED] - click(findTestObject("AUDIENCE/Data Source/next")): Object: 'Object Repository/AUDIENCE/Data Source/next' is clicked on

2020-03-13 11:29:40 - [MESSAGE][PASSED] - Object: 'Object Repository/AUDIENCE/Data Source/next' is clicked on

2020-03-13 11:29:40 - [TEST_STEP][PASSED] - elements = findWebElements(findTestObject("CONTENT/Image_Listing/colum1_Image_Name_values"), 0): Timeout '0' is invalid. Using default page load timeout: '230'

2020-03-13 11:29:40 - [MESSAGE][WARNING] - Timeout '0' is invalid. Using default page load timeout: '230'

2020-03-13 11:29:41 - [TEST_STEP][PASSED] - for (org.openqa.selenium.WebElement ele : elements): null

2020-03-13 11:29:41 - [TEST_STEP][PASSED] - dataSourceTextValues.add(getText().toLowerCase()): null

2020-03-13 11:29:41 - [TEST_STEP][PASSED] - dataSourceTextValues.add(getText().toLowerCase()): null

2020-03-13 11:29:41 - [TEST_STEP][PASSED] - dataSourceTextValues.add(getText().toLowerCase()): null

2020-03-13 11:29:41 - [TEST_STEP][PASSED] - dataSourceTextValues.add(getText().toLowerCase()): null

2020-03-13 11:29:41 - [TEST_STEP][PASSED] - dataSourceTextValues.add(getText().toLowerCase()): null

2020-03-13 11:29:41 - [TEST_STEP][PASSED] - dataSourceTextValues.add(getText().toLowerCase()): null

2020-03-13 11:29:41 - [TEST_STEP][PASSED] - dataSourceTextValues.add(getText().toLowerCase()): null

2020-03-13 11:29:41 - [TEST_STEP][PASSED] - dataSourceTextValues.add(getText().toLowerCase()): null

2020-03-13 11:29:41 - [TEST_STEP][PASSED] - dataSourceTextValues.add(getText().toLowerCase()): null

2020-03-13 11:29:41 - [TEST_STEP][PASSED] - dataSourceTextValues.add(getText().toLowerCase()): null

2020-03-13 11:29:41 - [TEST_STEP][PASSED] - pageValueCount += elements.size(): null

2020-03-13 11:29:41 - [TEST_STEP][PASSED] - click(findTestObject("AUDIENCE/Data Source/next")): Object: 'Object Repository/AUDIENCE/Data Source/next' is clicked on

2020-03-13 11:29:42 - [MESSAGE][PASSED] - Object: 'Object Repository/AUDIENCE/Data Source/next' is clicked on

2020-03-13 11:29:42 - [TEST_STEP][PASSED] - elements = findWebElements(findTestObject("CONTENT/Image_Listing/colum1_Image_Name_values"), 0): Timeout '0' is invalid. Using default page load timeout: '230'

2020-03-13 11:29:42 - [MESSAGE][WARNING] - Timeout '0' is invalid. Using default page load timeout: '230'

2020-03-13 11:29:43 - [TEST_STEP][PASSED] - for (org.openqa.selenium.WebElement ele : elements): null

2020-03-13 11:29:43 - [TEST_STEP][PASSED] - dataSourceTextValues.add(getText().toLowerCase()): null

2020-03-13 11:29:43 - [TEST_STEP][PASSED] - dataSourceTextValues.add(getText().toLowerCase()): null

2020-03-13 11:29:43 - [TEST_STEP][PASSED] - dataSourceTextValues.add(getText().toLowerCase()): null

2020-03-13 11:29:43 - [TEST_STEP][PASSED] - dataSourceTextValues.add(getText().toLowerCase()): null

2020-03-13 11:29:43 - [TEST_STEP][PASSED] - dataSourceTextValues.add(getText().toLowerCase()): null

2020-03-13 11:29:43 - [TEST_STEP][PASSED] - dataSourceTextValues.add(getText().toLowerCase()): null

2020-03-13 11:29:43 - [TEST_STEP][PASSED] - dataSourceTextValues.add(getText().toLowerCase()): null

2020-03-13 11:29:43 - [TEST_STEP][PASSED] - dataSourceTextValues.add(getText().toLowerCase()): null

2020-03-13 11:29:43 - [TEST_STEP][PASSED] - dataSourceTextValues.add(getText().toLowerCase()): null

2020-03-13 11:29:43 - [TEST_STEP][PASSED] - dataSourceTextValues.add(getText().toLowerCase()): null

2020-03-13 11:29:43 - [TEST_STEP][PASSED] - pageValueCount += elements.size(): null

2020-03-13 11:29:43 - [TEST_STEP][PASSED] - click(findTestObject("AUDIENCE/Data Source/next")): Object: 'Object Repository/AUDIENCE/Data Source/next' is clicked on

2020-03-13 11:29:44 - [MESSAGE][PASSED] - Object: 'Object Repository/AUDIENCE/Data Source/next' is clicked on

2020-03-13 11:29:44 - [TEST_STEP][PASSED] - elements = findWebElements(findTestObject("CONTENT/Image_Listing/colum1_Image_Name_values"), 0): Timeout '0' is invalid. Using default page load timeout: '230'

2020-03-13 11:29:44 - [MESSAGE][WARNING] - Timeout '0' is invalid. Using default page load timeout: '230'

2020-03-13 11:29:44 - [TEST_STEP][PASSED] - for (org.openqa.selenium.WebElement ele : elements): null

2020-03-13 11:29:44 - [TEST_STEP][PASSED] - dataSourceTextValues.add(getText().toLowerCase()): null

2020-03-13 11:29:44 - [TEST_STEP][PASSED] - dataSourceTextValues.add(getText().toLowerCase()): null

2020-03-13 11:29:45 - [TEST_STEP][PASSED] - dataSourceTextValues.add(getText().toLowerCase()): null

2020-03-13 11:29:45 - [TEST_STEP][PASSED] - dataSourceTextValues.add(getText().toLowerCase()): null

2020-03-13 11:29:45 - [TEST_STEP][PASSED] - dataSourceTextValues.add(getText().toLowerCase()): null

2020-03-13 11:29:45 - [TEST_STEP][PASSED] - dataSourceTextValues.add(getText().toLowerCase()): null

2020-03-13 11:29:45 - [TEST_STEP][PASSED] - dataSourceTextValues.add(getText().toLowerCase()): null

2020-03-13 11:29:45 - [TEST_STEP][PASSED] - dataSourceTextValues.add(getText().toLowerCase()): null

2020-03-13 11:29:45 - [TEST_STEP][PASSED] - pageValueCount += elements.size(): null

2020-03-13 11:29:45 - [TEST_STEP][PASSED] - click(findTestObject("AUDIENCE/Data Source/next")): Object: 'Object Repository/AUDIENCE/Data Source/next' is clicked on

2020-03-13 11:29:48 - [MESSAGE][PASSED] - Object: 'Object Repository/AUDIENCE/Data Source/next' is clicked on

2020-03-13 11:29:48 - [TEST_STEP][PASSED] - elements = findWebElements(findTestObject("CONTENT/Image_Listing/colum1_Image_Name_values"), 0): Timeout '0' is invalid. Using default page load timeout: '230'

2020-03-13 11:29:49 - [MESSAGE][WARNING] - Timeout '0' is invalid. Using default page load timeout: '230'

2020-03-13 11:29:49 - [TEST_STEP][PASSED] - isAsc = web.CustomKeyword.checkListAscendingOrder(dataSourceTextValues): web.CustomKeyword.checkListAscendingOrder is PASSED

2020-03-13 11:29:49 - [MESSAGE][PASSED] - web.CustomKeyword.checkListAscendingOrder is PASSED

2020-03-13 11:29:49 - [TEST_STEP][PASSED] - verifyEqual(isAsc, true): Actual object 'true' and expected object 'true' are equal

2020-03-13 11:29:49 - [MESSAGE][PASSED] - Actual object 'true' and expected object 'true' are equal

2020-03-13 11:29:49 - [TEST_STEP][PASSED] - click(findTestObject("HeaderMenus/adminmenu")): Object: 'Object Repository/HeaderMenus/adminmenu' is clicked on

2020-03-13 11:29:50 - [MESSAGE][PASSED] - Object: 'Object Repository/HeaderMenus/adminmenu' is clicked on

2020-03-13 11:29:50 - [TEST_STEP][PASSED] - click(findTestObject("HeaderMenus/contentmeu")): Object: 'Object Repository/HeaderMenus/contentmeu' is clicked on

2020-03-13 11:29:52 - [MESSAGE][PASSED] - Object: 'Object Repository/HeaderMenus/contentmeu' is clicked on

2020-03-13 11:29:52 - [TEST_STEP][PASSED] - click(findTestObject("CONTENT/Image_Listing/div_Images")): Object: 'Object Repository/CONTENT/Image_Listing/div_Images' is clicked on

2020-03-13 11:29:55 - [MESSAGE][PASSED] - Object: 'Object Repository/CONTENT/Image_Listing/div_Images' is clicked on

2020-03-13 11:29:55 - [TEST_STEP][PASSED] - click(findTestObject("CONTENT/Image_Listing/column_name_image")): Object: 'Object Repository/CONTENT/Image_Listing/column_name_image' is clicked on

2020-03-13 11:29:55 - [MESSAGE][PASSED] - Object: 'Object Repository/CONTENT/Image_Listing/column_name_image' is clicked on

2020-03-13 11:29:55 - [TEST_STEP][PASSED] - delay(3): Delayed 3 second(s)

2020-03-13 11:29:58 - [MESSAGE][PASSED] - Delayed 3 second(s)

2020-03-13 11:29:58 - [TEST_STEP][PASSED] - dataSourceTextValuesWithDesc = new java.util.ArrayList(): null

2020-03-13 11:29:58 - [TEST_STEP][PASSED] - pageValueCount1 = 0: null

2020-03-13 11:29:58 - [TEST_STEP][PASSED] - if (!(totalOfPaginationCount.equalsIgnoreCase("Showing 0 of 0 Images"))): Timeout '0' is invalid. Using default page load timeout: '230'

2020-03-13 11:29:58 - [TEST_STEP][PASSED] - elements1 = findWebElements(findTestObject("CONTENT/Image_Listing/colum1_Image_Name_values"), 0): Timeout '0' is invalid. Using default page load timeout: '230'

2020-03-13 11:29:59 - [MESSAGE][WARNING] - Timeout '0' is invalid. Using default page load timeout: '230'

2020-03-13 11:29:59 - [TEST_STEP][PASSED] - if (total > 10): Timeout '0' is invalid. Using default page load timeout: '230'

2020-03-13 11:29:59 - [TEST_STEP][PASSED] - while (total != pageValueCount1): Timeout '0' is invalid. Using default page load timeout: '230'

2020-03-13 11:29:59 - [TEST_STEP][PASSED] - for (org.openqa.selenium.WebElement ele1 : elements1): null

2020-03-13 11:29:59 - [TEST_STEP][PASSED] - dataSourceTextValuesWithDesc.add(getText().toLowerCase()): null

2020-03-13 11:29:59 - [TEST_STEP][PASSED] - dataSourceTextValuesWithDesc.add(getText().toLowerCase()): null

2020-03-13 11:29:59 - [TEST_STEP][PASSED] - dataSourceTextValuesWithDesc.add(getText().toLowerCase()): null

2020-03-13 11:29:59 - [TEST_STEP][PASSED] - dataSourceTextValuesWithDesc.add(getText().toLowerCase()): null

2020-03-13 11:29:59 - [TEST_STEP][PASSED] - dataSourceTextValuesWithDesc.add(getText().toLowerCase()): null

2020-03-13 11:30:00 - [TEST_STEP][PASSED] - dataSourceTextValuesWithDesc.add(getText().toLowerCase()): null

2020-03-13 11:30:00 - [TEST_STEP][PASSED] - dataSourceTextValuesWithDesc.add(getText().toLowerCase()): null

2020-03-13 11:30:00 - [TEST_STEP][PASSED] - dataSourceTextValuesWithDesc.add(getText().toLowerCase()): null

2020-03-13 11:30:00 - [TEST_STEP][PASSED] - dataSourceTextValuesWithDesc.add(getText().toLowerCase()): null

2020-03-13 11:30:00 - [TEST_STEP][PASSED] - dataSourceTextValuesWithDesc.add(getText().toLowerCase()): null

2020-03-13 11:30:00 - [TEST_STEP][PASSED] - pageValueCount1 += elements1.size(): null

2020-03-13 11:30:00 - [TEST_STEP][PASSED] - click(findTestObject("AUDIENCE/Data Source/next")): Object: 'Object Repository/AUDIENCE/Data Source/next' is clicked on

2020-03-13 11:30:01 - [MESSAGE][PASSED] - Object: 'Object Repository/AUDIENCE/Data Source/next' is clicked on

2020-03-13 11:30:01 - [TEST_STEP][PASSED] - elements1 = findWebElements(findTestObject("CONTENT/Image_Listing/colum1_Image_Name_values"), 0): Timeout '0' is invalid. Using default page load timeout: '230'

2020-03-13 11:30:01 - [MESSAGE][WARNING] - Timeout '0' is invalid. Using default page load timeout: '230'

2020-03-13 11:30:02 - [TEST_STEP][PASSED] - for (org.openqa.selenium.WebElement ele1 : elements1): null

2020-03-13 11:30:02 - [TEST_STEP][PASSED] - dataSourceTextValuesWithDesc.add(getText().toLowerCase()): null

2020-03-13 11:30:02 - [TEST_STEP][PASSED] - dataSourceTextValuesWithDesc.add(getText().toLowerCase()): null

2020-03-13 11:30:02 - [TEST_STEP][PASSED] - dataSourceTextValuesWithDesc.add(getText().toLowerCase()): null

2020-03-13 11:30:02 - [TEST_STEP][PASSED] - dataSourceTextValuesWithDesc.add(getText().toLowerCase()): null

2020-03-13 11:30:02 - [TEST_STEP][PASSED] - dataSourceTextValuesWithDesc.add(getText().toLowerCase()): null

2020-03-13 11:30:02 - [TEST_STEP][PASSED] - dataSourceTextValuesWithDesc.add(getText().toLowerCase()): null

2020-03-13 11:30:02 - [TEST_STEP][PASSED] - dataSourceTextValuesWithDesc.add(getText().toLowerCase()): null

2020-03-13 11:30:02 - [TEST_STEP][PASSED] - dataSourceTextValuesWithDesc.add(getText().toLowerCase()): null

2020-03-13 11:30:03 - [TEST_STEP][PASSED] - dataSourceTextValuesWithDesc.add(getText().toLowerCase()): null

2020-03-13 11:30:03 - [TEST_STEP][PASSED] - dataSourceTextValuesWithDesc.add(getText().toLowerCase()): null

2020-03-13 11:30:03 - [TEST_STEP][PASSED] - pageValueCount1 += elements1.size(): null

2020-03-13 11:30:03 - [TEST_STEP][PASSED] - click(findTestObject("AUDIENCE/Data Source/next")): Object: 'Object Repository/AUDIENCE/Data Source/next' is clicked on

2020-03-13 11:30:04 - [MESSAGE][PASSED] - Object: 'Object Repository/AUDIENCE/Data Source/next' is clicked on

2020-03-13 11:30:04 - [TEST_STEP][PASSED] - elements1 = findWebElements(findTestObject("CONTENT/Image_Listing/colum1_Image_Name_values"), 0): Timeout '0' is invalid. Using default page load timeout: '230'

2020-03-13 11:30:04 - [MESSAGE][WARNING] - Timeout '0' is invalid. Using default page load timeout: '230'

2020-03-13 11:30:05 - [TEST_STEP][PASSED] - for (org.openqa.selenium.WebElement ele1 : elements1): null

2020-03-13 11:30:05 - [TEST_STEP][PASSED] - dataSourceTextValuesWithDesc.add(getText().toLowerCase()): null

2020-03-13 11:30:05 - [TEST_STEP][PASSED] - dataSourceTextValuesWithDesc.add(getText().toLowerCase()): null

2020-03-13 11:30:05 - [TEST_STEP][PASSED] - dataSourceTextValuesWithDesc.add(getText().toLowerCase()): null

2020-03-13 11:30:05 - [TEST_STEP][PASSED] - dataSourceTextValuesWithDesc.add(getText().toLowerCase()): null

2020-03-13 11:30:05 - [TEST_STEP][PASSED] - dataSourceTextValuesWithDesc.add(getText().toLowerCase()): null

2020-03-13 11:30:05 - [TEST_STEP][PASSED] - dataSourceTextValuesWithDesc.add(getText().toLowerCase()): null

2020-03-13 11:30:05 - [TEST_STEP][PASSED] - dataSourceTextValuesWithDesc.add(getText().toLowerCase()): null

2020-03-13 11:30:05 - [TEST_STEP][PASSED] - dataSourceTextValuesWithDesc.add(getText().toLowerCase()): null

2020-03-13 11:30:05 - [TEST_STEP][PASSED] - dataSourceTextValuesWithDesc.add(getText().toLowerCase()): null

2020-03-13 11:30:05 - [TEST_STEP][PASSED] - dataSourceTextValuesWithDesc.add(getText().toLowerCase()): null

2020-03-13 11:30:05 - [TEST_STEP][PASSED] - pageValueCount1 += elements1.size(): null

2020-03-13 11:30:05 - [TEST_STEP][PASSED] - click(findTestObject("AUDIENCE/Data Source/next")): Object: 'Object Repository/AUDIENCE/Data Source/next' is clicked on

2020-03-13 11:30:06 - [MESSAGE][PASSED] - Object: 'Object Repository/AUDIENCE/Data Source/next' is clicked on

2020-03-13 11:30:06 - [TEST_STEP][PASSED] - elements1 = findWebElements(findTestObject("CONTENT/Image_Listing/colum1_Image_Name_values"), 0): Timeout '0' is invalid. Using default page load timeout: '230'

2020-03-13 11:30:06 - [MESSAGE][WARNING] - Timeout '0' is invalid. Using default page load timeout: '230'

2020-03-13 11:30:07 - [TEST_STEP][PASSED] - for (org.openqa.selenium.WebElement ele1 : elements1): null

2020-03-13 11:30:07 - [TEST_STEP][PASSED] - dataSourceTextValuesWithDesc.add(getText().toLowerCase()): null

2020-03-13 11:30:07 - [TEST_STEP][PASSED] - dataSourceTextValuesWithDesc.add(getText().toLowerCase()): null

2020-03-13 11:30:07 - [TEST_STEP][PASSED] - dataSourceTextValuesWithDesc.add(getText().toLowerCase()): null

2020-03-13 11:30:07 - [TEST_STEP][PASSED] - dataSourceTextValuesWithDesc.add(getText().toLowerCase()): null

2020-03-13 11:30:07 - [TEST_STEP][PASSED] - dataSourceTextValuesWithDesc.add(getText().toLowerCase()): null

2020-03-13 11:30:07 - [TEST_STEP][PASSED] - dataSourceTextValuesWithDesc.add(getText().toLowerCase()): null

2020-03-13 11:30:07 - [TEST_STEP][PASSED] - dataSourceTextValuesWithDesc.add(getText().toLowerCase()): null

2020-03-13 11:30:07 - [TEST_STEP][PASSED] - dataSourceTextValuesWithDesc.add(getText().toLowerCase()): null

2020-03-13 11:30:07 - [TEST_STEP][PASSED] - dataSourceTextValuesWithDesc.add(getText().toLowerCase()): null

2020-03-13 11:30:07 - [TEST_STEP][PASSED] - dataSourceTextValuesWithDesc.add(getText().toLowerCase()): null

2020-03-13 11:30:07 - [TEST_STEP][PASSED] - pageValueCount1 += elements1.size(): null

2020-03-13 11:30:07 - [TEST_STEP][PASSED] - click(findTestObject("AUDIENCE/Data Source/next")): Object: 'Object Repository/AUDIENCE/Data Source/next' is clicked on

2020-03-13 11:30:08 - [MESSAGE][PASSED] - Object: 'Object Repository/AUDIENCE/Data Source/next' is clicked on

2020-03-13 11:30:08 - [TEST_STEP][PASSED] - elements1 = findWebElements(findTestObject("CONTENT/Image_Listing/colum1_Image_Name_values"), 0): Timeout '0' is invalid. Using default page load timeout: '230'

2020-03-13 11:30:08 - [MESSAGE][WARNING] - Timeout '0' is invalid. Using default page load timeout: '230'

2020-03-13 11:30:09 - [TEST_STEP][PASSED] - for (org.openqa.selenium.WebElement ele1 : elements1): null

2020-03-13 11:30:09 - [TEST_STEP][PASSED] - dataSourceTextValuesWithDesc.add(getText().toLowerCase()): null

2020-03-13 11:30:09 - [TEST_STEP][PASSED] - dataSourceTextValuesWithDesc.add(getText().toLowerCase()): null

2020-03-13 11:30:09 - [TEST_STEP][PASSED] - dataSourceTextValuesWithDesc.add(getText().toLowerCase()): null

2020-03-13 11:30:09 - [TEST_STEP][PASSED] - dataSourceTextValuesWithDesc.add(getText().toLowerCase()): null

2020-03-13 11:30:09 - [TEST_STEP][PASSED] - dataSourceTextValuesWithDesc.add(getText().toLowerCase()): null

2020-03-13 11:30:09 - [TEST_STEP][PASSED] - dataSourceTextValuesWithDesc.add(getText().toLowerCase()): null

2020-03-13 11:30:09 - [TEST_STEP][PASSED] - dataSourceTextValuesWithDesc.add(getText().toLowerCase()): null

2020-03-13 11:30:09 - [TEST_STEP][PASSED] - dataSourceTextValuesWithDesc.add(getText().toLowerCase()): null

2020-03-13 11:30:09 - [TEST_STEP][PASSED] - dataSourceTextValuesWithDesc.add(getText().toLowerCase()): null

2020-03-13 11:30:09 - [TEST_STEP][PASSED] - dataSourceTextValuesWithDesc.add(getText().toLowerCase()): null

2020-03-13 11:30:09 - [TEST_STEP][PASSED] - pageValueCount1 += elements1.size(): null

2020-03-13 11:30:09 - [TEST_STEP][PASSED] - click(findTestObject("AUDIENCE/Data Source/next")): Object: 'Object Repository/AUDIENCE/Data Source/next' is clicked on

2020-03-13 11:30:10 - [MESSAGE][PASSED] - Object: 'Object Repository/AUDIENCE/Data Source/next' is clicked on

2020-03-13 11:30:10 - [TEST_STEP][PASSED] - elements1 = findWebElements(findTestObject("CONTENT/Image_Listing/colum1_Image_Name_values"), 0): Timeout '0' is invalid. Using default page load timeout: '230'

2020-03-13 11:30:10 - [MESSAGE][WARNING] - Timeout '0' is invalid. Using default page load timeout: '230'

2020-03-13 11:30:11 - [TEST_STEP][PASSED] - for (org.openqa.selenium.WebElement ele1 : elements1): null

2020-03-13 11:30:11 - [TEST_STEP][PASSED] - dataSourceTextValuesWithDesc.add(getText().toLowerCase()): null

2020-03-13 11:30:11 - [TEST_STEP][PASSED] - dataSourceTextValuesWithDesc.add(getText().toLowerCase()): null

2020-03-13 11:30:11 - [TEST_STEP][PASSED] - dataSourceTextValuesWithDesc.add(getText().toLowerCase()): null

2020-03-13 11:30:11 - [TEST_STEP][PASSED] - dataSourceTextValuesWithDesc.add(getText().toLowerCase()): null

2020-03-13 11:30:11 - [TEST_STEP][PASSED] - dataSourceTextValuesWithDesc.add(getText().toLowerCase()): null

2020-03-13 11:30:11 - [TEST_STEP][PASSED] - dataSourceTextValuesWithDesc.add(getText().toLowerCase()): null

2020-03-13 11:30:11 - [TEST_STEP][PASSED] - dataSourceTextValuesWithDesc.add(getText().toLowerCase()): null

2020-03-13 11:30:11 - [TEST_STEP][PASSED] - dataSourceTextValuesWithDesc.add(getText().toLowerCase()): null

2020-03-13 11:30:11 - [TEST_STEP][PASSED] - dataSourceTextValuesWithDesc.add(getText().toLowerCase()): null

2020-03-13 11:30:11 - [TEST_STEP][PASSED] - dataSourceTextValuesWithDesc.add(getText().toLowerCase()): null

2020-03-13 11:30:11 - [TEST_STEP][PASSED] - pageValueCount1 += elements1.size(): null

2020-03-13 11:30:11 - [TEST_STEP][PASSED] - click(findTestObject("AUDIENCE/Data Source/next")): Object: 'Object Repository/AUDIENCE/Data Source/next' is clicked on

2020-03-13 11:30:11 - [MESSAGE][PASSED] - Object: 'Object Repository/AUDIENCE/Data Source/next' is clicked on

2020-03-13 11:30:11 - [TEST_STEP][PASSED] - elements1 = findWebElements(findTestObject("CONTENT/Image_Listing/colum1_Image_Name_values"), 0): Timeout '0' is invalid. Using default page load timeout: '230'

2020-03-13 11:30:12 - [MESSAGE][WARNING] - Timeout '0' is invalid. Using default page load timeout: '230'

2020-03-13 11:30:12 - [TEST_STEP][PASSED] - for (org.openqa.selenium.WebElement ele1 : elements1): null

2020-03-13 11:30:12 - [TEST_STEP][PASSED] - dataSourceTextValuesWithDesc.add(getText().toLowerCase()): null

2020-03-13 11:30:12 - [TEST_STEP][PASSED] - dataSourceTextValuesWithDesc.add(getText().toLowerCase()): null

2020-03-13 11:30:12 - [TEST_STEP][PASSED] - dataSourceTextValuesWithDesc.add(getText().toLowerCase()): null

2020-03-13 11:30:12 - [TEST_STEP][PASSED] - dataSourceTextValuesWithDesc.add(getText().toLowerCase()): null

2020-03-13 11:30:12 - [TEST_STEP][PASSED] - dataSourceTextValuesWithDesc.add(getText().toLowerCase()): null

2020-03-13 11:30:13 - [TEST_STEP][PASSED] - dataSourceTextValuesWithDesc.add(getText().toLowerCase()): null

2020-03-13 11:30:13 - [TEST_STEP][PASSED] - dataSourceTextValuesWithDesc.add(getText().toLowerCase()): null

2020-03-13 11:30:13 - [TEST_STEP][PASSED] - dataSourceTextValuesWithDesc.add(getText().toLowerCase()): null

2020-03-13 11:30:13 - [TEST_STEP][PASSED] - dataSourceTextValuesWithDesc.add(getText().toLowerCase()): null

2020-03-13 11:30:13 - [TEST_STEP][PASSED] - dataSourceTextValuesWithDesc.add(getText().toLowerCase()): null

2020-03-13 11:30:13 - [TEST_STEP][PASSED] - pageValueCount1 += elements1.size(): null

2020-03-13 11:30:13 - [TEST_STEP][PASSED] - click(findTestObject("AUDIENCE/Data Source/next")): Object: 'Object Repository/AUDIENCE/Data Source/next' is clicked on

2020-03-13 11:30:13 - [MESSAGE][PASSED] - Object: 'Object Repository/AUDIENCE/Data Source/next' is clicked on

2020-03-13 11:30:13 - [TEST_STEP][PASSED] - elements1 = findWebElements(findTestObject("CONTENT/Image_Listing/colum1_Image_Name_values"), 0): Timeout '0' is invalid. Using default page load timeout: '230'

2020-03-13 11:30:13 - [MESSAGE][WARNING] - Timeout '0' is invalid. Using default page load timeout: '230'

2020-03-13 11:30:14 - [TEST_STEP][PASSED] - for (org.openqa.selenium.WebElement ele1 : elements1): null

2020-03-13 11:30:14 - [TEST_STEP][PASSED] - dataSourceTextValuesWithDesc.add(getText().toLowerCase()): null

2020-03-13 11:30:14 - [TEST_STEP][PASSED] - dataSourceTextValuesWithDesc.add(getText().toLowerCase()): null

2020-03-13 11:30:14 - [TEST_STEP][PASSED] - dataSourceTextValuesWithDesc.add(getText().toLowerCase()): null

2020-03-13 11:30:14 - [TEST_STEP][PASSED] - dataSourceTextValuesWithDesc.add(getText().toLowerCase()): null

2020-03-13 11:30:14 - [TEST_STEP][PASSED] - dataSourceTextValuesWithDesc.add(getText().toLowerCase()): null

2020-03-13 11:30:14 - [TEST_STEP][PASSED] - dataSourceTextValuesWithDesc.add(getText().toLowerCase()): null

2020-03-13 11:30:14 - [TEST_STEP][PASSED] - dataSourceTextValuesWithDesc.add(getText().toLowerCase()): null

2020-03-13 11:30:14 - [TEST_STEP][PASSED] - dataSourceTextValuesWithDesc.add(getText().toLowerCase()): null

2020-03-13 11:30:14 - [TEST_STEP][PASSED] - dataSourceTextValuesWithDesc.add(getText().toLowerCase()): null

2020-03-13 11:30:14 - [TEST_STEP][PASSED] - dataSourceTextValuesWithDesc.add(getText().toLowerCase()): null

2020-03-13 11:30:14 - [TEST_STEP][PASSED] - pageValueCount1 += elements1.size(): null

2020-03-13 11:30:14 - [TEST_STEP][PASSED] - click(findTestObject("AUDIENCE/Data Source/next")): Object: 'Object Repository/AUDIENCE/Data Source/next' is clicked on

2020-03-13 11:30:15 - [MESSAGE][PASSED] - Object: 'Object Repository/AUDIENCE/Data Source/next' is clicked on

2020-03-13 11:30:15 - [TEST_STEP][PASSED] - elements1 = findWebElements(findTestObject("CONTENT/Image_Listing/colum1_Image_Name_values"), 0): Timeout '0' is invalid. Using default page load timeout: '230'

2020-03-13 11:30:15 - [MESSAGE][WARNING] - Timeout '0' is invalid. Using default page load timeout: '230'

2020-03-13 11:30:16 - [TEST_STEP][PASSED] - for (org.openqa.selenium.WebElement ele1 : elements1): null

2020-03-13 11:30:16 - [TEST_STEP][PASSED] - dataSourceTextValuesWithDesc.add(getText().toLowerCase()): null

2020-03-13 11:30:16 - [TEST_STEP][PASSED] - dataSourceTextValuesWithDesc.add(getText().toLowerCase()): null

2020-03-13 11:30:16 - [TEST_STEP][PASSED] - dataSourceTextValuesWithDesc.add(getText().toLowerCase()): null

2020-03-13 11:30:16 - [TEST_STEP][PASSED] - dataSourceTextValuesWithDesc.add(getText().toLowerCase()): null

2020-03-13 11:30:16 - [TEST_STEP][PASSED] - dataSourceTextValuesWithDesc.add(getText().toLowerCase()): null

2020-03-13 11:30:16 - [TEST_STEP][PASSED] - dataSourceTextValuesWithDesc.add(getText().toLowerCase()): null

2020-03-13 11:30:16 - [TEST_STEP][PASSED] - dataSourceTextValuesWithDesc.add(getText().toLowerCase()): null

2020-03-13 11:30:16 - [TEST_STEP][PASSED] - dataSourceTextValuesWithDesc.add(getText().toLowerCase()): null

2020-03-13 11:30:17 - [TEST_STEP][PASSED] - dataSourceTextValuesWithDesc.add(getText().toLowerCase()): null

2020-03-13 11:30:17 - [TEST_STEP][PASSED] - dataSourceTextValuesWithDesc.add(getText().toLowerCase()): null

2020-03-13 11:30:17 - [TEST_STEP][PASSED] - pageValueCount1 += elements1.size(): null

2020-03-13 11:30:17 - [TEST_STEP][PASSED] - click(findTestObject("AUDIENCE/Data Source/next")): Object: 'Object Repository/AUDIENCE/Data Source/next' is clicked on

2020-03-13 11:30:17 - [MESSAGE][PASSED] - Object: 'Object Repository/AUDIENCE/Data Source/next' is clicked on

2020-03-13 11:30:17 - [TEST_STEP][PASSED] - elements1 = findWebElements(findTestObject("CONTENT/Image_Listing/colum1_Image_Name_values"), 0): Timeout '0' is invalid. Using default page load timeout: '230'

2020-03-13 11:30:17 - [MESSAGE][WARNING] - Timeout '0' is invalid. Using default page load timeout: '230'

2020-03-13 11:30:18 - [TEST_STEP][PASSED] - for (org.openqa.selenium.WebElement ele1 : elements1): null

2020-03-13 11:30:18 - [TEST_STEP][PASSED] - dataSourceTextValuesWithDesc.add(getText().toLowerCase()): null

2020-03-13 11:30:18 - [TEST_STEP][PASSED] - dataSourceTextValuesWithDesc.add(getText().toLowerCase()): null

2020-03-13 11:30:18 - [TEST_STEP][PASSED] - dataSourceTextValuesWithDesc.add(getText().toLowerCase()): null

2020-03-13 11:30:18 - [TEST_STEP][PASSED] - dataSourceTextValuesWithDesc.add(getText().toLowerCase()): null

2020-03-13 11:30:18 - [TEST_STEP][PASSED] - dataSourceTextValuesWithDesc.add(getText().toLowerCase()): null

2020-03-13 11:30:18 - [TEST_STEP][PASSED] - dataSourceTextValuesWithDesc.add(getText().toLowerCase()): null

2020-03-13 11:30:18 - [TEST_STEP][PASSED] - dataSourceTextValuesWithDesc.add(getText().toLowerCase()): null

2020-03-13 11:30:19 - [TEST_STEP][PASSED] - dataSourceTextValuesWithDesc.add(getText().toLowerCase()): null

2020-03-13 11:30:19 - [TEST_STEP][PASSED] - dataSourceTextValuesWithDesc.add(getText().toLowerCase()): null

2020-03-13 11:30:19 - [TEST_STEP][PASSED] - dataSourceTextValuesWithDesc.add(getText().toLowerCase()): null

2020-03-13 11:30:19 - [TEST_STEP][PASSED] - pageValueCount1 += elements1.size(): null

2020-03-13 11:30:19 - [TEST_STEP][PASSED] - click(findTestObject("AUDIENCE/Data Source/next")): Object: 'Object Repository/AUDIENCE/Data Source/next' is clicked on

2020-03-13 11:30:19 - [MESSAGE][PASSED] - Object: 'Object Repository/AUDIENCE/Data Source/next' is clicked on

2020-03-13 11:30:19 - [TEST_STEP][PASSED] - elements1 = findWebElements(findTestObject("CONTENT/Image_Listing/colum1_Image_Name_values"), 0): Timeout '0' is invalid. Using default page load timeout: '230'

2020-03-13 11:30:19 - [MESSAGE][WARNING] - Timeout '0' is invalid. Using default page load timeout: '230'

2020-03-13 11:30:20 - [TEST_STEP][PASSED] - for (org.openqa.selenium.WebElement ele1 : elements1): null

2020-03-13 11:30:20 - [TEST_STEP][PASSED] - dataSourceTextValuesWithDesc.add(getText().toLowerCase()): null

2020-03-13 11:30:20 - [TEST_STEP][PASSED] - dataSourceTextValuesWithDesc.add(getText().toLowerCase()): null

2020-03-13 11:30:21 - [TEST_STEP][PASSED] - dataSourceTextValuesWithDesc.add(getText().toLowerCase()): null

2020-03-13 11:30:21 - [TEST_STEP][PASSED] - dataSourceTextValuesWithDesc.add(getText().toLowerCase()): null

2020-03-13 11:30:21 - [TEST_STEP][PASSED] - dataSourceTextValuesWithDesc.add(getText().toLowerCase()): null

2020-03-13 11:30:21 - [TEST_STEP][PASSED] - dataSourceTextValuesWithDesc.add(getText().toLowerCase()): null

2020-03-13 11:30:21 - [TEST_STEP][PASSED] - dataSourceTextValuesWithDesc.add(getText().toLowerCase()): null

2020-03-13 11:30:21 - [TEST_STEP][PASSED] - dataSourceTextValuesWithDesc.add(getText().toLowerCase()): null

2020-03-13 11:30:21 - [TEST_STEP][PASSED] - dataSourceTextValuesWithDesc.add(getText().toLowerCase()): null

2020-03-13 11:30:21 - [TEST_STEP][PASSED] - dataSourceTextValuesWithDesc.add(getText().toLowerCase()): null

2020-03-13 11:30:21 - [TEST_STEP][PASSED] - pageValueCount1 += elements1.size(): null

2020-03-13 11:30:21 - [TEST_STEP][PASSED] - click(findTestObject("AUDIENCE/Data Source/next")): Object: 'Object Repository/AUDIENCE/Data Source/next' is clicked on

2020-03-13 11:30:22 - [MESSAGE][PASSED] - Object: 'Object Repository/AUDIENCE/Data Source/next' is clicked on

2020-03-13 11:30:22 - [TEST_STEP][PASSED] - elements1 = findWebElements(findTestObject("CONTENT/Image_Listing/colum1_Image_Name_values"), 0): Timeout '0' is invalid. Using default page load timeout: '230'

2020-03-13 11:30:22 - [MESSAGE][WARNING] - Timeout '0' is invalid. Using default page load timeout: '230'

2020-03-13 11:30:23 - [TEST_STEP][PASSED] - for (org.openqa.selenium.WebElement ele1 : elements1): null

2020-03-13 11:30:23 - [TEST_STEP][PASSED] - dataSourceTextValuesWithDesc.add(getText().toLowerCase()): null

2020-03-13 11:30:23 - [TEST_STEP][PASSED] - dataSourceTextValuesWithDesc.add(getText().toLowerCase()): null

2020-03-13 11:30:23 - [TEST_STEP][PASSED] - dataSourceTextValuesWithDesc.add(getText().toLowerCase()): null

2020-03-13 11:30:23 - [TEST_STEP][PASSED] - dataSourceTextValuesWithDesc.add(getText().toLowerCase()): null

2020-03-13 11:30:23 - [TEST_STEP][PASSED] - dataSourceTextValuesWithDesc.add(getText().toLowerCase()): null

2020-03-13 11:30:23 - [TEST_STEP][PASSED] - dataSourceTextValuesWithDesc.add(getText().toLowerCase()): null

2020-03-13 11:30:23 - [TEST_STEP][PASSED] - dataSourceTextValuesWithDesc.add(getText().toLowerCase()): null

2020-03-13 11:30:23 - [TEST_STEP][PASSED] - dataSourceTextValuesWithDesc.add(getText().toLowerCase()): null

2020-03-13 11:30:23 - [TEST_STEP][PASSED] - dataSourceTextValuesWithDesc.add(getText().toLowerCase()): null

2020-03-13 11:30:23 - [TEST_STEP][PASSED] - dataSourceTextValuesWithDesc.add(getText().toLowerCase()): null

2020-03-13 11:30:23 - [TEST_STEP][PASSED] - pageValueCount1 += elements1.size(): null

2020-03-13 11:30:23 - [TEST_STEP][PASSED] - click(findTestObject("AUDIENCE/Data Source/next")): Object: 'Object Repository/AUDIENCE/Data Source/next' is clicked on

2020-03-13 11:30:24 - [MESSAGE][PASSED] - Object: 'Object Repository/AUDIENCE/Data Source/next' is clicked on

2020-03-13 11:30:24 - [TEST_STEP][PASSED] - elements1 = findWebElements(findTestObject("CONTENT/Image_Listing/colum1_Image_Name_values"), 0): Timeout '0' is invalid. Using default page load timeout: '230'

2020-03-13 11:30:24 - [MESSAGE][WARNING] - Timeout '0' is invalid. Using default page load timeout: '230'

2020-03-13 11:30:25 - [TEST_STEP][PASSED] - for (org.openqa.selenium.WebElement ele1 : elements1): null

2020-03-13 11:30:25 - [TEST_STEP][PASSED] - dataSourceTextValuesWithDesc.add(getText().toLowerCase()): null

2020-03-13 11:30:25 - [TEST_STEP][PASSED] - dataSourceTextValuesWithDesc.add(getText().toLowerCase()): null

2020-03-13 11:30:25 - [TEST_STEP][PASSED] - dataSourceTextValuesWithDesc.add(getText().toLowerCase()): null

2020-03-13 11:30:25 - [TEST_STEP][PASSED] - dataSourceTextValuesWithDesc.add(getText().toLowerCase()): null

2020-03-13 11:30:25 - [TEST_STEP][PASSED] - dataSourceTextValuesWithDesc.add(getText().toLowerCase()): null

2020-03-13 11:30:25 - [TEST_STEP][PASSED] - dataSourceTextValuesWithDesc.add(getText().toLowerCase()): null

2020-03-13 11:30:25 - [TEST_STEP][PASSED] - dataSourceTextValuesWithDesc.add(getText().toLowerCase()): null

2020-03-13 11:30:25 - [TEST_STEP][PASSED] - dataSourceTextValuesWithDesc.add(getText().toLowerCase()): null

2020-03-13 11:30:25 - [TEST_STEP][PASSED] - dataSourceTextValuesWithDesc.add(getText().toLowerCase()): null

2020-03-13 11:30:25 - [TEST_STEP][PASSED] - dataSourceTextValuesWithDesc.add(getText().toLowerCase()): null

2020-03-13 11:30:25 - [TEST_STEP][PASSED] - pageValueCount1 += elements1.size(): null

2020-03-13 11:30:25 - [TEST_STEP][PASSED] - click(findTestObject("AUDIENCE/Data Source/next")): Object: 'Object Repository/AUDIENCE/Data Source/next' is clicked on

2020-03-13 11:30:25 - [MESSAGE][PASSED] - Object: 'Object Repository/AUDIENCE/Data Source/next' is clicked on

2020-03-13 11:30:25 - [TEST_STEP][PASSED] - elements1 = findWebElements(findTestObject("CONTENT/Image_Listing/colum1_Image_Name_values"), 0): Timeout '0' is invalid. Using default page load timeout: '230'

2020-03-13 11:30:26 - [MESSAGE][WARNING] - Timeout '0' is invalid. Using default page load timeout: '230'

2020-03-13 11:30:26 - [TEST_STEP][PASSED] - for (org.openqa.selenium.WebElement ele1 : elements1): null

2020-03-13 11:30:26 - [TEST_STEP][PASSED] - dataSourceTextValuesWithDesc.add(getText().toLowerCase()): null

2020-03-13 11:30:26 - [TEST_STEP][PASSED] - dataSourceTextValuesWithDesc.add(getText().toLowerCase()): null

2020-03-13 11:30:26 - [TEST_STEP][PASSED] - dataSourceTextValuesWithDesc.add(getText().toLowerCase()): null

2020-03-13 11:30:26 - [TEST_STEP][PASSED] - dataSourceTextValuesWithDesc.add(getText().toLowerCase()): null

2020-03-13 11:30:26 - [TEST_STEP][PASSED] - dataSourceTextValuesWithDesc.add(getText().toLowerCase()): null

2020-03-13 11:30:27 - [TEST_STEP][PASSED] - dataSourceTextValuesWithDesc.add(getText().toLowerCase()): null

2020-03-13 11:30:27 - [TEST_STEP][PASSED] - dataSourceTextValuesWithDesc.add(getText().toLowerCase()): null

2020-03-13 11:30:27 - [TEST_STEP][PASSED] - dataSourceTextValuesWithDesc.add(getText().toLowerCase()): null

2020-03-13 11:30:27 - [TEST_STEP][PASSED] - dataSourceTextValuesWithDesc.add(getText().toLowerCase()): null

2020-03-13 11:30:27 - [TEST_STEP][PASSED] - dataSourceTextValuesWithDesc.add(getText().toLowerCase()): null

2020-03-13 11:30:27 - [TEST_STEP][PASSED] - pageValueCount1 += elements1.size(): null

2020-03-13 11:30:27 - [TEST_STEP][PASSED] - click(findTestObject("AUDIENCE/Data Source/next")): Object: 'Object Repository/AUDIENCE/Data Source/next' is clicked on

2020-03-13 11:30:28 - [MESSAGE][PASSED] - Object: 'Object Repository/AUDIENCE/Data Source/next' is clicked on

2020-03-13 11:30:28 - [TEST_STEP][PASSED] - elements1 = findWebElements(findTestObject("CONTENT/Image_Listing/colum1_Image_Name_values"), 0): Timeout '0' is invalid. Using default page load timeout: '230'

2020-03-13 11:30:28 - [MESSAGE][WARNING] - Timeout '0' is invalid. Using default page load timeout: '230'

2020-03-13 11:30:29 - [TEST_STEP][PASSED] - for (org.openqa.selenium.WebElement ele1 : elements1): null

2020-03-13 11:30:29 - [TEST_STEP][PASSED] - dataSourceTextValuesWithDesc.add(getText().toLowerCase()): null

2020-03-13 11:30:29 - [TEST_STEP][PASSED] - dataSourceTextValuesWithDesc.add(getText().toLowerCase()): null

2020-03-13 11:30:29 - [TEST_STEP][PASSED] - dataSourceTextValuesWithDesc.add(getText().toLowerCase()): null

2020-03-13 11:30:29 - [TEST_STEP][PASSED] - dataSourceTextValuesWithDesc.add(getText().toLowerCase()): null

2020-03-13 11:30:29 - [TEST_STEP][PASSED] - dataSourceTextValuesWithDesc.add(getText().toLowerCase()): null

2020-03-13 11:30:29 - [TEST_STEP][PASSED] - dataSourceTextValuesWithDesc.add(getText().toLowerCase()): null

2020-03-13 11:30:29 - [TEST_STEP][PASSED] - dataSourceTextValuesWithDesc.add(getText().toLowerCase()): null

2020-03-13 11:30:29 - [TEST_STEP][PASSED] - dataSourceTextValuesWithDesc.add(getText().toLowerCase()): null

2020-03-13 11:30:30 - [TEST_STEP][PASSED] - dataSourceTextValuesWithDesc.add(getText().toLowerCase()): null

2020-03-13 11:30:30 - [TEST_STEP][PASSED] - dataSourceTextValuesWithDesc.add(getText().toLowerCase()): null

2020-03-13 11:30:30 - [TEST_STEP][PASSED] - pageValueCount1 += elements1.size(): null

2020-03-13 11:30:30 - [TEST_STEP][PASSED] - click(findTestObject("AUDIENCE/Data Source/next")): Object: 'Object Repository/AUDIENCE/Data Source/next' is clicked on

2020-03-13 11:30:30 - [MESSAGE][PASSED] - Object: 'Object Repository/AUDIENCE/Data Source/next' is clicked on

2020-03-13 11:30:30 - [TEST_STEP][PASSED] - elements1 = findWebElements(findTestObject("CONTENT/Image_Listing/colum1_Image_Name_values"), 0): Timeout '0' is invalid. Using default page load timeout: '230'

2020-03-13 11:30:31 - [MESSAGE][WARNING] - Timeout '0' is invalid. Using default page load timeout: '230'

2020-03-13 11:30:31 - [TEST_STEP][PASSED] - for (org.openqa.selenium.WebElement ele1 : elements1): null

2020-03-13 11:30:31 - [TEST_STEP][PASSED] - dataSourceTextValuesWithDesc.add(getText().toLowerCase()): null

2020-03-13 11:30:31 - [TEST_STEP][PASSED] - dataSourceTextValuesWithDesc.add(getText().toLowerCase()): null

2020-03-13 11:30:31 - [TEST_STEP][PASSED] - dataSourceTextValuesWithDesc.add(getText().toLowerCase()): null

2020-03-13 11:30:31 - [TEST_STEP][PASSED] - dataSourceTextValuesWithDesc.add(getText().toLowerCase()): null

2020-03-13 11:30:31 - [TEST_STEP][PASSED] - dataSourceTextValuesWithDesc.add(getText().toLowerCase()): null

2020-03-13 11:30:31 - [TEST_STEP][PASSED] - dataSourceTextValuesWithDesc.add(getText().toLowerCase()): null

2020-03-13 11:30:31 - [TEST_STEP][PASSED] - dataSourceTextValuesWithDesc.add(getText().toLowerCase()): null

2020-03-13 11:30:31 - [TEST_STEP][PASSED] - dataSourceTextValuesWithDesc.add(getText().toLowerCase()): null

2020-03-13 11:30:32 - [TEST_STEP][PASSED] - dataSourceTextValuesWithDesc.add(getText().toLowerCase()): null

2020-03-13 11:30:32 - [TEST_STEP][PASSED] - dataSourceTextValuesWithDesc.add(getText().toLowerCase()): null

2020-03-13 11:30:32 - [TEST_STEP][PASSED] - pageValueCount1 += elements1.size(): null

2020-03-13 11:30:32 - [TEST_STEP][PASSED] - click(findTestObject("AUDIENCE/Data Source/next")): Object: 'Object Repository/AUDIENCE/Data Source/next' is clicked on

2020-03-13 11:30:32 - [MESSAGE][PASSED] - Object: 'Object Repository/AUDIENCE/Data Source/next' is clicked on

2020-03-13 11:30:32 - [TEST_STEP][PASSED] - elements1 = findWebElements(findTestObject("CONTENT/Image_Listing/colum1_Image_Name_values"), 0): Timeout '0' is invalid. Using default page load timeout: '230'

2020-03-13 11:30:32 - [MESSAGE][WARNING] - Timeout '0' is invalid. Using default page load timeout: '230'

2020-03-13 11:30:33 - [TEST_STEP][PASSED] - for (org.openqa.selenium.WebElement ele1 : elements1): null

2020-03-13 11:30:33 - [TEST_STEP][PASSED] - dataSourceTextValuesWithDesc.add(getText().toLowerCase()): null

2020-03-13 11:30:33 - [TEST_STEP][PASSED] - dataSourceTextValuesWithDesc.add(getText().toLowerCase()): null

2020-03-13 11:30:33 - [TEST_STEP][PASSED] - dataSourceTextValuesWithDesc.add(getText().toLowerCase()): null

2020-03-13 11:30:34 - [TEST_STEP][PASSED] - dataSourceTextValuesWithDesc.add(getText().toLowerCase()): null

2020-03-13 11:30:34 - [TEST_STEP][PASSED] - dataSourceTextValuesWithDesc.add(getText().toLowerCase()): null

2020-03-13 11:30:34 - [TEST_STEP][PASSED] - dataSourceTextValuesWithDesc.add(getText().toLowerCase()): null

2020-03-13 11:30:34 - [TEST_STEP][PASSED] - dataSourceTextValuesWithDesc.add(getText().toLowerCase()): null

2020-03-13 11:30:34 - [TEST_STEP][PASSED] - dataSourceTextValuesWithDesc.add(getText().toLowerCase()): null

2020-03-13 11:30:34 - [TEST_STEP][PASSED] - dataSourceTextValuesWithDesc.add(getText().toLowerCase()): null

2020-03-13 11:30:34 - [TEST_STEP][PASSED] - dataSourceTextValuesWithDesc.add(getText().toLowerCase()): null

2020-03-13 11:30:34 - [TEST_STEP][PASSED] - pageValueCount1 += elements1.size(): null

2020-03-13 11:30:34 - [TEST_STEP][PASSED] - click(findTestObject("AUDIENCE/Data Source/next")): Object: 'Object Repository/AUDIENCE/Data Source/next' is clicked on

2020-03-13 11:30:35 - [MESSAGE][PASSED] - Object: 'Object Repository/AUDIENCE/Data Source/next' is clicked on

2020-03-13 11:30:35 - [TEST_STEP][PASSED] - elements1 = findWebElements(findTestObject("CONTENT/Image_Listing/colum1_Image_Name_values"), 0): Timeout '0' is invalid. Using default page load timeout: '230'

2020-03-13 11:30:35 - [MESSAGE][WARNING] - Timeout '0' is invalid. Using default page load timeout: '230'

2020-03-13 11:30:36 - [TEST_STEP][PASSED] - for (org.openqa.selenium.WebElement ele1 : elements1): null

2020-03-13 11:30:36 - [TEST_STEP][PASSED] - dataSourceTextValuesWithDesc.add(getText().toLowerCase()): null

2020-03-13 11:30:36 - [TEST_STEP][PASSED] - dataSourceTextValuesWithDesc.add(getText().toLowerCase()): null

2020-03-13 11:30:36 - [TEST_STEP][PASSED] - dataSourceTextValuesWithDesc.add(getText().toLowerCase()): null

2020-03-13 11:30:36 - [TEST_STEP][PASSED] - dataSourceTextValuesWithDesc.add(getText().toLowerCase()): null

2020-03-13 11:30:36 - [TEST_STEP][PASSED] - dataSourceTextValuesWithDesc.add(getText().toLowerCase()): null

2020-03-13 11:30:36 - [TEST_STEP][PASSED] - dataSourceTextValuesWithDesc.add(getText().toLowerCase()): null

2020-03-13 11:30:36 - [TEST_STEP][PASSED] - dataSourceTextValuesWithDesc.add(getText().toLowerCase()): null

2020-03-13 11:30:36 - [TEST_STEP][PASSED] - dataSourceTextValuesWithDesc.add(getText().toLowerCase()): null

2020-03-13 11:30:36 - [TEST_STEP][PASSED] - dataSourceTextValuesWithDesc.add(getText().toLowerCase()): null

2020-03-13 11:30:36 - [TEST_STEP][PASSED] - dataSourceTextValuesWithDesc.add(getText().toLowerCase()): null

2020-03-13 11:30:36 - [TEST_STEP][PASSED] - pageValueCount1 += elements1.size(): null

2020-03-13 11:30:36 - [TEST_STEP][PASSED] - click(findTestObject("AUDIENCE/Data Source/next")): Object: 'Object Repository/AUDIENCE/Data Source/next' is clicked on

2020-03-13 11:30:37 - [MESSAGE][PASSED] - Object: 'Object Repository/AUDIENCE/Data Source/next' is clicked on

2020-03-13 11:30:37 - [TEST_STEP][PASSED] - elements1 = findWebElements(findTestObject("CONTENT/Image_Listing/colum1_Image_Name_values"), 0): Timeout '0' is invalid. Using default page load timeout: '230'

2020-03-13 11:30:37 - [MESSAGE][WARNING] - Timeout '0' is invalid. Using default page load timeout: '230'

2020-03-13 11:30:38 - [TEST_STEP][PASSED] - for (org.openqa.selenium.WebElement ele1 : elements1): null

2020-03-13 11:30:38 - [TEST_STEP][PASSED] - dataSourceTextValuesWithDesc.add(getText().toLowerCase()): null

2020-03-13 11:30:38 - [TEST_STEP][PASSED] - dataSourceTextValuesWithDesc.add(getText().toLowerCase()): null

2020-03-13 11:30:38 - [TEST_STEP][PASSED] - dataSourceTextValuesWithDesc.add(getText().toLowerCase()): null

2020-03-13 11:30:38 - [TEST_STEP][PASSED] - dataSourceTextValuesWithDesc.add(getText().toLowerCase()): null

2020-03-13 11:30:38 - [TEST_STEP][PASSED] - dataSourceTextValuesWithDesc.add(getText().toLowerCase()): null

2020-03-13 11:30:38 - [TEST_STEP][PASSED] - dataSourceTextValuesWithDesc.add(getText().toLowerCase()): null

2020-03-13 11:30:38 - [TEST_STEP][PASSED] - dataSourceTextValuesWithDesc.add(getText().toLowerCase()): null

2020-03-13 11:30:38 - [TEST_STEP][PASSED] - dataSourceTextValuesWithDesc.add(getText().toLowerCase()): null

2020-03-13 11:30:38 - [TEST_STEP][PASSED] - dataSourceTextValuesWithDesc.add(getText().toLowerCase()): null

2020-03-13 11:30:38 - [TEST_STEP][PASSED] - dataSourceTextValuesWithDesc.add(getText().toLowerCase()): null

2020-03-13 11:30:38 - [TEST_STEP][PASSED] - pageValueCount1 += elements1.size(): null

2020-03-13 11:30:38 - [TEST_STEP][PASSED] - click(findTestObject("AUDIENCE/Data Source/next")): Object: 'Object Repository/AUDIENCE/Data Source/next' is clicked on

2020-03-13 11:30:39 - [MESSAGE][PASSED] - Object: 'Object Repository/AUDIENCE/Data Source/next' is clicked on

2020-03-13 11:30:39 - [TEST_STEP][PASSED] - elements1 = findWebElements(findTestObject("CONTENT/Image_Listing/colum1_Image_Name_values"), 0): Timeout '0' is invalid. Using default page load timeout: '230'

2020-03-13 11:30:39 - [MESSAGE][WARNING] - Timeout '0' is invalid. Using default page load timeout: '230'

2020-03-13 11:30:40 - [TEST_STEP][PASSED] - for (org.openqa.selenium.WebElement ele1 : elements1): null

2020-03-13 11:30:40 - [TEST_STEP][PASSED] - dataSourceTextValuesWithDesc.add(getText().toLowerCase()): null

2020-03-13 11:30:40 - [TEST_STEP][PASSED] - dataSourceTextValuesWithDesc.add(getText().toLowerCase()): null

2020-03-13 11:30:40 - [TEST_STEP][PASSED] - dataSourceTextValuesWithDesc.add(getText().toLowerCase()): null

2020-03-13 11:30:40 - [TEST_STEP][PASSED] - dataSourceTextValuesWithDesc.add(getText().toLowerCase()): null

2020-03-13 11:30:40 - [TEST_STEP][PASSED] - dataSourceTextValuesWithDesc.add(getText().toLowerCase()): null

2020-03-13 11:30:40 - [TEST_STEP][PASSED] - dataSourceTextValuesWithDesc.add(getText().toLowerCase()): null

2020-03-13 11:30:40 - [TEST_STEP][PASSED] - dataSourceTextValuesWithDesc.add(getText().toLowerCase()): null

2020-03-13 11:30:40 - [TEST_STEP][PASSED] - dataSourceTextValuesWithDesc.add(getText().toLowerCase()): null

2020-03-13 11:30:40 - [TEST_STEP][PASSED] - dataSourceTextValuesWithDesc.add(getText().toLowerCase()): null

2020-03-13 11:30:40 - [TEST_STEP][PASSED] - dataSourceTextValuesWithDesc.add(getText().toLowerCase()): null

2020-03-13 11:30:40 - [TEST_STEP][PASSED] - pageValueCount1 += elements1.size(): null

2020-03-13 11:30:40 - [TEST_STEP][PASSED] - click(findTestObject("AUDIENCE/Data Source/next")): Object: 'Object Repository/AUDIENCE/Data Source/next' is clicked on

2020-03-13 11:30:41 - [MESSAGE][PASSED] - Object: 'Object Repository/AUDIENCE/Data Source/next' is clicked on

2020-03-13 11:30:41 - [TEST_STEP][PASSED] - elements1 = findWebElements(findTestObject("CONTENT/Image_Listing/colum1_Image_Name_values"), 0): Timeout '0' is invalid. Using default page load timeout: '230'

2020-03-13 11:30:41 - [MESSAGE][WARNING] - Timeout '0' is invalid. Using default page load timeout: '230'

2020-03-13 11:30:42 - [TEST_STEP][PASSED] - for (org.openqa.selenium.WebElement ele1 : elements1): null

2020-03-13 11:30:42 - [TEST_STEP][PASSED] - dataSourceTextValuesWithDesc.add(getText().toLowerCase()): null

2020-03-13 11:30:42 - [TEST_STEP][PASSED] - dataSourceTextValuesWithDesc.add(getText().toLowerCase()): null

2020-03-13 11:30:42 - [TEST_STEP][PASSED] - dataSourceTextValuesWithDesc.add(getText().toLowerCase()): null

2020-03-13 11:30:42 - [TEST_STEP][PASSED] - dataSourceTextValuesWithDesc.add(getText().toLowerCase()): null

2020-03-13 11:30:42 - [TEST_STEP][PASSED] - dataSourceTextValuesWithDesc.add(getText().toLowerCase()): null

2020-03-13 11:30:42 - [TEST_STEP][PASSED] - dataSourceTextValuesWithDesc.add(getText().toLowerCase()): null

2020-03-13 11:30:42 - [TEST_STEP][PASSED] - dataSourceTextValuesWithDesc.add(getText().toLowerCase()): null

2020-03-13 11:30:42 - [TEST_STEP][PASSED] - dataSourceTextValuesWithDesc.add(getText().toLowerCase()): null

2020-03-13 11:30:42 - [TEST_STEP][PASSED] - dataSourceTextValuesWithDesc.add(getText().toLowerCase()): null

2020-03-13 11:30:42 - [TEST_STEP][PASSED] - dataSourceTextValuesWithDesc.add(getText().toLowerCase()): null

2020-03-13 11:30:42 - [TEST_STEP][PASSED] - pageValueCount1 += elements1.size(): null

2020-03-13 11:30:42 - [TEST_STEP][PASSED] - click(findTestObject("AUDIENCE/Data Source/next")): Object: 'Object Repository/AUDIENCE/Data Source/next' is clicked on

2020-03-13 11:30:43 - [MESSAGE][PASSED] - Object: 'Object Repository/AUDIENCE/Data Source/next' is clicked on

2020-03-13 11:30:43 - [TEST_STEP][PASSED] - elements1 = findWebElements(findTestObject("CONTENT/Image_Listing/colum1_Image_Name_values"), 0): Timeout '0' is invalid. Using default page load timeout: '230'

2020-03-13 11:30:43 - [MESSAGE][WARNING] - Timeout '0' is invalid. Using default page load timeout: '230'

2020-03-13 11:30:44 - [TEST_STEP][PASSED] - for (org.openqa.selenium.WebElement ele1 : elements1): null

2020-03-13 11:30:44 - [TEST_STEP][PASSED] - dataSourceTextValuesWithDesc.add(getText().toLowerCase()): null

2020-03-13 11:30:44 - [TEST_STEP][PASSED] - dataSourceTextValuesWithDesc.add(getText().toLowerCase()): null

2020-03-13 11:30:44 - [TEST_STEP][PASSED] - dataSourceTextValuesWithDesc.add(getText().toLowerCase()): null

2020-03-13 11:30:44 - [TEST_STEP][PASSED] - dataSourceTextValuesWithDesc.add(getText().toLowerCase()): null

2020-03-13 11:30:44 - [TEST_STEP][PASSED] - dataSourceTextValuesWithDesc.add(getText().toLowerCase()): null

2020-03-13 11:30:44 - [TEST_STEP][PASSED] - dataSourceTextValuesWithDesc.add(getText().toLowerCase()): null

2020-03-13 11:30:44 - [TEST_STEP][PASSED] - dataSourceTextValuesWithDesc.add(getText().toLowerCase()): null

2020-03-13 11:30:44 - [TEST_STEP][PASSED] - dataSourceTextValuesWithDesc.add(getText().toLowerCase()): null

2020-03-13 11:30:44 - [TEST_STEP][PASSED] - dataSourceTextValuesWithDesc.add(getText().toLowerCase()): null

2020-03-13 11:30:44 - [TEST_STEP][PASSED] - dataSourceTextValuesWithDesc.add(getText().toLowerCase()): null

2020-03-13 11:30:44 - [TEST_STEP][PASSED] - pageValueCount1 += elements1.size(): null

2020-03-13 11:30:44 - [TEST_STEP][PASSED] - click(findTestObject("AUDIENCE/Data Source/next")): Object: 'Object Repository/AUDIENCE/Data Source/next' is clicked on

2020-03-13 11:30:45 - [MESSAGE][PASSED] - Object: 'Object Repository/AUDIENCE/Data Source/next' is clicked on

2020-03-13 11:30:45 - [TEST_STEP][PASSED] - elements1 = findWebElements(findTestObject("CONTENT/Image_Listing/colum1_Image_Name_values"), 0): Timeout '0' is invalid. Using default page load timeout: '230'

2020-03-13 11:30:45 - [MESSAGE][WARNING] - Timeout '0' is invalid. Using default page load timeout: '230'

2020-03-13 11:30:46 - [TEST_STEP][PASSED] - for (org.openqa.selenium.WebElement ele1 : elements1): null

2020-03-13 11:30:46 - [TEST_STEP][PASSED] - dataSourceTextValuesWithDesc.add(getText().toLowerCase()): null

2020-03-13 11:30:46 - [TEST_STEP][PASSED] - dataSourceTextValuesWithDesc.add(getText().toLowerCase()): null

2020-03-13 11:30:46 - [TEST_STEP][PASSED] - dataSourceTextValuesWithDesc.add(getText().toLowerCase()): null

2020-03-13 11:30:46 - [TEST_STEP][PASSED] - dataSourceTextValuesWithDesc.add(getText().toLowerCase()): null

2020-03-13 11:30:46 - [TEST_STEP][PASSED] - dataSourceTextValuesWithDesc.add(getText().toLowerCase()): null

2020-03-13 11:30:46 - [TEST_STEP][PASSED] - dataSourceTextValuesWithDesc.add(getText().toLowerCase()): null

2020-03-13 11:30:46 - [TEST_STEP][PASSED] - dataSourceTextValuesWithDesc.add(getText().toLowerCase()): null

2020-03-13 11:30:46 - [TEST_STEP][PASSED] - dataSourceTextValuesWithDesc.add(getText().toLowerCase()): null

2020-03-13 11:30:46 - [TEST_STEP][PASSED] - dataSourceTextValuesWithDesc.add(getText().toLowerCase()): null

2020-03-13 11:30:46 - [TEST_STEP][PASSED] - dataSourceTextValuesWithDesc.add(getText().toLowerCase()): null

2020-03-13 11:30:46 - [TEST_STEP][PASSED] - pageValueCount1 += elements1.size(): null

2020-03-13 11:30:46 - [TEST_STEP][PASSED] - click(findTestObject("AUDIENCE/Data Source/next")): Object: 'Object Repository/AUDIENCE/Data Source/next' is clicked on

2020-03-13 11:30:47 - [MESSAGE][PASSED] - Object: 'Object Repository/AUDIENCE/Data Source/next' is clicked on

2020-03-13 11:30:47 - [TEST_STEP][PASSED] - elements1 = findWebElements(findTestObject("CONTENT/Image_Listing/colum1_Image_Name_values"), 0): Timeout '0' is invalid. Using default page load timeout: '230'

2020-03-13 11:30:47 - [MESSAGE][WARNING] - Timeout '0' is invalid. Using default page load timeout: '230'

2020-03-13 11:30:48 - [TEST_STEP][PASSED] - for (org.openqa.selenium.WebElement ele1 : elements1): null

2020-03-13 11:30:48 - [TEST_STEP][PASSED] - dataSourceTextValuesWithDesc.add(getText().toLowerCase()): null

2020-03-13 11:30:48 - [TEST_STEP][PASSED] - dataSourceTextValuesWithDesc.add(getText().toLowerCase()): null

2020-03-13 11:30:48 - [TEST_STEP][PASSED] - dataSourceTextValuesWithDesc.add(getText().toLowerCase()): null

2020-03-13 11:30:48 - [TEST_STEP][PASSED] - dataSourceTextValuesWithDesc.add(getText().toLowerCase()): null

2020-03-13 11:30:48 - [TEST_STEP][PASSED] - dataSourceTextValuesWithDesc.add(getText().toLowerCase()): null

2020-03-13 11:30:48 - [TEST_STEP][PASSED] - dataSourceTextValuesWithDesc.add(getText().toLowerCase()): null

2020-03-13 11:30:48 - [TEST_STEP][PASSED] - dataSourceTextValuesWithDesc.add(getText().toLowerCase()): null

2020-03-13 11:30:48 - [TEST_STEP][PASSED] - dataSourceTextValuesWithDesc.add(getText().toLowerCase()): null

2020-03-13 11:30:48 - [TEST_STEP][PASSED] - dataSourceTextValuesWithDesc.add(getText().toLowerCase()): null

2020-03-13 11:30:48 - [TEST_STEP][PASSED] - dataSourceTextValuesWithDesc.add(getText().toLowerCase()): null

2020-03-13 11:30:48 - [TEST_STEP][PASSED] - pageValueCount1 += elements1.size(): null

2020-03-13 11:30:48 - [TEST_STEP][PASSED] - click(findTestObject("AUDIENCE/Data Source/next")): Object: 'Object Repository/AUDIENCE/Data Source/next' is clicked on

2020-03-13 11:30:48 - [MESSAGE][PASSED] - Object: 'Object Repository/AUDIENCE/Data Source/next' is clicked on

2020-03-13 11:30:48 - [TEST_STEP][PASSED] - elements1 = findWebElements(findTestObject("CONTENT/Image_Listing/colum1_Image_Name_values"), 0): Timeout '0' is invalid. Using default page load timeout: '230'

2020-03-13 11:30:48 - [MESSAGE][WARNING] - Timeout '0' is invalid. Using default page load timeout: '230'

2020-03-13 11:30:49 - [TEST_STEP][PASSED] - for (org.openqa.selenium.WebElement ele1 : elements1): null

2020-03-13 11:30:49 - [TEST_STEP][PASSED] - dataSourceTextValuesWithDesc.add(getText().toLowerCase()): null

2020-03-13 11:30:49 - [TEST_STEP][PASSED] - dataSourceTextValuesWithDesc.add(getText().toLowerCase()): null

2020-03-13 11:30:49 - [TEST_STEP][PASSED] - dataSourceTextValuesWithDesc.add(getText().toLowerCase()): null

2020-03-13 11:30:49 - [TEST_STEP][PASSED] - dataSourceTextValuesWithDesc.add(getText().toLowerCase()): null

2020-03-13 11:30:49 - [TEST_STEP][PASSED] - dataSourceTextValuesWithDesc.add(getText().toLowerCase()): null

2020-03-13 11:30:49 - [TEST_STEP][PASSED] - dataSourceTextValuesWithDesc.add(getText().toLowerCase()): null

2020-03-13 11:30:49 - [TEST_STEP][PASSED] - dataSourceTextValuesWithDesc.add(getText().toLowerCase()): null

2020-03-13 11:30:49 - [TEST_STEP][PASSED] - dataSourceTextValuesWithDesc.add(getText().toLowerCase()): null

2020-03-13 11:30:49 - [TEST_STEP][PASSED] - dataSourceTextValuesWithDesc.add(getText().toLowerCase()): null

2020-03-13 11:30:49 - [TEST_STEP][PASSED] - dataSourceTextValuesWithDesc.add(getText().toLowerCase()): null

2020-03-13 11:30:50 - [TEST_STEP][PASSED] - pageValueCount1 += elements1.size(): null

2020-03-13 11:30:50 - [TEST_STEP][PASSED] - click(findTestObject("AUDIENCE/Data Source/next")): Object: 'Object Repository/AUDIENCE/Data Source/next' is clicked on

2020-03-13 11:30:50 - [MESSAGE][PASSED] - Object: 'Object Repository/AUDIENCE/Data Source/next' is clicked on

2020-03-13 11:30:50 - [TEST_STEP][PASSED] - elements1 = findWebElements(findTestObject("CONTENT/Image_Listing/colum1_Image_Name_values"), 0): Timeout '0' is invalid. Using default page load timeout: '230'

2020-03-13 11:30:50 - [MESSAGE][WARNING] - Timeout '0' is invalid. Using default page load timeout: '230'

2020-03-13 11:30:51 - [TEST_STEP][PASSED] - for (org.openqa.selenium.WebElement ele1 : elements1): null

2020-03-13 11:30:51 - [TEST_STEP][PASSED] - dataSourceTextValuesWithDesc.add(getText().toLowerCase()): null

2020-03-13 11:30:51 - [TEST_STEP][PASSED] - dataSourceTextValuesWithDesc.add(getText().toLowerCase()): null

2020-03-13 11:30:51 - [TEST_STEP][PASSED] - dataSourceTextValuesWithDesc.add(getText().toLowerCase()): null

2020-03-13 11:30:51 - [TEST_STEP][PASSED] - dataSourceTextValuesWithDesc.add(getText().toLowerCase()): null

2020-03-13 11:30:51 - [TEST_STEP][PASSED] - dataSourceTextValuesWithDesc.add(getText().toLowerCase()): null

2020-03-13 11:30:51 - [TEST_STEP][PASSED] - dataSourceTextValuesWithDesc.add(getText().toLowerCase()): null

2020-03-13 11:30:51 - [TEST_STEP][PASSED] - dataSourceTextValuesWithDesc.add(getText().toLowerCase()): null

2020-03-13 11:30:51 - [TEST_STEP][PASSED] - dataSourceTextValuesWithDesc.add(getText().toLowerCase()): null

2020-03-13 11:30:51 - [TEST_STEP][PASSED] - dataSourceTextValuesWithDesc.add(getText().toLowerCase()): null

2020-03-13 11:30:51 - [TEST_STEP][PASSED] - dataSourceTextValuesWithDesc.add(getText().toLowerCase()): null

2020-03-13 11:30:51 - [TEST_STEP][PASSED] - pageValueCount1 += elements1.size(): null

2020-03-13 11:30:51 - [TEST_STEP][PASSED] - click(findTestObject("AUDIENCE/Data Source/next")): Object: 'Object Repository/AUDIENCE/Data Source/next' is clicked on

2020-03-13 11:30:52 - [MESSAGE][PASSED] - Object: 'Object Repository/AUDIENCE/Data Source/next' is clicked on

2020-03-13 11:30:52 - [TEST_STEP][PASSED] - elements1 = findWebElements(findTestObject("CONTENT/Image_Listing/colum1_Image_Name_values"), 0): Timeout '0' is invalid. Using default page load timeout: '230'

2020-03-13 11:30:52 - [MESSAGE][WARNING] - Timeout '0' is invalid. Using default page load timeout: '230'

2020-03-13 11:30:52 - [TEST_STEP][PASSED] - for (org.openqa.selenium.WebElement ele1 : elements1): null

2020-03-13 11:30:52 - [TEST_STEP][PASSED] - dataSourceTextValuesWithDesc.add(getText().toLowerCase()): null

2020-03-13 11:30:52 - [TEST_STEP][PASSED] - dataSourceTextValuesWithDesc.add(getText().toLowerCase()): null

2020-03-13 11:30:52 - [TEST_STEP][PASSED] - dataSourceTextValuesWithDesc.add(getText().toLowerCase()): null

2020-03-13 11:30:52 - [TEST_STEP][PASSED] - dataSourceTextValuesWithDesc.add(getText().toLowerCase()): null

2020-03-13 11:30:52 - [TEST_STEP][PASSED] - dataSourceTextValuesWithDesc.add(getText().toLowerCase()): null

2020-03-13 11:30:52 - [TEST_STEP][PASSED] - dataSourceTextValuesWithDesc.add(getText().toLowerCase()): null

2020-03-13 11:30:52 - [TEST_STEP][PASSED] - dataSourceTextValuesWithDesc.add(getText().toLowerCase()): null

2020-03-13 11:30:53 - [TEST_STEP][PASSED] - dataSourceTextValuesWithDesc.add(getText().toLowerCase()): null

2020-03-13 11:30:53 - [TEST_STEP][PASSED] - dataSourceTextValuesWithDesc.add(getText().toLowerCase()): null

2020-03-13 11:30:53 - [TEST_STEP][PASSED] - dataSourceTextValuesWithDesc.add(getText().toLowerCase()): null

2020-03-13 11:30:53 - [TEST_STEP][PASSED] - pageValueCount1 += elements1.size(): null

2020-03-13 11:30:53 - [TEST_STEP][PASSED] - click(findTestObject("AUDIENCE/Data Source/next")): Object: 'Object Repository/AUDIENCE/Data Source/next' is clicked on

2020-03-13 11:30:53 - [MESSAGE][PASSED] - Object: 'Object Repository/AUDIENCE/Data Source/next' is clicked on

2020-03-13 11:30:53 - [TEST_STEP][PASSED] - elements1 = findWebElements(findTestObject("CONTENT/Image_Listing/colum1_Image_Name_values"), 0): Timeout '0' is invalid. Using default page load timeout: '230'

2020-03-13 11:30:53 - [MESSAGE][WARNING] - Timeout '0' is invalid. Using default page load timeout: '230'

2020-03-13 11:30:54 - [TEST_STEP][PASSED] - for (org.openqa.selenium.WebElement ele1 : elements1): null

2020-03-13 11:30:54 - [TEST_STEP][PASSED] - dataSourceTextValuesWithDesc.add(getText().toLowerCase()): null

2020-03-13 11:30:54 - [TEST_STEP][PASSED] - dataSourceTextValuesWithDesc.add(getText().toLowerCase()): null

2020-03-13 11:30:54 - [TEST_STEP][PASSED] - dataSourceTextValuesWithDesc.add(getText().toLowerCase()): null

2020-03-13 11:30:54 - [TEST_STEP][PASSED] - dataSourceTextValuesWithDesc.add(getText().toLowerCase()): null

2020-03-13 11:30:54 - [TEST_STEP][PASSED] - dataSourceTextValuesWithDesc.add(getText().toLowerCase()): null

2020-03-13 11:30:54 - [TEST_STEP][PASSED] - dataSourceTextValuesWithDesc.add(getText().toLowerCase()): null

2020-03-13 11:30:54 - [TEST_STEP][PASSED] - dataSourceTextValuesWithDesc.add(getText().toLowerCase()): null

2020-03-13 11:30:54 - [TEST_STEP][PASSED] - dataSourceTextValuesWithDesc.add(getText().toLowerCase()): null

2020-03-13 11:30:54 - [TEST_STEP][PASSED] - dataSourceTextValuesWithDesc.add(getText().toLowerCase()): null

2020-03-13 11:30:54 - [TEST_STEP][PASSED] - dataSourceTextValuesWithDesc.add(getText().toLowerCase()): null

2020-03-13 11:30:54 - [TEST_STEP][PASSED] - pageValueCount1 += elements1.size(): null

2020-03-13 11:30:54 - [TEST_STEP][PASSED] - click(findTestObject("AUDIENCE/Data Source/next")): Object: 'Object Repository/AUDIENCE/Data Source/next' is clicked on

2020-03-13 11:30:55 - [MESSAGE][PASSED] - Object: 'Object Repository/AUDIENCE/Data Source/next' is clicked on

2020-03-13 11:30:55 - [TEST_STEP][PASSED] - elements1 = findWebElements(findTestObject("CONTENT/Image_Listing/colum1_Image_Name_values"), 0): Timeout '0' is invalid. Using default page load timeout: '230'

2020-03-13 11:30:55 - [MESSAGE][WARNING] - Timeout '0' is invalid. Using default page load timeout: '230'

2020-03-13 11:30:55 - [TEST_STEP][PASSED] - for (org.openqa.selenium.WebElement ele1 : elements1): null

2020-03-13 11:30:55 - [TEST_STEP][PASSED] - dataSourceTextValuesWithDesc.add(getText().toLowerCase()): null

2020-03-13 11:30:55 - [TEST_STEP][PASSED] - dataSourceTextValuesWithDesc.add(getText().toLowerCase()): null

2020-03-13 11:30:55 - [TEST_STEP][PASSED] - dataSourceTextValuesWithDesc.add(getText().toLowerCase()): null

2020-03-13 11:30:56 - [TEST_STEP][PASSED] - dataSourceTextValuesWithDesc.add(getText().toLowerCase()): null

2020-03-13 11:30:56 - [TEST_STEP][PASSED] - dataSourceTextValuesWithDesc.add(getText().toLowerCase()): null

2020-03-13 11:30:56 - [TEST_STEP][PASSED] - dataSourceTextValuesWithDesc.add(getText().toLowerCase()): null

2020-03-13 11:30:56 - [TEST_STEP][PASSED] - dataSourceTextValuesWithDesc.add(getText().toLowerCase()): null

2020-03-13 11:30:56 - [TEST_STEP][PASSED] - dataSourceTextValuesWithDesc.add(getText().toLowerCase()): null

2020-03-13 11:30:56 - [TEST_STEP][PASSED] - dataSourceTextValuesWithDesc.add(getText().toLowerCase()): null

2020-03-13 11:30:56 - [TEST_STEP][PASSED] - dataSourceTextValuesWithDesc.add(getText().toLowerCase()): null

2020-03-13 11:30:56 - [TEST_STEP][PASSED] - pageValueCount1 += elements1.size(): null

2020-03-13 11:30:56 - [TEST_STEP][PASSED] - click(findTestObject("AUDIENCE/Data Source/next")): Object: 'Object Repository/AUDIENCE/Data Source/next' is clicked on

2020-03-13 11:30:56 - [MESSAGE][PASSED] - Object: 'Object Repository/AUDIENCE/Data Source/next' is clicked on

2020-03-13 11:30:56 - [TEST_STEP][PASSED] - elements1 = findWebElements(findTestObject("CONTENT/Image_Listing/colum1_Image_Name_values"), 0): Timeout '0' is invalid. Using default page load timeout: '230'

2020-03-13 11:30:56 - [MESSAGE][WARNING] - Timeout '0' is invalid. Using default page load timeout: '230'

2020-03-13 11:30:57 - [TEST_STEP][PASSED] - for (org.openqa.selenium.WebElement ele1 : elements1): null

2020-03-13 11:30:57 - [TEST_STEP][PASSED] - dataSourceTextValuesWithDesc.add(getText().toLowerCase()): null

2020-03-13 11:30:57 - [TEST_STEP][PASSED] - dataSourceTextValuesWithDesc.add(getText().toLowerCase()): null

2020-03-13 11:30:57 - [TEST_STEP][PASSED] - dataSourceTextValuesWithDesc.add(getText().toLowerCase()): null

2020-03-13 11:30:57 - [TEST_STEP][PASSED] - dataSourceTextValuesWithDesc.add(getText().toLowerCase()): null

2020-03-13 11:30:57 - [TEST_STEP][PASSED] - dataSourceTextValuesWithDesc.add(getText().toLowerCase()): null

2020-03-13 11:30:57 - [TEST_STEP][PASSED] - dataSourceTextValuesWithDesc.add(getText().toLowerCase()): null

2020-03-13 11:30:57 - [TEST_STEP][PASSED] - dataSourceTextValuesWithDesc.add(getText().toLowerCase()): null

2020-03-13 11:30:57 - [TEST_STEP][PASSED] - dataSourceTextValuesWithDesc.add(getText().toLowerCase()): null

2020-03-13 11:30:57 - [TEST_STEP][PASSED] - dataSourceTextValuesWithDesc.add(getText().toLowerCase()): null

2020-03-13 11:30:57 - [TEST_STEP][PASSED] - dataSourceTextValuesWithDesc.add(getText().toLowerCase()): null

2020-03-13 11:30:57 - [TEST_STEP][PASSED] - pageValueCount1 += elements1.size(): null

2020-03-13 11:30:57 - [TEST_STEP][PASSED] - click(findTestObject("AUDIENCE/Data Source/next")): Object: 'Object Repository/AUDIENCE/Data Source/next' is clicked on

2020-03-13 11:30:58 - [MESSAGE][PASSED] - Object: 'Object Repository/AUDIENCE/Data Source/next' is clicked on

2020-03-13 11:30:58 - [TEST_STEP][PASSED] - elements1 = findWebElements(findTestObject("CONTENT/Image_Listing/colum1_Image_Name_values"), 0): Timeout '0' is invalid. Using default page load timeout: '230'

2020-03-13 11:30:58 - [MESSAGE][WARNING] - Timeout '0' is invalid. Using default page load timeout: '230'

2020-03-13 11:30:59 - [TEST_STEP][PASSED] - for (org.openqa.selenium.WebElement ele1 : elements1): null

2020-03-13 11:30:59 - [TEST_STEP][PASSED] - dataSourceTextValuesWithDesc.add(getText().toLowerCase()): null

2020-03-13 11:30:59 - [TEST_STEP][PASSED] - dataSourceTextValuesWithDesc.add(getText().toLowerCase()): null

2020-03-13 11:30:59 - [TEST_STEP][PASSED] - dataSourceTextValuesWithDesc.add(getText().toLowerCase()): null

2020-03-13 11:30:59 - [TEST_STEP][PASSED] - dataSourceTextValuesWithDesc.add(getText().toLowerCase()): null

2020-03-13 11:30:59 - [TEST_STEP][PASSED] - dataSourceTextValuesWithDesc.add(getText().toLowerCase()): null

2020-03-13 11:30:59 - [TEST_STEP][PASSED] - dataSourceTextValuesWithDesc.add(getText().toLowerCase()): null

2020-03-13 11:30:59 - [TEST_STEP][PASSED] - dataSourceTextValuesWithDesc.add(getText().toLowerCase()): null

2020-03-13 11:30:59 - [TEST_STEP][PASSED] - dataSourceTextValuesWithDesc.add(getText().toLowerCase()): null

2020-03-13 11:30:59 - [TEST_STEP][PASSED] - dataSourceTextValuesWithDesc.add(getText().toLowerCase()): null

2020-03-13 11:30:59 - [TEST_STEP][PASSED] - dataSourceTextValuesWithDesc.add(getText().toLowerCase()): null

2020-03-13 11:30:59 - [TEST_STEP][PASSED] - pageValueCount1 += elements1.size(): null

2020-03-13 11:30:59 - [TEST_STEP][PASSED] - click(findTestObject("AUDIENCE/Data Source/next")): Object: 'Object Repository/AUDIENCE/Data Source/next' is clicked on

2020-03-13 11:30:59 - [MESSAGE][PASSED] - Object: 'Object Repository/AUDIENCE/Data Source/next' is clicked on

2020-03-13 11:30:59 - [TEST_STEP][PASSED] - elements1 = findWebElements(findTestObject("CONTENT/Image_Listing/colum1_Image_Name_values"), 0): Timeout '0' is invalid. Using default page load timeout: '230'

2020-03-13 11:30:59 - [MESSAGE][WARNING] - Timeout '0' is invalid. Using default page load timeout: '230'

2020-03-13 11:31:00 - [TEST_STEP][PASSED] - for (org.openqa.selenium.WebElement ele1 : elements1): null

2020-03-13 11:31:00 - [TEST_STEP][PASSED] - dataSourceTextValuesWithDesc.add(getText().toLowerCase()): null

2020-03-13 11:31:00 - [TEST_STEP][PASSED] - dataSourceTextValuesWithDesc.add(getText().toLowerCase()): null

2020-03-13 11:31:00 - [TEST_STEP][PASSED] - dataSourceTextValuesWithDesc.add(getText().toLowerCase()): null

2020-03-13 11:31:00 - [TEST_STEP][PASSED] - dataSourceTextValuesWithDesc.add(getText().toLowerCase()): null

2020-03-13 11:31:00 - [TEST_STEP][PASSED] - dataSourceTextValuesWithDesc.add(getText().toLowerCase()): null

2020-03-13 11:31:00 - [TEST_STEP][PASSED] - dataSourceTextValuesWithDesc.add(getText().toLowerCase()): null

2020-03-13 11:31:00 - [TEST_STEP][PASSED] - dataSourceTextValuesWithDesc.add(getText().toLowerCase()): null

2020-03-13 11:31:00 - [TEST_STEP][PASSED] - dataSourceTextValuesWithDesc.add(getText().toLowerCase()): null

2020-03-13 11:31:00 - [TEST_STEP][PASSED] - dataSourceTextValuesWithDesc.add(getText().toLowerCase()): null

2020-03-13 11:31:00 - [TEST_STEP][PASSED] - dataSourceTextValuesWithDesc.add(getText().toLowerCase()): null

2020-03-13 11:31:00 - [TEST_STEP][PASSED] - pageValueCount1 += elements1.size(): null

2020-03-13 11:31:00 - [TEST_STEP][PASSED] - click(findTestObject("AUDIENCE/Data Source/next")): Object: 'Object Repository/AUDIENCE/Data Source/next' is clicked on

2020-03-13 11:31:01 - [MESSAGE][PASSED] - Object: 'Object Repository/AUDIENCE/Data Source/next' is clicked on

2020-03-13 11:31:01 - [TEST_STEP][PASSED] - elements1 = findWebElements(findTestObject("CONTENT/Image_Listing/colum1_Image_Name_values"), 0): Timeout '0' is invalid. Using default page load timeout: '230'

2020-03-13 11:31:01 - [MESSAGE][WARNING] - Timeout '0' is invalid. Using default page load timeout: '230'

2020-03-13 11:31:02 - [TEST_STEP][PASSED] - for (org.openqa.selenium.WebElement ele1 : elements1): null

2020-03-13 11:31:02 - [TEST_STEP][PASSED] - dataSourceTextValuesWithDesc.add(getText().toLowerCase()): null

2020-03-13 11:31:02 - [TEST_STEP][PASSED] - dataSourceTextValuesWithDesc.add(getText().toLowerCase()): null

2020-03-13 11:31:02 - [TEST_STEP][PASSED] - dataSourceTextValuesWithDesc.add(getText().toLowerCase()): null

2020-03-13 11:31:02 - [TEST_STEP][PASSED] - dataSourceTextValuesWithDesc.add(getText().toLowerCase()): null

2020-03-13 11:31:02 - [TEST_STEP][PASSED] - dataSourceTextValuesWithDesc.add(getText().toLowerCase()): null

2020-03-13 11:31:02 - [TEST_STEP][PASSED] - dataSourceTextValuesWithDesc.add(getText().toLowerCase()): null

2020-03-13 11:31:02 - [TEST_STEP][PASSED] - dataSourceTextValuesWithDesc.add(getText().toLowerCase()): null

2020-03-13 11:31:02 - [TEST_STEP][PASSED] - dataSourceTextValuesWithDesc.add(getText().toLowerCase()): null

2020-03-13 11:31:02 - [TEST_STEP][PASSED] - dataSourceTextValuesWithDesc.add(getText().toLowerCase()): null

2020-03-13 11:31:02 - [TEST_STEP][PASSED] - dataSourceTextValuesWithDesc.add(getText().toLowerCase()): null

2020-03-13 11:31:02 - [TEST_STEP][PASSED] - pageValueCount1 += elements1.size(): null

2020-03-13 11:31:02 - [TEST_STEP][PASSED] - click(findTestObject("AUDIENCE/Data Source/next")): Object: 'Object Repository/AUDIENCE/Data Source/next' is clicked on

2020-03-13 11:31:02 - [MESSAGE][PASSED] - Object: 'Object Repository/AUDIENCE/Data Source/next' is clicked on

2020-03-13 11:31:02 - [TEST_STEP][PASSED] - elements1 = findWebElements(findTestObject("CONTENT/Image_Listing/colum1_Image_Name_values"), 0): Timeout '0' is invalid. Using default page load timeout: '230'

2020-03-13 11:31:02 - [MESSAGE][WARNING] - Timeout '0' is invalid. Using default page load timeout: '230'

2020-03-13 11:31:03 - [TEST_STEP][PASSED] - for (org.openqa.selenium.WebElement ele1 : elements1): null

2020-03-13 11:31:03 - [TEST_STEP][PASSED] - dataSourceTextValuesWithDesc.add(getText().toLowerCase()): null

2020-03-13 11:31:03 - [TEST_STEP][PASSED] - dataSourceTextValuesWithDesc.add(getText().toLowerCase()): null

2020-03-13 11:31:03 - [TEST_STEP][PASSED] - dataSourceTextValuesWithDesc.add(getText().toLowerCase()): null

2020-03-13 11:31:03 - [TEST_STEP][PASSED] - dataSourceTextValuesWithDesc.add(getText().toLowerCase()): null

2020-03-13 11:31:03 - [TEST_STEP][PASSED] - dataSourceTextValuesWithDesc.add(getText().toLowerCase()): null

2020-03-13 11:31:03 - [TEST_STEP][PASSED] - dataSourceTextValuesWithDesc.add(getText().toLowerCase()): null

2020-03-13 11:31:03 - [TEST_STEP][PASSED] - dataSourceTextValuesWithDesc.add(getText().toLowerCase()): null

2020-03-13 11:31:03 - [TEST_STEP][PASSED] - dataSourceTextValuesWithDesc.add(getText().toLowerCase()): null

2020-03-13 11:31:03 - [TEST_STEP][PASSED] - dataSourceTextValuesWithDesc.add(getText().toLowerCase()): null

2020-03-13 11:31:03 - [TEST_STEP][PASSED] - dataSourceTextValuesWithDesc.add(getText().toLowerCase()): null

2020-03-13 11:31:03 - [TEST_STEP][PASSED] - pageValueCount1 += elements1.size(): null

2020-03-13 11:31:03 - [TEST_STEP][PASSED] - click(findTestObject("AUDIENCE/Data Source/next")): Object: 'Object Repository/AUDIENCE/Data Source/next' is clicked on

2020-03-13 11:31:04 - [MESSAGE][PASSED] - Object: 'Object Repository/AUDIENCE/Data Source/next' is clicked on

2020-03-13 11:31:04 - [TEST_STEP][PASSED] - elements1 = findWebElements(findTestObject("CONTENT/Image_Listing/colum1_Image_Name_values"), 0): Timeout '0' is invalid. Using default page load timeout: '230'

2020-03-13 11:31:04 - [MESSAGE][WARNING] - Timeout '0' is invalid. Using default page load timeout: '230'

2020-03-13 11:31:05 - [TEST_STEP][PASSED] - for (org.openqa.selenium.WebElement ele1 : elements1): null

2020-03-13 11:31:05 - [TEST_STEP][PASSED] - dataSourceTextValuesWithDesc.add(getText().toLowerCase()): null

2020-03-13 11:31:05 - [TEST_STEP][PASSED] - dataSourceTextValuesWithDesc.add(getText().toLowerCase()): null

2020-03-13 11:31:05 - [TEST_STEP][PASSED] - dataSourceTextValuesWithDesc.add(getText().toLowerCase()): null

2020-03-13 11:31:05 - [TEST_STEP][PASSED] - dataSourceTextValuesWithDesc.add(getText().toLowerCase()): null

2020-03-13 11:31:05 - [TEST_STEP][PASSED] - dataSourceTextValuesWithDesc.add(getText().toLowerCase()): null

2020-03-13 11:31:05 - [TEST_STEP][PASSED] - dataSourceTextValuesWithDesc.add(getText().toLowerCase()): null

2020-03-13 11:31:05 - [TEST_STEP][PASSED] - dataSourceTextValuesWithDesc.add(getText().toLowerCase()): null

2020-03-13 11:31:05 - [TEST_STEP][PASSED] - dataSourceTextValuesWithDesc.add(getText().toLowerCase()): null

2020-03-13 11:31:05 - [TEST_STEP][PASSED] - dataSourceTextValuesWithDesc.add(getText().toLowerCase()): null

2020-03-13 11:31:05 - [TEST_STEP][PASSED] - dataSourceTextValuesWithDesc.add(getText().toLowerCase()): null

2020-03-13 11:31:05 - [TEST_STEP][PASSED] - pageValueCount1 += elements1.size(): null

2020-03-13 11:31:05 - [TEST_STEP][PASSED] - click(findTestObject("AUDIENCE/Data Source/next")): Object: 'Object Repository/AUDIENCE/Data Source/next' is clicked on

2020-03-13 11:31:05 - [MESSAGE][PASSED] - Object: 'Object Repository/AUDIENCE/Data Source/next' is clicked on

2020-03-13 11:31:05 - [TEST_STEP][PASSED] - elements1 = findWebElements(findTestObject("CONTENT/Image_Listing/colum1_Image_Name_values"), 0): Timeout '0' is invalid. Using default page load timeout: '230'

2020-03-13 11:31:06 - [MESSAGE][WARNING] - Timeout '0' is invalid. Using default page load timeout: '230'

2020-03-13 11:31:06 - [TEST_STEP][PASSED] - for (org.openqa.selenium.WebElement ele1 : elements1): null

2020-03-13 11:31:06 - [TEST_STEP][PASSED] - dataSourceTextValuesWithDesc.add(getText().toLowerCase()): null

2020-03-13 11:31:06 - [TEST_STEP][PASSED] - dataSourceTextValuesWithDesc.add(getText().toLowerCase()): null

2020-03-13 11:31:06 - [TEST_STEP][PASSED] - dataSourceTextValuesWithDesc.add(getText().toLowerCase()): null

2020-03-13 11:31:06 - [TEST_STEP][PASSED] - dataSourceTextValuesWithDesc.add(getText().toLowerCase()): null

2020-03-13 11:31:06 - [TEST_STEP][PASSED] - dataSourceTextValuesWithDesc.add(getText().toLowerCase()): null

2020-03-13 11:31:06 - [TEST_STEP][PASSED] - dataSourceTextValuesWithDesc.add(getText().toLowerCase()): null

2020-03-13 11:31:06 - [TEST_STEP][PASSED] - dataSourceTextValuesWithDesc.add(getText().toLowerCase()): null

2020-03-13 11:31:06 - [TEST_STEP][PASSED] - dataSourceTextValuesWithDesc.add(getText().toLowerCase()): null

2020-03-13 11:31:06 - [TEST_STEP][PASSED] - dataSourceTextValuesWithDesc.add(getText().toLowerCase()): null

2020-03-13 11:31:06 - [TEST_STEP][PASSED] - dataSourceTextValuesWithDesc.add(getText().toLowerCase()): null

2020-03-13 11:31:06 - [TEST_STEP][PASSED] - pageValueCount1 += elements1.size(): null

2020-03-13 11:31:06 - [TEST_STEP][PASSED] - click(findTestObject("AUDIENCE/Data Source/next")): Object: 'Object Repository/AUDIENCE/Data Source/next' is clicked on

2020-03-13 11:31:07 - [MESSAGE][PASSED] - Object: 'Object Repository/AUDIENCE/Data Source/next' is clicked on

2020-03-13 11:31:07 - [TEST_STEP][PASSED] - elements1 = findWebElements(findTestObject("CONTENT/Image_Listing/colum1_Image_Name_values"), 0): Timeout '0' is invalid. Using default page load timeout: '230'

2020-03-13 11:31:07 - [MESSAGE][WARNING] - Timeout '0' is invalid. Using default page load timeout: '230'

2020-03-13 11:31:08 - [TEST_STEP][PASSED] - for (org.openqa.selenium.WebElement ele1 : elements1): null

2020-03-13 11:31:08 - [TEST_STEP][PASSED] - dataSourceTextValuesWithDesc.add(getText().toLowerCase()): null

2020-03-13 11:31:08 - [TEST_STEP][PASSED] - dataSourceTextValuesWithDesc.add(getText().toLowerCase()): null

2020-03-13 11:31:08 - [TEST_STEP][PASSED] - dataSourceTextValuesWithDesc.add(getText().toLowerCase()): null

2020-03-13 11:31:08 - [TEST_STEP][PASSED] - dataSourceTextValuesWithDesc.add(getText().toLowerCase()): null

2020-03-13 11:31:08 - [TEST_STEP][PASSED] - dataSourceTextValuesWithDesc.add(getText().toLowerCase()): null

2020-03-13 11:31:08 - [TEST_STEP][PASSED] - dataSourceTextValuesWithDesc.add(getText().toLowerCase()): null

2020-03-13 11:31:08 - [TEST_STEP][PASSED] - dataSourceTextValuesWithDesc.add(getText().toLowerCase()): null

2020-03-13 11:31:08 - [TEST_STEP][PASSED] - dataSourceTextValuesWithDesc.add(getText().toLowerCase()): null

2020-03-13 11:31:08 - [TEST_STEP][PASSED] - dataSourceTextValuesWithDesc.add(getText().toLowerCase()): null

2020-03-13 11:31:08 - [TEST_STEP][PASSED] - dataSourceTextValuesWithDesc.add(getText().toLowerCase()): null

2020-03-13 11:31:08 - [TEST_STEP][PASSED] - pageValueCount1 += elements1.size(): null

2020-03-13 11:31:08 - [TEST_STEP][PASSED] - click(findTestObject("AUDIENCE/Data Source/next")): Object: 'Object Repository/AUDIENCE/Data Source/next' is clicked on

2020-03-13 11:31:08 - [MESSAGE][PASSED] - Object: 'Object Repository/AUDIENCE/Data Source/next' is clicked on

2020-03-13 11:31:08 - [TEST_STEP][PASSED] - elements1 = findWebElements(findTestObject("CONTENT/Image_Listing/colum1_Image_Name_values"), 0): Timeout '0' is invalid. Using default page load timeout: '230'

2020-03-13 11:31:08 - [MESSAGE][WARNING] - Timeout '0' is invalid. Using default page load timeout: '230'

2020-03-13 11:31:09 - [TEST_STEP][PASSED] - for (org.openqa.selenium.WebElement ele1 : elements1): null

2020-03-13 11:31:09 - [TEST_STEP][PASSED] - dataSourceTextValuesWithDesc.add(getText().toLowerCase()): null

2020-03-13 11:31:09 - [TEST_STEP][PASSED] - dataSourceTextValuesWithDesc.add(getText().toLowerCase()): null

2020-03-13 11:31:09 - [TEST_STEP][PASSED] - dataSourceTextValuesWithDesc.add(getText().toLowerCase()): null

2020-03-13 11:31:09 - [TEST_STEP][PASSED] - dataSourceTextValuesWithDesc.add(getText().toLowerCase()): null

2020-03-13 11:31:09 - [TEST_STEP][PASSED] - dataSourceTextValuesWithDesc.add(getText().toLowerCase()): null

2020-03-13 11:31:09 - [TEST_STEP][PASSED] - dataSourceTextValuesWithDesc.add(getText().toLowerCase()): null

2020-03-13 11:31:09 - [TEST_STEP][PASSED] - dataSourceTextValuesWithDesc.add(getText().toLowerCase()): null

2020-03-13 11:31:09 - [TEST_STEP][PASSED] - dataSourceTextValuesWithDesc.add(getText().toLowerCase()): null

2020-03-13 11:31:10 - [TEST_STEP][PASSED] - dataSourceTextValuesWithDesc.add(getText().toLowerCase()): null

2020-03-13 11:31:10 - [TEST_STEP][PASSED] - dataSourceTextValuesWithDesc.add(getText().toLowerCase()): null

2020-03-13 11:31:10 - [TEST_STEP][PASSED] - pageValueCount1 += elements1.size(): null

2020-03-13 11:31:10 - [TEST_STEP][PASSED] - click(findTestObject("AUDIENCE/Data Source/next")): Object: 'Object Repository/AUDIENCE/Data Source/next' is clicked on

2020-03-13 11:31:10 - [MESSAGE][PASSED] - Object: 'Object Repository/AUDIENCE/Data Source/next' is clicked on

2020-03-13 11:31:10 - [TEST_STEP][PASSED] - elements1 = findWebElements(findTestObject("CONTENT/Image_Listing/colum1_Image_Name_values"), 0): Timeout '0' is invalid. Using default page load timeout: '230'

2020-03-13 11:31:10 - [MESSAGE][WARNING] - Timeout '0' is invalid. Using default page load timeout: '230'

2020-03-13 11:31:11 - [TEST_STEP][PASSED] - for (org.openqa.selenium.WebElement ele1 : elements1): null

2020-03-13 11:31:11 - [TEST_STEP][PASSED] - dataSourceTextValuesWithDesc.add(getText().toLowerCase()): null

2020-03-13 11:31:11 - [TEST_STEP][PASSED] - dataSourceTextValuesWithDesc.add(getText().toLowerCase()): null

2020-03-13 11:31:11 - [TEST_STEP][PASSED] - dataSourceTextValuesWithDesc.add(getText().toLowerCase()): null

2020-03-13 11:31:11 - [TEST_STEP][PASSED] - dataSourceTextValuesWithDesc.add(getText().toLowerCase()): null

2020-03-13 11:31:11 - [TEST_STEP][PASSED] - dataSourceTextValuesWithDesc.add(getText().toLowerCase()): null

2020-03-13 11:31:11 - [TEST_STEP][PASSED] - dataSourceTextValuesWithDesc.add(getText().toLowerCase()): null

2020-03-13 11:31:11 - [TEST_STEP][PASSED] - dataSourceTextValuesWithDesc.add(getText().toLowerCase()): null

2020-03-13 11:31:11 - [TEST_STEP][PASSED] - dataSourceTextValuesWithDesc.add(getText().toLowerCase()): null

2020-03-13 11:31:11 - [TEST_STEP][PASSED] - dataSourceTextValuesWithDesc.add(getText().toLowerCase()): null

2020-03-13 11:31:11 - [TEST_STEP][PASSED] - dataSourceTextValuesWithDesc.add(getText().toLowerCase()): null

2020-03-13 11:31:11 - [TEST_STEP][PASSED] - pageValueCount1 += elements1.size(): null

2020-03-13 11:31:11 - [TEST_STEP][PASSED] - click(findTestObject("AUDIENCE/Data Source/next")): Object: 'Object Repository/AUDIENCE/Data Source/next' is clicked on

2020-03-13 11:31:11 - [MESSAGE][PASSED] - Object: 'Object Repository/AUDIENCE/Data Source/next' is clicked on

2020-03-13 11:31:11 - [TEST_STEP][PASSED] - elements1 = findWebElements(findTestObject("CONTENT/Image_Listing/colum1_Image_Name_values"), 0): Timeout '0' is invalid. Using default page load timeout: '230'

2020-03-13 11:31:12 - [MESSAGE][WARNING] - Timeout '0' is invalid. Using default page load timeout: '230'

2020-03-13 11:31:12 - [TEST_STEP][PASSED] - for (org.openqa.selenium.WebElement ele1 : elements1): null

2020-03-13 11:31:12 - [TEST_STEP][PASSED] - dataSourceTextValuesWithDesc.add(getText().toLowerCase()): null

2020-03-13 11:31:12 - [TEST_STEP][PASSED] - dataSourceTextValuesWithDesc.add(getText().toLowerCase()): null

2020-03-13 11:31:12 - [TEST_STEP][PASSED] - dataSourceTextValuesWithDesc.add(getText().toLowerCase()): null

2020-03-13 11:31:12 - [TEST_STEP][PASSED] - dataSourceTextValuesWithDesc.add(getText().toLowerCase()): null

2020-03-13 11:31:12 - [TEST_STEP][PASSED] - dataSourceTextValuesWithDesc.add(getText().toLowerCase()): null

2020-03-13 11:31:12 - [TEST_STEP][PASSED] - dataSourceTextValuesWithDesc.add(getText().toLowerCase()): null

2020-03-13 11:31:12 - [TEST_STEP][PASSED] - dataSourceTextValuesWithDesc.add(getText().toLowerCase()): null

2020-03-13 11:31:12 - [TEST_STEP][PASSED] - dataSourceTextValuesWithDesc.add(getText().toLowerCase()): null

2020-03-13 11:31:12 - [TEST_STEP][PASSED] - dataSourceTextValuesWithDesc.add(getText().toLowerCase()): null

2020-03-13 11:31:12 - [TEST_STEP][PASSED] - dataSourceTextValuesWithDesc.add(getText().toLowerCase()): null

2020-03-13 11:31:12 - [TEST_STEP][PASSED] - pageValueCount1 += elements1.size(): null

2020-03-13 11:31:12 - [TEST_STEP][PASSED] - click(findTestObject("AUDIENCE/Data Source/next")): Object: 'Object Repository/AUDIENCE/Data Source/next' is clicked on

2020-03-13 11:31:13 - [MESSAGE][PASSED] - Object: 'Object Repository/AUDIENCE/Data Source/next' is clicked on

2020-03-13 11:31:13 - [TEST_STEP][PASSED] - elements1 = findWebElements(findTestObject("CONTENT/Image_Listing/colum1_Image_Name_values"), 0): Timeout '0' is invalid. Using default page load timeout: '230'

2020-03-13 11:31:13 - [MESSAGE][WARNING] - Timeout '0' is invalid. Using default page load timeout: '230'

2020-03-13 11:31:14 - [TEST_STEP][PASSED] - for (org.openqa.selenium.WebElement ele1 : elements1): null

2020-03-13 11:31:14 - [TEST_STEP][PASSED] - dataSourceTextValuesWithDesc.add(getText().toLowerCase()): null

2020-03-13 11:31:14 - [TEST_STEP][PASSED] - dataSourceTextValuesWithDesc.add(getText().toLowerCase()): null

2020-03-13 11:31:14 - [TEST_STEP][PASSED] - dataSourceTextValuesWithDesc.add(getText().toLowerCase()): null

2020-03-13 11:31:14 - [TEST_STEP][PASSED] - dataSourceTextValuesWithDesc.add(getText().toLowerCase()): null

2020-03-13 11:31:14 - [TEST_STEP][PASSED] - dataSourceTextValuesWithDesc.add(getText().toLowerCase()): null

2020-03-13 11:31:14 - [TEST_STEP][PASSED] - dataSourceTextValuesWithDesc.add(getText().toLowerCase()): null

2020-03-13 11:31:14 - [TEST_STEP][PASSED] - dataSourceTextValuesWithDesc.add(getText().toLowerCase()): null

2020-03-13 11:31:14 - [TEST_STEP][PASSED] - dataSourceTextValuesWithDesc.add(getText().toLowerCase()): null

2020-03-13 11:31:14 - [TEST_STEP][PASSED] - dataSourceTextValuesWithDesc.add(getText().toLowerCase()): null

2020-03-13 11:31:14 - [TEST_STEP][PASSED] - dataSourceTextValuesWithDesc.add(getText().toLowerCase()): null

2020-03-13 11:31:14 - [TEST_STEP][PASSED] - pageValueCount1 += elements1.size(): null

2020-03-13 11:31:14 - [TEST_STEP][PASSED] - click(findTestObject("AUDIENCE/Data Source/next")): Object: 'Object Repository/AUDIENCE/Data Source/next' is clicked on

2020-03-13 11:31:14 - [MESSAGE][PASSED] - Object: 'Object Repository/AUDIENCE/Data Source/next' is clicked on

2020-03-13 11:31:14 - [TEST_STEP][PASSED] - elements1 = findWebElements(findTestObject("CONTENT/Image_Listing/colum1_Image_Name_values"), 0): Timeout '0' is invalid. Using default page load timeout: '230'

2020-03-13 11:31:14 - [MESSAGE][WARNING] - Timeout '0' is invalid. Using default page load timeout: '230'

2020-03-13 11:31:15 - [TEST_STEP][PASSED] - for (org.openqa.selenium.WebElement ele1 : elements1): null

2020-03-13 11:31:15 - [TEST_STEP][PASSED] - dataSourceTextValuesWithDesc.add(getText().toLowerCase()): null

2020-03-13 11:31:15 - [TEST_STEP][PASSED] - dataSourceTextValuesWithDesc.add(getText().toLowerCase()): null

2020-03-13 11:31:15 - [TEST_STEP][PASSED] - dataSourceTextValuesWithDesc.add(getText().toLowerCase()): null

2020-03-13 11:31:15 - [TEST_STEP][PASSED] - dataSourceTextValuesWithDesc.add(getText().toLowerCase()): null

2020-03-13 11:31:15 - [TEST_STEP][PASSED] - dataSourceTextValuesWithDesc.add(getText().toLowerCase()): null

2020-03-13 11:31:15 - [TEST_STEP][PASSED] - dataSourceTextValuesWithDesc.add(getText().toLowerCase()): null

2020-03-13 11:31:15 - [TEST_STEP][PASSED] - dataSourceTextValuesWithDesc.add(getText().toLowerCase()): null

2020-03-13 11:31:15 - [TEST_STEP][PASSED] - dataSourceTextValuesWithDesc.add(getText().toLowerCase()): null

2020-03-13 11:31:15 - [TEST_STEP][PASSED] - dataSourceTextValuesWithDesc.add(getText().toLowerCase()): null

2020-03-13 11:31:15 - [TEST_STEP][PASSED] - dataSourceTextValuesWithDesc.add(getText().toLowerCase()): null

2020-03-13 11:31:16 - [TEST_STEP][PASSED] - pageValueCount1 += elements1.size(): null

2020-03-13 11:31:16 - [TEST_STEP][PASSED] - click(findTestObject("AUDIENCE/Data Source/next")): Object: 'Object Repository/AUDIENCE/Data Source/next' is clicked on

2020-03-13 11:31:16 - [MESSAGE][PASSED] - Object: 'Object Repository/AUDIENCE/Data Source/next' is clicked on

2020-03-13 11:31:16 - [TEST_STEP][PASSED] - elements1 = findWebElements(findTestObject("CONTENT/Image_Listing/colum1_Image_Name_values"), 0): Timeout '0' is invalid. Using default page load timeout: '230'

2020-03-13 11:31:16 - [MESSAGE][WARNING] - Timeout '0' is invalid. Using default page load timeout: '230'

2020-03-13 11:31:17 - [TEST_STEP][PASSED] - for (org.openqa.selenium.WebElement ele1 : elements1): null

2020-03-13 11:31:17 - [TEST_STEP][PASSED] - dataSourceTextValuesWithDesc.add(getText().toLowerCase()): null

2020-03-13 11:31:17 - [TEST_STEP][PASSED] - dataSourceTextValuesWithDesc.add(getText().toLowerCase()): null

2020-03-13 11:31:17 - [TEST_STEP][PASSED] - dataSourceTextValuesWithDesc.add(getText().toLowerCase()): null

2020-03-13 11:31:17 - [TEST_STEP][PASSED] - dataSourceTextValuesWithDesc.add(getText().toLowerCase()): null

2020-03-13 11:31:17 - [TEST_STEP][PASSED] - dataSourceTextValuesWithDesc.add(getText().toLowerCase()): null

2020-03-13 11:31:17 - [TEST_STEP][PASSED] - dataSourceTextValuesWithDesc.add(getText().toLowerCase()): null

2020-03-13 11:31:17 - [TEST_STEP][PASSED] - dataSourceTextValuesWithDesc.add(getText().toLowerCase()): null

2020-03-13 11:31:17 - [TEST_STEP][PASSED] - dataSourceTextValuesWithDesc.add(getText().toLowerCase()): null

2020-03-13 11:31:17 - [TEST_STEP][PASSED] - dataSourceTextValuesWithDesc.add(getText().toLowerCase()): null

2020-03-13 11:31:17 - [TEST_STEP][PASSED] - dataSourceTextValuesWithDesc.add(getText().toLowerCase()): null

2020-03-13 11:31:17 - [TEST_STEP][PASSED] - pageValueCount1 += elements1.size(): null

2020-03-13 11:31:17 - [TEST_STEP][PASSED] - click(findTestObject("AUDIENCE/Data Source/next")): Object: 'Object Repository/AUDIENCE/Data Source/next' is clicked on

2020-03-13 11:31:17 - [MESSAGE][PASSED] - Object: 'Object Repository/AUDIENCE/Data Source/next' is clicked on

2020-03-13 11:31:17 - [TEST_STEP][PASSED] - elements1 = findWebElements(findTestObject("CONTENT/Image_Listing/colum1_Image_Name_values"), 0): Timeout '0' is invalid. Using default page load timeout: '230'

2020-03-13 11:31:17 - [MESSAGE][WARNING] - Timeout '0' is invalid. Using default page load timeout: '230'

2020-03-13 11:31:18 - [TEST_STEP][PASSED] - for (org.openqa.selenium.WebElement ele1 : elements1): null

2020-03-13 11:31:18 - [TEST_STEP][PASSED] - dataSourceTextValuesWithDesc.add(getText().toLowerCase()): null

2020-03-13 11:31:18 - [TEST_STEP][PASSED] - dataSourceTextValuesWithDesc.add(getText().toLowerCase()): null

2020-03-13 11:31:18 - [TEST_STEP][PASSED] - dataSourceTextValuesWithDesc.add(getText().toLowerCase()): null

2020-03-13 11:31:18 - [TEST_STEP][PASSED] - dataSourceTextValuesWithDesc.add(getText().toLowerCase()): null

2020-03-13 11:31:18 - [TEST_STEP][PASSED] - dataSourceTextValuesWithDesc.add(getText().toLowerCase()): null

2020-03-13 11:31:18 - [TEST_STEP][PASSED] - dataSourceTextValuesWithDesc.add(getText().toLowerCase()): null

2020-03-13 11:31:18 - [TEST_STEP][PASSED] - dataSourceTextValuesWithDesc.add(getText().toLowerCase()): null

2020-03-13 11:31:18 - [TEST_STEP][PASSED] - dataSourceTextValuesWithDesc.add(getText().toLowerCase()): null

2020-03-13 11:31:18 - [TEST_STEP][PASSED] - pageValueCount1 += elements1.size(): null

2020-03-13 11:31:18 - [TEST_STEP][PASSED] - click(findTestObject("AUDIENCE/Data Source/next")): Object: 'Object Repository/AUDIENCE/Data Source/next' is clicked on

2020-03-13 11:31:21 - [MESSAGE][PASSED] - Object: 'Object Repository/AUDIENCE/Data Source/next' is clicked on

2020-03-13 11:31:21 - [TEST_STEP][PASSED] - elements1 = findWebElements(findTestObject("CONTENT/Image_Listing/colum1_Image_Name_values"), 0): Timeout '0' is invalid. Using default page load timeout: '230'

2020-03-13 11:31:21 - [MESSAGE][WARNING] - Timeout '0' is invalid. Using default page load timeout: '230'

2020-03-13 11:31:21 - [TEST_STEP][PASSED] - isdesc = web.CustomKeyword.checkListDescendingOrder(dataSourceTextValues, dataSourceTextValuesWithDesc): web.CustomKeyword.checkListDescendingOrder is PASSED

2020-03-13 11:31:21 - [MESSAGE][PASSED] - web.CustomKeyword.checkListDescendingOrder is PASSED

2020-03-13 11:31:21 - [TEST_STEP][PASSED] - verifyEqual(isdesc, true): Actual object 'true' and expected object 'true' are equal

2020-03-13 11:31:21 - [MESSAGE][PASSED] - Actual object 'true' and expected object 'true' are equal

2020-03-13 11:31:21 - [TEST_STEP][PASSED] - Start listener action : sampleAfterTestCase: null

2020-03-13 11:31:21 - [TEST_STEP][PASSED] - println(testCaseContext.getTestCaseId()): null

2020-03-13 11:31:21 - [TEST_STEP][PASSED] - println(testCaseContext.getTestCaseStatus()): null

2020-03-13 11:31:21 - [TEST_STEP][PASSED] - println("On Failure Method is Calling : " + testCaseContext.getTestCaseStatus()): null

2020-03-13 11:31:21 - [TEST_STEP][PASSED] - if (!(getTestCaseStatus().equalsIgnoreCase("PASSED"))): null]]></system-out>
         <system-err><![CDATA[]]></system-err>
      </testcase>
      <testcase name="Test Cases/Atlas Platform/Platform Navigation/Picker/TC_099_Close_Common_Browser" time="3.412" classname="Test Cases/Atlas Platform/Platform Navigation/Picker/TC_099_Close_Common_Browser" status="PASSED">
         <system-out><![CDATA[2020-03-13 11:31:24 - [TEST_CASE][PASSED] - Test Cases/Atlas Platform/Platform Navigation/Picker/TC_099_Close_Common_Browser: Test Cases/Atlas Platform/Platform Navigation/Picker/TC_099_Close_Common_Browser

2020-03-13 11:31:24 - [TEST_STEP][PASSED] - closeBrowser(): Browser is closed

2020-03-13 11:31:25 - [MESSAGE][PASSED] - Browser is closed

2020-03-13 11:31:25 - [TEST_STEP][PASSED] - Start listener action : sampleAfterTestCase: null

2020-03-13 11:31:25 - [TEST_STEP][PASSED] - println(testCaseContext.getTestCaseId()): null

2020-03-13 11:31:25 - [TEST_STEP][PASSED] - println(testCaseContext.getTestCaseStatus()): null

2020-03-13 11:31:25 - [TEST_STEP][PASSED] - println("On Failure Method is Calling : " + testCaseContext.getTestCaseStatus()): null

2020-03-13 11:31:25 - [TEST_STEP][PASSED] - if (!(getTestCaseStatus().equalsIgnoreCase("PASSED"))): null]]></system-out>
         <system-err><![CDATA[]]></system-err>
      </testcase>
      <system-out><![CDATA[2020-03-13 11:22:52 - [TEST_SUITE][PASSED] - Images: Test Cases/Atlas Platform/Platform Navigation/Picker/TC_099_Close_Common_Browser]]></system-out>
      <system-err><![CDATA[]]></system-err>
   </testsuite>
</testsuites>
