<?xml version="1.0" encoding="UTF-8"?>
<testsuites name="SwitcherTestSuite" time="304.165" tests="36" failures="0" errors="1">
   <testsuite name="SwitcherTestSuite" tests="36" failures="0" errors="1" time="304.165" timestamp="2020-02-18 22:53:01" hostname="Dell - DESKTOP-8FKLJ50" id="Test Suites/Switcher/SwitcherTestSuite">
      <properties>
         <property name="deviceName" value=""/>
         <property name="devicePlatform" value=""/>
         <property name="logFolder" value="C:\\Users\\Dell\\git\\GSMProject\\Reports\\20200218_225001\\Switcher\\SwitcherTestSuite\\20200218_225002"/>
         <property name="logFiles" value="C:\\Users\\Dell\\git\\GSMProject\\Reports\\20200218_225001\\Switcher\\SwitcherTestSuite\\20200218_225002\\execution0.log"/>
         <property name="attachments" value="D:\\TestDataForSampleProject\\test1.jpg, C:\\Users\\Dell\\git\\GSMProject\\Reports\\20200218_225001\\Switcher\\SwitcherTestSuite\\20200218_225002/videos\\test_27.avi"/>
         <property name="hostName" value="Dell - DESKTOP-8FKLJ50"/>
         <property name="os" value="Windows 10 64bit"/>
         <property name="katalonVersion" value="7.2.1.1"/>
         <property name="browser" value="Firefox 72.0"/>
         <property name="hostAddress" value="10.0.75.1"/>
         <property name="sessionId" value="809e48d3-2a6d-47c8-8465-1b9d47144cf8"/>
         <property name="seleniumVersion" value="3.141.59"/>
         <property name="proxyInformation" value="ProxyInformation{proxyOption=NO_PROXY, proxyServerType=HTTP, password=, proxyServerAddress=, proxyServerPort=0, executionList=}"/>
         <property name="platform" value="Windows 10"/>
      </properties>
      <testcase name="Test Cases/Atlas Platform/OnBoard/Swicther/TC_000_Common_Browser_WithLogin" time="20.454" classname="Test Cases/Atlas Platform/OnBoard/Swicther/TC_000_Common_Browser_WithLogin" status="PASSED">
         <system-out><![CDATA[2020-02-18 22:53:01 - [TEST_CASE][PASSED] - Test Cases/Atlas Platform/OnBoard/Swicther/TC_000_Common_Browser_WithLogin: Test Cases/Atlas Platform/OnBoard/Swicther/TC_000_Common_Browser_WithLogin

2020-02-18 22:53:02 - [TEST_STEP][PASSED] - callTestCase(findTestCase("Atlas Platform/OnBoard/Login/LoginWithRootAdmin"), [:], STOP_ON_FAILURE): Call Test Case 'Test Cases/Atlas Platform/OnBoard/Login/LoginWithRootAdmin' successfully

2020-02-18 22:53:02 - [TEST_CASE][PASSED] - Test Cases/Atlas Platform/OnBoard/Login/LoginWithRootAdmin: Test Cases/Atlas Platform/OnBoard/Login/LoginWithRootAdmin

2020-02-18 22:53:03 - [TEST_STEP][PASSED] - openBrowser(""): Browser is opened with url: ''

2020-02-18 22:53:04 - [MESSAGE][INFO] - Starting 'Firefox' driver

2020-02-18 22:53:04 - [MESSAGE][INFO] - Action delay is set to 0 seconds

2020-02-18 22:53:12 - [MESSAGE][PASSED] - Browser is opened with url: ''

2020-02-18 22:53:12 - [TEST_STEP][NOT_RUN] - callTestCase(findTestCase("Atlas Platform/OnBoard/SwictherDBValidation/TC_100_ForSecurityURLSAcceptance"), [:], CONTINUE_ON_FAILURE): NOT_RUN: callTestCase(findTestCase("Atlas Platform/OnBoard/SwictherDBValidation/TC_100_ForSecurityURLSAcceptance"), [:], CONTINUE_ON_FAILURE)

2020-02-18 22:53:12 - [MESSAGE][NOT_RUN] - NOT_RUN: callTestCase(findTestCase("Atlas Platform/OnBoard/SwictherDBValidation/TC_100_ForSecurityURLSAcceptance"), [:], CONTINUE_ON_FAILURE)

2020-02-18 22:53:12 - [TEST_STEP][PASSED] - navigateToUrl("https://atlas-dev.gsm.auto/"): Navigate to 'https://atlas-dev.gsm.auto/' successfully

2020-02-18 22:53:17 - [MESSAGE][PASSED] - Navigate to 'https://atlas-dev.gsm.auto/' successfully

2020-02-18 22:53:17 - [TEST_STEP][PASSED] - setText(findTestObject("Object Repository/LoginPage/loginpageemailtxtbox"), user_Email): Text 'navaraj@totient.co.in' is set on object 'Object Repository/LoginPage/loginpageemailtxtbox'

2020-02-18 22:53:18 - [MESSAGE][PASSED] - Text 'navaraj@totient.co.in' is set on object 'Object Repository/LoginPage/loginpageemailtxtbox'

2020-02-18 22:53:18 - [TEST_STEP][PASSED] - setText(findTestObject("Object Repository/LoginPage/loginpaepasswordtxtbox"), user_Password): Text 'Totient@123' is set on object 'Object Repository/LoginPage/loginpaepasswordtxtbox'

2020-02-18 22:53:19 - [MESSAGE][PASSED] - Text 'Totient@123' is set on object 'Object Repository/LoginPage/loginpaepasswordtxtbox'

2020-02-18 22:53:19 - [TEST_STEP][PASSED] - click(findTestObject("LoginPage/loginpageloginbtn")): Object: 'Object Repository/LoginPage/loginpageloginbtn' is clicked on

2020-02-18 22:53:19 - [MESSAGE][PASSED] - Object: 'Object Repository/LoginPage/loginpageloginbtn' is clicked on

2020-02-18 22:53:19 - [MESSAGE][PASSED] - Call Test Case 'Test Cases/Atlas Platform/OnBoard/Login/LoginWithRootAdmin' successfully

2020-02-18 22:53:19 - [TEST_STEP][PASSED] - Start listener action : sampleAfterTestCase: null

2020-02-18 22:53:19 - [TEST_STEP][PASSED] - println(testCaseContext.getTestCaseId()): null

2020-02-18 22:53:19 - [TEST_STEP][PASSED] - println(testCaseContext.getTestCaseStatus()): null

2020-02-18 22:53:19 - [TEST_STEP][PASSED] - println("On Failure Method is Calling : " + testCaseContext.getTestCaseStatus()): null

2020-02-18 22:53:19 - [TEST_STEP][PASSED] - if (!(getTestCaseStatus().equalsIgnoreCase("PASSED"))): null]]></system-out>
         <system-err><![CDATA[]]></system-err>
      </testcase>
      <testcase name="Test Cases/Atlas Platform/OnBoard/Swicther/TC_001_SwictherTextValidation" time="3.555" classname="Test Cases/Atlas Platform/OnBoard/Swicther/TC_001_SwictherTextValidation" status="PASSED">
         <system-out><![CDATA[2020-02-18 22:53:21 - [TEST_CASE][PASSED] - Test Cases/Atlas Platform/OnBoard/Swicther/TC_001_SwictherTextValidation: Test Cases/Atlas Platform/OnBoard/Swicther/TC_001_SwictherTextValidation

2020-02-18 22:53:22 - [TEST_STEP][NOT_RUN] - callTestCase(findTestCase("Atlas Platform/OnBoard/Login/LoginWithRootAdmin"), [:], STOP_ON_FAILURE): NOT_RUN: callTestCase(findTestCase("Atlas Platform/OnBoard/Login/LoginWithRootAdmin"), [:], STOP_ON_FAILURE)

2020-02-18 22:53:22 - [MESSAGE][NOT_RUN] - NOT_RUN: callTestCase(findTestCase("Atlas Platform/OnBoard/Login/LoginWithRootAdmin"), [:], STOP_ON_FAILURE)

2020-02-18 22:53:22 - [TEST_STEP][PASSED] - verifyElementPresent(findTestObject("Swicther/swicthermenutext"), 0): Object 'Object Repository/Swicther/swicthermenutext' is present

2020-02-18 22:53:22 - [MESSAGE][WARNING] - Timeout '0' is invalid. Using default page load timeout: '230'

2020-02-18 22:53:22 - [MESSAGE][PASSED] - Object 'Object Repository/Swicther/swicthermenutext' is present

2020-02-18 22:53:22 - [TEST_STEP][PASSED] - verifyEqual(getCSSValue(findTestObject("Swicther/swicthermenutext"), "margin-right"), "6px"): Actual object '6px' and expected object '6px' are equal

2020-02-18 22:53:23 - [MESSAGE][PASSED] - Get CSS 'margin-right' value on 'Object Repository/Swicther/swicthermenutext' successfully: '6px'.

2020-02-18 22:53:23 - [MESSAGE][PASSED] - Actual object '6px' and expected object '6px' are equal

2020-02-18 22:53:23 - [TEST_STEP][PASSED] - verifyEqual(getCSSValue(findTestObject("Swicther/swicthermenutext"), "font-size"), "12px"): Actual object '12px' and expected object '12px' are equal

2020-02-18 22:53:23 - [MESSAGE][PASSED] - Get CSS 'font-size' value on 'Object Repository/Swicther/swicthermenutext' successfully: '12px'.

2020-02-18 22:53:23 - [MESSAGE][PASSED] - Actual object '12px' and expected object '12px' are equal

2020-02-18 22:53:23 - [TEST_STEP][PASSED] - Start listener action : sampleAfterTestCase: null

2020-02-18 22:53:23 - [TEST_STEP][PASSED] - println(testCaseContext.getTestCaseId()): null

2020-02-18 22:53:23 - [TEST_STEP][PASSED] - println(testCaseContext.getTestCaseStatus()): null

2020-02-18 22:53:23 - [TEST_STEP][PASSED] - println("On Failure Method is Calling : " + testCaseContext.getTestCaseStatus()): null

2020-02-18 22:53:23 - [TEST_STEP][PASSED] - if (!(getTestCaseStatus().equalsIgnoreCase("PASSED"))): null]]></system-out>
         <system-err><![CDATA[]]></system-err>
      </testcase>
      <testcase name="Test Cases/Atlas Platform/OnBoard/Swicther/TC_002_ChecksSwictherMenuAttributes" time="6.645" classname="Test Cases/Atlas Platform/OnBoard/Swicther/TC_002_ChecksSwictherMenuAttributes" status="PASSED">
         <system-out><![CDATA[2020-02-18 22:53:25 - [TEST_CASE][PASSED] - Test Cases/Atlas Platform/OnBoard/Swicther/TC_002_ChecksSwictherMenuAttributes: Test Cases/Atlas Platform/OnBoard/Swicther/TC_002_ChecksSwictherMenuAttributes

2020-02-18 22:53:26 - [TEST_STEP][NOT_RUN] - callTestCase(findTestCase("Atlas Platform/OnBoard/Login/LoginWithRootAdmin"), [:], STOP_ON_FAILURE): NOT_RUN: callTestCase(findTestCase("Atlas Platform/OnBoard/Login/LoginWithRootAdmin"), [:], STOP_ON_FAILURE)

2020-02-18 22:53:26 - [MESSAGE][NOT_RUN] - NOT_RUN: callTestCase(findTestCase("Atlas Platform/OnBoard/Login/LoginWithRootAdmin"), [:], STOP_ON_FAILURE)

2020-02-18 22:53:26 - [TEST_STEP][PASSED] - click(findTestObject("Swicther/swicthermenutext")): Object: 'Object Repository/Swicther/swicthermenutext' is clicked on

2020-02-18 22:53:27 - [MESSAGE][PASSED] - Object: 'Object Repository/Swicther/swicthermenutext' is clicked on

2020-02-18 22:53:27 - [TEST_STEP][PASSED] - verifyElementText(findTestObject("Swicther/root_tab_swicther"), "Root"): Actual text and expected text of test object 'Object Repository/Swicther/root_tab_swicther' are matched.

2020-02-18 22:53:27 - [MESSAGE][PASSED] - Actual text and expected text of test object 'Object Repository/Swicther/root_tab_swicther' are matched.

2020-02-18 22:53:27 - [TEST_STEP][PASSED] - verifyElementText(findTestObject("Swicther/accounts_tab_swicther"), "Accounts"): Actual text and expected text of test object 'Object Repository/Swicther/accounts_tab_swicther' are matched.

2020-02-18 22:53:27 - [MESSAGE][PASSED] - Actual text and expected text of test object 'Object Repository/Swicther/accounts_tab_swicther' are matched.

2020-02-18 22:53:27 - [TEST_STEP][PASSED] - verifyElementText(findTestObject("Swicther/organization_tab_swicther"), "Organizations"): Actual text and expected text of test object 'Object Repository/Swicther/organization_tab_swicther' are matched.

2020-02-18 22:53:28 - [MESSAGE][PASSED] - Actual text and expected text of test object 'Object Repository/Swicther/organization_tab_swicther' are matched.

2020-02-18 22:53:28 - [TEST_STEP][PASSED] - verifyElementText(findTestObject("Swicther/favorites_tabs_swicther"), "Favorites"): Actual text and expected text of test object 'Object Repository/Swicther/favorites_tabs_swicther' are matched.

2020-02-18 22:53:28 - [MESSAGE][PASSED] - Actual text and expected text of test object 'Object Repository/Swicther/favorites_tabs_swicther' are matched.

2020-02-18 22:53:28 - [TEST_STEP][PASSED] - verifyElementInViewport(findTestObject("Swicther/search_in_swicther"), 0): Object 'Object Repository/Swicther/search_in_swicther' is present and visible in viewport

2020-02-18 22:53:28 - [MESSAGE][WARNING] - Timeout '0' is invalid. Using default page load timeout: '230'

2020-02-18 22:53:29 - [MESSAGE][PASSED] - Object 'Object Repository/Swicther/search_in_swicther' is present and visible in viewport

2020-02-18 22:53:29 - [TEST_STEP][PASSED] - verifyElementInViewport(findTestObject("Swicther/closeIcon"), 0): Object 'Object Repository/Swicther/closeIcon' is present and visible in viewport

2020-02-18 22:53:29 - [MESSAGE][WARNING] - Timeout '0' is invalid. Using default page load timeout: '230'

2020-02-18 22:53:29 - [MESSAGE][PASSED] - Object 'Object Repository/Swicther/closeIcon' is present and visible in viewport

2020-02-18 22:53:29 - [TEST_STEP][PASSED] - click(findTestObject("Swicther/closeIcon")): Object: 'Object Repository/Swicther/closeIcon' is clicked on

2020-02-18 22:53:30 - [MESSAGE][PASSED] - Object: 'Object Repository/Swicther/closeIcon' is clicked on

2020-02-18 22:53:30 - [TEST_STEP][PASSED] - Start listener action : sampleAfterTestCase: null

2020-02-18 22:53:30 - [TEST_STEP][PASSED] - println(testCaseContext.getTestCaseId()): null

2020-02-18 22:53:30 - [TEST_STEP][PASSED] - println(testCaseContext.getTestCaseStatus()): null

2020-02-18 22:53:30 - [TEST_STEP][PASSED] - println("On Failure Method is Calling : " + testCaseContext.getTestCaseStatus()): null

2020-02-18 22:53:30 - [TEST_STEP][PASSED] - if (!(getTestCaseStatus().equalsIgnoreCase("PASSED"))): null]]></system-out>
         <system-err><![CDATA[]]></system-err>
      </testcase>
      <testcase name="Test Cases/Atlas Platform/OnBoard/Swicther/TC_003_VerifyLastVisitYesterday" time="5.088" classname="Test Cases/Atlas Platform/OnBoard/Swicther/TC_003_VerifyLastVisitYesterday" status="PASSED">
         <system-out><![CDATA[2020-02-18 22:53:32 - [TEST_CASE][PASSED] - Test Cases/Atlas Platform/OnBoard/Swicther/TC_003_VerifyLastVisitYesterday: Test Cases/Atlas Platform/OnBoard/Swicther/TC_003_VerifyLastVisitYesterday

2020-02-18 22:53:32 - [TEST_STEP][NOT_RUN] - callTestCase(findTestCase("Atlas Platform/OnBoard/Login/LoginWithRootAdmin"), [:], STOP_ON_FAILURE): NOT_RUN: callTestCase(findTestCase("Atlas Platform/OnBoard/Login/LoginWithRootAdmin"), [:], STOP_ON_FAILURE)

2020-02-18 22:53:32 - [MESSAGE][NOT_RUN] - NOT_RUN: callTestCase(findTestCase("Atlas Platform/OnBoard/Login/LoginWithRootAdmin"), [:], STOP_ON_FAILURE)

2020-02-18 22:53:32 - [TEST_STEP][PASSED] - click(findTestObject("Swicther/swicthermenutext")): Object: 'Object Repository/Swicther/swicthermenutext' is clicked on

2020-02-18 22:53:33 - [MESSAGE][PASSED] - Object: 'Object Repository/Swicther/swicthermenutext' is clicked on

2020-02-18 22:53:33 - [TEST_STEP][PASSED] - click(findTestObject("Swicther/accounts_tab_swicther")): Object: 'Object Repository/Swicther/accounts_tab_swicther' is clicked on

2020-02-18 22:53:33 - [MESSAGE][PASSED] - Object: 'Object Repository/Swicther/accounts_tab_swicther' is clicked on

2020-02-18 22:53:33 - [TEST_STEP][PASSED] - verifyElementText(findTestObject("Swicther/FirstLastViewedTextForAccounts"), "Last Visited Today"): Actual text and expected text of test object 'Object Repository/Swicther/FirstLastViewedTextForAccounts' are matched.

2020-02-18 22:53:34 - [MESSAGE][PASSED] - Actual text and expected text of test object 'Object Repository/Swicther/FirstLastViewedTextForAccounts' are matched.

2020-02-18 22:53:34 - [TEST_STEP][PASSED] - click(findTestObject("Swicther/closeIcon")): Object: 'Object Repository/Swicther/closeIcon' is clicked on

2020-02-18 22:53:35 - [MESSAGE][PASSED] - Object: 'Object Repository/Swicther/closeIcon' is clicked on

2020-02-18 22:53:35 - [TEST_STEP][PASSED] - Start listener action : sampleAfterTestCase: null

2020-02-18 22:53:35 - [TEST_STEP][PASSED] - println(testCaseContext.getTestCaseId()): null

2020-02-18 22:53:35 - [TEST_STEP][PASSED] - println(testCaseContext.getTestCaseStatus()): null

2020-02-18 22:53:35 - [TEST_STEP][PASSED] - println("On Failure Method is Calling : " + testCaseContext.getTestCaseStatus()): null

2020-02-18 22:53:35 - [TEST_STEP][PASSED] - if (!(getTestCaseStatus().equalsIgnoreCase("PASSED"))): null]]></system-out>
         <system-err><![CDATA[]]></system-err>
      </testcase>
      <testcase name="Test Cases/Atlas Platform/OnBoard/Swicther/TC_004_VerifyLastVisitToday" time="4.908" classname="Test Cases/Atlas Platform/OnBoard/Swicther/TC_004_VerifyLastVisitToday" status="PASSED">
         <system-out><![CDATA[2020-02-18 22:53:37 - [TEST_CASE][PASSED] - Test Cases/Atlas Platform/OnBoard/Swicther/TC_004_VerifyLastVisitToday: Test Cases/Atlas Platform/OnBoard/Swicther/TC_004_VerifyLastVisitToday

2020-02-18 22:53:37 - [TEST_STEP][NOT_RUN] - callTestCase(findTestCase("Atlas Platform/OnBoard/Login/LoginWithRootAdmin"), [:], STOP_ON_FAILURE): NOT_RUN: callTestCase(findTestCase("Atlas Platform/OnBoard/Login/LoginWithRootAdmin"), [:], STOP_ON_FAILURE)

2020-02-18 22:53:37 - [MESSAGE][NOT_RUN] - NOT_RUN: callTestCase(findTestCase("Atlas Platform/OnBoard/Login/LoginWithRootAdmin"), [:], STOP_ON_FAILURE)

2020-02-18 22:53:37 - [TEST_STEP][PASSED] - click(findTestObject("Swicther/swicthermenutext")): Object: 'Object Repository/Swicther/swicthermenutext' is clicked on

2020-02-18 22:53:38 - [MESSAGE][PASSED] - Object: 'Object Repository/Swicther/swicthermenutext' is clicked on

2020-02-18 22:53:38 - [TEST_STEP][PASSED] - click(findTestObject("Swicther/root_tab_swicther")): Object: 'Object Repository/Swicther/root_tab_swicther' is clicked on

2020-02-18 22:53:39 - [MESSAGE][PASSED] - Object: 'Object Repository/Swicther/root_tab_swicther' is clicked on

2020-02-18 22:53:39 - [TEST_STEP][PASSED] - verifyElementText(findTestObject("Swicther/FirstLastViewedTextForRoot"), "Last Visited Today"): Actual text and expected text of test object 'Object Repository/Swicther/FirstLastViewedTextForRoot' are matched.

2020-02-18 22:53:39 - [MESSAGE][PASSED] - Actual text and expected text of test object 'Object Repository/Swicther/FirstLastViewedTextForRoot' are matched.

2020-02-18 22:53:39 - [TEST_STEP][PASSED] - click(findTestObject("Swicther/closeIcon")): Object: 'Object Repository/Swicther/closeIcon' is clicked on

2020-02-18 22:53:40 - [MESSAGE][PASSED] - Object: 'Object Repository/Swicther/closeIcon' is clicked on

2020-02-18 22:53:40 - [TEST_STEP][PASSED] - Start listener action : sampleAfterTestCase: null

2020-02-18 22:53:40 - [TEST_STEP][PASSED] - println(testCaseContext.getTestCaseId()): null

2020-02-18 22:53:40 - [TEST_STEP][PASSED] - println(testCaseContext.getTestCaseStatus()): null

2020-02-18 22:53:40 - [TEST_STEP][PASSED] - println("On Failure Method is Calling : " + testCaseContext.getTestCaseStatus()): null

2020-02-18 22:53:40 - [TEST_STEP][PASSED] - if (!(getTestCaseStatus().equalsIgnoreCase("PASSED"))): null]]></system-out>
         <system-err><![CDATA[]]></system-err>
      </testcase>
      <testcase name="Test Cases/Atlas Platform/OnBoard/Swicther/TC_005_VerifyRootTabValues" time="8.37" classname="Test Cases/Atlas Platform/OnBoard/Swicther/TC_005_VerifyRootTabValues" status="PASSED">
         <system-out><![CDATA[2020-02-18 22:53:42 - [TEST_CASE][PASSED] - Test Cases/Atlas Platform/OnBoard/Swicther/TC_005_VerifyRootTabValues: Test Cases/Atlas Platform/OnBoard/Swicther/TC_005_VerifyRootTabValues

2020-02-18 22:53:42 - [TEST_STEP][NOT_RUN] - callTestCase(findTestCase("Atlas Platform/OnBoard/Login/LoginWithRootAdmin"), [:], STOP_ON_FAILURE): NOT_RUN: callTestCase(findTestCase("Atlas Platform/OnBoard/Login/LoginWithRootAdmin"), [:], STOP_ON_FAILURE)

2020-02-18 22:53:43 - [MESSAGE][NOT_RUN] - NOT_RUN: callTestCase(findTestCase("Atlas Platform/OnBoard/Login/LoginWithRootAdmin"), [:], STOP_ON_FAILURE)

2020-02-18 22:53:43 - [TEST_STEP][PASSED] - click(findTestObject("Swicther/swicthermenutext")): Object: 'Object Repository/Swicther/swicthermenutext' is clicked on

2020-02-18 22:53:43 - [MESSAGE][PASSED] - Object: 'Object Repository/Swicther/swicthermenutext' is clicked on

2020-02-18 22:53:43 - [TEST_STEP][PASSED] - click(findTestObject("Swicther/organization_tab_swicther")): Object: 'Object Repository/Swicther/organization_tab_swicther' is clicked on

2020-02-18 22:53:44 - [MESSAGE][PASSED] - Object: 'Object Repository/Swicther/organization_tab_swicther' is clicked on

2020-02-18 22:53:44 - [TEST_STEP][PASSED] - listofOrgNames = findWebElements(findTestObject("Swicther/organization_tab_all_values"), 10): null

2020-02-18 22:53:44 - [TEST_STEP][PASSED] - click(findTestObject("Swicther/root_tab_swicther")): Object: 'Object Repository/Swicther/root_tab_swicther' is clicked on

2020-02-18 22:53:45 - [MESSAGE][PASSED] - Object: 'Object Repository/Swicther/root_tab_swicther' is clicked on

2020-02-18 22:53:45 - [TEST_STEP][PASSED] - listofRootnames = findWebElements(findTestObject("Swicther/root_tab_all_values"), 10): null

2020-02-18 22:53:46 - [TEST_STEP][PASSED] - rootNames = new java.util.ArrayList(): null

2020-02-18 22:53:46 - [TEST_STEP][PASSED] - for (org.openqa.selenium.WebElement ele : listofRootnames): null

2020-02-18 22:53:46 - [TEST_STEP][PASSED] - rootNames.add(ele.getText()): null

2020-02-18 22:53:46 - [TEST_STEP][PASSED] - for ([hjk = 0, hjk < listofOrgNames.size(), (hjk++)]): null

2020-02-18 22:53:46 - [TEST_STEP][PASSED] - Assert.assertTrue(!(rootNames.contains(split("Last")[0].trim())), "Root Account is not present in Org Tab"): null

2020-02-18 22:53:46 - [TEST_STEP][PASSED] - Assert.assertTrue(!(rootNames.contains(split("Last")[0].trim())), "Root Account is not present in Org Tab"): null

2020-02-18 22:53:46 - [TEST_STEP][PASSED] - Assert.assertTrue(!(rootNames.contains(split("Last")[0].trim())), "Root Account is not present in Org Tab"): null

2020-02-18 22:53:46 - [TEST_STEP][PASSED] - Assert.assertTrue(!(rootNames.contains(split("Last")[0].trim())), "Root Account is not present in Org Tab"): null

2020-02-18 22:53:46 - [TEST_STEP][PASSED] - Assert.assertTrue(!(rootNames.contains(split("Last")[0].trim())), "Root Account is not present in Org Tab"): null

2020-02-18 22:53:46 - [TEST_STEP][PASSED] - Assert.assertTrue(!(rootNames.contains(split("Last")[0].trim())), "Root Account is not present in Org Tab"): null

2020-02-18 22:53:46 - [TEST_STEP][PASSED] - Assert.assertTrue(!(rootNames.contains(split("Last")[0].trim())), "Root Account is not present in Org Tab"): null

2020-02-18 22:53:46 - [TEST_STEP][PASSED] - Assert.assertTrue(!(rootNames.contains(split("Last")[0].trim())), "Root Account is not present in Org Tab"): null

2020-02-18 22:53:46 - [TEST_STEP][PASSED] - Assert.assertTrue(!(rootNames.contains(split("Last")[0].trim())), "Root Account is not present in Org Tab"): null

2020-02-18 22:53:46 - [TEST_STEP][PASSED] - Assert.assertTrue(!(rootNames.contains(split("Last")[0].trim())), "Root Account is not present in Org Tab"): null

2020-02-18 22:53:46 - [TEST_STEP][PASSED] - Assert.assertTrue(!(rootNames.contains(split("Last")[0].trim())), "Root Account is not present in Org Tab"): null

2020-02-18 22:53:46 - [TEST_STEP][PASSED] - Assert.assertTrue(!(rootNames.contains(split("Last")[0].trim())), "Root Account is not present in Org Tab"): null

2020-02-18 22:53:46 - [TEST_STEP][PASSED] - Assert.assertTrue(!(rootNames.contains(split("Last")[0].trim())), "Root Account is not present in Org Tab"): null

2020-02-18 22:53:46 - [TEST_STEP][PASSED] - click(findTestObject("Swicther/accounts_tab_swicther")): Object: 'Object Repository/Swicther/accounts_tab_swicther' is clicked on

2020-02-18 22:53:47 - [MESSAGE][PASSED] - Object: 'Object Repository/Swicther/accounts_tab_swicther' is clicked on

2020-02-18 22:53:47 - [TEST_STEP][PASSED] - listofAccNames = findWebElements(findTestObject("Swicther/accounts_tab_all_values"), 10): null

2020-02-18 22:53:47 - [TEST_STEP][PASSED] - for ([hjk = 0, hjk < listofAccNames.size(), (hjk++)]): null

2020-02-18 22:53:47 - [TEST_STEP][PASSED] - Assert.assertTrue(!(rootNames.contains(split("Last")[0].trim())), "Root Account is not present in Acc Tab"): null

2020-02-18 22:53:47 - [TEST_STEP][PASSED] - Assert.assertTrue(!(rootNames.contains(split("Last")[0].trim())), "Root Account is not present in Acc Tab"): null

2020-02-18 22:53:47 - [TEST_STEP][PASSED] - Assert.assertTrue(!(rootNames.contains(split("Last")[0].trim())), "Root Account is not present in Acc Tab"): null

2020-02-18 22:53:47 - [TEST_STEP][PASSED] - Assert.assertTrue(!(rootNames.contains(split("Last")[0].trim())), "Root Account is not present in Acc Tab"): null

2020-02-18 22:53:47 - [TEST_STEP][PASSED] - Assert.assertTrue(!(rootNames.contains(split("Last")[0].trim())), "Root Account is not present in Acc Tab"): null

2020-02-18 22:53:47 - [TEST_STEP][PASSED] - Assert.assertTrue(!(rootNames.contains(split("Last")[0].trim())), "Root Account is not present in Acc Tab"): null

2020-02-18 22:53:47 - [TEST_STEP][PASSED] - Assert.assertTrue(!(rootNames.contains(split("Last")[0].trim())), "Root Account is not present in Acc Tab"): null

2020-02-18 22:53:47 - [TEST_STEP][PASSED] - Assert.assertTrue(!(rootNames.contains(split("Last")[0].trim())), "Root Account is not present in Acc Tab"): null

2020-02-18 22:53:47 - [TEST_STEP][PASSED] - click(findTestObject("Swicther/closeIcon")): Object: 'Object Repository/Swicther/closeIcon' is clicked on

2020-02-18 22:53:48 - [MESSAGE][PASSED] - Object: 'Object Repository/Swicther/closeIcon' is clicked on

2020-02-18 22:53:48 - [TEST_STEP][PASSED] - Start listener action : sampleAfterTestCase: null

2020-02-18 22:53:48 - [TEST_STEP][PASSED] - println(testCaseContext.getTestCaseId()): null

2020-02-18 22:53:48 - [TEST_STEP][PASSED] - println(testCaseContext.getTestCaseStatus()): null

2020-02-18 22:53:48 - [TEST_STEP][PASSED] - println("On Failure Method is Calling : " + testCaseContext.getTestCaseStatus()): null

2020-02-18 22:53:48 - [TEST_STEP][PASSED] - if (!(getTestCaseStatus().equalsIgnoreCase("PASSED"))): null]]></system-out>
         <system-err><![CDATA[]]></system-err>
      </testcase>
      <testcase name="Test Cases/Atlas Platform/OnBoard/Swicther/TC_006_VerifyCloseIcon" time="3.67" classname="Test Cases/Atlas Platform/OnBoard/Swicther/TC_006_VerifyCloseIcon" status="PASSED">
         <system-out><![CDATA[2020-02-18 22:53:50 - [TEST_CASE][PASSED] - Test Cases/Atlas Platform/OnBoard/Swicther/TC_006_VerifyCloseIcon: Test Cases/Atlas Platform/OnBoard/Swicther/TC_006_VerifyCloseIcon

2020-02-18 22:53:50 - [TEST_STEP][NOT_RUN] - callTestCase(findTestCase("Atlas Platform/OnBoard/Login/LoginWithRootAdmin"), [:], STOP_ON_FAILURE): NOT_RUN: callTestCase(findTestCase("Atlas Platform/OnBoard/Login/LoginWithRootAdmin"), [:], STOP_ON_FAILURE)

2020-02-18 22:53:50 - [MESSAGE][NOT_RUN] - NOT_RUN: callTestCase(findTestCase("Atlas Platform/OnBoard/Login/LoginWithRootAdmin"), [:], STOP_ON_FAILURE)

2020-02-18 22:53:50 - [TEST_STEP][PASSED] - click(findTestObject("Swicther/swicthermenutext")): Object: 'Object Repository/Swicther/swicthermenutext' is clicked on

2020-02-18 22:53:51 - [MESSAGE][PASSED] - Object: 'Object Repository/Swicther/swicthermenutext' is clicked on

2020-02-18 22:53:51 - [TEST_STEP][PASSED] - click(findTestObject("Swicther/closeIcon")): Object: 'Object Repository/Swicther/closeIcon' is clicked on

2020-02-18 22:53:52 - [MESSAGE][PASSED] - Object: 'Object Repository/Swicther/closeIcon' is clicked on

2020-02-18 22:53:52 - [TEST_STEP][PASSED] - Start listener action : sampleAfterTestCase: null

2020-02-18 22:53:52 - [TEST_STEP][PASSED] - println(testCaseContext.getTestCaseId()): null

2020-02-18 22:53:52 - [TEST_STEP][PASSED] - println(testCaseContext.getTestCaseStatus()): null

2020-02-18 22:53:52 - [TEST_STEP][PASSED] - println("On Failure Method is Calling : " + testCaseContext.getTestCaseStatus()): null

2020-02-18 22:53:52 - [TEST_STEP][PASSED] - if (!(getTestCaseStatus().equalsIgnoreCase("PASSED"))): null]]></system-out>
         <system-err><![CDATA[]]></system-err>
      </testcase>
      <testcase name="Test Cases/Atlas Platform/OnBoard/Swicther/TC_007_ValidateSwicther-SelectedAccount" time="5.746" classname="Test Cases/Atlas Platform/OnBoard/Swicther/TC_007_ValidateSwicther-SelectedAccount" status="PASSED">
         <system-out><![CDATA[2020-02-18 22:53:54 - [TEST_CASE][PASSED] - Test Cases/Atlas Platform/OnBoard/Swicther/TC_007_ValidateSwicther-SelectedAccount: Test Cases/Atlas Platform/OnBoard/Swicther/TC_007_ValidateSwicther-SelectedAccount

2020-02-18 22:53:54 - [TEST_STEP][NOT_RUN] - callTestCase(findTestCase("Atlas Platform/OnBoard/Login/LoginWithRootAdmin"), [:], STOP_ON_FAILURE): NOT_RUN: callTestCase(findTestCase("Atlas Platform/OnBoard/Login/LoginWithRootAdmin"), [:], STOP_ON_FAILURE)

2020-02-18 22:53:54 - [MESSAGE][NOT_RUN] - NOT_RUN: callTestCase(findTestCase("Atlas Platform/OnBoard/Login/LoginWithRootAdmin"), [:], STOP_ON_FAILURE)

2020-02-18 22:53:54 - [TEST_STEP][PASSED] - initiallyselectedtext = getText(findTestObject("Swicther/swicthermenutext")): Text of object 'Object Repository/Swicther/swicthermenutext' is: '802 Toyota'

2020-02-18 22:53:55 - [MESSAGE][PASSED] - Text of object 'Object Repository/Swicther/swicthermenutext' is: '802 Toyota'

2020-02-18 22:53:55 - [TEST_STEP][PASSED] - click(findTestObject("Swicther/swicthermenutext")): Object: 'Object Repository/Swicther/swicthermenutext' is clicked on

2020-02-18 22:53:55 - [MESSAGE][PASSED] - Object: 'Object Repository/Swicther/swicthermenutext' is clicked on

2020-02-18 22:53:55 - [TEST_STEP][PASSED] - click(findTestObject("Swicther/accounts_tab_swicther")): Object: 'Object Repository/Swicther/accounts_tab_swicther' is clicked on

2020-02-18 22:53:56 - [MESSAGE][PASSED] - Object: 'Object Repository/Swicther/accounts_tab_swicther' is clicked on

2020-02-18 22:53:56 - [TEST_STEP][PASSED] - selectedtext = getText(findTestObject("Swicther/account_tab_first_values")): Text of object 'Object Repository/Swicther/account_tab_first_values' is: 'Atlantic Toyota
Last Visited Today'

2020-02-18 22:53:57 - [MESSAGE][PASSED] - Text of object 'Object Repository/Swicther/account_tab_first_values' is: 'Atlantic Toyota
Last Visited Today'

2020-02-18 22:53:57 - [TEST_STEP][PASSED] - click(findTestObject("Swicther/account_tab_first_values")): Object: 'Object Repository/Swicther/account_tab_first_values' is clicked on

2020-02-18 22:53:57 - [MESSAGE][PASSED] - Object: 'Object Repository/Swicther/account_tab_first_values' is clicked on

2020-02-18 22:53:57 - [TEST_STEP][PASSED] - verifyNotEqual(initiallyselectedtext, split("Last")[0].trim()): Actual object '802 Toyota' and expected object 'Atlantic Toyota' are not equal

2020-02-18 22:53:57 - [MESSAGE][PASSED] - Actual object '802 Toyota' and expected object 'Atlantic Toyota' are not equal

2020-02-18 22:53:57 - [TEST_STEP][PASSED] - currentlySelectedText = getText(findTestObject("Swicther/swicthermenutext")): Text of object 'Object Repository/Swicther/swicthermenutext' is: 'Atlantic Toyota'

2020-02-18 22:53:58 - [MESSAGE][PASSED] - Text of object 'Object Repository/Swicther/swicthermenutext' is: 'Atlantic Toyota'

2020-02-18 22:53:58 - [TEST_STEP][PASSED] - verifyEqual(currentlySelectedText.trim(), split("Last")[0].trim()): Actual object 'Atlantic Toyota' and expected object 'Atlantic Toyota' are equal

2020-02-18 22:53:58 - [MESSAGE][PASSED] - Actual object 'Atlantic Toyota' and expected object 'Atlantic Toyota' are equal

2020-02-18 22:53:58 - [TEST_STEP][PASSED] - Start listener action : sampleAfterTestCase: null

2020-02-18 22:53:58 - [TEST_STEP][PASSED] - println(testCaseContext.getTestCaseId()): null

2020-02-18 22:53:58 - [TEST_STEP][PASSED] - println(testCaseContext.getTestCaseStatus()): null

2020-02-18 22:53:58 - [TEST_STEP][PASSED] - println("On Failure Method is Calling : " + testCaseContext.getTestCaseStatus()): null

2020-02-18 22:53:58 - [TEST_STEP][PASSED] - if (!(getTestCaseStatus().equalsIgnoreCase("PASSED"))): null]]></system-out>
         <system-err><![CDATA[]]></system-err>
      </testcase>
      <testcase name="Test Cases/Atlas Platform/OnBoard/Swicther/TC_008_ValidateSwicther-SelectedOrganization" time="5.658" classname="Test Cases/Atlas Platform/OnBoard/Swicther/TC_008_ValidateSwicther-SelectedOrganization" status="PASSED">
         <system-out><![CDATA[2020-02-18 22:54:00 - [TEST_CASE][PASSED] - Test Cases/Atlas Platform/OnBoard/Swicther/TC_008_ValidateSwicther-SelectedOrganization: Test Cases/Atlas Platform/OnBoard/Swicther/TC_008_ValidateSwicther-SelectedOrganization

2020-02-18 22:54:00 - [TEST_STEP][NOT_RUN] - callTestCase(findTestCase("Atlas Platform/OnBoard/Login/LoginWithRootAdmin"), [:], STOP_ON_FAILURE): NOT_RUN: callTestCase(findTestCase("Atlas Platform/OnBoard/Login/LoginWithRootAdmin"), [:], STOP_ON_FAILURE)

2020-02-18 22:54:00 - [MESSAGE][NOT_RUN] - NOT_RUN: callTestCase(findTestCase("Atlas Platform/OnBoard/Login/LoginWithRootAdmin"), [:], STOP_ON_FAILURE)

2020-02-18 22:54:00 - [TEST_STEP][PASSED] - initiallyselectedtext = getText(findTestObject("Swicther/swicthermenutext")): Text of object 'Object Repository/Swicther/swicthermenutext' is: 'Atlantic Toyota'

2020-02-18 22:54:00 - [MESSAGE][PASSED] - Text of object 'Object Repository/Swicther/swicthermenutext' is: 'Atlantic Toyota'

2020-02-18 22:54:00 - [TEST_STEP][PASSED] - click(findTestObject("Swicther/swicthermenutext")): Object: 'Object Repository/Swicther/swicthermenutext' is clicked on

2020-02-18 22:54:01 - [MESSAGE][PASSED] - Object: 'Object Repository/Swicther/swicthermenutext' is clicked on

2020-02-18 22:54:01 - [TEST_STEP][PASSED] - click(findTestObject("Swicther/organization_tab_swicther")): Object: 'Object Repository/Swicther/organization_tab_swicther' is clicked on

2020-02-18 22:54:02 - [MESSAGE][PASSED] - Object: 'Object Repository/Swicther/organization_tab_swicther' is clicked on

2020-02-18 22:54:02 - [TEST_STEP][PASSED] - selectedtext = getText(findTestObject("Swicther/fordtext_value")): Text of object 'Object Repository/Swicther/fordtext_value' is: '802 Toyota
Last Visited Today'

2020-02-18 22:54:02 - [MESSAGE][PASSED] - Text of object 'Object Repository/Swicther/fordtext_value' is: '802 Toyota
Last Visited Today'

2020-02-18 22:54:02 - [TEST_STEP][PASSED] - click(findTestObject("Swicther/fordtext_value")): Object: 'Object Repository/Swicther/fordtext_value' is clicked on

2020-02-18 22:54:03 - [MESSAGE][PASSED] - Object: 'Object Repository/Swicther/fordtext_value' is clicked on

2020-02-18 22:54:03 - [TEST_STEP][PASSED] - verifyNotEqual(initiallyselectedtext, split("Last")[0].trim()): Actual object 'Atlantic Toyota' and expected object '802 Toyota' are not equal

2020-02-18 22:54:03 - [MESSAGE][PASSED] - Actual object 'Atlantic Toyota' and expected object '802 Toyota' are not equal

2020-02-18 22:54:03 - [TEST_STEP][PASSED] - currentlySelectedText = getText(findTestObject("Swicther/swicthermenutext")): Text of object 'Object Repository/Swicther/swicthermenutext' is: '802 Toyota'

2020-02-18 22:54:03 - [MESSAGE][PASSED] - Text of object 'Object Repository/Swicther/swicthermenutext' is: '802 Toyota'

2020-02-18 22:54:03 - [TEST_STEP][PASSED] - verifyEqual(currentlySelectedText.trim(), split("Last")[0].trim()): Actual object '802 Toyota' and expected object '802 Toyota' are equal

2020-02-18 22:54:03 - [MESSAGE][PASSED] - Actual object '802 Toyota' and expected object '802 Toyota' are equal

2020-02-18 22:54:03 - [TEST_STEP][PASSED] - Start listener action : sampleAfterTestCase: null

2020-02-18 22:54:03 - [TEST_STEP][PASSED] - println(testCaseContext.getTestCaseId()): null

2020-02-18 22:54:03 - [TEST_STEP][PASSED] - println(testCaseContext.getTestCaseStatus()): null

2020-02-18 22:54:03 - [TEST_STEP][PASSED] - println("On Failure Method is Calling : " + testCaseContext.getTestCaseStatus()): null

2020-02-18 22:54:03 - [TEST_STEP][PASSED] - if (!(getTestCaseStatus().equalsIgnoreCase("PASSED"))): null]]></system-out>
         <system-err><![CDATA[]]></system-err>
      </testcase>
      <testcase name="Test Cases/Atlas Platform/OnBoard/Swicther/TC_009_ValidateSwicther_SelectedRoot(TBD)" time="21.573" classname="Test Cases/Atlas Platform/OnBoard/Swicther/TC_009_ValidateSwicther_SelectedRoot(TBD)" status="PASSED">
         <system-out><![CDATA[2020-02-18 22:54:05 - [TEST_CASE][PASSED] - Test Cases/Atlas Platform/OnBoard/Swicther/TC_009_ValidateSwicther_SelectedRoot(TBD): Test Cases/Atlas Platform/OnBoard/Swicther/TC_009_ValidateSwicther_SelectedRoot(TBD)

2020-02-18 22:54:06 - [TEST_STEP][PASSED] - callTestCase(findTestCase("Atlas Platform/OnBoard/Login/LoginWithRootAdmin"), [:], STOP_ON_FAILURE): Call Test Case 'Test Cases/Atlas Platform/OnBoard/Login/LoginWithRootAdmin' successfully

2020-02-18 22:54:06 - [TEST_CASE][PASSED] - Test Cases/Atlas Platform/OnBoard/Login/LoginWithRootAdmin: Test Cases/Atlas Platform/OnBoard/Login/LoginWithRootAdmin

2020-02-18 22:54:06 - [TEST_STEP][PASSED] - openBrowser(""): Browser is opened with url: ''

2020-02-18 22:54:06 - [MESSAGE][WARNING] - A browser is already opened. Closing browser and opening a new one

2020-02-18 22:54:08 - [MESSAGE][INFO] - Starting 'Firefox' driver

2020-02-18 22:54:14 - [MESSAGE][PASSED] - Browser is opened with url: ''

2020-02-18 22:54:14 - [TEST_STEP][NOT_RUN] - callTestCase(findTestCase("Atlas Platform/OnBoard/SwictherDBValidation/TC_100_ForSecurityURLSAcceptance"), [:], CONTINUE_ON_FAILURE): NOT_RUN: callTestCase(findTestCase("Atlas Platform/OnBoard/SwictherDBValidation/TC_100_ForSecurityURLSAcceptance"), [:], CONTINUE_ON_FAILURE)

2020-02-18 22:54:14 - [MESSAGE][NOT_RUN] - NOT_RUN: callTestCase(findTestCase("Atlas Platform/OnBoard/SwictherDBValidation/TC_100_ForSecurityURLSAcceptance"), [:], CONTINUE_ON_FAILURE)

2020-02-18 22:54:14 - [TEST_STEP][PASSED] - navigateToUrl("https://atlas-dev.gsm.auto/"): Navigate to 'https://atlas-dev.gsm.auto/' successfully

2020-02-18 22:54:19 - [MESSAGE][PASSED] - Navigate to 'https://atlas-dev.gsm.auto/' successfully

2020-02-18 22:54:19 - [TEST_STEP][PASSED] - setText(findTestObject("Object Repository/LoginPage/loginpageemailtxtbox"), user_Email): Text 'navaraj@totient.co.in' is set on object 'Object Repository/LoginPage/loginpageemailtxtbox'

2020-02-18 22:54:20 - [MESSAGE][PASSED] - Text 'navaraj@totient.co.in' is set on object 'Object Repository/LoginPage/loginpageemailtxtbox'

2020-02-18 22:54:20 - [TEST_STEP][PASSED] - setText(findTestObject("Object Repository/LoginPage/loginpaepasswordtxtbox"), user_Password): Text 'Totient@123' is set on object 'Object Repository/LoginPage/loginpaepasswordtxtbox'

2020-02-18 22:54:21 - [MESSAGE][PASSED] - Text 'Totient@123' is set on object 'Object Repository/LoginPage/loginpaepasswordtxtbox'

2020-02-18 22:54:21 - [TEST_STEP][PASSED] - click(findTestObject("LoginPage/loginpageloginbtn")): Object: 'Object Repository/LoginPage/loginpageloginbtn' is clicked on

2020-02-18 22:54:21 - [MESSAGE][PASSED] - Object: 'Object Repository/LoginPage/loginpageloginbtn' is clicked on

2020-02-18 22:54:21 - [MESSAGE][PASSED] - Call Test Case 'Test Cases/Atlas Platform/OnBoard/Login/LoginWithRootAdmin' successfully

2020-02-18 22:54:21 - [TEST_STEP][PASSED] - initiallyselectedtext = getText(findTestObject("Swicther/swicthermenutext")): Text of object 'Object Repository/Swicther/swicthermenutext' is: '802 Toyota'

2020-02-18 22:54:23 - [MESSAGE][PASSED] - Text of object 'Object Repository/Swicther/swicthermenutext' is: '802 Toyota'

2020-02-18 22:54:23 - [TEST_STEP][PASSED] - click(findTestObject("Swicther/swicthermenutext")): Object: 'Object Repository/Swicther/swicthermenutext' is clicked on

2020-02-18 22:54:24 - [MESSAGE][PASSED] - Object: 'Object Repository/Swicther/swicthermenutext' is clicked on

2020-02-18 22:54:24 - [TEST_STEP][PASSED] - click(findTestObject("Swicther/closeIcon")): Object: 'Object Repository/Swicther/closeIcon' is clicked on

2020-02-18 22:54:25 - [MESSAGE][PASSED] - Object: 'Object Repository/Swicther/closeIcon' is clicked on

2020-02-18 22:54:25 - [TEST_STEP][PASSED] - Start listener action : sampleAfterTestCase: null

2020-02-18 22:54:25 - [TEST_STEP][PASSED] - println(testCaseContext.getTestCaseId()): null

2020-02-18 22:54:25 - [TEST_STEP][PASSED] - println(testCaseContext.getTestCaseStatus()): null

2020-02-18 22:54:25 - [TEST_STEP][PASSED] - println("On Failure Method is Calling : " + testCaseContext.getTestCaseStatus()): null

2020-02-18 22:54:25 - [TEST_STEP][PASSED] - if (!(getTestCaseStatus().equalsIgnoreCase("PASSED"))): null]]></system-out>
         <system-err><![CDATA[]]></system-err>
      </testcase>
      <testcase name="Test Cases/Atlas Platform/OnBoard/Swicther/TC_010_VerifyAccounts_tab_Sorting" time="5.692" classname="Test Cases/Atlas Platform/OnBoard/Swicther/TC_010_VerifyAccounts_tab_Sorting" status="PASSED">
         <system-out><![CDATA[2020-02-18 22:54:27 - [TEST_CASE][PASSED] - Test Cases/Atlas Platform/OnBoard/Swicther/TC_010_VerifyAccounts_tab_Sorting: Test Cases/Atlas Platform/OnBoard/Swicther/TC_010_VerifyAccounts_tab_Sorting

2020-02-18 22:54:27 - [TEST_STEP][NOT_RUN] - callTestCase(findTestCase("Atlas Platform/OnBoard/Login/LoginWithRootAdmin"), [:], STOP_ON_FAILURE): NOT_RUN: callTestCase(findTestCase("Atlas Platform/OnBoard/Login/LoginWithRootAdmin"), [:], STOP_ON_FAILURE)

2020-02-18 22:54:27 - [MESSAGE][NOT_RUN] - NOT_RUN: callTestCase(findTestCase("Atlas Platform/OnBoard/Login/LoginWithRootAdmin"), [:], STOP_ON_FAILURE)

2020-02-18 22:54:27 - [TEST_STEP][PASSED] - click(findTestObject("Swicther/swicthermenutext")): Object: 'Object Repository/Swicther/swicthermenutext' is clicked on

2020-02-18 22:54:28 - [MESSAGE][PASSED] - Object: 'Object Repository/Swicther/swicthermenutext' is clicked on

2020-02-18 22:54:28 - [TEST_STEP][PASSED] - click(findTestObject("Swicther/accounts_tab_swicther")): Object: 'Object Repository/Swicther/accounts_tab_swicther' is clicked on

2020-02-18 22:54:29 - [MESSAGE][PASSED] - Object: 'Object Repository/Swicther/accounts_tab_swicther' is clicked on

2020-02-18 22:54:29 - [TEST_STEP][PASSED] - listofoptions = findWebElements(findTestObject("Swicther/accounts_tab_all_values"), 5): null

2020-02-18 22:54:29 - [TEST_STEP][PASSED] - listofoptioninstring = new java.util.ArrayList(): null

2020-02-18 22:54:29 - [TEST_STEP][PASSED] - for (org.openqa.selenium.WebElement ele : listofoptions): null

2020-02-18 22:54:29 - [TEST_STEP][PASSED] - listofoptioninstring.addAll(getText().split("Last")[0]): null

2020-02-18 22:54:30 - [TEST_STEP][PASSED] - listofoptioninstring.addAll(getText().split("Last")[0]): null

2020-02-18 22:54:30 - [TEST_STEP][PASSED] - listofoptioninstring.addAll(getText().split("Last")[0]): null

2020-02-18 22:54:30 - [TEST_STEP][PASSED] - listofoptioninstring.addAll(getText().split("Last")[0]): null

2020-02-18 22:54:30 - [TEST_STEP][PASSED] - listofoptioninstring.addAll(getText().split("Last")[0]): null

2020-02-18 22:54:30 - [TEST_STEP][PASSED] - listofoptioninstring.addAll(getText().split("Last")[0]): null

2020-02-18 22:54:30 - [TEST_STEP][PASSED] - listofoptioninstring.addAll(getText().split("Last")[0]): null

2020-02-18 22:54:30 - [TEST_STEP][PASSED] - listofoptioninstring.addAll(getText().split("Last")[0]): null

2020-02-18 22:54:30 - [TEST_STEP][PASSED] - isSorted = web.CustomKeyword.checkListAscendingOrder(listofoptioninstring): web.CustomKeyword.checkListAscendingOrder is PASSED

2020-02-18 22:54:30 - [MESSAGE][PASSED] - web.CustomKeyword.checkListAscendingOrder is PASSED

2020-02-18 22:54:30 - [TEST_STEP][PASSED] - verifyEqual(isSorted, true): Actual object 'true' and expected object 'true' are equal

2020-02-18 22:54:30 - [MESSAGE][PASSED] - Actual object 'true' and expected object 'true' are equal

2020-02-18 22:54:30 - [TEST_STEP][PASSED] - click(findTestObject("Swicther/closeIcon")): Object: 'Object Repository/Swicther/closeIcon' is clicked on

2020-02-18 22:54:31 - [MESSAGE][PASSED] - Object: 'Object Repository/Swicther/closeIcon' is clicked on

2020-02-18 22:54:31 - [TEST_STEP][PASSED] - Start listener action : sampleAfterTestCase: null

2020-02-18 22:54:31 - [TEST_STEP][PASSED] - println(testCaseContext.getTestCaseId()): null

2020-02-18 22:54:31 - [TEST_STEP][PASSED] - println(testCaseContext.getTestCaseStatus()): null

2020-02-18 22:54:31 - [TEST_STEP][PASSED] - println("On Failure Method is Calling : " + testCaseContext.getTestCaseStatus()): null

2020-02-18 22:54:31 - [TEST_STEP][PASSED] - if (!(getTestCaseStatus().equalsIgnoreCase("PASSED"))): null]]></system-out>
         <system-err><![CDATA[]]></system-err>
      </testcase>
      <testcase name="Test Cases/Atlas Platform/OnBoard/Swicther/TC_011_Verify_AccountName_Logo" time="5.825" classname="Test Cases/Atlas Platform/OnBoard/Swicther/TC_011_Verify_AccountName_Logo" status="PASSED">
         <system-out><![CDATA[2020-02-18 22:54:33 - [TEST_CASE][PASSED] - Test Cases/Atlas Platform/OnBoard/Swicther/TC_011_Verify_AccountName_Logo: Test Cases/Atlas Platform/OnBoard/Swicther/TC_011_Verify_AccountName_Logo

2020-02-18 22:54:33 - [TEST_STEP][NOT_RUN] - callTestCase(findTestCase("Atlas Platform/OnBoard/Login/LoginWithRootAdmin"), [:], STOP_ON_FAILURE): NOT_RUN: callTestCase(findTestCase("Atlas Platform/OnBoard/Login/LoginWithRootAdmin"), [:], STOP_ON_FAILURE)

2020-02-18 22:54:33 - [MESSAGE][NOT_RUN] - NOT_RUN: callTestCase(findTestCase("Atlas Platform/OnBoard/Login/LoginWithRootAdmin"), [:], STOP_ON_FAILURE)

2020-02-18 22:54:33 - [TEST_STEP][PASSED] - click(findTestObject("Swicther/swicthermenutext")): Object: 'Object Repository/Swicther/swicthermenutext' is clicked on

2020-02-18 22:54:34 - [MESSAGE][PASSED] - Object: 'Object Repository/Swicther/swicthermenutext' is clicked on

2020-02-18 22:54:34 - [TEST_STEP][PASSED] - click(findTestObject("Swicther/accounts_tab_swicther")): Object: 'Object Repository/Swicther/accounts_tab_swicther' is clicked on

2020-02-18 22:54:35 - [MESSAGE][PASSED] - Object: 'Object Repository/Swicther/accounts_tab_swicther' is clicked on

2020-02-18 22:54:35 - [TEST_STEP][PASSED] - listofoptions = findWebElements(findTestObject("Swicther/accounts_tab_all_values"), 5): null

2020-02-18 22:54:35 - [TEST_STEP][PASSED] - listoficons = findWebElements(findTestObject("Swicther/accounts_tab_all_icons"), 5): null

2020-02-18 22:54:35 - [TEST_STEP][PASSED] - listofoptioninstring = new java.util.ArrayList(): null

2020-02-18 22:54:35 - [TEST_STEP][PASSED] - for (org.openqa.selenium.WebElement ele : listofoptions): null

2020-02-18 22:54:35 - [TEST_STEP][PASSED] - listofoptioninstring.addAll(ele.getText()): null

2020-02-18 22:54:35 - [TEST_STEP][PASSED] - listofoptioninstring.addAll(ele.getText()): null

2020-02-18 22:54:36 - [TEST_STEP][PASSED] - listofoptioninstring.addAll(ele.getText()): null

2020-02-18 22:54:36 - [TEST_STEP][PASSED] - listofoptioninstring.addAll(ele.getText()): null

2020-02-18 22:54:36 - [TEST_STEP][PASSED] - listofoptioninstring.addAll(ele.getText()): null

2020-02-18 22:54:36 - [TEST_STEP][PASSED] - listofoptioninstring.addAll(ele.getText()): null

2020-02-18 22:54:36 - [TEST_STEP][PASSED] - listofoptioninstring.addAll(ele.getText()): null

2020-02-18 22:54:36 - [TEST_STEP][PASSED] - listofoptioninstring.addAll(ele.getText()): null

2020-02-18 22:54:36 - [TEST_STEP][PASSED] - verify_accountName = web.CustomKeyword.getrandomStingValue(listofoptioninstring): web.CustomKeyword.getrandomStingValue is PASSED

2020-02-18 22:54:36 - [MESSAGE][PASSED] - web.CustomKeyword.getrandomStingValue is PASSED

2020-02-18 22:54:36 - [TEST_STEP][PASSED] - for ([h = 0, h < listofoptions.size(), (h++)]): null

2020-02-18 22:54:36 - [TEST_STEP][PASSED] - if (getText().equalsIgnoreCase(verify_accountName)): null

2020-02-18 22:54:36 - [TEST_STEP][PASSED] - if (getText().equalsIgnoreCase(verify_accountName)): null

2020-02-18 22:54:36 - [TEST_STEP][PASSED] - if (getText().equalsIgnoreCase(verify_accountName)): null

2020-02-18 22:54:36 - [TEST_STEP][PASSED] - if (toLowerCase().equalsIgnoreCase(toString().toLowerCase())): null

2020-02-18 22:54:36 - [TEST_STEP][PASSED] - Assert.assertEquals(get(h).getAttribute("d"), dattributeValue.toString()): null

2020-02-18 22:54:36 - [TEST_STEP][PASSED] - break: null

2020-02-18 22:54:36 - [TEST_STEP][PASSED] - click(findTestObject("Swicther/closeIcon")): Object: 'Object Repository/Swicther/closeIcon' is clicked on

2020-02-18 22:54:36 - [MESSAGE][PASSED] - Object: 'Object Repository/Swicther/closeIcon' is clicked on

2020-02-18 22:54:36 - [TEST_STEP][PASSED] - Start listener action : sampleAfterTestCase: null

2020-02-18 22:54:36 - [TEST_STEP][PASSED] - println(testCaseContext.getTestCaseId()): null

2020-02-18 22:54:36 - [TEST_STEP][PASSED] - println(testCaseContext.getTestCaseStatus()): null

2020-02-18 22:54:36 - [TEST_STEP][PASSED] - println("On Failure Method is Calling : " + testCaseContext.getTestCaseStatus()): null

2020-02-18 22:54:36 - [TEST_STEP][PASSED] - if (!(getTestCaseStatus().equalsIgnoreCase("PASSED"))): null]]></system-out>
         <system-err><![CDATA[]]></system-err>
      </testcase>
      <testcase name="Test Cases/Atlas Platform/OnBoard/Swicther/TC_012_Validate_Accounts_Favorites" time="7.682" classname="Test Cases/Atlas Platform/OnBoard/Swicther/TC_012_Validate_Accounts_Favorites" status="PASSED">
         <system-out><![CDATA[2020-02-18 22:54:39 - [TEST_CASE][PASSED] - Test Cases/Atlas Platform/OnBoard/Swicther/TC_012_Validate_Accounts_Favorites: Test Cases/Atlas Platform/OnBoard/Swicther/TC_012_Validate_Accounts_Favorites

2020-02-18 22:54:39 - [TEST_STEP][NOT_RUN] - callTestCase(findTestCase("Atlas Platform/OnBoard/Swicther/TC_100_RemoveAllFavorites"), [:], STOP_ON_FAILURE): NOT_RUN: callTestCase(findTestCase("Atlas Platform/OnBoard/Swicther/TC_100_RemoveAllFavorites"), [:], STOP_ON_FAILURE)

2020-02-18 22:54:39 - [MESSAGE][NOT_RUN] - NOT_RUN: callTestCase(findTestCase("Atlas Platform/OnBoard/Swicther/TC_100_RemoveAllFavorites"), [:], STOP_ON_FAILURE)

2020-02-18 22:54:39 - [TEST_STEP][PASSED] - click(findTestObject("Swicther/swicthermenutext")): Object: 'Object Repository/Swicther/swicthermenutext' is clicked on

2020-02-18 22:54:40 - [MESSAGE][PASSED] - Object: 'Object Repository/Swicther/swicthermenutext' is clicked on

2020-02-18 22:54:40 - [TEST_STEP][PASSED] - click(findTestObject("Swicther/accounts_tab_swicther")): Object: 'Object Repository/Swicther/accounts_tab_swicther' is clicked on

2020-02-18 22:54:40 - [MESSAGE][PASSED] - Object: 'Object Repository/Swicther/accounts_tab_swicther' is clicked on

2020-02-18 22:54:40 - [TEST_STEP][PASSED] - listofoptions = findWebElements(findTestObject("Swicther/accounts_tab_all_values"), 5): null

2020-02-18 22:54:41 - [TEST_STEP][PASSED] - listoffavicons = findWebElements(findTestObject("Swicther/accounts_tab_fav_icon"), 5): null

2020-02-18 22:54:41 - [TEST_STEP][PASSED] - listofoptioninstring = new java.util.ArrayList(): null

2020-02-18 22:54:41 - [TEST_STEP][PASSED] - for (org.openqa.selenium.WebElement ele : listofoptions): null

2020-02-18 22:54:41 - [TEST_STEP][PASSED] - listofoptioninstring.addAll(ele.getText()): null

2020-02-18 22:54:41 - [TEST_STEP][PASSED] - listofoptioninstring.addAll(ele.getText()): null

2020-02-18 22:54:41 - [TEST_STEP][PASSED] - listofoptioninstring.addAll(ele.getText()): null

2020-02-18 22:54:41 - [TEST_STEP][PASSED] - listofoptioninstring.addAll(ele.getText()): null

2020-02-18 22:54:41 - [TEST_STEP][PASSED] - listofoptioninstring.addAll(ele.getText()): null

2020-02-18 22:54:41 - [TEST_STEP][PASSED] - listofoptioninstring.addAll(ele.getText()): null

2020-02-18 22:54:41 - [TEST_STEP][PASSED] - listofoptioninstring.addAll(ele.getText()): null

2020-02-18 22:54:41 - [TEST_STEP][PASSED] - listofoptioninstring.addAll(ele.getText()): null

2020-02-18 22:54:41 - [TEST_STEP][PASSED] - verify_accountName = web.CustomKeyword.getrandomStingValue(listofoptioninstring): web.CustomKeyword.getrandomStingValue is PASSED

2020-02-18 22:54:41 - [MESSAGE][PASSED] - web.CustomKeyword.getrandomStingValue is PASSED

2020-02-18 22:54:41 - [TEST_STEP][PASSED] - for ([h = 0, h < listofoptions.size(), (h++)]): null

2020-02-18 22:54:41 - [TEST_STEP][PASSED] - if (getText().equalsIgnoreCase(verify_accountName)): null

2020-02-18 22:54:41 - [TEST_STEP][PASSED] - get(h).click(): null

2020-02-18 22:54:42 - [TEST_STEP][PASSED] - break: null

2020-02-18 22:54:42 - [TEST_STEP][PASSED] - click(findTestObject("Swicther/favorites_tabs_swicther")): Object: 'Object Repository/Swicther/favorites_tabs_swicther' is clicked on

2020-02-18 22:54:43 - [MESSAGE][PASSED] - Object: 'Object Repository/Swicther/favorites_tabs_swicther' is clicked on

2020-02-18 22:54:43 - [TEST_STEP][PASSED] - listoffavvalues = findWebElements(findTestObject("Swicther/favorites_tab_all_values"), 5): null

2020-02-18 22:54:43 - [TEST_STEP][PASSED] - isPresent = false: null

2020-02-18 22:54:44 - [TEST_STEP][PASSED] - for ([j = 0, j < listoffavvalues.size(), (j++)]): null

2020-02-18 22:54:44 - [TEST_STEP][PASSED] - if (getText().equalsIgnoreCase(verify_accountName)): null

2020-02-18 22:54:44 - [TEST_STEP][PASSED] - isPresent = true: null

2020-02-18 22:54:44 - [TEST_STEP][NOT_RUN] - click(findTestObject("Swicther/favorite_icon")): NOT_RUN: click(findTestObject("Swicther/favorite_icon"))

2020-02-18 22:54:44 - [MESSAGE][NOT_RUN] - NOT_RUN: click(findTestObject("Swicther/favorite_icon"))

2020-02-18 22:54:44 - [TEST_STEP][PASSED] - verifyEqual(isPresent, true): Actual object 'true' and expected object 'true' are equal

2020-02-18 22:54:44 - [MESSAGE][PASSED] - Actual object 'true' and expected object 'true' are equal

2020-02-18 22:54:44 - [TEST_STEP][PASSED] - click(findTestObject("Swicther/closeIcon")): Object: 'Object Repository/Swicther/closeIcon' is clicked on

2020-02-18 22:54:44 - [MESSAGE][PASSED] - Object: 'Object Repository/Swicther/closeIcon' is clicked on

2020-02-18 22:54:44 - [TEST_STEP][PASSED] - Start listener action : sampleAfterTestCase: null

2020-02-18 22:54:44 - [TEST_STEP][PASSED] - println(testCaseContext.getTestCaseId()): null

2020-02-18 22:54:44 - [TEST_STEP][PASSED] - println(testCaseContext.getTestCaseStatus()): null

2020-02-18 22:54:44 - [TEST_STEP][PASSED] - println("On Failure Method is Calling : " + testCaseContext.getTestCaseStatus()): null

2020-02-18 22:54:44 - [TEST_STEP][PASSED] - if (!(getTestCaseStatus().equalsIgnoreCase("PASSED"))): null]]></system-out>
         <system-err><![CDATA[]]></system-err>
      </testcase>
      <testcase name="Test Cases/Atlas Platform/OnBoard/Swicther/TC_013_Verify_AccountsTab_Values" time="8.673" classname="Test Cases/Atlas Platform/OnBoard/Swicther/TC_013_Verify_AccountsTab_Values" status="PASSED">
         <system-out><![CDATA[2020-02-18 22:54:46 - [TEST_CASE][PASSED] - Test Cases/Atlas Platform/OnBoard/Swicther/TC_013_Verify_AccountsTab_Values: Test Cases/Atlas Platform/OnBoard/Swicther/TC_013_Verify_AccountsTab_Values

2020-02-18 22:54:47 - [TEST_STEP][NOT_RUN] - callTestCase(findTestCase("Atlas Platform/OnBoard/Login/LoginWithRootAdmin"), [:], STOP_ON_FAILURE): NOT_RUN: callTestCase(findTestCase("Atlas Platform/OnBoard/Login/LoginWithRootAdmin"), [:], STOP_ON_FAILURE)

2020-02-18 22:54:47 - [MESSAGE][NOT_RUN] - NOT_RUN: callTestCase(findTestCase("Atlas Platform/OnBoard/Login/LoginWithRootAdmin"), [:], STOP_ON_FAILURE)

2020-02-18 22:54:47 - [TEST_STEP][PASSED] - click(findTestObject("Swicther/swicthermenutext")): Object: 'Object Repository/Swicther/swicthermenutext' is clicked on

2020-02-18 22:54:47 - [MESSAGE][PASSED] - Object: 'Object Repository/Swicther/swicthermenutext' is clicked on

2020-02-18 22:54:47 - [TEST_STEP][PASSED] - click(findTestObject("Swicther/accounts_tab_swicther")): Object: 'Object Repository/Swicther/accounts_tab_swicther' is clicked on

2020-02-18 22:54:48 - [MESSAGE][PASSED] - Object: 'Object Repository/Swicther/accounts_tab_swicther' is clicked on

2020-02-18 22:54:48 - [TEST_STEP][PASSED] - listofAccNames = findWebElements(findTestObject("Swicther/accounts_tab_all_values"), 10): null

2020-02-18 22:54:49 - [TEST_STEP][PASSED] - textValuesForAccountsName = new java.util.ArrayList(): null

2020-02-18 22:54:49 - [TEST_STEP][PASSED] - for ([hjk = 0, hjk < listofAccNames.size(), (hjk++)]): null

2020-02-18 22:54:49 - [TEST_STEP][PASSED] - textValuesForAccountsName.add(split("Last")[0].trim()): null

2020-02-18 22:54:49 - [TEST_STEP][PASSED] - textValuesForAccountsName.add(split("Last")[0].trim()): null

2020-02-18 22:54:49 - [TEST_STEP][PASSED] - textValuesForAccountsName.add(split("Last")[0].trim()): null

2020-02-18 22:54:49 - [TEST_STEP][PASSED] - textValuesForAccountsName.add(split("Last")[0].trim()): null

2020-02-18 22:54:49 - [TEST_STEP][PASSED] - textValuesForAccountsName.add(split("Last")[0].trim()): null

2020-02-18 22:54:49 - [TEST_STEP][PASSED] - textValuesForAccountsName.add(split("Last")[0].trim()): null

2020-02-18 22:54:49 - [TEST_STEP][PASSED] - textValuesForAccountsName.add(split("Last")[0].trim()): null

2020-02-18 22:54:49 - [TEST_STEP][PASSED] - textValuesForAccountsName.add(split("Last")[0].trim()): null

2020-02-18 22:54:49 - [TEST_STEP][PASSED] - click(findTestObject("Swicther/root_tab_swicther")): Object: 'Object Repository/Swicther/root_tab_swicther' is clicked on

2020-02-18 22:54:50 - [MESSAGE][PASSED] - Object: 'Object Repository/Swicther/root_tab_swicther' is clicked on

2020-02-18 22:54:50 - [TEST_STEP][PASSED] - listofRootnames = findWebElements(findTestObject("Swicther/root_tab_all_values"), 10): null

2020-02-18 22:54:50 - [TEST_STEP][PASSED] - rootNames = new java.util.ArrayList(): null

2020-02-18 22:54:50 - [TEST_STEP][PASSED] - for (org.openqa.selenium.WebElement ele : listofRootnames): null

2020-02-18 22:54:50 - [TEST_STEP][PASSED] - rootNames.add(split("Last")[0].trim()): null

2020-02-18 22:54:51 - [TEST_STEP][PASSED] - isPresent = textValuesForAccountsName.removeAll(rootNames): null

2020-02-18 22:54:51 - [TEST_STEP][PASSED] - verifyEqual(isPresent, false): Actual object 'false' and expected object 'false' are equal

2020-02-18 22:54:51 - [MESSAGE][PASSED] - Actual object 'false' and expected object 'false' are equal

2020-02-18 22:54:51 - [TEST_STEP][PASSED] - click(findTestObject("Swicther/organization_tab_swicther")): Object: 'Object Repository/Swicther/organization_tab_swicther' is clicked on

2020-02-18 22:54:51 - [MESSAGE][PASSED] - Object: 'Object Repository/Swicther/organization_tab_swicther' is clicked on

2020-02-18 22:54:51 - [TEST_STEP][PASSED] - listofOrgNames = findWebElements(findTestObject("Swicther/organization_tab_all_values"), 10): null

2020-02-18 22:54:52 - [TEST_STEP][PASSED] - orgNames = new java.util.ArrayList(): null

2020-02-18 22:54:52 - [TEST_STEP][PASSED] - for (org.openqa.selenium.WebElement ele : listofOrgNames): null

2020-02-18 22:54:52 - [TEST_STEP][PASSED] - orgNames.add(split("Last")[0].trim()): null

2020-02-18 22:54:52 - [TEST_STEP][PASSED] - orgNames.add(split("Last")[0].trim()): null

2020-02-18 22:54:52 - [TEST_STEP][PASSED] - orgNames.add(split("Last")[0].trim()): null

2020-02-18 22:54:52 - [TEST_STEP][PASSED] - orgNames.add(split("Last")[0].trim()): null

2020-02-18 22:54:52 - [TEST_STEP][PASSED] - orgNames.add(split("Last")[0].trim()): null

2020-02-18 22:54:52 - [TEST_STEP][PASSED] - orgNames.add(split("Last")[0].trim()): null

2020-02-18 22:54:52 - [TEST_STEP][PASSED] - orgNames.add(split("Last")[0].trim()): null

2020-02-18 22:54:52 - [TEST_STEP][PASSED] - orgNames.add(split("Last")[0].trim()): null

2020-02-18 22:54:52 - [TEST_STEP][PASSED] - orgNames.add(split("Last")[0].trim()): null

2020-02-18 22:54:52 - [TEST_STEP][PASSED] - orgNames.add(split("Last")[0].trim()): null

2020-02-18 22:54:52 - [TEST_STEP][PASSED] - orgNames.add(split("Last")[0].trim()): null

2020-02-18 22:54:52 - [TEST_STEP][PASSED] - orgNames.add(split("Last")[0].trim()): null

2020-02-18 22:54:52 - [TEST_STEP][PASSED] - orgNames.add(split("Last")[0].trim()): null

2020-02-18 22:54:52 - [TEST_STEP][PASSED] - isPresent = textValuesForAccountsName.removeAll(orgNames): null

2020-02-18 22:54:52 - [TEST_STEP][PASSED] - verifyEqual(isPresent, false): Actual object 'false' and expected object 'false' are equal

2020-02-18 22:54:52 - [MESSAGE][PASSED] - Actual object 'false' and expected object 'false' are equal

2020-02-18 22:54:52 - [TEST_STEP][PASSED] - click(findTestObject("Swicther/closeIcon")): Object: 'Object Repository/Swicther/closeIcon' is clicked on

2020-02-18 22:54:53 - [MESSAGE][PASSED] - Object: 'Object Repository/Swicther/closeIcon' is clicked on

2020-02-18 22:54:53 - [TEST_STEP][PASSED] - Start listener action : sampleAfterTestCase: null

2020-02-18 22:54:53 - [TEST_STEP][PASSED] - println(testCaseContext.getTestCaseId()): null

2020-02-18 22:54:53 - [TEST_STEP][PASSED] - println(testCaseContext.getTestCaseStatus()): null

2020-02-18 22:54:53 - [TEST_STEP][PASSED] - println("On Failure Method is Calling : " + testCaseContext.getTestCaseStatus()): null

2020-02-18 22:54:53 - [TEST_STEP][PASSED] - if (!(getTestCaseStatus().equalsIgnoreCase("PASSED"))): null]]></system-out>
         <system-err><![CDATA[]]></system-err>
      </testcase>
      <testcase name="Test Cases/Atlas Platform/OnBoard/Swicther/TC_014_Verify_newly_Created_Acc_Present(TBD)" time="4.677" classname="Test Cases/Atlas Platform/OnBoard/Swicther/TC_014_Verify_newly_Created_Acc_Present(TBD)" status="PASSED">
         <system-out><![CDATA[2020-02-18 22:54:55 - [TEST_CASE][PASSED] - Test Cases/Atlas Platform/OnBoard/Swicther/TC_014_Verify_newly_Created_Acc_Present(TBD): Test Cases/Atlas Platform/OnBoard/Swicther/TC_014_Verify_newly_Created_Acc_Present(TBD)

2020-02-18 22:54:55 - [TEST_STEP][NOT_RUN] - callTestCase(findTestCase("Atlas Platform/OnBoard/Login/LoginWithRootAdmin"), [:], STOP_ON_FAILURE): NOT_RUN: callTestCase(findTestCase("Atlas Platform/OnBoard/Login/LoginWithRootAdmin"), [:], STOP_ON_FAILURE)

2020-02-18 22:54:55 - [MESSAGE][NOT_RUN] - NOT_RUN: callTestCase(findTestCase("Atlas Platform/OnBoard/Login/LoginWithRootAdmin"), [:], STOP_ON_FAILURE)

2020-02-18 22:54:55 - [TEST_STEP][PASSED] - click(findTestObject("Swicther/swicthermenutext")): Object: 'Object Repository/Swicther/swicthermenutext' is clicked on

2020-02-18 22:54:56 - [MESSAGE][PASSED] - Object: 'Object Repository/Swicther/swicthermenutext' is clicked on

2020-02-18 22:54:56 - [TEST_STEP][PASSED] - click(findTestObject("Swicther/accounts_tab_swicther")): Object: 'Object Repository/Swicther/accounts_tab_swicther' is clicked on

2020-02-18 22:54:57 - [MESSAGE][PASSED] - Object: 'Object Repository/Swicther/accounts_tab_swicther' is clicked on

2020-02-18 22:54:57 - [TEST_STEP][PASSED] - click(findTestObject("Swicther/closeIcon")): Object: 'Object Repository/Swicther/closeIcon' is clicked on

2020-02-18 22:54:58 - [MESSAGE][PASSED] - Object: 'Object Repository/Swicther/closeIcon' is clicked on

2020-02-18 22:54:58 - [TEST_STEP][PASSED] - Start listener action : sampleAfterTestCase: null

2020-02-18 22:54:58 - [TEST_STEP][PASSED] - println(testCaseContext.getTestCaseId()): null

2020-02-18 22:54:58 - [TEST_STEP][PASSED] - println(testCaseContext.getTestCaseStatus()): null

2020-02-18 22:54:58 - [TEST_STEP][PASSED] - println("On Failure Method is Calling : " + testCaseContext.getTestCaseStatus()): null

2020-02-18 22:54:58 - [TEST_STEP][PASSED] - if (!(getTestCaseStatus().equalsIgnoreCase("PASSED"))): null]]></system-out>
         <system-err><![CDATA[]]></system-err>
      </testcase>
      <testcase name="Test Cases/Atlas Platform/OnBoard/Swicther/TC_015_Verify_Organiz_tab_sorting" time="5.025" classname="Test Cases/Atlas Platform/OnBoard/Swicther/TC_015_Verify_Organiz_tab_sorting" status="PASSED">
         <system-out><![CDATA[2020-02-18 22:55:00 - [TEST_CASE][PASSED] - Test Cases/Atlas Platform/OnBoard/Swicther/TC_015_Verify_Organiz_tab_sorting: Test Cases/Atlas Platform/OnBoard/Swicther/TC_015_Verify_Organiz_tab_sorting

2020-02-18 22:55:00 - [TEST_STEP][NOT_RUN] - callTestCase(findTestCase("Atlas Platform/OnBoard/Login/LoginWithRootAdmin"), [:], STOP_ON_FAILURE): NOT_RUN: callTestCase(findTestCase("Atlas Platform/OnBoard/Login/LoginWithRootAdmin"), [:], STOP_ON_FAILURE)

2020-02-18 22:55:00 - [MESSAGE][NOT_RUN] - NOT_RUN: callTestCase(findTestCase("Atlas Platform/OnBoard/Login/LoginWithRootAdmin"), [:], STOP_ON_FAILURE)

2020-02-18 22:55:00 - [TEST_STEP][PASSED] - click(findTestObject("Swicther/swicthermenutext")): Object: 'Object Repository/Swicther/swicthermenutext' is clicked on

2020-02-18 22:55:01 - [MESSAGE][PASSED] - Object: 'Object Repository/Swicther/swicthermenutext' is clicked on

2020-02-18 22:55:01 - [TEST_STEP][PASSED] - click(findTestObject("Swicther/organization_tab_swicther")): Object: 'Object Repository/Swicther/organization_tab_swicther' is clicked on

2020-02-18 22:55:01 - [MESSAGE][PASSED] - Object: 'Object Repository/Swicther/organization_tab_swicther' is clicked on

2020-02-18 22:55:01 - [TEST_STEP][PASSED] - listofoptions = findWebElements(findTestObject("Swicther/organization_tab_all_values"), 5): null

2020-02-18 22:55:02 - [TEST_STEP][PASSED] - listofoptioninstring = new java.util.ArrayList(): null

2020-02-18 22:55:02 - [TEST_STEP][PASSED] - for (org.openqa.selenium.WebElement ele : listofoptions): null

2020-02-18 22:55:02 - [TEST_STEP][PASSED] - listofoptioninstring.addAll(split("Last")[0].trim()): null

2020-02-18 22:55:02 - [TEST_STEP][PASSED] - listofoptioninstring.addAll(split("Last")[0].trim()): null

2020-02-18 22:55:02 - [TEST_STEP][PASSED] - listofoptioninstring.addAll(split("Last")[0].trim()): null

2020-02-18 22:55:02 - [TEST_STEP][PASSED] - listofoptioninstring.addAll(split("Last")[0].trim()): null

2020-02-18 22:55:02 - [TEST_STEP][PASSED] - listofoptioninstring.addAll(split("Last")[0].trim()): null

2020-02-18 22:55:02 - [TEST_STEP][PASSED] - listofoptioninstring.addAll(split("Last")[0].trim()): null

2020-02-18 22:55:02 - [TEST_STEP][PASSED] - listofoptioninstring.addAll(split("Last")[0].trim()): null

2020-02-18 22:55:02 - [TEST_STEP][PASSED] - listofoptioninstring.addAll(split("Last")[0].trim()): null

2020-02-18 22:55:02 - [TEST_STEP][PASSED] - listofoptioninstring.addAll(split("Last")[0].trim()): null

2020-02-18 22:55:02 - [TEST_STEP][PASSED] - listofoptioninstring.addAll(split("Last")[0].trim()): null

2020-02-18 22:55:02 - [TEST_STEP][PASSED] - listofoptioninstring.addAll(split("Last")[0].trim()): null

2020-02-18 22:55:02 - [TEST_STEP][PASSED] - listofoptioninstring.addAll(split("Last")[0].trim()): null

2020-02-18 22:55:02 - [TEST_STEP][PASSED] - listofoptioninstring.addAll(split("Last")[0].trim()): null

2020-02-18 22:55:02 - [TEST_STEP][PASSED] - isSorted = web.CustomKeyword.checkListAscendingOrder(listofoptioninstring): web.CustomKeyword.checkListAscendingOrder is PASSED

2020-02-18 22:55:02 - [MESSAGE][PASSED] - web.CustomKeyword.checkListAscendingOrder is PASSED

2020-02-18 22:55:02 - [TEST_STEP][PASSED] - verifyEqual(isSorted, true): Actual object 'true' and expected object 'true' are equal

2020-02-18 22:55:02 - [MESSAGE][PASSED] - Actual object 'true' and expected object 'true' are equal

2020-02-18 22:55:02 - [TEST_STEP][PASSED] - click(findTestObject("Swicther/closeIcon")): Object: 'Object Repository/Swicther/closeIcon' is clicked on

2020-02-18 22:55:03 - [MESSAGE][PASSED] - Object: 'Object Repository/Swicther/closeIcon' is clicked on

2020-02-18 22:55:03 - [TEST_STEP][PASSED] - Start listener action : sampleAfterTestCase: null

2020-02-18 22:55:03 - [TEST_STEP][PASSED] - println(testCaseContext.getTestCaseId()): null

2020-02-18 22:55:03 - [TEST_STEP][PASSED] - println(testCaseContext.getTestCaseStatus()): null

2020-02-18 22:55:03 - [TEST_STEP][PASSED] - println("On Failure Method is Calling : " + testCaseContext.getTestCaseStatus()): null

2020-02-18 22:55:03 - [TEST_STEP][PASSED] - if (!(getTestCaseStatus().equalsIgnoreCase("PASSED"))): null]]></system-out>
         <system-err><![CDATA[]]></system-err>
      </testcase>
      <testcase name="Test Cases/Atlas Platform/OnBoard/Swicther/TC_016_Verify_Orgnaization_Name_logo" time="5.417" classname="Test Cases/Atlas Platform/OnBoard/Swicther/TC_016_Verify_Orgnaization_Name_logo" status="PASSED">
         <system-out><![CDATA[2020-02-18 22:55:05 - [TEST_CASE][PASSED] - Test Cases/Atlas Platform/OnBoard/Swicther/TC_016_Verify_Orgnaization_Name_logo: Test Cases/Atlas Platform/OnBoard/Swicther/TC_016_Verify_Orgnaization_Name_logo

2020-02-18 22:55:05 - [TEST_STEP][NOT_RUN] - callTestCase(findTestCase("Atlas Platform/OnBoard/Login/LoginWithRootAdmin"), [:], STOP_ON_FAILURE): NOT_RUN: callTestCase(findTestCase("Atlas Platform/OnBoard/Login/LoginWithRootAdmin"), [:], STOP_ON_FAILURE)

2020-02-18 22:55:05 - [MESSAGE][NOT_RUN] - NOT_RUN: callTestCase(findTestCase("Atlas Platform/OnBoard/Login/LoginWithRootAdmin"), [:], STOP_ON_FAILURE)

2020-02-18 22:55:05 - [TEST_STEP][PASSED] - click(findTestObject("Swicther/swicthermenutext")): Object: 'Object Repository/Swicther/swicthermenutext' is clicked on

2020-02-18 22:55:06 - [MESSAGE][PASSED] - Object: 'Object Repository/Swicther/swicthermenutext' is clicked on

2020-02-18 22:55:06 - [TEST_STEP][PASSED] - click(findTestObject("Swicther/organization_tab_swicther")): Object: 'Object Repository/Swicther/organization_tab_swicther' is clicked on

2020-02-18 22:55:06 - [MESSAGE][PASSED] - Object: 'Object Repository/Swicther/organization_tab_swicther' is clicked on

2020-02-18 22:55:06 - [TEST_STEP][PASSED] - listofoptions = findWebElements(findTestObject("Swicther/organization_tab_all_values"), 5): null

2020-02-18 22:55:07 - [TEST_STEP][PASSED] - listoficons = findWebElements(findTestObject("Swicther/organization_tab_all_icons"), 5): null

2020-02-18 22:55:07 - [TEST_STEP][PASSED] - listofoptioninstring = new java.util.ArrayList(): null

2020-02-18 22:55:07 - [TEST_STEP][PASSED] - for (org.openqa.selenium.WebElement ele : listofoptions): null

2020-02-18 22:55:07 - [TEST_STEP][PASSED] - listofoptioninstring.addAll(ele.getText()): null

2020-02-18 22:55:07 - [TEST_STEP][PASSED] - listofoptioninstring.addAll(ele.getText()): null

2020-02-18 22:55:07 - [TEST_STEP][PASSED] - listofoptioninstring.addAll(ele.getText()): null

2020-02-18 22:55:07 - [TEST_STEP][PASSED] - listofoptioninstring.addAll(ele.getText()): null

2020-02-18 22:55:07 - [TEST_STEP][PASSED] - listofoptioninstring.addAll(ele.getText()): null

2020-02-18 22:55:07 - [TEST_STEP][PASSED] - listofoptioninstring.addAll(ele.getText()): null

2020-02-18 22:55:07 - [TEST_STEP][PASSED] - listofoptioninstring.addAll(ele.getText()): null

2020-02-18 22:55:07 - [TEST_STEP][PASSED] - listofoptioninstring.addAll(ele.getText()): null

2020-02-18 22:55:07 - [TEST_STEP][PASSED] - listofoptioninstring.addAll(ele.getText()): null

2020-02-18 22:55:07 - [TEST_STEP][PASSED] - listofoptioninstring.addAll(ele.getText()): null

2020-02-18 22:55:07 - [TEST_STEP][PASSED] - listofoptioninstring.addAll(ele.getText()): null

2020-02-18 22:55:07 - [TEST_STEP][PASSED] - listofoptioninstring.addAll(ele.getText()): null

2020-02-18 22:55:07 - [TEST_STEP][PASSED] - listofoptioninstring.addAll(ele.getText()): null

2020-02-18 22:55:07 - [TEST_STEP][PASSED] - verify_accountName = web.CustomKeyword.getrandomStingValue(listofoptioninstring): web.CustomKeyword.getrandomStingValue is PASSED

2020-02-18 22:55:07 - [MESSAGE][PASSED] - web.CustomKeyword.getrandomStingValue is PASSED

2020-02-18 22:55:07 - [TEST_STEP][PASSED] - for ([h = 0, h < listofoptions.size(), (h++)]): null

2020-02-18 22:55:07 - [TEST_STEP][PASSED] - if (getText().equalsIgnoreCase(verify_accountName)): null

2020-02-18 22:55:07 - [TEST_STEP][PASSED] - if (toLowerCase().equalsIgnoreCase(toString().toLowerCase())): null

2020-02-18 22:55:07 - [TEST_STEP][PASSED] - Assert.assertEquals(get(h).getAttribute("d"), dattributeValue.toString()): null

2020-02-18 22:55:07 - [TEST_STEP][PASSED] - break: null

2020-02-18 22:55:07 - [TEST_STEP][PASSED] - click(findTestObject("Swicther/closeIcon")): Object: 'Object Repository/Swicther/closeIcon' is clicked on

2020-02-18 22:55:08 - [MESSAGE][PASSED] - Object: 'Object Repository/Swicther/closeIcon' is clicked on

2020-02-18 22:55:08 - [TEST_STEP][PASSED] - Start listener action : sampleAfterTestCase: null

2020-02-18 22:55:08 - [TEST_STEP][PASSED] - println(testCaseContext.getTestCaseId()): null

2020-02-18 22:55:08 - [TEST_STEP][PASSED] - println(testCaseContext.getTestCaseStatus()): null

2020-02-18 22:55:08 - [TEST_STEP][PASSED] - println("On Failure Method is Calling : " + testCaseContext.getTestCaseStatus()): null

2020-02-18 22:55:08 - [TEST_STEP][PASSED] - if (!(getTestCaseStatus().equalsIgnoreCase("PASSED"))): null]]></system-out>
         <system-err><![CDATA[]]></system-err>
      </testcase>
      <testcase name="Test Cases/Atlas Platform/OnBoard/Swicther/TC_017_Validate_Organization_Favorites" time="10.403" classname="Test Cases/Atlas Platform/OnBoard/Swicther/TC_017_Validate_Organization_Favorites" status="PASSED">
         <system-out><![CDATA[2020-02-18 22:55:10 - [TEST_CASE][PASSED] - Test Cases/Atlas Platform/OnBoard/Swicther/TC_017_Validate_Organization_Favorites: Test Cases/Atlas Platform/OnBoard/Swicther/TC_017_Validate_Organization_Favorites

2020-02-18 22:55:10 - [TEST_STEP][NOT_RUN] - callTestCase(findTestCase("Atlas Platform/OnBoard/Swicther/TC_100_RemoveAllFavorites"), [:], STOP_ON_FAILURE): NOT_RUN: callTestCase(findTestCase("Atlas Platform/OnBoard/Swicther/TC_100_RemoveAllFavorites"), [:], STOP_ON_FAILURE)

2020-02-18 22:55:10 - [MESSAGE][NOT_RUN] - NOT_RUN: callTestCase(findTestCase("Atlas Platform/OnBoard/Swicther/TC_100_RemoveAllFavorites"), [:], STOP_ON_FAILURE)

2020-02-18 22:55:10 - [TEST_STEP][PASSED] - click(findTestObject("Swicther/swicthermenutext")): Object: 'Object Repository/Swicther/swicthermenutext' is clicked on

2020-02-18 22:55:11 - [MESSAGE][PASSED] - Object: 'Object Repository/Swicther/swicthermenutext' is clicked on

2020-02-18 22:55:11 - [TEST_STEP][PASSED] - click(findTestObject("Swicther/organization_tab_swicther")): Object: 'Object Repository/Swicther/organization_tab_swicther' is clicked on

2020-02-18 22:55:12 - [MESSAGE][PASSED] - Object: 'Object Repository/Swicther/organization_tab_swicther' is clicked on

2020-02-18 22:55:12 - [TEST_STEP][PASSED] - listofoptions = findWebElements(findTestObject("Swicther/organization_tab_all_values"), 5): null

2020-02-18 22:55:12 - [TEST_STEP][PASSED] - listoffavicons = findWebElements(findTestObject("Swicther/organization_tab_fav_icon"), 5): null

2020-02-18 22:55:12 - [TEST_STEP][PASSED] - listofoptioninstring = new java.util.ArrayList(): null

2020-02-18 22:55:12 - [TEST_STEP][PASSED] - for (org.openqa.selenium.WebElement ele : listofoptions): null

2020-02-18 22:55:12 - [TEST_STEP][PASSED] - listofoptioninstring.addAll(ele.getText()): null

2020-02-18 22:55:13 - [TEST_STEP][PASSED] - listofoptioninstring.addAll(ele.getText()): null

2020-02-18 22:55:13 - [TEST_STEP][PASSED] - listofoptioninstring.addAll(ele.getText()): null

2020-02-18 22:55:13 - [TEST_STEP][PASSED] - listofoptioninstring.addAll(ele.getText()): null

2020-02-18 22:55:13 - [TEST_STEP][PASSED] - listofoptioninstring.addAll(ele.getText()): null

2020-02-18 22:55:13 - [TEST_STEP][PASSED] - listofoptioninstring.addAll(ele.getText()): null

2020-02-18 22:55:13 - [TEST_STEP][PASSED] - listofoptioninstring.addAll(ele.getText()): null

2020-02-18 22:55:13 - [TEST_STEP][PASSED] - listofoptioninstring.addAll(ele.getText()): null

2020-02-18 22:55:13 - [TEST_STEP][PASSED] - listofoptioninstring.addAll(ele.getText()): null

2020-02-18 22:55:13 - [TEST_STEP][PASSED] - listofoptioninstring.addAll(ele.getText()): null

2020-02-18 22:55:13 - [TEST_STEP][PASSED] - listofoptioninstring.addAll(ele.getText()): null

2020-02-18 22:55:13 - [TEST_STEP][PASSED] - listofoptioninstring.addAll(ele.getText()): null

2020-02-18 22:55:13 - [TEST_STEP][PASSED] - listofoptioninstring.addAll(ele.getText()): null

2020-02-18 22:55:13 - [TEST_STEP][PASSED] - verify_accountName = web.CustomKeyword.getrandomStingValue(listofoptioninstring): web.CustomKeyword.getrandomStingValue is PASSED

2020-02-18 22:55:13 - [MESSAGE][PASSED] - web.CustomKeyword.getrandomStingValue is PASSED

2020-02-18 22:55:13 - [TEST_STEP][PASSED] - for ([h = 0, h < listofoptions.size(), (h++)]): null

2020-02-18 22:55:13 - [TEST_STEP][PASSED] - if (getText().equalsIgnoreCase(verify_accountName)): null

2020-02-18 22:55:13 - [TEST_STEP][PASSED] - get(h).click(): null

2020-02-18 22:55:13 - [TEST_STEP][PASSED] - break: null

2020-02-18 22:55:13 - [TEST_STEP][PASSED] - delay(3): Delayed 3 second(s)

2020-02-18 22:55:16 - [MESSAGE][PASSED] - Delayed 3 second(s)

2020-02-18 22:55:16 - [TEST_STEP][PASSED] - click(findTestObject("Swicther/favorites_tabs_swicther")): Object: 'Object Repository/Swicther/favorites_tabs_swicther' is clicked on

2020-02-18 22:55:17 - [MESSAGE][PASSED] - Object: 'Object Repository/Swicther/favorites_tabs_swicther' is clicked on

2020-02-18 22:55:17 - [TEST_STEP][PASSED] - listoffavvalues = findWebElements(findTestObject("Swicther/favorites_tab_all_values"), 5): null

2020-02-18 22:55:18 - [TEST_STEP][PASSED] - isPresent = false: null

2020-02-18 22:55:18 - [TEST_STEP][PASSED] - for ([j = 0, j < listoffavvalues.size(), (j++)]): null

2020-02-18 22:55:18 - [TEST_STEP][PASSED] - if (getText().equalsIgnoreCase(verify_accountName)): null

2020-02-18 22:55:18 - [TEST_STEP][PASSED] - isPresent = true: null

2020-02-18 22:55:18 - [TEST_STEP][PASSED] - if (getText().equalsIgnoreCase(verify_accountName)): null

2020-02-18 22:55:18 - [TEST_STEP][NOT_RUN] - click(findTestObject("Swicther/favorite_icon")): NOT_RUN: click(findTestObject("Swicther/favorite_icon"))

2020-02-18 22:55:18 - [MESSAGE][NOT_RUN] - NOT_RUN: click(findTestObject("Swicther/favorite_icon"))

2020-02-18 22:55:18 - [TEST_STEP][PASSED] - verifyEqual(isPresent, true): Actual object 'true' and expected object 'true' are equal

2020-02-18 22:55:18 - [MESSAGE][PASSED] - Actual object 'true' and expected object 'true' are equal

2020-02-18 22:55:18 - [TEST_STEP][PASSED] - click(findTestObject("Swicther/closeIcon")): Object: 'Object Repository/Swicther/closeIcon' is clicked on

2020-02-18 22:55:18 - [MESSAGE][PASSED] - Object: 'Object Repository/Swicther/closeIcon' is clicked on

2020-02-18 22:55:18 - [TEST_STEP][PASSED] - Start listener action : sampleAfterTestCase: null

2020-02-18 22:55:18 - [TEST_STEP][PASSED] - println(testCaseContext.getTestCaseId()): null

2020-02-18 22:55:18 - [TEST_STEP][PASSED] - println(testCaseContext.getTestCaseStatus()): null

2020-02-18 22:55:18 - [TEST_STEP][PASSED] - println("On Failure Method is Calling : " + testCaseContext.getTestCaseStatus()): null

2020-02-18 22:55:18 - [TEST_STEP][PASSED] - if (!(getTestCaseStatus().equalsIgnoreCase("PASSED"))): null]]></system-out>
         <system-err><![CDATA[]]></system-err>
      </testcase>
      <testcase name="Test Cases/Atlas Platform/OnBoard/Swicther/TC_018_Verify_Organizations_Tab_Values" time="8.32" classname="Test Cases/Atlas Platform/OnBoard/Swicther/TC_018_Verify_Organizations_Tab_Values" status="PASSED">
         <system-out><![CDATA[2020-02-18 22:55:21 - [TEST_CASE][PASSED] - Test Cases/Atlas Platform/OnBoard/Swicther/TC_018_Verify_Organizations_Tab_Values: Test Cases/Atlas Platform/OnBoard/Swicther/TC_018_Verify_Organizations_Tab_Values

2020-02-18 22:55:21 - [TEST_STEP][NOT_RUN] - callTestCase(findTestCase("Atlas Platform/OnBoard/Login/LoginWithRootAdmin"), [:], STOP_ON_FAILURE): NOT_RUN: callTestCase(findTestCase("Atlas Platform/OnBoard/Login/LoginWithRootAdmin"), [:], STOP_ON_FAILURE)

2020-02-18 22:55:21 - [MESSAGE][NOT_RUN] - NOT_RUN: callTestCase(findTestCase("Atlas Platform/OnBoard/Login/LoginWithRootAdmin"), [:], STOP_ON_FAILURE)

2020-02-18 22:55:21 - [TEST_STEP][PASSED] - click(findTestObject("Swicther/swicthermenutext")): Object: 'Object Repository/Swicther/swicthermenutext' is clicked on

2020-02-18 22:55:22 - [MESSAGE][PASSED] - Object: 'Object Repository/Swicther/swicthermenutext' is clicked on

2020-02-18 22:55:22 - [TEST_STEP][PASSED] - click(findTestObject("Swicther/organization_tab_swicther")): Object: 'Object Repository/Swicther/organization_tab_swicther' is clicked on

2020-02-18 22:55:22 - [MESSAGE][PASSED] - Object: 'Object Repository/Swicther/organization_tab_swicther' is clicked on

2020-02-18 22:55:22 - [TEST_STEP][PASSED] - listofAccNames = findWebElements(findTestObject("Swicther/organization_tab_all_values"), 10): null

2020-02-18 22:55:23 - [TEST_STEP][PASSED] - textValuesForOrgName = new java.util.ArrayList(): null

2020-02-18 22:55:23 - [TEST_STEP][PASSED] - for ([hjk = 0, hjk < listofAccNames.size(), (hjk++)]): null

2020-02-18 22:55:23 - [TEST_STEP][PASSED] - textValuesForOrgName.add(split("Last")[0].trim()): null

2020-02-18 22:55:23 - [TEST_STEP][PASSED] - textValuesForOrgName.add(split("Last")[0].trim()): null

2020-02-18 22:55:23 - [TEST_STEP][PASSED] - textValuesForOrgName.add(split("Last")[0].trim()): null

2020-02-18 22:55:23 - [TEST_STEP][PASSED] - textValuesForOrgName.add(split("Last")[0].trim()): null

2020-02-18 22:55:23 - [TEST_STEP][PASSED] - textValuesForOrgName.add(split("Last")[0].trim()): null

2020-02-18 22:55:23 - [TEST_STEP][PASSED] - textValuesForOrgName.add(split("Last")[0].trim()): null

2020-02-18 22:55:23 - [TEST_STEP][PASSED] - textValuesForOrgName.add(split("Last")[0].trim()): null

2020-02-18 22:55:23 - [TEST_STEP][PASSED] - textValuesForOrgName.add(split("Last")[0].trim()): null

2020-02-18 22:55:23 - [TEST_STEP][PASSED] - textValuesForOrgName.add(split("Last")[0].trim()): null

2020-02-18 22:55:23 - [TEST_STEP][PASSED] - textValuesForOrgName.add(split("Last")[0].trim()): null

2020-02-18 22:55:23 - [TEST_STEP][PASSED] - textValuesForOrgName.add(split("Last")[0].trim()): null

2020-02-18 22:55:23 - [TEST_STEP][PASSED] - textValuesForOrgName.add(split("Last")[0].trim()): null

2020-02-18 22:55:23 - [TEST_STEP][PASSED] - textValuesForOrgName.add(split("Last")[0].trim()): null

2020-02-18 22:55:23 - [TEST_STEP][PASSED] - click(findTestObject("Swicther/root_tab_swicther")): Object: 'Object Repository/Swicther/root_tab_swicther' is clicked on

2020-02-18 22:55:24 - [MESSAGE][PASSED] - Object: 'Object Repository/Swicther/root_tab_swicther' is clicked on

2020-02-18 22:55:24 - [TEST_STEP][PASSED] - listofRootnames = findWebElements(findTestObject("Swicther/root_tab_all_values"), 10): null

2020-02-18 22:55:24 - [TEST_STEP][PASSED] - rootNames = new java.util.ArrayList(): null

2020-02-18 22:55:24 - [TEST_STEP][PASSED] - for (org.openqa.selenium.WebElement ele : listofRootnames): null

2020-02-18 22:55:24 - [TEST_STEP][PASSED] - rootNames.add(split("Last")[0].trim()): null

2020-02-18 22:55:24 - [TEST_STEP][PASSED] - isPresent = textValuesForOrgName.removeAll(rootNames): null

2020-02-18 22:55:24 - [TEST_STEP][PASSED] - verifyEqual(isPresent, false): Actual object 'false' and expected object 'false' are equal

2020-02-18 22:55:24 - [MESSAGE][PASSED] - Actual object 'false' and expected object 'false' are equal

2020-02-18 22:55:24 - [TEST_STEP][PASSED] - click(findTestObject("Swicther/accounts_tab_swicther")): Object: 'Object Repository/Swicther/accounts_tab_swicther' is clicked on

2020-02-18 22:55:25 - [MESSAGE][PASSED] - Object: 'Object Repository/Swicther/accounts_tab_swicther' is clicked on

2020-02-18 22:55:25 - [TEST_STEP][PASSED] - listofOrgNames = findWebElements(findTestObject("Swicther/accounts_tab_all_values"), 10): null

2020-02-18 22:55:26 - [TEST_STEP][PASSED] - orgNames = new java.util.ArrayList(): null

2020-02-18 22:55:26 - [TEST_STEP][PASSED] - for (org.openqa.selenium.WebElement ele : listofOrgNames): null

2020-02-18 22:55:26 - [TEST_STEP][PASSED] - orgNames.add(split("Last")[0].trim()): null

2020-02-18 22:55:26 - [TEST_STEP][PASSED] - orgNames.add(split("Last")[0].trim()): null

2020-02-18 22:55:26 - [TEST_STEP][PASSED] - orgNames.add(split("Last")[0].trim()): null

2020-02-18 22:55:26 - [TEST_STEP][PASSED] - orgNames.add(split("Last")[0].trim()): null

2020-02-18 22:55:26 - [TEST_STEP][PASSED] - orgNames.add(split("Last")[0].trim()): null

2020-02-18 22:55:26 - [TEST_STEP][PASSED] - orgNames.add(split("Last")[0].trim()): null

2020-02-18 22:55:26 - [TEST_STEP][PASSED] - orgNames.add(split("Last")[0].trim()): null

2020-02-18 22:55:26 - [TEST_STEP][PASSED] - orgNames.add(split("Last")[0].trim()): null

2020-02-18 22:55:26 - [TEST_STEP][PASSED] - isPresent = textValuesForOrgName.removeAll(orgNames): null

2020-02-18 22:55:26 - [TEST_STEP][PASSED] - verifyEqual(isPresent, false): Actual object 'false' and expected object 'false' are equal

2020-02-18 22:55:26 - [MESSAGE][PASSED] - Actual object 'false' and expected object 'false' are equal

2020-02-18 22:55:26 - [TEST_STEP][PASSED] - click(findTestObject("Swicther/closeIcon")): Object: 'Object Repository/Swicther/closeIcon' is clicked on

2020-02-18 22:55:27 - [MESSAGE][PASSED] - Object: 'Object Repository/Swicther/closeIcon' is clicked on

2020-02-18 22:55:27 - [TEST_STEP][PASSED] - Start listener action : sampleAfterTestCase: null

2020-02-18 22:55:27 - [TEST_STEP][PASSED] - println(testCaseContext.getTestCaseId()): null

2020-02-18 22:55:27 - [TEST_STEP][PASSED] - println(testCaseContext.getTestCaseStatus()): null

2020-02-18 22:55:27 - [TEST_STEP][PASSED] - println("On Failure Method is Calling : " + testCaseContext.getTestCaseStatus()): null

2020-02-18 22:55:27 - [TEST_STEP][PASSED] - if (!(getTestCaseStatus().equalsIgnoreCase("PASSED"))): null]]></system-out>
         <system-err><![CDATA[]]></system-err>
      </testcase>
      <testcase name="Test Cases/Atlas Platform/OnBoard/Swicther/TC_019_Verify_newly_Created_Orgaz_Present(TBD)" time="4.389" classname="Test Cases/Atlas Platform/OnBoard/Swicther/TC_019_Verify_newly_Created_Orgaz_Present(TBD)" status="PASSED">
         <system-out><![CDATA[2020-02-18 22:55:29 - [TEST_CASE][PASSED] - Test Cases/Atlas Platform/OnBoard/Swicther/TC_019_Verify_newly_Created_Orgaz_Present(TBD): Test Cases/Atlas Platform/OnBoard/Swicther/TC_019_Verify_newly_Created_Orgaz_Present(TBD)

2020-02-18 22:55:29 - [TEST_STEP][NOT_RUN] - callTestCase(findTestCase("Atlas Platform/OnBoard/Login/LoginWithRootAdmin"), [:], STOP_ON_FAILURE): NOT_RUN: callTestCase(findTestCase("Atlas Platform/OnBoard/Login/LoginWithRootAdmin"), [:], STOP_ON_FAILURE)

2020-02-18 22:55:29 - [MESSAGE][NOT_RUN] - NOT_RUN: callTestCase(findTestCase("Atlas Platform/OnBoard/Login/LoginWithRootAdmin"), [:], STOP_ON_FAILURE)

2020-02-18 22:55:29 - [TEST_STEP][PASSED] - click(findTestObject("Swicther/swicthermenutext")): Object: 'Object Repository/Swicther/swicthermenutext' is clicked on

2020-02-18 22:55:30 - [MESSAGE][PASSED] - Object: 'Object Repository/Swicther/swicthermenutext' is clicked on

2020-02-18 22:55:30 - [TEST_STEP][PASSED] - click(findTestObject("Swicther/organization_tab_swicther")): Object: 'Object Repository/Swicther/organization_tab_swicther' is clicked on

2020-02-18 22:55:31 - [MESSAGE][PASSED] - Object: 'Object Repository/Swicther/organization_tab_swicther' is clicked on

2020-02-18 22:55:31 - [TEST_STEP][PASSED] - click(findTestObject("Swicther/closeIcon")): Object: 'Object Repository/Swicther/closeIcon' is clicked on

2020-02-18 22:55:31 - [MESSAGE][PASSED] - Object: 'Object Repository/Swicther/closeIcon' is clicked on

2020-02-18 22:55:31 - [TEST_STEP][PASSED] - Start listener action : sampleAfterTestCase: null

2020-02-18 22:55:31 - [TEST_STEP][PASSED] - println(testCaseContext.getTestCaseId()): null

2020-02-18 22:55:31 - [TEST_STEP][PASSED] - println(testCaseContext.getTestCaseStatus()): null

2020-02-18 22:55:31 - [TEST_STEP][PASSED] - println("On Failure Method is Calling : " + testCaseContext.getTestCaseStatus()): null

2020-02-18 22:55:31 - [TEST_STEP][PASSED] - if (!(getTestCaseStatus().equalsIgnoreCase("PASSED"))): null]]></system-out>
         <system-err><![CDATA[]]></system-err>
      </testcase>
      <testcase name="Test Cases/Atlas Platform/OnBoard/Swicther/TC_020_Validate_Root_tab_Favorites" time="7.408" classname="Test Cases/Atlas Platform/OnBoard/Swicther/TC_020_Validate_Root_tab_Favorites" status="PASSED">
         <system-out><![CDATA[2020-02-18 22:55:33 - [TEST_CASE][PASSED] - Test Cases/Atlas Platform/OnBoard/Swicther/TC_020_Validate_Root_tab_Favorites: Test Cases/Atlas Platform/OnBoard/Swicther/TC_020_Validate_Root_tab_Favorites

2020-02-18 22:55:34 - [TEST_STEP][NOT_RUN] - callTestCase(findTestCase("Atlas Platform/OnBoard/Swicther/TC_100_RemoveAllFavorites"), [:], STOP_ON_FAILURE): NOT_RUN: callTestCase(findTestCase("Atlas Platform/OnBoard/Swicther/TC_100_RemoveAllFavorites"), [:], STOP_ON_FAILURE)

2020-02-18 22:55:34 - [MESSAGE][NOT_RUN] - NOT_RUN: callTestCase(findTestCase("Atlas Platform/OnBoard/Swicther/TC_100_RemoveAllFavorites"), [:], STOP_ON_FAILURE)

2020-02-18 22:55:34 - [TEST_STEP][PASSED] - click(findTestObject("Swicther/swicthermenutext")): Object: 'Object Repository/Swicther/swicthermenutext' is clicked on

2020-02-18 22:55:34 - [MESSAGE][PASSED] - Object: 'Object Repository/Swicther/swicthermenutext' is clicked on

2020-02-18 22:55:34 - [TEST_STEP][PASSED] - click(findTestObject("Swicther/root_tab_swicther")): Object: 'Object Repository/Swicther/root_tab_swicther' is clicked on

2020-02-18 22:55:35 - [MESSAGE][PASSED] - Object: 'Object Repository/Swicther/root_tab_swicther' is clicked on

2020-02-18 22:55:35 - [TEST_STEP][PASSED] - listofoptions = findWebElements(findTestObject("Swicther/root_tab_all_values"), 5): null

2020-02-18 22:55:36 - [TEST_STEP][PASSED] - listoffavicons = findWebElements(findTestObject("Swicther/root_tab_fav_icon"), 5): null

2020-02-18 22:55:36 - [TEST_STEP][PASSED] - listofoptioninstring = new java.util.ArrayList(): null

2020-02-18 22:55:36 - [TEST_STEP][PASSED] - for (org.openqa.selenium.WebElement ele : listofoptions): null

2020-02-18 22:55:36 - [TEST_STEP][PASSED] - listofoptioninstring.addAll(ele.getText()): null

2020-02-18 22:55:36 - [TEST_STEP][PASSED] - println(listofoptioninstring): null

2020-02-18 22:55:36 - [TEST_STEP][PASSED] - verify_accountName = "Root": null

2020-02-18 22:55:36 - [TEST_STEP][PASSED] - for ([h = 0, h < listofoptions.size(), (h++)]): null

2020-02-18 22:55:36 - [TEST_STEP][PASSED] - if (trim().equalsIgnoreCase(verify_accountName)): null

2020-02-18 22:55:36 - [TEST_STEP][PASSED] - get(h).click(): null

2020-02-18 22:55:36 - [TEST_STEP][PASSED] - break: null

2020-02-18 22:55:36 - [TEST_STEP][PASSED] - click(findTestObject("Swicther/favorites_tabs_swicther")): Object: 'Object Repository/Swicther/favorites_tabs_swicther' is clicked on

2020-02-18 22:55:37 - [MESSAGE][PASSED] - Object: 'Object Repository/Swicther/favorites_tabs_swicther' is clicked on

2020-02-18 22:55:37 - [TEST_STEP][PASSED] - listoffavvalues = findWebElements(findTestObject("Swicther/favorites_tab_all_values"), 5): null

2020-02-18 22:55:38 - [TEST_STEP][PASSED] - isPresent = false: null

2020-02-18 22:55:38 - [TEST_STEP][PASSED] - for ([j = 0, j < listoffavvalues.size(), (j++)]): null

2020-02-18 22:55:38 - [TEST_STEP][PASSED] - if (trim().equalsIgnoreCase(verify_accountName)): null

2020-02-18 22:55:38 - [TEST_STEP][PASSED] - if (trim().equalsIgnoreCase(verify_accountName)): null

2020-02-18 22:55:38 - [TEST_STEP][PASSED] - if (trim().equalsIgnoreCase(verify_accountName)): null

2020-02-18 22:55:38 - [TEST_STEP][PASSED] - isPresent = true: null

2020-02-18 22:55:38 - [TEST_STEP][NOT_RUN] - click(findTestObject("Swicther/favorite_icon")): NOT_RUN: click(findTestObject("Swicther/favorite_icon"))

2020-02-18 22:55:38 - [MESSAGE][NOT_RUN] - NOT_RUN: click(findTestObject("Swicther/favorite_icon"))

2020-02-18 22:55:38 - [TEST_STEP][PASSED] - verifyEqual(isPresent, true): Actual object 'true' and expected object 'true' are equal

2020-02-18 22:55:38 - [MESSAGE][PASSED] - Actual object 'true' and expected object 'true' are equal

2020-02-18 22:55:38 - [TEST_STEP][PASSED] - click(findTestObject("Swicther/closeIcon")): Object: 'Object Repository/Swicther/closeIcon' is clicked on

2020-02-18 22:55:39 - [MESSAGE][PASSED] - Object: 'Object Repository/Swicther/closeIcon' is clicked on

2020-02-18 22:55:39 - [TEST_STEP][PASSED] - Start listener action : sampleAfterTestCase: null

2020-02-18 22:55:39 - [TEST_STEP][PASSED] - println(testCaseContext.getTestCaseId()): null

2020-02-18 22:55:39 - [TEST_STEP][PASSED] - println(testCaseContext.getTestCaseStatus()): null

2020-02-18 22:55:39 - [TEST_STEP][PASSED] - println("On Failure Method is Calling : " + testCaseContext.getTestCaseStatus()): null

2020-02-18 22:55:39 - [TEST_STEP][PASSED] - if (!(getTestCaseStatus().equalsIgnoreCase("PASSED"))): null]]></system-out>
         <system-err><![CDATA[]]></system-err>
      </testcase>
      <testcase name="Test Cases/Atlas Platform/OnBoard/Swicther/TC_021_Validate_Accounts_Favorites" time="31.871" classname="Test Cases/Atlas Platform/OnBoard/Swicther/TC_021_Validate_Accounts_Favorites" status="PASSED">
         <system-out><![CDATA[2020-02-18 22:55:41 - [TEST_CASE][PASSED] - Test Cases/Atlas Platform/OnBoard/Swicther/TC_021_Validate_Accounts_Favorites: Test Cases/Atlas Platform/OnBoard/Swicther/TC_021_Validate_Accounts_Favorites

2020-02-18 22:55:41 - [TEST_STEP][PASSED] - callTestCase(findTestCase("Atlas Platform/OnBoard/Swicther/TC_100_RemoveAllFavorites"), [:], STOP_ON_FAILURE): Call Test Case 'Test Cases/Atlas Platform/OnBoard/Swicther/TC_100_RemoveAllFavorites' successfully

2020-02-18 22:55:41 - [TEST_CASE][PASSED] - Test Cases/Atlas Platform/OnBoard/Swicther/TC_100_RemoveAllFavorites: Test Cases/Atlas Platform/OnBoard/Swicther/TC_100_RemoveAllFavorites

2020-02-18 22:55:41 - [TEST_STEP][PASSED] - callTestCase(findTestCase("Atlas Platform/OnBoard/Login/LoginWithRootAdmin"), [:], STOP_ON_FAILURE): Call Test Case 'Test Cases/Atlas Platform/OnBoard/Login/LoginWithRootAdmin' successfully

2020-02-18 22:55:41 - [TEST_CASE][PASSED] - Test Cases/Atlas Platform/OnBoard/Login/LoginWithRootAdmin: Test Cases/Atlas Platform/OnBoard/Login/LoginWithRootAdmin

2020-02-18 22:55:41 - [TEST_STEP][PASSED] - openBrowser(""): Browser is opened with url: ''

2020-02-18 22:55:41 - [MESSAGE][WARNING] - A browser is already opened. Closing browser and opening a new one

2020-02-18 22:55:44 - [MESSAGE][INFO] - Starting 'Firefox' driver

2020-02-18 22:55:50 - [MESSAGE][PASSED] - Browser is opened with url: ''

2020-02-18 22:55:50 - [TEST_STEP][NOT_RUN] - callTestCase(findTestCase("Atlas Platform/OnBoard/SwictherDBValidation/TC_100_ForSecurityURLSAcceptance"), [:], CONTINUE_ON_FAILURE): NOT_RUN: callTestCase(findTestCase("Atlas Platform/OnBoard/SwictherDBValidation/TC_100_ForSecurityURLSAcceptance"), [:], CONTINUE_ON_FAILURE)

2020-02-18 22:55:50 - [MESSAGE][NOT_RUN] - NOT_RUN: callTestCase(findTestCase("Atlas Platform/OnBoard/SwictherDBValidation/TC_100_ForSecurityURLSAcceptance"), [:], CONTINUE_ON_FAILURE)

2020-02-18 22:55:50 - [TEST_STEP][PASSED] - navigateToUrl("https://atlas-dev.gsm.auto/"): Navigate to 'https://atlas-dev.gsm.auto/' successfully

2020-02-18 22:55:52 - [MESSAGE][PASSED] - Navigate to 'https://atlas-dev.gsm.auto/' successfully

2020-02-18 22:55:52 - [TEST_STEP][PASSED] - setText(findTestObject("Object Repository/LoginPage/loginpageemailtxtbox"), user_Email): Text 'navaraj@totient.co.in' is set on object 'Object Repository/LoginPage/loginpageemailtxtbox'

2020-02-18 22:55:53 - [MESSAGE][PASSED] - Text 'navaraj@totient.co.in' is set on object 'Object Repository/LoginPage/loginpageemailtxtbox'

2020-02-18 22:55:53 - [TEST_STEP][PASSED] - setText(findTestObject("Object Repository/LoginPage/loginpaepasswordtxtbox"), user_Password): Text 'Totient@123' is set on object 'Object Repository/LoginPage/loginpaepasswordtxtbox'

2020-02-18 22:55:54 - [MESSAGE][PASSED] - Text 'Totient@123' is set on object 'Object Repository/LoginPage/loginpaepasswordtxtbox'

2020-02-18 22:55:54 - [TEST_STEP][PASSED] - click(findTestObject("LoginPage/loginpageloginbtn")): Object: 'Object Repository/LoginPage/loginpageloginbtn' is clicked on

2020-02-18 22:55:55 - [MESSAGE][PASSED] - Object: 'Object Repository/LoginPage/loginpageloginbtn' is clicked on

2020-02-18 22:55:55 - [MESSAGE][PASSED] - Call Test Case 'Test Cases/Atlas Platform/OnBoard/Login/LoginWithRootAdmin' successfully

2020-02-18 22:55:55 - [TEST_STEP][PASSED] - click(findTestObject("Swicther/swicthermenutext")): Object: 'Object Repository/Swicther/swicthermenutext' is clicked on

2020-02-18 22:55:57 - [MESSAGE][PASSED] - Object: 'Object Repository/Swicther/swicthermenutext' is clicked on

2020-02-18 22:55:57 - [TEST_STEP][PASSED] - click(findTestObject("Swicther/favorites_tabs_swicther")): Object: 'Object Repository/Swicther/favorites_tabs_swicther' is clicked on

2020-02-18 22:55:58 - [MESSAGE][PASSED] - Object: 'Object Repository/Swicther/favorites_tabs_swicther' is clicked on

2020-02-18 22:55:58 - [TEST_STEP][PASSED] - listoffavvalues = findWebElements(findTestObject("Swicther/favorites_tab_all_fav_icon"), 5): Unable to find the element located by 'By.xpath: //div[@id='switcherTabs-pane-4']/ul/li/div/div[2]/div/div'. Please recheck the objects properties to make sure the desired element is located. 

2020-02-18 22:56:06 - [MESSAGE][INFO] - Unable to find the element located by 'By.xpath: //div[@id='switcherTabs-pane-4']/ul/li/div/div[2]/div/div'. Please recheck the objects properties to make sure the desired element is located. 

2020-02-18 22:56:06 - [TEST_STEP][PASSED] - for ([j = 0, j < listoffavvalues.size(), (j++)]): null

2020-02-18 22:56:06 - [MESSAGE][PASSED] - Call Test Case 'Test Cases/Atlas Platform/OnBoard/Swicther/TC_100_RemoveAllFavorites' successfully

2020-02-18 22:56:06 - [TEST_STEP][PASSED] - click(findTestObject("Swicther/swicthermenutext")): Object: 'Object Repository/Swicther/swicthermenutext' is clicked on

2020-02-18 22:56:06 - [MESSAGE][PASSED] - Object: 'Object Repository/Swicther/swicthermenutext' is clicked on

2020-02-18 22:56:06 - [TEST_STEP][PASSED] - click(findTestObject("Swicther/accounts_tab_swicther")): Object: 'Object Repository/Swicther/accounts_tab_swicther' is clicked on

2020-02-18 22:56:07 - [MESSAGE][PASSED] - Object: 'Object Repository/Swicther/accounts_tab_swicther' is clicked on

2020-02-18 22:56:07 - [TEST_STEP][PASSED] - listofoptions = findWebElements(findTestObject("Swicther/accounts_tab_all_values"), 5): null

2020-02-18 22:56:08 - [TEST_STEP][PASSED] - listoffavicons = findWebElements(findTestObject("Swicther/accounts_tab_fav_icon"), 5): null

2020-02-18 22:56:08 - [TEST_STEP][PASSED] - listofoptioninstring = new java.util.ArrayList(): null

2020-02-18 22:56:08 - [TEST_STEP][PASSED] - for (org.openqa.selenium.WebElement ele : listofoptions): null

2020-02-18 22:56:08 - [TEST_STEP][PASSED] - listofoptioninstring.addAll(ele.getText()): null

2020-02-18 22:56:08 - [TEST_STEP][PASSED] - listofoptioninstring.addAll(ele.getText()): null

2020-02-18 22:56:08 - [TEST_STEP][PASSED] - listofoptioninstring.addAll(ele.getText()): null

2020-02-18 22:56:08 - [TEST_STEP][PASSED] - listofoptioninstring.addAll(ele.getText()): null

2020-02-18 22:56:08 - [TEST_STEP][PASSED] - listofoptioninstring.addAll(ele.getText()): null

2020-02-18 22:56:08 - [TEST_STEP][PASSED] - listofoptioninstring.addAll(ele.getText()): null

2020-02-18 22:56:08 - [TEST_STEP][PASSED] - listofoptioninstring.addAll(ele.getText()): null

2020-02-18 22:56:08 - [TEST_STEP][PASSED] - listofoptioninstring.addAll(ele.getText()): null

2020-02-18 22:56:08 - [TEST_STEP][PASSED] - verify_accountName = web.CustomKeyword.getrandomStingValue(listofoptioninstring): web.CustomKeyword.getrandomStingValue is PASSED

2020-02-18 22:56:08 - [MESSAGE][PASSED] - web.CustomKeyword.getrandomStingValue is PASSED

2020-02-18 22:56:08 - [TEST_STEP][PASSED] - for ([h = 0, h < listofoptions.size(), (h++)]): null

2020-02-18 22:56:08 - [TEST_STEP][PASSED] - if (getText().equalsIgnoreCase(verify_accountName)): null

2020-02-18 22:56:08 - [TEST_STEP][PASSED] - if (getText().equalsIgnoreCase(verify_accountName)): null

2020-02-18 22:56:08 - [TEST_STEP][PASSED] - if (getText().equalsIgnoreCase(verify_accountName)): null

2020-02-18 22:56:08 - [TEST_STEP][PASSED] - get(h).click(): null

2020-02-18 22:56:09 - [TEST_STEP][PASSED] - break: null

2020-02-18 22:56:09 - [TEST_STEP][PASSED] - click(findTestObject("Swicther/favorites_tabs_swicther")): Object: 'Object Repository/Swicther/favorites_tabs_swicther' is clicked on

2020-02-18 22:56:10 - [MESSAGE][PASSED] - Object: 'Object Repository/Swicther/favorites_tabs_swicther' is clicked on

2020-02-18 22:56:10 - [TEST_STEP][PASSED] - listoffavvalues = findWebElements(findTestObject("Swicther/favorites_tab_all_values"), 5): null

2020-02-18 22:56:10 - [TEST_STEP][PASSED] - isPresent = false: null

2020-02-18 22:56:10 - [TEST_STEP][PASSED] - for ([j = 0, j < listoffavvalues.size(), (j++)]): null

2020-02-18 22:56:10 - [TEST_STEP][PASSED] - if (getText().equalsIgnoreCase(verify_accountName)): null

2020-02-18 22:56:10 - [TEST_STEP][PASSED] - isPresent = true: null

2020-02-18 22:56:10 - [TEST_STEP][NOT_RUN] - click(findTestObject("Swicther/favorite_icon")): NOT_RUN: click(findTestObject("Swicther/favorite_icon"))

2020-02-18 22:56:10 - [MESSAGE][NOT_RUN] - NOT_RUN: click(findTestObject("Swicther/favorite_icon"))

2020-02-18 22:56:10 - [TEST_STEP][PASSED] - verifyEqual(isPresent, true): Actual object 'true' and expected object 'true' are equal

2020-02-18 22:56:10 - [MESSAGE][PASSED] - Actual object 'true' and expected object 'true' are equal

2020-02-18 22:56:10 - [TEST_STEP][PASSED] - Start listener action : sampleAfterTestCase: null

2020-02-18 22:56:10 - [TEST_STEP][PASSED] - println(testCaseContext.getTestCaseId()): null

2020-02-18 22:56:10 - [TEST_STEP][PASSED] - println(testCaseContext.getTestCaseStatus()): null

2020-02-18 22:56:10 - [TEST_STEP][PASSED] - println("On Failure Method is Calling : " + testCaseContext.getTestCaseStatus()): null

2020-02-18 22:56:10 - [TEST_STEP][PASSED] - if (!(getTestCaseStatus().equalsIgnoreCase("PASSED"))): null]]></system-out>
         <system-err><![CDATA[]]></system-err>
      </testcase>
      <testcase name="Test Cases/Atlas Platform/OnBoard/Swicther/TC_022_Verify_Favorite_tab_sorting" time="4.783" classname="Test Cases/Atlas Platform/OnBoard/Swicther/TC_022_Verify_Favorite_tab_sorting" status="PASSED">
         <system-out><![CDATA[2020-02-18 22:56:13 - [TEST_CASE][PASSED] - Test Cases/Atlas Platform/OnBoard/Swicther/TC_022_Verify_Favorite_tab_sorting: Test Cases/Atlas Platform/OnBoard/Swicther/TC_022_Verify_Favorite_tab_sorting

2020-02-18 22:56:13 - [TEST_STEP][NOT_RUN] - callTestCase(findTestCase("Atlas Platform/OnBoard/Login/LoginWithRootAdmin"), [:], STOP_ON_FAILURE): NOT_RUN: callTestCase(findTestCase("Atlas Platform/OnBoard/Login/LoginWithRootAdmin"), [:], STOP_ON_FAILURE)

2020-02-18 22:56:13 - [MESSAGE][NOT_RUN] - NOT_RUN: callTestCase(findTestCase("Atlas Platform/OnBoard/Login/LoginWithRootAdmin"), [:], STOP_ON_FAILURE)

2020-02-18 22:56:13 - [TEST_STEP][PASSED] - click(findTestObject("Swicther/swicthermenutext")): Object: 'Object Repository/Swicther/swicthermenutext' is clicked on

2020-02-18 22:56:14 - [MESSAGE][PASSED] - Object: 'Object Repository/Swicther/swicthermenutext' is clicked on

2020-02-18 22:56:14 - [TEST_STEP][PASSED] - click(findTestObject("Swicther/favorites_tabs_swicther")): Object: 'Object Repository/Swicther/favorites_tabs_swicther' is clicked on

2020-02-18 22:56:14 - [MESSAGE][PASSED] - Object: 'Object Repository/Swicther/favorites_tabs_swicther' is clicked on

2020-02-18 22:56:14 - [TEST_STEP][PASSED] - listofoptions = findWebElements(findTestObject("Swicther/favorites_tab_all_values"), 5): null

2020-02-18 22:56:15 - [TEST_STEP][PASSED] - listofoptioninstring = new java.util.ArrayList(): null

2020-02-18 22:56:15 - [TEST_STEP][PASSED] - for (org.openqa.selenium.WebElement ele : listofoptions): null

2020-02-18 22:56:15 - [TEST_STEP][PASSED] - listofoptioninstring.addAll(split("Last")[0].trim()): null

2020-02-18 22:56:15 - [TEST_STEP][PASSED] - isSorted = web.CustomKeyword.checkListAscendingOrder(listofoptioninstring): web.CustomKeyword.checkListAscendingOrder is PASSED

2020-02-18 22:56:15 - [MESSAGE][PASSED] - web.CustomKeyword.checkListAscendingOrder is PASSED

2020-02-18 22:56:15 - [TEST_STEP][PASSED] - verifyEqual(isSorted, true): Actual object 'true' and expected object 'true' are equal

2020-02-18 22:56:15 - [MESSAGE][PASSED] - Actual object 'true' and expected object 'true' are equal

2020-02-18 22:56:15 - [TEST_STEP][PASSED] - click(findTestObject("Swicther/closeIcon")): Object: 'Object Repository/Swicther/closeIcon' is clicked on

2020-02-18 22:56:15 - [MESSAGE][PASSED] - Object: 'Object Repository/Swicther/closeIcon' is clicked on

2020-02-18 22:56:15 - [TEST_STEP][PASSED] - Start listener action : sampleAfterTestCase: null

2020-02-18 22:56:15 - [TEST_STEP][PASSED] - println(testCaseContext.getTestCaseId()): null

2020-02-18 22:56:15 - [TEST_STEP][PASSED] - println(testCaseContext.getTestCaseStatus()): null

2020-02-18 22:56:15 - [TEST_STEP][PASSED] - println("On Failure Method is Calling : " + testCaseContext.getTestCaseStatus()): null

2020-02-18 22:56:15 - [TEST_STEP][PASSED] - if (!(getTestCaseStatus().equalsIgnoreCase("PASSED"))): null]]></system-out>
         <system-err><![CDATA[]]></system-err>
      </testcase>
      <testcase name="Test Cases/Atlas Platform/OnBoard/Swicther/TC_023_Remove_Selected_Account_From_Favorites" time="42.839" classname="Test Cases/Atlas Platform/OnBoard/Swicther/TC_023_Remove_Selected_Account_From_Favorites" status="PASSED">
         <system-out><![CDATA[2020-02-18 22:56:17 - [TEST_CASE][PASSED] - Test Cases/Atlas Platform/OnBoard/Swicther/TC_023_Remove_Selected_Account_From_Favorites: Test Cases/Atlas Platform/OnBoard/Swicther/TC_023_Remove_Selected_Account_From_Favorites

2020-02-18 22:56:18 - [TEST_STEP][PASSED] - callTestCase(findTestCase("Atlas Platform/OnBoard/Swicther/TC_021_Validate_Accounts_Favorites"), [:], STOP_ON_FAILURE): Call Test Case 'Test Cases/Atlas Platform/OnBoard/Swicther/TC_021_Validate_Accounts_Favorites' successfully

2020-02-18 22:56:18 - [TEST_CASE][PASSED] - Test Cases/Atlas Platform/OnBoard/Swicther/TC_021_Validate_Accounts_Favorites: Test Cases/Atlas Platform/OnBoard/Swicther/TC_021_Validate_Accounts_Favorites

2020-02-18 22:56:18 - [TEST_STEP][PASSED] - callTestCase(findTestCase("Atlas Platform/OnBoard/Swicther/TC_100_RemoveAllFavorites"), [:], STOP_ON_FAILURE): Call Test Case 'Test Cases/Atlas Platform/OnBoard/Swicther/TC_100_RemoveAllFavorites' successfully

2020-02-18 22:56:18 - [TEST_CASE][PASSED] - Test Cases/Atlas Platform/OnBoard/Swicther/TC_100_RemoveAllFavorites: Test Cases/Atlas Platform/OnBoard/Swicther/TC_100_RemoveAllFavorites

2020-02-18 22:56:18 - [TEST_STEP][PASSED] - callTestCase(findTestCase("Atlas Platform/OnBoard/Login/LoginWithRootAdmin"), [:], STOP_ON_FAILURE): Call Test Case 'Test Cases/Atlas Platform/OnBoard/Login/LoginWithRootAdmin' successfully

2020-02-18 22:56:18 - [TEST_CASE][PASSED] - Test Cases/Atlas Platform/OnBoard/Login/LoginWithRootAdmin: Test Cases/Atlas Platform/OnBoard/Login/LoginWithRootAdmin

2020-02-18 22:56:18 - [TEST_STEP][PASSED] - openBrowser(""): Browser is opened with url: ''

2020-02-18 22:56:18 - [MESSAGE][WARNING] - A browser is already opened. Closing browser and opening a new one

2020-02-18 22:56:22 - [MESSAGE][INFO] - Starting 'Firefox' driver

2020-02-18 22:56:28 - [MESSAGE][PASSED] - Browser is opened with url: ''

2020-02-18 22:56:28 - [TEST_STEP][NOT_RUN] - callTestCase(findTestCase("Atlas Platform/OnBoard/SwictherDBValidation/TC_100_ForSecurityURLSAcceptance"), [:], CONTINUE_ON_FAILURE): NOT_RUN: callTestCase(findTestCase("Atlas Platform/OnBoard/SwictherDBValidation/TC_100_ForSecurityURLSAcceptance"), [:], CONTINUE_ON_FAILURE)

2020-02-18 22:56:28 - [MESSAGE][NOT_RUN] - NOT_RUN: callTestCase(findTestCase("Atlas Platform/OnBoard/SwictherDBValidation/TC_100_ForSecurityURLSAcceptance"), [:], CONTINUE_ON_FAILURE)

2020-02-18 22:56:28 - [TEST_STEP][PASSED] - navigateToUrl("https://atlas-dev.gsm.auto/"): Navigate to 'https://atlas-dev.gsm.auto/' successfully

2020-02-18 22:56:32 - [MESSAGE][PASSED] - Navigate to 'https://atlas-dev.gsm.auto/' successfully

2020-02-18 22:56:32 - [TEST_STEP][PASSED] - setText(findTestObject("Object Repository/LoginPage/loginpageemailtxtbox"), user_Email): Text 'navaraj@totient.co.in' is set on object 'Object Repository/LoginPage/loginpageemailtxtbox'

2020-02-18 22:56:33 - [MESSAGE][PASSED] - Text 'navaraj@totient.co.in' is set on object 'Object Repository/LoginPage/loginpageemailtxtbox'

2020-02-18 22:56:33 - [TEST_STEP][PASSED] - setText(findTestObject("Object Repository/LoginPage/loginpaepasswordtxtbox"), user_Password): Text 'Totient@123' is set on object 'Object Repository/LoginPage/loginpaepasswordtxtbox'

2020-02-18 22:56:34 - [MESSAGE][PASSED] - Text 'Totient@123' is set on object 'Object Repository/LoginPage/loginpaepasswordtxtbox'

2020-02-18 22:56:34 - [TEST_STEP][PASSED] - click(findTestObject("LoginPage/loginpageloginbtn")): Object: 'Object Repository/LoginPage/loginpageloginbtn' is clicked on

2020-02-18 22:56:34 - [MESSAGE][PASSED] - Object: 'Object Repository/LoginPage/loginpageloginbtn' is clicked on

2020-02-18 22:56:34 - [MESSAGE][PASSED] - Call Test Case 'Test Cases/Atlas Platform/OnBoard/Login/LoginWithRootAdmin' successfully

2020-02-18 22:56:34 - [TEST_STEP][PASSED] - click(findTestObject("Swicther/swicthermenutext")): Object: 'Object Repository/Swicther/swicthermenutext' is clicked on

2020-02-18 22:56:37 - [MESSAGE][PASSED] - Object: 'Object Repository/Swicther/swicthermenutext' is clicked on

2020-02-18 22:56:37 - [TEST_STEP][PASSED] - click(findTestObject("Swicther/favorites_tabs_swicther")): Object: 'Object Repository/Swicther/favorites_tabs_swicther' is clicked on

2020-02-18 22:56:37 - [MESSAGE][PASSED] - Object: 'Object Repository/Swicther/favorites_tabs_swicther' is clicked on

2020-02-18 22:56:37 - [TEST_STEP][PASSED] - listoffavvalues = findWebElements(findTestObject("Swicther/favorites_tab_all_fav_icon"), 5): Unable to find the element located by 'By.xpath: //div[@id='switcherTabs-pane-4']/ul/li/div/div[2]/div/div'. Please recheck the objects properties to make sure the desired element is located. 

2020-02-18 22:56:45 - [MESSAGE][INFO] - Unable to find the element located by 'By.xpath: //div[@id='switcherTabs-pane-4']/ul/li/div/div[2]/div/div'. Please recheck the objects properties to make sure the desired element is located. 

2020-02-18 22:56:45 - [TEST_STEP][PASSED] - for ([j = 0, j < listoffavvalues.size(), (j++)]): null

2020-02-18 22:56:45 - [MESSAGE][PASSED] - Call Test Case 'Test Cases/Atlas Platform/OnBoard/Swicther/TC_100_RemoveAllFavorites' successfully

2020-02-18 22:56:45 - [TEST_STEP][PASSED] - click(findTestObject("Swicther/swicthermenutext")): Object: 'Object Repository/Swicther/swicthermenutext' is clicked on

2020-02-18 22:56:46 - [MESSAGE][PASSED] - Object: 'Object Repository/Swicther/swicthermenutext' is clicked on

2020-02-18 22:56:46 - [TEST_STEP][PASSED] - click(findTestObject("Swicther/accounts_tab_swicther")): Object: 'Object Repository/Swicther/accounts_tab_swicther' is clicked on

2020-02-18 22:56:47 - [MESSAGE][PASSED] - Object: 'Object Repository/Swicther/accounts_tab_swicther' is clicked on

2020-02-18 22:56:47 - [TEST_STEP][PASSED] - listofoptions = findWebElements(findTestObject("Swicther/accounts_tab_all_values"), 5): null

2020-02-18 22:56:47 - [TEST_STEP][PASSED] - listoffavicons = findWebElements(findTestObject("Swicther/accounts_tab_fav_icon"), 5): null

2020-02-18 22:56:48 - [TEST_STEP][PASSED] - listofoptioninstring = new java.util.ArrayList(): null

2020-02-18 22:56:48 - [TEST_STEP][PASSED] - for (org.openqa.selenium.WebElement ele : listofoptions): null

2020-02-18 22:56:48 - [TEST_STEP][PASSED] - listofoptioninstring.addAll(ele.getText()): null

2020-02-18 22:56:48 - [TEST_STEP][PASSED] - listofoptioninstring.addAll(ele.getText()): null

2020-02-18 22:56:48 - [TEST_STEP][PASSED] - listofoptioninstring.addAll(ele.getText()): null

2020-02-18 22:56:48 - [TEST_STEP][PASSED] - listofoptioninstring.addAll(ele.getText()): null

2020-02-18 22:56:48 - [TEST_STEP][PASSED] - listofoptioninstring.addAll(ele.getText()): null

2020-02-18 22:56:48 - [TEST_STEP][PASSED] - listofoptioninstring.addAll(ele.getText()): null

2020-02-18 22:56:48 - [TEST_STEP][PASSED] - listofoptioninstring.addAll(ele.getText()): null

2020-02-18 22:56:48 - [TEST_STEP][PASSED] - listofoptioninstring.addAll(ele.getText()): null

2020-02-18 22:56:48 - [TEST_STEP][PASSED] - verify_accountName = web.CustomKeyword.getrandomStingValue(listofoptioninstring): web.CustomKeyword.getrandomStingValue is PASSED

2020-02-18 22:56:48 - [MESSAGE][PASSED] - web.CustomKeyword.getrandomStingValue is PASSED

2020-02-18 22:56:48 - [TEST_STEP][PASSED] - for ([h = 0, h < listofoptions.size(), (h++)]): null

2020-02-18 22:56:48 - [TEST_STEP][PASSED] - if (getText().equalsIgnoreCase(verify_accountName)): null

2020-02-18 22:56:48 - [TEST_STEP][PASSED] - get(h).click(): null

2020-02-18 22:56:48 - [TEST_STEP][PASSED] - break: null

2020-02-18 22:56:48 - [TEST_STEP][PASSED] - click(findTestObject("Swicther/favorites_tabs_swicther")): Object: 'Object Repository/Swicther/favorites_tabs_swicther' is clicked on

2020-02-18 22:56:49 - [MESSAGE][PASSED] - Object: 'Object Repository/Swicther/favorites_tabs_swicther' is clicked on

2020-02-18 22:56:49 - [TEST_STEP][PASSED] - listoffavvalues = findWebElements(findTestObject("Swicther/favorites_tab_all_values"), 5): null

2020-02-18 22:56:50 - [TEST_STEP][PASSED] - isPresent = false: null

2020-02-18 22:56:50 - [TEST_STEP][PASSED] - for ([j = 0, j < listoffavvalues.size(), (j++)]): null

2020-02-18 22:56:50 - [TEST_STEP][PASSED] - if (getText().equalsIgnoreCase(verify_accountName)): null

2020-02-18 22:56:50 - [TEST_STEP][PASSED] - isPresent = true: null

2020-02-18 22:56:50 - [TEST_STEP][NOT_RUN] - click(findTestObject("Swicther/favorite_icon")): NOT_RUN: click(findTestObject("Swicther/favorite_icon"))

2020-02-18 22:56:50 - [MESSAGE][NOT_RUN] - NOT_RUN: click(findTestObject("Swicther/favorite_icon"))

2020-02-18 22:56:50 - [TEST_STEP][PASSED] - verifyEqual(isPresent, true): Actual object 'true' and expected object 'true' are equal

2020-02-18 22:56:50 - [MESSAGE][PASSED] - Actual object 'true' and expected object 'true' are equal

2020-02-18 22:56:50 - [MESSAGE][PASSED] - Call Test Case 'Test Cases/Atlas Platform/OnBoard/Swicther/TC_021_Validate_Accounts_Favorites' successfully

2020-02-18 22:56:50 - [TEST_STEP][PASSED] - listoffavvalues = findWebElements(findTestObject("Swicther/favorites_tab_all_values"), 5): null

2020-02-18 22:56:50 - [TEST_STEP][PASSED] - listofstaricon = findWebElements(findTestObject("Swicther/favorites_tab_all_fav_icon"), 5): null

2020-02-18 22:56:50 - [TEST_STEP][PASSED] - beforeRemoveStar_FavoriteListCount = listoffavvalues.size(): null

2020-02-18 22:56:50 - [TEST_STEP][PASSED] - for ([h = 0, h < listoffavvalues.size(), (h++)]): null

2020-02-18 22:56:50 - [TEST_STEP][PASSED] - get(h).click(): null

2020-02-18 22:56:51 - [TEST_STEP][PASSED] - break: null

2020-02-18 22:56:51 - [TEST_STEP][PASSED] - listoffavvalues = findWebElements(findTestObject("Swicther/favorites_tab_all_values"), 5): Unable to find the element located by 'By.xpath: //div[@id='switcherTabs-pane-4']/ul/li/div/div/div[2]/div'. Please recheck the objects properties to make sure the desired element is located. 

2020-02-18 22:56:58 - [MESSAGE][INFO] - Unable to find the element located by 'By.xpath: //div[@id='switcherTabs-pane-4']/ul/li/div/div/div[2]/div'. Please recheck the objects properties to make sure the desired element is located. 

2020-02-18 22:56:58 - [TEST_STEP][PASSED] - afterRemovedStar_FavoriteListCount = listoffavvalues.size(): null

2020-02-18 22:56:58 - [TEST_STEP][PASSED] - verifyNotEqual(beforeRemoveStar_FavoriteListCount, afterRemovedStar_FavoriteListCount): Actual object '1' and expected object '0' are not equal

2020-02-18 22:56:58 - [MESSAGE][PASSED] - Actual object '1' and expected object '0' are not equal

2020-02-18 22:56:58 - [TEST_STEP][PASSED] - Start listener action : sampleAfterTestCase: null

2020-02-18 22:56:58 - [TEST_STEP][PASSED] - println(testCaseContext.getTestCaseId()): null

2020-02-18 22:56:58 - [TEST_STEP][PASSED] - println(testCaseContext.getTestCaseStatus()): null

2020-02-18 22:56:58 - [TEST_STEP][PASSED] - println("On Failure Method is Calling : " + testCaseContext.getTestCaseStatus()): null

2020-02-18 22:56:58 - [TEST_STEP][PASSED] - if (!(getTestCaseStatus().equalsIgnoreCase("PASSED"))): null]]></system-out>
         <system-err><![CDATA[]]></system-err>
      </testcase>
      <testcase name="Test Cases/Atlas Platform/OnBoard/Swicther/TC_024_Verify_Assign_Multiple_Account_Login(TBD)" time="2.385" classname="Test Cases/Atlas Platform/OnBoard/Swicther/TC_024_Verify_Assign_Multiple_Account_Login(TBD)" status="PASSED">
         <system-out><![CDATA[2020-02-18 22:57:00 - [TEST_CASE][PASSED] - Test Cases/Atlas Platform/OnBoard/Swicther/TC_024_Verify_Assign_Multiple_Account_Login(TBD): Test Cases/Atlas Platform/OnBoard/Swicther/TC_024_Verify_Assign_Multiple_Account_Login(TBD)

2020-02-18 22:57:00 - [TEST_STEP][PASSED] - return null: null

2020-02-18 22:57:00 - [TEST_STEP][PASSED] - Start listener action : sampleAfterTestCase: null

2020-02-18 22:57:00 - [TEST_STEP][PASSED] - println(testCaseContext.getTestCaseId()): null

2020-02-18 22:57:00 - [TEST_STEP][PASSED] - println(testCaseContext.getTestCaseStatus()): null

2020-02-18 22:57:01 - [TEST_STEP][PASSED] - println("On Failure Method is Calling : " + testCaseContext.getTestCaseStatus()): null

2020-02-18 22:57:01 - [TEST_STEP][PASSED] - if (!(getTestCaseStatus().equalsIgnoreCase("PASSED"))): null]]></system-out>
         <system-err><![CDATA[]]></system-err>
      </testcase>
      <testcase name="Test Cases/Atlas Platform/OnBoard/Swicther/TC_025_Verify_After_Swicth_Login(TBD)" time="2.27" classname="Test Cases/Atlas Platform/OnBoard/Swicther/TC_025_Verify_After_Swicth_Login(TBD)" status="PASSED">
         <system-out><![CDATA[2020-02-18 22:57:03 - [TEST_CASE][PASSED] - Test Cases/Atlas Platform/OnBoard/Swicther/TC_025_Verify_After_Swicth_Login(TBD): Test Cases/Atlas Platform/OnBoard/Swicther/TC_025_Verify_After_Swicth_Login(TBD)

2020-02-18 22:57:03 - [TEST_STEP][PASSED] - return null: null

2020-02-18 22:57:03 - [TEST_STEP][PASSED] - Start listener action : sampleAfterTestCase: null

2020-02-18 22:57:03 - [TEST_STEP][PASSED] - println(testCaseContext.getTestCaseId()): null

2020-02-18 22:57:03 - [TEST_STEP][PASSED] - println(testCaseContext.getTestCaseStatus()): null

2020-02-18 22:57:03 - [TEST_STEP][PASSED] - println("On Failure Method is Calling : " + testCaseContext.getTestCaseStatus()): null

2020-02-18 22:57:03 - [TEST_STEP][PASSED] - if (!(getTestCaseStatus().equalsIgnoreCase("PASSED"))): null]]></system-out>
         <system-err><![CDATA[]]></system-err>
      </testcase>
      <testcase name="Test Cases/Atlas Platform/OnBoard/Swicther/TC_026_Validate_Valid_Search_Record(TBD)" time="24.737" classname="Test Cases/Atlas Platform/OnBoard/Swicther/TC_026_Validate_Valid_Search_Record(TBD)" status="ERROR">
         <error type="ERROR" message="Test Cases/Atlas Platform/OnBoard/Swicther/TC_026_Validate_Valid_Search_Record(TBD) FAILED.
Reason:
org.codehaus.groovy.runtime.InvokerInvocationException: com.mysql.cj.jdbc.exceptions.CommunicationsException: Communications link failure

The last packet sent successfully to the server was 0 milliseconds ago. The driver has not received any packets from the server.
	at web.MySQLDataBase.invokeMethod(MySQLDataBase.groovy)
	at com.kms.katalon.core.main.CustomKeywordDelegatingMetaClass.invokeStaticMethod(CustomKeywordDelegatingMetaClass.java:50)
	at TC_026_Validate_Valid_Search_Record(TBD).run(TC_026_Validate_Valid_Search_Record(TBD):19)
	at com.kms.katalon.core.main.ScriptEngine.run(ScriptEngine.java:194)
	at com.kms.katalon.core.main.ScriptEngine.runScriptAsRawText(ScriptEngine.java:119)
	at com.kms.katalon.core.main.TestCaseExecutor.runScript(TestCaseExecutor.java:337)
	at com.kms.katalon.core.main.TestCaseExecutor.doExecute(TestCaseExecutor.java:328)
	at com.kms.katalon.core.main.TestCaseExecutor.processExecutionPhase(TestCaseExecutor.java:307)
	at com.kms.katalon.core.main.TestCaseExecutor.accessMainPhase(TestCaseExecutor.java:299)
	at com.kms.katalon.core.main.TestCaseExecutor.execute(TestCaseExecutor.java:233)
	at com.kms.katalon.core.main.TestSuiteExecutor.accessTestCaseMainPhase(TestSuiteExecutor.java:169)
	at com.kms.katalon.core.main.TestSuiteExecutor.accessTestSuiteMainPhase(TestSuiteExecutor.java:142)
	at com.kms.katalon.core.main.TestSuiteExecutor.execute(TestSuiteExecutor.java:91)
	at com.kms.katalon.core.main.TestCaseMain.startTestSuite(TestCaseMain.java:157)
	at com.kms.katalon.core.main.TestCaseMain$startTestSuite$0.call(Unknown Source)
	at TempTestSuite1582046402274.run(TempTestSuite1582046402274.groovy:36)
Caused by: com.mysql.cj.jdbc.exceptions.CommunicationsException: Communications link failure

The last packet sent successfully to the server was 0 milliseconds ago. The driver has not received any packets from the server.
	at com.mysql.cj.jdbc.exceptions.SQLError.createCommunicationsException(SQLError.java:174)
	at com.mysql.cj.jdbc.exceptions.SQLExceptionsMapping.translateException(SQLExceptionsMapping.java:64)
	at com.mysql.cj.jdbc.ConnectionImpl.createNewIO(ConnectionImpl.java:827)
	at com.mysql.cj.jdbc.ConnectionImpl.&lt;init>(ConnectionImpl.java:447)
	at com.mysql.cj.jdbc.ConnectionImpl.getInstance(ConnectionImpl.java:237)
	at com.mysql.cj.jdbc.NonRegisteringDriver.connect(NonRegisteringDriver.java:199)
	at java_sql_DriverManager$getConnection.call(Unknown Source)
	at web.MySQLDataBase.conncetDBWithOutParams(MySQLDataBase.groovy:81)
	at web.MySQLDataBase.invokeMethod(MySQLDataBase.groovy)
	at com.kms.katalon.core.main.CustomKeywordDelegatingMetaClass.invokeStaticMethod(CustomKeywordDelegatingMetaClass.java:50)
	at Script1578466350715.run(Script1578466350715.groovy:19)
	... 13 more
Caused by: com.mysql.cj.exceptions.CJCommunicationsException: Communications link failure

The last packet sent successfully to the server was 0 milliseconds ago. The driver has not received any packets from the server.
	at com.mysql.cj.exceptions.ExceptionFactory.createException(ExceptionFactory.java:61)
	at com.mysql.cj.exceptions.ExceptionFactory.createException(ExceptionFactory.java:105)
	at com.mysql.cj.exceptions.ExceptionFactory.createException(ExceptionFactory.java:151)
	at com.mysql.cj.exceptions.ExceptionFactory.createCommunicationsException(ExceptionFactory.java:167)
	at com.mysql.cj.protocol.a.NativeSocketConnection.connect(NativeSocketConnection.java:91)
	at com.mysql.cj.NativeSession.connect(NativeSession.java:150)
	at com.mysql.cj.jdbc.ConnectionImpl.connectOneTryOnly(ConnectionImpl.java:947)
	at com.mysql.cj.jdbc.ConnectionImpl.createNewIO(ConnectionImpl.java:817)
	... 21 more
Caused by: java.net.ConnectException: Connection timed out: connect
	at com.mysql.cj.protocol.StandardSocketFactory.connect(StandardSocketFactory.java:155)
	at com.mysql.cj.protocol.a.NativeSocketConnection.connect(NativeSocketConnection.java:65)
	at com.mysql.cj.NativeSession.connect(NativeSession.java:150)
	at com.mysql.cj.jdbc.ConnectionImpl.connectOneTryOnly(ConnectionImpl.java:947)
	at com.mysql.cj.jdbc.ConnectionImpl.createNewIO(ConnectionImpl.java:817)
	at com.mysql.cj.jdbc.ConnectionImpl.&lt;init>(ConnectionImpl.java:447)
	at com.mysql.cj.jdbc.ConnectionImpl.getInstance(ConnectionImpl.java:237)
	at com.mysql.cj.jdbc.NonRegisteringDriver.connect(NonRegisteringDriver.java:199)
	at java_sql_DriverManager$getConnection.call(Unknown Source)
	at web.MySQLDataBase.conncetDBWithOutParams(MySQLDataBase.groovy:81)
	at web.MySQLDataBase.invokeMethod(MySQLDataBase.groovy)
	at com.kms.katalon.core.main.CustomKeywordDelegatingMetaClass.invokeStaticMethod(CustomKeywordDelegatingMetaClass.java:50)
	at TC_026_Validate_Valid_Search_Record(TBD).run(TC_026_Validate_Valid_Search_Record(TBD):19)
	... 13 more
"/>
         <system-out><![CDATA[2020-02-18 22:57:05 - [TEST_CASE][ERROR] - Test Cases/Atlas Platform/OnBoard/Swicther/TC_026_Validate_Valid_Search_Record(TBD): Test Cases/Atlas Platform/OnBoard/Swicther/TC_026_Validate_Valid_Search_Record(TBD) FAILED.
Reason:
org.codehaus.groovy.runtime.InvokerInvocationException: com.mysql.cj.jdbc.exceptions.CommunicationsException: Communications link failure

The last packet sent successfully to the server was 0 milliseconds ago. The driver has not received any packets from the server.
	at web.MySQLDataBase.invokeMethod(MySQLDataBase.groovy)
	at com.kms.katalon.core.main.CustomKeywordDelegatingMetaClass.invokeStaticMethod(CustomKeywordDelegatingMetaClass.java:50)
	at TC_026_Validate_Valid_Search_Record(TBD).run(TC_026_Validate_Valid_Search_Record(TBD):19)
	at com.kms.katalon.core.main.ScriptEngine.run(ScriptEngine.java:194)
	at com.kms.katalon.core.main.ScriptEngine.runScriptAsRawText(ScriptEngine.java:119)
	at com.kms.katalon.core.main.TestCaseExecutor.runScript(TestCaseExecutor.java:337)
	at com.kms.katalon.core.main.TestCaseExecutor.doExecute(TestCaseExecutor.java:328)
	at com.kms.katalon.core.main.TestCaseExecutor.processExecutionPhase(TestCaseExecutor.java:307)
	at com.kms.katalon.core.main.TestCaseExecutor.accessMainPhase(TestCaseExecutor.java:299)
	at com.kms.katalon.core.main.TestCaseExecutor.execute(TestCaseExecutor.java:233)
	at com.kms.katalon.core.main.TestSuiteExecutor.accessTestCaseMainPhase(TestSuiteExecutor.java:169)
	at com.kms.katalon.core.main.TestSuiteExecutor.accessTestSuiteMainPhase(TestSuiteExecutor.java:142)
	at com.kms.katalon.core.main.TestSuiteExecutor.execute(TestSuiteExecutor.java:91)
	at com.kms.katalon.core.main.TestCaseMain.startTestSuite(TestCaseMain.java:157)
	at com.kms.katalon.core.main.TestCaseMain$startTestSuite$0.call(Unknown Source)
	at TempTestSuite1582046402274.run(TempTestSuite1582046402274.groovy:36)
Caused by: com.mysql.cj.jdbc.exceptions.CommunicationsException: Communications link failure

The last packet sent successfully to the server was 0 milliseconds ago. The driver has not received any packets from the server.
	at com.mysql.cj.jdbc.exceptions.SQLError.createCommunicationsException(SQLError.java:174)
	at com.mysql.cj.jdbc.exceptions.SQLExceptionsMapping.translateException(SQLExceptionsMapping.java:64)
	at com.mysql.cj.jdbc.ConnectionImpl.createNewIO(ConnectionImpl.java:827)
	at com.mysql.cj.jdbc.ConnectionImpl.<init>(ConnectionImpl.java:447)
	at com.mysql.cj.jdbc.ConnectionImpl.getInstance(ConnectionImpl.java:237)
	at com.mysql.cj.jdbc.NonRegisteringDriver.connect(NonRegisteringDriver.java:199)
	at java_sql_DriverManager$getConnection.call(Unknown Source)
	at web.MySQLDataBase.conncetDBWithOutParams(MySQLDataBase.groovy:81)
	at web.MySQLDataBase.invokeMethod(MySQLDataBase.groovy)
	at com.kms.katalon.core.main.CustomKeywordDelegatingMetaClass.invokeStaticMethod(CustomKeywordDelegatingMetaClass.java:50)
	at Script1578466350715.run(Script1578466350715.groovy:19)
	... 13 more
Caused by: com.mysql.cj.exceptions.CJCommunicationsException: Communications link failure

The last packet sent successfully to the server was 0 milliseconds ago. The driver has not received any packets from the server.
	at com.mysql.cj.exceptions.ExceptionFactory.createException(ExceptionFactory.java:61)
	at com.mysql.cj.exceptions.ExceptionFactory.createException(ExceptionFactory.java:105)
	at com.mysql.cj.exceptions.ExceptionFactory.createException(ExceptionFactory.java:151)
	at com.mysql.cj.exceptions.ExceptionFactory.createCommunicationsException(ExceptionFactory.java:167)
	at com.mysql.cj.protocol.a.NativeSocketConnection.connect(NativeSocketConnection.java:91)
	at com.mysql.cj.NativeSession.connect(NativeSession.java:150)
	at com.mysql.cj.jdbc.ConnectionImpl.connectOneTryOnly(ConnectionImpl.java:947)
	at com.mysql.cj.jdbc.ConnectionImpl.createNewIO(ConnectionImpl.java:817)
	... 21 more
Caused by: java.net.ConnectException: Connection timed out: connect
	at com.mysql.cj.protocol.StandardSocketFactory.connect(StandardSocketFactory.java:155)
	at com.mysql.cj.protocol.a.NativeSocketConnection.connect(NativeSocketConnection.java:65)
	at com.mysql.cj.NativeSession.connect(NativeSession.java:150)
	at com.mysql.cj.jdbc.ConnectionImpl.connectOneTryOnly(ConnectionImpl.java:947)
	at com.mysql.cj.jdbc.ConnectionImpl.createNewIO(ConnectionImpl.java:817)
	at com.mysql.cj.jdbc.ConnectionImpl.<init>(ConnectionImpl.java:447)
	at com.mysql.cj.jdbc.ConnectionImpl.getInstance(ConnectionImpl.java:237)
	at com.mysql.cj.jdbc.NonRegisteringDriver.connect(NonRegisteringDriver.java:199)
	at java_sql_DriverManager$getConnection.call(Unknown Source)
	at web.MySQLDataBase.conncetDBWithOutParams(MySQLDataBase.groovy:81)
	at web.MySQLDataBase.invokeMethod(MySQLDataBase.groovy)
	at com.kms.katalon.core.main.CustomKeywordDelegatingMetaClass.invokeStaticMethod(CustomKeywordDelegatingMetaClass.java:50)
	at TC_026_Validate_Valid_Search_Record(TBD).run(TC_026_Validate_Valid_Search_Record(TBD):19)
	... 13 more


2020-02-18 22:57:05 - [TEST_STEP][ERROR] - web.MySQLDataBase.conncetDBWithOutParams(): com.mysql.cj.jdbc.exceptions.CommunicationsException: Communications link failure

The last packet sent successfully to the server was 0 milliseconds ago. The driver has not received any packets from the server.

2020-02-18 22:57:27 - [MESSAGE][ERROR] - com.mysql.cj.jdbc.exceptions.CommunicationsException: Communications link failure

The last packet sent successfully to the server was 0 milliseconds ago. The driver has not received any packets from the server.

2020-02-18 22:57:27 - [TEST_STEP][PASSED] - Start listener action : sampleAfterTestCase: Taking screenshot successfully

2020-02-18 22:57:27 - [TEST_STEP][PASSED] - println(testCaseContext.getTestCaseId()): null

2020-02-18 22:57:27 - [TEST_STEP][PASSED] - println(testCaseContext.getTestCaseStatus()): null

2020-02-18 22:57:27 - [TEST_STEP][PASSED] - println("On Failure Method is Calling : " + testCaseContext.getTestCaseStatus()): null

2020-02-18 22:57:27 - [TEST_STEP][PASSED] - if (!(getTestCaseStatus().equalsIgnoreCase("PASSED"))): Taking screenshot successfully

2020-02-18 22:57:28 - [MESSAGE][PASSED] - Taking screenshot successfully
[[ATTACHMENT|D:\\TestDataForSampleProject\\test1.jpg]]

2020-02-18 22:57:30 - [TEST_STEP][PASSED] - Video: Video recording for test case 'Test Cases/Atlas Platform/OnBoard/Swicther/TC_026_Validate_Valid_Search_Record(TBD)' .

2020-02-18 22:57:30 - [MESSAGE][INFO] - Video recording for test case 'Test Cases/Atlas Platform/OnBoard/Swicther/TC_026_Validate_Valid_Search_Record(TBD)' .
[[ATTACHMENT|C:\\Users\\Dell\\git\\GSMProject\\Reports\\20200218_225001\\Switcher\\SwitcherTestSuite\\20200218_225002/videos\\test_27.avi]]]]></system-out>
         <system-err><![CDATA[2020-02-18 22:57:05 - [TEST_CASE][ERROR] - Test Cases/Atlas Platform/OnBoard/Swicther/TC_026_Validate_Valid_Search_Record(TBD): Test Cases/Atlas Platform/OnBoard/Swicther/TC_026_Validate_Valid_Search_Record(TBD) FAILED.
Reason:
org.codehaus.groovy.runtime.InvokerInvocationException: com.mysql.cj.jdbc.exceptions.CommunicationsException: Communications link failure

The last packet sent successfully to the server was 0 milliseconds ago. The driver has not received any packets from the server.
	at web.MySQLDataBase.invokeMethod(MySQLDataBase.groovy)
	at com.kms.katalon.core.main.CustomKeywordDelegatingMetaClass.invokeStaticMethod(CustomKeywordDelegatingMetaClass.java:50)
	at TC_026_Validate_Valid_Search_Record(TBD).run(TC_026_Validate_Valid_Search_Record(TBD):19)
	at com.kms.katalon.core.main.ScriptEngine.run(ScriptEngine.java:194)
	at com.kms.katalon.core.main.ScriptEngine.runScriptAsRawText(ScriptEngine.java:119)
	at com.kms.katalon.core.main.TestCaseExecutor.runScript(TestCaseExecutor.java:337)
	at com.kms.katalon.core.main.TestCaseExecutor.doExecute(TestCaseExecutor.java:328)
	at com.kms.katalon.core.main.TestCaseExecutor.processExecutionPhase(TestCaseExecutor.java:307)
	at com.kms.katalon.core.main.TestCaseExecutor.accessMainPhase(TestCaseExecutor.java:299)
	at com.kms.katalon.core.main.TestCaseExecutor.execute(TestCaseExecutor.java:233)
	at com.kms.katalon.core.main.TestSuiteExecutor.accessTestCaseMainPhase(TestSuiteExecutor.java:169)
	at com.kms.katalon.core.main.TestSuiteExecutor.accessTestSuiteMainPhase(TestSuiteExecutor.java:142)
	at com.kms.katalon.core.main.TestSuiteExecutor.execute(TestSuiteExecutor.java:91)
	at com.kms.katalon.core.main.TestCaseMain.startTestSuite(TestCaseMain.java:157)
	at com.kms.katalon.core.main.TestCaseMain$startTestSuite$0.call(Unknown Source)
	at TempTestSuite1582046402274.run(TempTestSuite1582046402274.groovy:36)
Caused by: com.mysql.cj.jdbc.exceptions.CommunicationsException: Communications link failure

The last packet sent successfully to the server was 0 milliseconds ago. The driver has not received any packets from the server.
	at com.mysql.cj.jdbc.exceptions.SQLError.createCommunicationsException(SQLError.java:174)
	at com.mysql.cj.jdbc.exceptions.SQLExceptionsMapping.translateException(SQLExceptionsMapping.java:64)
	at com.mysql.cj.jdbc.ConnectionImpl.createNewIO(ConnectionImpl.java:827)
	at com.mysql.cj.jdbc.ConnectionImpl.<init>(ConnectionImpl.java:447)
	at com.mysql.cj.jdbc.ConnectionImpl.getInstance(ConnectionImpl.java:237)
	at com.mysql.cj.jdbc.NonRegisteringDriver.connect(NonRegisteringDriver.java:199)
	at java_sql_DriverManager$getConnection.call(Unknown Source)
	at web.MySQLDataBase.conncetDBWithOutParams(MySQLDataBase.groovy:81)
	at web.MySQLDataBase.invokeMethod(MySQLDataBase.groovy)
	at com.kms.katalon.core.main.CustomKeywordDelegatingMetaClass.invokeStaticMethod(CustomKeywordDelegatingMetaClass.java:50)
	at Script1578466350715.run(Script1578466350715.groovy:19)
	... 13 more
Caused by: com.mysql.cj.exceptions.CJCommunicationsException: Communications link failure

The last packet sent successfully to the server was 0 milliseconds ago. The driver has not received any packets from the server.
	at com.mysql.cj.exceptions.ExceptionFactory.createException(ExceptionFactory.java:61)
	at com.mysql.cj.exceptions.ExceptionFactory.createException(ExceptionFactory.java:105)
	at com.mysql.cj.exceptions.ExceptionFactory.createException(ExceptionFactory.java:151)
	at com.mysql.cj.exceptions.ExceptionFactory.createCommunicationsException(ExceptionFactory.java:167)
	at com.mysql.cj.protocol.a.NativeSocketConnection.connect(NativeSocketConnection.java:91)
	at com.mysql.cj.NativeSession.connect(NativeSession.java:150)
	at com.mysql.cj.jdbc.ConnectionImpl.connectOneTryOnly(ConnectionImpl.java:947)
	at com.mysql.cj.jdbc.ConnectionImpl.createNewIO(ConnectionImpl.java:817)
	... 21 more
Caused by: java.net.ConnectException: Connection timed out: connect
	at com.mysql.cj.protocol.StandardSocketFactory.connect(StandardSocketFactory.java:155)
	at com.mysql.cj.protocol.a.NativeSocketConnection.connect(NativeSocketConnection.java:65)
	at com.mysql.cj.NativeSession.connect(NativeSession.java:150)
	at com.mysql.cj.jdbc.ConnectionImpl.connectOneTryOnly(ConnectionImpl.java:947)
	at com.mysql.cj.jdbc.ConnectionImpl.createNewIO(ConnectionImpl.java:817)
	at com.mysql.cj.jdbc.ConnectionImpl.<init>(ConnectionImpl.java:447)
	at com.mysql.cj.jdbc.ConnectionImpl.getInstance(ConnectionImpl.java:237)
	at com.mysql.cj.jdbc.NonRegisteringDriver.connect(NonRegisteringDriver.java:199)
	at java_sql_DriverManager$getConnection.call(Unknown Source)
	at web.MySQLDataBase.conncetDBWithOutParams(MySQLDataBase.groovy:81)
	at web.MySQLDataBase.invokeMethod(MySQLDataBase.groovy)
	at com.kms.katalon.core.main.CustomKeywordDelegatingMetaClass.invokeStaticMethod(CustomKeywordDelegatingMetaClass.java:50)
	at TC_026_Validate_Valid_Search_Record(TBD).run(TC_026_Validate_Valid_Search_Record(TBD):19)
	... 13 more]]></system-err>
      </testcase>
      <testcase name="Test Cases/Atlas Platform/OnBoard/Swicther/TC_027_Validate_Invalid_Search_Record(TBD)" time="2.391" classname="Test Cases/Atlas Platform/OnBoard/Swicther/TC_027_Validate_Invalid_Search_Record(TBD)" status="PASSED">
         <system-out><![CDATA[2020-02-18 22:57:30 - [TEST_CASE][PASSED] - Test Cases/Atlas Platform/OnBoard/Swicther/TC_027_Validate_Invalid_Search_Record(TBD): Test Cases/Atlas Platform/OnBoard/Swicther/TC_027_Validate_Invalid_Search_Record(TBD)

2020-02-18 22:57:30 - [TEST_STEP][PASSED] - return null: null

2020-02-18 22:57:30 - [TEST_STEP][PASSED] - Start listener action : sampleAfterTestCase: null

2020-02-18 22:57:30 - [TEST_STEP][PASSED] - println(testCaseContext.getTestCaseId()): null

2020-02-18 22:57:30 - [TEST_STEP][PASSED] - println(testCaseContext.getTestCaseStatus()): null

2020-02-18 22:57:30 - [TEST_STEP][PASSED] - println("On Failure Method is Calling : " + testCaseContext.getTestCaseStatus()): null

2020-02-18 22:57:30 - [TEST_STEP][PASSED] - if (!(getTestCaseStatus().equalsIgnoreCase("PASSED"))): null]]></system-out>
         <system-err><![CDATA[]]></system-err>
      </testcase>
      <testcase name="Test Cases/Atlas Platform/OnBoard/Swicther/TC_028_Verify_Valid_Search_Record_Char_Seq(TBD)" time="2.585" classname="Test Cases/Atlas Platform/OnBoard/Swicther/TC_028_Verify_Valid_Search_Record_Char_Seq(TBD)" status="PASSED">
         <system-out><![CDATA[2020-02-18 22:57:32 - [TEST_CASE][PASSED] - Test Cases/Atlas Platform/OnBoard/Swicther/TC_028_Verify_Valid_Search_Record_Char_Seq(TBD): Test Cases/Atlas Platform/OnBoard/Swicther/TC_028_Verify_Valid_Search_Record_Char_Seq(TBD)

2020-02-18 22:57:33 - [TEST_STEP][PASSED] - return null: null

2020-02-18 22:57:33 - [TEST_STEP][PASSED] - Start listener action : sampleAfterTestCase: null

2020-02-18 22:57:33 - [TEST_STEP][PASSED] - println(testCaseContext.getTestCaseId()): null

2020-02-18 22:57:33 - [TEST_STEP][PASSED] - println(testCaseContext.getTestCaseStatus()): null

2020-02-18 22:57:33 - [TEST_STEP][PASSED] - println("On Failure Method is Calling : " + testCaseContext.getTestCaseStatus()): null

2020-02-18 22:57:33 - [TEST_STEP][PASSED] - if (!(getTestCaseStatus().equalsIgnoreCase("PASSED"))): null]]></system-out>
         <system-err><![CDATA[]]></system-err>
      </testcase>
      <testcase name="Test Cases/Atlas Platform/OnBoard/Swicther/TC_029_Validate_Invalid_Search_Record(TBD)" time="2.318" classname="Test Cases/Atlas Platform/OnBoard/Swicther/TC_029_Validate_Invalid_Search_Record(TBD)" status="PASSED">
         <system-out><![CDATA[2020-02-18 22:57:35 - [TEST_CASE][PASSED] - Test Cases/Atlas Platform/OnBoard/Swicther/TC_029_Validate_Invalid_Search_Record(TBD): Test Cases/Atlas Platform/OnBoard/Swicther/TC_029_Validate_Invalid_Search_Record(TBD)

2020-02-18 22:57:35 - [TEST_STEP][PASSED] - return null: null

2020-02-18 22:57:35 - [TEST_STEP][PASSED] - Start listener action : sampleAfterTestCase: null

2020-02-18 22:57:35 - [TEST_STEP][PASSED] - println(testCaseContext.getTestCaseId()): null

2020-02-18 22:57:35 - [TEST_STEP][PASSED] - println(testCaseContext.getTestCaseStatus()): null

2020-02-18 22:57:35 - [TEST_STEP][PASSED] - println("On Failure Method is Calling : " + testCaseContext.getTestCaseStatus()): null

2020-02-18 22:57:35 - [TEST_STEP][PASSED] - if (!(getTestCaseStatus().equalsIgnoreCase("PASSED"))): null]]></system-out>
         <system-err><![CDATA[]]></system-err>
      </testcase>
      <testcase name="Test Cases/Atlas Platform/OnBoard/Swicther/TC_030_Validate_Star_InSearchLising(TBD)" time="2.312" classname="Test Cases/Atlas Platform/OnBoard/Swicther/TC_030_Validate_Star_InSearchLising(TBD)" status="PASSED">
         <system-out><![CDATA[2020-02-18 22:57:37 - [TEST_CASE][PASSED] - Test Cases/Atlas Platform/OnBoard/Swicther/TC_030_Validate_Star_InSearchLising(TBD): Test Cases/Atlas Platform/OnBoard/Swicther/TC_030_Validate_Star_InSearchLising(TBD)

2020-02-18 22:57:37 - [TEST_STEP][PASSED] - return null: null

2020-02-18 22:57:37 - [TEST_STEP][PASSED] - Start listener action : sampleAfterTestCase: null

2020-02-18 22:57:37 - [TEST_STEP][PASSED] - println(testCaseContext.getTestCaseId()): null

2020-02-18 22:57:37 - [TEST_STEP][PASSED] - println(testCaseContext.getTestCaseStatus()): null

2020-02-18 22:57:37 - [TEST_STEP][PASSED] - println("On Failure Method is Calling : " + testCaseContext.getTestCaseStatus()): null

2020-02-18 22:57:37 - [TEST_STEP][PASSED] - if (!(getTestCaseStatus().equalsIgnoreCase("PASSED"))): null]]></system-out>
         <system-err><![CDATA[]]></system-err>
      </testcase>
      <testcase name="Test Cases/Atlas Platform/OnBoard/Swicther/TC_031_Validate_Search_list_Sort_Order(TBD)" time="2.307" classname="Test Cases/Atlas Platform/OnBoard/Swicther/TC_031_Validate_Search_list_Sort_Order(TBD)" status="PASSED">
         <system-out><![CDATA[2020-02-18 22:57:39 - [TEST_CASE][PASSED] - Test Cases/Atlas Platform/OnBoard/Swicther/TC_031_Validate_Search_list_Sort_Order(TBD): Test Cases/Atlas Platform/OnBoard/Swicther/TC_031_Validate_Search_list_Sort_Order(TBD)

2020-02-18 22:57:40 - [TEST_STEP][PASSED] - return null: null

2020-02-18 22:57:40 - [TEST_STEP][PASSED] - Start listener action : sampleAfterTestCase: null

2020-02-18 22:57:40 - [TEST_STEP][PASSED] - println(testCaseContext.getTestCaseId()): null

2020-02-18 22:57:40 - [TEST_STEP][PASSED] - println(testCaseContext.getTestCaseStatus()): null

2020-02-18 22:57:40 - [TEST_STEP][PASSED] - println("On Failure Method is Calling : " + testCaseContext.getTestCaseStatus()): null

2020-02-18 22:57:40 - [TEST_STEP][PASSED] - if (!(getTestCaseStatus().equalsIgnoreCase("PASSED"))): null]]></system-out>
         <system-err><![CDATA[]]></system-err>
      </testcase>
      <testcase name="Test Cases/Atlas Platform/OnBoard/Swicther/TC_032_Validate_Cancel_Button_On_Search" time="5.675" classname="Test Cases/Atlas Platform/OnBoard/Swicther/TC_032_Validate_Cancel_Button_On_Search" status="PASSED">
         <system-out><![CDATA[2020-02-18 22:57:42 - [TEST_CASE][PASSED] - Test Cases/Atlas Platform/OnBoard/Swicther/TC_032_Validate_Cancel_Button_On_Search: Test Cases/Atlas Platform/OnBoard/Swicther/TC_032_Validate_Cancel_Button_On_Search

2020-02-18 22:57:42 - [TEST_STEP][NOT_RUN] - callTestCase(findTestCase("Atlas Platform/OnBoard/Login/LoginWithRootAdmin"), [:], STOP_ON_FAILURE): NOT_RUN: callTestCase(findTestCase("Atlas Platform/OnBoard/Login/LoginWithRootAdmin"), [:], STOP_ON_FAILURE)

2020-02-18 22:57:42 - [MESSAGE][NOT_RUN] - NOT_RUN: callTestCase(findTestCase("Atlas Platform/OnBoard/Login/LoginWithRootAdmin"), [:], STOP_ON_FAILURE)

2020-02-18 22:57:42 - [TEST_STEP][PASSED] - click(findTestObject("Swicther/swicthermenutext")): Object: 'Object Repository/Swicther/swicthermenutext' is clicked on

2020-02-18 22:57:43 - [MESSAGE][PASSED] - Object: 'Object Repository/Swicther/swicthermenutext' is clicked on

2020-02-18 22:57:43 - [TEST_STEP][PASSED] - click(findTestObject("Swicther/search_in_swicther")): Object: 'Object Repository/Swicther/search_in_swicther' is clicked on

2020-02-18 22:57:43 - [MESSAGE][PASSED] - Object: 'Object Repository/Swicther/search_in_swicther' is clicked on

2020-02-18 22:57:43 - [TEST_STEP][PASSED] - verifyElementText(findTestObject("Swicther/search_cancel_btn"), "Cancel"): Actual text and expected text of test object 'Object Repository/Swicther/search_cancel_btn' are matched.

2020-02-18 22:57:44 - [MESSAGE][PASSED] - Actual text and expected text of test object 'Object Repository/Swicther/search_cancel_btn' are matched.

2020-02-18 22:57:44 - [TEST_STEP][PASSED] - click(findTestObject("Swicther/search_cancel_btn")): Object: 'Object Repository/Swicther/search_cancel_btn' is clicked on

2020-02-18 22:57:44 - [MESSAGE][PASSED] - Object: 'Object Repository/Swicther/search_cancel_btn' is clicked on

2020-02-18 22:57:44 - [TEST_STEP][PASSED] - verifyElementText(findTestObject("Swicther/organization_tab_swicther"), "Organizations"): Actual text and expected text of test object 'Object Repository/Swicther/organization_tab_swicther' are matched.

2020-02-18 22:57:45 - [MESSAGE][PASSED] - Actual text and expected text of test object 'Object Repository/Swicther/organization_tab_swicther' are matched.

2020-02-18 22:57:45 - [TEST_STEP][PASSED] - click(findTestObject("Swicther/closeIcon")): Object: 'Object Repository/Swicther/closeIcon' is clicked on

2020-02-18 22:57:45 - [MESSAGE][PASSED] - Object: 'Object Repository/Swicther/closeIcon' is clicked on

2020-02-18 22:57:45 - [TEST_STEP][PASSED] - Start listener action : sampleAfterTestCase: null

2020-02-18 22:57:45 - [TEST_STEP][PASSED] - println(testCaseContext.getTestCaseId()): null

2020-02-18 22:57:45 - [TEST_STEP][PASSED] - println(testCaseContext.getTestCaseStatus()): null

2020-02-18 22:57:45 - [TEST_STEP][PASSED] - println("On Failure Method is Calling : " + testCaseContext.getTestCaseStatus()): null

2020-02-18 22:57:45 - [TEST_STEP][PASSED] - if (!(getTestCaseStatus().equalsIgnoreCase("PASSED"))): null]]></system-out>
         <system-err><![CDATA[]]></system-err>
      </testcase>
      <testcase name="Test Cases/Atlas Platform/OnBoard/Swicther/TC_033_Verify_Clear_Icon_Present" time="5.511" classname="Test Cases/Atlas Platform/OnBoard/Swicther/TC_033_Verify_Clear_Icon_Present" status="PASSED">
         <system-out><![CDATA[2020-02-18 22:57:47 - [TEST_CASE][PASSED] - Test Cases/Atlas Platform/OnBoard/Swicther/TC_033_Verify_Clear_Icon_Present: Test Cases/Atlas Platform/OnBoard/Swicther/TC_033_Verify_Clear_Icon_Present

2020-02-18 22:57:48 - [TEST_STEP][NOT_RUN] - callTestCase(findTestCase("Atlas Platform/OnBoard/Login/LoginWithRootAdmin"), [:], STOP_ON_FAILURE): NOT_RUN: callTestCase(findTestCase("Atlas Platform/OnBoard/Login/LoginWithRootAdmin"), [:], STOP_ON_FAILURE)

2020-02-18 22:57:48 - [MESSAGE][NOT_RUN] - NOT_RUN: callTestCase(findTestCase("Atlas Platform/OnBoard/Login/LoginWithRootAdmin"), [:], STOP_ON_FAILURE)

2020-02-18 22:57:48 - [TEST_STEP][PASSED] - click(findTestObject("Swicther/swicthermenutext")): Object: 'Object Repository/Swicther/swicthermenutext' is clicked on

2020-02-18 22:57:48 - [MESSAGE][PASSED] - Object: 'Object Repository/Swicther/swicthermenutext' is clicked on

2020-02-18 22:57:48 - [TEST_STEP][PASSED] - click(findTestObject("Swicther/search_in_swicther")): Object: 'Object Repository/Swicther/search_in_swicther' is clicked on

2020-02-18 22:57:49 - [MESSAGE][PASSED] - Object: 'Object Repository/Swicther/search_in_swicther' is clicked on

2020-02-18 22:57:49 - [TEST_STEP][PASSED] - verifyElementPresent(findTestObject("Swicther/Swicther_Search_Clear_Icon"), 0): Object 'Object Repository/Swicther/Swicther_Search_Clear_Icon' is present

2020-02-18 22:57:49 - [MESSAGE][WARNING] - Timeout '0' is invalid. Using default page load timeout: '230'

2020-02-18 22:57:49 - [MESSAGE][PASSED] - Object 'Object Repository/Swicther/Swicther_Search_Clear_Icon' is present

2020-02-18 22:57:49 - [TEST_STEP][PASSED] - click(findTestObject("Swicther/search_cancel_btn")): Object: 'Object Repository/Swicther/search_cancel_btn' is clicked on

2020-02-18 22:57:50 - [MESSAGE][PASSED] - Object: 'Object Repository/Swicther/search_cancel_btn' is clicked on

2020-02-18 22:57:50 - [TEST_STEP][PASSED] - click(findTestObject("Swicther/closeIcon")): Object: 'Object Repository/Swicther/closeIcon' is clicked on

2020-02-18 22:57:51 - [MESSAGE][PASSED] - Object: 'Object Repository/Swicther/closeIcon' is clicked on

2020-02-18 22:57:51 - [TEST_STEP][PASSED] - Start listener action : sampleAfterTestCase: null

2020-02-18 22:57:51 - [TEST_STEP][PASSED] - println(testCaseContext.getTestCaseId()): null

2020-02-18 22:57:51 - [TEST_STEP][PASSED] - println(testCaseContext.getTestCaseStatus()): null

2020-02-18 22:57:51 - [TEST_STEP][PASSED] - println("On Failure Method is Calling : " + testCaseContext.getTestCaseStatus()): null

2020-02-18 22:57:51 - [TEST_STEP][PASSED] - if (!(getTestCaseStatus().equalsIgnoreCase("PASSED"))): null]]></system-out>
         <system-err><![CDATA[]]></system-err>
      </testcase>
      <testcase name="Test Cases/Atlas Platform/OnBoard/Swicther/TC_034_Validate_Clear_Opt_On_Search_Box" time="7.443" classname="Test Cases/Atlas Platform/OnBoard/Swicther/TC_034_Validate_Clear_Opt_On_Search_Box" status="PASSED">
         <system-out><![CDATA[2020-02-18 22:57:53 - [TEST_CASE][PASSED] - Test Cases/Atlas Platform/OnBoard/Swicther/TC_034_Validate_Clear_Opt_On_Search_Box: Test Cases/Atlas Platform/OnBoard/Swicther/TC_034_Validate_Clear_Opt_On_Search_Box

2020-02-18 22:57:53 - [TEST_STEP][NOT_RUN] - callTestCase(findTestCase("Atlas Platform/OnBoard/Login/LoginWithRootAdmin"), [:], STOP_ON_FAILURE): NOT_RUN: callTestCase(findTestCase("Atlas Platform/OnBoard/Login/LoginWithRootAdmin"), [:], STOP_ON_FAILURE)

2020-02-18 22:57:53 - [MESSAGE][NOT_RUN] - NOT_RUN: callTestCase(findTestCase("Atlas Platform/OnBoard/Login/LoginWithRootAdmin"), [:], STOP_ON_FAILURE)

2020-02-18 22:57:53 - [TEST_STEP][PASSED] - click(findTestObject("Swicther/swicthermenutext")): Object: 'Object Repository/Swicther/swicthermenutext' is clicked on

2020-02-18 22:57:54 - [MESSAGE][PASSED] - Object: 'Object Repository/Swicther/swicthermenutext' is clicked on

2020-02-18 22:57:54 - [TEST_STEP][PASSED] - click(findTestObject("Swicther/search_in_swicther")): Object: 'Object Repository/Swicther/search_in_swicther' is clicked on

2020-02-18 22:57:55 - [MESSAGE][PASSED] - Object: 'Object Repository/Swicther/search_in_swicther' is clicked on

2020-02-18 22:57:55 - [TEST_STEP][PASSED] - setText(findTestObject("Swicther/Swicher_Search_box"), web.CustomKeyword.randomEmailIDGenerator()): Text 'wcwbo@yopmail.com' is set on object 'Object Repository/Swicther/Swicher_Search_box'

2020-02-18 22:57:55 - [MESSAGE][PASSED] - web.CustomKeyword.randomEmailIDGenerator is PASSED

2020-02-18 22:57:55 - [MESSAGE][PASSED] - Text 'wcwbo@yopmail.com' is set on object 'Object Repository/Swicther/Swicher_Search_box'

2020-02-18 22:57:55 - [TEST_STEP][PASSED] - beforClearSearchBox = getAttribute(findTestObject("Swicther/Swicher_Search_box"), "value"): Attribute 'value' of object 'Object Repository/Swicther/Swicher_Search_box' is: 'wcwbo@yopmail.com'

2020-02-18 22:57:56 - [MESSAGE][PASSED] - Attribute 'value' of object 'Object Repository/Swicther/Swicher_Search_box' is: 'wcwbo@yopmail.com'

2020-02-18 22:57:56 - [TEST_STEP][PASSED] - click(findTestObject("Swicther/Swicther_Search_Clear_Icon")): Object: 'Object Repository/Swicther/Swicther_Search_Clear_Icon' is clicked on

2020-02-18 22:57:56 - [MESSAGE][PASSED] - Object: 'Object Repository/Swicther/Swicther_Search_Clear_Icon' is clicked on

2020-02-18 22:57:56 - [TEST_STEP][PASSED] - afterClearSearchBox = getAttribute(findTestObject("Swicther/Swicher_Search_box"), "value"): Attribute 'value' of object 'Object Repository/Swicther/Swicher_Search_box' is: ''

2020-02-18 22:57:57 - [MESSAGE][PASSED] - Attribute 'value' of object 'Object Repository/Swicther/Swicher_Search_box' is: ''

2020-02-18 22:57:57 - [TEST_STEP][PASSED] - verifyNotEqual(afterClearSearchBox, beforClearSearchBox): Actual object '' and expected object 'wcwbo@yopmail.com' are not equal

2020-02-18 22:57:57 - [MESSAGE][PASSED] - Actual object '' and expected object 'wcwbo@yopmail.com' are not equal

2020-02-18 22:57:57 - [TEST_STEP][PASSED] - click(findTestObject("Swicther/search_cancel_btn")): Object: 'Object Repository/Swicther/search_cancel_btn' is clicked on

2020-02-18 22:57:58 - [MESSAGE][PASSED] - Object: 'Object Repository/Swicther/search_cancel_btn' is clicked on

2020-02-18 22:57:58 - [TEST_STEP][PASSED] - click(findTestObject("Swicther/closeIcon")): Object: 'Object Repository/Swicther/closeIcon' is clicked on

2020-02-18 22:57:58 - [MESSAGE][PASSED] - Object: 'Object Repository/Swicther/closeIcon' is clicked on

2020-02-18 22:57:58 - [TEST_STEP][PASSED] - Start listener action : sampleAfterTestCase: null

2020-02-18 22:57:58 - [TEST_STEP][PASSED] - println(testCaseContext.getTestCaseId()): null

2020-02-18 22:57:58 - [TEST_STEP][PASSED] - println(testCaseContext.getTestCaseStatus()): null

2020-02-18 22:57:58 - [TEST_STEP][PASSED] - println("On Failure Method is Calling : " + testCaseContext.getTestCaseStatus()): null

2020-02-18 22:57:58 - [TEST_STEP][PASSED] - if (!(getTestCaseStatus().equalsIgnoreCase("PASSED"))): null]]></system-out>
         <system-err><![CDATA[]]></system-err>
      </testcase>
      <testcase name="Test Cases/Atlas Platform/OnBoard/Swicther/TC_099_Close_Common_Browser" time="4.556" classname="Test Cases/Atlas Platform/OnBoard/Swicther/TC_099_Close_Common_Browser" status="PASSED">
         <system-out><![CDATA[2020-02-18 22:58:00 - [TEST_CASE][PASSED] - Test Cases/Atlas Platform/OnBoard/Swicther/TC_099_Close_Common_Browser: Test Cases/Atlas Platform/OnBoard/Swicther/TC_099_Close_Common_Browser

2020-02-18 22:58:01 - [TEST_STEP][PASSED] - closeBrowser(): Browser is closed

2020-02-18 22:58:03 - [MESSAGE][PASSED] - Browser is closed

2020-02-18 22:58:03 - [TEST_STEP][PASSED] - Start listener action : sampleAfterTestCase: null

2020-02-18 22:58:03 - [TEST_STEP][PASSED] - println(testCaseContext.getTestCaseId()): null

2020-02-18 22:58:03 - [TEST_STEP][PASSED] - println(testCaseContext.getTestCaseStatus()): null

2020-02-18 22:58:03 - [TEST_STEP][PASSED] - println("On Failure Method is Calling : " + testCaseContext.getTestCaseStatus()): null

2020-02-18 22:58:03 - [TEST_STEP][PASSED] - if (!(getTestCaseStatus().equalsIgnoreCase("PASSED"))): null]]></system-out>
         <system-err><![CDATA[]]></system-err>
      </testcase>
      <system-out><![CDATA[2020-02-18 22:53:01 - [TEST_SUITE][ERROR] - SwitcherTestSuite: Test Cases/Atlas Platform/OnBoard/Swicther/TC_026_Validate_Valid_Search_Record(TBD) FAILED.
Reason:
org.codehaus.groovy.runtime.InvokerInvocationException: com.mysql.cj.jdbc.exceptions.CommunicationsException: Communications link failure

The last packet sent successfully to the server was 0 milliseconds ago. The driver has not received any packets from the server.
	at web.MySQLDataBase.invokeMethod(MySQLDataBase.groovy)
	at com.kms.katalon.core.main.CustomKeywordDelegatingMetaClass.invokeStaticMethod(CustomKeywordDelegatingMetaClass.java:50)
	at TC_026_Validate_Valid_Search_Record(TBD).run(TC_026_Validate_Valid_Search_Record(TBD):19)
	at com.kms.katalon.core.main.ScriptEngine.run(ScriptEngine.java:194)
	at com.kms.katalon.core.main.ScriptEngine.runScriptAsRawText(ScriptEngine.java:119)
	at com.kms.katalon.core.main.TestCaseExecutor.runScript(TestCaseExecutor.java:337)
	at com.kms.katalon.core.main.TestCaseExecutor.doExecute(TestCaseExecutor.java:328)
	at com.kms.katalon.core.main.TestCaseExecutor.processExecutionPhase(TestCaseExecutor.java:307)
	at com.kms.katalon.core.main.TestCaseExecutor.accessMainPhase(TestCaseExecutor.java:299)
	at com.kms.katalon.core.main.TestCaseExecutor.execute(TestCaseExecutor.java:233)
	at com.kms.katalon.core.main.TestSuiteExecutor.accessTestCaseMainPhase(TestSuiteExecutor.java:169)
	at com.kms.katalon.core.main.TestSuiteExecutor.accessTestSuiteMainPhase(TestSuiteExecutor.java:142)
	at com.kms.katalon.core.main.TestSuiteExecutor.execute(TestSuiteExecutor.java:91)
	at com.kms.katalon.core.main.TestCaseMain.startTestSuite(TestCaseMain.java:157)
	at com.kms.katalon.core.main.TestCaseMain$startTestSuite$0.call(Unknown Source)
	at TempTestSuite1582046402274.run(TempTestSuite1582046402274.groovy:36)
Caused by: com.mysql.cj.jdbc.exceptions.CommunicationsException: Communications link failure

The last packet sent successfully to the server was 0 milliseconds ago. The driver has not received any packets from the server.
	at com.mysql.cj.jdbc.exceptions.SQLError.createCommunicationsException(SQLError.java:174)
	at com.mysql.cj.jdbc.exceptions.SQLExceptionsMapping.translateException(SQLExceptionsMapping.java:64)
	at com.mysql.cj.jdbc.ConnectionImpl.createNewIO(ConnectionImpl.java:827)
	at com.mysql.cj.jdbc.ConnectionImpl.<init>(ConnectionImpl.java:447)
	at com.mysql.cj.jdbc.ConnectionImpl.getInstance(ConnectionImpl.java:237)
	at com.mysql.cj.jdbc.NonRegisteringDriver.connect(NonRegisteringDriver.java:199)
	at java_sql_DriverManager$getConnection.call(Unknown Source)
	at web.MySQLDataBase.conncetDBWithOutParams(MySQLDataBase.groovy:81)
	at web.MySQLDataBase.invokeMethod(MySQLDataBase.groovy)
	at com.kms.katalon.core.main.CustomKeywordDelegatingMetaClass.invokeStaticMethod(CustomKeywordDelegatingMetaClass.java:50)
	at Script1578466350715.run(Script1578466350715.groovy:19)
	... 13 more
Caused by: com.mysql.cj.exceptions.CJCommunicationsException: Communications link failure

The last packet sent successfully to the server was 0 milliseconds ago. The driver has not received any packets from the server.
	at com.mysql.cj.exceptions.ExceptionFactory.createException(ExceptionFactory.java:61)
	at com.mysql.cj.exceptions.ExceptionFactory.createException(ExceptionFactory.java:105)
	at com.mysql.cj.exceptions.ExceptionFactory.createException(ExceptionFactory.java:151)
	at com.mysql.cj.exceptions.ExceptionFactory.createCommunicationsException(ExceptionFactory.java:167)
	at com.mysql.cj.protocol.a.NativeSocketConnection.connect(NativeSocketConnection.java:91)
	at com.mysql.cj.NativeSession.connect(NativeSession.java:150)
	at com.mysql.cj.jdbc.ConnectionImpl.connectOneTryOnly(ConnectionImpl.java:947)
	at com.mysql.cj.jdbc.ConnectionImpl.createNewIO(ConnectionImpl.java:817)
	... 21 more
Caused by: java.net.ConnectException: Connection timed out: connect
	at com.mysql.cj.protocol.StandardSocketFactory.connect(StandardSocketFactory.java:155)
	at com.mysql.cj.protocol.a.NativeSocketConnection.connect(NativeSocketConnection.java:65)
	at com.mysql.cj.NativeSession.connect(NativeSession.java:150)
	at com.mysql.cj.jdbc.ConnectionImpl.connectOneTryOnly(ConnectionImpl.java:947)
	at com.mysql.cj.jdbc.ConnectionImpl.createNewIO(ConnectionImpl.java:817)
	at com.mysql.cj.jdbc.ConnectionImpl.<init>(ConnectionImpl.java:447)
	at com.mysql.cj.jdbc.ConnectionImpl.getInstance(ConnectionImpl.java:237)
	at com.mysql.cj.jdbc.NonRegisteringDriver.connect(NonRegisteringDriver.java:199)
	at java_sql_DriverManager$getConnection.call(Unknown Source)
	at web.MySQLDataBase.conncetDBWithOutParams(MySQLDataBase.groovy:81)
	at web.MySQLDataBase.invokeMethod(MySQLDataBase.groovy)
	at com.kms.katalon.core.main.CustomKeywordDelegatingMetaClass.invokeStaticMethod(CustomKeywordDelegatingMetaClass.java:50)
	at TC_026_Validate_Valid_Search_Record(TBD).run(TC_026_Validate_Valid_Search_Record(TBD):19)
	... 13 more]]></system-out>
      <system-err><![CDATA[2020-02-18 22:53:01 - [TEST_SUITE][ERROR] - SwitcherTestSuite: Test Cases/Atlas Platform/OnBoard/Swicther/TC_026_Validate_Valid_Search_Record(TBD) FAILED.
Reason:
org.codehaus.groovy.runtime.InvokerInvocationException: com.mysql.cj.jdbc.exceptions.CommunicationsException: Communications link failure

The last packet sent successfully to the server was 0 milliseconds ago. The driver has not received any packets from the server.
	at web.MySQLDataBase.invokeMethod(MySQLDataBase.groovy)
	at com.kms.katalon.core.main.CustomKeywordDelegatingMetaClass.invokeStaticMethod(CustomKeywordDelegatingMetaClass.java:50)
	at TC_026_Validate_Valid_Search_Record(TBD).run(TC_026_Validate_Valid_Search_Record(TBD):19)
	at com.kms.katalon.core.main.ScriptEngine.run(ScriptEngine.java:194)
	at com.kms.katalon.core.main.ScriptEngine.runScriptAsRawText(ScriptEngine.java:119)
	at com.kms.katalon.core.main.TestCaseExecutor.runScript(TestCaseExecutor.java:337)
	at com.kms.katalon.core.main.TestCaseExecutor.doExecute(TestCaseExecutor.java:328)
	at com.kms.katalon.core.main.TestCaseExecutor.processExecutionPhase(TestCaseExecutor.java:307)
	at com.kms.katalon.core.main.TestCaseExecutor.accessMainPhase(TestCaseExecutor.java:299)
	at com.kms.katalon.core.main.TestCaseExecutor.execute(TestCaseExecutor.java:233)
	at com.kms.katalon.core.main.TestSuiteExecutor.accessTestCaseMainPhase(TestSuiteExecutor.java:169)
	at com.kms.katalon.core.main.TestSuiteExecutor.accessTestSuiteMainPhase(TestSuiteExecutor.java:142)
	at com.kms.katalon.core.main.TestSuiteExecutor.execute(TestSuiteExecutor.java:91)
	at com.kms.katalon.core.main.TestCaseMain.startTestSuite(TestCaseMain.java:157)
	at com.kms.katalon.core.main.TestCaseMain$startTestSuite$0.call(Unknown Source)
	at TempTestSuite1582046402274.run(TempTestSuite1582046402274.groovy:36)
Caused by: com.mysql.cj.jdbc.exceptions.CommunicationsException: Communications link failure

The last packet sent successfully to the server was 0 milliseconds ago. The driver has not received any packets from the server.
	at com.mysql.cj.jdbc.exceptions.SQLError.createCommunicationsException(SQLError.java:174)
	at com.mysql.cj.jdbc.exceptions.SQLExceptionsMapping.translateException(SQLExceptionsMapping.java:64)
	at com.mysql.cj.jdbc.ConnectionImpl.createNewIO(ConnectionImpl.java:827)
	at com.mysql.cj.jdbc.ConnectionImpl.<init>(ConnectionImpl.java:447)
	at com.mysql.cj.jdbc.ConnectionImpl.getInstance(ConnectionImpl.java:237)
	at com.mysql.cj.jdbc.NonRegisteringDriver.connect(NonRegisteringDriver.java:199)
	at java_sql_DriverManager$getConnection.call(Unknown Source)
	at web.MySQLDataBase.conncetDBWithOutParams(MySQLDataBase.groovy:81)
	at web.MySQLDataBase.invokeMethod(MySQLDataBase.groovy)
	at com.kms.katalon.core.main.CustomKeywordDelegatingMetaClass.invokeStaticMethod(CustomKeywordDelegatingMetaClass.java:50)
	at Script1578466350715.run(Script1578466350715.groovy:19)
	... 13 more
Caused by: com.mysql.cj.exceptions.CJCommunicationsException: Communications link failure

The last packet sent successfully to the server was 0 milliseconds ago. The driver has not received any packets from the server.
	at com.mysql.cj.exceptions.ExceptionFactory.createException(ExceptionFactory.java:61)
	at com.mysql.cj.exceptions.ExceptionFactory.createException(ExceptionFactory.java:105)
	at com.mysql.cj.exceptions.ExceptionFactory.createException(ExceptionFactory.java:151)
	at com.mysql.cj.exceptions.ExceptionFactory.createCommunicationsException(ExceptionFactory.java:167)
	at com.mysql.cj.protocol.a.NativeSocketConnection.connect(NativeSocketConnection.java:91)
	at com.mysql.cj.NativeSession.connect(NativeSession.java:150)
	at com.mysql.cj.jdbc.ConnectionImpl.connectOneTryOnly(ConnectionImpl.java:947)
	at com.mysql.cj.jdbc.ConnectionImpl.createNewIO(ConnectionImpl.java:817)
	... 21 more
Caused by: java.net.ConnectException: Connection timed out: connect
	at com.mysql.cj.protocol.StandardSocketFactory.connect(StandardSocketFactory.java:155)
	at com.mysql.cj.protocol.a.NativeSocketConnection.connect(NativeSocketConnection.java:65)
	at com.mysql.cj.NativeSession.connect(NativeSession.java:150)
	at com.mysql.cj.jdbc.ConnectionImpl.connectOneTryOnly(ConnectionImpl.java:947)
	at com.mysql.cj.jdbc.ConnectionImpl.createNewIO(ConnectionImpl.java:817)
	at com.mysql.cj.jdbc.ConnectionImpl.<init>(ConnectionImpl.java:447)
	at com.mysql.cj.jdbc.ConnectionImpl.getInstance(ConnectionImpl.java:237)
	at com.mysql.cj.jdbc.NonRegisteringDriver.connect(NonRegisteringDriver.java:199)
	at java_sql_DriverManager$getConnection.call(Unknown Source)
	at web.MySQLDataBase.conncetDBWithOutParams(MySQLDataBase.groovy:81)
	at web.MySQLDataBase.invokeMethod(MySQLDataBase.groovy)
	at com.kms.katalon.core.main.CustomKeywordDelegatingMetaClass.invokeStaticMethod(CustomKeywordDelegatingMetaClass.java:50)
	at TC_026_Validate_Valid_Search_Record(TBD).run(TC_026_Validate_Valid_Search_Record(TBD):19)
	... 13 more]]></system-err>
   </testsuite>
</testsuites>
