<?xml version="1.0" encoding="UTF-8"?>
<testsuites name="Images" time="174.306" tests="6" failures="0" errors="1">
   <testsuite name="Images" tests="6" failures="0" errors="1" time="174.306" timestamp="2020-02-18 22:30:16" hostname="Dell - DESKTOP-8FKLJ50" id="Test Suites/CONTENT/Images">
      <properties>
         <property name="deviceName" value=""/>
         <property name="devicePlatform" value=""/>
         <property name="logFolder" value="C:\\Users\\Dell\\git\\GSMProject\\Reports\\20200218_223004\\CONTENT\\Images\\20200218_223004"/>
         <property name="logFiles" value="C:\\Users\\Dell\\git\\GSMProject\\Reports\\20200218_223004\\CONTENT\\Images\\20200218_223004\\execution0.log"/>
         <property name="attachments" value="D:\\TestDataForSampleProject\\test1.jpg, C:\\Users\\Dell\\git\\GSMProject\\Reports\\20200218_223004\\CONTENT\\Images\\20200218_223004/videos\\test_4.avi"/>
         <property name="hostName" value="Dell - DESKTOP-8FKLJ50"/>
         <property name="os" value="Windows 10 64bit"/>
         <property name="katalonVersion" value="7.2.1.1"/>
         <property name="browser" value="Firefox 72.0"/>
         <property name="hostAddress" value="10.0.75.1"/>
         <property name="sessionId" value="277f616a-a8b4-438c-90f5-100d7c599794"/>
         <property name="seleniumVersion" value="3.141.59"/>
         <property name="proxyInformation" value="ProxyInformation{proxyOption=NO_PROXY, proxyServerType=HTTP, password=, proxyServerAddress=, proxyServerPort=0, executionList=}"/>
         <property name="platform" value="Windows 10"/>
      </properties>
      <testcase name="Test Cases/Atlas Platform/OnBoard/Swicther/TC_000_Common_Browser_WithLogin" time="20.393" classname="Test Cases/Atlas Platform/OnBoard/Swicther/TC_000_Common_Browser_WithLogin" status="PASSED">
         <system-out><![CDATA[2020-02-18 22:30:16 - [TEST_CASE][PASSED] - Test Cases/Atlas Platform/OnBoard/Swicther/TC_000_Common_Browser_WithLogin: Test Cases/Atlas Platform/OnBoard/Swicther/TC_000_Common_Browser_WithLogin

2020-02-18 22:30:17 - [TEST_STEP][PASSED] - callTestCase(findTestCase("Atlas Platform/OnBoard/Login/LoginWithRootAdmin"), [:], STOP_ON_FAILURE): Call Test Case 'Test Cases/Atlas Platform/OnBoard/Login/LoginWithRootAdmin' successfully

2020-02-18 22:30:17 - [TEST_CASE][PASSED] - Test Cases/Atlas Platform/OnBoard/Login/LoginWithRootAdmin: Test Cases/Atlas Platform/OnBoard/Login/LoginWithRootAdmin

2020-02-18 22:30:18 - [TEST_STEP][PASSED] - openBrowser(""): Browser is opened with url: ''

2020-02-18 22:30:19 - [MESSAGE][INFO] - Starting 'Firefox' driver

2020-02-18 22:30:19 - [MESSAGE][INFO] - Action delay is set to 0 seconds

2020-02-18 22:30:27 - [MESSAGE][PASSED] - Browser is opened with url: ''

2020-02-18 22:30:27 - [TEST_STEP][NOT_RUN] - callTestCase(findTestCase("Atlas Platform/OnBoard/SwictherDBValidation/TC_100_ForSecurityURLSAcceptance"), [:], CONTINUE_ON_FAILURE): NOT_RUN: callTestCase(findTestCase("Atlas Platform/OnBoard/SwictherDBValidation/TC_100_ForSecurityURLSAcceptance"), [:], CONTINUE_ON_FAILURE)

2020-02-18 22:30:27 - [MESSAGE][NOT_RUN] - NOT_RUN: callTestCase(findTestCase("Atlas Platform/OnBoard/SwictherDBValidation/TC_100_ForSecurityURLSAcceptance"), [:], CONTINUE_ON_FAILURE)

2020-02-18 22:30:27 - [TEST_STEP][PASSED] - navigateToUrl("https://atlas-dev.gsm.auto/"): Navigate to 'https://atlas-dev.gsm.auto/' successfully

2020-02-18 22:30:31 - [MESSAGE][PASSED] - Navigate to 'https://atlas-dev.gsm.auto/' successfully

2020-02-18 22:30:31 - [TEST_STEP][PASSED] - setText(findTestObject("Object Repository/LoginPage/loginpageemailtxtbox"), user_Email): Text 'navaraj@totient.co.in' is set on object 'Object Repository/LoginPage/loginpageemailtxtbox'

2020-02-18 22:30:33 - [MESSAGE][PASSED] - Text 'navaraj@totient.co.in' is set on object 'Object Repository/LoginPage/loginpageemailtxtbox'

2020-02-18 22:30:33 - [TEST_STEP][PASSED] - setText(findTestObject("Object Repository/LoginPage/loginpaepasswordtxtbox"), user_Password): Text 'Totient@123' is set on object 'Object Repository/LoginPage/loginpaepasswordtxtbox'

2020-02-18 22:30:33 - [MESSAGE][PASSED] - Text 'Totient@123' is set on object 'Object Repository/LoginPage/loginpaepasswordtxtbox'

2020-02-18 22:30:33 - [TEST_STEP][PASSED] - click(findTestObject("LoginPage/loginpageloginbtn")): Object: 'Object Repository/LoginPage/loginpageloginbtn' is clicked on

2020-02-18 22:30:34 - [MESSAGE][PASSED] - Object: 'Object Repository/LoginPage/loginpageloginbtn' is clicked on

2020-02-18 22:30:34 - [MESSAGE][PASSED] - Call Test Case 'Test Cases/Atlas Platform/OnBoard/Login/LoginWithRootAdmin' successfully

2020-02-18 22:30:34 - [TEST_STEP][PASSED] - Start listener action : sampleAfterTestCase: null

2020-02-18 22:30:34 - [TEST_STEP][PASSED] - println(testCaseContext.getTestCaseId()): null

2020-02-18 22:30:34 - [TEST_STEP][PASSED] - println(testCaseContext.getTestCaseStatus()): null

2020-02-18 22:30:34 - [TEST_STEP][PASSED] - println("On Failure Method is Calling : " + testCaseContext.getTestCaseStatus()): null

2020-02-18 22:30:34 - [TEST_STEP][PASSED] - if (!(getTestCaseStatus().equalsIgnoreCase("PASSED"))): null]]></system-out>
         <system-err><![CDATA[]]></system-err>
      </testcase>
      <testcase name="Test Cases/Atlas Platform/Content Management/Image Library/TC_001_Verify_Image_ListingPage_Count" time="50.046" classname="Test Cases/Atlas Platform/Content Management/Image Library/TC_001_Verify_Image_ListingPage_Count" status="PASSED">
         <system-out><![CDATA[2020-02-18 22:30:36 - [TEST_CASE][PASSED] - Test Cases/Atlas Platform/Content Management/Image Library/TC_001_Verify_Image_ListingPage_Count: Test Cases/Atlas Platform/Content Management/Image Library/TC_001_Verify_Image_ListingPage_Count

2020-02-18 22:30:37 - [TEST_STEP][NOT_RUN] - callTestCase(findTestCase("Atlas Platform/OnBoard/Login/LoginWithRootAdmin"), ["user_Email":"navaraj@totient.co.in", "user_Password":"Totient@123"], CONTINUE_ON_FAILURE): NOT_RUN: callTestCase(findTestCase("Atlas Platform/OnBoard/Login/LoginWithRootAdmin"), ["user_Email":"navaraj@totient.co.in", "user_Password":"Totient@123"], CONTINUE_ON_FAILURE)

2020-02-18 22:30:37 - [MESSAGE][NOT_RUN] - NOT_RUN: callTestCase(findTestCase("Atlas Platform/OnBoard/Login/LoginWithRootAdmin"), ["user_Email":"navaraj@totient.co.in", "user_Password":"Totient@123"], CONTINUE_ON_FAILURE)

2020-02-18 22:30:37 - [TEST_STEP][PASSED] - click(findTestObject("HeaderMenus/contentmeu")): Object: 'Object Repository/HeaderMenus/contentmeu' is clicked on

2020-02-18 22:30:38 - [MESSAGE][PASSED] - Object: 'Object Repository/HeaderMenus/contentmeu' is clicked on

2020-02-18 22:30:38 - [TEST_STEP][PASSED] - click(findTestObject("Login_Page/Dashboard/Content Sub-Navigation/div_Images")): Object: 'Object Repository/Login_Page/Dashboard/Content Sub-Navigation/div_Images' is clicked on

2020-02-18 22:30:41 - [MESSAGE][PASSED] - Object: 'Object Repository/Login_Page/Dashboard/Content Sub-Navigation/div_Images' is clicked on

2020-02-18 22:30:41 - [TEST_STEP][PASSED] - click(findTestObject("CONTENT/Image_Listing/all_Image_textwithcount")): Object: 'Object Repository/CONTENT/Image_Listing/all_Image_textwithcount' is clicked on

2020-02-18 22:30:41 - [MESSAGE][PASSED] - Object: 'Object Repository/CONTENT/Image_Listing/all_Image_textwithcount' is clicked on

2020-02-18 22:30:41 - [TEST_STEP][PASSED] - getText = getText(findTestObject("CONTENT/Image_Listing/all_Image_textwithcount")): Text of object 'Object Repository/CONTENT/Image_Listing/all_Image_textwithcount' is: 'ALL IMAGES (261)'

2020-02-18 22:30:42 - [MESSAGE][PASSED] - Text of object 'Object Repository/CONTENT/Image_Listing/all_Image_textwithcount' is: 'ALL IMAGES (261)'

2020-02-18 22:30:42 - [TEST_STEP][PASSED] - totalcountintext = replace(")", "").trim(): null

2020-02-18 22:30:42 - [TEST_STEP][PASSED] - total = Integer.parseInt(totalcountintext): null

2020-02-18 22:30:42 - [TEST_STEP][PASSED] - elements = findWebElements(findTestObject("CONTENT/Image_Listing/column1_Image_Name_Values"), 0): Timeout '0' is invalid. Using default page load timeout: '230'

2020-02-18 22:30:42 - [MESSAGE][WARNING] - Timeout '0' is invalid. Using default page load timeout: '230'

2020-02-18 22:30:42 - [TEST_STEP][PASSED] - pageValueCount = elements.size(): null

2020-02-18 22:30:42 - [TEST_STEP][PASSED] - if (total > 10): null

2020-02-18 22:30:42 - [TEST_STEP][PASSED] - while (total != pageValueCount): null

2020-02-18 22:30:42 - [TEST_STEP][PASSED] - click(findTestObject("ROLES/Roles_page/Pagination/front_navigation")): Object: 'Object Repository/ROLES/Roles_page/Pagination/front_navigation' is clicked on

2020-02-18 22:30:43 - [MESSAGE][PASSED] - Object: 'Object Repository/ROLES/Roles_page/Pagination/front_navigation' is clicked on

2020-02-18 22:30:43 - [TEST_STEP][PASSED] - elements = findWebElements(findTestObject("CONTENT/Image_Listing/column1_Image_Name_Values"), 0): Timeout '0' is invalid. Using default page load timeout: '230'

2020-02-18 22:30:43 - [MESSAGE][WARNING] - Timeout '0' is invalid. Using default page load timeout: '230'

2020-02-18 22:30:44 - [TEST_STEP][PASSED] - pageValueCount += elements.size(): null

2020-02-18 22:30:44 - [TEST_STEP][PASSED] - click(findTestObject("ROLES/Roles_page/Pagination/front_navigation")): Object: 'Object Repository/ROLES/Roles_page/Pagination/front_navigation' is clicked on

2020-02-18 22:30:45 - [MESSAGE][PASSED] - Object: 'Object Repository/ROLES/Roles_page/Pagination/front_navigation' is clicked on

2020-02-18 22:30:45 - [TEST_STEP][PASSED] - elements = findWebElements(findTestObject("CONTENT/Image_Listing/column1_Image_Name_Values"), 0): Timeout '0' is invalid. Using default page load timeout: '230'

2020-02-18 22:30:45 - [MESSAGE][WARNING] - Timeout '0' is invalid. Using default page load timeout: '230'

2020-02-18 22:30:45 - [TEST_STEP][PASSED] - pageValueCount += elements.size(): null

2020-02-18 22:30:45 - [TEST_STEP][PASSED] - click(findTestObject("ROLES/Roles_page/Pagination/front_navigation")): Object: 'Object Repository/ROLES/Roles_page/Pagination/front_navigation' is clicked on

2020-02-18 22:30:46 - [MESSAGE][PASSED] - Object: 'Object Repository/ROLES/Roles_page/Pagination/front_navigation' is clicked on

2020-02-18 22:30:46 - [TEST_STEP][PASSED] - elements = findWebElements(findTestObject("CONTENT/Image_Listing/column1_Image_Name_Values"), 0): Timeout '0' is invalid. Using default page load timeout: '230'

2020-02-18 22:30:46 - [MESSAGE][WARNING] - Timeout '0' is invalid. Using default page load timeout: '230'

2020-02-18 22:30:47 - [TEST_STEP][PASSED] - pageValueCount += elements.size(): null

2020-02-18 22:30:47 - [TEST_STEP][PASSED] - click(findTestObject("ROLES/Roles_page/Pagination/front_navigation")): Object: 'Object Repository/ROLES/Roles_page/Pagination/front_navigation' is clicked on

2020-02-18 22:30:48 - [MESSAGE][PASSED] - Object: 'Object Repository/ROLES/Roles_page/Pagination/front_navigation' is clicked on

2020-02-18 22:30:48 - [TEST_STEP][PASSED] - elements = findWebElements(findTestObject("CONTENT/Image_Listing/column1_Image_Name_Values"), 0): Timeout '0' is invalid. Using default page load timeout: '230'

2020-02-18 22:30:48 - [MESSAGE][WARNING] - Timeout '0' is invalid. Using default page load timeout: '230'

2020-02-18 22:30:49 - [TEST_STEP][PASSED] - pageValueCount += elements.size(): null

2020-02-18 22:30:49 - [TEST_STEP][PASSED] - click(findTestObject("ROLES/Roles_page/Pagination/front_navigation")): Object: 'Object Repository/ROLES/Roles_page/Pagination/front_navigation' is clicked on

2020-02-18 22:30:49 - [MESSAGE][PASSED] - Object: 'Object Repository/ROLES/Roles_page/Pagination/front_navigation' is clicked on

2020-02-18 22:30:49 - [TEST_STEP][PASSED] - elements = findWebElements(findTestObject("CONTENT/Image_Listing/column1_Image_Name_Values"), 0): Timeout '0' is invalid. Using default page load timeout: '230'

2020-02-18 22:30:50 - [MESSAGE][WARNING] - Timeout '0' is invalid. Using default page load timeout: '230'

2020-02-18 22:30:50 - [TEST_STEP][PASSED] - pageValueCount += elements.size(): null

2020-02-18 22:30:50 - [TEST_STEP][PASSED] - click(findTestObject("ROLES/Roles_page/Pagination/front_navigation")): Object: 'Object Repository/ROLES/Roles_page/Pagination/front_navigation' is clicked on

2020-02-18 22:30:51 - [MESSAGE][PASSED] - Object: 'Object Repository/ROLES/Roles_page/Pagination/front_navigation' is clicked on

2020-02-18 22:30:51 - [TEST_STEP][PASSED] - elements = findWebElements(findTestObject("CONTENT/Image_Listing/column1_Image_Name_Values"), 0): Timeout '0' is invalid. Using default page load timeout: '230'

2020-02-18 22:30:51 - [MESSAGE][WARNING] - Timeout '0' is invalid. Using default page load timeout: '230'

2020-02-18 22:30:52 - [TEST_STEP][PASSED] - pageValueCount += elements.size(): null

2020-02-18 22:30:52 - [TEST_STEP][PASSED] - click(findTestObject("ROLES/Roles_page/Pagination/front_navigation")): Object: 'Object Repository/ROLES/Roles_page/Pagination/front_navigation' is clicked on

2020-02-18 22:30:53 - [MESSAGE][PASSED] - Object: 'Object Repository/ROLES/Roles_page/Pagination/front_navigation' is clicked on

2020-02-18 22:30:53 - [TEST_STEP][PASSED] - elements = findWebElements(findTestObject("CONTENT/Image_Listing/column1_Image_Name_Values"), 0): Timeout '0' is invalid. Using default page load timeout: '230'

2020-02-18 22:30:53 - [MESSAGE][WARNING] - Timeout '0' is invalid. Using default page load timeout: '230'

2020-02-18 22:30:53 - [TEST_STEP][PASSED] - pageValueCount += elements.size(): null

2020-02-18 22:30:53 - [TEST_STEP][PASSED] - click(findTestObject("ROLES/Roles_page/Pagination/front_navigation")): Object: 'Object Repository/ROLES/Roles_page/Pagination/front_navigation' is clicked on

2020-02-18 22:30:54 - [MESSAGE][PASSED] - Object: 'Object Repository/ROLES/Roles_page/Pagination/front_navigation' is clicked on

2020-02-18 22:30:54 - [TEST_STEP][PASSED] - elements = findWebElements(findTestObject("CONTENT/Image_Listing/column1_Image_Name_Values"), 0): Timeout '0' is invalid. Using default page load timeout: '230'

2020-02-18 22:30:54 - [MESSAGE][WARNING] - Timeout '0' is invalid. Using default page load timeout: '230'

2020-02-18 22:30:55 - [TEST_STEP][PASSED] - pageValueCount += elements.size(): null

2020-02-18 22:30:55 - [TEST_STEP][PASSED] - click(findTestObject("ROLES/Roles_page/Pagination/front_navigation")): Object: 'Object Repository/ROLES/Roles_page/Pagination/front_navigation' is clicked on

2020-02-18 22:30:56 - [MESSAGE][PASSED] - Object: 'Object Repository/ROLES/Roles_page/Pagination/front_navigation' is clicked on

2020-02-18 22:30:56 - [TEST_STEP][PASSED] - elements = findWebElements(findTestObject("CONTENT/Image_Listing/column1_Image_Name_Values"), 0): Timeout '0' is invalid. Using default page load timeout: '230'

2020-02-18 22:30:56 - [MESSAGE][WARNING] - Timeout '0' is invalid. Using default page load timeout: '230'

2020-02-18 22:30:56 - [TEST_STEP][PASSED] - pageValueCount += elements.size(): null

2020-02-18 22:30:57 - [TEST_STEP][PASSED] - click(findTestObject("ROLES/Roles_page/Pagination/front_navigation")): Object: 'Object Repository/ROLES/Roles_page/Pagination/front_navigation' is clicked on

2020-02-18 22:30:57 - [MESSAGE][PASSED] - Object: 'Object Repository/ROLES/Roles_page/Pagination/front_navigation' is clicked on

2020-02-18 22:30:57 - [TEST_STEP][PASSED] - elements = findWebElements(findTestObject("CONTENT/Image_Listing/column1_Image_Name_Values"), 0): Timeout '0' is invalid. Using default page load timeout: '230'

2020-02-18 22:30:57 - [MESSAGE][WARNING] - Timeout '0' is invalid. Using default page load timeout: '230'

2020-02-18 22:30:58 - [TEST_STEP][PASSED] - pageValueCount += elements.size(): null

2020-02-18 22:30:58 - [TEST_STEP][PASSED] - click(findTestObject("ROLES/Roles_page/Pagination/front_navigation")): Object: 'Object Repository/ROLES/Roles_page/Pagination/front_navigation' is clicked on

2020-02-18 22:30:59 - [MESSAGE][PASSED] - Object: 'Object Repository/ROLES/Roles_page/Pagination/front_navigation' is clicked on

2020-02-18 22:30:59 - [TEST_STEP][PASSED] - elements = findWebElements(findTestObject("CONTENT/Image_Listing/column1_Image_Name_Values"), 0): Timeout '0' is invalid. Using default page load timeout: '230'

2020-02-18 22:30:59 - [MESSAGE][WARNING] - Timeout '0' is invalid. Using default page load timeout: '230'

2020-02-18 22:31:00 - [TEST_STEP][PASSED] - pageValueCount += elements.size(): null

2020-02-18 22:31:00 - [TEST_STEP][PASSED] - click(findTestObject("ROLES/Roles_page/Pagination/front_navigation")): Object: 'Object Repository/ROLES/Roles_page/Pagination/front_navigation' is clicked on

2020-02-18 22:31:00 - [MESSAGE][PASSED] - Object: 'Object Repository/ROLES/Roles_page/Pagination/front_navigation' is clicked on

2020-02-18 22:31:00 - [TEST_STEP][PASSED] - elements = findWebElements(findTestObject("CONTENT/Image_Listing/column1_Image_Name_Values"), 0): Timeout '0' is invalid. Using default page load timeout: '230'

2020-02-18 22:31:01 - [MESSAGE][WARNING] - Timeout '0' is invalid. Using default page load timeout: '230'

2020-02-18 22:31:01 - [TEST_STEP][PASSED] - pageValueCount += elements.size(): null

2020-02-18 22:31:01 - [TEST_STEP][PASSED] - click(findTestObject("ROLES/Roles_page/Pagination/front_navigation")): Object: 'Object Repository/ROLES/Roles_page/Pagination/front_navigation' is clicked on

2020-02-18 22:31:02 - [MESSAGE][PASSED] - Object: 'Object Repository/ROLES/Roles_page/Pagination/front_navigation' is clicked on

2020-02-18 22:31:02 - [TEST_STEP][PASSED] - elements = findWebElements(findTestObject("CONTENT/Image_Listing/column1_Image_Name_Values"), 0): Timeout '0' is invalid. Using default page load timeout: '230'

2020-02-18 22:31:02 - [MESSAGE][WARNING] - Timeout '0' is invalid. Using default page load timeout: '230'

2020-02-18 22:31:03 - [TEST_STEP][PASSED] - pageValueCount += elements.size(): null

2020-02-18 22:31:03 - [TEST_STEP][PASSED] - click(findTestObject("ROLES/Roles_page/Pagination/front_navigation")): Object: 'Object Repository/ROLES/Roles_page/Pagination/front_navigation' is clicked on

2020-02-18 22:31:03 - [MESSAGE][PASSED] - Object: 'Object Repository/ROLES/Roles_page/Pagination/front_navigation' is clicked on

2020-02-18 22:31:03 - [TEST_STEP][PASSED] - elements = findWebElements(findTestObject("CONTENT/Image_Listing/column1_Image_Name_Values"), 0): Timeout '0' is invalid. Using default page load timeout: '230'

2020-02-18 22:31:03 - [MESSAGE][WARNING] - Timeout '0' is invalid. Using default page load timeout: '230'

2020-02-18 22:31:04 - [TEST_STEP][PASSED] - pageValueCount += elements.size(): null

2020-02-18 22:31:04 - [TEST_STEP][PASSED] - click(findTestObject("ROLES/Roles_page/Pagination/front_navigation")): Object: 'Object Repository/ROLES/Roles_page/Pagination/front_navigation' is clicked on

2020-02-18 22:31:05 - [MESSAGE][PASSED] - Object: 'Object Repository/ROLES/Roles_page/Pagination/front_navigation' is clicked on

2020-02-18 22:31:05 - [TEST_STEP][PASSED] - elements = findWebElements(findTestObject("CONTENT/Image_Listing/column1_Image_Name_Values"), 0): Timeout '0' is invalid. Using default page load timeout: '230'

2020-02-18 22:31:05 - [MESSAGE][WARNING] - Timeout '0' is invalid. Using default page load timeout: '230'

2020-02-18 22:31:06 - [TEST_STEP][PASSED] - pageValueCount += elements.size(): null

2020-02-18 22:31:06 - [TEST_STEP][PASSED] - click(findTestObject("ROLES/Roles_page/Pagination/front_navigation")): Object: 'Object Repository/ROLES/Roles_page/Pagination/front_navigation' is clicked on

2020-02-18 22:31:07 - [MESSAGE][PASSED] - Object: 'Object Repository/ROLES/Roles_page/Pagination/front_navigation' is clicked on

2020-02-18 22:31:07 - [TEST_STEP][PASSED] - elements = findWebElements(findTestObject("CONTENT/Image_Listing/column1_Image_Name_Values"), 0): Timeout '0' is invalid. Using default page load timeout: '230'

2020-02-18 22:31:07 - [MESSAGE][WARNING] - Timeout '0' is invalid. Using default page load timeout: '230'

2020-02-18 22:31:07 - [TEST_STEP][PASSED] - pageValueCount += elements.size(): null

2020-02-18 22:31:07 - [TEST_STEP][PASSED] - click(findTestObject("ROLES/Roles_page/Pagination/front_navigation")): Object: 'Object Repository/ROLES/Roles_page/Pagination/front_navigation' is clicked on

2020-02-18 22:31:08 - [MESSAGE][PASSED] - Object: 'Object Repository/ROLES/Roles_page/Pagination/front_navigation' is clicked on

2020-02-18 22:31:08 - [TEST_STEP][PASSED] - elements = findWebElements(findTestObject("CONTENT/Image_Listing/column1_Image_Name_Values"), 0): Timeout '0' is invalid. Using default page load timeout: '230'

2020-02-18 22:31:08 - [MESSAGE][WARNING] - Timeout '0' is invalid. Using default page load timeout: '230'

2020-02-18 22:31:09 - [TEST_STEP][PASSED] - pageValueCount += elements.size(): null

2020-02-18 22:31:09 - [TEST_STEP][PASSED] - click(findTestObject("ROLES/Roles_page/Pagination/front_navigation")): Object: 'Object Repository/ROLES/Roles_page/Pagination/front_navigation' is clicked on

2020-02-18 22:31:10 - [MESSAGE][PASSED] - Object: 'Object Repository/ROLES/Roles_page/Pagination/front_navigation' is clicked on

2020-02-18 22:31:10 - [TEST_STEP][PASSED] - elements = findWebElements(findTestObject("CONTENT/Image_Listing/column1_Image_Name_Values"), 0): Timeout '0' is invalid. Using default page load timeout: '230'

2020-02-18 22:31:10 - [MESSAGE][WARNING] - Timeout '0' is invalid. Using default page load timeout: '230'

2020-02-18 22:31:11 - [TEST_STEP][PASSED] - pageValueCount += elements.size(): null

2020-02-18 22:31:11 - [TEST_STEP][PASSED] - click(findTestObject("ROLES/Roles_page/Pagination/front_navigation")): Object: 'Object Repository/ROLES/Roles_page/Pagination/front_navigation' is clicked on

2020-02-18 22:31:11 - [MESSAGE][PASSED] - Object: 'Object Repository/ROLES/Roles_page/Pagination/front_navigation' is clicked on

2020-02-18 22:31:11 - [TEST_STEP][PASSED] - elements = findWebElements(findTestObject("CONTENT/Image_Listing/column1_Image_Name_Values"), 0): Timeout '0' is invalid. Using default page load timeout: '230'

2020-02-18 22:31:11 - [MESSAGE][WARNING] - Timeout '0' is invalid. Using default page load timeout: '230'

2020-02-18 22:31:12 - [TEST_STEP][PASSED] - pageValueCount += elements.size(): null

2020-02-18 22:31:12 - [TEST_STEP][PASSED] - click(findTestObject("ROLES/Roles_page/Pagination/front_navigation")): Object: 'Object Repository/ROLES/Roles_page/Pagination/front_navigation' is clicked on

2020-02-18 22:31:13 - [MESSAGE][PASSED] - Object: 'Object Repository/ROLES/Roles_page/Pagination/front_navigation' is clicked on

2020-02-18 22:31:13 - [TEST_STEP][PASSED] - elements = findWebElements(findTestObject("CONTENT/Image_Listing/column1_Image_Name_Values"), 0): Timeout '0' is invalid. Using default page load timeout: '230'

2020-02-18 22:31:13 - [MESSAGE][WARNING] - Timeout '0' is invalid. Using default page load timeout: '230'

2020-02-18 22:31:14 - [TEST_STEP][PASSED] - pageValueCount += elements.size(): null

2020-02-18 22:31:14 - [TEST_STEP][PASSED] - click(findTestObject("ROLES/Roles_page/Pagination/front_navigation")): Object: 'Object Repository/ROLES/Roles_page/Pagination/front_navigation' is clicked on

2020-02-18 22:31:15 - [MESSAGE][PASSED] - Object: 'Object Repository/ROLES/Roles_page/Pagination/front_navigation' is clicked on

2020-02-18 22:31:15 - [TEST_STEP][PASSED] - elements = findWebElements(findTestObject("CONTENT/Image_Listing/column1_Image_Name_Values"), 0): Timeout '0' is invalid. Using default page load timeout: '230'

2020-02-18 22:31:15 - [MESSAGE][WARNING] - Timeout '0' is invalid. Using default page load timeout: '230'

2020-02-18 22:31:15 - [TEST_STEP][PASSED] - pageValueCount += elements.size(): null

2020-02-18 22:31:15 - [TEST_STEP][PASSED] - click(findTestObject("ROLES/Roles_page/Pagination/front_navigation")): Object: 'Object Repository/ROLES/Roles_page/Pagination/front_navigation' is clicked on

2020-02-18 22:31:16 - [MESSAGE][PASSED] - Object: 'Object Repository/ROLES/Roles_page/Pagination/front_navigation' is clicked on

2020-02-18 22:31:16 - [TEST_STEP][PASSED] - elements = findWebElements(findTestObject("CONTENT/Image_Listing/column1_Image_Name_Values"), 0): Timeout '0' is invalid. Using default page load timeout: '230'

2020-02-18 22:31:16 - [MESSAGE][WARNING] - Timeout '0' is invalid. Using default page load timeout: '230'

2020-02-18 22:31:17 - [TEST_STEP][PASSED] - pageValueCount += elements.size(): null

2020-02-18 22:31:17 - [TEST_STEP][PASSED] - click(findTestObject("ROLES/Roles_page/Pagination/front_navigation")): Object: 'Object Repository/ROLES/Roles_page/Pagination/front_navigation' is clicked on

2020-02-18 22:31:18 - [MESSAGE][PASSED] - Object: 'Object Repository/ROLES/Roles_page/Pagination/front_navigation' is clicked on

2020-02-18 22:31:18 - [TEST_STEP][PASSED] - elements = findWebElements(findTestObject("CONTENT/Image_Listing/column1_Image_Name_Values"), 0): Timeout '0' is invalid. Using default page load timeout: '230'

2020-02-18 22:31:18 - [MESSAGE][WARNING] - Timeout '0' is invalid. Using default page load timeout: '230'

2020-02-18 22:31:19 - [TEST_STEP][PASSED] - pageValueCount += elements.size(): null

2020-02-18 22:31:19 - [TEST_STEP][PASSED] - click(findTestObject("ROLES/Roles_page/Pagination/front_navigation")): Object: 'Object Repository/ROLES/Roles_page/Pagination/front_navigation' is clicked on

2020-02-18 22:31:19 - [MESSAGE][PASSED] - Object: 'Object Repository/ROLES/Roles_page/Pagination/front_navigation' is clicked on

2020-02-18 22:31:19 - [TEST_STEP][PASSED] - elements = findWebElements(findTestObject("CONTENT/Image_Listing/column1_Image_Name_Values"), 0): Timeout '0' is invalid. Using default page load timeout: '230'

2020-02-18 22:31:19 - [MESSAGE][WARNING] - Timeout '0' is invalid. Using default page load timeout: '230'

2020-02-18 22:31:20 - [TEST_STEP][PASSED] - pageValueCount += elements.size(): null

2020-02-18 22:31:20 - [TEST_STEP][PASSED] - click(findTestObject("ROLES/Roles_page/Pagination/front_navigation")): Object: 'Object Repository/ROLES/Roles_page/Pagination/front_navigation' is clicked on

2020-02-18 22:31:22 - [MESSAGE][PASSED] - Object: 'Object Repository/ROLES/Roles_page/Pagination/front_navigation' is clicked on

2020-02-18 22:31:22 - [TEST_STEP][PASSED] - elements = findWebElements(findTestObject("CONTENT/Image_Listing/column1_Image_Name_Values"), 0): Timeout '0' is invalid. Using default page load timeout: '230'

2020-02-18 22:31:22 - [MESSAGE][WARNING] - Timeout '0' is invalid. Using default page load timeout: '230'

2020-02-18 22:31:23 - [TEST_STEP][PASSED] - pageValueCount += elements.size(): null

2020-02-18 22:31:23 - [TEST_STEP][PASSED] - click(findTestObject("ROLES/Roles_page/Pagination/front_navigation")): Object: 'Object Repository/ROLES/Roles_page/Pagination/front_navigation' is clicked on

2020-02-18 22:31:24 - [MESSAGE][PASSED] - Object: 'Object Repository/ROLES/Roles_page/Pagination/front_navigation' is clicked on

2020-02-18 22:31:24 - [TEST_STEP][PASSED] - elements = findWebElements(findTestObject("CONTENT/Image_Listing/column1_Image_Name_Values"), 0): Timeout '0' is invalid. Using default page load timeout: '230'

2020-02-18 22:31:24 - [MESSAGE][WARNING] - Timeout '0' is invalid. Using default page load timeout: '230'

2020-02-18 22:31:24 - [TEST_STEP][PASSED] - pageValueCount += elements.size(): null

2020-02-18 22:31:24 - [TEST_STEP][PASSED] - verifyEqual(total, pageValueCount): Actual object '261' and expected object '261' are equal

2020-02-18 22:31:24 - [MESSAGE][PASSED] - Actual object '261' and expected object '261' are equal

2020-02-18 22:31:24 - [TEST_STEP][PASSED] - Start listener action : sampleAfterTestCase: null

2020-02-18 22:31:24 - [TEST_STEP][PASSED] - println(testCaseContext.getTestCaseId()): null

2020-02-18 22:31:24 - [TEST_STEP][PASSED] - println(testCaseContext.getTestCaseStatus()): null

2020-02-18 22:31:24 - [TEST_STEP][PASSED] - println("On Failure Method is Calling : " + testCaseContext.getTestCaseStatus()): null

2020-02-18 22:31:24 - [TEST_STEP][PASSED] - if (!(getTestCaseStatus().equalsIgnoreCase("PASSED"))): null]]></system-out>
         <system-err><![CDATA[]]></system-err>
      </testcase>
      <testcase name="Test Cases/Atlas Platform/Content Management/Image Library/TC_002_Verify_Search_Image_With_Valid_Text" time="39.216" classname="Test Cases/Atlas Platform/Content Management/Image Library/TC_002_Verify_Search_Image_With_Valid_Text" status="PASSED">
         <system-out><![CDATA[2020-02-18 22:31:26 - [TEST_CASE][PASSED] - Test Cases/Atlas Platform/Content Management/Image Library/TC_002_Verify_Search_Image_With_Valid_Text: Test Cases/Atlas Platform/Content Management/Image Library/TC_002_Verify_Search_Image_With_Valid_Text

2020-02-18 22:31:27 - [TEST_STEP][PASSED] - callTestCase(findTestCase("Atlas Platform/OnBoard/Login/LoginWithRootAdmin"), ["user_Email":"navaraj@totient.co.in", "user_Password":"Totient@123"], CONTINUE_ON_FAILURE): Call Test Case 'Test Cases/Atlas Platform/OnBoard/Login/LoginWithRootAdmin' successfully

2020-02-18 22:31:27 - [TEST_CASE][PASSED] - Test Cases/Atlas Platform/OnBoard/Login/LoginWithRootAdmin: Test Cases/Atlas Platform/OnBoard/Login/LoginWithRootAdmin

2020-02-18 22:31:27 - [TEST_STEP][PASSED] - openBrowser(""): Browser is opened with url: ''

2020-02-18 22:31:27 - [MESSAGE][WARNING] - A browser is already opened. Closing browser and opening a new one

2020-02-18 22:31:29 - [MESSAGE][INFO] - Starting 'Firefox' driver

2020-02-18 22:31:35 - [MESSAGE][PASSED] - Browser is opened with url: ''

2020-02-18 22:31:35 - [TEST_STEP][NOT_RUN] - callTestCase(findTestCase("Atlas Platform/OnBoard/SwictherDBValidation/TC_100_ForSecurityURLSAcceptance"), [:], CONTINUE_ON_FAILURE): NOT_RUN: callTestCase(findTestCase("Atlas Platform/OnBoard/SwictherDBValidation/TC_100_ForSecurityURLSAcceptance"), [:], CONTINUE_ON_FAILURE)

2020-02-18 22:31:35 - [MESSAGE][NOT_RUN] - NOT_RUN: callTestCase(findTestCase("Atlas Platform/OnBoard/SwictherDBValidation/TC_100_ForSecurityURLSAcceptance"), [:], CONTINUE_ON_FAILURE)

2020-02-18 22:31:35 - [TEST_STEP][PASSED] - navigateToUrl("https://atlas-dev.gsm.auto/"): Navigate to 'https://atlas-dev.gsm.auto/' successfully

2020-02-18 22:31:40 - [MESSAGE][PASSED] - Navigate to 'https://atlas-dev.gsm.auto/' successfully

2020-02-18 22:31:40 - [TEST_STEP][PASSED] - setText(findTestObject("Object Repository/LoginPage/loginpageemailtxtbox"), user_Email): Text 'navaraj@totient.co.in' is set on object 'Object Repository/LoginPage/loginpageemailtxtbox'

2020-02-18 22:31:41 - [MESSAGE][PASSED] - Text 'navaraj@totient.co.in' is set on object 'Object Repository/LoginPage/loginpageemailtxtbox'

2020-02-18 22:31:41 - [TEST_STEP][PASSED] - setText(findTestObject("Object Repository/LoginPage/loginpaepasswordtxtbox"), user_Password): Text 'Totient@123' is set on object 'Object Repository/LoginPage/loginpaepasswordtxtbox'

2020-02-18 22:31:42 - [MESSAGE][PASSED] - Text 'Totient@123' is set on object 'Object Repository/LoginPage/loginpaepasswordtxtbox'

2020-02-18 22:31:42 - [TEST_STEP][PASSED] - click(findTestObject("LoginPage/loginpageloginbtn")): Object: 'Object Repository/LoginPage/loginpageloginbtn' is clicked on

2020-02-18 22:31:42 - [MESSAGE][PASSED] - Object: 'Object Repository/LoginPage/loginpageloginbtn' is clicked on

2020-02-18 22:31:42 - [MESSAGE][PASSED] - Call Test Case 'Test Cases/Atlas Platform/OnBoard/Login/LoginWithRootAdmin' successfully

2020-02-18 22:31:42 - [TEST_STEP][PASSED] - click(findTestObject("HeaderMenus/contentmeu")): Object: 'Object Repository/HeaderMenus/contentmeu' is clicked on

2020-02-18 22:31:45 - [MESSAGE][PASSED] - Object: 'Object Repository/HeaderMenus/contentmeu' is clicked on

2020-02-18 22:31:45 - [TEST_STEP][PASSED] - click(findTestObject("Login_Page/Dashboard/Content Sub-Navigation/div_Images")): Object: 'Object Repository/Login_Page/Dashboard/Content Sub-Navigation/div_Images' is clicked on

2020-02-18 22:31:49 - [MESSAGE][PASSED] - Object: 'Object Repository/Login_Page/Dashboard/Content Sub-Navigation/div_Images' is clicked on

2020-02-18 22:31:49 - [TEST_STEP][PASSED] - click(findTestObject("CONTENT/Image_Listing/all_Image_textwithcount")): Object: 'Object Repository/CONTENT/Image_Listing/all_Image_textwithcount' is clicked on

2020-02-18 22:31:50 - [MESSAGE][PASSED] - Object: 'Object Repository/CONTENT/Image_Listing/all_Image_textwithcount' is clicked on

2020-02-18 22:31:50 - [TEST_STEP][PASSED] - setText(findTestObject("CONTENT/Image_Listing/image_search_box"), "image" + ENTER): Text 'ENTER + image' is set on object 'Object Repository/CONTENT/Image_Listing/image_search_box'

2020-02-18 22:31:50 - [MESSAGE][PASSED] - Text 'ENTER + image' is set on object 'Object Repository/CONTENT/Image_Listing/image_search_box'

2020-02-18 22:31:50 - [TEST_STEP][PASSED] - delay(5): Delayed 5 second(s)

2020-02-18 22:31:55 - [MESSAGE][PASSED] - Delayed 5 second(s)

2020-02-18 22:31:55 - [TEST_STEP][PASSED] - text = getText(findTestObject("CONTENT/Image_Listing/showingtextforpagination")): Text of object 'Object Repository/CONTENT/Image_Listing/showingtextforpagination' is: 'Showing 1-10 of 60 Images'

2020-02-18 22:31:56 - [MESSAGE][PASSED] - Text of object 'Object Repository/CONTENT/Image_Listing/showingtextforpagination' is: 'Showing 1-10 of 60 Images'

2020-02-18 22:31:56 - [TEST_STEP][PASSED] - resultfound_count = Integer.parseInt(split(" ")[1].trim()): null

2020-02-18 22:31:56 - [TEST_STEP][PASSED] - elements = findWebElements(findTestObject("CONTENT/Image_Listing/column1_Image_Name_Values"), 0): Timeout '0' is invalid. Using default page load timeout: '230'

2020-02-18 22:31:56 - [MESSAGE][WARNING] - Timeout '0' is invalid. Using default page load timeout: '230'

2020-02-18 22:31:56 - [TEST_STEP][PASSED] - pageValueCount = elements.size(): null

2020-02-18 22:31:56 - [TEST_STEP][PASSED] - if (resultfound_count > 10): null

2020-02-18 22:31:56 - [TEST_STEP][PASSED] - while (resultfound_count != pageValueCount): null

2020-02-18 22:31:56 - [TEST_STEP][PASSED] - click(findTestObject("ROLES/Roles_page/Pagination/front_navigation")): Object: 'Object Repository/ROLES/Roles_page/Pagination/front_navigation' is clicked on

2020-02-18 22:31:57 - [MESSAGE][PASSED] - Object: 'Object Repository/ROLES/Roles_page/Pagination/front_navigation' is clicked on

2020-02-18 22:31:57 - [TEST_STEP][PASSED] - elements = findWebElements(findTestObject("CONTENT/Image_Listing/column1_Image_Name_Values"), 0): Timeout '0' is invalid. Using default page load timeout: '230'

2020-02-18 22:31:57 - [MESSAGE][WARNING] - Timeout '0' is invalid. Using default page load timeout: '230'

2020-02-18 22:31:58 - [TEST_STEP][PASSED] - pageValueCount += elements.size(): null

2020-02-18 22:31:58 - [TEST_STEP][PASSED] - println(pageValueCount): null

2020-02-18 22:31:58 - [TEST_STEP][PASSED] - click(findTestObject("ROLES/Roles_page/Pagination/front_navigation")): Object: 'Object Repository/ROLES/Roles_page/Pagination/front_navigation' is clicked on

2020-02-18 22:31:58 - [MESSAGE][PASSED] - Object: 'Object Repository/ROLES/Roles_page/Pagination/front_navigation' is clicked on

2020-02-18 22:31:58 - [TEST_STEP][PASSED] - elements = findWebElements(findTestObject("CONTENT/Image_Listing/column1_Image_Name_Values"), 0): Timeout '0' is invalid. Using default page load timeout: '230'

2020-02-18 22:31:58 - [MESSAGE][WARNING] - Timeout '0' is invalid. Using default page load timeout: '230'

2020-02-18 22:31:59 - [TEST_STEP][PASSED] - pageValueCount += elements.size(): null

2020-02-18 22:31:59 - [TEST_STEP][PASSED] - println(pageValueCount): null

2020-02-18 22:31:59 - [TEST_STEP][PASSED] - click(findTestObject("ROLES/Roles_page/Pagination/front_navigation")): Object: 'Object Repository/ROLES/Roles_page/Pagination/front_navigation' is clicked on

2020-02-18 22:32:00 - [MESSAGE][PASSED] - Object: 'Object Repository/ROLES/Roles_page/Pagination/front_navigation' is clicked on

2020-02-18 22:32:00 - [TEST_STEP][PASSED] - elements = findWebElements(findTestObject("CONTENT/Image_Listing/column1_Image_Name_Values"), 0): Timeout '0' is invalid. Using default page load timeout: '230'

2020-02-18 22:32:00 - [MESSAGE][WARNING] - Timeout '0' is invalid. Using default page load timeout: '230'

2020-02-18 22:32:00 - [TEST_STEP][PASSED] - pageValueCount += elements.size(): null

2020-02-18 22:32:00 - [TEST_STEP][PASSED] - println(pageValueCount): null

2020-02-18 22:32:00 - [TEST_STEP][PASSED] - click(findTestObject("ROLES/Roles_page/Pagination/front_navigation")): Object: 'Object Repository/ROLES/Roles_page/Pagination/front_navigation' is clicked on

2020-02-18 22:32:01 - [MESSAGE][PASSED] - Object: 'Object Repository/ROLES/Roles_page/Pagination/front_navigation' is clicked on

2020-02-18 22:32:01 - [TEST_STEP][PASSED] - elements = findWebElements(findTestObject("CONTENT/Image_Listing/column1_Image_Name_Values"), 0): Timeout '0' is invalid. Using default page load timeout: '230'

2020-02-18 22:32:01 - [MESSAGE][WARNING] - Timeout '0' is invalid. Using default page load timeout: '230'

2020-02-18 22:32:02 - [TEST_STEP][PASSED] - pageValueCount += elements.size(): null

2020-02-18 22:32:02 - [TEST_STEP][PASSED] - println(pageValueCount): null

2020-02-18 22:32:02 - [TEST_STEP][PASSED] - click(findTestObject("ROLES/Roles_page/Pagination/front_navigation")): Object: 'Object Repository/ROLES/Roles_page/Pagination/front_navigation' is clicked on

2020-02-18 22:32:03 - [MESSAGE][PASSED] - Object: 'Object Repository/ROLES/Roles_page/Pagination/front_navigation' is clicked on

2020-02-18 22:32:03 - [TEST_STEP][PASSED] - elements = findWebElements(findTestObject("CONTENT/Image_Listing/column1_Image_Name_Values"), 0): Timeout '0' is invalid. Using default page load timeout: '230'

2020-02-18 22:32:03 - [MESSAGE][WARNING] - Timeout '0' is invalid. Using default page load timeout: '230'

2020-02-18 22:32:03 - [TEST_STEP][PASSED] - pageValueCount += elements.size(): null

2020-02-18 22:32:03 - [TEST_STEP][PASSED] - println(pageValueCount): null

2020-02-18 22:32:03 - [TEST_STEP][PASSED] - verifyEqual(resultfound_count, pageValueCount): Actual object '60' and expected object '60' are equal

2020-02-18 22:32:03 - [MESSAGE][PASSED] - Actual object '60' and expected object '60' are equal

2020-02-18 22:32:03 - [TEST_STEP][PASSED] - Start listener action : sampleAfterTestCase: null

2020-02-18 22:32:03 - [TEST_STEP][PASSED] - println(testCaseContext.getTestCaseId()): null

2020-02-18 22:32:03 - [TEST_STEP][PASSED] - println(testCaseContext.getTestCaseStatus()): null

2020-02-18 22:32:03 - [TEST_STEP][PASSED] - println("On Failure Method is Calling : " + testCaseContext.getTestCaseStatus()): null

2020-02-18 22:32:04 - [TEST_STEP][PASSED] - if (!(getTestCaseStatus().equalsIgnoreCase("PASSED"))): null]]></system-out>
         <system-err><![CDATA[]]></system-err>
      </testcase>
      <testcase name="Test Cases/Atlas Platform/Content Management/Image Library/TC_003_Verify_Search_ImagePage_With_Invalid_Text" time="10.933" classname="Test Cases/Atlas Platform/Content Management/Image Library/TC_003_Verify_Search_ImagePage_With_Invalid_Text" status="ERROR">
         <error type="ERROR" message="Test Cases/Atlas Platform/Content Management/Image Library/TC_003_Verify_Search_ImagePage_With_Invalid_Text FAILED.
Reason:
groovy.lang.MissingPropertyException: No such property: Keys for class: Script1582035420998
	at TC_003_Verify_Search_ImagePage_With_Invalid_Text.run(TC_003_Verify_Search_ImagePage_With_Invalid_Text:31)
	at com.kms.katalon.core.main.ScriptEngine.run(ScriptEngine.java:194)
	at com.kms.katalon.core.main.ScriptEngine.runScriptAsRawText(ScriptEngine.java:119)
	at com.kms.katalon.core.main.TestCaseExecutor.runScript(TestCaseExecutor.java:337)
	at com.kms.katalon.core.main.TestCaseExecutor.doExecute(TestCaseExecutor.java:328)
	at com.kms.katalon.core.main.TestCaseExecutor.processExecutionPhase(TestCaseExecutor.java:307)
	at com.kms.katalon.core.main.TestCaseExecutor.accessMainPhase(TestCaseExecutor.java:299)
	at com.kms.katalon.core.main.TestCaseExecutor.execute(TestCaseExecutor.java:233)
	at com.kms.katalon.core.main.TestSuiteExecutor.accessTestCaseMainPhase(TestSuiteExecutor.java:169)
	at com.kms.katalon.core.main.TestSuiteExecutor.accessTestSuiteMainPhase(TestSuiteExecutor.java:142)
	at com.kms.katalon.core.main.TestSuiteExecutor.execute(TestSuiteExecutor.java:91)
	at com.kms.katalon.core.main.TestCaseMain.startTestSuite(TestCaseMain.java:157)
	at com.kms.katalon.core.main.TestCaseMain$startTestSuite$0.call(Unknown Source)
	at TempTestSuite1582045204994.run(TempTestSuite1582045204994.groovy:36)
"/>
         <system-out><![CDATA[2020-02-18 22:32:06 - [TEST_CASE][ERROR] - Test Cases/Atlas Platform/Content Management/Image Library/TC_003_Verify_Search_ImagePage_With_Invalid_Text: Test Cases/Atlas Platform/Content Management/Image Library/TC_003_Verify_Search_ImagePage_With_Invalid_Text FAILED.
Reason:
groovy.lang.MissingPropertyException: No such property: Keys for class: Script1582035420998
	at TC_003_Verify_Search_ImagePage_With_Invalid_Text.run(TC_003_Verify_Search_ImagePage_With_Invalid_Text:31)
	at com.kms.katalon.core.main.ScriptEngine.run(ScriptEngine.java:194)
	at com.kms.katalon.core.main.ScriptEngine.runScriptAsRawText(ScriptEngine.java:119)
	at com.kms.katalon.core.main.TestCaseExecutor.runScript(TestCaseExecutor.java:337)
	at com.kms.katalon.core.main.TestCaseExecutor.doExecute(TestCaseExecutor.java:328)
	at com.kms.katalon.core.main.TestCaseExecutor.processExecutionPhase(TestCaseExecutor.java:307)
	at com.kms.katalon.core.main.TestCaseExecutor.accessMainPhase(TestCaseExecutor.java:299)
	at com.kms.katalon.core.main.TestCaseExecutor.execute(TestCaseExecutor.java:233)
	at com.kms.katalon.core.main.TestSuiteExecutor.accessTestCaseMainPhase(TestSuiteExecutor.java:169)
	at com.kms.katalon.core.main.TestSuiteExecutor.accessTestSuiteMainPhase(TestSuiteExecutor.java:142)
	at com.kms.katalon.core.main.TestSuiteExecutor.execute(TestSuiteExecutor.java:91)
	at com.kms.katalon.core.main.TestCaseMain.startTestSuite(TestCaseMain.java:157)
	at com.kms.katalon.core.main.TestCaseMain$startTestSuite$0.call(Unknown Source)
	at TempTestSuite1582045204994.run(TempTestSuite1582045204994.groovy:36)


2020-02-18 22:32:06 - [TEST_STEP][NOT_RUN] - callTestCase(findTestCase("Atlas Platform/OnBoard/Login/LoginWithRootAdmin"), ["user_Email":"navaraj@totient.co.in", "user_Password":"Totient@123"], CONTINUE_ON_FAILURE): NOT_RUN: callTestCase(findTestCase("Atlas Platform/OnBoard/Login/LoginWithRootAdmin"), ["user_Email":"navaraj@totient.co.in", "user_Password":"Totient@123"], CONTINUE_ON_FAILURE)

2020-02-18 22:32:06 - [MESSAGE][NOT_RUN] - NOT_RUN: callTestCase(findTestCase("Atlas Platform/OnBoard/Login/LoginWithRootAdmin"), ["user_Email":"navaraj@totient.co.in", "user_Password":"Totient@123"], CONTINUE_ON_FAILURE)

2020-02-18 22:32:06 - [TEST_STEP][PASSED] - click(findTestObject("HeaderMenus/contentmeu")): Object: 'Object Repository/HeaderMenus/contentmeu' is clicked on

2020-02-18 22:32:07 - [MESSAGE][PASSED] - Object: 'Object Repository/HeaderMenus/contentmeu' is clicked on

2020-02-18 22:32:07 - [TEST_STEP][PASSED] - click(findTestObject("Login_Page/Dashboard/Content Sub-Navigation/div_Images")): Object: 'Object Repository/Login_Page/Dashboard/Content Sub-Navigation/div_Images' is clicked on

2020-02-18 22:32:08 - [MESSAGE][PASSED] - Object: 'Object Repository/Login_Page/Dashboard/Content Sub-Navigation/div_Images' is clicked on

2020-02-18 22:32:08 - [TEST_STEP][PASSED] - click(findTestObject("CONTENT/Image_Listing/all_Image_textwithcount")): Object: 'Object Repository/CONTENT/Image_Listing/all_Image_textwithcount' is clicked on

2020-02-18 22:32:08 - [MESSAGE][PASSED] - Object: 'Object Repository/CONTENT/Image_Listing/all_Image_textwithcount' is clicked on

2020-02-18 22:32:08 - [TEST_STEP][PASSED] - clearText(findTestObject("CONTENT/Image_Listing/image_search_box")): Text of object 'Object Repository/CONTENT/Image_Listing/image_search_box' is cleared

2020-02-18 22:32:09 - [MESSAGE][PASSED] - Text of object 'Object Repository/CONTENT/Image_Listing/image_search_box' is cleared

2020-02-18 22:32:09 - [TEST_STEP][PASSED] - delay(5): Delayed 5 second(s)

2020-02-18 22:32:14 - [MESSAGE][PASSED] - Delayed 5 second(s)

2020-02-18 22:32:14 - [TEST_STEP][PASSED] - setText(findTestObject("CONTENT/Image_Listing/image_search_box"), "aaaaa" + ENTER): null

2020-02-18 22:32:14 - [TEST_STEP][PASSED] - Start listener action : sampleAfterTestCase: Taking screenshot successfully

2020-02-18 22:32:14 - [TEST_STEP][PASSED] - println(testCaseContext.getTestCaseId()): null

2020-02-18 22:32:14 - [TEST_STEP][PASSED] - println(testCaseContext.getTestCaseStatus()): null

2020-02-18 22:32:14 - [TEST_STEP][PASSED] - println("On Failure Method is Calling : " + testCaseContext.getTestCaseStatus()): null

2020-02-18 22:32:14 - [TEST_STEP][PASSED] - if (!(getTestCaseStatus().equalsIgnoreCase("PASSED"))): Taking screenshot successfully

2020-02-18 22:32:15 - [MESSAGE][PASSED] - Taking screenshot successfully
[[ATTACHMENT|D:\\TestDataForSampleProject\\test1.jpg]]

2020-02-18 22:32:17 - [TEST_STEP][PASSED] - Video: Video recording for test case 'Test Cases/Atlas Platform/Content Management/Image Library/TC_003_Verify_Search_ImagePage_With_Invalid_Text' .

2020-02-18 22:32:17 - [MESSAGE][INFO] - Video recording for test case 'Test Cases/Atlas Platform/Content Management/Image Library/TC_003_Verify_Search_ImagePage_With_Invalid_Text' .
[[ATTACHMENT|C:\\Users\\Dell\\git\\GSMProject\\Reports\\20200218_223004\\CONTENT\\Images\\20200218_223004/videos\\test_4.avi]]]]></system-out>
         <system-err><![CDATA[2020-02-18 22:32:06 - [TEST_CASE][ERROR] - Test Cases/Atlas Platform/Content Management/Image Library/TC_003_Verify_Search_ImagePage_With_Invalid_Text: Test Cases/Atlas Platform/Content Management/Image Library/TC_003_Verify_Search_ImagePage_With_Invalid_Text FAILED.
Reason:
groovy.lang.MissingPropertyException: No such property: Keys for class: Script1582035420998
	at TC_003_Verify_Search_ImagePage_With_Invalid_Text.run(TC_003_Verify_Search_ImagePage_With_Invalid_Text:31)
	at com.kms.katalon.core.main.ScriptEngine.run(ScriptEngine.java:194)
	at com.kms.katalon.core.main.ScriptEngine.runScriptAsRawText(ScriptEngine.java:119)
	at com.kms.katalon.core.main.TestCaseExecutor.runScript(TestCaseExecutor.java:337)
	at com.kms.katalon.core.main.TestCaseExecutor.doExecute(TestCaseExecutor.java:328)
	at com.kms.katalon.core.main.TestCaseExecutor.processExecutionPhase(TestCaseExecutor.java:307)
	at com.kms.katalon.core.main.TestCaseExecutor.accessMainPhase(TestCaseExecutor.java:299)
	at com.kms.katalon.core.main.TestCaseExecutor.execute(TestCaseExecutor.java:233)
	at com.kms.katalon.core.main.TestSuiteExecutor.accessTestCaseMainPhase(TestSuiteExecutor.java:169)
	at com.kms.katalon.core.main.TestSuiteExecutor.accessTestSuiteMainPhase(TestSuiteExecutor.java:142)
	at com.kms.katalon.core.main.TestSuiteExecutor.execute(TestSuiteExecutor.java:91)
	at com.kms.katalon.core.main.TestCaseMain.startTestSuite(TestCaseMain.java:157)
	at com.kms.katalon.core.main.TestCaseMain$startTestSuite$0.call(Unknown Source)
	at TempTestSuite1582045204994.run(TempTestSuite1582045204994.groovy:36)]]></system-err>
      </testcase>
      <testcase name="Test Cases/Atlas Platform/Content Management/Image Library/TC_004_Validate_Upload_Image_Page" time="48.26" classname="Test Cases/Atlas Platform/Content Management/Image Library/TC_004_Validate_Upload_Image_Page" status="PASSED">
         <system-out><![CDATA[2020-02-18 22:32:17 - [TEST_CASE][PASSED] - Test Cases/Atlas Platform/Content Management/Image Library/TC_004_Validate_Upload_Image_Page: Test Cases/Atlas Platform/Content Management/Image Library/TC_004_Validate_Upload_Image_Page

2020-02-18 22:32:17 - [TEST_STEP][PASSED] - callTestCase(findTestCase("Atlas Platform/OnBoard/Login/LoginWithRootAdmin"), ["user_Email":"navaraj@totient.co.in", "user_Password":"Totient@123"], CONTINUE_ON_FAILURE): Call Test Case 'Test Cases/Atlas Platform/OnBoard/Login/LoginWithRootAdmin' successfully

2020-02-18 22:32:17 - [TEST_CASE][PASSED] - Test Cases/Atlas Platform/OnBoard/Login/LoginWithRootAdmin: Test Cases/Atlas Platform/OnBoard/Login/LoginWithRootAdmin

2020-02-18 22:32:17 - [TEST_STEP][PASSED] - openBrowser(""): Browser is opened with url: ''

2020-02-18 22:32:17 - [MESSAGE][WARNING] - A browser is already opened. Closing browser and opening a new one

2020-02-18 22:32:20 - [MESSAGE][INFO] - Starting 'Firefox' driver

2020-02-18 22:32:25 - [MESSAGE][PASSED] - Browser is opened with url: ''

2020-02-18 22:32:25 - [TEST_STEP][NOT_RUN] - callTestCase(findTestCase("Atlas Platform/OnBoard/SwictherDBValidation/TC_100_ForSecurityURLSAcceptance"), [:], CONTINUE_ON_FAILURE): NOT_RUN: callTestCase(findTestCase("Atlas Platform/OnBoard/SwictherDBValidation/TC_100_ForSecurityURLSAcceptance"), [:], CONTINUE_ON_FAILURE)

2020-02-18 22:32:25 - [MESSAGE][NOT_RUN] - NOT_RUN: callTestCase(findTestCase("Atlas Platform/OnBoard/SwictherDBValidation/TC_100_ForSecurityURLSAcceptance"), [:], CONTINUE_ON_FAILURE)

2020-02-18 22:32:25 - [TEST_STEP][PASSED] - navigateToUrl("https://atlas-dev.gsm.auto/"): Navigate to 'https://atlas-dev.gsm.auto/' successfully

2020-02-18 22:32:31 - [MESSAGE][PASSED] - Navigate to 'https://atlas-dev.gsm.auto/' successfully

2020-02-18 22:32:31 - [TEST_STEP][PASSED] - setText(findTestObject("Object Repository/LoginPage/loginpageemailtxtbox"), user_Email): Text 'navaraj@totient.co.in' is set on object 'Object Repository/LoginPage/loginpageemailtxtbox'

2020-02-18 22:32:32 - [MESSAGE][PASSED] - Text 'navaraj@totient.co.in' is set on object 'Object Repository/LoginPage/loginpageemailtxtbox'

2020-02-18 22:32:32 - [TEST_STEP][PASSED] - setText(findTestObject("Object Repository/LoginPage/loginpaepasswordtxtbox"), user_Password): Text 'Totient@123' is set on object 'Object Repository/LoginPage/loginpaepasswordtxtbox'

2020-02-18 22:32:33 - [MESSAGE][PASSED] - Text 'Totient@123' is set on object 'Object Repository/LoginPage/loginpaepasswordtxtbox'

2020-02-18 22:32:33 - [TEST_STEP][PASSED] - click(findTestObject("LoginPage/loginpageloginbtn")): Object: 'Object Repository/LoginPage/loginpageloginbtn' is clicked on

2020-02-18 22:32:33 - [MESSAGE][PASSED] - Object: 'Object Repository/LoginPage/loginpageloginbtn' is clicked on

2020-02-18 22:32:33 - [MESSAGE][PASSED] - Call Test Case 'Test Cases/Atlas Platform/OnBoard/Login/LoginWithRootAdmin' successfully

2020-02-18 22:32:33 - [TEST_STEP][PASSED] - click(findTestObject("HeaderMenus/contentmeu")): Object: 'Object Repository/HeaderMenus/contentmeu' is clicked on

2020-02-18 22:32:36 - [MESSAGE][PASSED] - Object: 'Object Repository/HeaderMenus/contentmeu' is clicked on

2020-02-18 22:32:36 - [TEST_STEP][PASSED] - click(findTestObject("Login_Page/Dashboard/Content Sub-Navigation/div_Images")): Object: 'Object Repository/Login_Page/Dashboard/Content Sub-Navigation/div_Images' is clicked on

2020-02-18 22:32:38 - [MESSAGE][PASSED] - Object: 'Object Repository/Login_Page/Dashboard/Content Sub-Navigation/div_Images' is clicked on

2020-02-18 22:32:38 - [TEST_STEP][PASSED] - delay(5): Delayed 5 second(s)

2020-02-18 22:32:43 - [MESSAGE][PASSED] - Delayed 5 second(s)

2020-02-18 22:32:43 - [TEST_STEP][PASSED] - click(findTestObject("CONTENT/Image_Listing/upload_image_button")): Object: 'Object Repository/CONTENT/Image_Listing/upload_image_button' is clicked on

2020-02-18 22:32:44 - [MESSAGE][PASSED] - Object: 'Object Repository/CONTENT/Image_Listing/upload_image_button' is clicked on

2020-02-18 22:32:44 - [TEST_STEP][PASSED] - verifyElementText(findTestObject("CONTENT/Upload_Images/h1_Upload Images_Header_Text"), "Upload Images"): Actual text and expected text of test object 'Object Repository/CONTENT/Upload_Images/h1_Upload Images_Header_Text' are matched.

2020-02-18 22:32:44 - [MESSAGE][PASSED] - Actual text and expected text of test object 'Object Repository/CONTENT/Upload_Images/h1_Upload Images_Header_Text' are matched.

2020-02-18 22:32:44 - [TEST_STEP][PASSED] - img_name = web.CustomKeyword.getRandomName("Automation"): web.CustomKeyword.getRandomName is PASSED

2020-02-18 22:32:44 - [MESSAGE][PASSED] - web.CustomKeyword.getRandomName is PASSED

2020-02-18 22:32:44 - [TEST_STEP][PASSED] - print(img_name): null

2020-02-18 22:32:44 - [TEST_STEP][PASSED] - setText(findTestObject("CONTENT/Upload_Images/input_Image Name"), img_name): Text 'Automation714' is set on object 'Object Repository/CONTENT/Upload_Images/input_Image Name'

2020-02-18 22:32:46 - [MESSAGE][PASSED] - Text 'Automation714' is set on object 'Object Repository/CONTENT/Upload_Images/input_Image Name'

2020-02-18 22:32:46 - [TEST_STEP][PASSED] - click(findTestObject("CONTENT/Upload_Images/button_Add Description")): Object: 'Object Repository/CONTENT/Upload_Images/button_Add Description' is clicked on

2020-02-18 22:32:47 - [MESSAGE][PASSED] - Object: 'Object Repository/CONTENT/Upload_Images/button_Add Description' is clicked on

2020-02-18 22:32:47 - [TEST_STEP][PASSED] - setText(findTestObject("CONTENT/Upload_Images/textarea_Description_description"), web.CustomKeyword.getRandomString()): Text 'wdpkQidpoHKpzdagOvhiXKkthLLVlkuRsBcfJZEJvBqBBLFcJDJGOyyfObzqDvnHVCqWbzoMMkyQRHtwDQCQpYWlMTHHDXovESQG' is set on object 'Object Repository/CONTENT/Upload_Images/textarea_Description_description'

2020-02-18 22:32:47 - [MESSAGE][PASSED] - web.CustomKeyword.getRandomString is PASSED

2020-02-18 22:32:53 - [MESSAGE][PASSED] - Text 'wdpkQidpoHKpzdagOvhiXKkthLLVlkuRsBcfJZEJvBqBBLFcJDJGOyyfObzqDvnHVCqWbzoMMkyQRHtwDQCQpYWlMTHHDXovESQG' is set on object 'Object Repository/CONTENT/Upload_Images/textarea_Description_description'

2020-02-18 22:32:53 - [TEST_STEP][NOT_RUN] - click(findTestObject("CONTENT/Upload_Images/label_Select Files")): NOT_RUN: click(findTestObject("CONTENT/Upload_Images/label_Select Files"))

2020-02-18 22:32:53 - [MESSAGE][NOT_RUN] - NOT_RUN: click(findTestObject("CONTENT/Upload_Images/label_Select Files"))

2020-02-18 22:32:53 - [TEST_STEP][PASSED] - dr = getWebDriver(): null

2020-02-18 22:32:53 - [TEST_STEP][PASSED] - listofFileUpload = findWebElements(findTestObject("CONTENT/Upload_Images/label_Select Files"), 0): Timeout '0' is invalid. Using default page load timeout: '230'

2020-02-18 22:32:53 - [MESSAGE][WARNING] - Timeout '0' is invalid. Using default page load timeout: '230'

2020-02-18 22:32:54 - [TEST_STEP][PASSED] - for ([i = 0, i < listofFileUpload.size(), (i++)]): null

2020-02-18 22:32:54 - [TEST_STEP][PASSED] - id = get(i).getAttribute("id"): null

2020-02-18 22:32:54 - [TEST_STEP][PASSED] - ele = dr.findElement(By.id(id)): null

2020-02-18 22:32:54 - [TEST_STEP][PASSED] - ele.sendKeys(System.getProperty("user.dir") + "\Test Files\img" + i + 1 + ".jpg"): null

2020-02-18 22:32:54 - [TEST_STEP][PASSED] - id = get(i).getAttribute("id"): null

2020-02-18 22:32:54 - [TEST_STEP][PASSED] - ele = dr.findElement(By.id(id)): null

2020-02-18 22:32:55 - [TEST_STEP][PASSED] - ele.sendKeys(System.getProperty("user.dir") + "\Test Files\img" + i + 1 + ".jpg"): null

2020-02-18 22:32:55 - [TEST_STEP][PASSED] - id = get(i).getAttribute("id"): null

2020-02-18 22:32:55 - [TEST_STEP][PASSED] - ele = dr.findElement(By.id(id)): null

2020-02-18 22:32:56 - [TEST_STEP][PASSED] - ele.sendKeys(System.getProperty("user.dir") + "\Test Files\img" + i + 1 + ".jpg"): null

2020-02-18 22:32:56 - [TEST_STEP][PASSED] - verifyElementText(findTestObject("CONTENT/Upload_Images/label_Replace"), "Replace"): Actual text and expected text of test object 'Object Repository/CONTENT/Upload_Images/label_Replace' are matched.

2020-02-18 22:32:56 - [MESSAGE][PASSED] - Actual text and expected text of test object 'Object Repository/CONTENT/Upload_Images/label_Replace' are matched.

2020-02-18 22:32:56 - [TEST_STEP][PASSED] - click(findTestObject("CONTENT/Upload_Images/language_DropDown")): Object: 'Object Repository/CONTENT/Upload_Images/language_DropDown' is clicked on

2020-02-18 22:32:57 - [MESSAGE][PASSED] - Object: 'Object Repository/CONTENT/Upload_Images/language_DropDown' is clicked on

2020-02-18 22:32:57 - [TEST_STEP][PASSED] - dropdownlist = findWebElements(findTestObject("CONTENT/Upload_Images/Select_Language_Options"), 0): Timeout '0' is invalid. Using default page load timeout: '230'

2020-02-18 22:32:57 - [MESSAGE][WARNING] - Timeout '0' is invalid. Using default page load timeout: '230'

2020-02-18 22:32:57 - [TEST_STEP][PASSED] - web.CustomKeyword.selectDropDownValue(dropdownlist, "English"): web.CustomKeyword.selectDropDownValue is PASSED

2020-02-18 22:32:58 - [MESSAGE][PASSED] - web.CustomKeyword.selectDropDownValue is PASSED

2020-02-18 22:32:58 - [TEST_STEP][PASSED] - radiobuttonsforMarketing = findWebElements(findTestObject("CONTENT/Upload_Images/maketing_categories"), 0): Timeout '0' is invalid. Using default page load timeout: '230'

2020-02-18 22:32:58 - [MESSAGE][WARNING] - Timeout '0' is invalid. Using default page load timeout: '230'

2020-02-18 22:32:58 - [TEST_STEP][PASSED] - web.CustomKeyword.selectDropDownValue(radiobuttonsforMarketing, "Milestone"): web.CustomKeyword.selectDropDownValue is PASSED

2020-02-18 22:32:59 - [MESSAGE][PASSED] - web.CustomKeyword.selectDropDownValue is PASSED

2020-02-18 22:32:59 - [TEST_STEP][PASSED] - click(findTestObject("CONTENT/Upload_Images/button_Upload")): Object: 'Object Repository/CONTENT/Upload_Images/button_Upload' is clicked on

2020-02-18 22:32:59 - [MESSAGE][PASSED] - Object: 'Object Repository/CONTENT/Upload_Images/button_Upload' is clicked on

2020-02-18 22:32:59 - [TEST_STEP][PASSED] - waitForElementPresent(findTestObject("CONTENT/Image_Listing/all_Image_textwithcount"), 10): Object 'Object Repository/CONTENT/Image_Listing/all_Image_textwithcount' is present

2020-02-18 22:33:02 - [MESSAGE][PASSED] - Object 'Object Repository/CONTENT/Image_Listing/all_Image_textwithcount' is present

2020-02-18 22:33:02 - [TEST_STEP][PASSED] - lisOFImagename = findWebElements(findTestObject("CONTENT/Image_Listing/colum1_Image_Name_values"), 0): Timeout '0' is invalid. Using default page load timeout: '230'

2020-02-18 22:33:02 - [MESSAGE][WARNING] - Timeout '0' is invalid. Using default page load timeout: '230'

2020-02-18 22:33:02 - [TEST_STEP][PASSED] - isUpload = web.CustomKeyword.selectDropDownValue(lisOFImagename, img_name): web.CustomKeyword.selectDropDownValue is PASSED

2020-02-18 22:33:03 - [MESSAGE][PASSED] - web.CustomKeyword.selectDropDownValue is PASSED

2020-02-18 22:33:03 - [TEST_STEP][PASSED] - verifyEqual(isUpload, true): Actual object 'true' and expected object 'true' are equal

2020-02-18 22:33:03 - [MESSAGE][PASSED] - Actual object 'true' and expected object 'true' are equal

2020-02-18 22:33:03 - [TEST_STEP][PASSED] - Start listener action : sampleAfterTestCase: null

2020-02-18 22:33:03 - [TEST_STEP][PASSED] - println(testCaseContext.getTestCaseId()): null

2020-02-18 22:33:03 - [TEST_STEP][PASSED] - println(testCaseContext.getTestCaseStatus()): null

2020-02-18 22:33:03 - [TEST_STEP][PASSED] - println("On Failure Method is Calling : " + testCaseContext.getTestCaseStatus()): null

2020-02-18 22:33:03 - [TEST_STEP][PASSED] - if (!(getTestCaseStatus().equalsIgnoreCase("PASSED"))): null]]></system-out>
         <system-err><![CDATA[]]></system-err>
      </testcase>
      <testcase name="Test Cases/Atlas Platform/OnBoard/Swicther/TC_099_Close_Common_Browser" time="5.029" classname="Test Cases/Atlas Platform/OnBoard/Swicther/TC_099_Close_Common_Browser" status="PASSED">
         <system-out><![CDATA[2020-02-18 22:33:05 - [TEST_CASE][PASSED] - Test Cases/Atlas Platform/OnBoard/Swicther/TC_099_Close_Common_Browser: Test Cases/Atlas Platform/OnBoard/Swicther/TC_099_Close_Common_Browser

2020-02-18 22:33:05 - [TEST_STEP][PASSED] - closeBrowser(): Browser is closed

2020-02-18 22:33:08 - [MESSAGE][PASSED] - Browser is closed

2020-02-18 22:33:08 - [TEST_STEP][PASSED] - Start listener action : sampleAfterTestCase: null

2020-02-18 22:33:08 - [TEST_STEP][PASSED] - println(testCaseContext.getTestCaseId()): null

2020-02-18 22:33:08 - [TEST_STEP][PASSED] - println(testCaseContext.getTestCaseStatus()): null

2020-02-18 22:33:08 - [TEST_STEP][PASSED] - println("On Failure Method is Calling : " + testCaseContext.getTestCaseStatus()): null

2020-02-18 22:33:08 - [TEST_STEP][PASSED] - if (!(getTestCaseStatus().equalsIgnoreCase("PASSED"))): null]]></system-out>
         <system-err><![CDATA[]]></system-err>
      </testcase>
      <system-out><![CDATA[2020-02-18 22:30:16 - [TEST_SUITE][ERROR] - Images: Test Cases/Atlas Platform/Content Management/Image Library/TC_003_Verify_Search_ImagePage_With_Invalid_Text FAILED.
Reason:
groovy.lang.MissingPropertyException: No such property: Keys for class: Script1582035420998
	at TC_003_Verify_Search_ImagePage_With_Invalid_Text.run(TC_003_Verify_Search_ImagePage_With_Invalid_Text:31)
	at com.kms.katalon.core.main.ScriptEngine.run(ScriptEngine.java:194)
	at com.kms.katalon.core.main.ScriptEngine.runScriptAsRawText(ScriptEngine.java:119)
	at com.kms.katalon.core.main.TestCaseExecutor.runScript(TestCaseExecutor.java:337)
	at com.kms.katalon.core.main.TestCaseExecutor.doExecute(TestCaseExecutor.java:328)
	at com.kms.katalon.core.main.TestCaseExecutor.processExecutionPhase(TestCaseExecutor.java:307)
	at com.kms.katalon.core.main.TestCaseExecutor.accessMainPhase(TestCaseExecutor.java:299)
	at com.kms.katalon.core.main.TestCaseExecutor.execute(TestCaseExecutor.java:233)
	at com.kms.katalon.core.main.TestSuiteExecutor.accessTestCaseMainPhase(TestSuiteExecutor.java:169)
	at com.kms.katalon.core.main.TestSuiteExecutor.accessTestSuiteMainPhase(TestSuiteExecutor.java:142)
	at com.kms.katalon.core.main.TestSuiteExecutor.execute(TestSuiteExecutor.java:91)
	at com.kms.katalon.core.main.TestCaseMain.startTestSuite(TestCaseMain.java:157)
	at com.kms.katalon.core.main.TestCaseMain$startTestSuite$0.call(Unknown Source)
	at TempTestSuite1582045204994.run(TempTestSuite1582045204994.groovy:36)]]></system-out>
      <system-err><![CDATA[2020-02-18 22:30:16 - [TEST_SUITE][ERROR] - Images: Test Cases/Atlas Platform/Content Management/Image Library/TC_003_Verify_Search_ImagePage_With_Invalid_Text FAILED.
Reason:
groovy.lang.MissingPropertyException: No such property: Keys for class: Script1582035420998
	at TC_003_Verify_Search_ImagePage_With_Invalid_Text.run(TC_003_Verify_Search_ImagePage_With_Invalid_Text:31)
	at com.kms.katalon.core.main.ScriptEngine.run(ScriptEngine.java:194)
	at com.kms.katalon.core.main.ScriptEngine.runScriptAsRawText(ScriptEngine.java:119)
	at com.kms.katalon.core.main.TestCaseExecutor.runScript(TestCaseExecutor.java:337)
	at com.kms.katalon.core.main.TestCaseExecutor.doExecute(TestCaseExecutor.java:328)
	at com.kms.katalon.core.main.TestCaseExecutor.processExecutionPhase(TestCaseExecutor.java:307)
	at com.kms.katalon.core.main.TestCaseExecutor.accessMainPhase(TestCaseExecutor.java:299)
	at com.kms.katalon.core.main.TestCaseExecutor.execute(TestCaseExecutor.java:233)
	at com.kms.katalon.core.main.TestSuiteExecutor.accessTestCaseMainPhase(TestSuiteExecutor.java:169)
	at com.kms.katalon.core.main.TestSuiteExecutor.accessTestSuiteMainPhase(TestSuiteExecutor.java:142)
	at com.kms.katalon.core.main.TestSuiteExecutor.execute(TestSuiteExecutor.java:91)
	at com.kms.katalon.core.main.TestCaseMain.startTestSuite(TestCaseMain.java:157)
	at com.kms.katalon.core.main.TestCaseMain$startTestSuite$0.call(Unknown Source)
	at TempTestSuite1582045204994.run(TempTestSuite1582045204994.groovy:36)]]></system-err>
   </testsuite>
</testsuites>
