<?xml version="1.0" encoding="UTF-8"?>
<testsuites name="Roles (Sanity)" time="75.929" tests="4" failures="0" errors="0">
   <testsuite name="Roles (Sanity)" tests="4" failures="0" errors="0" time="75.929" timestamp="2020-02-19 12:34:30" hostname="Dell - DESKTOP-8FKLJ50" id="Test Suites/ROLES/Roles (Sanity)">
      <properties>
         <property name="deviceName" value=""/>
         <property name="devicePlatform" value=""/>
         <property name="logFolder" value="C:\\Users\\Dell\\git\\GSMProject\\Reports\\20200219_123416\\ROLES\\Roles (Sanity)\\20200219_123416"/>
         <property name="logFiles" value="C:\\Users\\Dell\\git\\GSMProject\\Reports\\20200219_123416\\ROLES\\Roles (Sanity)\\20200219_123416\\execution0.log"/>
         <property name="attachments" value=""/>
         <property name="hostName" value="Dell - DESKTOP-8FKLJ50"/>
         <property name="os" value="Windows 10 64bit"/>
         <property name="katalonVersion" value="7.2.1.1"/>
         <property name="browser" value="Chrome 80.0.3987.116"/>
         <property name="hostAddress" value="10.0.75.1"/>
         <property name="sessionId" value="21ce9979ac89b1ee60f2d9068b506cd3"/>
         <property name="seleniumVersion" value="3.141.59"/>
         <property name="proxyInformation" value="ProxyInformation{proxyOption=NO_PROXY, proxyServerType=HTTP, password=, proxyServerAddress=, proxyServerPort=0, executionList=}"/>
         <property name="platform" value="Windows 10"/>
      </properties>
      <testcase name="Test Cases/Atlas Platform/Configuration Management/Platform Management/ROLES/Create Role/Create a Role" time="52.817" classname="Test Cases/Atlas Platform/Configuration Management/Platform Management/ROLES/Create Role/Create a Role" status="PASSED">
         <system-out><![CDATA[2020-02-19 12:34:30 - [TEST_CASE][PASSED] - Test Cases/Atlas Platform/Configuration Management/Platform Management/ROLES/Create Role/Create a Role: Test Cases/Atlas Platform/Configuration Management/Platform Management/ROLES/Create Role/Create a Role

2020-02-19 12:34:31 - [TEST_STEP][PASSED] - callTestCase(findTestCase("Atlas Platform/Platform Navigation/Login/Default Logins/Default_Login_as_Root Admin"), ["Email":findTestData("AMP_Y").getValue(1, 1), "Password":findTestData("AMP_Y").getValue(2, 1), "dashboard_exp_title":""], CONTINUE_ON_FAILURE): Call Test Case 'Test Cases/Atlas Platform/Platform Navigation/Login/Default Logins/Default_Login_as_Root Admin' successfully

2020-02-19 12:34:33 - [TEST_CASE][PASSED] - Test Cases/Atlas Platform/Platform Navigation/Login/Default Logins/Default_Login_as_Root Admin: Test Cases/Atlas Platform/Platform Navigation/Login/Default Logins/Default_Login_as_Root Admin

2020-02-19 12:34:34 - [TEST_STEP][NOT_RUN] - openBrowser(""): NOT_RUN: openBrowser("")

2020-02-19 12:34:34 - [MESSAGE][NOT_RUN] - NOT_RUN: openBrowser("")

2020-02-19 12:34:34 - [TEST_STEP][PASSED] - callTestCase(findTestCase("Atlas Platform/OnBoard/SwictherDBValidation/TC_100_ForSecurityURLSAcceptance"), [:], CONTINUE_ON_FAILURE): Call Test Case 'Test Cases/Atlas Platform/OnBoard/SwictherDBValidation/TC_100_ForSecurityURLSAcceptance' successfully

2020-02-19 12:34:34 - [TEST_CASE][PASSED] - Test Cases/Atlas Platform/OnBoard/SwictherDBValidation/TC_100_ForSecurityURLSAcceptance: Test Cases/Atlas Platform/OnBoard/SwictherDBValidation/TC_100_ForSecurityURLSAcceptance

2020-02-19 12:34:35 - [TEST_STEP][PASSED] - openBrowser(""): Browser is opened with url: ''

2020-02-19 12:34:35 - [MESSAGE][INFO] - Starting 'Chrome' driver

2020-02-19 12:34:35 - [MESSAGE][INFO] - User set preference: ['args', '[--start-maximized, --disable-web-security, --no-proxy-server]']

2020-02-19 12:34:35 - [MESSAGE][INFO] - User set preference: ['prefs', '{credentials_enable_service=false, profile.password_manager_enabled=false}']

2020-02-19 12:34:35 - [MESSAGE][INFO] - Action delay is set to 0 seconds

2020-02-19 12:34:43 - [MESSAGE][PASSED] - Browser is opened with url: ''

2020-02-19 12:34:43 - [TEST_STEP][PASSED] - navigateToUrl("https://ec2-3-133-54-242.us-east-2.compute.amazonaws.com:9092/services/message/api/programs"): Navigate to 'https://ec2-3-133-54-242.us-east-2.compute.amazonaws.com:9092/services/message/api/programs' successfully

2020-02-19 12:34:44 - [MESSAGE][PASSED] - Navigate to 'https://ec2-3-133-54-242.us-east-2.compute.amazonaws.com:9092/services/message/api/programs' successfully

2020-02-19 12:34:44 - [TEST_STEP][PASSED] - click(findTestObject("LoginPage/httpAdvanceBtn")): Object: 'Object Repository/LoginPage/httpAdvanceBtn' is clicked on

2020-02-19 12:34:44 - [MESSAGE][PASSED] - Object: 'Object Repository/LoginPage/httpAdvanceBtn' is clicked on

2020-02-19 12:34:44 - [TEST_STEP][PASSED] - click(findTestObject("LoginPage/httpsproceedlink")): Object: 'Object Repository/LoginPage/httpsproceedlink' is clicked on

2020-02-19 12:34:47 - [MESSAGE][PASSED] - Object: 'Object Repository/LoginPage/httpsproceedlink' is clicked on

2020-02-19 12:34:47 - [TEST_STEP][PASSED] - navigateToUrl("https://3.19.246.255:9090/services/configuration/api/authenticate"): Navigate to 'https://3.19.246.255:9090/services/configuration/api/authenticate' successfully

2020-02-19 12:34:51 - [MESSAGE][PASSED] - Navigate to 'https://3.19.246.255:9090/services/configuration/api/authenticate' successfully

2020-02-19 12:34:51 - [TEST_STEP][PASSED] - click(findTestObject("LoginPage/httpAdvanceBtn")): Object: 'Object Repository/LoginPage/httpAdvanceBtn' is clicked on

2020-02-19 12:34:51 - [MESSAGE][PASSED] - Object: 'Object Repository/LoginPage/httpAdvanceBtn' is clicked on

2020-02-19 12:34:51 - [TEST_STEP][PASSED] - click(findTestObject("LoginPage/httpsproceedlink")): Object: 'Object Repository/LoginPage/httpsproceedlink' is clicked on

2020-02-19 12:34:53 - [MESSAGE][PASSED] - Object: 'Object Repository/LoginPage/httpsproceedlink' is clicked on

2020-02-19 12:34:53 - [TEST_STEP][PASSED] - navigateToUrl("https://ec2-3-133-54-242.us-east-2.compute.amazonaws.com:8080/services/data/api/data-sources?search=Repair&filters=ACTIVE&page=0&size=20&sort=accountId,DESC"): Navigate to 'https://ec2-3-133-54-242.us-east-2.compute.amazonaws.com:8080/services/data/api/data-sources?search=Repair&filters=ACTIVE&page=0&size=20&sort=accountId,DESC' successfully

2020-02-19 12:34:57 - [MESSAGE][PASSED] - Navigate to 'https://ec2-3-133-54-242.us-east-2.compute.amazonaws.com:8080/services/data/api/data-sources?search=Repair&filters=ACTIVE&page=0&size=20&sort=accountId,DESC' successfully

2020-02-19 12:34:57 - [TEST_STEP][PASSED] - click(findTestObject("LoginPage/httpAdvanceBtn")): Object: 'Object Repository/LoginPage/httpAdvanceBtn' is clicked on

2020-02-19 12:34:57 - [MESSAGE][PASSED] - Object: 'Object Repository/LoginPage/httpAdvanceBtn' is clicked on

2020-02-19 12:34:57 - [TEST_STEP][PASSED] - click(findTestObject("LoginPage/httpsproceedlink")): Object: 'Object Repository/LoginPage/httpsproceedlink' is clicked on

2020-02-19 12:34:59 - [MESSAGE][PASSED] - Object: 'Object Repository/LoginPage/httpsproceedlink' is clicked on

2020-02-19 12:34:59 - [TEST_STEP][PASSED] - navigateToUrl("https://3.19.246.255:9091/services/content/api/images?page=0&size=10"): Navigate to 'https://3.19.246.255:9091/services/content/api/images?page=0&size=10' successfully

2020-02-19 12:35:03 - [MESSAGE][PASSED] - Navigate to 'https://3.19.246.255:9091/services/content/api/images?page=0&size=10' successfully

2020-02-19 12:35:03 - [TEST_STEP][PASSED] - click(findTestObject("LoginPage/httpAdvanceBtn")): Object: 'Object Repository/LoginPage/httpAdvanceBtn' is clicked on

2020-02-19 12:35:03 - [MESSAGE][PASSED] - Object: 'Object Repository/LoginPage/httpAdvanceBtn' is clicked on

2020-02-19 12:35:03 - [TEST_STEP][PASSED] - click(findTestObject("LoginPage/httpsproceedlink")): Object: 'Object Repository/LoginPage/httpsproceedlink' is clicked on

2020-02-19 12:35:05 - [MESSAGE][PASSED] - Object: 'Object Repository/LoginPage/httpsproceedlink' is clicked on

2020-02-19 12:35:05 - [MESSAGE][PASSED] - Call Test Case 'Test Cases/Atlas Platform/OnBoard/SwictherDBValidation/TC_100_ForSecurityURLSAcceptance' successfully

2020-02-19 12:35:05 - [TEST_STEP][PASSED] - navigateToUrl("https://atlas-dev.gsm.auto/"): Navigate to 'https://atlas-dev.gsm.auto/' successfully

2020-02-19 12:35:08 - [MESSAGE][PASSED] - Navigate to 'https://atlas-dev.gsm.auto/' successfully

2020-02-19 12:35:08 - [TEST_STEP][PASSED] - setText(findTestObject("Login_Page/Page_/email address placeholder"), Email): Text 'Navaraj@totient.co.in' is set on object 'Object Repository/Login_Page/Page_/email address placeholder'

2020-02-19 12:35:09 - [MESSAGE][PASSED] - Text 'Navaraj@totient.co.in' is set on object 'Object Repository/Login_Page/Page_/email address placeholder'

2020-02-19 12:35:09 - [TEST_STEP][PASSED] - setText(findTestObject("Login_Page/Page_/Password placeholder"), Password): Text 'Totient@123' is set on object 'Object Repository/Login_Page/Page_/Password placeholder'

2020-02-19 12:35:10 - [MESSAGE][PASSED] - Text 'Totient@123' is set on object 'Object Repository/Login_Page/Page_/Password placeholder'

2020-02-19 12:35:10 - [TEST_STEP][PASSED] - click(findTestObject("Login_Page/Page_/Log In button")): Object: 'Object Repository/Login_Page/Page_/Log In button' is clicked on

2020-02-19 12:35:11 - [MESSAGE][PASSED] - Object: 'Object Repository/Login_Page/Page_/Log In button' is clicked on

2020-02-19 12:35:11 - [TEST_STEP][PASSED] - dashboard_act_title = getWindowTitle(): Current window's title is: ''

2020-02-19 12:35:11 - [MESSAGE][PASSED] - Current window's title is: ''

2020-02-19 12:35:11 - [TEST_STEP][PASSED] - verifyEqual(dashboard_act_title, dashboard_exp_title): Actual object '' and expected object '' are equal

2020-02-19 12:35:11 - [MESSAGE][PASSED] - Actual object '' and expected object '' are equal

2020-02-19 12:35:11 - [MESSAGE][PASSED] - Call Test Case 'Test Cases/Atlas Platform/Platform Navigation/Login/Default Logins/Default_Login_as_Root Admin' successfully

2020-02-19 12:35:11 - [TEST_STEP][PASSED] - click(findTestObject("ROLES/Role_Navigation/a_ADMIN")): Object: 'Object Repository/ROLES/Role_Navigation/a_ADMIN' is clicked on

2020-02-19 12:35:13 - [MESSAGE][PASSED] - Object: 'Object Repository/ROLES/Role_Navigation/a_ADMIN' is clicked on

2020-02-19 12:35:13 - [TEST_STEP][PASSED] - click(findTestObject("ROLES/Roles_page/Create Role_button")): Object: 'Object Repository/ROLES/Roles_page/Create Role_button' is clicked on

2020-02-19 12:35:15 - [MESSAGE][PASSED] - Object: 'Object Repository/ROLES/Roles_page/Create Role_button' is clicked on

2020-02-19 12:35:15 - [TEST_STEP][PASSED] - ROLENAME1 = findTestData("Roles").getValue(3, 1): null

2020-02-19 12:35:16 - [TEST_STEP][PASSED] - sendKeys(findTestObject("ROLES/Create Role/New Role_page/input_Role Name_name"), ROLENAME1): Keys 'Role1 19-02-2020 12:35:15' sent to object: 'Object Repository/ROLES/Create Role/New Role_page/input_Role Name_name'

2020-02-19 12:35:17 - [MESSAGE][PASSED] - Keys 'Role1 19-02-2020 12:35:15' sent to object: 'Object Repository/ROLES/Create Role/New Role_page/input_Role Name_name'

2020-02-19 12:35:17 - [TEST_STEP][PASSED] - sendKeys(findTestObject("ROLES/Create Role/New Role_page/textarea_Role Description_description"), findTestData("Roles").getValue(4, 1)): Keys 'Role Description' sent to object: 'Object Repository/ROLES/Create Role/New Role_page/textarea_Role Description_description'

2020-02-19 12:35:18 - [MESSAGE][PASSED] - Keys 'Role Description' sent to object: 'Object Repository/ROLES/Create Role/New Role_page/textarea_Role Description_description'

2020-02-19 12:35:18 - [TEST_STEP][PASSED] - click(findTestObject("ROLES/Create Role/New Role_page/div_Create")): Object: 'Object Repository/ROLES/Create Role/New Role_page/div_Create' is clicked on

2020-02-19 12:35:19 - [MESSAGE][PASSED] - Object: 'Object Repository/ROLES/Create Role/New Role_page/div_Create' is clicked on

2020-02-19 12:35:19 - [TEST_STEP][PASSED] - verifyElementPresent(findTestObject("ROLES/Create Role/ConfirmationPopup_created"), 230): Object 'Object Repository/ROLES/Create Role/ConfirmationPopup_created' is present

2020-02-19 12:35:20 - [MESSAGE][PASSED] - Object 'Object Repository/ROLES/Create Role/ConfirmationPopup_created' is present

2020-02-19 12:35:20 - [TEST_STEP][PASSED] - verifyElementText(findTestObject("ROLES/Roles_page/1st Role name in grid"), ROLENAME1): Actual text and expected text of test object 'Object Repository/ROLES/Roles_page/1st Role name in grid' are matched.

2020-02-19 12:35:21 - [MESSAGE][PASSED] - Actual text and expected text of test object 'Object Repository/ROLES/Roles_page/1st Role name in grid' are matched.

2020-02-19 12:35:21 - [TEST_STEP][PASSED] - Start listener action : sampleAfterTestCase: null

2020-02-19 12:35:21 - [TEST_STEP][PASSED] - println(testCaseContext.getTestCaseId()): null

2020-02-19 12:35:21 - [TEST_STEP][PASSED] - println(testCaseContext.getTestCaseStatus()): null

2020-02-19 12:35:21 - [TEST_STEP][PASSED] - println("On Failure Method is Calling : " + testCaseContext.getTestCaseStatus()): null

2020-02-19 12:35:21 - [TEST_STEP][PASSED] - if (!(getTestCaseStatus().equalsIgnoreCase("PASSED"))): null]]></system-out>
         <system-err><![CDATA[]]></system-err>
      </testcase>
      <testcase name="Test Cases/Atlas Platform/Configuration Management/Platform Management/ROLES/Search Role/Search the Created Role" time="5.573" classname="Test Cases/Atlas Platform/Configuration Management/Platform Management/ROLES/Search Role/Search the Created Role" status="PASSED">
         <system-out><![CDATA[2020-02-19 12:35:23 - [TEST_CASE][PASSED] - Test Cases/Atlas Platform/Configuration Management/Platform Management/ROLES/Search Role/Search the Created Role: Test Cases/Atlas Platform/Configuration Management/Platform Management/ROLES/Search Role/Search the Created Role

2020-02-19 12:35:23 - [TEST_STEP][NOT_RUN] - callTestCase(findTestCase("Atlas Platform/Configuration Management/Platform Management/ROLES/others/Navigation"), [:], CONTINUE_ON_FAILURE): NOT_RUN: callTestCase(findTestCase("Atlas Platform/Configuration Management/Platform Management/ROLES/others/Navigation"), [:], CONTINUE_ON_FAILURE)

2020-02-19 12:35:23 - [MESSAGE][NOT_RUN] - NOT_RUN: callTestCase(findTestCase("Atlas Platform/Configuration Management/Platform Management/ROLES/others/Navigation"), [:], CONTINUE_ON_FAILURE)

2020-02-19 12:35:23 - [TEST_STEP][NOT_RUN] - click(findTestObject("ROLES/Role_Navigation/a_ADMIN")): NOT_RUN: click(findTestObject("ROLES/Role_Navigation/a_ADMIN"))

2020-02-19 12:35:23 - [MESSAGE][NOT_RUN] - NOT_RUN: click(findTestObject("ROLES/Role_Navigation/a_ADMIN"))

2020-02-19 12:35:23 - [TEST_STEP][PASSED] - sendKeys(findTestObject("ROLES/Roles_page/Search_placeholder"), ROLENAME1): Keys 'Role1 19-02-2020 12:35:15' sent to object: 'Object Repository/ROLES/Roles_page/Search_placeholder'

2020-02-19 12:35:25 - [MESSAGE][PASSED] - Keys 'Role1 19-02-2020 12:35:15' sent to object: 'Object Repository/ROLES/Roles_page/Search_placeholder'

2020-02-19 12:35:25 - [TEST_STEP][PASSED] - verifyElementText(findTestObject("ROLES/Roles_page/role name"), ROLENAME1): Actual text and expected text of test object 'Object Repository/ROLES/Roles_page/role name' are matched.

2020-02-19 12:35:26 - [MESSAGE][PASSED] - Actual text and expected text of test object 'Object Repository/ROLES/Roles_page/role name' are matched.

2020-02-19 12:35:26 - [TEST_STEP][PASSED] - Start listener action : sampleAfterTestCase: null

2020-02-19 12:35:26 - [TEST_STEP][PASSED] - println(testCaseContext.getTestCaseId()): null

2020-02-19 12:35:26 - [TEST_STEP][PASSED] - println(testCaseContext.getTestCaseStatus()): null

2020-02-19 12:35:26 - [TEST_STEP][PASSED] - println("On Failure Method is Calling : " + testCaseContext.getTestCaseStatus()): null

2020-02-19 12:35:26 - [TEST_STEP][PASSED] - if (!(getTestCaseStatus().equalsIgnoreCase("PASSED"))): null]]></system-out>
         <system-err><![CDATA[]]></system-err>
      </testcase>
      <testcase name="Test Cases/Atlas Platform/Configuration Management/Platform Management/ROLES/Edit Role/Edit a Role" time="9.913" classname="Test Cases/Atlas Platform/Configuration Management/Platform Management/ROLES/Edit Role/Edit a Role" status="PASSED">
         <system-out><![CDATA[2020-02-19 12:35:28 - [TEST_CASE][PASSED] - Test Cases/Atlas Platform/Configuration Management/Platform Management/ROLES/Edit Role/Edit a Role: Test Cases/Atlas Platform/Configuration Management/Platform Management/ROLES/Edit Role/Edit a Role

2020-02-19 12:35:29 - [TEST_STEP][NOT_RUN] - callTestCase(findTestCase("Atlas Platform/Configuration Management/Platform Management/ROLES/others/Navigation"), [:], CONTINUE_ON_FAILURE): NOT_RUN: callTestCase(findTestCase("Atlas Platform/Configuration Management/Platform Management/ROLES/others/Navigation"), [:], CONTINUE_ON_FAILURE)

2020-02-19 12:35:29 - [MESSAGE][NOT_RUN] - NOT_RUN: callTestCase(findTestCase("Atlas Platform/Configuration Management/Platform Management/ROLES/others/Navigation"), [:], CONTINUE_ON_FAILURE)

2020-02-19 12:35:29 - [TEST_STEP][NOT_RUN] - click(findTestObject("ROLES/Role_Navigation/a_ADMIN")): NOT_RUN: click(findTestObject("ROLES/Role_Navigation/a_ADMIN"))

2020-02-19 12:35:29 - [MESSAGE][NOT_RUN] - NOT_RUN: click(findTestObject("ROLES/Role_Navigation/a_ADMIN"))

2020-02-19 12:35:29 - [TEST_STEP][PASSED] - click(findTestObject("ROLES/Roles_page/Hamburger/button_hamburger")): Object: 'Object Repository/ROLES/Roles_page/Hamburger/button_hamburger' is clicked on

2020-02-19 12:35:30 - [MESSAGE][PASSED] - Object: 'Object Repository/ROLES/Roles_page/Hamburger/button_hamburger' is clicked on

2020-02-19 12:35:30 - [TEST_STEP][PASSED] - click(findTestObject("ROLES/Edit Role/edit_link")): Object: 'Object Repository/ROLES/Edit Role/edit_link' is clicked on

2020-02-19 12:35:30 - [MESSAGE][PASSED] - Object: 'Object Repository/ROLES/Edit Role/edit_link' is clicked on

2020-02-19 12:35:30 - [TEST_STEP][PASSED] - click(findTestObject("ROLES/Create Role/New Role_page/input_Role Name_name")): Object: 'Object Repository/ROLES/Create Role/New Role_page/input_Role Name_name' is clicked on

2020-02-19 12:35:32 - [MESSAGE][PASSED] - Object: 'Object Repository/ROLES/Create Role/New Role_page/input_Role Name_name' is clicked on

2020-02-19 12:35:32 - [TEST_STEP][PASSED] - click(findTestObject("ROLES/Create Role/New Role_page/Clear_button")): Object: 'Object Repository/ROLES/Create Role/New Role_page/Clear_button' is clicked on

2020-02-19 12:35:32 - [MESSAGE][PASSED] - Object: 'Object Repository/ROLES/Create Role/New Role_page/Clear_button' is clicked on

2020-02-19 12:35:32 - [TEST_STEP][PASSED] - ROLENAME2 = findTestData("Roles").getValue(3, 2): null

2020-02-19 12:35:32 - [TEST_STEP][PASSED] - sendKeys(findTestObject("ROLES/Create Role/New Role_page/input_Role Name_name"), ROLENAME2): Keys 'Role2 19-02-2020 12:35:32' sent to object: 'Object Repository/ROLES/Create Role/New Role_page/input_Role Name_name'

2020-02-19 12:35:33 - [MESSAGE][PASSED] - Keys 'Role2 19-02-2020 12:35:32' sent to object: 'Object Repository/ROLES/Create Role/New Role_page/input_Role Name_name'

2020-02-19 12:35:33 - [TEST_STEP][PASSED] - click(findTestObject("ROLES/Edit Role/save button")): Object: 'Object Repository/ROLES/Edit Role/save button' is clicked on

2020-02-19 12:35:34 - [MESSAGE][PASSED] - Object: 'Object Repository/ROLES/Edit Role/save button' is clicked on

2020-02-19 12:35:34 - [TEST_STEP][PASSED] - click(findTestObject("ROLES/Create Role/New Role_page/Yes_Save_button")): Object: 'Object Repository/ROLES/Create Role/New Role_page/Yes_Save_button' is clicked on

2020-02-19 12:35:35 - [MESSAGE][PASSED] - Object: 'Object Repository/ROLES/Create Role/New Role_page/Yes_Save_button' is clicked on

2020-02-19 12:35:35 - [TEST_STEP][PASSED] - verifyElementText(findTestObject("ROLES/Edit Role/role name"), ROLENAME2): Actual text and expected text of test object 'Object Repository/ROLES/Edit Role/role name' are matched.

2020-02-19 12:35:36 - [MESSAGE][PASSED] - Actual text and expected text of test object 'Object Repository/ROLES/Edit Role/role name' are matched.

2020-02-19 12:35:36 - [TEST_STEP][PASSED] - Start listener action : sampleAfterTestCase: null

2020-02-19 12:35:36 - [TEST_STEP][PASSED] - println(testCaseContext.getTestCaseId()): null

2020-02-19 12:35:36 - [TEST_STEP][PASSED] - println(testCaseContext.getTestCaseStatus()): null

2020-02-19 12:35:36 - [TEST_STEP][PASSED] - println("On Failure Method is Calling : " + testCaseContext.getTestCaseStatus()): null

2020-02-19 12:35:36 - [TEST_STEP][PASSED] - if (!(getTestCaseStatus().equalsIgnoreCase("PASSED"))): null]]></system-out>
         <system-err><![CDATA[]]></system-err>
      </testcase>
      <testcase name="Test Cases/Atlas Platform/Configuration Management/Platform Management/ROLES/Change Status/Change the status of a Role" time="7.182" classname="Test Cases/Atlas Platform/Configuration Management/Platform Management/ROLES/Change Status/Change the status of a Role" status="PASSED">
         <system-out><![CDATA[2020-02-19 12:35:38 - [TEST_CASE][PASSED] - Test Cases/Atlas Platform/Configuration Management/Platform Management/ROLES/Change Status/Change the status of a Role: Test Cases/Atlas Platform/Configuration Management/Platform Management/ROLES/Change Status/Change the status of a Role

2020-02-19 12:35:39 - [TEST_STEP][NOT_RUN] - callTestCase(findTestCase("Atlas Platform/Configuration Management/Platform Management/ROLES/others/Navigation"), [:], CONTINUE_ON_FAILURE): NOT_RUN: callTestCase(findTestCase("Atlas Platform/Configuration Management/Platform Management/ROLES/others/Navigation"), [:], CONTINUE_ON_FAILURE)

2020-02-19 12:35:39 - [MESSAGE][NOT_RUN] - NOT_RUN: callTestCase(findTestCase("Atlas Platform/Configuration Management/Platform Management/ROLES/others/Navigation"), [:], CONTINUE_ON_FAILURE)

2020-02-19 12:35:39 - [TEST_STEP][NOT_RUN] - click(findTestObject("ROLES/Role_Navigation/a_ADMIN")): NOT_RUN: click(findTestObject("ROLES/Role_Navigation/a_ADMIN"))

2020-02-19 12:35:39 - [MESSAGE][NOT_RUN] - NOT_RUN: click(findTestObject("ROLES/Role_Navigation/a_ADMIN"))

2020-02-19 12:35:39 - [TEST_STEP][PASSED] - verifyElementText(findTestObject("ROLES/Change Status/role name"), ROLENAME2): Actual text and expected text of test object 'Object Repository/ROLES/Change Status/role name' are matched.

2020-02-19 12:35:39 - [MESSAGE][PASSED] - Actual text and expected text of test object 'Object Repository/ROLES/Change Status/role name' are matched.

2020-02-19 12:35:39 - [TEST_STEP][PASSED] - click(findTestObject("ROLES/Roles_page/Hamburger/button_hamburger")): Object: 'Object Repository/ROLES/Roles_page/Hamburger/button_hamburger' is clicked on

2020-02-19 12:35:40 - [MESSAGE][PASSED] - Object: 'Object Repository/ROLES/Roles_page/Hamburger/button_hamburger' is clicked on

2020-02-19 12:35:40 - [TEST_STEP][PASSED] - click(findTestObject("ROLES/Change Status/change status link")): Object: 'Object Repository/ROLES/Change Status/change status link' is clicked on

2020-02-19 12:35:41 - [MESSAGE][PASSED] - Object: 'Object Repository/ROLES/Change Status/change status link' is clicked on

2020-02-19 12:35:41 - [TEST_STEP][PASSED] - click(findTestObject("ROLES/Change Status/Archived")): Object: 'Object Repository/ROLES/Change Status/Archived' is clicked on

2020-02-19 12:35:42 - [MESSAGE][PASSED] - Object: 'Object Repository/ROLES/Change Status/Archived' is clicked on

2020-02-19 12:35:42 - [TEST_STEP][PASSED] - click(findTestObject("ROLES/Change Status/Confirm_button")): Object: 'Object Repository/ROLES/Change Status/Confirm_button' is clicked on

2020-02-19 12:35:42 - [MESSAGE][PASSED] - Object: 'Object Repository/ROLES/Change Status/Confirm_button' is clicked on

2020-02-19 12:35:42 - [TEST_STEP][PASSED] - verifyElementText(findTestObject("ROLES/Change Status/status_archived"), findTestData("Roles").getValue(5, 2)): Actual text and expected text of test object 'Object Repository/ROLES/Change Status/status_archived' are matched.

2020-02-19 12:35:43 - [MESSAGE][PASSED] - Actual text and expected text of test object 'Object Repository/ROLES/Change Status/status_archived' are matched.

2020-02-19 12:35:43 - [TEST_STEP][PASSED] - Start listener action : sampleAfterTestCase: null

2020-02-19 12:35:43 - [TEST_STEP][PASSED] - println(testCaseContext.getTestCaseId()): null

2020-02-19 12:35:43 - [TEST_STEP][PASSED] - println(testCaseContext.getTestCaseStatus()): null

2020-02-19 12:35:44 - [TEST_STEP][PASSED] - println("On Failure Method is Calling : " + testCaseContext.getTestCaseStatus()): null

2020-02-19 12:35:44 - [TEST_STEP][PASSED] - if (!(getTestCaseStatus().equalsIgnoreCase("PASSED"))): null]]></system-out>
         <system-err><![CDATA[]]></system-err>
      </testcase>
      <system-out><![CDATA[2020-02-19 12:34:30 - [TEST_SUITE][PASSED] - Roles (Sanity): Test Cases/Atlas Platform/Configuration Management/Platform Management/ROLES/Change Status/Change the status of a Role]]></system-out>
      <system-err><![CDATA[]]></system-err>
   </testsuite>
</testsuites>
