<?xml version="1.0" encoding="UTF-8"?>
<testsuites name="Images" time="129.412" tests="5" failures="0" errors="0">
   <testsuite name="Images" tests="5" failures="0" errors="0" time="129.412" timestamp="2020-02-26 14:25:49" hostname="Dell - DESKTOP-8FKLJ50" id="Test Suites/CONTENT/Images">
      <properties>
         <property name="deviceName" value=""/>
         <property name="devicePlatform" value=""/>
         <property name="logFolder" value="C:\\Users\\Dell\\git\\GSMProject\\Reports\\20200226_142522\\CONTENT\\Images\\20200226_142522"/>
         <property name="logFiles" value="C:\\Users\\Dell\\git\\GSMProject\\Reports\\20200226_142522\\CONTENT\\Images\\20200226_142522\\execution0.log"/>
         <property name="attachments" value=""/>
         <property name="hostName" value="Dell - DESKTOP-8FKLJ50"/>
         <property name="os" value="Windows 10 64bit"/>
         <property name="katalonVersion" value="7.2.1.1"/>
         <property name="browser" value="Chrome 80.0.3987.122"/>
         <property name="dbServerInfo" value="MySQL 5.7.22-log"/>
         <property name="hostAddress" value="10.0.75.1"/>
         <property name="sessionId" value="ff274a7c746bc0e8746ddf8a33c5848e"/>
         <property name="seleniumVersion" value="3.141.59"/>
         <property name="proxyInformation" value="ProxyInformation{proxyOption=NO_PROXY, proxyServerType=HTTP, password=, proxyServerAddress=, proxyServerPort=0, executionList=}"/>
         <property name="platform" value="Windows 10"/>
      </properties>
      <testcase name="Test Cases/Atlas Platform/Platform Navigation/Picker/TC_000_Common_Browser_WithLogin" time="52.565" classname="Test Cases/Atlas Platform/Platform Navigation/Picker/TC_000_Common_Browser_WithLogin" status="PASSED">
         <system-out><![CDATA[2020-02-26 14:25:50 - [TEST_CASE][PASSED] - Test Cases/Atlas Platform/Platform Navigation/Picker/TC_000_Common_Browser_WithLogin: Test Cases/Atlas Platform/Platform Navigation/Picker/TC_000_Common_Browser_WithLogin

2020-02-26 14:25:51 - [TEST_STEP][PASSED] - callTestCase(findTestCase("Atlas Platform/Platform Navigation/Login/LoginWithRootAdmin"), [:], STOP_ON_FAILURE): Call Test Case 'Test Cases/Atlas Platform/Platform Navigation/Login/LoginWithRootAdmin' successfully

2020-02-26 14:25:52 - [TEST_CASE][PASSED] - Test Cases/Atlas Platform/Platform Navigation/Login/LoginWithRootAdmin: Test Cases/Atlas Platform/Platform Navigation/Login/LoginWithRootAdmin

2020-02-26 14:25:53 - [TEST_STEP][PASSED] - openBrowser(""): Browser is opened with url: ''

2020-02-26 14:25:53 - [MESSAGE][INFO] - Starting 'Chrome' driver

2020-02-26 14:25:53 - [MESSAGE][INFO] - User set preference: ['args', '[--start-maximized, --disable-web-security, --no-proxy-server]']

2020-02-26 14:25:53 - [MESSAGE][INFO] - User set preference: ['prefs', '{credentials_enable_service=false, profile.password_manager_enabled=false}']

2020-02-26 14:25:54 - [MESSAGE][INFO] - Action delay is set to 0 seconds

2020-02-26 14:26:19 - [MESSAGE][PASSED] - Browser is opened with url: ''

2020-02-26 14:26:19 - [TEST_STEP][NOT_RUN] - callTestCase(findTestCase("Atlas Platform/Platform Navigation/Login/Default Logins/TC_100_ForSecurityURLSAcceptance"), [:], CONTINUE_ON_FAILURE): NOT_RUN: callTestCase(findTestCase("Atlas Platform/Platform Navigation/Login/Default Logins/TC_100_ForSecurityURLSAcceptance"), [:], CONTINUE_ON_FAILURE)

2020-02-26 14:26:19 - [MESSAGE][NOT_RUN] - NOT_RUN: callTestCase(findTestCase("Atlas Platform/Platform Navigation/Login/Default Logins/TC_100_ForSecurityURLSAcceptance"), [:], CONTINUE_ON_FAILURE)

2020-02-26 14:26:19 - [TEST_STEP][PASSED] - navigateToUrl("https://atlas-dev.gsm.auto/"): Navigate to 'https://atlas-dev.gsm.auto/' successfully

2020-02-26 14:26:24 - [MESSAGE][PASSED] - Navigate to 'https://atlas-dev.gsm.auto/' successfully

2020-02-26 14:26:24 - [TEST_STEP][PASSED] - setText(findTestObject("Object Repository/LoginPage/loginpageemailtxtbox"), user_Email): Text 'navaraj@totient.co.in' is set on object 'Object Repository/LoginPage/loginpageemailtxtbox'

2020-02-26 14:26:26 - [MESSAGE][PASSED] - Text 'navaraj@totient.co.in' is set on object 'Object Repository/LoginPage/loginpageemailtxtbox'

2020-02-26 14:26:26 - [TEST_STEP][PASSED] - setText(findTestObject("Object Repository/LoginPage/loginpaepasswordtxtbox"), user_Password): Text 'Totient@123' is set on object 'Object Repository/LoginPage/loginpaepasswordtxtbox'

2020-02-26 14:26:27 - [MESSAGE][PASSED] - Text 'Totient@123' is set on object 'Object Repository/LoginPage/loginpaepasswordtxtbox'

2020-02-26 14:26:27 - [TEST_STEP][PASSED] - click(findTestObject("LoginPage/loginpageloginbtn")): Object: 'Object Repository/LoginPage/loginpageloginbtn' is clicked on

2020-02-26 14:26:27 - [MESSAGE][PASSED] - Object: 'Object Repository/LoginPage/loginpageloginbtn' is clicked on

2020-02-26 14:26:27 - [TEST_STEP][PASSED] - conn = com.katalon.plugin.keyword.connection.DatabaseKeywords.getGlobalConnection(): com.katalon.plugin.keyword.connection.DatabaseKeywords.getGlobalConnection is PASSED

2020-02-26 14:26:38 - [MESSAGE][PASSED] - com.katalon.plugin.keyword.connection.DatabaseKeywords.getGlobalConnection is PASSED

2020-02-26 14:26:38 - [TEST_STEP][PASSED] - resultValues1 = com.katalon.plugin.keyword.connection.DatabaseKeywords.executeQuery(conn, "SELECT * FROM atlas_config.user WHERE email ="" + user_Email + "";"): com.katalon.plugin.keyword.connection.DatabaseKeywords.executeQuery is PASSED

2020-02-26 14:26:39 - [MESSAGE][PASSED] - com.katalon.plugin.keyword.connection.DatabaseKeywords.executeQuery is PASSED

2020-02-26 14:26:39 - [TEST_STEP][PASSED] - println(com.katalon.plugin.keyword.connection.ResultSetKeywords.getSingleCellValue(resultValues1, 1, "user_id")): com.katalon.plugin.keyword.connection.ResultSetKeywords.getSingleCellValue is PASSED

2020-02-26 14:26:39 - [MESSAGE][PASSED] - com.katalon.plugin.keyword.connection.ResultSetKeywords.getSingleCellValue is PASSED

2020-02-26 14:26:39 - [TEST_STEP][PASSED] - user_id = com.katalon.plugin.keyword.connection.ResultSetKeywords.getSingleCellValue(resultValues1, 1, "user_id"): com.katalon.plugin.keyword.connection.ResultSetKeywords.getSingleCellValue is PASSED

2020-02-26 14:26:39 - [MESSAGE][PASSED] - com.katalon.plugin.keyword.connection.ResultSetKeywords.getSingleCellValue is PASSED

2020-02-26 14:26:40 - [TEST_STEP][PASSED] - println("User ID Variable value is : " + user_id): null

2020-02-26 14:26:40 - [MESSAGE][PASSED] - Call Test Case 'Test Cases/Atlas Platform/Platform Navigation/Login/LoginWithRootAdmin' successfully

2020-02-26 14:26:40 - [TEST_STEP][PASSED] - Start listener action : sampleAfterTestCase: null

2020-02-26 14:26:40 - [TEST_STEP][PASSED] - println(testCaseContext.getTestCaseId()): null

2020-02-26 14:26:40 - [TEST_STEP][PASSED] - println(testCaseContext.getTestCaseStatus()): null

2020-02-26 14:26:40 - [TEST_STEP][PASSED] - println("On Failure Method is Calling : " + testCaseContext.getTestCaseStatus()): null

2020-02-26 14:26:40 - [TEST_STEP][PASSED] - if (!(getTestCaseStatus().equalsIgnoreCase("PASSED"))): null]]></system-out>
         <system-err><![CDATA[]]></system-err>
      </testcase>
      <testcase name="Test Cases/Atlas Platform/Content Management/Image Library/TC_002_Verify_Search_Image_With_Valid_Text" time="23.492" classname="Test Cases/Atlas Platform/Content Management/Image Library/TC_002_Verify_Search_Image_With_Valid_Text" status="PASSED">
         <system-out><![CDATA[2020-02-26 14:26:42 - [TEST_CASE][PASSED] - Test Cases/Atlas Platform/Content Management/Image Library/TC_002_Verify_Search_Image_With_Valid_Text: Test Cases/Atlas Platform/Content Management/Image Library/TC_002_Verify_Search_Image_With_Valid_Text

2020-02-26 14:26:43 - [TEST_STEP][NOT_RUN] - callTestCase(findTestCase("Atlas Platform/Platform Navigation/Login/LoginWithRootAdmin"), ["user_Email":"navaraj@totient.co.in", "user_Password":"Totient@123"], CONTINUE_ON_FAILURE): NOT_RUN: callTestCase(findTestCase("Atlas Platform/Platform Navigation/Login/LoginWithRootAdmin"), ["user_Email":"navaraj@totient.co.in", "user_Password":"Totient@123"], CONTINUE_ON_FAILURE)

2020-02-26 14:26:43 - [MESSAGE][NOT_RUN] - NOT_RUN: callTestCase(findTestCase("Atlas Platform/Platform Navigation/Login/LoginWithRootAdmin"), ["user_Email":"navaraj@totient.co.in", "user_Password":"Totient@123"], CONTINUE_ON_FAILURE)

2020-02-26 14:26:43 - [TEST_STEP][PASSED] - click(findTestObject("HeaderMenus/contentmeu")): Object: 'Object Repository/HeaderMenus/contentmeu' is clicked on

2020-02-26 14:26:44 - [MESSAGE][PASSED] - Object: 'Object Repository/HeaderMenus/contentmeu' is clicked on

2020-02-26 14:26:44 - [TEST_STEP][PASSED] - click(findTestObject("Login_Page/Dashboard/Content Sub-Navigation/div_Images")): Object: 'Object Repository/Login_Page/Dashboard/Content Sub-Navigation/div_Images' is clicked on

2020-02-26 14:26:47 - [MESSAGE][PASSED] - Object: 'Object Repository/Login_Page/Dashboard/Content Sub-Navigation/div_Images' is clicked on

2020-02-26 14:26:47 - [TEST_STEP][PASSED] - click(findTestObject("CONTENT/Image_Listing/all_Image_textwithcount")): Object: 'Object Repository/CONTENT/Image_Listing/all_Image_textwithcount' is clicked on

2020-02-26 14:26:47 - [MESSAGE][PASSED] - Object: 'Object Repository/CONTENT/Image_Listing/all_Image_textwithcount' is clicked on

2020-02-26 14:26:47 - [TEST_STEP][PASSED] - setText(findTestObject("CONTENT/Image_Listing/image_search_box"), "image" + ENTER): Text 'ENTER + image' is set on object 'Object Repository/CONTENT/Image_Listing/image_search_box'

2020-02-26 14:26:48 - [MESSAGE][PASSED] - Text 'ENTER + image' is set on object 'Object Repository/CONTENT/Image_Listing/image_search_box'

2020-02-26 14:26:48 - [TEST_STEP][PASSED] - delay(5): Delayed 5 second(s)

2020-02-26 14:26:53 - [MESSAGE][PASSED] - Delayed 5 second(s)

2020-02-26 14:26:53 - [TEST_STEP][PASSED] - text = getText(findTestObject("CONTENT/Image_Listing/showingtextforpagination")): Text of object 'Object Repository/CONTENT/Image_Listing/showingtextforpagination' is: 'Showing 1-10 of 60 Images'

2020-02-26 14:26:54 - [MESSAGE][PASSED] - Text of object 'Object Repository/CONTENT/Image_Listing/showingtextforpagination' is: 'Showing 1-10 of 60 Images'

2020-02-26 14:26:54 - [TEST_STEP][PASSED] - resultfound_count = Integer.parseInt(split(" ")[1].trim()): null

2020-02-26 14:26:54 - [TEST_STEP][PASSED] - elements = findWebElements(findTestObject("CONTENT/Image_Listing/column1_Image_Name_Values"), 0): Timeout '0' is invalid. Using default page load timeout: '230'

2020-02-26 14:26:55 - [MESSAGE][WARNING] - Timeout '0' is invalid. Using default page load timeout: '230'

2020-02-26 14:26:55 - [TEST_STEP][PASSED] - pageValueCount = elements.size(): null

2020-02-26 14:26:55 - [TEST_STEP][PASSED] - if (resultfound_count > 10): null

2020-02-26 14:26:55 - [TEST_STEP][PASSED] - while (resultfound_count != pageValueCount): null

2020-02-26 14:26:55 - [TEST_STEP][PASSED] - click(findTestObject("ROLES/Roles_page/Pagination/front_navigation")): Object: 'Object Repository/ROLES/Roles_page/Pagination/front_navigation' is clicked on

2020-02-26 14:26:56 - [MESSAGE][PASSED] - Object: 'Object Repository/ROLES/Roles_page/Pagination/front_navigation' is clicked on

2020-02-26 14:26:56 - [TEST_STEP][PASSED] - elements = findWebElements(findTestObject("CONTENT/Image_Listing/column1_Image_Name_Values"), 0): Timeout '0' is invalid. Using default page load timeout: '230'

2020-02-26 14:26:56 - [MESSAGE][WARNING] - Timeout '0' is invalid. Using default page load timeout: '230'

2020-02-26 14:26:57 - [TEST_STEP][PASSED] - pageValueCount += elements.size(): null

2020-02-26 14:26:57 - [TEST_STEP][PASSED] - println(pageValueCount): null

2020-02-26 14:26:57 - [TEST_STEP][PASSED] - click(findTestObject("ROLES/Roles_page/Pagination/front_navigation")): Object: 'Object Repository/ROLES/Roles_page/Pagination/front_navigation' is clicked on

2020-02-26 14:26:57 - [MESSAGE][PASSED] - Object: 'Object Repository/ROLES/Roles_page/Pagination/front_navigation' is clicked on

2020-02-26 14:26:57 - [TEST_STEP][PASSED] - elements = findWebElements(findTestObject("CONTENT/Image_Listing/column1_Image_Name_Values"), 0): Timeout '0' is invalid. Using default page load timeout: '230'

2020-02-26 14:26:57 - [MESSAGE][WARNING] - Timeout '0' is invalid. Using default page load timeout: '230'

2020-02-26 14:26:58 - [TEST_STEP][PASSED] - pageValueCount += elements.size(): null

2020-02-26 14:26:58 - [TEST_STEP][PASSED] - println(pageValueCount): null

2020-02-26 14:26:58 - [TEST_STEP][PASSED] - click(findTestObject("ROLES/Roles_page/Pagination/front_navigation")): Object: 'Object Repository/ROLES/Roles_page/Pagination/front_navigation' is clicked on

2020-02-26 14:26:59 - [MESSAGE][PASSED] - Object: 'Object Repository/ROLES/Roles_page/Pagination/front_navigation' is clicked on

2020-02-26 14:26:59 - [TEST_STEP][PASSED] - elements = findWebElements(findTestObject("CONTENT/Image_Listing/column1_Image_Name_Values"), 0): Timeout '0' is invalid. Using default page load timeout: '230'

2020-02-26 14:26:59 - [MESSAGE][WARNING] - Timeout '0' is invalid. Using default page load timeout: '230'

2020-02-26 14:27:00 - [TEST_STEP][PASSED] - pageValueCount += elements.size(): null

2020-02-26 14:27:00 - [TEST_STEP][PASSED] - println(pageValueCount): null

2020-02-26 14:27:00 - [TEST_STEP][PASSED] - click(findTestObject("ROLES/Roles_page/Pagination/front_navigation")): Object: 'Object Repository/ROLES/Roles_page/Pagination/front_navigation' is clicked on

2020-02-26 14:27:00 - [MESSAGE][PASSED] - Object: 'Object Repository/ROLES/Roles_page/Pagination/front_navigation' is clicked on

2020-02-26 14:27:00 - [TEST_STEP][PASSED] - elements = findWebElements(findTestObject("CONTENT/Image_Listing/column1_Image_Name_Values"), 0): Timeout '0' is invalid. Using default page load timeout: '230'

2020-02-26 14:27:01 - [MESSAGE][WARNING] - Timeout '0' is invalid. Using default page load timeout: '230'

2020-02-26 14:27:01 - [TEST_STEP][PASSED] - pageValueCount += elements.size(): null

2020-02-26 14:27:01 - [TEST_STEP][PASSED] - println(pageValueCount): null

2020-02-26 14:27:01 - [TEST_STEP][PASSED] - click(findTestObject("ROLES/Roles_page/Pagination/front_navigation")): Object: 'Object Repository/ROLES/Roles_page/Pagination/front_navigation' is clicked on

2020-02-26 14:27:02 - [MESSAGE][PASSED] - Object: 'Object Repository/ROLES/Roles_page/Pagination/front_navigation' is clicked on

2020-02-26 14:27:02 - [TEST_STEP][PASSED] - elements = findWebElements(findTestObject("CONTENT/Image_Listing/column1_Image_Name_Values"), 0): Timeout '0' is invalid. Using default page load timeout: '230'

2020-02-26 14:27:02 - [MESSAGE][WARNING] - Timeout '0' is invalid. Using default page load timeout: '230'

2020-02-26 14:27:03 - [TEST_STEP][PASSED] - pageValueCount += elements.size(): null

2020-02-26 14:27:03 - [TEST_STEP][PASSED] - println(pageValueCount): null

2020-02-26 14:27:03 - [TEST_STEP][PASSED] - verifyEqual(resultfound_count, pageValueCount): Actual object '60' and expected object '60' are equal

2020-02-26 14:27:03 - [MESSAGE][PASSED] - Actual object '60' and expected object '60' are equal

2020-02-26 14:27:03 - [TEST_STEP][PASSED] - click(findTestObject("AUDIENCE/Data Source/search_closeicon")): Object: 'Object Repository/AUDIENCE/Data Source/search_closeicon' is clicked on

2020-02-26 14:27:04 - [MESSAGE][PASSED] - Object: 'Object Repository/AUDIENCE/Data Source/search_closeicon' is clicked on

2020-02-26 14:27:04 - [TEST_STEP][PASSED] - Start listener action : sampleAfterTestCase: null

2020-02-26 14:27:04 - [TEST_STEP][PASSED] - println(testCaseContext.getTestCaseId()): null

2020-02-26 14:27:04 - [TEST_STEP][PASSED] - println(testCaseContext.getTestCaseStatus()): null

2020-02-26 14:27:04 - [TEST_STEP][PASSED] - println("On Failure Method is Calling : " + testCaseContext.getTestCaseStatus()): null

2020-02-26 14:27:04 - [TEST_STEP][PASSED] - if (!(getTestCaseStatus().equalsIgnoreCase("PASSED"))): null]]></system-out>
         <system-err><![CDATA[]]></system-err>
      </testcase>
      <testcase name="Test Cases/Atlas Platform/Content Management/Image Library/TC_003_Verify_Search_ImagePage_With_Invalid_Text" time="16.425" classname="Test Cases/Atlas Platform/Content Management/Image Library/TC_003_Verify_Search_ImagePage_With_Invalid_Text" status="PASSED">
         <system-out><![CDATA[2020-02-26 14:27:06 - [TEST_CASE][PASSED] - Test Cases/Atlas Platform/Content Management/Image Library/TC_003_Verify_Search_ImagePage_With_Invalid_Text: Test Cases/Atlas Platform/Content Management/Image Library/TC_003_Verify_Search_ImagePage_With_Invalid_Text

2020-02-26 14:27:07 - [TEST_STEP][NOT_RUN] - callTestCase(findTestCase("Atlas Platform/Platform Navigation/Login/LoginWithRootAdmin"), ["user_Email":"navaraj@totient.co.in", "user_Password":"Totient@123"], CONTINUE_ON_FAILURE): NOT_RUN: callTestCase(findTestCase("Atlas Platform/Platform Navigation/Login/LoginWithRootAdmin"), ["user_Email":"navaraj@totient.co.in", "user_Password":"Totient@123"], CONTINUE_ON_FAILURE)

2020-02-26 14:27:07 - [MESSAGE][NOT_RUN] - NOT_RUN: callTestCase(findTestCase("Atlas Platform/Platform Navigation/Login/LoginWithRootAdmin"), ["user_Email":"navaraj@totient.co.in", "user_Password":"Totient@123"], CONTINUE_ON_FAILURE)

2020-02-26 14:27:07 - [TEST_STEP][PASSED] - click(findTestObject("HeaderMenus/contentmeu")): Object: 'Object Repository/HeaderMenus/contentmeu' is clicked on

2020-02-26 14:27:07 - [MESSAGE][PASSED] - Object: 'Object Repository/HeaderMenus/contentmeu' is clicked on

2020-02-26 14:27:07 - [TEST_STEP][PASSED] - click(findTestObject("Login_Page/Dashboard/Content Sub-Navigation/div_Images")): Object: 'Object Repository/Login_Page/Dashboard/Content Sub-Navigation/div_Images' is clicked on

2020-02-26 14:27:08 - [MESSAGE][PASSED] - Object: 'Object Repository/Login_Page/Dashboard/Content Sub-Navigation/div_Images' is clicked on

2020-02-26 14:27:08 - [TEST_STEP][PASSED] - clearText(findTestObject("CONTENT/Image_Listing/image_search_box")): Text of object 'Object Repository/CONTENT/Image_Listing/image_search_box' is cleared

2020-02-26 14:27:09 - [MESSAGE][PASSED] - Text of object 'Object Repository/CONTENT/Image_Listing/image_search_box' is cleared

2020-02-26 14:27:09 - [TEST_STEP][PASSED] - delay(5): Delayed 5 second(s)

2020-02-26 14:27:14 - [MESSAGE][PASSED] - Delayed 5 second(s)

2020-02-26 14:27:14 - [TEST_STEP][PASSED] - sendKeys(findTestObject("CONTENT/Image_Listing/image_search_box"), "aaaaa" + ENTER): Keys 'ENTER + aaaaa' sent to object: 'Object Repository/CONTENT/Image_Listing/image_search_box'

2020-02-26 14:27:15 - [MESSAGE][PASSED] - Keys 'ENTER + aaaaa' sent to object: 'Object Repository/CONTENT/Image_Listing/image_search_box'

2020-02-26 14:27:15 - [TEST_STEP][PASSED] - delay(5): Delayed 5 second(s)

2020-02-26 14:27:20 - [MESSAGE][PASSED] - Delayed 5 second(s)

2020-02-26 14:27:20 - [TEST_STEP][PASSED] - text = getText(findTestObject("CONTENT/Image_Listing/showingtextforpagination")): Text of object 'Object Repository/CONTENT/Image_Listing/showingtextforpagination' is: 'Showing 0 of 0 Images'

2020-02-26 14:27:20 - [MESSAGE][PASSED] - Text of object 'Object Repository/CONTENT/Image_Listing/showingtextforpagination' is: 'Showing 0 of 0 Images'

2020-02-26 14:27:20 - [TEST_STEP][PASSED] - resultfound_count = Integer.parseInt(split(" ")[1].trim()): null

2020-02-26 14:27:20 - [TEST_STEP][PASSED] - verifyEqual(resultfound_count, 0): Actual object '0' and expected object '0' are equal

2020-02-26 14:27:20 - [MESSAGE][PASSED] - Actual object '0' and expected object '0' are equal

2020-02-26 14:27:20 - [TEST_STEP][PASSED] - click(findTestObject("AUDIENCE/Data Source/search_closeicon")): Object: 'Object Repository/AUDIENCE/Data Source/search_closeicon' is clicked on

2020-02-26 14:27:21 - [MESSAGE][PASSED] - Object: 'Object Repository/AUDIENCE/Data Source/search_closeicon' is clicked on

2020-02-26 14:27:21 - [TEST_STEP][PASSED] - Start listener action : sampleAfterTestCase: null

2020-02-26 14:27:21 - [TEST_STEP][PASSED] - println(testCaseContext.getTestCaseId()): null

2020-02-26 14:27:21 - [TEST_STEP][PASSED] - println(testCaseContext.getTestCaseStatus()): null

2020-02-26 14:27:21 - [TEST_STEP][PASSED] - println("On Failure Method is Calling : " + testCaseContext.getTestCaseStatus()): null

2020-02-26 14:27:21 - [TEST_STEP][PASSED] - if (!(getTestCaseStatus().equalsIgnoreCase("PASSED"))): null]]></system-out>
         <system-err><![CDATA[]]></system-err>
      </testcase>
      <testcase name="Test Cases/Atlas Platform/Content Management/Image Library/TC_004_Validate_Upload_Image_Page" time="32.298" classname="Test Cases/Atlas Platform/Content Management/Image Library/TC_004_Validate_Upload_Image_Page" status="PASSED">
         <system-out><![CDATA[2020-02-26 14:27:23 - [TEST_CASE][PASSED] - Test Cases/Atlas Platform/Content Management/Image Library/TC_004_Validate_Upload_Image_Page: Test Cases/Atlas Platform/Content Management/Image Library/TC_004_Validate_Upload_Image_Page

2020-02-26 14:27:24 - [TEST_STEP][NOT_RUN] - callTestCase(findTestCase("Atlas Platform/Platform Navigation/Login/LoginWithRootAdmin"), ["user_Email":"navaraj@totient.co.in", "user_Password":"Totient@123"], CONTINUE_ON_FAILURE): NOT_RUN: callTestCase(findTestCase("Atlas Platform/Platform Navigation/Login/LoginWithRootAdmin"), ["user_Email":"navaraj@totient.co.in", "user_Password":"Totient@123"], CONTINUE_ON_FAILURE)

2020-02-26 14:27:24 - [MESSAGE][NOT_RUN] - NOT_RUN: callTestCase(findTestCase("Atlas Platform/Platform Navigation/Login/LoginWithRootAdmin"), ["user_Email":"navaraj@totient.co.in", "user_Password":"Totient@123"], CONTINUE_ON_FAILURE)

2020-02-26 14:27:24 - [TEST_STEP][PASSED] - click(findTestObject("HeaderMenus/contentmeu")): Object: 'Object Repository/HeaderMenus/contentmeu' is clicked on

2020-02-26 14:27:24 - [MESSAGE][PASSED] - Object: 'Object Repository/HeaderMenus/contentmeu' is clicked on

2020-02-26 14:27:24 - [TEST_STEP][PASSED] - click(findTestObject("Login_Page/Dashboard/Content Sub-Navigation/div_Images")): Object: 'Object Repository/Login_Page/Dashboard/Content Sub-Navigation/div_Images' is clicked on

2020-02-26 14:27:25 - [MESSAGE][PASSED] - Object: 'Object Repository/Login_Page/Dashboard/Content Sub-Navigation/div_Images' is clicked on

2020-02-26 14:27:25 - [TEST_STEP][PASSED] - delay(5): Delayed 5 second(s)

2020-02-26 14:27:30 - [MESSAGE][PASSED] - Delayed 5 second(s)

2020-02-26 14:27:30 - [TEST_STEP][PASSED] - click(findTestObject("CONTENT/Image_Listing/upload_image_button")): Object: 'Object Repository/CONTENT/Image_Listing/upload_image_button' is clicked on

2020-02-26 14:27:31 - [MESSAGE][PASSED] - Object: 'Object Repository/CONTENT/Image_Listing/upload_image_button' is clicked on

2020-02-26 14:27:31 - [TEST_STEP][PASSED] - verifyElementText(findTestObject("CONTENT/Upload_Images/h1_Upload Images_Header_Text"), "Upload"): Actual text and expected text of test object 'Object Repository/CONTENT/Upload_Images/h1_Upload Images_Header_Text' are matched.

2020-02-26 14:27:32 - [MESSAGE][PASSED] - Actual text and expected text of test object 'Object Repository/CONTENT/Upload_Images/h1_Upload Images_Header_Text' are matched.

2020-02-26 14:27:32 - [TEST_STEP][PASSED] - img_name = web.CustomKeyword.getTimeStampWithText("Automation - "): web.CustomKeyword.getTimeStampWithText is PASSED

2020-02-26 14:27:32 - [MESSAGE][PASSED] - web.CustomKeyword.getTimeStampWithText is PASSED

2020-02-26 14:27:32 - [TEST_STEP][PASSED] - print(img_name): null

2020-02-26 14:27:33 - [TEST_STEP][PASSED] - setText(findTestObject("CONTENT/Upload_Images/input_Image Name"), img_name): Text 'Automation - 26-2-2020 02:27:32' is set on object 'Object Repository/CONTENT/Upload_Images/input_Image Name'

2020-02-26 14:27:35 - [MESSAGE][PASSED] - Text 'Automation - 26-2-2020 02:27:32' is set on object 'Object Repository/CONTENT/Upload_Images/input_Image Name'

2020-02-26 14:27:35 - [TEST_STEP][PASSED] - click(findTestObject("CONTENT/Upload_Images/button_Add Description")): Object: 'Object Repository/CONTENT/Upload_Images/button_Add Description' is clicked on

2020-02-26 14:27:36 - [MESSAGE][PASSED] - Object: 'Object Repository/CONTENT/Upload_Images/button_Add Description' is clicked on

2020-02-26 14:27:36 - [TEST_STEP][PASSED] - setText(findTestObject("CONTENT/Upload_Images/textarea_Description_description"), web.CustomKeyword.getRandomString()): Text 'TxVVDlFrMeswHiFZACbOdKJydZbyBikfweiMWsEqhwrvuZOVCFXcnVvmcvyIHEIVOOTcaapNsDEiIxZffwOqRSqWmnlsJARlyhbo' is set on object 'Object Repository/CONTENT/Upload_Images/textarea_Description_description'

2020-02-26 14:27:36 - [MESSAGE][PASSED] - web.CustomKeyword.getRandomString is PASSED

2020-02-26 14:27:44 - [MESSAGE][PASSED] - Text 'TxVVDlFrMeswHiFZACbOdKJydZbyBikfweiMWsEqhwrvuZOVCFXcnVvmcvyIHEIVOOTcaapNsDEiIxZffwOqRSqWmnlsJARlyhbo' is set on object 'Object Repository/CONTENT/Upload_Images/textarea_Description_description'

2020-02-26 14:27:44 - [TEST_STEP][PASSED] - dr = getWebDriver(): null

2020-02-26 14:27:44 - [TEST_STEP][PASSED] - listofFileUpload = findWebElements(findTestObject("CONTENT/Upload_Images/label_Select Files"), 0): Timeout '0' is invalid. Using default page load timeout: '230'

2020-02-26 14:27:44 - [MESSAGE][WARNING] - Timeout '0' is invalid. Using default page load timeout: '230'

2020-02-26 14:27:44 - [TEST_STEP][PASSED] - for ([i = 0, i < listofFileUpload.size(), (i++)]): null

2020-02-26 14:27:44 - [TEST_STEP][PASSED] - id = get(i).getAttribute("id"): null

2020-02-26 14:27:44 - [TEST_STEP][PASSED] - ele = dr.findElement(By.id(id)): null

2020-02-26 14:27:45 - [TEST_STEP][PASSED] - ele.sendKeys(System.getProperty("user.dir") + "\Test Files\img" + i + 1 + ".jpg"): null

2020-02-26 14:27:45 - [TEST_STEP][PASSED] - id = get(i).getAttribute("id"): null

2020-02-26 14:27:45 - [TEST_STEP][PASSED] - ele = dr.findElement(By.id(id)): null

2020-02-26 14:27:45 - [TEST_STEP][PASSED] - ele.sendKeys(System.getProperty("user.dir") + "\Test Files\img" + i + 1 + ".jpg"): null

2020-02-26 14:27:45 - [TEST_STEP][PASSED] - id = get(i).getAttribute("id"): null

2020-02-26 14:27:45 - [TEST_STEP][PASSED] - ele = dr.findElement(By.id(id)): null

2020-02-26 14:27:46 - [TEST_STEP][PASSED] - ele.sendKeys(System.getProperty("user.dir") + "\Test Files\img" + i + 1 + ".jpg"): null

2020-02-26 14:27:46 - [TEST_STEP][PASSED] - verifyElementText(findTestObject("CONTENT/Upload_Images/label_Replace"), "Replace"): Actual text and expected text of test object 'Object Repository/CONTENT/Upload_Images/label_Replace' are matched.

2020-02-26 14:27:47 - [MESSAGE][PASSED] - Actual text and expected text of test object 'Object Repository/CONTENT/Upload_Images/label_Replace' are matched.

2020-02-26 14:27:47 - [TEST_STEP][PASSED] - click(findTestObject("CONTENT/Upload_Images/language_DropDown")): Object: 'Object Repository/CONTENT/Upload_Images/language_DropDown' is clicked on

2020-02-26 14:27:47 - [MESSAGE][PASSED] - Object: 'Object Repository/CONTENT/Upload_Images/language_DropDown' is clicked on

2020-02-26 14:27:47 - [TEST_STEP][PASSED] - dropdownlist = findWebElements(findTestObject("CONTENT/Upload_Images/Select_Language_Options"), 0): Timeout '0' is invalid. Using default page load timeout: '230'

2020-02-26 14:27:47 - [MESSAGE][WARNING] - Timeout '0' is invalid. Using default page load timeout: '230'

2020-02-26 14:27:48 - [TEST_STEP][PASSED] - web.CustomKeyword.selectDropDownValue(dropdownlist, "English"): web.CustomKeyword.selectDropDownValue is PASSED

2020-02-26 14:27:48 - [MESSAGE][PASSED] - web.CustomKeyword.selectDropDownValue is PASSED

2020-02-26 14:27:48 - [TEST_STEP][PASSED] - radiobuttonsforMarketing = findWebElements(findTestObject("CONTENT/Upload_Images/maketing_categories"), 0): Timeout '0' is invalid. Using default page load timeout: '230'

2020-02-26 14:27:48 - [MESSAGE][WARNING] - Timeout '0' is invalid. Using default page load timeout: '230'

2020-02-26 14:27:49 - [TEST_STEP][PASSED] - web.CustomKeyword.selectDropDownValue(radiobuttonsforMarketing, "Milestone"): web.CustomKeyword.selectDropDownValue is PASSED

2020-02-26 14:27:49 - [MESSAGE][PASSED] - web.CustomKeyword.selectDropDownValue is PASSED

2020-02-26 14:27:49 - [TEST_STEP][PASSED] - click(findTestObject("CONTENT/Upload_Images/button_Upload")): Object: 'Object Repository/CONTENT/Upload_Images/button_Upload' is clicked on

2020-02-26 14:27:49 - [MESSAGE][PASSED] - Object: 'Object Repository/CONTENT/Upload_Images/button_Upload' is clicked on

2020-02-26 14:27:49 - [TEST_STEP][PASSED] - waitForElementPresent(findTestObject("CONTENT/Image_Listing/all_Image_textwithcount"), 10): Object 'Object Repository/CONTENT/Image_Listing/all_Image_textwithcount' is present

2020-02-26 14:27:52 - [MESSAGE][PASSED] - Object 'Object Repository/CONTENT/Image_Listing/all_Image_textwithcount' is present

2020-02-26 14:27:52 - [TEST_STEP][PASSED] - lisOFImagename = findWebElements(findTestObject("CONTENT/Image_Listing/colum1_Image_Name_values"), 0): Timeout '0' is invalid. Using default page load timeout: '230'

2020-02-26 14:27:52 - [MESSAGE][WARNING] - Timeout '0' is invalid. Using default page load timeout: '230'

2020-02-26 14:27:53 - [TEST_STEP][PASSED] - isUpload = web.CustomKeyword.selectDropDownValue(lisOFImagename, img_name): web.CustomKeyword.selectDropDownValue is PASSED

2020-02-26 14:27:53 - [MESSAGE][PASSED] - web.CustomKeyword.selectDropDownValue is PASSED

2020-02-26 14:27:53 - [TEST_STEP][PASSED] - verifyEqual(isUpload, true): Actual object 'true' and expected object 'true' are equal

2020-02-26 14:27:53 - [MESSAGE][PASSED] - Actual object 'true' and expected object 'true' are equal

2020-02-26 14:27:53 - [TEST_STEP][PASSED] - Start listener action : sampleAfterTestCase: null

2020-02-26 14:27:53 - [TEST_STEP][PASSED] - println(testCaseContext.getTestCaseId()): null

2020-02-26 14:27:53 - [TEST_STEP][PASSED] - println(testCaseContext.getTestCaseStatus()): null

2020-02-26 14:27:53 - [TEST_STEP][PASSED] - println("On Failure Method is Calling : " + testCaseContext.getTestCaseStatus()): null

2020-02-26 14:27:53 - [TEST_STEP][PASSED] - if (!(getTestCaseStatus().equalsIgnoreCase("PASSED"))): null]]></system-out>
         <system-err><![CDATA[]]></system-err>
      </testcase>
      <testcase name="Test Cases/Atlas Platform/Platform Navigation/Picker/TC_099_Close_Common_Browser" time="3.303" classname="Test Cases/Atlas Platform/Platform Navigation/Picker/TC_099_Close_Common_Browser" status="PASSED">
         <system-out><![CDATA[2020-02-26 14:27:55 - [TEST_CASE][PASSED] - Test Cases/Atlas Platform/Platform Navigation/Picker/TC_099_Close_Common_Browser: Test Cases/Atlas Platform/Platform Navigation/Picker/TC_099_Close_Common_Browser

2020-02-26 14:27:56 - [TEST_STEP][PASSED] - closeBrowser(): Browser is closed

2020-02-26 14:27:56 - [MESSAGE][PASSED] - Browser is closed

2020-02-26 14:27:56 - [TEST_STEP][PASSED] - Start listener action : sampleAfterTestCase: null

2020-02-26 14:27:56 - [TEST_STEP][PASSED] - println(testCaseContext.getTestCaseId()): null

2020-02-26 14:27:56 - [TEST_STEP][PASSED] - println(testCaseContext.getTestCaseStatus()): null

2020-02-26 14:27:56 - [TEST_STEP][PASSED] - println("On Failure Method is Calling : " + testCaseContext.getTestCaseStatus()): null

2020-02-26 14:27:56 - [TEST_STEP][PASSED] - if (!(getTestCaseStatus().equalsIgnoreCase("PASSED"))): null]]></system-out>
         <system-err><![CDATA[]]></system-err>
      </testcase>
      <system-out><![CDATA[2020-02-26 14:25:49 - [TEST_SUITE][PASSED] - Images: Test Cases/Atlas Platform/Platform Navigation/Picker/TC_099_Close_Common_Browser]]></system-out>
      <system-err><![CDATA[]]></system-err>
   </testsuite>
</testsuites>
