<?xml version="1.0" encoding="UTF-8"?>
<testsuites name="Data Source" time="264.293" tests="12" failures="4" errors="0">
   <testsuite name="Data Source" tests="12" failures="4" errors="0" time="264.293" timestamp="2020-02-28 12:27:20" hostname="Dell - DESKTOP-8FKLJ50" id="Test Suites/AUDIENCE/Data Source">
      <properties>
         <property name="deviceName" value=""/>
         <property name="devicePlatform" value=""/>
         <property name="logFolder" value="C:\\Users\\Dell\\git\\GSMProject\\Reports\\20200228_122706\\AUDIENCE\\Data Source\\20200228_122706"/>
         <property name="logFiles" value="C:\\Users\\Dell\\git\\GSMProject\\Reports\\20200228_122706\\AUDIENCE\\Data Source\\20200228_122706\\execution0.log"/>
         <property name="attachments" value="D:\\TestDataForSampleProject\\test1.jpg, C:\\Users\\Dell\\git\\GSMProject\\Reports\\20200228_122706\\AUDIENCE\\Data Source\\20200228_122706/videos\\test_3.avi, D:\\TestDataForSampleProject\\test1.jpg, C:\\Users\\Dell\\git\\GSMProject\\Reports\\20200228_122706\\AUDIENCE\\Data Source\\20200228_122706/videos\\test_4.avi, D:\\TestDataForSampleProject\\test1.jpg, C:\\Users\\Dell\\git\\GSMProject\\Reports\\20200228_122706\\AUDIENCE\\Data Source\\20200228_122706/videos\\test_5.avi, D:\\TestDataForSampleProject\\test1.jpg, C:\\Users\\Dell\\git\\GSMProject\\Reports\\20200228_122706\\AUDIENCE\\Data Source\\20200228_122706/videos\\test_6.avi"/>
         <property name="hostName" value="Dell - DESKTOP-8FKLJ50"/>
         <property name="os" value="Windows 10 64bit"/>
         <property name="katalonVersion" value="7.2.1.1"/>
         <property name="browser" value="Chrome 80.0.3987.122"/>
         <property name="dbServerInfo" value="MySQL 5.7.22-log"/>
         <property name="hostAddress" value="10.0.75.1"/>
         <property name="sessionId" value="e254d4628cf3fff60d32ddae8fdd87ba"/>
         <property name="seleniumVersion" value="3.141.59"/>
         <property name="proxyInformation" value="ProxyInformation{proxyOption=NO_PROXY, proxyServerType=HTTP, password=, proxyServerAddress=, proxyServerPort=0, executionList=}"/>
         <property name="platform" value="Windows 10"/>
      </properties>
      <testcase name="Test Cases/Atlas Platform/Platform Navigation/Picker/TC_000_Common_Browser_WithLogin" time="27.176" classname="Test Cases/Atlas Platform/Platform Navigation/Picker/TC_000_Common_Browser_WithLogin" status="PASSED">
         <system-out><![CDATA[2020-02-28 12:27:20 - [TEST_CASE][PASSED] - Test Cases/Atlas Platform/Platform Navigation/Picker/TC_000_Common_Browser_WithLogin: Test Cases/Atlas Platform/Platform Navigation/Picker/TC_000_Common_Browser_WithLogin

2020-02-28 12:27:21 - [TEST_STEP][PASSED] - callTestCase(findTestCase("Atlas Platform/Platform Navigation/Login/LoginWithRootAdmin"), [:], STOP_ON_FAILURE): Call Test Case 'Test Cases/Atlas Platform/Platform Navigation/Login/LoginWithRootAdmin' successfully

2020-02-28 12:27:22 - [TEST_CASE][PASSED] - Test Cases/Atlas Platform/Platform Navigation/Login/LoginWithRootAdmin: Test Cases/Atlas Platform/Platform Navigation/Login/LoginWithRootAdmin

2020-02-28 12:27:23 - [TEST_STEP][PASSED] - openBrowser(""): Browser is opened with url: ''

2020-02-28 12:27:23 - [MESSAGE][INFO] - Starting 'Chrome' driver

2020-02-28 12:27:23 - [MESSAGE][INFO] - User set preference: ['args', '[--start-maximized, --disable-web-security, --no-proxy-server]']

2020-02-28 12:27:23 - [MESSAGE][INFO] - User set preference: ['prefs', '{credentials_enable_service=false, profile.password_manager_enabled=false}']

2020-02-28 12:27:23 - [MESSAGE][INFO] - Action delay is set to 0 seconds

2020-02-28 12:27:32 - [MESSAGE][PASSED] - Browser is opened with url: ''

2020-02-28 12:27:32 - [TEST_STEP][NOT_RUN] - callTestCase(findTestCase("Atlas Platform/Platform Navigation/Login/Default Logins/TC_100_ForSecurityURLSAcceptance"), [:], CONTINUE_ON_FAILURE): NOT_RUN: callTestCase(findTestCase("Atlas Platform/Platform Navigation/Login/Default Logins/TC_100_ForSecurityURLSAcceptance"), [:], CONTINUE_ON_FAILURE)

2020-02-28 12:27:32 - [MESSAGE][NOT_RUN] - NOT_RUN: callTestCase(findTestCase("Atlas Platform/Platform Navigation/Login/Default Logins/TC_100_ForSecurityURLSAcceptance"), [:], CONTINUE_ON_FAILURE)

2020-02-28 12:27:32 - [TEST_STEP][PASSED] - navigateToUrl("https://atlas-dev.gsm.auto/"): Navigate to 'https://atlas-dev.gsm.auto/' successfully

2020-02-28 12:27:36 - [MESSAGE][PASSED] - Navigate to 'https://atlas-dev.gsm.auto/' successfully

2020-02-28 12:27:36 - [TEST_STEP][PASSED] - setText(findTestObject("Object Repository/LoginPage/loginpageemailtxtbox"), user_Email): Text 'navaraj@totient.co.in' is set on object 'Object Repository/LoginPage/loginpageemailtxtbox'

2020-02-28 12:27:38 - [MESSAGE][PASSED] - Text 'navaraj@totient.co.in' is set on object 'Object Repository/LoginPage/loginpageemailtxtbox'

2020-02-28 12:27:38 - [TEST_STEP][PASSED] - setText(findTestObject("Object Repository/LoginPage/loginpaepasswordtxtbox"), user_Password): Text 'Totient@123' is set on object 'Object Repository/LoginPage/loginpaepasswordtxtbox'

2020-02-28 12:27:39 - [MESSAGE][PASSED] - Text 'Totient@123' is set on object 'Object Repository/LoginPage/loginpaepasswordtxtbox'

2020-02-28 12:27:39 - [TEST_STEP][PASSED] - click(findTestObject("LoginPage/loginpageloginbtn")): Object: 'Object Repository/LoginPage/loginpageloginbtn' is clicked on

2020-02-28 12:27:39 - [MESSAGE][PASSED] - Object: 'Object Repository/LoginPage/loginpageloginbtn' is clicked on

2020-02-28 12:27:39 - [TEST_STEP][PASSED] - conn = com.katalon.plugin.keyword.connection.DatabaseKeywords.getGlobalConnection(): com.katalon.plugin.keyword.connection.DatabaseKeywords.getGlobalConnection is PASSED

2020-02-28 12:27:44 - [MESSAGE][PASSED] - com.katalon.plugin.keyword.connection.DatabaseKeywords.getGlobalConnection is PASSED

2020-02-28 12:27:44 - [TEST_STEP][PASSED] - resultValues1 = com.katalon.plugin.keyword.connection.DatabaseKeywords.executeQuery(conn, "SELECT * FROM atlas_config.user WHERE email ="" + user_Email + "";"): com.katalon.plugin.keyword.connection.DatabaseKeywords.executeQuery is PASSED

2020-02-28 12:27:45 - [MESSAGE][PASSED] - com.katalon.plugin.keyword.connection.DatabaseKeywords.executeQuery is PASSED

2020-02-28 12:27:45 - [TEST_STEP][PASSED] - println(com.katalon.plugin.keyword.connection.ResultSetKeywords.getSingleCellValue(resultValues1, 1, "user_id")): com.katalon.plugin.keyword.connection.ResultSetKeywords.getSingleCellValue is PASSED

2020-02-28 12:27:45 - [MESSAGE][PASSED] - com.katalon.plugin.keyword.connection.ResultSetKeywords.getSingleCellValue is PASSED

2020-02-28 12:27:45 - [TEST_STEP][PASSED] - user_id = com.katalon.plugin.keyword.connection.ResultSetKeywords.getSingleCellValue(resultValues1, 1, "user_id"): com.katalon.plugin.keyword.connection.ResultSetKeywords.getSingleCellValue is PASSED

2020-02-28 12:27:45 - [MESSAGE][PASSED] - com.katalon.plugin.keyword.connection.ResultSetKeywords.getSingleCellValue is PASSED

2020-02-28 12:27:45 - [TEST_STEP][PASSED] - println("User ID Variable value is : " + user_id): null

2020-02-28 12:27:45 - [MESSAGE][PASSED] - Call Test Case 'Test Cases/Atlas Platform/Platform Navigation/Login/LoginWithRootAdmin' successfully

2020-02-28 12:27:45 - [TEST_STEP][PASSED] - Start listener action : sampleAfterTestCase: null

2020-02-28 12:27:45 - [TEST_STEP][PASSED] - println(testCaseContext.getTestCaseId()): null

2020-02-28 12:27:45 - [TEST_STEP][PASSED] - println(testCaseContext.getTestCaseStatus()): null

2020-02-28 12:27:45 - [TEST_STEP][PASSED] - println("On Failure Method is Calling : " + testCaseContext.getTestCaseStatus()): null

2020-02-28 12:27:45 - [TEST_STEP][PASSED] - if (!(getTestCaseStatus().equalsIgnoreCase("PASSED"))): null]]></system-out>
         <system-err><![CDATA[]]></system-err>
      </testcase>
      <testcase name="Test Cases/Atlas Platform/Data Management/Data Listing/TC_001_Verify_Audience_Total_Count" time="8.667" classname="Test Cases/Atlas Platform/Data Management/Data Listing/TC_001_Verify_Audience_Total_Count" status="PASSED">
         <system-out><![CDATA[2020-02-28 12:27:47 - [TEST_CASE][PASSED] - Test Cases/Atlas Platform/Data Management/Data Listing/TC_001_Verify_Audience_Total_Count: Test Cases/Atlas Platform/Data Management/Data Listing/TC_001_Verify_Audience_Total_Count

2020-02-28 12:27:48 - [TEST_STEP][NOT_RUN] - callTestCase(findTestCase("Atlas Platform/Platform Navigation/Login/LoginWithRootAdmin"), ["user_Email":"navaraj@totient.co.in", "user_Password":"Totient@123"], CONTINUE_ON_FAILURE): NOT_RUN: callTestCase(findTestCase("Atlas Platform/Platform Navigation/Login/LoginWithRootAdmin"), ["user_Email":"navaraj@totient.co.in", "user_Password":"Totient@123"], CONTINUE_ON_FAILURE)

2020-02-28 12:27:48 - [MESSAGE][NOT_RUN] - NOT_RUN: callTestCase(findTestCase("Atlas Platform/Platform Navigation/Login/LoginWithRootAdmin"), ["user_Email":"navaraj@totient.co.in", "user_Password":"Totient@123"], CONTINUE_ON_FAILURE)

2020-02-28 12:27:48 - [TEST_STEP][PASSED] - click(findTestObject("HeaderMenus/audiencemenu")): Object: 'Object Repository/HeaderMenus/audiencemenu' is clicked on

2020-02-28 12:27:48 - [MESSAGE][PASSED] - Object: 'Object Repository/HeaderMenus/audiencemenu' is clicked on

2020-02-28 12:27:48 - [TEST_STEP][PASSED] - click(findTestObject("Login_Page/Dashboard/Data Sub-Navigation/div_Data Source")): Object: 'Object Repository/Login_Page/Dashboard/Data Sub-Navigation/div_Data Source' is clicked on

2020-02-28 12:27:50 - [MESSAGE][PASSED] - Object: 'Object Repository/Login_Page/Dashboard/Data Sub-Navigation/div_Data Source' is clicked on

2020-02-28 12:27:50 - [TEST_STEP][PASSED] - totalText = getText(findTestObject("Object Repository/AUDIENCE/Data Source/total_count")): Text of object 'Object Repository/AUDIENCE/Data Source/total_count' is: '(23)'

2020-02-28 12:27:51 - [MESSAGE][PASSED] - Text of object 'Object Repository/AUDIENCE/Data Source/total_count' is: '(23)'

2020-02-28 12:27:51 - [TEST_STEP][PASSED] - println(totalText): null

2020-02-28 12:27:51 - [TEST_STEP][PASSED] - total = Integer.parseInt(replace(")", "").trim()): null

2020-02-28 12:27:51 - [TEST_STEP][PASSED] - elements = findWebElements(findTestObject("AUDIENCE/Data Source/column1_values"), 0): Timeout '0' is invalid. Using default page load timeout: '230'

2020-02-28 12:27:51 - [MESSAGE][WARNING] - Timeout '0' is invalid. Using default page load timeout: '230'

2020-02-28 12:27:51 - [TEST_STEP][PASSED] - pageValueCount = elements.size(): null

2020-02-28 12:27:51 - [TEST_STEP][PASSED] - if (total > 10): null

2020-02-28 12:27:51 - [TEST_STEP][PASSED] - while (total != pageValueCount): null

2020-02-28 12:27:51 - [TEST_STEP][PASSED] - click(findTestObject("AUDIENCE/Data Source/next")): Object: 'Object Repository/AUDIENCE/Data Source/next' is clicked on

2020-02-28 12:27:52 - [MESSAGE][PASSED] - Object: 'Object Repository/AUDIENCE/Data Source/next' is clicked on

2020-02-28 12:27:52 - [TEST_STEP][PASSED] - elements = findWebElements(findTestObject("AUDIENCE/Data Source/column1_values"), 0): Timeout '0' is invalid. Using default page load timeout: '230'

2020-02-28 12:27:52 - [MESSAGE][WARNING] - Timeout '0' is invalid. Using default page load timeout: '230'

2020-02-28 12:27:53 - [TEST_STEP][PASSED] - pageValueCount += elements.size(): null

2020-02-28 12:27:53 - [TEST_STEP][PASSED] - click(findTestObject("AUDIENCE/Data Source/next")): Object: 'Object Repository/AUDIENCE/Data Source/next' is clicked on

2020-02-28 12:27:53 - [MESSAGE][PASSED] - Object: 'Object Repository/AUDIENCE/Data Source/next' is clicked on

2020-02-28 12:27:53 - [TEST_STEP][PASSED] - elements = findWebElements(findTestObject("AUDIENCE/Data Source/column1_values"), 0): Timeout '0' is invalid. Using default page load timeout: '230'

2020-02-28 12:27:53 - [MESSAGE][WARNING] - Timeout '0' is invalid. Using default page load timeout: '230'

2020-02-28 12:27:54 - [TEST_STEP][PASSED] - pageValueCount += elements.size(): null

2020-02-28 12:27:54 - [TEST_STEP][PASSED] - verifyEqual(total, pageValueCount): Actual object '23' and expected object '23' are equal

2020-02-28 12:27:54 - [MESSAGE][PASSED] - Actual object '23' and expected object '23' are equal

2020-02-28 12:27:54 - [TEST_STEP][PASSED] - Start listener action : sampleAfterTestCase: null

2020-02-28 12:27:54 - [TEST_STEP][PASSED] - println(testCaseContext.getTestCaseId()): null

2020-02-28 12:27:54 - [TEST_STEP][PASSED] - println(testCaseContext.getTestCaseStatus()): null

2020-02-28 12:27:54 - [TEST_STEP][PASSED] - println("On Failure Method is Calling : " + testCaseContext.getTestCaseStatus()): null

2020-02-28 12:27:54 - [TEST_STEP][PASSED] - if (!(getTestCaseStatus().equalsIgnoreCase("PASSED"))): null]]></system-out>
         <system-err><![CDATA[]]></system-err>
      </testcase>
      <testcase name="Test Cases/Atlas Platform/Data Management/Data Listing/TC_002_Validate_Active_Filter_WithCount" time="17.873" classname="Test Cases/Atlas Platform/Data Management/Data Listing/TC_002_Validate_Active_Filter_WithCount" status="FAILED">
         <failure type="FAILED" message="Test Cases/Atlas Platform/Data Management/Data Listing/TC_002_Validate_Active_Filter_WithCount FAILED.
Reason:
com.kms.katalon.core.exception.StepFailedException: Unable to verify equal between actual object '20' and expected object '23' (Root cause: com.kms.katalon.core.exception.StepFailedException: Actual object '20' and expected object '23' are not equal
	at com.kms.katalon.core.keyword.builtin.VerifyEqualKeyword$_verifyEqual_closure1.doCall(VerifyEqualKeyword.groovy:58)
	at com.kms.katalon.core.keyword.builtin.VerifyEqualKeyword$_verifyEqual_closure1.call(VerifyEqualKeyword.groovy)
	at com.kms.katalon.core.keyword.internal.KeywordMain.runKeyword(KeywordMain.groovy:68)
	at com.kms.katalon.core.keyword.builtin.VerifyEqualKeyword.verifyEqual(VerifyEqualKeyword.groovy:63)
	at com.kms.katalon.core.keyword.builtin.VerifyEqualKeyword.execute(VerifyEqualKeyword.groovy:44)
	at com.kms.katalon.core.keyword.internal.KeywordExecutor.executeKeywordForPlatform(KeywordExecutor.groovy:72)
	at com.kms.katalon.core.keyword.BuiltinKeywords.verifyEqual(BuiltinKeywords.groovy:141)
	at TC_002_Validate_Active_Filter_WithCount.run(TC_002_Validate_Active_Filter_WithCount:71)
	at com.kms.katalon.core.main.ScriptEngine.run(ScriptEngine.java:194)
	at com.kms.katalon.core.main.ScriptEngine.runScriptAsRawText(ScriptEngine.java:119)
	at com.kms.katalon.core.main.TestCaseExecutor.runScript(TestCaseExecutor.java:337)
	at com.kms.katalon.core.main.TestCaseExecutor.doExecute(TestCaseExecutor.java:328)
	at com.kms.katalon.core.main.TestCaseExecutor.processExecutionPhase(TestCaseExecutor.java:307)
	at com.kms.katalon.core.main.TestCaseExecutor.accessMainPhase(TestCaseExecutor.java:299)
	at com.kms.katalon.core.main.TestCaseExecutor.execute(TestCaseExecutor.java:233)
	at com.kms.katalon.core.main.TestSuiteExecutor.accessTestCaseMainPhase(TestSuiteExecutor.java:169)
	at com.kms.katalon.core.main.TestSuiteExecutor.accessTestSuiteMainPhase(TestSuiteExecutor.java:142)
	at com.kms.katalon.core.main.TestSuiteExecutor.execute(TestSuiteExecutor.java:91)
	at com.kms.katalon.core.main.TestCaseMain.startTestSuite(TestCaseMain.java:157)
	at com.kms.katalon.core.main.TestCaseMain$startTestSuite$0.call(Unknown Source)
	at TempTestSuite1582873031480.run(TempTestSuite1582873031480.groovy:36)
)
	at com.kms.katalon.core.keyword.internal.KeywordMain.stepFailed(KeywordMain.groovy:39)
	at com.kms.katalon.core.keyword.internal.KeywordMain.stepFailed(KeywordMain.groovy)
	at com.kms.katalon.core.keyword.internal.KeywordMain.runKeyword(KeywordMain.groovy:70)
	at com.kms.katalon.core.keyword.builtin.VerifyEqualKeyword.verifyEqual(VerifyEqualKeyword.groovy:63)
	at com.kms.katalon.core.keyword.builtin.VerifyEqualKeyword.execute(VerifyEqualKeyword.groovy:44)
	at com.kms.katalon.core.keyword.internal.KeywordExecutor.executeKeywordForPlatform(KeywordExecutor.groovy:72)
	at com.kms.katalon.core.keyword.BuiltinKeywords.verifyEqual(BuiltinKeywords.groovy:141)
	at TC_002_Validate_Active_Filter_WithCount.run(TC_002_Validate_Active_Filter_WithCount:71)
	at com.kms.katalon.core.main.ScriptEngine.run(ScriptEngine.java:194)
	at com.kms.katalon.core.main.ScriptEngine.runScriptAsRawText(ScriptEngine.java:119)
	at com.kms.katalon.core.main.TestCaseExecutor.runScript(TestCaseExecutor.java:337)
	at com.kms.katalon.core.main.TestCaseExecutor.doExecute(TestCaseExecutor.java:328)
	at com.kms.katalon.core.main.TestCaseExecutor.processExecutionPhase(TestCaseExecutor.java:307)
	at com.kms.katalon.core.main.TestCaseExecutor.accessMainPhase(TestCaseExecutor.java:299)
	at com.kms.katalon.core.main.TestCaseExecutor.execute(TestCaseExecutor.java:233)
	at com.kms.katalon.core.main.TestSuiteExecutor.accessTestCaseMainPhase(TestSuiteExecutor.java:169)
	at com.kms.katalon.core.main.TestSuiteExecutor.accessTestSuiteMainPhase(TestSuiteExecutor.java:142)
	at com.kms.katalon.core.main.TestSuiteExecutor.execute(TestSuiteExecutor.java:91)
	at com.kms.katalon.core.main.TestCaseMain.startTestSuite(TestCaseMain.java:157)
	at com.kms.katalon.core.main.TestCaseMain$startTestSuite$0.call(Unknown Source)
	at TempTestSuite1582873031480.run(TempTestSuite1582873031480.groovy:36)
Caused by: com.kms.katalon.core.exception.StepFailedException: Actual object '20' and expected object '23' are not equal
	at com.kms.katalon.core.keyword.builtin.VerifyEqualKeyword$_verifyEqual_closure1.doCall(VerifyEqualKeyword.groovy:58)
	at com.kms.katalon.core.keyword.builtin.VerifyEqualKeyword$_verifyEqual_closure1.call(VerifyEqualKeyword.groovy)
	at com.kms.katalon.core.keyword.internal.KeywordMain.runKeyword(KeywordMain.groovy:68)
	... 18 more
"/>
         <system-out><![CDATA[2020-02-28 12:27:56 - [TEST_CASE][FAILED] - Test Cases/Atlas Platform/Data Management/Data Listing/TC_002_Validate_Active_Filter_WithCount: Test Cases/Atlas Platform/Data Management/Data Listing/TC_002_Validate_Active_Filter_WithCount FAILED.
Reason:
com.kms.katalon.core.exception.StepFailedException: Unable to verify equal between actual object '20' and expected object '23' (Root cause: com.kms.katalon.core.exception.StepFailedException: Actual object '20' and expected object '23' are not equal
	at com.kms.katalon.core.keyword.builtin.VerifyEqualKeyword$_verifyEqual_closure1.doCall(VerifyEqualKeyword.groovy:58)
	at com.kms.katalon.core.keyword.builtin.VerifyEqualKeyword$_verifyEqual_closure1.call(VerifyEqualKeyword.groovy)
	at com.kms.katalon.core.keyword.internal.KeywordMain.runKeyword(KeywordMain.groovy:68)
	at com.kms.katalon.core.keyword.builtin.VerifyEqualKeyword.verifyEqual(VerifyEqualKeyword.groovy:63)
	at com.kms.katalon.core.keyword.builtin.VerifyEqualKeyword.execute(VerifyEqualKeyword.groovy:44)
	at com.kms.katalon.core.keyword.internal.KeywordExecutor.executeKeywordForPlatform(KeywordExecutor.groovy:72)
	at com.kms.katalon.core.keyword.BuiltinKeywords.verifyEqual(BuiltinKeywords.groovy:141)
	at TC_002_Validate_Active_Filter_WithCount.run(TC_002_Validate_Active_Filter_WithCount:71)
	at com.kms.katalon.core.main.ScriptEngine.run(ScriptEngine.java:194)
	at com.kms.katalon.core.main.ScriptEngine.runScriptAsRawText(ScriptEngine.java:119)
	at com.kms.katalon.core.main.TestCaseExecutor.runScript(TestCaseExecutor.java:337)
	at com.kms.katalon.core.main.TestCaseExecutor.doExecute(TestCaseExecutor.java:328)
	at com.kms.katalon.core.main.TestCaseExecutor.processExecutionPhase(TestCaseExecutor.java:307)
	at com.kms.katalon.core.main.TestCaseExecutor.accessMainPhase(TestCaseExecutor.java:299)
	at com.kms.katalon.core.main.TestCaseExecutor.execute(TestCaseExecutor.java:233)
	at com.kms.katalon.core.main.TestSuiteExecutor.accessTestCaseMainPhase(TestSuiteExecutor.java:169)
	at com.kms.katalon.core.main.TestSuiteExecutor.accessTestSuiteMainPhase(TestSuiteExecutor.java:142)
	at com.kms.katalon.core.main.TestSuiteExecutor.execute(TestSuiteExecutor.java:91)
	at com.kms.katalon.core.main.TestCaseMain.startTestSuite(TestCaseMain.java:157)
	at com.kms.katalon.core.main.TestCaseMain$startTestSuite$0.call(Unknown Source)
	at TempTestSuite1582873031480.run(TempTestSuite1582873031480.groovy:36)
)
	at com.kms.katalon.core.keyword.internal.KeywordMain.stepFailed(KeywordMain.groovy:39)
	at com.kms.katalon.core.keyword.internal.KeywordMain.stepFailed(KeywordMain.groovy)
	at com.kms.katalon.core.keyword.internal.KeywordMain.runKeyword(KeywordMain.groovy:70)
	at com.kms.katalon.core.keyword.builtin.VerifyEqualKeyword.verifyEqual(VerifyEqualKeyword.groovy:63)
	at com.kms.katalon.core.keyword.builtin.VerifyEqualKeyword.execute(VerifyEqualKeyword.groovy:44)
	at com.kms.katalon.core.keyword.internal.KeywordExecutor.executeKeywordForPlatform(KeywordExecutor.groovy:72)
	at com.kms.katalon.core.keyword.BuiltinKeywords.verifyEqual(BuiltinKeywords.groovy:141)
	at TC_002_Validate_Active_Filter_WithCount.run(TC_002_Validate_Active_Filter_WithCount:71)
	at com.kms.katalon.core.main.ScriptEngine.run(ScriptEngine.java:194)
	at com.kms.katalon.core.main.ScriptEngine.runScriptAsRawText(ScriptEngine.java:119)
	at com.kms.katalon.core.main.TestCaseExecutor.runScript(TestCaseExecutor.java:337)
	at com.kms.katalon.core.main.TestCaseExecutor.doExecute(TestCaseExecutor.java:328)
	at com.kms.katalon.core.main.TestCaseExecutor.processExecutionPhase(TestCaseExecutor.java:307)
	at com.kms.katalon.core.main.TestCaseExecutor.accessMainPhase(TestCaseExecutor.java:299)
	at com.kms.katalon.core.main.TestCaseExecutor.execute(TestCaseExecutor.java:233)
	at com.kms.katalon.core.main.TestSuiteExecutor.accessTestCaseMainPhase(TestSuiteExecutor.java:169)
	at com.kms.katalon.core.main.TestSuiteExecutor.accessTestSuiteMainPhase(TestSuiteExecutor.java:142)
	at com.kms.katalon.core.main.TestSuiteExecutor.execute(TestSuiteExecutor.java:91)
	at com.kms.katalon.core.main.TestCaseMain.startTestSuite(TestCaseMain.java:157)
	at com.kms.katalon.core.main.TestCaseMain$startTestSuite$0.call(Unknown Source)
	at TempTestSuite1582873031480.run(TempTestSuite1582873031480.groovy:36)
Caused by: com.kms.katalon.core.exception.StepFailedException: Actual object '20' and expected object '23' are not equal
	at com.kms.katalon.core.keyword.builtin.VerifyEqualKeyword$_verifyEqual_closure1.doCall(VerifyEqualKeyword.groovy:58)
	at com.kms.katalon.core.keyword.builtin.VerifyEqualKeyword$_verifyEqual_closure1.call(VerifyEqualKeyword.groovy)
	at com.kms.katalon.core.keyword.internal.KeywordMain.runKeyword(KeywordMain.groovy:68)
	... 18 more


2020-02-28 12:27:57 - [TEST_STEP][NOT_RUN] - callTestCase(findTestCase("Atlas Platform/Platform Navigation/Login/LoginWithRootAdmin"), ["user_Email":"navaraj@totient.co.in", "user_Password":"Totient@123"], CONTINUE_ON_FAILURE): NOT_RUN: callTestCase(findTestCase("Atlas Platform/Platform Navigation/Login/LoginWithRootAdmin"), ["user_Email":"navaraj@totient.co.in", "user_Password":"Totient@123"], CONTINUE_ON_FAILURE)

2020-02-28 12:27:57 - [MESSAGE][NOT_RUN] - NOT_RUN: callTestCase(findTestCase("Atlas Platform/Platform Navigation/Login/LoginWithRootAdmin"), ["user_Email":"navaraj@totient.co.in", "user_Password":"Totient@123"], CONTINUE_ON_FAILURE)

2020-02-28 12:27:57 - [TEST_STEP][PASSED] - click(findTestObject("HeaderMenus/audiencemenu")): Object: 'Object Repository/HeaderMenus/audiencemenu' is clicked on

2020-02-28 12:27:57 - [MESSAGE][PASSED] - Object: 'Object Repository/HeaderMenus/audiencemenu' is clicked on

2020-02-28 12:27:57 - [TEST_STEP][PASSED] - refresh(): Refresh successfully

2020-02-28 12:28:00 - [MESSAGE][PASSED] - Refresh successfully

2020-02-28 12:28:00 - [TEST_STEP][PASSED] - click(findTestObject("Login_Page/Dashboard/Data Sub-Navigation/div_Data Source")): Object: 'Object Repository/Login_Page/Dashboard/Data Sub-Navigation/div_Data Source' is clicked on

2020-02-28 12:28:01 - [MESSAGE][PASSED] - Object: 'Object Repository/Login_Page/Dashboard/Data Sub-Navigation/div_Data Source' is clicked on

2020-02-28 12:28:01 - [TEST_STEP][PASSED] - beforefilterapplytot = getText(findTestObject("Object Repository/AUDIENCE/Data Source/total_count")): Text of object 'Object Repository/AUDIENCE/Data Source/total_count' is: '(23)'

2020-02-28 12:28:01 - [MESSAGE][PASSED] - Text of object 'Object Repository/AUDIENCE/Data Source/total_count' is: '(23)'

2020-02-28 12:28:01 - [TEST_STEP][PASSED] - beforetotal = Integer.parseInt(replace(")", "").trim()): null

2020-02-28 12:28:01 - [TEST_STEP][PASSED] - click(findTestObject("Object Repository/AUDIENCE/Data Source/filter")): Object: 'Object Repository/AUDIENCE/Data Source/filter' is clicked on

2020-02-28 12:28:02 - [MESSAGE][PASSED] - Object: 'Object Repository/AUDIENCE/Data Source/filter' is clicked on

2020-02-28 12:28:02 - [TEST_STEP][PASSED] - click(findTestObject("Object Repository/AUDIENCE/Data Source/active")): Object: 'Object Repository/AUDIENCE/Data Source/active' is clicked on

2020-02-28 12:28:03 - [MESSAGE][PASSED] - Object: 'Object Repository/AUDIENCE/Data Source/active' is clicked on

2020-02-28 12:28:03 - [TEST_STEP][PASSED] - click(findTestObject("Object Repository/AUDIENCE/Data Source/apply_btn")): Object: 'Object Repository/AUDIENCE/Data Source/apply_btn' is clicked on

2020-02-28 12:28:03 - [MESSAGE][PASSED] - Object: 'Object Repository/AUDIENCE/Data Source/apply_btn' is clicked on

2020-02-28 12:28:03 - [TEST_STEP][PASSED] - delay(3): Delayed 3 second(s)

2020-02-28 12:28:06 - [MESSAGE][PASSED] - Delayed 3 second(s)

2020-02-28 12:28:06 - [TEST_STEP][PASSED] - verifyElementText(findTestObject("Object Repository/AUDIENCE/Data Source/active_text_filtered"), "Active"): Actual text and expected text of test object 'Object Repository/AUDIENCE/Data Source/active_text_filtered' are matched.

2020-02-28 12:28:07 - [MESSAGE][PASSED] - Actual text and expected text of test object 'Object Repository/AUDIENCE/Data Source/active_text_filtered' are matched.

2020-02-28 12:28:07 - [TEST_STEP][PASSED] - totalText = getText(findTestObject("Object Repository/AUDIENCE/Data Source/matchingRecord_count")): Text of object 'Object Repository/AUDIENCE/Data Source/matchingRecord_count' is: '19 Results Matching'

2020-02-28 12:28:07 - [MESSAGE][PASSED] - Text of object 'Object Repository/AUDIENCE/Data Source/matchingRecord_count' is: '19 Results Matching'

2020-02-28 12:28:07 - [TEST_STEP][PASSED] - total = Integer.parseInt(split(" ")[0].trim()): null

2020-02-28 12:28:07 - [TEST_STEP][PASSED] - elements = findWebElements(findTestObject("AUDIENCE/Data Source/column1_values"), 0): Timeout '0' is invalid. Using default page load timeout: '230'

2020-02-28 12:28:07 - [MESSAGE][WARNING] - Timeout '0' is invalid. Using default page load timeout: '230'

2020-02-28 12:28:07 - [TEST_STEP][PASSED] - pageValueCount = elements.size(): null

2020-02-28 12:28:08 - [TEST_STEP][PASSED] - if (total > 10): null

2020-02-28 12:28:08 - [TEST_STEP][PASSED] - while (total != pageValueCount): null

2020-02-28 12:28:08 - [TEST_STEP][PASSED] - click(findTestObject("AUDIENCE/Data Source/next")): Object: 'Object Repository/AUDIENCE/Data Source/next' is clicked on

2020-02-28 12:28:08 - [MESSAGE][PASSED] - Object: 'Object Repository/AUDIENCE/Data Source/next' is clicked on

2020-02-28 12:28:08 - [TEST_STEP][PASSED] - elements = findWebElements(findTestObject("AUDIENCE/Data Source/column1_values"), 0): Timeout '0' is invalid. Using default page load timeout: '230'

2020-02-28 12:28:08 - [MESSAGE][WARNING] - Timeout '0' is invalid. Using default page load timeout: '230'

2020-02-28 12:28:09 - [TEST_STEP][PASSED] - pageValueCount += elements.size(): null

2020-02-28 12:28:09 - [TEST_STEP][PASSED] - verifyEqual(total, pageValueCount): Actual object '19' and expected object '19' are equal

2020-02-28 12:28:10 - [MESSAGE][PASSED] - Actual object '19' and expected object '19' are equal

2020-02-28 12:28:10 - [TEST_STEP][PASSED] - click(findTestObject("AUDIENCE/Data Source/active_close_icon")): Object: 'Object Repository/AUDIENCE/Data Source/active_close_icon' is clicked on

2020-02-28 12:28:10 - [MESSAGE][PASSED] - Object: 'Object Repository/AUDIENCE/Data Source/active_close_icon' is clicked on

2020-02-28 12:28:10 - [TEST_STEP][PASSED] - afterfilterapplytot = getText(findTestObject("Object Repository/AUDIENCE/Data Source/total_count")): Text of object 'Object Repository/AUDIENCE/Data Source/total_count' is: '(20)'

2020-02-28 12:28:11 - [MESSAGE][PASSED] - Text of object 'Object Repository/AUDIENCE/Data Source/total_count' is: '(20)'

2020-02-28 12:28:11 - [TEST_STEP][PASSED] - aftertotal = Integer.parseInt(replace(")", "").trim()): null

2020-02-28 12:28:11 - [TEST_STEP][FAILED] - verifyEqual(aftertotal, beforetotal): Unable to verify equal between actual object '20' and expected object '23' (Root cause: com.kms.katalon.core.exception.StepFailedException: Actual object '20' and expected object '23' are not equal
	at com.kms.katalon.core.keyword.builtin.VerifyEqualKeyword$_verifyEqual_closure1.doCall(VerifyEqualKeyword.groovy:58)
	at com.kms.katalon.core.keyword.builtin.VerifyEqualKeyword$_verifyEqual_closure1.call(VerifyEqualKeyword.groovy)
	at com.kms.katalon.core.keyword.internal.KeywordMain.runKeyword(KeywordMain.groovy:68)
	at com.kms.katalon.core.keyword.builtin.VerifyEqualKeyword.verifyEqual(VerifyEqualKeyword.groovy:63)
	at com.kms.katalon.core.keyword.builtin.VerifyEqualKeyword.execute(VerifyEqualKeyword.groovy:44)
	at com.kms.katalon.core.keyword.internal.KeywordExecutor.executeKeywordForPlatform(KeywordExecutor.groovy:72)
	at com.kms.katalon.core.keyword.BuiltinKeywords.verifyEqual(BuiltinKeywords.groovy:141)
	at TC_002_Validate_Active_Filter_WithCount.run(TC_002_Validate_Active_Filter_WithCount:71)
	at com.kms.katalon.core.main.ScriptEngine.run(ScriptEngine.java:194)
	at com.kms.katalon.core.main.ScriptEngine.runScriptAsRawText(ScriptEngine.java:119)
	at com.kms.katalon.core.main.TestCaseExecutor.runScript(TestCaseExecutor.java:337)
	at com.kms.katalon.core.main.TestCaseExecutor.doExecute(TestCaseExecutor.java:328)
	at com.kms.katalon.core.main.TestCaseExecutor.processExecutionPhase(TestCaseExecutor.java:307)
	at com.kms.katalon.core.main.TestCaseExecutor.accessMainPhase(TestCaseExecutor.java:299)
	at com.kms.katalon.core.main.TestCaseExecutor.execute(TestCaseExecutor.java:233)
	at com.kms.katalon.core.main.TestSuiteExecutor.accessTestCaseMainPhase(TestSuiteExecutor.java:169)
	at com.kms.katalon.core.main.TestSuiteExecutor.accessTestSuiteMainPhase(TestSuiteExecutor.java:142)
	at com.kms.katalon.core.main.TestSuiteExecutor.execute(TestSuiteExecutor.java:91)
	at com.kms.katalon.core.main.TestCaseMain.startTestSuite(TestCaseMain.java:157)
	at com.kms.katalon.core.main.TestCaseMain$startTestSuite$0.call(Unknown Source)
	at TempTestSuite1582873031480.run(TempTestSuite1582873031480.groovy:36)
)

2020-02-28 12:28:11 - [MESSAGE][FAILED] - Unable to verify equal between actual object '20' and expected object '23' (Root cause: com.kms.katalon.core.exception.StepFailedException: Actual object '20' and expected object '23' are not equal
	at com.kms.katalon.core.keyword.builtin.VerifyEqualKeyword$_verifyEqual_closure1.doCall(VerifyEqualKeyword.groovy:58)
	at com.kms.katalon.core.keyword.builtin.VerifyEqualKeyword$_verifyEqual_closure1.call(VerifyEqualKeyword.groovy)
	at com.kms.katalon.core.keyword.internal.KeywordMain.runKeyword(KeywordMain.groovy:68)
	at com.kms.katalon.core.keyword.builtin.VerifyEqualKeyword.verifyEqual(VerifyEqualKeyword.groovy:63)
	at com.kms.katalon.core.keyword.builtin.VerifyEqualKeyword.execute(VerifyEqualKeyword.groovy:44)
	at com.kms.katalon.core.keyword.internal.KeywordExecutor.executeKeywordForPlatform(KeywordExecutor.groovy:72)
	at com.kms.katalon.core.keyword.BuiltinKeywords.verifyEqual(BuiltinKeywords.groovy:141)
	at TC_002_Validate_Active_Filter_WithCount.run(TC_002_Validate_Active_Filter_WithCount:71)
	at com.kms.katalon.core.main.ScriptEngine.run(ScriptEngine.java:194)
	at com.kms.katalon.core.main.ScriptEngine.runScriptAsRawText(ScriptEngine.java:119)
	at com.kms.katalon.core.main.TestCaseExecutor.runScript(TestCaseExecutor.java:337)
	at com.kms.katalon.core.main.TestCaseExecutor.doExecute(TestCaseExecutor.java:328)
	at com.kms.katalon.core.main.TestCaseExecutor.processExecutionPhase(TestCaseExecutor.java:307)
	at com.kms.katalon.core.main.TestCaseExecutor.accessMainPhase(TestCaseExecutor.java:299)
	at com.kms.katalon.core.main.TestCaseExecutor.execute(TestCaseExecutor.java:233)
	at com.kms.katalon.core.main.TestSuiteExecutor.accessTestCaseMainPhase(TestSuiteExecutor.java:169)
	at com.kms.katalon.core.main.TestSuiteExecutor.accessTestSuiteMainPhase(TestSuiteExecutor.java:142)
	at com.kms.katalon.core.main.TestSuiteExecutor.execute(TestSuiteExecutor.java:91)
	at com.kms.katalon.core.main.TestCaseMain.startTestSuite(TestCaseMain.java:157)
	at com.kms.katalon.core.main.TestCaseMain$startTestSuite$0.call(Unknown Source)
	at TempTestSuite1582873031480.run(TempTestSuite1582873031480.groovy:36)
)

2020-02-28 12:28:11 - [TEST_STEP][PASSED] - Start listener action : sampleAfterTestCase: Taking screenshot successfully

2020-02-28 12:28:11 - [TEST_STEP][PASSED] - println(testCaseContext.getTestCaseId()): null

2020-02-28 12:28:11 - [TEST_STEP][PASSED] - println(testCaseContext.getTestCaseStatus()): null

2020-02-28 12:28:11 - [TEST_STEP][PASSED] - println("On Failure Method is Calling : " + testCaseContext.getTestCaseStatus()): null

2020-02-28 12:28:11 - [TEST_STEP][PASSED] - if (!(getTestCaseStatus().equalsIgnoreCase("PASSED"))): Taking screenshot successfully

2020-02-28 12:28:12 - [MESSAGE][PASSED] - Taking screenshot successfully
[[ATTACHMENT|D:\\TestDataForSampleProject\\test1.jpg]]

2020-02-28 12:28:14 - [TEST_STEP][PASSED] - Video: Video recording for test case 'Test Cases/Atlas Platform/Data Management/Data Listing/TC_002_Validate_Active_Filter_WithCount' .

2020-02-28 12:28:14 - [MESSAGE][INFO] - Video recording for test case 'Test Cases/Atlas Platform/Data Management/Data Listing/TC_002_Validate_Active_Filter_WithCount' .
[[ATTACHMENT|C:\\Users\\Dell\\git\\GSMProject\\Reports\\20200228_122706\\AUDIENCE\\Data Source\\20200228_122706/videos\\test_3.avi]]]]></system-out>
         <system-err><![CDATA[2020-02-28 12:27:56 - [TEST_CASE][FAILED] - Test Cases/Atlas Platform/Data Management/Data Listing/TC_002_Validate_Active_Filter_WithCount: Test Cases/Atlas Platform/Data Management/Data Listing/TC_002_Validate_Active_Filter_WithCount FAILED.
Reason:
com.kms.katalon.core.exception.StepFailedException: Unable to verify equal between actual object '20' and expected object '23' (Root cause: com.kms.katalon.core.exception.StepFailedException: Actual object '20' and expected object '23' are not equal
	at com.kms.katalon.core.keyword.builtin.VerifyEqualKeyword$_verifyEqual_closure1.doCall(VerifyEqualKeyword.groovy:58)
	at com.kms.katalon.core.keyword.builtin.VerifyEqualKeyword$_verifyEqual_closure1.call(VerifyEqualKeyword.groovy)
	at com.kms.katalon.core.keyword.internal.KeywordMain.runKeyword(KeywordMain.groovy:68)
	at com.kms.katalon.core.keyword.builtin.VerifyEqualKeyword.verifyEqual(VerifyEqualKeyword.groovy:63)
	at com.kms.katalon.core.keyword.builtin.VerifyEqualKeyword.execute(VerifyEqualKeyword.groovy:44)
	at com.kms.katalon.core.keyword.internal.KeywordExecutor.executeKeywordForPlatform(KeywordExecutor.groovy:72)
	at com.kms.katalon.core.keyword.BuiltinKeywords.verifyEqual(BuiltinKeywords.groovy:141)
	at TC_002_Validate_Active_Filter_WithCount.run(TC_002_Validate_Active_Filter_WithCount:71)
	at com.kms.katalon.core.main.ScriptEngine.run(ScriptEngine.java:194)
	at com.kms.katalon.core.main.ScriptEngine.runScriptAsRawText(ScriptEngine.java:119)
	at com.kms.katalon.core.main.TestCaseExecutor.runScript(TestCaseExecutor.java:337)
	at com.kms.katalon.core.main.TestCaseExecutor.doExecute(TestCaseExecutor.java:328)
	at com.kms.katalon.core.main.TestCaseExecutor.processExecutionPhase(TestCaseExecutor.java:307)
	at com.kms.katalon.core.main.TestCaseExecutor.accessMainPhase(TestCaseExecutor.java:299)
	at com.kms.katalon.core.main.TestCaseExecutor.execute(TestCaseExecutor.java:233)
	at com.kms.katalon.core.main.TestSuiteExecutor.accessTestCaseMainPhase(TestSuiteExecutor.java:169)
	at com.kms.katalon.core.main.TestSuiteExecutor.accessTestSuiteMainPhase(TestSuiteExecutor.java:142)
	at com.kms.katalon.core.main.TestSuiteExecutor.execute(TestSuiteExecutor.java:91)
	at com.kms.katalon.core.main.TestCaseMain.startTestSuite(TestCaseMain.java:157)
	at com.kms.katalon.core.main.TestCaseMain$startTestSuite$0.call(Unknown Source)
	at TempTestSuite1582873031480.run(TempTestSuite1582873031480.groovy:36)
)
	at com.kms.katalon.core.keyword.internal.KeywordMain.stepFailed(KeywordMain.groovy:39)
	at com.kms.katalon.core.keyword.internal.KeywordMain.stepFailed(KeywordMain.groovy)
	at com.kms.katalon.core.keyword.internal.KeywordMain.runKeyword(KeywordMain.groovy:70)
	at com.kms.katalon.core.keyword.builtin.VerifyEqualKeyword.verifyEqual(VerifyEqualKeyword.groovy:63)
	at com.kms.katalon.core.keyword.builtin.VerifyEqualKeyword.execute(VerifyEqualKeyword.groovy:44)
	at com.kms.katalon.core.keyword.internal.KeywordExecutor.executeKeywordForPlatform(KeywordExecutor.groovy:72)
	at com.kms.katalon.core.keyword.BuiltinKeywords.verifyEqual(BuiltinKeywords.groovy:141)
	at TC_002_Validate_Active_Filter_WithCount.run(TC_002_Validate_Active_Filter_WithCount:71)
	at com.kms.katalon.core.main.ScriptEngine.run(ScriptEngine.java:194)
	at com.kms.katalon.core.main.ScriptEngine.runScriptAsRawText(ScriptEngine.java:119)
	at com.kms.katalon.core.main.TestCaseExecutor.runScript(TestCaseExecutor.java:337)
	at com.kms.katalon.core.main.TestCaseExecutor.doExecute(TestCaseExecutor.java:328)
	at com.kms.katalon.core.main.TestCaseExecutor.processExecutionPhase(TestCaseExecutor.java:307)
	at com.kms.katalon.core.main.TestCaseExecutor.accessMainPhase(TestCaseExecutor.java:299)
	at com.kms.katalon.core.main.TestCaseExecutor.execute(TestCaseExecutor.java:233)
	at com.kms.katalon.core.main.TestSuiteExecutor.accessTestCaseMainPhase(TestSuiteExecutor.java:169)
	at com.kms.katalon.core.main.TestSuiteExecutor.accessTestSuiteMainPhase(TestSuiteExecutor.java:142)
	at com.kms.katalon.core.main.TestSuiteExecutor.execute(TestSuiteExecutor.java:91)
	at com.kms.katalon.core.main.TestCaseMain.startTestSuite(TestCaseMain.java:157)
	at com.kms.katalon.core.main.TestCaseMain$startTestSuite$0.call(Unknown Source)
	at TempTestSuite1582873031480.run(TempTestSuite1582873031480.groovy:36)
Caused by: com.kms.katalon.core.exception.StepFailedException: Actual object '20' and expected object '23' are not equal
	at com.kms.katalon.core.keyword.builtin.VerifyEqualKeyword$_verifyEqual_closure1.doCall(VerifyEqualKeyword.groovy:58)
	at com.kms.katalon.core.keyword.builtin.VerifyEqualKeyword$_verifyEqual_closure1.call(VerifyEqualKeyword.groovy)
	at com.kms.katalon.core.keyword.internal.KeywordMain.runKeyword(KeywordMain.groovy:68)
	... 18 more]]></system-err>
      </testcase>
      <testcase name="Test Cases/Atlas Platform/Data Management/Data Listing/TC_003_Validate_Archive_Filter_WithCount" time="15.239" classname="Test Cases/Atlas Platform/Data Management/Data Listing/TC_003_Validate_Archive_Filter_WithCount" status="FAILED">
         <failure type="FAILED" message="Test Cases/Atlas Platform/Data Management/Data Listing/TC_003_Validate_Archive_Filter_WithCount FAILED.
Reason:
com.kms.katalon.core.exception.StepFailedException: Unable to verify equal between actual object '20' and expected object '23' (Root cause: com.kms.katalon.core.exception.StepFailedException: Actual object '20' and expected object '23' are not equal
	at com.kms.katalon.core.keyword.builtin.VerifyEqualKeyword$_verifyEqual_closure1.doCall(VerifyEqualKeyword.groovy:58)
	at com.kms.katalon.core.keyword.builtin.VerifyEqualKeyword$_verifyEqual_closure1.call(VerifyEqualKeyword.groovy)
	at com.kms.katalon.core.keyword.internal.KeywordMain.runKeyword(KeywordMain.groovy:68)
	at com.kms.katalon.core.keyword.builtin.VerifyEqualKeyword.verifyEqual(VerifyEqualKeyword.groovy:63)
	at com.kms.katalon.core.keyword.builtin.VerifyEqualKeyword.execute(VerifyEqualKeyword.groovy:44)
	at com.kms.katalon.core.keyword.internal.KeywordExecutor.executeKeywordForPlatform(KeywordExecutor.groovy:72)
	at com.kms.katalon.core.keyword.BuiltinKeywords.verifyEqual(BuiltinKeywords.groovy:141)
	at TC_003_Validate_Archive_Filter_WithCount.run(TC_003_Validate_Archive_Filter_WithCount:70)
	at com.kms.katalon.core.main.ScriptEngine.run(ScriptEngine.java:194)
	at com.kms.katalon.core.main.ScriptEngine.runScriptAsRawText(ScriptEngine.java:119)
	at com.kms.katalon.core.main.TestCaseExecutor.runScript(TestCaseExecutor.java:337)
	at com.kms.katalon.core.main.TestCaseExecutor.doExecute(TestCaseExecutor.java:328)
	at com.kms.katalon.core.main.TestCaseExecutor.processExecutionPhase(TestCaseExecutor.java:307)
	at com.kms.katalon.core.main.TestCaseExecutor.accessMainPhase(TestCaseExecutor.java:299)
	at com.kms.katalon.core.main.TestCaseExecutor.execute(TestCaseExecutor.java:233)
	at com.kms.katalon.core.main.TestSuiteExecutor.accessTestCaseMainPhase(TestSuiteExecutor.java:169)
	at com.kms.katalon.core.main.TestSuiteExecutor.accessTestSuiteMainPhase(TestSuiteExecutor.java:142)
	at com.kms.katalon.core.main.TestSuiteExecutor.execute(TestSuiteExecutor.java:91)
	at com.kms.katalon.core.main.TestCaseMain.startTestSuite(TestCaseMain.java:157)
	at com.kms.katalon.core.main.TestCaseMain$startTestSuite$0.call(Unknown Source)
	at TempTestSuite1582873031480.run(TempTestSuite1582873031480.groovy:36)
)
	at com.kms.katalon.core.keyword.internal.KeywordMain.stepFailed(KeywordMain.groovy:39)
	at com.kms.katalon.core.keyword.internal.KeywordMain.stepFailed(KeywordMain.groovy)
	at com.kms.katalon.core.keyword.internal.KeywordMain.runKeyword(KeywordMain.groovy:70)
	at com.kms.katalon.core.keyword.builtin.VerifyEqualKeyword.verifyEqual(VerifyEqualKeyword.groovy:63)
	at com.kms.katalon.core.keyword.builtin.VerifyEqualKeyword.execute(VerifyEqualKeyword.groovy:44)
	at com.kms.katalon.core.keyword.internal.KeywordExecutor.executeKeywordForPlatform(KeywordExecutor.groovy:72)
	at com.kms.katalon.core.keyword.BuiltinKeywords.verifyEqual(BuiltinKeywords.groovy:141)
	at TC_003_Validate_Archive_Filter_WithCount.run(TC_003_Validate_Archive_Filter_WithCount:70)
	at com.kms.katalon.core.main.ScriptEngine.run(ScriptEngine.java:194)
	at com.kms.katalon.core.main.ScriptEngine.runScriptAsRawText(ScriptEngine.java:119)
	at com.kms.katalon.core.main.TestCaseExecutor.runScript(TestCaseExecutor.java:337)
	at com.kms.katalon.core.main.TestCaseExecutor.doExecute(TestCaseExecutor.java:328)
	at com.kms.katalon.core.main.TestCaseExecutor.processExecutionPhase(TestCaseExecutor.java:307)
	at com.kms.katalon.core.main.TestCaseExecutor.accessMainPhase(TestCaseExecutor.java:299)
	at com.kms.katalon.core.main.TestCaseExecutor.execute(TestCaseExecutor.java:233)
	at com.kms.katalon.core.main.TestSuiteExecutor.accessTestCaseMainPhase(TestSuiteExecutor.java:169)
	at com.kms.katalon.core.main.TestSuiteExecutor.accessTestSuiteMainPhase(TestSuiteExecutor.java:142)
	at com.kms.katalon.core.main.TestSuiteExecutor.execute(TestSuiteExecutor.java:91)
	at com.kms.katalon.core.main.TestCaseMain.startTestSuite(TestCaseMain.java:157)
	at com.kms.katalon.core.main.TestCaseMain$startTestSuite$0.call(Unknown Source)
	at TempTestSuite1582873031480.run(TempTestSuite1582873031480.groovy:36)
Caused by: com.kms.katalon.core.exception.StepFailedException: Actual object '20' and expected object '23' are not equal
	at com.kms.katalon.core.keyword.builtin.VerifyEqualKeyword$_verifyEqual_closure1.doCall(VerifyEqualKeyword.groovy:58)
	at com.kms.katalon.core.keyword.builtin.VerifyEqualKeyword$_verifyEqual_closure1.call(VerifyEqualKeyword.groovy)
	at com.kms.katalon.core.keyword.internal.KeywordMain.runKeyword(KeywordMain.groovy:68)
	... 18 more
"/>
         <system-out><![CDATA[2020-02-28 12:28:14 - [TEST_CASE][FAILED] - Test Cases/Atlas Platform/Data Management/Data Listing/TC_003_Validate_Archive_Filter_WithCount: Test Cases/Atlas Platform/Data Management/Data Listing/TC_003_Validate_Archive_Filter_WithCount FAILED.
Reason:
com.kms.katalon.core.exception.StepFailedException: Unable to verify equal between actual object '20' and expected object '23' (Root cause: com.kms.katalon.core.exception.StepFailedException: Actual object '20' and expected object '23' are not equal
	at com.kms.katalon.core.keyword.builtin.VerifyEqualKeyword$_verifyEqual_closure1.doCall(VerifyEqualKeyword.groovy:58)
	at com.kms.katalon.core.keyword.builtin.VerifyEqualKeyword$_verifyEqual_closure1.call(VerifyEqualKeyword.groovy)
	at com.kms.katalon.core.keyword.internal.KeywordMain.runKeyword(KeywordMain.groovy:68)
	at com.kms.katalon.core.keyword.builtin.VerifyEqualKeyword.verifyEqual(VerifyEqualKeyword.groovy:63)
	at com.kms.katalon.core.keyword.builtin.VerifyEqualKeyword.execute(VerifyEqualKeyword.groovy:44)
	at com.kms.katalon.core.keyword.internal.KeywordExecutor.executeKeywordForPlatform(KeywordExecutor.groovy:72)
	at com.kms.katalon.core.keyword.BuiltinKeywords.verifyEqual(BuiltinKeywords.groovy:141)
	at TC_003_Validate_Archive_Filter_WithCount.run(TC_003_Validate_Archive_Filter_WithCount:70)
	at com.kms.katalon.core.main.ScriptEngine.run(ScriptEngine.java:194)
	at com.kms.katalon.core.main.ScriptEngine.runScriptAsRawText(ScriptEngine.java:119)
	at com.kms.katalon.core.main.TestCaseExecutor.runScript(TestCaseExecutor.java:337)
	at com.kms.katalon.core.main.TestCaseExecutor.doExecute(TestCaseExecutor.java:328)
	at com.kms.katalon.core.main.TestCaseExecutor.processExecutionPhase(TestCaseExecutor.java:307)
	at com.kms.katalon.core.main.TestCaseExecutor.accessMainPhase(TestCaseExecutor.java:299)
	at com.kms.katalon.core.main.TestCaseExecutor.execute(TestCaseExecutor.java:233)
	at com.kms.katalon.core.main.TestSuiteExecutor.accessTestCaseMainPhase(TestSuiteExecutor.java:169)
	at com.kms.katalon.core.main.TestSuiteExecutor.accessTestSuiteMainPhase(TestSuiteExecutor.java:142)
	at com.kms.katalon.core.main.TestSuiteExecutor.execute(TestSuiteExecutor.java:91)
	at com.kms.katalon.core.main.TestCaseMain.startTestSuite(TestCaseMain.java:157)
	at com.kms.katalon.core.main.TestCaseMain$startTestSuite$0.call(Unknown Source)
	at TempTestSuite1582873031480.run(TempTestSuite1582873031480.groovy:36)
)
	at com.kms.katalon.core.keyword.internal.KeywordMain.stepFailed(KeywordMain.groovy:39)
	at com.kms.katalon.core.keyword.internal.KeywordMain.stepFailed(KeywordMain.groovy)
	at com.kms.katalon.core.keyword.internal.KeywordMain.runKeyword(KeywordMain.groovy:70)
	at com.kms.katalon.core.keyword.builtin.VerifyEqualKeyword.verifyEqual(VerifyEqualKeyword.groovy:63)
	at com.kms.katalon.core.keyword.builtin.VerifyEqualKeyword.execute(VerifyEqualKeyword.groovy:44)
	at com.kms.katalon.core.keyword.internal.KeywordExecutor.executeKeywordForPlatform(KeywordExecutor.groovy:72)
	at com.kms.katalon.core.keyword.BuiltinKeywords.verifyEqual(BuiltinKeywords.groovy:141)
	at TC_003_Validate_Archive_Filter_WithCount.run(TC_003_Validate_Archive_Filter_WithCount:70)
	at com.kms.katalon.core.main.ScriptEngine.run(ScriptEngine.java:194)
	at com.kms.katalon.core.main.ScriptEngine.runScriptAsRawText(ScriptEngine.java:119)
	at com.kms.katalon.core.main.TestCaseExecutor.runScript(TestCaseExecutor.java:337)
	at com.kms.katalon.core.main.TestCaseExecutor.doExecute(TestCaseExecutor.java:328)
	at com.kms.katalon.core.main.TestCaseExecutor.processExecutionPhase(TestCaseExecutor.java:307)
	at com.kms.katalon.core.main.TestCaseExecutor.accessMainPhase(TestCaseExecutor.java:299)
	at com.kms.katalon.core.main.TestCaseExecutor.execute(TestCaseExecutor.java:233)
	at com.kms.katalon.core.main.TestSuiteExecutor.accessTestCaseMainPhase(TestSuiteExecutor.java:169)
	at com.kms.katalon.core.main.TestSuiteExecutor.accessTestSuiteMainPhase(TestSuiteExecutor.java:142)
	at com.kms.katalon.core.main.TestSuiteExecutor.execute(TestSuiteExecutor.java:91)
	at com.kms.katalon.core.main.TestCaseMain.startTestSuite(TestCaseMain.java:157)
	at com.kms.katalon.core.main.TestCaseMain$startTestSuite$0.call(Unknown Source)
	at TempTestSuite1582873031480.run(TempTestSuite1582873031480.groovy:36)
Caused by: com.kms.katalon.core.exception.StepFailedException: Actual object '20' and expected object '23' are not equal
	at com.kms.katalon.core.keyword.builtin.VerifyEqualKeyword$_verifyEqual_closure1.doCall(VerifyEqualKeyword.groovy:58)
	at com.kms.katalon.core.keyword.builtin.VerifyEqualKeyword$_verifyEqual_closure1.call(VerifyEqualKeyword.groovy)
	at com.kms.katalon.core.keyword.internal.KeywordMain.runKeyword(KeywordMain.groovy:68)
	... 18 more


2020-02-28 12:28:15 - [TEST_STEP][NOT_RUN] - callTestCase(findTestCase("Atlas Platform/Platform Navigation/Login/LoginWithRootAdmin"), ["user_Email":"navaraj@totient.co.in", "user_Password":"Totient@123"], CONTINUE_ON_FAILURE): NOT_RUN: callTestCase(findTestCase("Atlas Platform/Platform Navigation/Login/LoginWithRootAdmin"), ["user_Email":"navaraj@totient.co.in", "user_Password":"Totient@123"], CONTINUE_ON_FAILURE)

2020-02-28 12:28:15 - [MESSAGE][NOT_RUN] - NOT_RUN: callTestCase(findTestCase("Atlas Platform/Platform Navigation/Login/LoginWithRootAdmin"), ["user_Email":"navaraj@totient.co.in", "user_Password":"Totient@123"], CONTINUE_ON_FAILURE)

2020-02-28 12:28:15 - [TEST_STEP][PASSED] - click(findTestObject("HeaderMenus/audiencemenu")): Object: 'Object Repository/HeaderMenus/audiencemenu' is clicked on

2020-02-28 12:28:15 - [MESSAGE][PASSED] - Object: 'Object Repository/HeaderMenus/audiencemenu' is clicked on

2020-02-28 12:28:15 - [TEST_STEP][PASSED] - refresh(): Refresh successfully

2020-02-28 12:28:17 - [MESSAGE][PASSED] - Refresh successfully

2020-02-28 12:28:17 - [TEST_STEP][PASSED] - click(findTestObject("Login_Page/Dashboard/Data Sub-Navigation/div_Data Source")): Object: 'Object Repository/Login_Page/Dashboard/Data Sub-Navigation/div_Data Source' is clicked on

2020-02-28 12:28:19 - [MESSAGE][PASSED] - Object: 'Object Repository/Login_Page/Dashboard/Data Sub-Navigation/div_Data Source' is clicked on

2020-02-28 12:28:19 - [TEST_STEP][PASSED] - beforefilterapplytot = getText(findTestObject("Object Repository/AUDIENCE/Data Source/total_count")): Text of object 'Object Repository/AUDIENCE/Data Source/total_count' is: '(23)'

2020-02-28 12:28:19 - [MESSAGE][PASSED] - Text of object 'Object Repository/AUDIENCE/Data Source/total_count' is: '(23)'

2020-02-28 12:28:19 - [TEST_STEP][PASSED] - beforetotal = Integer.parseInt(replace(")", "").trim()): null

2020-02-28 12:28:19 - [TEST_STEP][PASSED] - click(findTestObject("Object Repository/AUDIENCE/Data Source/filter")): Object: 'Object Repository/AUDIENCE/Data Source/filter' is clicked on

2020-02-28 12:28:20 - [MESSAGE][PASSED] - Object: 'Object Repository/AUDIENCE/Data Source/filter' is clicked on

2020-02-28 12:28:20 - [TEST_STEP][PASSED] - click(findTestObject("AUDIENCE/Data Source/archived")): Object: 'Object Repository/AUDIENCE/Data Source/archived' is clicked on

2020-02-28 12:28:20 - [MESSAGE][PASSED] - Object: 'Object Repository/AUDIENCE/Data Source/archived' is clicked on

2020-02-28 12:28:20 - [TEST_STEP][PASSED] - click(findTestObject("Object Repository/AUDIENCE/Data Source/apply_btn")): Object: 'Object Repository/AUDIENCE/Data Source/apply_btn' is clicked on

2020-02-28 12:28:21 - [MESSAGE][PASSED] - Object: 'Object Repository/AUDIENCE/Data Source/apply_btn' is clicked on

2020-02-28 12:28:21 - [TEST_STEP][PASSED] - delay(3): Delayed 3 second(s)

2020-02-28 12:28:24 - [MESSAGE][PASSED] - Delayed 3 second(s)

2020-02-28 12:28:24 - [TEST_STEP][PASSED] - verifyElementText(findTestObject("AUDIENCE/Data Source/archive_text_filtered"), "Archived"): Actual text and expected text of test object 'Object Repository/AUDIENCE/Data Source/archive_text_filtered' are matched.

2020-02-28 12:28:24 - [MESSAGE][PASSED] - Actual text and expected text of test object 'Object Repository/AUDIENCE/Data Source/archive_text_filtered' are matched.

2020-02-28 12:28:24 - [TEST_STEP][PASSED] - totalText = getText(findTestObject("Object Repository/AUDIENCE/Data Source/matchingRecord_count")): Text of object 'Object Repository/AUDIENCE/Data Source/matchingRecord_count' is: '4 Results Matching'

2020-02-28 12:28:25 - [MESSAGE][PASSED] - Text of object 'Object Repository/AUDIENCE/Data Source/matchingRecord_count' is: '4 Results Matching'

2020-02-28 12:28:25 - [TEST_STEP][PASSED] - total = Integer.parseInt(split(" ")[0].trim()): null

2020-02-28 12:28:25 - [TEST_STEP][PASSED] - elements = findWebElements(findTestObject("AUDIENCE/Data Source/column1_values"), 0): Timeout '0' is invalid. Using default page load timeout: '230'

2020-02-28 12:28:25 - [MESSAGE][WARNING] - Timeout '0' is invalid. Using default page load timeout: '230'

2020-02-28 12:28:25 - [TEST_STEP][PASSED] - pageValueCount = elements.size(): null

2020-02-28 12:28:25 - [TEST_STEP][PASSED] - if (total > 10): null

2020-02-28 12:28:25 - [TEST_STEP][PASSED] - verifyEqual(total, pageValueCount): Actual object '4' and expected object '4' are equal

2020-02-28 12:28:25 - [MESSAGE][PASSED] - Actual object '4' and expected object '4' are equal

2020-02-28 12:28:25 - [TEST_STEP][PASSED] - click(findTestObject("AUDIENCE/Data Source/archive_close_icon")): Object: 'Object Repository/AUDIENCE/Data Source/archive_close_icon' is clicked on

2020-02-28 12:28:26 - [MESSAGE][PASSED] - Object: 'Object Repository/AUDIENCE/Data Source/archive_close_icon' is clicked on

2020-02-28 12:28:26 - [TEST_STEP][PASSED] - afterfilterapplytot = getText(findTestObject("Object Repository/AUDIENCE/Data Source/total_count")): Text of object 'Object Repository/AUDIENCE/Data Source/total_count' is: '(20)'

2020-02-28 12:28:26 - [MESSAGE][PASSED] - Text of object 'Object Repository/AUDIENCE/Data Source/total_count' is: '(20)'

2020-02-28 12:28:26 - [TEST_STEP][PASSED] - aftertotal = Integer.parseInt(replace(")", "").trim()): null

2020-02-28 12:28:26 - [TEST_STEP][FAILED] - verifyEqual(aftertotal, beforetotal): Unable to verify equal between actual object '20' and expected object '23' (Root cause: com.kms.katalon.core.exception.StepFailedException: Actual object '20' and expected object '23' are not equal
	at com.kms.katalon.core.keyword.builtin.VerifyEqualKeyword$_verifyEqual_closure1.doCall(VerifyEqualKeyword.groovy:58)
	at com.kms.katalon.core.keyword.builtin.VerifyEqualKeyword$_verifyEqual_closure1.call(VerifyEqualKeyword.groovy)
	at com.kms.katalon.core.keyword.internal.KeywordMain.runKeyword(KeywordMain.groovy:68)
	at com.kms.katalon.core.keyword.builtin.VerifyEqualKeyword.verifyEqual(VerifyEqualKeyword.groovy:63)
	at com.kms.katalon.core.keyword.builtin.VerifyEqualKeyword.execute(VerifyEqualKeyword.groovy:44)
	at com.kms.katalon.core.keyword.internal.KeywordExecutor.executeKeywordForPlatform(KeywordExecutor.groovy:72)
	at com.kms.katalon.core.keyword.BuiltinKeywords.verifyEqual(BuiltinKeywords.groovy:141)
	at TC_003_Validate_Archive_Filter_WithCount.run(TC_003_Validate_Archive_Filter_WithCount:70)
	at com.kms.katalon.core.main.ScriptEngine.run(ScriptEngine.java:194)
	at com.kms.katalon.core.main.ScriptEngine.runScriptAsRawText(ScriptEngine.java:119)
	at com.kms.katalon.core.main.TestCaseExecutor.runScript(TestCaseExecutor.java:337)
	at com.kms.katalon.core.main.TestCaseExecutor.doExecute(TestCaseExecutor.java:328)
	at com.kms.katalon.core.main.TestCaseExecutor.processExecutionPhase(TestCaseExecutor.java:307)
	at com.kms.katalon.core.main.TestCaseExecutor.accessMainPhase(TestCaseExecutor.java:299)
	at com.kms.katalon.core.main.TestCaseExecutor.execute(TestCaseExecutor.java:233)
	at com.kms.katalon.core.main.TestSuiteExecutor.accessTestCaseMainPhase(TestSuiteExecutor.java:169)
	at com.kms.katalon.core.main.TestSuiteExecutor.accessTestSuiteMainPhase(TestSuiteExecutor.java:142)
	at com.kms.katalon.core.main.TestSuiteExecutor.execute(TestSuiteExecutor.java:91)
	at com.kms.katalon.core.main.TestCaseMain.startTestSuite(TestCaseMain.java:157)
	at com.kms.katalon.core.main.TestCaseMain$startTestSuite$0.call(Unknown Source)
	at TempTestSuite1582873031480.run(TempTestSuite1582873031480.groovy:36)
)

2020-02-28 12:28:27 - [MESSAGE][FAILED] - Unable to verify equal between actual object '20' and expected object '23' (Root cause: com.kms.katalon.core.exception.StepFailedException: Actual object '20' and expected object '23' are not equal
	at com.kms.katalon.core.keyword.builtin.VerifyEqualKeyword$_verifyEqual_closure1.doCall(VerifyEqualKeyword.groovy:58)
	at com.kms.katalon.core.keyword.builtin.VerifyEqualKeyword$_verifyEqual_closure1.call(VerifyEqualKeyword.groovy)
	at com.kms.katalon.core.keyword.internal.KeywordMain.runKeyword(KeywordMain.groovy:68)
	at com.kms.katalon.core.keyword.builtin.VerifyEqualKeyword.verifyEqual(VerifyEqualKeyword.groovy:63)
	at com.kms.katalon.core.keyword.builtin.VerifyEqualKeyword.execute(VerifyEqualKeyword.groovy:44)
	at com.kms.katalon.core.keyword.internal.KeywordExecutor.executeKeywordForPlatform(KeywordExecutor.groovy:72)
	at com.kms.katalon.core.keyword.BuiltinKeywords.verifyEqual(BuiltinKeywords.groovy:141)
	at TC_003_Validate_Archive_Filter_WithCount.run(TC_003_Validate_Archive_Filter_WithCount:70)
	at com.kms.katalon.core.main.ScriptEngine.run(ScriptEngine.java:194)
	at com.kms.katalon.core.main.ScriptEngine.runScriptAsRawText(ScriptEngine.java:119)
	at com.kms.katalon.core.main.TestCaseExecutor.runScript(TestCaseExecutor.java:337)
	at com.kms.katalon.core.main.TestCaseExecutor.doExecute(TestCaseExecutor.java:328)
	at com.kms.katalon.core.main.TestCaseExecutor.processExecutionPhase(TestCaseExecutor.java:307)
	at com.kms.katalon.core.main.TestCaseExecutor.accessMainPhase(TestCaseExecutor.java:299)
	at com.kms.katalon.core.main.TestCaseExecutor.execute(TestCaseExecutor.java:233)
	at com.kms.katalon.core.main.TestSuiteExecutor.accessTestCaseMainPhase(TestSuiteExecutor.java:169)
	at com.kms.katalon.core.main.TestSuiteExecutor.accessTestSuiteMainPhase(TestSuiteExecutor.java:142)
	at com.kms.katalon.core.main.TestSuiteExecutor.execute(TestSuiteExecutor.java:91)
	at com.kms.katalon.core.main.TestCaseMain.startTestSuite(TestCaseMain.java:157)
	at com.kms.katalon.core.main.TestCaseMain$startTestSuite$0.call(Unknown Source)
	at TempTestSuite1582873031480.run(TempTestSuite1582873031480.groovy:36)
)

2020-02-28 12:28:27 - [TEST_STEP][PASSED] - Start listener action : sampleAfterTestCase: Taking screenshot successfully

2020-02-28 12:28:27 - [TEST_STEP][PASSED] - println(testCaseContext.getTestCaseId()): null

2020-02-28 12:28:27 - [TEST_STEP][PASSED] - println(testCaseContext.getTestCaseStatus()): null

2020-02-28 12:28:27 - [TEST_STEP][PASSED] - println("On Failure Method is Calling : " + testCaseContext.getTestCaseStatus()): null

2020-02-28 12:28:27 - [TEST_STEP][PASSED] - if (!(getTestCaseStatus().equalsIgnoreCase("PASSED"))): Taking screenshot successfully

2020-02-28 12:28:27 - [MESSAGE][PASSED] - Taking screenshot successfully
[[ATTACHMENT|D:\\TestDataForSampleProject\\test1.jpg]]

2020-02-28 12:28:29 - [TEST_STEP][PASSED] - Video: Video recording for test case 'Test Cases/Atlas Platform/Data Management/Data Listing/TC_003_Validate_Archive_Filter_WithCount' .

2020-02-28 12:28:29 - [MESSAGE][INFO] - Video recording for test case 'Test Cases/Atlas Platform/Data Management/Data Listing/TC_003_Validate_Archive_Filter_WithCount' .
[[ATTACHMENT|C:\\Users\\Dell\\git\\GSMProject\\Reports\\20200228_122706\\AUDIENCE\\Data Source\\20200228_122706/videos\\test_4.avi]]]]></system-out>
         <system-err><![CDATA[2020-02-28 12:28:14 - [TEST_CASE][FAILED] - Test Cases/Atlas Platform/Data Management/Data Listing/TC_003_Validate_Archive_Filter_WithCount: Test Cases/Atlas Platform/Data Management/Data Listing/TC_003_Validate_Archive_Filter_WithCount FAILED.
Reason:
com.kms.katalon.core.exception.StepFailedException: Unable to verify equal between actual object '20' and expected object '23' (Root cause: com.kms.katalon.core.exception.StepFailedException: Actual object '20' and expected object '23' are not equal
	at com.kms.katalon.core.keyword.builtin.VerifyEqualKeyword$_verifyEqual_closure1.doCall(VerifyEqualKeyword.groovy:58)
	at com.kms.katalon.core.keyword.builtin.VerifyEqualKeyword$_verifyEqual_closure1.call(VerifyEqualKeyword.groovy)
	at com.kms.katalon.core.keyword.internal.KeywordMain.runKeyword(KeywordMain.groovy:68)
	at com.kms.katalon.core.keyword.builtin.VerifyEqualKeyword.verifyEqual(VerifyEqualKeyword.groovy:63)
	at com.kms.katalon.core.keyword.builtin.VerifyEqualKeyword.execute(VerifyEqualKeyword.groovy:44)
	at com.kms.katalon.core.keyword.internal.KeywordExecutor.executeKeywordForPlatform(KeywordExecutor.groovy:72)
	at com.kms.katalon.core.keyword.BuiltinKeywords.verifyEqual(BuiltinKeywords.groovy:141)
	at TC_003_Validate_Archive_Filter_WithCount.run(TC_003_Validate_Archive_Filter_WithCount:70)
	at com.kms.katalon.core.main.ScriptEngine.run(ScriptEngine.java:194)
	at com.kms.katalon.core.main.ScriptEngine.runScriptAsRawText(ScriptEngine.java:119)
	at com.kms.katalon.core.main.TestCaseExecutor.runScript(TestCaseExecutor.java:337)
	at com.kms.katalon.core.main.TestCaseExecutor.doExecute(TestCaseExecutor.java:328)
	at com.kms.katalon.core.main.TestCaseExecutor.processExecutionPhase(TestCaseExecutor.java:307)
	at com.kms.katalon.core.main.TestCaseExecutor.accessMainPhase(TestCaseExecutor.java:299)
	at com.kms.katalon.core.main.TestCaseExecutor.execute(TestCaseExecutor.java:233)
	at com.kms.katalon.core.main.TestSuiteExecutor.accessTestCaseMainPhase(TestSuiteExecutor.java:169)
	at com.kms.katalon.core.main.TestSuiteExecutor.accessTestSuiteMainPhase(TestSuiteExecutor.java:142)
	at com.kms.katalon.core.main.TestSuiteExecutor.execute(TestSuiteExecutor.java:91)
	at com.kms.katalon.core.main.TestCaseMain.startTestSuite(TestCaseMain.java:157)
	at com.kms.katalon.core.main.TestCaseMain$startTestSuite$0.call(Unknown Source)
	at TempTestSuite1582873031480.run(TempTestSuite1582873031480.groovy:36)
)
	at com.kms.katalon.core.keyword.internal.KeywordMain.stepFailed(KeywordMain.groovy:39)
	at com.kms.katalon.core.keyword.internal.KeywordMain.stepFailed(KeywordMain.groovy)
	at com.kms.katalon.core.keyword.internal.KeywordMain.runKeyword(KeywordMain.groovy:70)
	at com.kms.katalon.core.keyword.builtin.VerifyEqualKeyword.verifyEqual(VerifyEqualKeyword.groovy:63)
	at com.kms.katalon.core.keyword.builtin.VerifyEqualKeyword.execute(VerifyEqualKeyword.groovy:44)
	at com.kms.katalon.core.keyword.internal.KeywordExecutor.executeKeywordForPlatform(KeywordExecutor.groovy:72)
	at com.kms.katalon.core.keyword.BuiltinKeywords.verifyEqual(BuiltinKeywords.groovy:141)
	at TC_003_Validate_Archive_Filter_WithCount.run(TC_003_Validate_Archive_Filter_WithCount:70)
	at com.kms.katalon.core.main.ScriptEngine.run(ScriptEngine.java:194)
	at com.kms.katalon.core.main.ScriptEngine.runScriptAsRawText(ScriptEngine.java:119)
	at com.kms.katalon.core.main.TestCaseExecutor.runScript(TestCaseExecutor.java:337)
	at com.kms.katalon.core.main.TestCaseExecutor.doExecute(TestCaseExecutor.java:328)
	at com.kms.katalon.core.main.TestCaseExecutor.processExecutionPhase(TestCaseExecutor.java:307)
	at com.kms.katalon.core.main.TestCaseExecutor.accessMainPhase(TestCaseExecutor.java:299)
	at com.kms.katalon.core.main.TestCaseExecutor.execute(TestCaseExecutor.java:233)
	at com.kms.katalon.core.main.TestSuiteExecutor.accessTestCaseMainPhase(TestSuiteExecutor.java:169)
	at com.kms.katalon.core.main.TestSuiteExecutor.accessTestSuiteMainPhase(TestSuiteExecutor.java:142)
	at com.kms.katalon.core.main.TestSuiteExecutor.execute(TestSuiteExecutor.java:91)
	at com.kms.katalon.core.main.TestCaseMain.startTestSuite(TestCaseMain.java:157)
	at com.kms.katalon.core.main.TestCaseMain$startTestSuite$0.call(Unknown Source)
	at TempTestSuite1582873031480.run(TempTestSuite1582873031480.groovy:36)
Caused by: com.kms.katalon.core.exception.StepFailedException: Actual object '20' and expected object '23' are not equal
	at com.kms.katalon.core.keyword.builtin.VerifyEqualKeyword$_verifyEqual_closure1.doCall(VerifyEqualKeyword.groovy:58)
	at com.kms.katalon.core.keyword.builtin.VerifyEqualKeyword$_verifyEqual_closure1.call(VerifyEqualKeyword.groovy)
	at com.kms.katalon.core.keyword.internal.KeywordMain.runKeyword(KeywordMain.groovy:68)
	... 18 more]]></system-err>
      </testcase>
      <testcase name="Test Cases/Atlas Platform/Data Management/Data Listing/TC_004_Validate_Search_Box_Valid_Text_With_Count" time="13.409" classname="Test Cases/Atlas Platform/Data Management/Data Listing/TC_004_Validate_Search_Box_Valid_Text_With_Count" status="FAILED">
         <failure type="FAILED" message="Test Cases/Atlas Platform/Data Management/Data Listing/TC_004_Validate_Search_Box_Valid_Text_With_Count FAILED.
Reason:
com.kms.katalon.core.exception.StepFailedException: Unable to verify equal between actual object '20' and expected object '23' (Root cause: com.kms.katalon.core.exception.StepFailedException: Actual object '20' and expected object '23' are not equal
	at com.kms.katalon.core.keyword.builtin.VerifyEqualKeyword$_verifyEqual_closure1.doCall(VerifyEqualKeyword.groovy:58)
	at com.kms.katalon.core.keyword.builtin.VerifyEqualKeyword$_verifyEqual_closure1.call(VerifyEqualKeyword.groovy)
	at com.kms.katalon.core.keyword.internal.KeywordMain.runKeyword(KeywordMain.groovy:68)
	at com.kms.katalon.core.keyword.builtin.VerifyEqualKeyword.verifyEqual(VerifyEqualKeyword.groovy:63)
	at com.kms.katalon.core.keyword.builtin.VerifyEqualKeyword.execute(VerifyEqualKeyword.groovy:44)
	at com.kms.katalon.core.keyword.internal.KeywordExecutor.executeKeywordForPlatform(KeywordExecutor.groovy:72)
	at com.kms.katalon.core.keyword.BuiltinKeywords.verifyEqual(BuiltinKeywords.groovy:141)
	at TC_004_Validate_Search_Box_Valid_Text_With_Count.run(TC_004_Validate_Search_Box_Valid_Text_With_Count:66)
	at com.kms.katalon.core.main.ScriptEngine.run(ScriptEngine.java:194)
	at com.kms.katalon.core.main.ScriptEngine.runScriptAsRawText(ScriptEngine.java:119)
	at com.kms.katalon.core.main.TestCaseExecutor.runScript(TestCaseExecutor.java:337)
	at com.kms.katalon.core.main.TestCaseExecutor.doExecute(TestCaseExecutor.java:328)
	at com.kms.katalon.core.main.TestCaseExecutor.processExecutionPhase(TestCaseExecutor.java:307)
	at com.kms.katalon.core.main.TestCaseExecutor.accessMainPhase(TestCaseExecutor.java:299)
	at com.kms.katalon.core.main.TestCaseExecutor.execute(TestCaseExecutor.java:233)
	at com.kms.katalon.core.main.TestSuiteExecutor.accessTestCaseMainPhase(TestSuiteExecutor.java:169)
	at com.kms.katalon.core.main.TestSuiteExecutor.accessTestSuiteMainPhase(TestSuiteExecutor.java:142)
	at com.kms.katalon.core.main.TestSuiteExecutor.execute(TestSuiteExecutor.java:91)
	at com.kms.katalon.core.main.TestCaseMain.startTestSuite(TestCaseMain.java:157)
	at com.kms.katalon.core.main.TestCaseMain$startTestSuite$0.call(Unknown Source)
	at TempTestSuite1582873031480.run(TempTestSuite1582873031480.groovy:36)
)
	at com.kms.katalon.core.keyword.internal.KeywordMain.stepFailed(KeywordMain.groovy:39)
	at com.kms.katalon.core.keyword.internal.KeywordMain.stepFailed(KeywordMain.groovy)
	at com.kms.katalon.core.keyword.internal.KeywordMain.runKeyword(KeywordMain.groovy:70)
	at com.kms.katalon.core.keyword.builtin.VerifyEqualKeyword.verifyEqual(VerifyEqualKeyword.groovy:63)
	at com.kms.katalon.core.keyword.builtin.VerifyEqualKeyword.execute(VerifyEqualKeyword.groovy:44)
	at com.kms.katalon.core.keyword.internal.KeywordExecutor.executeKeywordForPlatform(KeywordExecutor.groovy:72)
	at com.kms.katalon.core.keyword.BuiltinKeywords.verifyEqual(BuiltinKeywords.groovy:141)
	at TC_004_Validate_Search_Box_Valid_Text_With_Count.run(TC_004_Validate_Search_Box_Valid_Text_With_Count:66)
	at com.kms.katalon.core.main.ScriptEngine.run(ScriptEngine.java:194)
	at com.kms.katalon.core.main.ScriptEngine.runScriptAsRawText(ScriptEngine.java:119)
	at com.kms.katalon.core.main.TestCaseExecutor.runScript(TestCaseExecutor.java:337)
	at com.kms.katalon.core.main.TestCaseExecutor.doExecute(TestCaseExecutor.java:328)
	at com.kms.katalon.core.main.TestCaseExecutor.processExecutionPhase(TestCaseExecutor.java:307)
	at com.kms.katalon.core.main.TestCaseExecutor.accessMainPhase(TestCaseExecutor.java:299)
	at com.kms.katalon.core.main.TestCaseExecutor.execute(TestCaseExecutor.java:233)
	at com.kms.katalon.core.main.TestSuiteExecutor.accessTestCaseMainPhase(TestSuiteExecutor.java:169)
	at com.kms.katalon.core.main.TestSuiteExecutor.accessTestSuiteMainPhase(TestSuiteExecutor.java:142)
	at com.kms.katalon.core.main.TestSuiteExecutor.execute(TestSuiteExecutor.java:91)
	at com.kms.katalon.core.main.TestCaseMain.startTestSuite(TestCaseMain.java:157)
	at com.kms.katalon.core.main.TestCaseMain$startTestSuite$0.call(Unknown Source)
	at TempTestSuite1582873031480.run(TempTestSuite1582873031480.groovy:36)
Caused by: com.kms.katalon.core.exception.StepFailedException: Actual object '20' and expected object '23' are not equal
	at com.kms.katalon.core.keyword.builtin.VerifyEqualKeyword$_verifyEqual_closure1.doCall(VerifyEqualKeyword.groovy:58)
	at com.kms.katalon.core.keyword.builtin.VerifyEqualKeyword$_verifyEqual_closure1.call(VerifyEqualKeyword.groovy)
	at com.kms.katalon.core.keyword.internal.KeywordMain.runKeyword(KeywordMain.groovy:68)
	... 18 more
"/>
         <system-out><![CDATA[2020-02-28 12:28:29 - [TEST_CASE][FAILED] - Test Cases/Atlas Platform/Data Management/Data Listing/TC_004_Validate_Search_Box_Valid_Text_With_Count: Test Cases/Atlas Platform/Data Management/Data Listing/TC_004_Validate_Search_Box_Valid_Text_With_Count FAILED.
Reason:
com.kms.katalon.core.exception.StepFailedException: Unable to verify equal between actual object '20' and expected object '23' (Root cause: com.kms.katalon.core.exception.StepFailedException: Actual object '20' and expected object '23' are not equal
	at com.kms.katalon.core.keyword.builtin.VerifyEqualKeyword$_verifyEqual_closure1.doCall(VerifyEqualKeyword.groovy:58)
	at com.kms.katalon.core.keyword.builtin.VerifyEqualKeyword$_verifyEqual_closure1.call(VerifyEqualKeyword.groovy)
	at com.kms.katalon.core.keyword.internal.KeywordMain.runKeyword(KeywordMain.groovy:68)
	at com.kms.katalon.core.keyword.builtin.VerifyEqualKeyword.verifyEqual(VerifyEqualKeyword.groovy:63)
	at com.kms.katalon.core.keyword.builtin.VerifyEqualKeyword.execute(VerifyEqualKeyword.groovy:44)
	at com.kms.katalon.core.keyword.internal.KeywordExecutor.executeKeywordForPlatform(KeywordExecutor.groovy:72)
	at com.kms.katalon.core.keyword.BuiltinKeywords.verifyEqual(BuiltinKeywords.groovy:141)
	at TC_004_Validate_Search_Box_Valid_Text_With_Count.run(TC_004_Validate_Search_Box_Valid_Text_With_Count:66)
	at com.kms.katalon.core.main.ScriptEngine.run(ScriptEngine.java:194)
	at com.kms.katalon.core.main.ScriptEngine.runScriptAsRawText(ScriptEngine.java:119)
	at com.kms.katalon.core.main.TestCaseExecutor.runScript(TestCaseExecutor.java:337)
	at com.kms.katalon.core.main.TestCaseExecutor.doExecute(TestCaseExecutor.java:328)
	at com.kms.katalon.core.main.TestCaseExecutor.processExecutionPhase(TestCaseExecutor.java:307)
	at com.kms.katalon.core.main.TestCaseExecutor.accessMainPhase(TestCaseExecutor.java:299)
	at com.kms.katalon.core.main.TestCaseExecutor.execute(TestCaseExecutor.java:233)
	at com.kms.katalon.core.main.TestSuiteExecutor.accessTestCaseMainPhase(TestSuiteExecutor.java:169)
	at com.kms.katalon.core.main.TestSuiteExecutor.accessTestSuiteMainPhase(TestSuiteExecutor.java:142)
	at com.kms.katalon.core.main.TestSuiteExecutor.execute(TestSuiteExecutor.java:91)
	at com.kms.katalon.core.main.TestCaseMain.startTestSuite(TestCaseMain.java:157)
	at com.kms.katalon.core.main.TestCaseMain$startTestSuite$0.call(Unknown Source)
	at TempTestSuite1582873031480.run(TempTestSuite1582873031480.groovy:36)
)
	at com.kms.katalon.core.keyword.internal.KeywordMain.stepFailed(KeywordMain.groovy:39)
	at com.kms.katalon.core.keyword.internal.KeywordMain.stepFailed(KeywordMain.groovy)
	at com.kms.katalon.core.keyword.internal.KeywordMain.runKeyword(KeywordMain.groovy:70)
	at com.kms.katalon.core.keyword.builtin.VerifyEqualKeyword.verifyEqual(VerifyEqualKeyword.groovy:63)
	at com.kms.katalon.core.keyword.builtin.VerifyEqualKeyword.execute(VerifyEqualKeyword.groovy:44)
	at com.kms.katalon.core.keyword.internal.KeywordExecutor.executeKeywordForPlatform(KeywordExecutor.groovy:72)
	at com.kms.katalon.core.keyword.BuiltinKeywords.verifyEqual(BuiltinKeywords.groovy:141)
	at TC_004_Validate_Search_Box_Valid_Text_With_Count.run(TC_004_Validate_Search_Box_Valid_Text_With_Count:66)
	at com.kms.katalon.core.main.ScriptEngine.run(ScriptEngine.java:194)
	at com.kms.katalon.core.main.ScriptEngine.runScriptAsRawText(ScriptEngine.java:119)
	at com.kms.katalon.core.main.TestCaseExecutor.runScript(TestCaseExecutor.java:337)
	at com.kms.katalon.core.main.TestCaseExecutor.doExecute(TestCaseExecutor.java:328)
	at com.kms.katalon.core.main.TestCaseExecutor.processExecutionPhase(TestCaseExecutor.java:307)
	at com.kms.katalon.core.main.TestCaseExecutor.accessMainPhase(TestCaseExecutor.java:299)
	at com.kms.katalon.core.main.TestCaseExecutor.execute(TestCaseExecutor.java:233)
	at com.kms.katalon.core.main.TestSuiteExecutor.accessTestCaseMainPhase(TestSuiteExecutor.java:169)
	at com.kms.katalon.core.main.TestSuiteExecutor.accessTestSuiteMainPhase(TestSuiteExecutor.java:142)
	at com.kms.katalon.core.main.TestSuiteExecutor.execute(TestSuiteExecutor.java:91)
	at com.kms.katalon.core.main.TestCaseMain.startTestSuite(TestCaseMain.java:157)
	at com.kms.katalon.core.main.TestCaseMain$startTestSuite$0.call(Unknown Source)
	at TempTestSuite1582873031480.run(TempTestSuite1582873031480.groovy:36)
Caused by: com.kms.katalon.core.exception.StepFailedException: Actual object '20' and expected object '23' are not equal
	at com.kms.katalon.core.keyword.builtin.VerifyEqualKeyword$_verifyEqual_closure1.doCall(VerifyEqualKeyword.groovy:58)
	at com.kms.katalon.core.keyword.builtin.VerifyEqualKeyword$_verifyEqual_closure1.call(VerifyEqualKeyword.groovy)
	at com.kms.katalon.core.keyword.internal.KeywordMain.runKeyword(KeywordMain.groovy:68)
	... 18 more


2020-02-28 12:28:30 - [TEST_STEP][NOT_RUN] - callTestCase(findTestCase("Atlas Platform/Platform Navigation/Login/LoginWithRootAdmin"), ["user_Email":"navaraj@totient.co.in", "user_Password":"Totient@123"], CONTINUE_ON_FAILURE): NOT_RUN: callTestCase(findTestCase("Atlas Platform/Platform Navigation/Login/LoginWithRootAdmin"), ["user_Email":"navaraj@totient.co.in", "user_Password":"Totient@123"], CONTINUE_ON_FAILURE)

2020-02-28 12:28:30 - [MESSAGE][NOT_RUN] - NOT_RUN: callTestCase(findTestCase("Atlas Platform/Platform Navigation/Login/LoginWithRootAdmin"), ["user_Email":"navaraj@totient.co.in", "user_Password":"Totient@123"], CONTINUE_ON_FAILURE)

2020-02-28 12:28:30 - [TEST_STEP][PASSED] - click(findTestObject("HeaderMenus/audiencemenu")): Object: 'Object Repository/HeaderMenus/audiencemenu' is clicked on

2020-02-28 12:28:30 - [MESSAGE][PASSED] - Object: 'Object Repository/HeaderMenus/audiencemenu' is clicked on

2020-02-28 12:28:30 - [TEST_STEP][PASSED] - refresh(): Refresh successfully

2020-02-28 12:28:32 - [MESSAGE][PASSED] - Refresh successfully

2020-02-28 12:28:32 - [TEST_STEP][PASSED] - click(findTestObject("Login_Page/Dashboard/Data Sub-Navigation/div_Data Source")): Object: 'Object Repository/Login_Page/Dashboard/Data Sub-Navigation/div_Data Source' is clicked on

2020-02-28 12:28:33 - [MESSAGE][PASSED] - Object: 'Object Repository/Login_Page/Dashboard/Data Sub-Navigation/div_Data Source' is clicked on

2020-02-28 12:28:33 - [TEST_STEP][PASSED] - beforefilterapplytot = getText(findTestObject("Object Repository/AUDIENCE/Data Source/total_count")): Text of object 'Object Repository/AUDIENCE/Data Source/total_count' is: '(23)'

2020-02-28 12:28:34 - [MESSAGE][PASSED] - Text of object 'Object Repository/AUDIENCE/Data Source/total_count' is: '(23)'

2020-02-28 12:28:34 - [TEST_STEP][PASSED] - beforetotal = Integer.parseInt(replace(")", "").trim()): null

2020-02-28 12:28:34 - [TEST_STEP][PASSED] - setText(findTestObject("Object Repository/AUDIENCE/Data Source/search_box"), "Test" + ENTER): Text 'ENTER + Test' is set on object 'Object Repository/AUDIENCE/Data Source/search_box'

2020-02-28 12:28:34 - [MESSAGE][PASSED] - Text 'ENTER + Test' is set on object 'Object Repository/AUDIENCE/Data Source/search_box'

2020-02-28 12:28:34 - [TEST_STEP][PASSED] - delay(3): Delayed 3 second(s)

2020-02-28 12:28:37 - [MESSAGE][PASSED] - Delayed 3 second(s)

2020-02-28 12:28:37 - [TEST_STEP][PASSED] - text = getText(findTestObject("CONTENT/Image_Listing/showingtextforpagination")): Text of object 'Object Repository/CONTENT/Image_Listing/showingtextforpagination' is: 'Showing 1-10 of 10 Data Source(s)'

2020-02-28 12:28:38 - [MESSAGE][PASSED] - Text of object 'Object Repository/CONTENT/Image_Listing/showingtextforpagination' is: 'Showing 1-10 of 10 Data Source(s)'

2020-02-28 12:28:38 - [TEST_STEP][PASSED] - resultfound_count = Integer.parseInt(split(" ")[1].trim()): null

2020-02-28 12:28:38 - [TEST_STEP][PASSED] - elements = findWebElements(findTestObject("AUDIENCE/Data Source/column1_values"), 0): Timeout '0' is invalid. Using default page load timeout: '230'

2020-02-28 12:28:38 - [MESSAGE][WARNING] - Timeout '0' is invalid. Using default page load timeout: '230'

2020-02-28 12:28:38 - [TEST_STEP][PASSED] - pageValueCount = elements.size(): null

2020-02-28 12:28:38 - [TEST_STEP][PASSED] - if (resultfound_count > 10): null

2020-02-28 12:28:38 - [TEST_STEP][PASSED] - verifyEqual(resultfound_count, pageValueCount): Actual object '10' and expected object '10' are equal

2020-02-28 12:28:38 - [MESSAGE][PASSED] - Actual object '10' and expected object '10' are equal

2020-02-28 12:28:38 - [TEST_STEP][PASSED] - click(findTestObject("AUDIENCE/Data Source/search_closeicon")): Object: 'Object Repository/AUDIENCE/Data Source/search_closeicon' is clicked on

2020-02-28 12:28:39 - [MESSAGE][PASSED] - Object: 'Object Repository/AUDIENCE/Data Source/search_closeicon' is clicked on

2020-02-28 12:28:39 - [TEST_STEP][PASSED] - afterfilterapplytot = getText(findTestObject("Object Repository/AUDIENCE/Data Source/total_count")): Text of object 'Object Repository/AUDIENCE/Data Source/total_count' is: '(20)'

2020-02-28 12:28:40 - [MESSAGE][PASSED] - Text of object 'Object Repository/AUDIENCE/Data Source/total_count' is: '(20)'

2020-02-28 12:28:40 - [TEST_STEP][PASSED] - aftertotal = Integer.parseInt(replace(")", "").trim()): null

2020-02-28 12:28:40 - [TEST_STEP][FAILED] - verifyEqual(aftertotal, beforetotal): Unable to verify equal between actual object '20' and expected object '23' (Root cause: com.kms.katalon.core.exception.StepFailedException: Actual object '20' and expected object '23' are not equal
	at com.kms.katalon.core.keyword.builtin.VerifyEqualKeyword$_verifyEqual_closure1.doCall(VerifyEqualKeyword.groovy:58)
	at com.kms.katalon.core.keyword.builtin.VerifyEqualKeyword$_verifyEqual_closure1.call(VerifyEqualKeyword.groovy)
	at com.kms.katalon.core.keyword.internal.KeywordMain.runKeyword(KeywordMain.groovy:68)
	at com.kms.katalon.core.keyword.builtin.VerifyEqualKeyword.verifyEqual(VerifyEqualKeyword.groovy:63)
	at com.kms.katalon.core.keyword.builtin.VerifyEqualKeyword.execute(VerifyEqualKeyword.groovy:44)
	at com.kms.katalon.core.keyword.internal.KeywordExecutor.executeKeywordForPlatform(KeywordExecutor.groovy:72)
	at com.kms.katalon.core.keyword.BuiltinKeywords.verifyEqual(BuiltinKeywords.groovy:141)
	at TC_004_Validate_Search_Box_Valid_Text_With_Count.run(TC_004_Validate_Search_Box_Valid_Text_With_Count:66)
	at com.kms.katalon.core.main.ScriptEngine.run(ScriptEngine.java:194)
	at com.kms.katalon.core.main.ScriptEngine.runScriptAsRawText(ScriptEngine.java:119)
	at com.kms.katalon.core.main.TestCaseExecutor.runScript(TestCaseExecutor.java:337)
	at com.kms.katalon.core.main.TestCaseExecutor.doExecute(TestCaseExecutor.java:328)
	at com.kms.katalon.core.main.TestCaseExecutor.processExecutionPhase(TestCaseExecutor.java:307)
	at com.kms.katalon.core.main.TestCaseExecutor.accessMainPhase(TestCaseExecutor.java:299)
	at com.kms.katalon.core.main.TestCaseExecutor.execute(TestCaseExecutor.java:233)
	at com.kms.katalon.core.main.TestSuiteExecutor.accessTestCaseMainPhase(TestSuiteExecutor.java:169)
	at com.kms.katalon.core.main.TestSuiteExecutor.accessTestSuiteMainPhase(TestSuiteExecutor.java:142)
	at com.kms.katalon.core.main.TestSuiteExecutor.execute(TestSuiteExecutor.java:91)
	at com.kms.katalon.core.main.TestCaseMain.startTestSuite(TestCaseMain.java:157)
	at com.kms.katalon.core.main.TestCaseMain$startTestSuite$0.call(Unknown Source)
	at TempTestSuite1582873031480.run(TempTestSuite1582873031480.groovy:36)
)

2020-02-28 12:28:40 - [MESSAGE][FAILED] - Unable to verify equal between actual object '20' and expected object '23' (Root cause: com.kms.katalon.core.exception.StepFailedException: Actual object '20' and expected object '23' are not equal
	at com.kms.katalon.core.keyword.builtin.VerifyEqualKeyword$_verifyEqual_closure1.doCall(VerifyEqualKeyword.groovy:58)
	at com.kms.katalon.core.keyword.builtin.VerifyEqualKeyword$_verifyEqual_closure1.call(VerifyEqualKeyword.groovy)
	at com.kms.katalon.core.keyword.internal.KeywordMain.runKeyword(KeywordMain.groovy:68)
	at com.kms.katalon.core.keyword.builtin.VerifyEqualKeyword.verifyEqual(VerifyEqualKeyword.groovy:63)
	at com.kms.katalon.core.keyword.builtin.VerifyEqualKeyword.execute(VerifyEqualKeyword.groovy:44)
	at com.kms.katalon.core.keyword.internal.KeywordExecutor.executeKeywordForPlatform(KeywordExecutor.groovy:72)
	at com.kms.katalon.core.keyword.BuiltinKeywords.verifyEqual(BuiltinKeywords.groovy:141)
	at TC_004_Validate_Search_Box_Valid_Text_With_Count.run(TC_004_Validate_Search_Box_Valid_Text_With_Count:66)
	at com.kms.katalon.core.main.ScriptEngine.run(ScriptEngine.java:194)
	at com.kms.katalon.core.main.ScriptEngine.runScriptAsRawText(ScriptEngine.java:119)
	at com.kms.katalon.core.main.TestCaseExecutor.runScript(TestCaseExecutor.java:337)
	at com.kms.katalon.core.main.TestCaseExecutor.doExecute(TestCaseExecutor.java:328)
	at com.kms.katalon.core.main.TestCaseExecutor.processExecutionPhase(TestCaseExecutor.java:307)
	at com.kms.katalon.core.main.TestCaseExecutor.accessMainPhase(TestCaseExecutor.java:299)
	at com.kms.katalon.core.main.TestCaseExecutor.execute(TestCaseExecutor.java:233)
	at com.kms.katalon.core.main.TestSuiteExecutor.accessTestCaseMainPhase(TestSuiteExecutor.java:169)
	at com.kms.katalon.core.main.TestSuiteExecutor.accessTestSuiteMainPhase(TestSuiteExecutor.java:142)
	at com.kms.katalon.core.main.TestSuiteExecutor.execute(TestSuiteExecutor.java:91)
	at com.kms.katalon.core.main.TestCaseMain.startTestSuite(TestCaseMain.java:157)
	at com.kms.katalon.core.main.TestCaseMain$startTestSuite$0.call(Unknown Source)
	at TempTestSuite1582873031480.run(TempTestSuite1582873031480.groovy:36)
)

2020-02-28 12:28:40 - [TEST_STEP][PASSED] - Start listener action : sampleAfterTestCase: Taking screenshot successfully

2020-02-28 12:28:40 - [TEST_STEP][PASSED] - println(testCaseContext.getTestCaseId()): null

2020-02-28 12:28:40 - [TEST_STEP][PASSED] - println(testCaseContext.getTestCaseStatus()): null

2020-02-28 12:28:40 - [TEST_STEP][PASSED] - println("On Failure Method is Calling : " + testCaseContext.getTestCaseStatus()): null

2020-02-28 12:28:40 - [TEST_STEP][PASSED] - if (!(getTestCaseStatus().equalsIgnoreCase("PASSED"))): Taking screenshot successfully

2020-02-28 12:28:41 - [MESSAGE][PASSED] - Taking screenshot successfully
[[ATTACHMENT|D:\\TestDataForSampleProject\\test1.jpg]]

2020-02-28 12:28:43 - [TEST_STEP][PASSED] - Video: Video recording for test case 'Test Cases/Atlas Platform/Data Management/Data Listing/TC_004_Validate_Search_Box_Valid_Text_With_Count' .

2020-02-28 12:28:43 - [MESSAGE][INFO] - Video recording for test case 'Test Cases/Atlas Platform/Data Management/Data Listing/TC_004_Validate_Search_Box_Valid_Text_With_Count' .
[[ATTACHMENT|C:\\Users\\Dell\\git\\GSMProject\\Reports\\20200228_122706\\AUDIENCE\\Data Source\\20200228_122706/videos\\test_5.avi]]]]></system-out>
         <system-err><![CDATA[2020-02-28 12:28:29 - [TEST_CASE][FAILED] - Test Cases/Atlas Platform/Data Management/Data Listing/TC_004_Validate_Search_Box_Valid_Text_With_Count: Test Cases/Atlas Platform/Data Management/Data Listing/TC_004_Validate_Search_Box_Valid_Text_With_Count FAILED.
Reason:
com.kms.katalon.core.exception.StepFailedException: Unable to verify equal between actual object '20' and expected object '23' (Root cause: com.kms.katalon.core.exception.StepFailedException: Actual object '20' and expected object '23' are not equal
	at com.kms.katalon.core.keyword.builtin.VerifyEqualKeyword$_verifyEqual_closure1.doCall(VerifyEqualKeyword.groovy:58)
	at com.kms.katalon.core.keyword.builtin.VerifyEqualKeyword$_verifyEqual_closure1.call(VerifyEqualKeyword.groovy)
	at com.kms.katalon.core.keyword.internal.KeywordMain.runKeyword(KeywordMain.groovy:68)
	at com.kms.katalon.core.keyword.builtin.VerifyEqualKeyword.verifyEqual(VerifyEqualKeyword.groovy:63)
	at com.kms.katalon.core.keyword.builtin.VerifyEqualKeyword.execute(VerifyEqualKeyword.groovy:44)
	at com.kms.katalon.core.keyword.internal.KeywordExecutor.executeKeywordForPlatform(KeywordExecutor.groovy:72)
	at com.kms.katalon.core.keyword.BuiltinKeywords.verifyEqual(BuiltinKeywords.groovy:141)
	at TC_004_Validate_Search_Box_Valid_Text_With_Count.run(TC_004_Validate_Search_Box_Valid_Text_With_Count:66)
	at com.kms.katalon.core.main.ScriptEngine.run(ScriptEngine.java:194)
	at com.kms.katalon.core.main.ScriptEngine.runScriptAsRawText(ScriptEngine.java:119)
	at com.kms.katalon.core.main.TestCaseExecutor.runScript(TestCaseExecutor.java:337)
	at com.kms.katalon.core.main.TestCaseExecutor.doExecute(TestCaseExecutor.java:328)
	at com.kms.katalon.core.main.TestCaseExecutor.processExecutionPhase(TestCaseExecutor.java:307)
	at com.kms.katalon.core.main.TestCaseExecutor.accessMainPhase(TestCaseExecutor.java:299)
	at com.kms.katalon.core.main.TestCaseExecutor.execute(TestCaseExecutor.java:233)
	at com.kms.katalon.core.main.TestSuiteExecutor.accessTestCaseMainPhase(TestSuiteExecutor.java:169)
	at com.kms.katalon.core.main.TestSuiteExecutor.accessTestSuiteMainPhase(TestSuiteExecutor.java:142)
	at com.kms.katalon.core.main.TestSuiteExecutor.execute(TestSuiteExecutor.java:91)
	at com.kms.katalon.core.main.TestCaseMain.startTestSuite(TestCaseMain.java:157)
	at com.kms.katalon.core.main.TestCaseMain$startTestSuite$0.call(Unknown Source)
	at TempTestSuite1582873031480.run(TempTestSuite1582873031480.groovy:36)
)
	at com.kms.katalon.core.keyword.internal.KeywordMain.stepFailed(KeywordMain.groovy:39)
	at com.kms.katalon.core.keyword.internal.KeywordMain.stepFailed(KeywordMain.groovy)
	at com.kms.katalon.core.keyword.internal.KeywordMain.runKeyword(KeywordMain.groovy:70)
	at com.kms.katalon.core.keyword.builtin.VerifyEqualKeyword.verifyEqual(VerifyEqualKeyword.groovy:63)
	at com.kms.katalon.core.keyword.builtin.VerifyEqualKeyword.execute(VerifyEqualKeyword.groovy:44)
	at com.kms.katalon.core.keyword.internal.KeywordExecutor.executeKeywordForPlatform(KeywordExecutor.groovy:72)
	at com.kms.katalon.core.keyword.BuiltinKeywords.verifyEqual(BuiltinKeywords.groovy:141)
	at TC_004_Validate_Search_Box_Valid_Text_With_Count.run(TC_004_Validate_Search_Box_Valid_Text_With_Count:66)
	at com.kms.katalon.core.main.ScriptEngine.run(ScriptEngine.java:194)
	at com.kms.katalon.core.main.ScriptEngine.runScriptAsRawText(ScriptEngine.java:119)
	at com.kms.katalon.core.main.TestCaseExecutor.runScript(TestCaseExecutor.java:337)
	at com.kms.katalon.core.main.TestCaseExecutor.doExecute(TestCaseExecutor.java:328)
	at com.kms.katalon.core.main.TestCaseExecutor.processExecutionPhase(TestCaseExecutor.java:307)
	at com.kms.katalon.core.main.TestCaseExecutor.accessMainPhase(TestCaseExecutor.java:299)
	at com.kms.katalon.core.main.TestCaseExecutor.execute(TestCaseExecutor.java:233)
	at com.kms.katalon.core.main.TestSuiteExecutor.accessTestCaseMainPhase(TestSuiteExecutor.java:169)
	at com.kms.katalon.core.main.TestSuiteExecutor.accessTestSuiteMainPhase(TestSuiteExecutor.java:142)
	at com.kms.katalon.core.main.TestSuiteExecutor.execute(TestSuiteExecutor.java:91)
	at com.kms.katalon.core.main.TestCaseMain.startTestSuite(TestCaseMain.java:157)
	at com.kms.katalon.core.main.TestCaseMain$startTestSuite$0.call(Unknown Source)
	at TempTestSuite1582873031480.run(TempTestSuite1582873031480.groovy:36)
Caused by: com.kms.katalon.core.exception.StepFailedException: Actual object '20' and expected object '23' are not equal
	at com.kms.katalon.core.keyword.builtin.VerifyEqualKeyword$_verifyEqual_closure1.doCall(VerifyEqualKeyword.groovy:58)
	at com.kms.katalon.core.keyword.builtin.VerifyEqualKeyword$_verifyEqual_closure1.call(VerifyEqualKeyword.groovy)
	at com.kms.katalon.core.keyword.internal.KeywordMain.runKeyword(KeywordMain.groovy:68)
	... 18 more]]></system-err>
      </testcase>
      <testcase name="Test Cases/Atlas Platform/Data Management/Data Listing/TC_005_Validate_Search_Box_Invalid_Text_With_Count" time="13.537" classname="Test Cases/Atlas Platform/Data Management/Data Listing/TC_005_Validate_Search_Box_Invalid_Text_With_Count" status="FAILED">
         <failure type="FAILED" message="Test Cases/Atlas Platform/Data Management/Data Listing/TC_005_Validate_Search_Box_Invalid_Text_With_Count FAILED.
Reason:
com.kms.katalon.core.exception.StepFailedException: Unable to verify equal between actual object '20' and expected object '23' (Root cause: com.kms.katalon.core.exception.StepFailedException: Actual object '20' and expected object '23' are not equal
	at com.kms.katalon.core.keyword.builtin.VerifyEqualKeyword$_verifyEqual_closure1.doCall(VerifyEqualKeyword.groovy:58)
	at com.kms.katalon.core.keyword.builtin.VerifyEqualKeyword$_verifyEqual_closure1.call(VerifyEqualKeyword.groovy)
	at com.kms.katalon.core.keyword.internal.KeywordMain.runKeyword(KeywordMain.groovy:68)
	at com.kms.katalon.core.keyword.builtin.VerifyEqualKeyword.verifyEqual(VerifyEqualKeyword.groovy:63)
	at com.kms.katalon.core.keyword.builtin.VerifyEqualKeyword.execute(VerifyEqualKeyword.groovy:44)
	at com.kms.katalon.core.keyword.internal.KeywordExecutor.executeKeywordForPlatform(KeywordExecutor.groovy:72)
	at com.kms.katalon.core.keyword.BuiltinKeywords.verifyEqual(BuiltinKeywords.groovy:141)
	at TC_005_Validate_Search_Box_Invalid_Text_With_Count.run(TC_005_Validate_Search_Box_Invalid_Text_With_Count:48)
	at com.kms.katalon.core.main.ScriptEngine.run(ScriptEngine.java:194)
	at com.kms.katalon.core.main.ScriptEngine.runScriptAsRawText(ScriptEngine.java:119)
	at com.kms.katalon.core.main.TestCaseExecutor.runScript(TestCaseExecutor.java:337)
	at com.kms.katalon.core.main.TestCaseExecutor.doExecute(TestCaseExecutor.java:328)
	at com.kms.katalon.core.main.TestCaseExecutor.processExecutionPhase(TestCaseExecutor.java:307)
	at com.kms.katalon.core.main.TestCaseExecutor.accessMainPhase(TestCaseExecutor.java:299)
	at com.kms.katalon.core.main.TestCaseExecutor.execute(TestCaseExecutor.java:233)
	at com.kms.katalon.core.main.TestSuiteExecutor.accessTestCaseMainPhase(TestSuiteExecutor.java:169)
	at com.kms.katalon.core.main.TestSuiteExecutor.accessTestSuiteMainPhase(TestSuiteExecutor.java:142)
	at com.kms.katalon.core.main.TestSuiteExecutor.execute(TestSuiteExecutor.java:91)
	at com.kms.katalon.core.main.TestCaseMain.startTestSuite(TestCaseMain.java:157)
	at com.kms.katalon.core.main.TestCaseMain$startTestSuite$0.call(Unknown Source)
	at TempTestSuite1582873031480.run(TempTestSuite1582873031480.groovy:36)
)
	at com.kms.katalon.core.keyword.internal.KeywordMain.stepFailed(KeywordMain.groovy:39)
	at com.kms.katalon.core.keyword.internal.KeywordMain.stepFailed(KeywordMain.groovy)
	at com.kms.katalon.core.keyword.internal.KeywordMain.runKeyword(KeywordMain.groovy:70)
	at com.kms.katalon.core.keyword.builtin.VerifyEqualKeyword.verifyEqual(VerifyEqualKeyword.groovy:63)
	at com.kms.katalon.core.keyword.builtin.VerifyEqualKeyword.execute(VerifyEqualKeyword.groovy:44)
	at com.kms.katalon.core.keyword.internal.KeywordExecutor.executeKeywordForPlatform(KeywordExecutor.groovy:72)
	at com.kms.katalon.core.keyword.BuiltinKeywords.verifyEqual(BuiltinKeywords.groovy:141)
	at TC_005_Validate_Search_Box_Invalid_Text_With_Count.run(TC_005_Validate_Search_Box_Invalid_Text_With_Count:48)
	at com.kms.katalon.core.main.ScriptEngine.run(ScriptEngine.java:194)
	at com.kms.katalon.core.main.ScriptEngine.runScriptAsRawText(ScriptEngine.java:119)
	at com.kms.katalon.core.main.TestCaseExecutor.runScript(TestCaseExecutor.java:337)
	at com.kms.katalon.core.main.TestCaseExecutor.doExecute(TestCaseExecutor.java:328)
	at com.kms.katalon.core.main.TestCaseExecutor.processExecutionPhase(TestCaseExecutor.java:307)
	at com.kms.katalon.core.main.TestCaseExecutor.accessMainPhase(TestCaseExecutor.java:299)
	at com.kms.katalon.core.main.TestCaseExecutor.execute(TestCaseExecutor.java:233)
	at com.kms.katalon.core.main.TestSuiteExecutor.accessTestCaseMainPhase(TestSuiteExecutor.java:169)
	at com.kms.katalon.core.main.TestSuiteExecutor.accessTestSuiteMainPhase(TestSuiteExecutor.java:142)
	at com.kms.katalon.core.main.TestSuiteExecutor.execute(TestSuiteExecutor.java:91)
	at com.kms.katalon.core.main.TestCaseMain.startTestSuite(TestCaseMain.java:157)
	at com.kms.katalon.core.main.TestCaseMain$startTestSuite$0.call(Unknown Source)
	at TempTestSuite1582873031480.run(TempTestSuite1582873031480.groovy:36)
Caused by: com.kms.katalon.core.exception.StepFailedException: Actual object '20' and expected object '23' are not equal
	at com.kms.katalon.core.keyword.builtin.VerifyEqualKeyword$_verifyEqual_closure1.doCall(VerifyEqualKeyword.groovy:58)
	at com.kms.katalon.core.keyword.builtin.VerifyEqualKeyword$_verifyEqual_closure1.call(VerifyEqualKeyword.groovy)
	at com.kms.katalon.core.keyword.internal.KeywordMain.runKeyword(KeywordMain.groovy:68)
	... 18 more
"/>
         <system-out><![CDATA[2020-02-28 12:28:43 - [TEST_CASE][FAILED] - Test Cases/Atlas Platform/Data Management/Data Listing/TC_005_Validate_Search_Box_Invalid_Text_With_Count: Test Cases/Atlas Platform/Data Management/Data Listing/TC_005_Validate_Search_Box_Invalid_Text_With_Count FAILED.
Reason:
com.kms.katalon.core.exception.StepFailedException: Unable to verify equal between actual object '20' and expected object '23' (Root cause: com.kms.katalon.core.exception.StepFailedException: Actual object '20' and expected object '23' are not equal
	at com.kms.katalon.core.keyword.builtin.VerifyEqualKeyword$_verifyEqual_closure1.doCall(VerifyEqualKeyword.groovy:58)
	at com.kms.katalon.core.keyword.builtin.VerifyEqualKeyword$_verifyEqual_closure1.call(VerifyEqualKeyword.groovy)
	at com.kms.katalon.core.keyword.internal.KeywordMain.runKeyword(KeywordMain.groovy:68)
	at com.kms.katalon.core.keyword.builtin.VerifyEqualKeyword.verifyEqual(VerifyEqualKeyword.groovy:63)
	at com.kms.katalon.core.keyword.builtin.VerifyEqualKeyword.execute(VerifyEqualKeyword.groovy:44)
	at com.kms.katalon.core.keyword.internal.KeywordExecutor.executeKeywordForPlatform(KeywordExecutor.groovy:72)
	at com.kms.katalon.core.keyword.BuiltinKeywords.verifyEqual(BuiltinKeywords.groovy:141)
	at TC_005_Validate_Search_Box_Invalid_Text_With_Count.run(TC_005_Validate_Search_Box_Invalid_Text_With_Count:48)
	at com.kms.katalon.core.main.ScriptEngine.run(ScriptEngine.java:194)
	at com.kms.katalon.core.main.ScriptEngine.runScriptAsRawText(ScriptEngine.java:119)
	at com.kms.katalon.core.main.TestCaseExecutor.runScript(TestCaseExecutor.java:337)
	at com.kms.katalon.core.main.TestCaseExecutor.doExecute(TestCaseExecutor.java:328)
	at com.kms.katalon.core.main.TestCaseExecutor.processExecutionPhase(TestCaseExecutor.java:307)
	at com.kms.katalon.core.main.TestCaseExecutor.accessMainPhase(TestCaseExecutor.java:299)
	at com.kms.katalon.core.main.TestCaseExecutor.execute(TestCaseExecutor.java:233)
	at com.kms.katalon.core.main.TestSuiteExecutor.accessTestCaseMainPhase(TestSuiteExecutor.java:169)
	at com.kms.katalon.core.main.TestSuiteExecutor.accessTestSuiteMainPhase(TestSuiteExecutor.java:142)
	at com.kms.katalon.core.main.TestSuiteExecutor.execute(TestSuiteExecutor.java:91)
	at com.kms.katalon.core.main.TestCaseMain.startTestSuite(TestCaseMain.java:157)
	at com.kms.katalon.core.main.TestCaseMain$startTestSuite$0.call(Unknown Source)
	at TempTestSuite1582873031480.run(TempTestSuite1582873031480.groovy:36)
)
	at com.kms.katalon.core.keyword.internal.KeywordMain.stepFailed(KeywordMain.groovy:39)
	at com.kms.katalon.core.keyword.internal.KeywordMain.stepFailed(KeywordMain.groovy)
	at com.kms.katalon.core.keyword.internal.KeywordMain.runKeyword(KeywordMain.groovy:70)
	at com.kms.katalon.core.keyword.builtin.VerifyEqualKeyword.verifyEqual(VerifyEqualKeyword.groovy:63)
	at com.kms.katalon.core.keyword.builtin.VerifyEqualKeyword.execute(VerifyEqualKeyword.groovy:44)
	at com.kms.katalon.core.keyword.internal.KeywordExecutor.executeKeywordForPlatform(KeywordExecutor.groovy:72)
	at com.kms.katalon.core.keyword.BuiltinKeywords.verifyEqual(BuiltinKeywords.groovy:141)
	at TC_005_Validate_Search_Box_Invalid_Text_With_Count.run(TC_005_Validate_Search_Box_Invalid_Text_With_Count:48)
	at com.kms.katalon.core.main.ScriptEngine.run(ScriptEngine.java:194)
	at com.kms.katalon.core.main.ScriptEngine.runScriptAsRawText(ScriptEngine.java:119)
	at com.kms.katalon.core.main.TestCaseExecutor.runScript(TestCaseExecutor.java:337)
	at com.kms.katalon.core.main.TestCaseExecutor.doExecute(TestCaseExecutor.java:328)
	at com.kms.katalon.core.main.TestCaseExecutor.processExecutionPhase(TestCaseExecutor.java:307)
	at com.kms.katalon.core.main.TestCaseExecutor.accessMainPhase(TestCaseExecutor.java:299)
	at com.kms.katalon.core.main.TestCaseExecutor.execute(TestCaseExecutor.java:233)
	at com.kms.katalon.core.main.TestSuiteExecutor.accessTestCaseMainPhase(TestSuiteExecutor.java:169)
	at com.kms.katalon.core.main.TestSuiteExecutor.accessTestSuiteMainPhase(TestSuiteExecutor.java:142)
	at com.kms.katalon.core.main.TestSuiteExecutor.execute(TestSuiteExecutor.java:91)
	at com.kms.katalon.core.main.TestCaseMain.startTestSuite(TestCaseMain.java:157)
	at com.kms.katalon.core.main.TestCaseMain$startTestSuite$0.call(Unknown Source)
	at TempTestSuite1582873031480.run(TempTestSuite1582873031480.groovy:36)
Caused by: com.kms.katalon.core.exception.StepFailedException: Actual object '20' and expected object '23' are not equal
	at com.kms.katalon.core.keyword.builtin.VerifyEqualKeyword$_verifyEqual_closure1.doCall(VerifyEqualKeyword.groovy:58)
	at com.kms.katalon.core.keyword.builtin.VerifyEqualKeyword$_verifyEqual_closure1.call(VerifyEqualKeyword.groovy)
	at com.kms.katalon.core.keyword.internal.KeywordMain.runKeyword(KeywordMain.groovy:68)
	... 18 more


2020-02-28 12:28:43 - [TEST_STEP][NOT_RUN] - callTestCase(findTestCase("Atlas Platform/Platform Navigation/Login/LoginWithRootAdmin"), ["user_Email":"navaraj@totient.co.in", "user_Password":"Totient@123"], CONTINUE_ON_FAILURE): NOT_RUN: callTestCase(findTestCase("Atlas Platform/Platform Navigation/Login/LoginWithRootAdmin"), ["user_Email":"navaraj@totient.co.in", "user_Password":"Totient@123"], CONTINUE_ON_FAILURE)

2020-02-28 12:28:43 - [MESSAGE][NOT_RUN] - NOT_RUN: callTestCase(findTestCase("Atlas Platform/Platform Navigation/Login/LoginWithRootAdmin"), ["user_Email":"navaraj@totient.co.in", "user_Password":"Totient@123"], CONTINUE_ON_FAILURE)

2020-02-28 12:28:43 - [TEST_STEP][PASSED] - click(findTestObject("HeaderMenus/audiencemenu")): Object: 'Object Repository/HeaderMenus/audiencemenu' is clicked on

2020-02-28 12:28:43 - [MESSAGE][PASSED] - Object: 'Object Repository/HeaderMenus/audiencemenu' is clicked on

2020-02-28 12:28:43 - [TEST_STEP][PASSED] - refresh(): Refresh successfully

2020-02-28 12:28:45 - [MESSAGE][PASSED] - Refresh successfully

2020-02-28 12:28:45 - [TEST_STEP][PASSED] - click(findTestObject("Login_Page/Dashboard/Data Sub-Navigation/div_Data Source")): Object: 'Object Repository/Login_Page/Dashboard/Data Sub-Navigation/div_Data Source' is clicked on

2020-02-28 12:28:46 - [MESSAGE][PASSED] - Object: 'Object Repository/Login_Page/Dashboard/Data Sub-Navigation/div_Data Source' is clicked on

2020-02-28 12:28:46 - [TEST_STEP][PASSED] - beforefilterapplytot = getText(findTestObject("Object Repository/AUDIENCE/Data Source/total_count")): Text of object 'Object Repository/AUDIENCE/Data Source/total_count' is: '(23)'

2020-02-28 12:28:47 - [MESSAGE][PASSED] - Text of object 'Object Repository/AUDIENCE/Data Source/total_count' is: '(23)'

2020-02-28 12:28:47 - [TEST_STEP][PASSED] - beforetotal = Integer.parseInt(replace(")", "").trim()): null

2020-02-28 12:28:47 - [TEST_STEP][PASSED] - setText(findTestObject("Object Repository/AUDIENCE/Data Source/search_box"), "Sameee" + ENTER): Text 'ENTER + Sameee' is set on object 'Object Repository/AUDIENCE/Data Source/search_box'

2020-02-28 12:28:47 - [MESSAGE][PASSED] - Text 'ENTER + Sameee' is set on object 'Object Repository/AUDIENCE/Data Source/search_box'

2020-02-28 12:28:47 - [TEST_STEP][PASSED] - text = getText(findTestObject("CONTENT/Image_Listing/showingtextforpagination")): Text of object 'Object Repository/CONTENT/Image_Listing/showingtextforpagination' is: 'Showing 0 of 0 Data Source(s)'

2020-02-28 12:28:49 - [MESSAGE][PASSED] - Text of object 'Object Repository/CONTENT/Image_Listing/showingtextforpagination' is: 'Showing 0 of 0 Data Source(s)'

2020-02-28 12:28:49 - [TEST_STEP][PASSED] - delay(3): Delayed 3 second(s)

2020-02-28 12:28:52 - [MESSAGE][PASSED] - Delayed 3 second(s)

2020-02-28 12:28:52 - [TEST_STEP][PASSED] - resultfound_count = Integer.parseInt(split(" ")[1].trim()): null

2020-02-28 12:28:52 - [TEST_STEP][PASSED] - verifyEqual(resultfound_count, 0): Actual object '0' and expected object '0' are equal

2020-02-28 12:28:52 - [MESSAGE][PASSED] - Actual object '0' and expected object '0' are equal

2020-02-28 12:28:52 - [TEST_STEP][PASSED] - click(findTestObject("AUDIENCE/Data Source/search_closeicon")): Object: 'Object Repository/AUDIENCE/Data Source/search_closeicon' is clicked on

2020-02-28 12:28:53 - [MESSAGE][PASSED] - Object: 'Object Repository/AUDIENCE/Data Source/search_closeicon' is clicked on

2020-02-28 12:28:53 - [TEST_STEP][PASSED] - afterfilterapplytot = getText(findTestObject("Object Repository/AUDIENCE/Data Source/total_count")): Text of object 'Object Repository/AUDIENCE/Data Source/total_count' is: '(20)'

2020-02-28 12:28:53 - [MESSAGE][PASSED] - Text of object 'Object Repository/AUDIENCE/Data Source/total_count' is: '(20)'

2020-02-28 12:28:54 - [TEST_STEP][PASSED] - aftertotal = Integer.parseInt(replace(")", "").trim()): null

2020-02-28 12:28:54 - [TEST_STEP][FAILED] - verifyEqual(aftertotal, beforetotal): Unable to verify equal between actual object '20' and expected object '23' (Root cause: com.kms.katalon.core.exception.StepFailedException: Actual object '20' and expected object '23' are not equal
	at com.kms.katalon.core.keyword.builtin.VerifyEqualKeyword$_verifyEqual_closure1.doCall(VerifyEqualKeyword.groovy:58)
	at com.kms.katalon.core.keyword.builtin.VerifyEqualKeyword$_verifyEqual_closure1.call(VerifyEqualKeyword.groovy)
	at com.kms.katalon.core.keyword.internal.KeywordMain.runKeyword(KeywordMain.groovy:68)
	at com.kms.katalon.core.keyword.builtin.VerifyEqualKeyword.verifyEqual(VerifyEqualKeyword.groovy:63)
	at com.kms.katalon.core.keyword.builtin.VerifyEqualKeyword.execute(VerifyEqualKeyword.groovy:44)
	at com.kms.katalon.core.keyword.internal.KeywordExecutor.executeKeywordForPlatform(KeywordExecutor.groovy:72)
	at com.kms.katalon.core.keyword.BuiltinKeywords.verifyEqual(BuiltinKeywords.groovy:141)
	at TC_005_Validate_Search_Box_Invalid_Text_With_Count.run(TC_005_Validate_Search_Box_Invalid_Text_With_Count:48)
	at com.kms.katalon.core.main.ScriptEngine.run(ScriptEngine.java:194)
	at com.kms.katalon.core.main.ScriptEngine.runScriptAsRawText(ScriptEngine.java:119)
	at com.kms.katalon.core.main.TestCaseExecutor.runScript(TestCaseExecutor.java:337)
	at com.kms.katalon.core.main.TestCaseExecutor.doExecute(TestCaseExecutor.java:328)
	at com.kms.katalon.core.main.TestCaseExecutor.processExecutionPhase(TestCaseExecutor.java:307)
	at com.kms.katalon.core.main.TestCaseExecutor.accessMainPhase(TestCaseExecutor.java:299)
	at com.kms.katalon.core.main.TestCaseExecutor.execute(TestCaseExecutor.java:233)
	at com.kms.katalon.core.main.TestSuiteExecutor.accessTestCaseMainPhase(TestSuiteExecutor.java:169)
	at com.kms.katalon.core.main.TestSuiteExecutor.accessTestSuiteMainPhase(TestSuiteExecutor.java:142)
	at com.kms.katalon.core.main.TestSuiteExecutor.execute(TestSuiteExecutor.java:91)
	at com.kms.katalon.core.main.TestCaseMain.startTestSuite(TestCaseMain.java:157)
	at com.kms.katalon.core.main.TestCaseMain$startTestSuite$0.call(Unknown Source)
	at TempTestSuite1582873031480.run(TempTestSuite1582873031480.groovy:36)
)

2020-02-28 12:28:54 - [MESSAGE][FAILED] - Unable to verify equal between actual object '20' and expected object '23' (Root cause: com.kms.katalon.core.exception.StepFailedException: Actual object '20' and expected object '23' are not equal
	at com.kms.katalon.core.keyword.builtin.VerifyEqualKeyword$_verifyEqual_closure1.doCall(VerifyEqualKeyword.groovy:58)
	at com.kms.katalon.core.keyword.builtin.VerifyEqualKeyword$_verifyEqual_closure1.call(VerifyEqualKeyword.groovy)
	at com.kms.katalon.core.keyword.internal.KeywordMain.runKeyword(KeywordMain.groovy:68)
	at com.kms.katalon.core.keyword.builtin.VerifyEqualKeyword.verifyEqual(VerifyEqualKeyword.groovy:63)
	at com.kms.katalon.core.keyword.builtin.VerifyEqualKeyword.execute(VerifyEqualKeyword.groovy:44)
	at com.kms.katalon.core.keyword.internal.KeywordExecutor.executeKeywordForPlatform(KeywordExecutor.groovy:72)
	at com.kms.katalon.core.keyword.BuiltinKeywords.verifyEqual(BuiltinKeywords.groovy:141)
	at TC_005_Validate_Search_Box_Invalid_Text_With_Count.run(TC_005_Validate_Search_Box_Invalid_Text_With_Count:48)
	at com.kms.katalon.core.main.ScriptEngine.run(ScriptEngine.java:194)
	at com.kms.katalon.core.main.ScriptEngine.runScriptAsRawText(ScriptEngine.java:119)
	at com.kms.katalon.core.main.TestCaseExecutor.runScript(TestCaseExecutor.java:337)
	at com.kms.katalon.core.main.TestCaseExecutor.doExecute(TestCaseExecutor.java:328)
	at com.kms.katalon.core.main.TestCaseExecutor.processExecutionPhase(TestCaseExecutor.java:307)
	at com.kms.katalon.core.main.TestCaseExecutor.accessMainPhase(TestCaseExecutor.java:299)
	at com.kms.katalon.core.main.TestCaseExecutor.execute(TestCaseExecutor.java:233)
	at com.kms.katalon.core.main.TestSuiteExecutor.accessTestCaseMainPhase(TestSuiteExecutor.java:169)
	at com.kms.katalon.core.main.TestSuiteExecutor.accessTestSuiteMainPhase(TestSuiteExecutor.java:142)
	at com.kms.katalon.core.main.TestSuiteExecutor.execute(TestSuiteExecutor.java:91)
	at com.kms.katalon.core.main.TestCaseMain.startTestSuite(TestCaseMain.java:157)
	at com.kms.katalon.core.main.TestCaseMain$startTestSuite$0.call(Unknown Source)
	at TempTestSuite1582873031480.run(TempTestSuite1582873031480.groovy:36)
)

2020-02-28 12:28:54 - [TEST_STEP][PASSED] - Start listener action : sampleAfterTestCase: Taking screenshot successfully

2020-02-28 12:28:54 - [TEST_STEP][PASSED] - println(testCaseContext.getTestCaseId()): null

2020-02-28 12:28:54 - [TEST_STEP][PASSED] - println(testCaseContext.getTestCaseStatus()): null

2020-02-28 12:28:54 - [TEST_STEP][PASSED] - println("On Failure Method is Calling : " + testCaseContext.getTestCaseStatus()): null

2020-02-28 12:28:54 - [TEST_STEP][PASSED] - if (!(getTestCaseStatus().equalsIgnoreCase("PASSED"))): Taking screenshot successfully

2020-02-28 12:28:54 - [MESSAGE][PASSED] - Taking screenshot successfully
[[ATTACHMENT|D:\\TestDataForSampleProject\\test1.jpg]]

2020-02-28 12:28:56 - [TEST_STEP][PASSED] - Video: Video recording for test case 'Test Cases/Atlas Platform/Data Management/Data Listing/TC_005_Validate_Search_Box_Invalid_Text_With_Count' .

2020-02-28 12:28:56 - [MESSAGE][INFO] - Video recording for test case 'Test Cases/Atlas Platform/Data Management/Data Listing/TC_005_Validate_Search_Box_Invalid_Text_With_Count' .
[[ATTACHMENT|C:\\Users\\Dell\\git\\GSMProject\\Reports\\20200228_122706\\AUDIENCE\\Data Source\\20200228_122706/videos\\test_6.avi]]]]></system-out>
         <system-err><![CDATA[2020-02-28 12:28:43 - [TEST_CASE][FAILED] - Test Cases/Atlas Platform/Data Management/Data Listing/TC_005_Validate_Search_Box_Invalid_Text_With_Count: Test Cases/Atlas Platform/Data Management/Data Listing/TC_005_Validate_Search_Box_Invalid_Text_With_Count FAILED.
Reason:
com.kms.katalon.core.exception.StepFailedException: Unable to verify equal between actual object '20' and expected object '23' (Root cause: com.kms.katalon.core.exception.StepFailedException: Actual object '20' and expected object '23' are not equal
	at com.kms.katalon.core.keyword.builtin.VerifyEqualKeyword$_verifyEqual_closure1.doCall(VerifyEqualKeyword.groovy:58)
	at com.kms.katalon.core.keyword.builtin.VerifyEqualKeyword$_verifyEqual_closure1.call(VerifyEqualKeyword.groovy)
	at com.kms.katalon.core.keyword.internal.KeywordMain.runKeyword(KeywordMain.groovy:68)
	at com.kms.katalon.core.keyword.builtin.VerifyEqualKeyword.verifyEqual(VerifyEqualKeyword.groovy:63)
	at com.kms.katalon.core.keyword.builtin.VerifyEqualKeyword.execute(VerifyEqualKeyword.groovy:44)
	at com.kms.katalon.core.keyword.internal.KeywordExecutor.executeKeywordForPlatform(KeywordExecutor.groovy:72)
	at com.kms.katalon.core.keyword.BuiltinKeywords.verifyEqual(BuiltinKeywords.groovy:141)
	at TC_005_Validate_Search_Box_Invalid_Text_With_Count.run(TC_005_Validate_Search_Box_Invalid_Text_With_Count:48)
	at com.kms.katalon.core.main.ScriptEngine.run(ScriptEngine.java:194)
	at com.kms.katalon.core.main.ScriptEngine.runScriptAsRawText(ScriptEngine.java:119)
	at com.kms.katalon.core.main.TestCaseExecutor.runScript(TestCaseExecutor.java:337)
	at com.kms.katalon.core.main.TestCaseExecutor.doExecute(TestCaseExecutor.java:328)
	at com.kms.katalon.core.main.TestCaseExecutor.processExecutionPhase(TestCaseExecutor.java:307)
	at com.kms.katalon.core.main.TestCaseExecutor.accessMainPhase(TestCaseExecutor.java:299)
	at com.kms.katalon.core.main.TestCaseExecutor.execute(TestCaseExecutor.java:233)
	at com.kms.katalon.core.main.TestSuiteExecutor.accessTestCaseMainPhase(TestSuiteExecutor.java:169)
	at com.kms.katalon.core.main.TestSuiteExecutor.accessTestSuiteMainPhase(TestSuiteExecutor.java:142)
	at com.kms.katalon.core.main.TestSuiteExecutor.execute(TestSuiteExecutor.java:91)
	at com.kms.katalon.core.main.TestCaseMain.startTestSuite(TestCaseMain.java:157)
	at com.kms.katalon.core.main.TestCaseMain$startTestSuite$0.call(Unknown Source)
	at TempTestSuite1582873031480.run(TempTestSuite1582873031480.groovy:36)
)
	at com.kms.katalon.core.keyword.internal.KeywordMain.stepFailed(KeywordMain.groovy:39)
	at com.kms.katalon.core.keyword.internal.KeywordMain.stepFailed(KeywordMain.groovy)
	at com.kms.katalon.core.keyword.internal.KeywordMain.runKeyword(KeywordMain.groovy:70)
	at com.kms.katalon.core.keyword.builtin.VerifyEqualKeyword.verifyEqual(VerifyEqualKeyword.groovy:63)
	at com.kms.katalon.core.keyword.builtin.VerifyEqualKeyword.execute(VerifyEqualKeyword.groovy:44)
	at com.kms.katalon.core.keyword.internal.KeywordExecutor.executeKeywordForPlatform(KeywordExecutor.groovy:72)
	at com.kms.katalon.core.keyword.BuiltinKeywords.verifyEqual(BuiltinKeywords.groovy:141)
	at TC_005_Validate_Search_Box_Invalid_Text_With_Count.run(TC_005_Validate_Search_Box_Invalid_Text_With_Count:48)
	at com.kms.katalon.core.main.ScriptEngine.run(ScriptEngine.java:194)
	at com.kms.katalon.core.main.ScriptEngine.runScriptAsRawText(ScriptEngine.java:119)
	at com.kms.katalon.core.main.TestCaseExecutor.runScript(TestCaseExecutor.java:337)
	at com.kms.katalon.core.main.TestCaseExecutor.doExecute(TestCaseExecutor.java:328)
	at com.kms.katalon.core.main.TestCaseExecutor.processExecutionPhase(TestCaseExecutor.java:307)
	at com.kms.katalon.core.main.TestCaseExecutor.accessMainPhase(TestCaseExecutor.java:299)
	at com.kms.katalon.core.main.TestCaseExecutor.execute(TestCaseExecutor.java:233)
	at com.kms.katalon.core.main.TestSuiteExecutor.accessTestCaseMainPhase(TestSuiteExecutor.java:169)
	at com.kms.katalon.core.main.TestSuiteExecutor.accessTestSuiteMainPhase(TestSuiteExecutor.java:142)
	at com.kms.katalon.core.main.TestSuiteExecutor.execute(TestSuiteExecutor.java:91)
	at com.kms.katalon.core.main.TestCaseMain.startTestSuite(TestCaseMain.java:157)
	at com.kms.katalon.core.main.TestCaseMain$startTestSuite$0.call(Unknown Source)
	at TempTestSuite1582873031480.run(TempTestSuite1582873031480.groovy:36)
Caused by: com.kms.katalon.core.exception.StepFailedException: Actual object '20' and expected object '23' are not equal
	at com.kms.katalon.core.keyword.builtin.VerifyEqualKeyword$_verifyEqual_closure1.doCall(VerifyEqualKeyword.groovy:58)
	at com.kms.katalon.core.keyword.builtin.VerifyEqualKeyword$_verifyEqual_closure1.call(VerifyEqualKeyword.groovy)
	at com.kms.katalon.core.keyword.internal.KeywordMain.runKeyword(KeywordMain.groovy:68)
	... 18 more]]></system-err>
      </testcase>
      <testcase name="Test Cases/Atlas Platform/Data Management/Data Listing/TC_007_Verify_DataSource_Column_Sorting_Order" time="42.792" classname="Test Cases/Atlas Platform/Data Management/Data Listing/TC_007_Verify_DataSource_Column_Sorting_Order" status="PASSED">
         <system-out><![CDATA[2020-02-28 12:28:56 - [TEST_CASE][PASSED] - Test Cases/Atlas Platform/Data Management/Data Listing/TC_007_Verify_DataSource_Column_Sorting_Order: Test Cases/Atlas Platform/Data Management/Data Listing/TC_007_Verify_DataSource_Column_Sorting_Order

2020-02-28 12:28:57 - [TEST_STEP][NOT_RUN] - callTestCase(findTestCase("Atlas Platform/Platform Navigation/Login/LoginWithRootAdmin"), ["user_Email":"navaraj@totient.co.in", "user_Password":"Totient@123"], CONTINUE_ON_FAILURE): NOT_RUN: callTestCase(findTestCase("Atlas Platform/Platform Navigation/Login/LoginWithRootAdmin"), ["user_Email":"navaraj@totient.co.in", "user_Password":"Totient@123"], CONTINUE_ON_FAILURE)

2020-02-28 12:28:57 - [MESSAGE][NOT_RUN] - NOT_RUN: callTestCase(findTestCase("Atlas Platform/Platform Navigation/Login/LoginWithRootAdmin"), ["user_Email":"navaraj@totient.co.in", "user_Password":"Totient@123"], CONTINUE_ON_FAILURE)

2020-02-28 12:28:57 - [TEST_STEP][PASSED] - refresh(): Refresh successfully

2020-02-28 12:28:59 - [MESSAGE][PASSED] - Refresh successfully

2020-02-28 12:28:59 - [TEST_STEP][PASSED] - click(findTestObject("HeaderMenus/audiencemenu")): Object: 'Object Repository/HeaderMenus/audiencemenu' is clicked on

2020-02-28 12:29:08 - [MESSAGE][PASSED] - Object: 'Object Repository/HeaderMenus/audiencemenu' is clicked on

2020-02-28 12:29:08 - [TEST_STEP][PASSED] - delay(3): Delayed 3 second(s)

2020-02-28 12:29:11 - [MESSAGE][PASSED] - Delayed 3 second(s)

2020-02-28 12:29:11 - [TEST_STEP][PASSED] - click(findTestObject("Login_Page/Dashboard/Data Sub-Navigation/div_Data Source")): Object: 'Object Repository/Login_Page/Dashboard/Data Sub-Navigation/div_Data Source' is clicked on

2020-02-28 12:29:12 - [MESSAGE][PASSED] - Object: 'Object Repository/Login_Page/Dashboard/Data Sub-Navigation/div_Data Source' is clicked on

2020-02-28 12:29:12 - [TEST_STEP][PASSED] - totalText = getText(findTestObject("AUDIENCE/Data Source/total_count")): Text of object 'Object Repository/AUDIENCE/Data Source/total_count' is: '(23)'

2020-02-28 12:29:12 - [MESSAGE][PASSED] - Text of object 'Object Repository/AUDIENCE/Data Source/total_count' is: '(23)'

2020-02-28 12:29:12 - [TEST_STEP][PASSED] - click(findTestObject("AUDIENCE/Data Source/dataSource_Column_Name")): Object: 'Object Repository/AUDIENCE/Data Source/dataSource_Column_Name' is clicked on

2020-02-28 12:29:13 - [MESSAGE][PASSED] - Object: 'Object Repository/AUDIENCE/Data Source/dataSource_Column_Name' is clicked on

2020-02-28 12:29:13 - [TEST_STEP][PASSED] - click(findTestObject("AUDIENCE/Data Source/dataSource_Column_Name")): Object: 'Object Repository/AUDIENCE/Data Source/dataSource_Column_Name' is clicked on

2020-02-28 12:29:14 - [MESSAGE][PASSED] - Object: 'Object Repository/AUDIENCE/Data Source/dataSource_Column_Name' is clicked on

2020-02-28 12:29:14 - [TEST_STEP][PASSED] - total = Integer.parseInt(replace(")", "").trim()): null

2020-02-28 12:29:14 - [TEST_STEP][PASSED] - pageValueCount = 0: null

2020-02-28 12:29:14 - [TEST_STEP][PASSED] - dataSourceTextValues = new java.util.ArrayList(): null

2020-02-28 12:29:14 - [TEST_STEP][PASSED] - totalOfPaginationCount = getText(findTestObject("AUDIENCE/Data Source/no_pagination_With_Count")): Text of object 'Object Repository/AUDIENCE/Data Source/no_pagination_With_Count' is: 'Showing 1-10 of 23 Data Source(s)'

2020-02-28 12:29:15 - [MESSAGE][PASSED] - Text of object 'Object Repository/AUDIENCE/Data Source/no_pagination_With_Count' is: 'Showing 1-10 of 23 Data Source(s)'

2020-02-28 12:29:15 - [TEST_STEP][PASSED] - if (!(totalOfPaginationCount.equalsIgnoreCase("Showing 0 of 0 Images"))): Timeout '0' is invalid. Using default page load timeout: '230'

2020-02-28 12:29:15 - [TEST_STEP][PASSED] - elements = findWebElements(findTestObject("AUDIENCE/Data Source/column1_values"), 0): Timeout '0' is invalid. Using default page load timeout: '230'

2020-02-28 12:29:15 - [MESSAGE][WARNING] - Timeout '0' is invalid. Using default page load timeout: '230'

2020-02-28 12:29:15 - [TEST_STEP][PASSED] - if (total > 10): Timeout '0' is invalid. Using default page load timeout: '230'

2020-02-28 12:29:15 - [TEST_STEP][PASSED] - while (total != pageValueCount): Timeout '0' is invalid. Using default page load timeout: '230'

2020-02-28 12:29:15 - [TEST_STEP][PASSED] - for (org.openqa.selenium.WebElement ele : elements): null

2020-02-28 12:29:15 - [TEST_STEP][PASSED] - dataSourceTextValues.add(getText().toLowerCase()): null

2020-02-28 12:29:15 - [TEST_STEP][PASSED] - dataSourceTextValues.add(getText().toLowerCase()): null

2020-02-28 12:29:15 - [TEST_STEP][PASSED] - dataSourceTextValues.add(getText().toLowerCase()): null

2020-02-28 12:29:15 - [TEST_STEP][PASSED] - dataSourceTextValues.add(getText().toLowerCase()): null

2020-02-28 12:29:15 - [TEST_STEP][PASSED] - dataSourceTextValues.add(getText().toLowerCase()): null

2020-02-28 12:29:15 - [TEST_STEP][PASSED] - dataSourceTextValues.add(getText().toLowerCase()): null

2020-02-28 12:29:15 - [TEST_STEP][PASSED] - dataSourceTextValues.add(getText().toLowerCase()): null

2020-02-28 12:29:15 - [TEST_STEP][PASSED] - dataSourceTextValues.add(getText().toLowerCase()): null

2020-02-28 12:29:15 - [TEST_STEP][PASSED] - dataSourceTextValues.add(getText().toLowerCase()): null

2020-02-28 12:29:15 - [TEST_STEP][PASSED] - dataSourceTextValues.add(getText().toLowerCase()): null

2020-02-28 12:29:15 - [TEST_STEP][PASSED] - pageValueCount += elements.size(): null

2020-02-28 12:29:15 - [TEST_STEP][PASSED] - click(findTestObject("AUDIENCE/Data Source/next")): Object: 'Object Repository/AUDIENCE/Data Source/next' is clicked on

2020-02-28 12:29:16 - [MESSAGE][PASSED] - Object: 'Object Repository/AUDIENCE/Data Source/next' is clicked on

2020-02-28 12:29:16 - [TEST_STEP][PASSED] - elements = findWebElements(findTestObject("AUDIENCE/Data Source/column1_values"), 0): Timeout '0' is invalid. Using default page load timeout: '230'

2020-02-28 12:29:16 - [MESSAGE][WARNING] - Timeout '0' is invalid. Using default page load timeout: '230'

2020-02-28 12:29:17 - [TEST_STEP][PASSED] - for (org.openqa.selenium.WebElement ele : elements): null

2020-02-28 12:29:17 - [TEST_STEP][PASSED] - dataSourceTextValues.add(getText().toLowerCase()): null

2020-02-28 12:29:17 - [TEST_STEP][PASSED] - dataSourceTextValues.add(getText().toLowerCase()): null

2020-02-28 12:29:17 - [TEST_STEP][PASSED] - dataSourceTextValues.add(getText().toLowerCase()): null

2020-02-28 12:29:17 - [TEST_STEP][PASSED] - dataSourceTextValues.add(getText().toLowerCase()): null

2020-02-28 12:29:17 - [TEST_STEP][PASSED] - dataSourceTextValues.add(getText().toLowerCase()): null

2020-02-28 12:29:17 - [TEST_STEP][PASSED] - dataSourceTextValues.add(getText().toLowerCase()): null

2020-02-28 12:29:17 - [TEST_STEP][PASSED] - dataSourceTextValues.add(getText().toLowerCase()): null

2020-02-28 12:29:17 - [TEST_STEP][PASSED] - dataSourceTextValues.add(getText().toLowerCase()): null

2020-02-28 12:29:17 - [TEST_STEP][PASSED] - dataSourceTextValues.add(getText().toLowerCase()): null

2020-02-28 12:29:17 - [TEST_STEP][PASSED] - dataSourceTextValues.add(getText().toLowerCase()): null

2020-02-28 12:29:17 - [TEST_STEP][PASSED] - pageValueCount += elements.size(): null

2020-02-28 12:29:17 - [TEST_STEP][PASSED] - click(findTestObject("AUDIENCE/Data Source/next")): Object: 'Object Repository/AUDIENCE/Data Source/next' is clicked on

2020-02-28 12:29:18 - [MESSAGE][PASSED] - Object: 'Object Repository/AUDIENCE/Data Source/next' is clicked on

2020-02-28 12:29:18 - [TEST_STEP][PASSED] - elements = findWebElements(findTestObject("AUDIENCE/Data Source/column1_values"), 0): Timeout '0' is invalid. Using default page load timeout: '230'

2020-02-28 12:29:18 - [MESSAGE][WARNING] - Timeout '0' is invalid. Using default page load timeout: '230'

2020-02-28 12:29:19 - [TEST_STEP][PASSED] - for (org.openqa.selenium.WebElement ele : elements): null

2020-02-28 12:29:19 - [TEST_STEP][PASSED] - dataSourceTextValues.add(getText().toLowerCase()): null

2020-02-28 12:29:19 - [TEST_STEP][PASSED] - dataSourceTextValues.add(getText().toLowerCase()): null

2020-02-28 12:29:19 - [TEST_STEP][PASSED] - dataSourceTextValues.add(getText().toLowerCase()): null

2020-02-28 12:29:19 - [TEST_STEP][PASSED] - pageValueCount += elements.size(): null

2020-02-28 12:29:19 - [TEST_STEP][PASSED] - click(findTestObject("AUDIENCE/Data Source/next")): Object: 'Object Repository/AUDIENCE/Data Source/next' is clicked on

2020-02-28 12:29:22 - [MESSAGE][PASSED] - Object: 'Object Repository/AUDIENCE/Data Source/next' is clicked on

2020-02-28 12:29:22 - [TEST_STEP][PASSED] - elements = findWebElements(findTestObject("AUDIENCE/Data Source/column1_values"), 0): Timeout '0' is invalid. Using default page load timeout: '230'

2020-02-28 12:29:22 - [MESSAGE][WARNING] - Timeout '0' is invalid. Using default page load timeout: '230'

2020-02-28 12:29:22 - [TEST_STEP][PASSED] - isAsc = web.CustomKeyword.checkListAscendingOrder(dataSourceTextValues): web.CustomKeyword.checkListAscendingOrder is PASSED

2020-02-28 12:29:22 - [MESSAGE][PASSED] - web.CustomKeyword.checkListAscendingOrder is PASSED

2020-02-28 12:29:22 - [TEST_STEP][PASSED] - verifyEqual(isAsc, true): Actual object 'true' and expected object 'true' are equal

2020-02-28 12:29:22 - [MESSAGE][PASSED] - Actual object 'true' and expected object 'true' are equal

2020-02-28 12:29:22 - [TEST_STEP][PASSED] - click(findTestObject("HeaderMenus/adminmenu")): Object: 'Object Repository/HeaderMenus/adminmenu' is clicked on

2020-02-28 12:29:23 - [MESSAGE][PASSED] - Object: 'Object Repository/HeaderMenus/adminmenu' is clicked on

2020-02-28 12:29:23 - [TEST_STEP][PASSED] - click(findTestObject("HeaderMenus/audiencemenu")): Object: 'Object Repository/HeaderMenus/audiencemenu' is clicked on

2020-02-28 12:29:25 - [MESSAGE][PASSED] - Object: 'Object Repository/HeaderMenus/audiencemenu' is clicked on

2020-02-28 12:29:25 - [TEST_STEP][PASSED] - click(findTestObject("AUDIENCE/Data Source/dataSource_Column_Name")): Object: 'Object Repository/AUDIENCE/Data Source/dataSource_Column_Name' is clicked on

2020-02-28 12:29:26 - [MESSAGE][PASSED] - Object: 'Object Repository/AUDIENCE/Data Source/dataSource_Column_Name' is clicked on

2020-02-28 12:29:26 - [TEST_STEP][PASSED] - delay(3): Delayed 3 second(s)

2020-02-28 12:29:29 - [MESSAGE][PASSED] - Delayed 3 second(s)

2020-02-28 12:29:29 - [TEST_STEP][PASSED] - dataSourceTextValuesWithDesc = new java.util.ArrayList(): null

2020-02-28 12:29:29 - [TEST_STEP][PASSED] - pageValueCount1 = 0: null

2020-02-28 12:29:29 - [TEST_STEP][PASSED] - if (!(totalOfPaginationCount.equalsIgnoreCase("Showing 0 of 0 Images"))): Timeout '0' is invalid. Using default page load timeout: '230'

2020-02-28 12:29:29 - [TEST_STEP][PASSED] - elements1 = findWebElements(findTestObject("AUDIENCE/Data Source/column1_values"), 0): Timeout '0' is invalid. Using default page load timeout: '230'

2020-02-28 12:29:29 - [MESSAGE][WARNING] - Timeout '0' is invalid. Using default page load timeout: '230'

2020-02-28 12:29:30 - [TEST_STEP][PASSED] - if (total > 10): Timeout '0' is invalid. Using default page load timeout: '230'

2020-02-28 12:29:30 - [TEST_STEP][PASSED] - while (total != pageValueCount1): Timeout '0' is invalid. Using default page load timeout: '230'

2020-02-28 12:29:30 - [TEST_STEP][PASSED] - for (org.openqa.selenium.WebElement ele1 : elements1): null

2020-02-28 12:29:30 - [TEST_STEP][PASSED] - dataSourceTextValuesWithDesc.add(getText().toLowerCase()): null

2020-02-28 12:29:30 - [TEST_STEP][PASSED] - dataSourceTextValuesWithDesc.add(getText().toLowerCase()): null

2020-02-28 12:29:30 - [TEST_STEP][PASSED] - dataSourceTextValuesWithDesc.add(getText().toLowerCase()): null

2020-02-28 12:29:30 - [TEST_STEP][PASSED] - dataSourceTextValuesWithDesc.add(getText().toLowerCase()): null

2020-02-28 12:29:30 - [TEST_STEP][PASSED] - dataSourceTextValuesWithDesc.add(getText().toLowerCase()): null

2020-02-28 12:29:30 - [TEST_STEP][PASSED] - dataSourceTextValuesWithDesc.add(getText().toLowerCase()): null

2020-02-28 12:29:30 - [TEST_STEP][PASSED] - dataSourceTextValuesWithDesc.add(getText().toLowerCase()): null

2020-02-28 12:29:30 - [TEST_STEP][PASSED] - dataSourceTextValuesWithDesc.add(getText().toLowerCase()): null

2020-02-28 12:29:30 - [TEST_STEP][PASSED] - dataSourceTextValuesWithDesc.add(getText().toLowerCase()): null

2020-02-28 12:29:30 - [TEST_STEP][PASSED] - dataSourceTextValuesWithDesc.add(getText().toLowerCase()): null

2020-02-28 12:29:30 - [TEST_STEP][PASSED] - pageValueCount1 += elements1.size(): null

2020-02-28 12:29:30 - [TEST_STEP][PASSED] - click(findTestObject("AUDIENCE/Data Source/next")): Object: 'Object Repository/AUDIENCE/Data Source/next' is clicked on

2020-02-28 12:29:31 - [MESSAGE][PASSED] - Object: 'Object Repository/AUDIENCE/Data Source/next' is clicked on

2020-02-28 12:29:31 - [TEST_STEP][PASSED] - elements1 = findWebElements(findTestObject("AUDIENCE/Data Source/column1_values"), 0): Timeout '0' is invalid. Using default page load timeout: '230'

2020-02-28 12:29:31 - [MESSAGE][WARNING] - Timeout '0' is invalid. Using default page load timeout: '230'

2020-02-28 12:29:32 - [TEST_STEP][PASSED] - for (org.openqa.selenium.WebElement ele1 : elements1): null

2020-02-28 12:29:32 - [TEST_STEP][PASSED] - dataSourceTextValuesWithDesc.add(getText().toLowerCase()): null

2020-02-28 12:29:32 - [TEST_STEP][PASSED] - dataSourceTextValuesWithDesc.add(getText().toLowerCase()): null

2020-02-28 12:29:32 - [TEST_STEP][PASSED] - dataSourceTextValuesWithDesc.add(getText().toLowerCase()): null

2020-02-28 12:29:32 - [TEST_STEP][PASSED] - dataSourceTextValuesWithDesc.add(getText().toLowerCase()): null

2020-02-28 12:29:32 - [TEST_STEP][PASSED] - dataSourceTextValuesWithDesc.add(getText().toLowerCase()): null

2020-02-28 12:29:32 - [TEST_STEP][PASSED] - dataSourceTextValuesWithDesc.add(getText().toLowerCase()): null

2020-02-28 12:29:32 - [TEST_STEP][PASSED] - dataSourceTextValuesWithDesc.add(getText().toLowerCase()): null

2020-02-28 12:29:32 - [TEST_STEP][PASSED] - dataSourceTextValuesWithDesc.add(getText().toLowerCase()): null

2020-02-28 12:29:32 - [TEST_STEP][PASSED] - dataSourceTextValuesWithDesc.add(getText().toLowerCase()): null

2020-02-28 12:29:32 - [TEST_STEP][PASSED] - dataSourceTextValuesWithDesc.add(getText().toLowerCase()): null

2020-02-28 12:29:32 - [TEST_STEP][PASSED] - pageValueCount1 += elements1.size(): null

2020-02-28 12:29:32 - [TEST_STEP][PASSED] - click(findTestObject("AUDIENCE/Data Source/next")): Object: 'Object Repository/AUDIENCE/Data Source/next' is clicked on

2020-02-28 12:29:33 - [MESSAGE][PASSED] - Object: 'Object Repository/AUDIENCE/Data Source/next' is clicked on

2020-02-28 12:29:33 - [TEST_STEP][PASSED] - elements1 = findWebElements(findTestObject("AUDIENCE/Data Source/column1_values"), 0): Timeout '0' is invalid. Using default page load timeout: '230'

2020-02-28 12:29:33 - [MESSAGE][WARNING] - Timeout '0' is invalid. Using default page load timeout: '230'

2020-02-28 12:29:34 - [TEST_STEP][PASSED] - for (org.openqa.selenium.WebElement ele1 : elements1): null

2020-02-28 12:29:34 - [TEST_STEP][PASSED] - dataSourceTextValuesWithDesc.add(getText().toLowerCase()): null

2020-02-28 12:29:34 - [TEST_STEP][PASSED] - dataSourceTextValuesWithDesc.add(getText().toLowerCase()): null

2020-02-28 12:29:34 - [TEST_STEP][PASSED] - dataSourceTextValuesWithDesc.add(getText().toLowerCase()): null

2020-02-28 12:29:34 - [TEST_STEP][PASSED] - pageValueCount1 += elements1.size(): null

2020-02-28 12:29:34 - [TEST_STEP][PASSED] - click(findTestObject("AUDIENCE/Data Source/next")): Object: 'Object Repository/AUDIENCE/Data Source/next' is clicked on

2020-02-28 12:29:37 - [MESSAGE][PASSED] - Object: 'Object Repository/AUDIENCE/Data Source/next' is clicked on

2020-02-28 12:29:37 - [TEST_STEP][PASSED] - elements1 = findWebElements(findTestObject("AUDIENCE/Data Source/column1_values"), 0): Timeout '0' is invalid. Using default page load timeout: '230'

2020-02-28 12:29:37 - [MESSAGE][WARNING] - Timeout '0' is invalid. Using default page load timeout: '230'

2020-02-28 12:29:37 - [TEST_STEP][PASSED] - isdesc = web.CustomKeyword.checkListDescendingOrder(dataSourceTextValues, dataSourceTextValuesWithDesc): web.CustomKeyword.checkListDescendingOrder is PASSED

2020-02-28 12:29:37 - [MESSAGE][PASSED] - web.CustomKeyword.checkListDescendingOrder is PASSED

2020-02-28 12:29:37 - [TEST_STEP][PASSED] - verifyEqual(isdesc, true): Actual object 'true' and expected object 'true' are equal

2020-02-28 12:29:37 - [MESSAGE][PASSED] - Actual object 'true' and expected object 'true' are equal

2020-02-28 12:29:37 - [TEST_STEP][PASSED] - Start listener action : sampleAfterTestCase: null

2020-02-28 12:29:37 - [TEST_STEP][PASSED] - println(testCaseContext.getTestCaseId()): null

2020-02-28 12:29:37 - [TEST_STEP][PASSED] - println(testCaseContext.getTestCaseStatus()): null

2020-02-28 12:29:37 - [TEST_STEP][PASSED] - println("On Failure Method is Calling : " + testCaseContext.getTestCaseStatus()): null

2020-02-28 12:29:37 - [TEST_STEP][PASSED] - if (!(getTestCaseStatus().equalsIgnoreCase("PASSED"))): null]]></system-out>
         <system-err><![CDATA[]]></system-err>
      </testcase>
      <testcase name="Test Cases/Atlas Platform/Data Management/Data Listing/TC_008_Verify_Count_Column_Sorting_Order" time="30.511" classname="Test Cases/Atlas Platform/Data Management/Data Listing/TC_008_Verify_Count_Column_Sorting_Order" status="PASSED">
         <system-out><![CDATA[2020-02-28 12:29:39 - [TEST_CASE][PASSED] - Test Cases/Atlas Platform/Data Management/Data Listing/TC_008_Verify_Count_Column_Sorting_Order: Test Cases/Atlas Platform/Data Management/Data Listing/TC_008_Verify_Count_Column_Sorting_Order

2020-02-28 12:29:39 - [TEST_STEP][NOT_RUN] - callTestCase(findTestCase("Atlas Platform/Platform Navigation/Login/LoginWithRootAdmin"), ["user_Email":"navaraj@totient.co.in", "user_Password":"Totient@123"], CONTINUE_ON_FAILURE): NOT_RUN: callTestCase(findTestCase("Atlas Platform/Platform Navigation/Login/LoginWithRootAdmin"), ["user_Email":"navaraj@totient.co.in", "user_Password":"Totient@123"], CONTINUE_ON_FAILURE)

2020-02-28 12:29:39 - [MESSAGE][NOT_RUN] - NOT_RUN: callTestCase(findTestCase("Atlas Platform/Platform Navigation/Login/LoginWithRootAdmin"), ["user_Email":"navaraj@totient.co.in", "user_Password":"Totient@123"], CONTINUE_ON_FAILURE)

2020-02-28 12:29:39 - [TEST_STEP][PASSED] - refresh(): Refresh successfully

2020-02-28 12:29:41 - [MESSAGE][PASSED] - Refresh successfully

2020-02-28 12:29:41 - [TEST_STEP][PASSED] - click(findTestObject("HeaderMenus/audiencemenu")): Object: 'Object Repository/HeaderMenus/audiencemenu' is clicked on

2020-02-28 12:29:43 - [MESSAGE][PASSED] - Object: 'Object Repository/HeaderMenus/audiencemenu' is clicked on

2020-02-28 12:29:43 - [TEST_STEP][PASSED] - click(findTestObject("Login_Page/Dashboard/Data Sub-Navigation/div_Data Source")): Object: 'Object Repository/Login_Page/Dashboard/Data Sub-Navigation/div_Data Source' is clicked on

2020-02-28 12:29:44 - [MESSAGE][PASSED] - Object: 'Object Repository/Login_Page/Dashboard/Data Sub-Navigation/div_Data Source' is clicked on

2020-02-28 12:29:44 - [TEST_STEP][PASSED] - totalText = getText(findTestObject("AUDIENCE/Data Source/total_count")): Text of object 'Object Repository/AUDIENCE/Data Source/total_count' is: '(23)'

2020-02-28 12:29:44 - [MESSAGE][PASSED] - Text of object 'Object Repository/AUDIENCE/Data Source/total_count' is: '(23)'

2020-02-28 12:29:44 - [TEST_STEP][PASSED] - click(findTestObject("AUDIENCE/Data Source/count_Column_Name")): Object: 'Object Repository/AUDIENCE/Data Source/count_Column_Name' is clicked on

2020-02-28 12:29:44 - [MESSAGE][PASSED] - Object: 'Object Repository/AUDIENCE/Data Source/count_Column_Name' is clicked on

2020-02-28 12:29:44 - [TEST_STEP][PASSED] - click(findTestObject("AUDIENCE/Data Source/count_Column_Name")): Object: 'Object Repository/AUDIENCE/Data Source/count_Column_Name' is clicked on

2020-02-28 12:29:45 - [MESSAGE][PASSED] - Object: 'Object Repository/AUDIENCE/Data Source/count_Column_Name' is clicked on

2020-02-28 12:29:45 - [TEST_STEP][PASSED] - total = Integer.parseInt(replace(")", "").trim()): null

2020-02-28 12:29:45 - [TEST_STEP][PASSED] - pageValueCount = 0: null

2020-02-28 12:29:45 - [TEST_STEP][PASSED] - dataSourceTextValues = new java.util.ArrayList(): null

2020-02-28 12:29:45 - [TEST_STEP][PASSED] - totalOfPaginationCount = getText(findTestObject("AUDIENCE/Data Source/no_pagination_With_Count")): Text of object 'Object Repository/AUDIENCE/Data Source/no_pagination_With_Count' is: 'Showing 1-10 of 23 Data Source(s)'

2020-02-28 12:29:46 - [MESSAGE][PASSED] - Text of object 'Object Repository/AUDIENCE/Data Source/no_pagination_With_Count' is: 'Showing 1-10 of 23 Data Source(s)'

2020-02-28 12:29:46 - [TEST_STEP][PASSED] - if (!(totalOfPaginationCount.equalsIgnoreCase("Showing 0 of 0 Images"))): Timeout '0' is invalid. Using default page load timeout: '230'

2020-02-28 12:29:46 - [TEST_STEP][PASSED] - elements = findWebElements(findTestObject("AUDIENCE/Data Source/count_Column_Values"), 0): Timeout '0' is invalid. Using default page load timeout: '230'

2020-02-28 12:29:46 - [MESSAGE][WARNING] - Timeout '0' is invalid. Using default page load timeout: '230'

2020-02-28 12:29:47 - [TEST_STEP][PASSED] - if (total > 10): Timeout '0' is invalid. Using default page load timeout: '230'

2020-02-28 12:29:47 - [TEST_STEP][PASSED] - while (total != pageValueCount): Timeout '0' is invalid. Using default page load timeout: '230'

2020-02-28 12:29:47 - [TEST_STEP][PASSED] - for (org.openqa.selenium.WebElement ele : elements): null

2020-02-28 12:29:47 - [TEST_STEP][PASSED] - dataSourceTextValues.add(ele.getText()): null

2020-02-28 12:29:47 - [TEST_STEP][PASSED] - dataSourceTextValues.add(ele.getText()): null

2020-02-28 12:29:47 - [TEST_STEP][PASSED] - dataSourceTextValues.add(ele.getText()): null

2020-02-28 12:29:47 - [TEST_STEP][PASSED] - dataSourceTextValues.add(ele.getText()): null

2020-02-28 12:29:47 - [TEST_STEP][PASSED] - dataSourceTextValues.add(ele.getText()): null

2020-02-28 12:29:47 - [TEST_STEP][PASSED] - dataSourceTextValues.add(ele.getText()): null

2020-02-28 12:29:47 - [TEST_STEP][PASSED] - dataSourceTextValues.add(ele.getText()): null

2020-02-28 12:29:47 - [TEST_STEP][PASSED] - dataSourceTextValues.add(ele.getText()): null

2020-02-28 12:29:47 - [TEST_STEP][PASSED] - dataSourceTextValues.add(ele.getText()): null

2020-02-28 12:29:47 - [TEST_STEP][PASSED] - dataSourceTextValues.add(ele.getText()): null

2020-02-28 12:29:47 - [TEST_STEP][PASSED] - click(findTestObject("AUDIENCE/Data Source/next")): Object: 'Object Repository/AUDIENCE/Data Source/next' is clicked on

2020-02-28 12:29:48 - [MESSAGE][PASSED] - Object: 'Object Repository/AUDIENCE/Data Source/next' is clicked on

2020-02-28 12:29:48 - [TEST_STEP][PASSED] - pageValueCount += elements.size(): null

2020-02-28 12:29:48 - [TEST_STEP][PASSED] - elements = findWebElements(findTestObject("AUDIENCE/Data Source/count_Column_Values"), 0): Timeout '0' is invalid. Using default page load timeout: '230'

2020-02-28 12:29:48 - [MESSAGE][WARNING] - Timeout '0' is invalid. Using default page load timeout: '230'

2020-02-28 12:29:49 - [TEST_STEP][PASSED] - for (org.openqa.selenium.WebElement ele : elements): null

2020-02-28 12:29:49 - [TEST_STEP][PASSED] - dataSourceTextValues.add(ele.getText()): null

2020-02-28 12:29:49 - [TEST_STEP][PASSED] - dataSourceTextValues.add(ele.getText()): null

2020-02-28 12:29:49 - [TEST_STEP][PASSED] - dataSourceTextValues.add(ele.getText()): null

2020-02-28 12:29:49 - [TEST_STEP][PASSED] - dataSourceTextValues.add(ele.getText()): null

2020-02-28 12:29:49 - [TEST_STEP][PASSED] - dataSourceTextValues.add(ele.getText()): null

2020-02-28 12:29:49 - [TEST_STEP][PASSED] - dataSourceTextValues.add(ele.getText()): null

2020-02-28 12:29:49 - [TEST_STEP][PASSED] - dataSourceTextValues.add(ele.getText()): null

2020-02-28 12:29:49 - [TEST_STEP][PASSED] - dataSourceTextValues.add(ele.getText()): null

2020-02-28 12:29:49 - [TEST_STEP][PASSED] - dataSourceTextValues.add(ele.getText()): null

2020-02-28 12:29:50 - [TEST_STEP][PASSED] - dataSourceTextValues.add(ele.getText()): null

2020-02-28 12:29:50 - [TEST_STEP][PASSED] - click(findTestObject("AUDIENCE/Data Source/next")): Object: 'Object Repository/AUDIENCE/Data Source/next' is clicked on

2020-02-28 12:29:50 - [MESSAGE][PASSED] - Object: 'Object Repository/AUDIENCE/Data Source/next' is clicked on

2020-02-28 12:29:50 - [TEST_STEP][PASSED] - pageValueCount += elements.size(): null

2020-02-28 12:29:50 - [TEST_STEP][PASSED] - elements = findWebElements(findTestObject("AUDIENCE/Data Source/count_Column_Values"), 0): Timeout '0' is invalid. Using default page load timeout: '230'

2020-02-28 12:29:50 - [MESSAGE][WARNING] - Timeout '0' is invalid. Using default page load timeout: '230'

2020-02-28 12:29:51 - [TEST_STEP][PASSED] - for (org.openqa.selenium.WebElement ele : elements): null

2020-02-28 12:29:51 - [TEST_STEP][PASSED] - dataSourceTextValues.add(ele.getText()): null

2020-02-28 12:29:51 - [TEST_STEP][PASSED] - dataSourceTextValues.add(ele.getText()): null

2020-02-28 12:29:51 - [TEST_STEP][PASSED] - dataSourceTextValues.add(ele.getText()): null

2020-02-28 12:29:51 - [TEST_STEP][PASSED] - click(findTestObject("AUDIENCE/Data Source/next")): Object: 'Object Repository/AUDIENCE/Data Source/next' is clicked on

2020-02-28 12:29:54 - [MESSAGE][PASSED] - Object: 'Object Repository/AUDIENCE/Data Source/next' is clicked on

2020-02-28 12:29:54 - [TEST_STEP][PASSED] - pageValueCount += elements.size(): null

2020-02-28 12:29:54 - [TEST_STEP][PASSED] - elements = findWebElements(findTestObject("AUDIENCE/Data Source/count_Column_Values"), 0): Timeout '0' is invalid. Using default page load timeout: '230'

2020-02-28 12:29:54 - [MESSAGE][WARNING] - Timeout '0' is invalid. Using default page load timeout: '230'

2020-02-28 12:29:54 - [TEST_STEP][PASSED] - isAscending = web.CustomKeyword.checkListAscendingOrder(dataSourceTextValues): web.CustomKeyword.checkListAscendingOrder is PASSED

2020-02-28 12:29:54 - [MESSAGE][PASSED] - web.CustomKeyword.checkListAscendingOrder is PASSED

2020-02-28 12:29:54 - [TEST_STEP][PASSED] - verifyEqual(isAscending, true): Actual object 'true' and expected object 'true' are equal

2020-02-28 12:29:54 - [MESSAGE][PASSED] - Actual object 'true' and expected object 'true' are equal

2020-02-28 12:29:54 - [TEST_STEP][PASSED] - click(findTestObject("HeaderMenus/adminmenu")): Object: 'Object Repository/HeaderMenus/adminmenu' is clicked on

2020-02-28 12:29:54 - [MESSAGE][PASSED] - Object: 'Object Repository/HeaderMenus/adminmenu' is clicked on

2020-02-28 12:29:54 - [TEST_STEP][PASSED] - click(findTestObject("HeaderMenus/audiencemenu")): Object: 'Object Repository/HeaderMenus/audiencemenu' is clicked on

2020-02-28 12:29:56 - [MESSAGE][PASSED] - Object: 'Object Repository/HeaderMenus/audiencemenu' is clicked on

2020-02-28 12:29:56 - [TEST_STEP][PASSED] - click(findTestObject("AUDIENCE/Data Source/count_Column_Name")): Object: 'Object Repository/AUDIENCE/Data Source/count_Column_Name' is clicked on

2020-02-28 12:29:57 - [MESSAGE][PASSED] - Object: 'Object Repository/AUDIENCE/Data Source/count_Column_Name' is clicked on

2020-02-28 12:29:57 - [TEST_STEP][PASSED] - delay(3): Delayed 3 second(s)

2020-02-28 12:30:00 - [MESSAGE][PASSED] - Delayed 3 second(s)

2020-02-28 12:30:00 - [TEST_STEP][PASSED] - dataSourceTextValuesWithDesc = new java.util.ArrayList(): null

2020-02-28 12:30:00 - [TEST_STEP][PASSED] - pageValueCount1 = 0: null

2020-02-28 12:30:00 - [TEST_STEP][PASSED] - if (!(totalOfPaginationCount.equalsIgnoreCase("Showing 0 of 0 Images"))): Timeout '0' is invalid. Using default page load timeout: '230'

2020-02-28 12:30:00 - [TEST_STEP][PASSED] - elements1 = findWebElements(findTestObject("AUDIENCE/Data Source/count_Column_Values"), 0): Timeout '0' is invalid. Using default page load timeout: '230'

2020-02-28 12:30:00 - [MESSAGE][WARNING] - Timeout '0' is invalid. Using default page load timeout: '230'

2020-02-28 12:30:01 - [TEST_STEP][PASSED] - if (total > 10): Timeout '0' is invalid. Using default page load timeout: '230'

2020-02-28 12:30:01 - [TEST_STEP][PASSED] - while (total != pageValueCount1): Timeout '0' is invalid. Using default page load timeout: '230'

2020-02-28 12:30:01 - [TEST_STEP][PASSED] - for (org.openqa.selenium.WebElement ele1 : elements1): null

2020-02-28 12:30:01 - [TEST_STEP][PASSED] - dataSourceTextValuesWithDesc.add(ele1.getText()): null

2020-02-28 12:30:01 - [TEST_STEP][PASSED] - dataSourceTextValuesWithDesc.add(ele1.getText()): null

2020-02-28 12:30:01 - [TEST_STEP][PASSED] - dataSourceTextValuesWithDesc.add(ele1.getText()): null

2020-02-28 12:30:01 - [TEST_STEP][PASSED] - dataSourceTextValuesWithDesc.add(ele1.getText()): null

2020-02-28 12:30:01 - [TEST_STEP][PASSED] - dataSourceTextValuesWithDesc.add(ele1.getText()): null

2020-02-28 12:30:01 - [TEST_STEP][PASSED] - dataSourceTextValuesWithDesc.add(ele1.getText()): null

2020-02-28 12:30:01 - [TEST_STEP][PASSED] - dataSourceTextValuesWithDesc.add(ele1.getText()): null

2020-02-28 12:30:01 - [TEST_STEP][PASSED] - dataSourceTextValuesWithDesc.add(ele1.getText()): null

2020-02-28 12:30:01 - [TEST_STEP][PASSED] - dataSourceTextValuesWithDesc.add(ele1.getText()): null

2020-02-28 12:30:01 - [TEST_STEP][PASSED] - dataSourceTextValuesWithDesc.add(ele1.getText()): null

2020-02-28 12:30:01 - [TEST_STEP][PASSED] - pageValueCount1 += elements1.size(): null

2020-02-28 12:30:01 - [TEST_STEP][PASSED] - click(findTestObject("AUDIENCE/Data Source/next")): Object: 'Object Repository/AUDIENCE/Data Source/next' is clicked on

2020-02-28 12:30:01 - [MESSAGE][PASSED] - Object: 'Object Repository/AUDIENCE/Data Source/next' is clicked on

2020-02-28 12:30:01 - [TEST_STEP][PASSED] - elements1 = findWebElements(findTestObject("AUDIENCE/Data Source/count_Column_Values"), 0): Timeout '0' is invalid. Using default page load timeout: '230'

2020-02-28 12:30:02 - [MESSAGE][WARNING] - Timeout '0' is invalid. Using default page load timeout: '230'

2020-02-28 12:30:02 - [TEST_STEP][PASSED] - for (org.openqa.selenium.WebElement ele1 : elements1): null

2020-02-28 12:30:02 - [TEST_STEP][PASSED] - dataSourceTextValuesWithDesc.add(ele1.getText()): null

2020-02-28 12:30:02 - [TEST_STEP][PASSED] - dataSourceTextValuesWithDesc.add(ele1.getText()): null

2020-02-28 12:30:02 - [TEST_STEP][PASSED] - dataSourceTextValuesWithDesc.add(ele1.getText()): null

2020-02-28 12:30:03 - [TEST_STEP][PASSED] - dataSourceTextValuesWithDesc.add(ele1.getText()): null

2020-02-28 12:30:03 - [TEST_STEP][PASSED] - dataSourceTextValuesWithDesc.add(ele1.getText()): null

2020-02-28 12:30:03 - [TEST_STEP][PASSED] - dataSourceTextValuesWithDesc.add(ele1.getText()): null

2020-02-28 12:30:03 - [TEST_STEP][PASSED] - dataSourceTextValuesWithDesc.add(ele1.getText()): null

2020-02-28 12:30:03 - [TEST_STEP][PASSED] - dataSourceTextValuesWithDesc.add(ele1.getText()): null

2020-02-28 12:30:03 - [TEST_STEP][PASSED] - dataSourceTextValuesWithDesc.add(ele1.getText()): null

2020-02-28 12:30:03 - [TEST_STEP][PASSED] - dataSourceTextValuesWithDesc.add(ele1.getText()): null

2020-02-28 12:30:03 - [TEST_STEP][PASSED] - pageValueCount1 += elements1.size(): null

2020-02-28 12:30:03 - [TEST_STEP][PASSED] - click(findTestObject("AUDIENCE/Data Source/next")): Object: 'Object Repository/AUDIENCE/Data Source/next' is clicked on

2020-02-28 12:30:03 - [MESSAGE][PASSED] - Object: 'Object Repository/AUDIENCE/Data Source/next' is clicked on

2020-02-28 12:30:03 - [TEST_STEP][PASSED] - elements1 = findWebElements(findTestObject("AUDIENCE/Data Source/count_Column_Values"), 0): Timeout '0' is invalid. Using default page load timeout: '230'

2020-02-28 12:30:03 - [MESSAGE][WARNING] - Timeout '0' is invalid. Using default page load timeout: '230'

2020-02-28 12:30:04 - [TEST_STEP][PASSED] - for (org.openqa.selenium.WebElement ele1 : elements1): null

2020-02-28 12:30:04 - [TEST_STEP][PASSED] - dataSourceTextValuesWithDesc.add(ele1.getText()): null

2020-02-28 12:30:04 - [TEST_STEP][PASSED] - dataSourceTextValuesWithDesc.add(ele1.getText()): null

2020-02-28 12:30:04 - [TEST_STEP][PASSED] - dataSourceTextValuesWithDesc.add(ele1.getText()): null

2020-02-28 12:30:04 - [TEST_STEP][PASSED] - pageValueCount1 += elements1.size(): null

2020-02-28 12:30:04 - [TEST_STEP][PASSED] - click(findTestObject("AUDIENCE/Data Source/next")): Object: 'Object Repository/AUDIENCE/Data Source/next' is clicked on

2020-02-28 12:30:07 - [MESSAGE][PASSED] - Object: 'Object Repository/AUDIENCE/Data Source/next' is clicked on

2020-02-28 12:30:07 - [TEST_STEP][PASSED] - elements1 = findWebElements(findTestObject("AUDIENCE/Data Source/count_Column_Values"), 0): Timeout '0' is invalid. Using default page load timeout: '230'

2020-02-28 12:30:07 - [MESSAGE][WARNING] - Timeout '0' is invalid. Using default page load timeout: '230'

2020-02-28 12:30:07 - [TEST_STEP][PASSED] - isDescending = web.CustomKeyword.checkListDescendingOrder(dataSourceTextValues, dataSourceTextValuesWithDesc): web.CustomKeyword.checkListDescendingOrder is PASSED

2020-02-28 12:30:07 - [MESSAGE][PASSED] - web.CustomKeyword.checkListDescendingOrder is PASSED

2020-02-28 12:30:07 - [TEST_STEP][PASSED] - verifyEqual(isDescending, true): Actual object 'true' and expected object 'true' are equal

2020-02-28 12:30:07 - [MESSAGE][PASSED] - Actual object 'true' and expected object 'true' are equal

2020-02-28 12:30:07 - [TEST_STEP][PASSED] - Start listener action : sampleAfterTestCase: null

2020-02-28 12:30:07 - [TEST_STEP][PASSED] - println(testCaseContext.getTestCaseId()): null

2020-02-28 12:30:07 - [TEST_STEP][PASSED] - println(testCaseContext.getTestCaseStatus()): null

2020-02-28 12:30:07 - [TEST_STEP][PASSED] - println("On Failure Method is Calling : " + testCaseContext.getTestCaseStatus()): null

2020-02-28 12:30:07 - [TEST_STEP][PASSED] - if (!(getTestCaseStatus().equalsIgnoreCase("PASSED"))): null]]></system-out>
         <system-err><![CDATA[]]></system-err>
      </testcase>
      <testcase name="Test Cases/Atlas Platform/Data Management/Data Listing/TC_009_Verify_Status_Column_Sorting_Order" time="30.46" classname="Test Cases/Atlas Platform/Data Management/Data Listing/TC_009_Verify_Status_Column_Sorting_Order" status="PASSED">
         <system-out><![CDATA[2020-02-28 12:30:10 - [TEST_CASE][PASSED] - Test Cases/Atlas Platform/Data Management/Data Listing/TC_009_Verify_Status_Column_Sorting_Order: Test Cases/Atlas Platform/Data Management/Data Listing/TC_009_Verify_Status_Column_Sorting_Order

2020-02-28 12:30:10 - [TEST_STEP][NOT_RUN] - callTestCase(findTestCase("Atlas Platform/Platform Navigation/Login/LoginWithRootAdmin"), ["user_Email":"navaraj@totient.co.in", "user_Password":"Totient@123"], CONTINUE_ON_FAILURE): NOT_RUN: callTestCase(findTestCase("Atlas Platform/Platform Navigation/Login/LoginWithRootAdmin"), ["user_Email":"navaraj@totient.co.in", "user_Password":"Totient@123"], CONTINUE_ON_FAILURE)

2020-02-28 12:30:10 - [MESSAGE][NOT_RUN] - NOT_RUN: callTestCase(findTestCase("Atlas Platform/Platform Navigation/Login/LoginWithRootAdmin"), ["user_Email":"navaraj@totient.co.in", "user_Password":"Totient@123"], CONTINUE_ON_FAILURE)

2020-02-28 12:30:10 - [TEST_STEP][PASSED] - refresh(): Refresh successfully

2020-02-28 12:30:12 - [MESSAGE][PASSED] - Refresh successfully

2020-02-28 12:30:12 - [TEST_STEP][PASSED] - click(findTestObject("HeaderMenus/audiencemenu")): Object: 'Object Repository/HeaderMenus/audiencemenu' is clicked on

2020-02-28 12:30:13 - [MESSAGE][PASSED] - Object: 'Object Repository/HeaderMenus/audiencemenu' is clicked on

2020-02-28 12:30:13 - [TEST_STEP][PASSED] - click(findTestObject("Login_Page/Dashboard/Data Sub-Navigation/div_Data Source")): Object: 'Object Repository/Login_Page/Dashboard/Data Sub-Navigation/div_Data Source' is clicked on

2020-02-28 12:30:14 - [MESSAGE][PASSED] - Object: 'Object Repository/Login_Page/Dashboard/Data Sub-Navigation/div_Data Source' is clicked on

2020-02-28 12:30:14 - [TEST_STEP][PASSED] - totalText = getText(findTestObject("AUDIENCE/Data Source/total_count")): Text of object 'Object Repository/AUDIENCE/Data Source/total_count' is: '(23)'

2020-02-28 12:30:15 - [MESSAGE][PASSED] - Text of object 'Object Repository/AUDIENCE/Data Source/total_count' is: '(23)'

2020-02-28 12:30:15 - [TEST_STEP][PASSED] - click(findTestObject("AUDIENCE/Data Source/status_Column_Name")): Object: 'Object Repository/AUDIENCE/Data Source/status_Column_Name' is clicked on

2020-02-28 12:30:15 - [MESSAGE][PASSED] - Object: 'Object Repository/AUDIENCE/Data Source/status_Column_Name' is clicked on

2020-02-28 12:30:15 - [TEST_STEP][PASSED] - click(findTestObject("AUDIENCE/Data Source/status_Column_Name")): Object: 'Object Repository/AUDIENCE/Data Source/status_Column_Name' is clicked on

2020-02-28 12:30:16 - [MESSAGE][PASSED] - Object: 'Object Repository/AUDIENCE/Data Source/status_Column_Name' is clicked on

2020-02-28 12:30:16 - [TEST_STEP][PASSED] - total = Integer.parseInt(replace(")", "").trim()): null

2020-02-28 12:30:16 - [TEST_STEP][PASSED] - pageValueCount = 0: null

2020-02-28 12:30:16 - [TEST_STEP][PASSED] - dataSourceTextValues = new java.util.ArrayList(): null

2020-02-28 12:30:16 - [TEST_STEP][PASSED] - totalOfPaginationCount = getText(findTestObject("AUDIENCE/Data Source/no_pagination_With_Count")): Text of object 'Object Repository/AUDIENCE/Data Source/no_pagination_With_Count' is: 'Showing 1-10 of 23 Data Source(s)'

2020-02-28 12:30:17 - [MESSAGE][PASSED] - Text of object 'Object Repository/AUDIENCE/Data Source/no_pagination_With_Count' is: 'Showing 1-10 of 23 Data Source(s)'

2020-02-28 12:30:17 - [TEST_STEP][PASSED] - if (!(totalOfPaginationCount.equalsIgnoreCase("Showing 0 of 0 Images"))): Timeout '0' is invalid. Using default page load timeout: '230'

2020-02-28 12:30:17 - [TEST_STEP][PASSED] - elements = findWebElements(findTestObject("AUDIENCE/Data Source/status_column_values"), 0): Timeout '0' is invalid. Using default page load timeout: '230'

2020-02-28 12:30:17 - [MESSAGE][WARNING] - Timeout '0' is invalid. Using default page load timeout: '230'

2020-02-28 12:30:17 - [TEST_STEP][PASSED] - if (total > 10): Timeout '0' is invalid. Using default page load timeout: '230'

2020-02-28 12:30:17 - [TEST_STEP][PASSED] - while (total != pageValueCount): Timeout '0' is invalid. Using default page load timeout: '230'

2020-02-28 12:30:17 - [TEST_STEP][PASSED] - for (org.openqa.selenium.WebElement ele : elements): null

2020-02-28 12:30:17 - [TEST_STEP][PASSED] - dataSourceTextValues.add(ele.getText()): null

2020-02-28 12:30:17 - [TEST_STEP][PASSED] - dataSourceTextValues.add(ele.getText()): null

2020-02-28 12:30:17 - [TEST_STEP][PASSED] - dataSourceTextValues.add(ele.getText()): null

2020-02-28 12:30:17 - [TEST_STEP][PASSED] - dataSourceTextValues.add(ele.getText()): null

2020-02-28 12:30:18 - [TEST_STEP][PASSED] - dataSourceTextValues.add(ele.getText()): null

2020-02-28 12:30:18 - [TEST_STEP][PASSED] - dataSourceTextValues.add(ele.getText()): null

2020-02-28 12:30:18 - [TEST_STEP][PASSED] - dataSourceTextValues.add(ele.getText()): null

2020-02-28 12:30:18 - [TEST_STEP][PASSED] - dataSourceTextValues.add(ele.getText()): null

2020-02-28 12:30:18 - [TEST_STEP][PASSED] - dataSourceTextValues.add(ele.getText()): null

2020-02-28 12:30:18 - [TEST_STEP][PASSED] - dataSourceTextValues.add(ele.getText()): null

2020-02-28 12:30:18 - [TEST_STEP][PASSED] - pageValueCount += elements.size(): null

2020-02-28 12:30:18 - [TEST_STEP][PASSED] - click(findTestObject("AUDIENCE/Data Source/next")): Object: 'Object Repository/AUDIENCE/Data Source/next' is clicked on

2020-02-28 12:30:18 - [MESSAGE][PASSED] - Object: 'Object Repository/AUDIENCE/Data Source/next' is clicked on

2020-02-28 12:30:18 - [TEST_STEP][PASSED] - elements = findWebElements(findTestObject("AUDIENCE/Data Source/status_column_values"), 0): Timeout '0' is invalid. Using default page load timeout: '230'

2020-02-28 12:30:18 - [MESSAGE][WARNING] - Timeout '0' is invalid. Using default page load timeout: '230'

2020-02-28 12:30:20 - [TEST_STEP][PASSED] - for (org.openqa.selenium.WebElement ele : elements): null

2020-02-28 12:30:20 - [TEST_STEP][PASSED] - dataSourceTextValues.add(ele.getText()): null

2020-02-28 12:30:20 - [TEST_STEP][PASSED] - dataSourceTextValues.add(ele.getText()): null

2020-02-28 12:30:20 - [TEST_STEP][PASSED] - dataSourceTextValues.add(ele.getText()): null

2020-02-28 12:30:20 - [TEST_STEP][PASSED] - dataSourceTextValues.add(ele.getText()): null

2020-02-28 12:30:20 - [TEST_STEP][PASSED] - dataSourceTextValues.add(ele.getText()): null

2020-02-28 12:30:20 - [TEST_STEP][PASSED] - dataSourceTextValues.add(ele.getText()): null

2020-02-28 12:30:20 - [TEST_STEP][PASSED] - dataSourceTextValues.add(ele.getText()): null

2020-02-28 12:30:20 - [TEST_STEP][PASSED] - dataSourceTextValues.add(ele.getText()): null

2020-02-28 12:30:20 - [TEST_STEP][PASSED] - dataSourceTextValues.add(ele.getText()): null

2020-02-28 12:30:20 - [TEST_STEP][PASSED] - dataSourceTextValues.add(ele.getText()): null

2020-02-28 12:30:20 - [TEST_STEP][PASSED] - pageValueCount += elements.size(): null

2020-02-28 12:30:20 - [TEST_STEP][PASSED] - click(findTestObject("AUDIENCE/Data Source/next")): Object: 'Object Repository/AUDIENCE/Data Source/next' is clicked on

2020-02-28 12:30:20 - [MESSAGE][PASSED] - Object: 'Object Repository/AUDIENCE/Data Source/next' is clicked on

2020-02-28 12:30:20 - [TEST_STEP][PASSED] - elements = findWebElements(findTestObject("AUDIENCE/Data Source/status_column_values"), 0): Timeout '0' is invalid. Using default page load timeout: '230'

2020-02-28 12:30:21 - [MESSAGE][WARNING] - Timeout '0' is invalid. Using default page load timeout: '230'

2020-02-28 12:30:21 - [TEST_STEP][PASSED] - for (org.openqa.selenium.WebElement ele : elements): null

2020-02-28 12:30:21 - [TEST_STEP][PASSED] - dataSourceTextValues.add(ele.getText()): null

2020-02-28 12:30:21 - [TEST_STEP][PASSED] - dataSourceTextValues.add(ele.getText()): null

2020-02-28 12:30:21 - [TEST_STEP][PASSED] - dataSourceTextValues.add(ele.getText()): null

2020-02-28 12:30:21 - [TEST_STEP][PASSED] - pageValueCount += elements.size(): null

2020-02-28 12:30:21 - [TEST_STEP][PASSED] - click(findTestObject("AUDIENCE/Data Source/next")): Object: 'Object Repository/AUDIENCE/Data Source/next' is clicked on

2020-02-28 12:30:24 - [MESSAGE][PASSED] - Object: 'Object Repository/AUDIENCE/Data Source/next' is clicked on

2020-02-28 12:30:24 - [TEST_STEP][PASSED] - elements = findWebElements(findTestObject("AUDIENCE/Data Source/status_column_values"), 0): Timeout '0' is invalid. Using default page load timeout: '230'

2020-02-28 12:30:24 - [MESSAGE][WARNING] - Timeout '0' is invalid. Using default page load timeout: '230'

2020-02-28 12:30:24 - [TEST_STEP][PASSED] - isAscending = web.CustomKeyword.checkListAscendingOrder(dataSourceTextValues): web.CustomKeyword.checkListAscendingOrder is PASSED

2020-02-28 12:30:25 - [MESSAGE][PASSED] - web.CustomKeyword.checkListAscendingOrder is PASSED

2020-02-28 12:30:25 - [TEST_STEP][PASSED] - verifyEqual(isAscending, true): Actual object 'true' and expected object 'true' are equal

2020-02-28 12:30:25 - [MESSAGE][PASSED] - Actual object 'true' and expected object 'true' are equal

2020-02-28 12:30:25 - [TEST_STEP][PASSED] - click(findTestObject("HeaderMenus/adminmenu")): Object: 'Object Repository/HeaderMenus/adminmenu' is clicked on

2020-02-28 12:30:25 - [MESSAGE][PASSED] - Object: 'Object Repository/HeaderMenus/adminmenu' is clicked on

2020-02-28 12:30:25 - [TEST_STEP][PASSED] - click(findTestObject("HeaderMenus/audiencemenu")): Object: 'Object Repository/HeaderMenus/audiencemenu' is clicked on

2020-02-28 12:30:27 - [MESSAGE][PASSED] - Object: 'Object Repository/HeaderMenus/audiencemenu' is clicked on

2020-02-28 12:30:27 - [TEST_STEP][PASSED] - click(findTestObject("AUDIENCE/Data Source/status_Column_Name")): Object: 'Object Repository/AUDIENCE/Data Source/status_Column_Name' is clicked on

2020-02-28 12:30:28 - [MESSAGE][PASSED] - Object: 'Object Repository/AUDIENCE/Data Source/status_Column_Name' is clicked on

2020-02-28 12:30:28 - [TEST_STEP][PASSED] - delay(3): Delayed 3 second(s)

2020-02-28 12:30:31 - [MESSAGE][PASSED] - Delayed 3 second(s)

2020-02-28 12:30:31 - [TEST_STEP][PASSED] - dataSourceTextValuesWithDesc = new java.util.ArrayList(): null

2020-02-28 12:30:31 - [TEST_STEP][PASSED] - pageValueCount1 = 0: null

2020-02-28 12:30:31 - [TEST_STEP][PASSED] - if (!(totalOfPaginationCount.equalsIgnoreCase("Showing 0 of 0 Images"))): Timeout '0' is invalid. Using default page load timeout: '230'

2020-02-28 12:30:31 - [TEST_STEP][PASSED] - elements1 = findWebElements(findTestObject("AUDIENCE/Data Source/status_column_values"), 0): Timeout '0' is invalid. Using default page load timeout: '230'

2020-02-28 12:30:31 - [MESSAGE][WARNING] - Timeout '0' is invalid. Using default page load timeout: '230'

2020-02-28 12:30:31 - [TEST_STEP][PASSED] - if (total > 10): Timeout '0' is invalid. Using default page load timeout: '230'

2020-02-28 12:30:31 - [TEST_STEP][PASSED] - while (total != pageValueCount1): Timeout '0' is invalid. Using default page load timeout: '230'

2020-02-28 12:30:31 - [TEST_STEP][PASSED] - for (org.openqa.selenium.WebElement ele1 : elements1): null

2020-02-28 12:30:31 - [TEST_STEP][PASSED] - dataSourceTextValuesWithDesc.add(ele1.getText()): null

2020-02-28 12:30:31 - [TEST_STEP][PASSED] - dataSourceTextValuesWithDesc.add(ele1.getText()): null

2020-02-28 12:30:32 - [TEST_STEP][PASSED] - dataSourceTextValuesWithDesc.add(ele1.getText()): null

2020-02-28 12:30:32 - [TEST_STEP][PASSED] - dataSourceTextValuesWithDesc.add(ele1.getText()): null

2020-02-28 12:30:32 - [TEST_STEP][PASSED] - dataSourceTextValuesWithDesc.add(ele1.getText()): null

2020-02-28 12:30:32 - [TEST_STEP][PASSED] - dataSourceTextValuesWithDesc.add(ele1.getText()): null

2020-02-28 12:30:32 - [TEST_STEP][PASSED] - dataSourceTextValuesWithDesc.add(ele1.getText()): null

2020-02-28 12:30:32 - [TEST_STEP][PASSED] - dataSourceTextValuesWithDesc.add(ele1.getText()): null

2020-02-28 12:30:32 - [TEST_STEP][PASSED] - dataSourceTextValuesWithDesc.add(ele1.getText()): null

2020-02-28 12:30:32 - [TEST_STEP][PASSED] - dataSourceTextValuesWithDesc.add(ele1.getText()): null

2020-02-28 12:30:32 - [TEST_STEP][PASSED] - pageValueCount1 += elements1.size(): null

2020-02-28 12:30:32 - [TEST_STEP][PASSED] - click(findTestObject("AUDIENCE/Data Source/next")): Object: 'Object Repository/AUDIENCE/Data Source/next' is clicked on

2020-02-28 12:30:32 - [MESSAGE][PASSED] - Object: 'Object Repository/AUDIENCE/Data Source/next' is clicked on

2020-02-28 12:30:32 - [TEST_STEP][PASSED] - elements1 = findWebElements(findTestObject("AUDIENCE/Data Source/status_column_values"), 0): Timeout '0' is invalid. Using default page load timeout: '230'

2020-02-28 12:30:32 - [MESSAGE][WARNING] - Timeout '0' is invalid. Using default page load timeout: '230'

2020-02-28 12:30:33 - [TEST_STEP][PASSED] - for (org.openqa.selenium.WebElement ele1 : elements1): null

2020-02-28 12:30:33 - [TEST_STEP][PASSED] - dataSourceTextValuesWithDesc.add(ele1.getText()): null

2020-02-28 12:30:33 - [TEST_STEP][PASSED] - dataSourceTextValuesWithDesc.add(ele1.getText()): null

2020-02-28 12:30:33 - [TEST_STEP][PASSED] - dataSourceTextValuesWithDesc.add(ele1.getText()): null

2020-02-28 12:30:33 - [TEST_STEP][PASSED] - dataSourceTextValuesWithDesc.add(ele1.getText()): null

2020-02-28 12:30:33 - [TEST_STEP][PASSED] - dataSourceTextValuesWithDesc.add(ele1.getText()): null

2020-02-28 12:30:33 - [TEST_STEP][PASSED] - dataSourceTextValuesWithDesc.add(ele1.getText()): null

2020-02-28 12:30:33 - [TEST_STEP][PASSED] - dataSourceTextValuesWithDesc.add(ele1.getText()): null

2020-02-28 12:30:33 - [TEST_STEP][PASSED] - dataSourceTextValuesWithDesc.add(ele1.getText()): null

2020-02-28 12:30:33 - [TEST_STEP][PASSED] - dataSourceTextValuesWithDesc.add(ele1.getText()): null

2020-02-28 12:30:33 - [TEST_STEP][PASSED] - dataSourceTextValuesWithDesc.add(ele1.getText()): null

2020-02-28 12:30:33 - [TEST_STEP][PASSED] - pageValueCount1 += elements1.size(): null

2020-02-28 12:30:33 - [TEST_STEP][PASSED] - click(findTestObject("AUDIENCE/Data Source/next")): Object: 'Object Repository/AUDIENCE/Data Source/next' is clicked on

2020-02-28 12:30:34 - [MESSAGE][PASSED] - Object: 'Object Repository/AUDIENCE/Data Source/next' is clicked on

2020-02-28 12:30:34 - [TEST_STEP][PASSED] - elements1 = findWebElements(findTestObject("AUDIENCE/Data Source/status_column_values"), 0): Timeout '0' is invalid. Using default page load timeout: '230'

2020-02-28 12:30:34 - [MESSAGE][WARNING] - Timeout '0' is invalid. Using default page load timeout: '230'

2020-02-28 12:30:35 - [TEST_STEP][PASSED] - for (org.openqa.selenium.WebElement ele1 : elements1): null

2020-02-28 12:30:35 - [TEST_STEP][PASSED] - dataSourceTextValuesWithDesc.add(ele1.getText()): null

2020-02-28 12:30:35 - [TEST_STEP][PASSED] - dataSourceTextValuesWithDesc.add(ele1.getText()): null

2020-02-28 12:30:35 - [TEST_STEP][PASSED] - dataSourceTextValuesWithDesc.add(ele1.getText()): null

2020-02-28 12:30:35 - [TEST_STEP][PASSED] - pageValueCount1 += elements1.size(): null

2020-02-28 12:30:35 - [TEST_STEP][PASSED] - click(findTestObject("AUDIENCE/Data Source/next")): Object: 'Object Repository/AUDIENCE/Data Source/next' is clicked on

2020-02-28 12:30:38 - [MESSAGE][PASSED] - Object: 'Object Repository/AUDIENCE/Data Source/next' is clicked on

2020-02-28 12:30:38 - [TEST_STEP][PASSED] - elements1 = findWebElements(findTestObject("AUDIENCE/Data Source/status_column_values"), 0): Timeout '0' is invalid. Using default page load timeout: '230'

2020-02-28 12:30:38 - [MESSAGE][WARNING] - Timeout '0' is invalid. Using default page load timeout: '230'

2020-02-28 12:30:38 - [TEST_STEP][PASSED] - isDescending = web.CustomKeyword.checkListDescendingOrder(dataSourceTextValues, dataSourceTextValuesWithDesc): web.CustomKeyword.checkListDescendingOrder is PASSED

2020-02-28 12:30:38 - [MESSAGE][PASSED] - web.CustomKeyword.checkListDescendingOrder is PASSED

2020-02-28 12:30:38 - [TEST_STEP][PASSED] - verifyEqual(isDescending, true): Actual object 'true' and expected object 'true' are equal

2020-02-28 12:30:38 - [MESSAGE][PASSED] - Actual object 'true' and expected object 'true' are equal

2020-02-28 12:30:38 - [TEST_STEP][PASSED] - Start listener action : sampleAfterTestCase: null

2020-02-28 12:30:38 - [TEST_STEP][PASSED] - println(testCaseContext.getTestCaseId()): null

2020-02-28 12:30:38 - [TEST_STEP][PASSED] - println(testCaseContext.getTestCaseStatus()): null

2020-02-28 12:30:38 - [TEST_STEP][PASSED] - println("On Failure Method is Calling : " + testCaseContext.getTestCaseStatus()): null

2020-02-28 12:30:38 - [TEST_STEP][PASSED] - if (!(getTestCaseStatus().equalsIgnoreCase("PASSED"))): null]]></system-out>
         <system-err><![CDATA[]]></system-err>
      </testcase>
      <testcase name="Test Cases/Atlas Platform/Data Management/Data Listing/TC_010_Verify_Created_Column_Sorting_Order" time="30.603" classname="Test Cases/Atlas Platform/Data Management/Data Listing/TC_010_Verify_Created_Column_Sorting_Order" status="PASSED">
         <system-out><![CDATA[2020-02-28 12:30:40 - [TEST_CASE][PASSED] - Test Cases/Atlas Platform/Data Management/Data Listing/TC_010_Verify_Created_Column_Sorting_Order: Test Cases/Atlas Platform/Data Management/Data Listing/TC_010_Verify_Created_Column_Sorting_Order

2020-02-28 12:30:40 - [TEST_STEP][NOT_RUN] - callTestCase(findTestCase("Atlas Platform/Platform Navigation/Login/LoginWithRootAdmin"), ["user_Email":"navaraj@totient.co.in", "user_Password":"Totient@123"], CONTINUE_ON_FAILURE): NOT_RUN: callTestCase(findTestCase("Atlas Platform/Platform Navigation/Login/LoginWithRootAdmin"), ["user_Email":"navaraj@totient.co.in", "user_Password":"Totient@123"], CONTINUE_ON_FAILURE)

2020-02-28 12:30:40 - [MESSAGE][NOT_RUN] - NOT_RUN: callTestCase(findTestCase("Atlas Platform/Platform Navigation/Login/LoginWithRootAdmin"), ["user_Email":"navaraj@totient.co.in", "user_Password":"Totient@123"], CONTINUE_ON_FAILURE)

2020-02-28 12:30:40 - [TEST_STEP][PASSED] - refresh(): Refresh successfully

2020-02-28 12:30:42 - [MESSAGE][PASSED] - Refresh successfully

2020-02-28 12:30:42 - [TEST_STEP][PASSED] - click(findTestObject("HeaderMenus/audiencemenu")): Object: 'Object Repository/HeaderMenus/audiencemenu' is clicked on

2020-02-28 12:30:44 - [MESSAGE][PASSED] - Object: 'Object Repository/HeaderMenus/audiencemenu' is clicked on

2020-02-28 12:30:44 - [TEST_STEP][PASSED] - click(findTestObject("Login_Page/Dashboard/Data Sub-Navigation/div_Data Source")): Object: 'Object Repository/Login_Page/Dashboard/Data Sub-Navigation/div_Data Source' is clicked on

2020-02-28 12:30:45 - [MESSAGE][PASSED] - Object: 'Object Repository/Login_Page/Dashboard/Data Sub-Navigation/div_Data Source' is clicked on

2020-02-28 12:30:45 - [TEST_STEP][PASSED] - totalText = getText(findTestObject("AUDIENCE/Data Source/total_count")): Text of object 'Object Repository/AUDIENCE/Data Source/total_count' is: '(23)'

2020-02-28 12:30:45 - [MESSAGE][PASSED] - Text of object 'Object Repository/AUDIENCE/Data Source/total_count' is: '(23)'

2020-02-28 12:30:45 - [TEST_STEP][PASSED] - click(findTestObject("AUDIENCE/Data Source/created_Column_Name")): Object: 'Object Repository/AUDIENCE/Data Source/created_Column_Name' is clicked on

2020-02-28 12:30:45 - [MESSAGE][PASSED] - Object: 'Object Repository/AUDIENCE/Data Source/created_Column_Name' is clicked on

2020-02-28 12:30:45 - [TEST_STEP][PASSED] - total = Integer.parseInt(replace(")", "").trim()): null

2020-02-28 12:30:45 - [TEST_STEP][PASSED] - pageValueCount = 0: null

2020-02-28 12:30:46 - [TEST_STEP][PASSED] - dataSourceTextValues = new java.util.ArrayList(): null

2020-02-28 12:30:46 - [TEST_STEP][PASSED] - totalOfPaginationCount = getText(findTestObject("AUDIENCE/Data Source/no_pagination_With_Count")): Text of object 'Object Repository/AUDIENCE/Data Source/no_pagination_With_Count' is: 'Showing 1-10 of 23 Data Source(s)'

2020-02-28 12:30:46 - [MESSAGE][PASSED] - Text of object 'Object Repository/AUDIENCE/Data Source/no_pagination_With_Count' is: 'Showing 1-10 of 23 Data Source(s)'

2020-02-28 12:30:46 - [TEST_STEP][PASSED] - if (!(totalOfPaginationCount.equalsIgnoreCase("Showing 0 of 0 Images"))): Timeout '0' is invalid. Using default page load timeout: '230'

2020-02-28 12:30:46 - [TEST_STEP][PASSED] - elements = findWebElements(findTestObject("AUDIENCE/Data Source/created_column_values"), 0): Timeout '0' is invalid. Using default page load timeout: '230'

2020-02-28 12:30:47 - [MESSAGE][WARNING] - Timeout '0' is invalid. Using default page load timeout: '230'

2020-02-28 12:30:47 - [TEST_STEP][PASSED] - if (total > 10): Timeout '0' is invalid. Using default page load timeout: '230'

2020-02-28 12:30:47 - [TEST_STEP][PASSED] - while (total != pageValueCount): Timeout '0' is invalid. Using default page load timeout: '230'

2020-02-28 12:30:47 - [TEST_STEP][PASSED] - for (org.openqa.selenium.WebElement ele : elements): null

2020-02-28 12:30:47 - [TEST_STEP][PASSED] - dataSourceTextValues.add(ele.getText()): null

2020-02-28 12:30:47 - [TEST_STEP][PASSED] - dataSourceTextValues.add(ele.getText()): null

2020-02-28 12:30:47 - [TEST_STEP][PASSED] - dataSourceTextValues.add(ele.getText()): null

2020-02-28 12:30:47 - [TEST_STEP][PASSED] - dataSourceTextValues.add(ele.getText()): null

2020-02-28 12:30:47 - [TEST_STEP][PASSED] - dataSourceTextValues.add(ele.getText()): null

2020-02-28 12:30:47 - [TEST_STEP][PASSED] - dataSourceTextValues.add(ele.getText()): null

2020-02-28 12:30:47 - [TEST_STEP][PASSED] - dataSourceTextValues.add(ele.getText()): null

2020-02-28 12:30:47 - [TEST_STEP][PASSED] - dataSourceTextValues.add(ele.getText()): null

2020-02-28 12:30:47 - [TEST_STEP][PASSED] - dataSourceTextValues.add(ele.getText()): null

2020-02-28 12:30:47 - [TEST_STEP][PASSED] - dataSourceTextValues.add(ele.getText()): null

2020-02-28 12:30:47 - [TEST_STEP][PASSED] - pageValueCount += elements.size(): null

2020-02-28 12:30:47 - [TEST_STEP][PASSED] - click(findTestObject("AUDIENCE/Data Source/next")): Object: 'Object Repository/AUDIENCE/Data Source/next' is clicked on

2020-02-28 12:30:48 - [MESSAGE][PASSED] - Object: 'Object Repository/AUDIENCE/Data Source/next' is clicked on

2020-02-28 12:30:48 - [TEST_STEP][PASSED] - elements = findWebElements(findTestObject("AUDIENCE/Data Source/created_column_values"), 0): Timeout '0' is invalid. Using default page load timeout: '230'

2020-02-28 12:30:48 - [MESSAGE][WARNING] - Timeout '0' is invalid. Using default page load timeout: '230'

2020-02-28 12:30:49 - [TEST_STEP][PASSED] - for (org.openqa.selenium.WebElement ele : elements): null

2020-02-28 12:30:49 - [TEST_STEP][PASSED] - dataSourceTextValues.add(ele.getText()): null

2020-02-28 12:30:49 - [TEST_STEP][PASSED] - dataSourceTextValues.add(ele.getText()): null

2020-02-28 12:30:49 - [TEST_STEP][PASSED] - dataSourceTextValues.add(ele.getText()): null

2020-02-28 12:30:49 - [TEST_STEP][PASSED] - dataSourceTextValues.add(ele.getText()): null

2020-02-28 12:30:49 - [TEST_STEP][PASSED] - dataSourceTextValues.add(ele.getText()): null

2020-02-28 12:30:49 - [TEST_STEP][PASSED] - dataSourceTextValues.add(ele.getText()): null

2020-02-28 12:30:50 - [TEST_STEP][PASSED] - dataSourceTextValues.add(ele.getText()): null

2020-02-28 12:30:50 - [TEST_STEP][PASSED] - dataSourceTextValues.add(ele.getText()): null

2020-02-28 12:30:50 - [TEST_STEP][PASSED] - dataSourceTextValues.add(ele.getText()): null

2020-02-28 12:30:50 - [TEST_STEP][PASSED] - dataSourceTextValues.add(ele.getText()): null

2020-02-28 12:30:50 - [TEST_STEP][PASSED] - pageValueCount += elements.size(): null

2020-02-28 12:30:50 - [TEST_STEP][PASSED] - click(findTestObject("AUDIENCE/Data Source/next")): Object: 'Object Repository/AUDIENCE/Data Source/next' is clicked on

2020-02-28 12:30:50 - [MESSAGE][PASSED] - Object: 'Object Repository/AUDIENCE/Data Source/next' is clicked on

2020-02-28 12:30:50 - [TEST_STEP][PASSED] - elements = findWebElements(findTestObject("AUDIENCE/Data Source/created_column_values"), 0): Timeout '0' is invalid. Using default page load timeout: '230'

2020-02-28 12:30:50 - [MESSAGE][WARNING] - Timeout '0' is invalid. Using default page load timeout: '230'

2020-02-28 12:30:51 - [TEST_STEP][PASSED] - for (org.openqa.selenium.WebElement ele : elements): null

2020-02-28 12:30:51 - [TEST_STEP][PASSED] - dataSourceTextValues.add(ele.getText()): null

2020-02-28 12:30:51 - [TEST_STEP][PASSED] - dataSourceTextValues.add(ele.getText()): null

2020-02-28 12:30:51 - [TEST_STEP][PASSED] - dataSourceTextValues.add(ele.getText()): null

2020-02-28 12:30:51 - [TEST_STEP][PASSED] - pageValueCount += elements.size(): null

2020-02-28 12:30:51 - [TEST_STEP][PASSED] - click(findTestObject("AUDIENCE/Data Source/next")): Object: 'Object Repository/AUDIENCE/Data Source/next' is clicked on

2020-02-28 12:30:54 - [MESSAGE][PASSED] - Object: 'Object Repository/AUDIENCE/Data Source/next' is clicked on

2020-02-28 12:30:54 - [TEST_STEP][PASSED] - elements = findWebElements(findTestObject("AUDIENCE/Data Source/created_column_values"), 0): Timeout '0' is invalid. Using default page load timeout: '230'

2020-02-28 12:30:54 - [MESSAGE][WARNING] - Timeout '0' is invalid. Using default page load timeout: '230'

2020-02-28 12:30:54 - [TEST_STEP][PASSED] - isAsc = web.CustomKeyword.checkListAscendingOrder(dataSourceTextValues): web.CustomKeyword.checkListAscendingOrder is PASSED

2020-02-28 12:30:54 - [MESSAGE][PASSED] - web.CustomKeyword.checkListAscendingOrder is PASSED

2020-02-28 12:30:54 - [TEST_STEP][PASSED] - verifyEqual(isAsc, true): Actual object 'true' and expected object 'true' are equal

2020-02-28 12:30:54 - [MESSAGE][PASSED] - Actual object 'true' and expected object 'true' are equal

2020-02-28 12:30:54 - [TEST_STEP][PASSED] - click(findTestObject("HeaderMenus/adminmenu")): Object: 'Object Repository/HeaderMenus/adminmenu' is clicked on

2020-02-28 12:30:55 - [MESSAGE][PASSED] - Object: 'Object Repository/HeaderMenus/adminmenu' is clicked on

2020-02-28 12:30:55 - [TEST_STEP][PASSED] - click(findTestObject("HeaderMenus/audiencemenu")): Object: 'Object Repository/HeaderMenus/audiencemenu' is clicked on

2020-02-28 12:30:56 - [MESSAGE][PASSED] - Object: 'Object Repository/HeaderMenus/audiencemenu' is clicked on

2020-02-28 12:30:56 - [TEST_STEP][PASSED] - click(findTestObject("AUDIENCE/Data Source/created_Column_Name")): Object: 'Object Repository/AUDIENCE/Data Source/created_Column_Name' is clicked on

2020-02-28 12:30:57 - [MESSAGE][PASSED] - Object: 'Object Repository/AUDIENCE/Data Source/created_Column_Name' is clicked on

2020-02-28 12:30:57 - [TEST_STEP][PASSED] - delay(3): Delayed 3 second(s)

2020-02-28 12:31:00 - [MESSAGE][PASSED] - Delayed 3 second(s)

2020-02-28 12:31:00 - [TEST_STEP][PASSED] - click(findTestObject("AUDIENCE/Data Source/created_Column_Name")): Object: 'Object Repository/AUDIENCE/Data Source/created_Column_Name' is clicked on

2020-02-28 12:31:01 - [MESSAGE][PASSED] - Object: 'Object Repository/AUDIENCE/Data Source/created_Column_Name' is clicked on

2020-02-28 12:31:01 - [TEST_STEP][PASSED] - dataSourceTextValuesWithDesc = new java.util.ArrayList(): null

2020-02-28 12:31:01 - [TEST_STEP][PASSED] - pageValueCount1 = 0: null

2020-02-28 12:31:01 - [TEST_STEP][PASSED] - if (!(totalOfPaginationCount.equalsIgnoreCase("Showing 0 of 0 Images"))): Timeout '0' is invalid. Using default page load timeout: '230'

2020-02-28 12:31:01 - [TEST_STEP][PASSED] - elements1 = findWebElements(findTestObject("AUDIENCE/Data Source/created_column_values"), 0): Timeout '0' is invalid. Using default page load timeout: '230'

2020-02-28 12:31:01 - [MESSAGE][WARNING] - Timeout '0' is invalid. Using default page load timeout: '230'

2020-02-28 12:31:02 - [TEST_STEP][PASSED] - if (total > 10): Timeout '0' is invalid. Using default page load timeout: '230'

2020-02-28 12:31:02 - [TEST_STEP][PASSED] - while (total != pageValueCount1): Timeout '0' is invalid. Using default page load timeout: '230'

2020-02-28 12:31:02 - [TEST_STEP][PASSED] - for (org.openqa.selenium.WebElement ele1 : elements1): null

2020-02-28 12:31:02 - [TEST_STEP][PASSED] - dataSourceTextValuesWithDesc.add(ele1.getText()): null

2020-02-28 12:31:02 - [TEST_STEP][PASSED] - dataSourceTextValuesWithDesc.add(ele1.getText()): null

2020-02-28 12:31:02 - [TEST_STEP][PASSED] - dataSourceTextValuesWithDesc.add(ele1.getText()): null

2020-02-28 12:31:02 - [TEST_STEP][PASSED] - dataSourceTextValuesWithDesc.add(ele1.getText()): null

2020-02-28 12:31:02 - [TEST_STEP][PASSED] - dataSourceTextValuesWithDesc.add(ele1.getText()): null

2020-02-28 12:31:02 - [TEST_STEP][PASSED] - dataSourceTextValuesWithDesc.add(ele1.getText()): null

2020-02-28 12:31:02 - [TEST_STEP][PASSED] - dataSourceTextValuesWithDesc.add(ele1.getText()): null

2020-02-28 12:31:02 - [TEST_STEP][PASSED] - dataSourceTextValuesWithDesc.add(ele1.getText()): null

2020-02-28 12:31:02 - [TEST_STEP][PASSED] - dataSourceTextValuesWithDesc.add(ele1.getText()): null

2020-02-28 12:31:02 - [TEST_STEP][PASSED] - dataSourceTextValuesWithDesc.add(ele1.getText()): null

2020-02-28 12:31:02 - [TEST_STEP][PASSED] - pageValueCount1 += elements1.size(): null

2020-02-28 12:31:02 - [TEST_STEP][PASSED] - click(findTestObject("AUDIENCE/Data Source/next")): Object: 'Object Repository/AUDIENCE/Data Source/next' is clicked on

2020-02-28 12:31:03 - [MESSAGE][PASSED] - Object: 'Object Repository/AUDIENCE/Data Source/next' is clicked on

2020-02-28 12:31:03 - [TEST_STEP][PASSED] - elements1 = findWebElements(findTestObject("AUDIENCE/Data Source/created_column_values"), 0): Timeout '0' is invalid. Using default page load timeout: '230'

2020-02-28 12:31:03 - [MESSAGE][WARNING] - Timeout '0' is invalid. Using default page load timeout: '230'

2020-02-28 12:31:04 - [TEST_STEP][PASSED] - for (org.openqa.selenium.WebElement ele1 : elements1): null

2020-02-28 12:31:04 - [TEST_STEP][PASSED] - dataSourceTextValuesWithDesc.add(ele1.getText()): null

2020-02-28 12:31:04 - [TEST_STEP][PASSED] - dataSourceTextValuesWithDesc.add(ele1.getText()): null

2020-02-28 12:31:04 - [TEST_STEP][PASSED] - dataSourceTextValuesWithDesc.add(ele1.getText()): null

2020-02-28 12:31:04 - [TEST_STEP][PASSED] - dataSourceTextValuesWithDesc.add(ele1.getText()): null

2020-02-28 12:31:04 - [TEST_STEP][PASSED] - dataSourceTextValuesWithDesc.add(ele1.getText()): null

2020-02-28 12:31:04 - [TEST_STEP][PASSED] - dataSourceTextValuesWithDesc.add(ele1.getText()): null

2020-02-28 12:31:04 - [TEST_STEP][PASSED] - dataSourceTextValuesWithDesc.add(ele1.getText()): null

2020-02-28 12:31:04 - [TEST_STEP][PASSED] - dataSourceTextValuesWithDesc.add(ele1.getText()): null

2020-02-28 12:31:04 - [TEST_STEP][PASSED] - dataSourceTextValuesWithDesc.add(ele1.getText()): null

2020-02-28 12:31:04 - [TEST_STEP][PASSED] - dataSourceTextValuesWithDesc.add(ele1.getText()): null

2020-02-28 12:31:04 - [TEST_STEP][PASSED] - pageValueCount1 += elements1.size(): null

2020-02-28 12:31:04 - [TEST_STEP][PASSED] - click(findTestObject("AUDIENCE/Data Source/next")): Object: 'Object Repository/AUDIENCE/Data Source/next' is clicked on

2020-02-28 12:31:04 - [MESSAGE][PASSED] - Object: 'Object Repository/AUDIENCE/Data Source/next' is clicked on

2020-02-28 12:31:04 - [TEST_STEP][PASSED] - elements1 = findWebElements(findTestObject("AUDIENCE/Data Source/created_column_values"), 0): Timeout '0' is invalid. Using default page load timeout: '230'

2020-02-28 12:31:04 - [MESSAGE][WARNING] - Timeout '0' is invalid. Using default page load timeout: '230'

2020-02-28 12:31:05 - [TEST_STEP][PASSED] - for (org.openqa.selenium.WebElement ele1 : elements1): null

2020-02-28 12:31:05 - [TEST_STEP][PASSED] - dataSourceTextValuesWithDesc.add(ele1.getText()): null

2020-02-28 12:31:05 - [TEST_STEP][PASSED] - dataSourceTextValuesWithDesc.add(ele1.getText()): null

2020-02-28 12:31:05 - [TEST_STEP][PASSED] - dataSourceTextValuesWithDesc.add(ele1.getText()): null

2020-02-28 12:31:05 - [TEST_STEP][PASSED] - pageValueCount1 += elements1.size(): null

2020-02-28 12:31:05 - [TEST_STEP][PASSED] - click(findTestObject("AUDIENCE/Data Source/next")): Object: 'Object Repository/AUDIENCE/Data Source/next' is clicked on

2020-02-28 12:31:08 - [MESSAGE][PASSED] - Object: 'Object Repository/AUDIENCE/Data Source/next' is clicked on

2020-02-28 12:31:08 - [TEST_STEP][PASSED] - elements1 = findWebElements(findTestObject("AUDIENCE/Data Source/created_column_values"), 0): Timeout '0' is invalid. Using default page load timeout: '230'

2020-02-28 12:31:08 - [MESSAGE][WARNING] - Timeout '0' is invalid. Using default page load timeout: '230'

2020-02-28 12:31:08 - [TEST_STEP][PASSED] - isDesc = web.CustomKeyword.checkListDescendingOrder(dataSourceTextValues, dataSourceTextValuesWithDesc): web.CustomKeyword.checkListDescendingOrder is PASSED

2020-02-28 12:31:08 - [MESSAGE][PASSED] - web.CustomKeyword.checkListDescendingOrder is PASSED

2020-02-28 12:31:08 - [TEST_STEP][PASSED] - verifyEqual(isDesc, true): Actual object 'true' and expected object 'true' are equal

2020-02-28 12:31:08 - [MESSAGE][PASSED] - Actual object 'true' and expected object 'true' are equal

2020-02-28 12:31:08 - [TEST_STEP][PASSED] - Start listener action : sampleAfterTestCase: null

2020-02-28 12:31:08 - [TEST_STEP][PASSED] - println(testCaseContext.getTestCaseId()): null

2020-02-28 12:31:09 - [TEST_STEP][PASSED] - println(testCaseContext.getTestCaseStatus()): null

2020-02-28 12:31:09 - [TEST_STEP][PASSED] - println("On Failure Method is Calling : " + testCaseContext.getTestCaseStatus()): null

2020-02-28 12:31:09 - [TEST_STEP][PASSED] - if (!(getTestCaseStatus().equalsIgnoreCase("PASSED"))): null]]></system-out>
         <system-err><![CDATA[]]></system-err>
      </testcase>
      <testcase name="Test Cases/Atlas Platform/Data Management/Data Listing/TC_011_Verify_Modified_Column_Sorting_Order" time="30.17" classname="Test Cases/Atlas Platform/Data Management/Data Listing/TC_011_Verify_Modified_Column_Sorting_Order" status="PASSED">
         <system-out><![CDATA[2020-02-28 12:31:11 - [TEST_CASE][PASSED] - Test Cases/Atlas Platform/Data Management/Data Listing/TC_011_Verify_Modified_Column_Sorting_Order: Test Cases/Atlas Platform/Data Management/Data Listing/TC_011_Verify_Modified_Column_Sorting_Order

2020-02-28 12:31:11 - [TEST_STEP][NOT_RUN] - callTestCase(findTestCase("Atlas Platform/Platform Navigation/Login/LoginWithRootAdmin"), ["user_Email":"navaraj@totient.co.in", "user_Password":"Totient@123"], CONTINUE_ON_FAILURE): NOT_RUN: callTestCase(findTestCase("Atlas Platform/Platform Navigation/Login/LoginWithRootAdmin"), ["user_Email":"navaraj@totient.co.in", "user_Password":"Totient@123"], CONTINUE_ON_FAILURE)

2020-02-28 12:31:11 - [MESSAGE][NOT_RUN] - NOT_RUN: callTestCase(findTestCase("Atlas Platform/Platform Navigation/Login/LoginWithRootAdmin"), ["user_Email":"navaraj@totient.co.in", "user_Password":"Totient@123"], CONTINUE_ON_FAILURE)

2020-02-28 12:31:11 - [TEST_STEP][PASSED] - refresh(): Refresh successfully

2020-02-28 12:31:13 - [MESSAGE][PASSED] - Refresh successfully

2020-02-28 12:31:13 - [TEST_STEP][PASSED] - click(findTestObject("HeaderMenus/audiencemenu")): Object: 'Object Repository/HeaderMenus/audiencemenu' is clicked on

2020-02-28 12:31:14 - [MESSAGE][PASSED] - Object: 'Object Repository/HeaderMenus/audiencemenu' is clicked on

2020-02-28 12:31:14 - [TEST_STEP][PASSED] - click(findTestObject("Login_Page/Dashboard/Data Sub-Navigation/div_Data Source")): Object: 'Object Repository/Login_Page/Dashboard/Data Sub-Navigation/div_Data Source' is clicked on

2020-02-28 12:31:15 - [MESSAGE][PASSED] - Object: 'Object Repository/Login_Page/Dashboard/Data Sub-Navigation/div_Data Source' is clicked on

2020-02-28 12:31:15 - [TEST_STEP][PASSED] - totalText = getText(findTestObject("AUDIENCE/Data Source/total_count")): Text of object 'Object Repository/AUDIENCE/Data Source/total_count' is: '(23)'

2020-02-28 12:31:15 - [MESSAGE][PASSED] - Text of object 'Object Repository/AUDIENCE/Data Source/total_count' is: '(23)'

2020-02-28 12:31:15 - [TEST_STEP][PASSED] - click(findTestObject("AUDIENCE/Data Source/modified_Column_Name")): Object: 'Object Repository/AUDIENCE/Data Source/modified_Column_Name' is clicked on

2020-02-28 12:31:16 - [MESSAGE][PASSED] - Object: 'Object Repository/AUDIENCE/Data Source/modified_Column_Name' is clicked on

2020-02-28 12:31:16 - [TEST_STEP][PASSED] - total = Integer.parseInt(replace(")", "").trim()): null

2020-02-28 12:31:16 - [TEST_STEP][PASSED] - pageValueCount = 0: null

2020-02-28 12:31:16 - [TEST_STEP][PASSED] - dataSourceTextValues = new java.util.ArrayList(): null

2020-02-28 12:31:16 - [TEST_STEP][PASSED] - totalOfPaginationCount = getText(findTestObject("AUDIENCE/Data Source/no_pagination_With_Count")): Text of object 'Object Repository/AUDIENCE/Data Source/no_pagination_With_Count' is: 'Showing 1-10 of 23 Data Source(s)'

2020-02-28 12:31:17 - [MESSAGE][PASSED] - Text of object 'Object Repository/AUDIENCE/Data Source/no_pagination_With_Count' is: 'Showing 1-10 of 23 Data Source(s)'

2020-02-28 12:31:17 - [TEST_STEP][PASSED] - if (!(totalOfPaginationCount.equalsIgnoreCase("Showing 0 of 0 Images"))): Timeout '0' is invalid. Using default page load timeout: '230'

2020-02-28 12:31:17 - [TEST_STEP][PASSED] - elements = findWebElements(findTestObject("AUDIENCE/Data Source/modified_Column_Values"), 0): Timeout '0' is invalid. Using default page load timeout: '230'

2020-02-28 12:31:17 - [MESSAGE][WARNING] - Timeout '0' is invalid. Using default page load timeout: '230'

2020-02-28 12:31:17 - [TEST_STEP][PASSED] - if (total > 10): Timeout '0' is invalid. Using default page load timeout: '230'

2020-02-28 12:31:17 - [TEST_STEP][PASSED] - while (total != pageValueCount): Timeout '0' is invalid. Using default page load timeout: '230'

2020-02-28 12:31:17 - [TEST_STEP][PASSED] - for (org.openqa.selenium.WebElement ele : elements): null

2020-02-28 12:31:17 - [TEST_STEP][PASSED] - dataSourceTextValues.add(ele.getText()): null

2020-02-28 12:31:17 - [TEST_STEP][PASSED] - dataSourceTextValues.add(ele.getText()): null

2020-02-28 12:31:17 - [TEST_STEP][PASSED] - dataSourceTextValues.add(ele.getText()): null

2020-02-28 12:31:17 - [TEST_STEP][PASSED] - dataSourceTextValues.add(ele.getText()): null

2020-02-28 12:31:17 - [TEST_STEP][PASSED] - dataSourceTextValues.add(ele.getText()): null

2020-02-28 12:31:17 - [TEST_STEP][PASSED] - dataSourceTextValues.add(ele.getText()): null

2020-02-28 12:31:17 - [TEST_STEP][PASSED] - dataSourceTextValues.add(ele.getText()): null

2020-02-28 12:31:17 - [TEST_STEP][PASSED] - dataSourceTextValues.add(ele.getText()): null

2020-02-28 12:31:17 - [TEST_STEP][PASSED] - dataSourceTextValues.add(ele.getText()): null

2020-02-28 12:31:17 - [TEST_STEP][PASSED] - dataSourceTextValues.add(ele.getText()): null

2020-02-28 12:31:17 - [TEST_STEP][PASSED] - pageValueCount += elements.size(): null

2020-02-28 12:31:18 - [TEST_STEP][PASSED] - click(findTestObject("AUDIENCE/Data Source/next")): Object: 'Object Repository/AUDIENCE/Data Source/next' is clicked on

2020-02-28 12:31:18 - [MESSAGE][PASSED] - Object: 'Object Repository/AUDIENCE/Data Source/next' is clicked on

2020-02-28 12:31:18 - [TEST_STEP][PASSED] - elements = findWebElements(findTestObject("AUDIENCE/Data Source/modified_Column_Values"), 0): Timeout '0' is invalid. Using default page load timeout: '230'

2020-02-28 12:31:18 - [MESSAGE][WARNING] - Timeout '0' is invalid. Using default page load timeout: '230'

2020-02-28 12:31:19 - [TEST_STEP][PASSED] - for (org.openqa.selenium.WebElement ele : elements): null

2020-02-28 12:31:19 - [TEST_STEP][PASSED] - dataSourceTextValues.add(ele.getText()): null

2020-02-28 12:31:19 - [TEST_STEP][PASSED] - dataSourceTextValues.add(ele.getText()): null

2020-02-28 12:31:19 - [TEST_STEP][PASSED] - dataSourceTextValues.add(ele.getText()): null

2020-02-28 12:31:19 - [TEST_STEP][PASSED] - dataSourceTextValues.add(ele.getText()): null

2020-02-28 12:31:19 - [TEST_STEP][PASSED] - dataSourceTextValues.add(ele.getText()): null

2020-02-28 12:31:20 - [TEST_STEP][PASSED] - dataSourceTextValues.add(ele.getText()): null

2020-02-28 12:31:20 - [TEST_STEP][PASSED] - dataSourceTextValues.add(ele.getText()): null

2020-02-28 12:31:20 - [TEST_STEP][PASSED] - dataSourceTextValues.add(ele.getText()): null

2020-02-28 12:31:20 - [TEST_STEP][PASSED] - dataSourceTextValues.add(ele.getText()): null

2020-02-28 12:31:20 - [TEST_STEP][PASSED] - dataSourceTextValues.add(ele.getText()): null

2020-02-28 12:31:20 - [TEST_STEP][PASSED] - pageValueCount += elements.size(): null

2020-02-28 12:31:20 - [TEST_STEP][PASSED] - click(findTestObject("AUDIENCE/Data Source/next")): Object: 'Object Repository/AUDIENCE/Data Source/next' is clicked on

2020-02-28 12:31:20 - [MESSAGE][PASSED] - Object: 'Object Repository/AUDIENCE/Data Source/next' is clicked on

2020-02-28 12:31:20 - [TEST_STEP][PASSED] - elements = findWebElements(findTestObject("AUDIENCE/Data Source/modified_Column_Values"), 0): Timeout '0' is invalid. Using default page load timeout: '230'

2020-02-28 12:31:20 - [MESSAGE][WARNING] - Timeout '0' is invalid. Using default page load timeout: '230'

2020-02-28 12:31:21 - [TEST_STEP][PASSED] - for (org.openqa.selenium.WebElement ele : elements): null

2020-02-28 12:31:21 - [TEST_STEP][PASSED] - dataSourceTextValues.add(ele.getText()): null

2020-02-28 12:31:21 - [TEST_STEP][PASSED] - dataSourceTextValues.add(ele.getText()): null

2020-02-28 12:31:21 - [TEST_STEP][PASSED] - dataSourceTextValues.add(ele.getText()): null

2020-02-28 12:31:21 - [TEST_STEP][PASSED] - pageValueCount += elements.size(): null

2020-02-28 12:31:21 - [TEST_STEP][PASSED] - click(findTestObject("AUDIENCE/Data Source/next")): Object: 'Object Repository/AUDIENCE/Data Source/next' is clicked on

2020-02-28 12:31:24 - [MESSAGE][PASSED] - Object: 'Object Repository/AUDIENCE/Data Source/next' is clicked on

2020-02-28 12:31:24 - [TEST_STEP][PASSED] - elements = findWebElements(findTestObject("AUDIENCE/Data Source/modified_Column_Values"), 0): Timeout '0' is invalid. Using default page load timeout: '230'

2020-02-28 12:31:24 - [MESSAGE][WARNING] - Timeout '0' is invalid. Using default page load timeout: '230'

2020-02-28 12:31:24 - [TEST_STEP][PASSED] - isAscending = web.CustomKeyword.checkListAscendingOrder(dataSourceTextValues): web.CustomKeyword.checkListAscendingOrder is PASSED

2020-02-28 12:31:24 - [MESSAGE][PASSED] - web.CustomKeyword.checkListAscendingOrder is PASSED

2020-02-28 12:31:24 - [TEST_STEP][PASSED] - verifyEqual(isAscending, true): Actual object 'true' and expected object 'true' are equal

2020-02-28 12:31:24 - [MESSAGE][PASSED] - Actual object 'true' and expected object 'true' are equal

2020-02-28 12:31:24 - [TEST_STEP][PASSED] - click(findTestObject("HeaderMenus/adminmenu")): Object: 'Object Repository/HeaderMenus/adminmenu' is clicked on

2020-02-28 12:31:25 - [MESSAGE][PASSED] - Object: 'Object Repository/HeaderMenus/adminmenu' is clicked on

2020-02-28 12:31:25 - [TEST_STEP][PASSED] - click(findTestObject("HeaderMenus/audiencemenu")): Object: 'Object Repository/HeaderMenus/audiencemenu' is clicked on

2020-02-28 12:31:26 - [MESSAGE][PASSED] - Object: 'Object Repository/HeaderMenus/audiencemenu' is clicked on

2020-02-28 12:31:26 - [TEST_STEP][PASSED] - click(findTestObject("AUDIENCE/Data Source/modified_Column_Name")): Object: 'Object Repository/AUDIENCE/Data Source/modified_Column_Name' is clicked on

2020-02-28 12:31:28 - [MESSAGE][PASSED] - Object: 'Object Repository/AUDIENCE/Data Source/modified_Column_Name' is clicked on

2020-02-28 12:31:28 - [TEST_STEP][PASSED] - delay(3): Delayed 3 second(s)

2020-02-28 12:31:31 - [MESSAGE][PASSED] - Delayed 3 second(s)

2020-02-28 12:31:31 - [TEST_STEP][PASSED] - click(findTestObject("AUDIENCE/Data Source/modified_Column_Name")): Object: 'Object Repository/AUDIENCE/Data Source/modified_Column_Name' is clicked on

2020-02-28 12:31:31 - [MESSAGE][PASSED] - Object: 'Object Repository/AUDIENCE/Data Source/modified_Column_Name' is clicked on

2020-02-28 12:31:31 - [TEST_STEP][PASSED] - dataSourceTextValuesWithDesc = new java.util.ArrayList(): null

2020-02-28 12:31:31 - [TEST_STEP][PASSED] - pageValueCount1 = 0: null

2020-02-28 12:31:31 - [TEST_STEP][PASSED] - if (!(totalOfPaginationCount.equalsIgnoreCase("Showing 0 of 0 Images"))): Timeout '0' is invalid. Using default page load timeout: '230'

2020-02-28 12:31:31 - [TEST_STEP][PASSED] - elements1 = findWebElements(findTestObject("AUDIENCE/Data Source/modified_Column_Values"), 0): Timeout '0' is invalid. Using default page load timeout: '230'

2020-02-28 12:31:31 - [MESSAGE][WARNING] - Timeout '0' is invalid. Using default page load timeout: '230'

2020-02-28 12:31:32 - [TEST_STEP][PASSED] - if (total > 10): Timeout '0' is invalid. Using default page load timeout: '230'

2020-02-28 12:31:32 - [TEST_STEP][PASSED] - while (total != pageValueCount1): Timeout '0' is invalid. Using default page load timeout: '230'

2020-02-28 12:31:32 - [TEST_STEP][PASSED] - for (org.openqa.selenium.WebElement ele1 : elements1): null

2020-02-28 12:31:32 - [TEST_STEP][PASSED] - dataSourceTextValuesWithDesc.add(ele1.getText()): null

2020-02-28 12:31:32 - [TEST_STEP][PASSED] - dataSourceTextValuesWithDesc.add(ele1.getText()): null

2020-02-28 12:31:32 - [TEST_STEP][PASSED] - dataSourceTextValuesWithDesc.add(ele1.getText()): null

2020-02-28 12:31:32 - [TEST_STEP][PASSED] - dataSourceTextValuesWithDesc.add(ele1.getText()): null

2020-02-28 12:31:32 - [TEST_STEP][PASSED] - dataSourceTextValuesWithDesc.add(ele1.getText()): null

2020-02-28 12:31:32 - [TEST_STEP][PASSED] - dataSourceTextValuesWithDesc.add(ele1.getText()): null

2020-02-28 12:31:32 - [TEST_STEP][PASSED] - dataSourceTextValuesWithDesc.add(ele1.getText()): null

2020-02-28 12:31:32 - [TEST_STEP][PASSED] - dataSourceTextValuesWithDesc.add(ele1.getText()): null

2020-02-28 12:31:32 - [TEST_STEP][PASSED] - dataSourceTextValuesWithDesc.add(ele1.getText()): null

2020-02-28 12:31:32 - [TEST_STEP][PASSED] - dataSourceTextValuesWithDesc.add(ele1.getText()): null

2020-02-28 12:31:33 - [TEST_STEP][PASSED] - pageValueCount1 += elements1.size(): null

2020-02-28 12:31:33 - [TEST_STEP][PASSED] - click(findTestObject("AUDIENCE/Data Source/next")): Object: 'Object Repository/AUDIENCE/Data Source/next' is clicked on

2020-02-28 12:31:33 - [MESSAGE][PASSED] - Object: 'Object Repository/AUDIENCE/Data Source/next' is clicked on

2020-02-28 12:31:33 - [TEST_STEP][PASSED] - elements1 = findWebElements(findTestObject("AUDIENCE/Data Source/modified_Column_Values"), 0): Timeout '0' is invalid. Using default page load timeout: '230'

2020-02-28 12:31:33 - [MESSAGE][WARNING] - Timeout '0' is invalid. Using default page load timeout: '230'

2020-02-28 12:31:34 - [TEST_STEP][PASSED] - for (org.openqa.selenium.WebElement ele1 : elements1): null

2020-02-28 12:31:34 - [TEST_STEP][PASSED] - dataSourceTextValuesWithDesc.add(ele1.getText()): null

2020-02-28 12:31:34 - [TEST_STEP][PASSED] - dataSourceTextValuesWithDesc.add(ele1.getText()): null

2020-02-28 12:31:34 - [TEST_STEP][PASSED] - dataSourceTextValuesWithDesc.add(ele1.getText()): null

2020-02-28 12:31:34 - [TEST_STEP][PASSED] - dataSourceTextValuesWithDesc.add(ele1.getText()): null

2020-02-28 12:31:34 - [TEST_STEP][PASSED] - dataSourceTextValuesWithDesc.add(ele1.getText()): null

2020-02-28 12:31:34 - [TEST_STEP][PASSED] - dataSourceTextValuesWithDesc.add(ele1.getText()): null

2020-02-28 12:31:34 - [TEST_STEP][PASSED] - dataSourceTextValuesWithDesc.add(ele1.getText()): null

2020-02-28 12:31:34 - [TEST_STEP][PASSED] - dataSourceTextValuesWithDesc.add(ele1.getText()): null

2020-02-28 12:31:34 - [TEST_STEP][PASSED] - dataSourceTextValuesWithDesc.add(ele1.getText()): null

2020-02-28 12:31:34 - [TEST_STEP][PASSED] - dataSourceTextValuesWithDesc.add(ele1.getText()): null

2020-02-28 12:31:34 - [TEST_STEP][PASSED] - pageValueCount1 += elements1.size(): null

2020-02-28 12:31:34 - [TEST_STEP][PASSED] - click(findTestObject("AUDIENCE/Data Source/next")): Object: 'Object Repository/AUDIENCE/Data Source/next' is clicked on

2020-02-28 12:31:35 - [MESSAGE][PASSED] - Object: 'Object Repository/AUDIENCE/Data Source/next' is clicked on

2020-02-28 12:31:35 - [TEST_STEP][PASSED] - elements1 = findWebElements(findTestObject("AUDIENCE/Data Source/modified_Column_Values"), 0): Timeout '0' is invalid. Using default page load timeout: '230'

2020-02-28 12:31:35 - [MESSAGE][WARNING] - Timeout '0' is invalid. Using default page load timeout: '230'

2020-02-28 12:31:35 - [TEST_STEP][PASSED] - for (org.openqa.selenium.WebElement ele1 : elements1): null

2020-02-28 12:31:35 - [TEST_STEP][PASSED] - dataSourceTextValuesWithDesc.add(ele1.getText()): null

2020-02-28 12:31:35 - [TEST_STEP][PASSED] - dataSourceTextValuesWithDesc.add(ele1.getText()): null

2020-02-28 12:31:35 - [TEST_STEP][PASSED] - dataSourceTextValuesWithDesc.add(ele1.getText()): null

2020-02-28 12:31:35 - [TEST_STEP][PASSED] - pageValueCount1 += elements1.size(): null

2020-02-28 12:31:35 - [TEST_STEP][PASSED] - click(findTestObject("AUDIENCE/Data Source/next")): Object: 'Object Repository/AUDIENCE/Data Source/next' is clicked on

2020-02-28 12:31:38 - [MESSAGE][PASSED] - Object: 'Object Repository/AUDIENCE/Data Source/next' is clicked on

2020-02-28 12:31:38 - [TEST_STEP][PASSED] - elements1 = findWebElements(findTestObject("AUDIENCE/Data Source/modified_Column_Values"), 0): Timeout '0' is invalid. Using default page load timeout: '230'

2020-02-28 12:31:38 - [MESSAGE][WARNING] - Timeout '0' is invalid. Using default page load timeout: '230'

2020-02-28 12:31:39 - [TEST_STEP][PASSED] - isDescending = web.CustomKeyword.checkListDescendingOrder(dataSourceTextValues, dataSourceTextValuesWithDesc): web.CustomKeyword.checkListDescendingOrder is PASSED

2020-02-28 12:31:39 - [MESSAGE][PASSED] - web.CustomKeyword.checkListDescendingOrder is PASSED

2020-02-28 12:31:39 - [TEST_STEP][PASSED] - verifyEqual(isDescending, true): Actual object 'true' and expected object 'true' are equal

2020-02-28 12:31:39 - [MESSAGE][PASSED] - Actual object 'true' and expected object 'true' are equal

2020-02-28 12:31:39 - [TEST_STEP][PASSED] - Start listener action : sampleAfterTestCase: null

2020-02-28 12:31:39 - [TEST_STEP][PASSED] - println(testCaseContext.getTestCaseId()): null

2020-02-28 12:31:39 - [TEST_STEP][PASSED] - println(testCaseContext.getTestCaseStatus()): null

2020-02-28 12:31:39 - [TEST_STEP][PASSED] - println("On Failure Method is Calling : " + testCaseContext.getTestCaseStatus()): null

2020-02-28 12:31:39 - [TEST_STEP][PASSED] - if (!(getTestCaseStatus().equalsIgnoreCase("PASSED"))): null]]></system-out>
         <system-err><![CDATA[]]></system-err>
      </testcase>
      <testcase name="Test Cases/Atlas Platform/Platform Navigation/Picker/TC_099_Close_Common_Browser" time="3.317" classname="Test Cases/Atlas Platform/Platform Navigation/Picker/TC_099_Close_Common_Browser" status="PASSED">
         <system-out><![CDATA[2020-02-28 12:31:41 - [TEST_CASE][PASSED] - Test Cases/Atlas Platform/Platform Navigation/Picker/TC_099_Close_Common_Browser: Test Cases/Atlas Platform/Platform Navigation/Picker/TC_099_Close_Common_Browser

2020-02-28 12:31:41 - [TEST_STEP][PASSED] - closeBrowser(): Browser is closed

2020-02-28 12:31:42 - [MESSAGE][PASSED] - Browser is closed

2020-02-28 12:31:42 - [TEST_STEP][PASSED] - Start listener action : sampleAfterTestCase: null

2020-02-28 12:31:42 - [TEST_STEP][PASSED] - println(testCaseContext.getTestCaseId()): null

2020-02-28 12:31:42 - [TEST_STEP][PASSED] - println(testCaseContext.getTestCaseStatus()): null

2020-02-28 12:31:42 - [TEST_STEP][PASSED] - println("On Failure Method is Calling : " + testCaseContext.getTestCaseStatus()): null

2020-02-28 12:31:42 - [TEST_STEP][PASSED] - if (!(getTestCaseStatus().equalsIgnoreCase("PASSED"))): null]]></system-out>
         <system-err><![CDATA[]]></system-err>
      </testcase>
      <system-out><![CDATA[2020-02-28 12:27:20 - [TEST_SUITE][FAILED] - Data Source: Test Cases/Atlas Platform/Data Management/Data Listing/TC_002_Validate_Active_Filter_WithCount FAILED.
Reason:
com.kms.katalon.core.exception.StepFailedException: Unable to verify equal between actual object '20' and expected object '23' (Root cause: com.kms.katalon.core.exception.StepFailedException: Actual object '20' and expected object '23' are not equal
	at com.kms.katalon.core.keyword.builtin.VerifyEqualKeyword$_verifyEqual_closure1.doCall(VerifyEqualKeyword.groovy:58)
	at com.kms.katalon.core.keyword.builtin.VerifyEqualKeyword$_verifyEqual_closure1.call(VerifyEqualKeyword.groovy)
	at com.kms.katalon.core.keyword.internal.KeywordMain.runKeyword(KeywordMain.groovy:68)
	at com.kms.katalon.core.keyword.builtin.VerifyEqualKeyword.verifyEqual(VerifyEqualKeyword.groovy:63)
	at com.kms.katalon.core.keyword.builtin.VerifyEqualKeyword.execute(VerifyEqualKeyword.groovy:44)
	at com.kms.katalon.core.keyword.internal.KeywordExecutor.executeKeywordForPlatform(KeywordExecutor.groovy:72)
	at com.kms.katalon.core.keyword.BuiltinKeywords.verifyEqual(BuiltinKeywords.groovy:141)
	at TC_002_Validate_Active_Filter_WithCount.run(TC_002_Validate_Active_Filter_WithCount:71)
	at com.kms.katalon.core.main.ScriptEngine.run(ScriptEngine.java:194)
	at com.kms.katalon.core.main.ScriptEngine.runScriptAsRawText(ScriptEngine.java:119)
	at com.kms.katalon.core.main.TestCaseExecutor.runScript(TestCaseExecutor.java:337)
	at com.kms.katalon.core.main.TestCaseExecutor.doExecute(TestCaseExecutor.java:328)
	at com.kms.katalon.core.main.TestCaseExecutor.processExecutionPhase(TestCaseExecutor.java:307)
	at com.kms.katalon.core.main.TestCaseExecutor.accessMainPhase(TestCaseExecutor.java:299)
	at com.kms.katalon.core.main.TestCaseExecutor.execute(TestCaseExecutor.java:233)
	at com.kms.katalon.core.main.TestSuiteExecutor.accessTestCaseMainPhase(TestSuiteExecutor.java:169)
	at com.kms.katalon.core.main.TestSuiteExecutor.accessTestSuiteMainPhase(TestSuiteExecutor.java:142)
	at com.kms.katalon.core.main.TestSuiteExecutor.execute(TestSuiteExecutor.java:91)
	at com.kms.katalon.core.main.TestCaseMain.startTestSuite(TestCaseMain.java:157)
	at com.kms.katalon.core.main.TestCaseMain$startTestSuite$0.call(Unknown Source)
	at TempTestSuite1582873031480.run(TempTestSuite1582873031480.groovy:36)
)
	at com.kms.katalon.core.keyword.internal.KeywordMain.stepFailed(KeywordMain.groovy:39)
	at com.kms.katalon.core.keyword.internal.KeywordMain.stepFailed(KeywordMain.groovy)
	at com.kms.katalon.core.keyword.internal.KeywordMain.runKeyword(KeywordMain.groovy:70)
	at com.kms.katalon.core.keyword.builtin.VerifyEqualKeyword.verifyEqual(VerifyEqualKeyword.groovy:63)
	at com.kms.katalon.core.keyword.builtin.VerifyEqualKeyword.execute(VerifyEqualKeyword.groovy:44)
	at com.kms.katalon.core.keyword.internal.KeywordExecutor.executeKeywordForPlatform(KeywordExecutor.groovy:72)
	at com.kms.katalon.core.keyword.BuiltinKeywords.verifyEqual(BuiltinKeywords.groovy:141)
	at TC_002_Validate_Active_Filter_WithCount.run(TC_002_Validate_Active_Filter_WithCount:71)
	at com.kms.katalon.core.main.ScriptEngine.run(ScriptEngine.java:194)
	at com.kms.katalon.core.main.ScriptEngine.runScriptAsRawText(ScriptEngine.java:119)
	at com.kms.katalon.core.main.TestCaseExecutor.runScript(TestCaseExecutor.java:337)
	at com.kms.katalon.core.main.TestCaseExecutor.doExecute(TestCaseExecutor.java:328)
	at com.kms.katalon.core.main.TestCaseExecutor.processExecutionPhase(TestCaseExecutor.java:307)
	at com.kms.katalon.core.main.TestCaseExecutor.accessMainPhase(TestCaseExecutor.java:299)
	at com.kms.katalon.core.main.TestCaseExecutor.execute(TestCaseExecutor.java:233)
	at com.kms.katalon.core.main.TestSuiteExecutor.accessTestCaseMainPhase(TestSuiteExecutor.java:169)
	at com.kms.katalon.core.main.TestSuiteExecutor.accessTestSuiteMainPhase(TestSuiteExecutor.java:142)
	at com.kms.katalon.core.main.TestSuiteExecutor.execute(TestSuiteExecutor.java:91)
	at com.kms.katalon.core.main.TestCaseMain.startTestSuite(TestCaseMain.java:157)
	at com.kms.katalon.core.main.TestCaseMain$startTestSuite$0.call(Unknown Source)
	at TempTestSuite1582873031480.run(TempTestSuite1582873031480.groovy:36)
Caused by: com.kms.katalon.core.exception.StepFailedException: Actual object '20' and expected object '23' are not equal
	at com.kms.katalon.core.keyword.builtin.VerifyEqualKeyword$_verifyEqual_closure1.doCall(VerifyEqualKeyword.groovy:58)
	at com.kms.katalon.core.keyword.builtin.VerifyEqualKeyword$_verifyEqual_closure1.call(VerifyEqualKeyword.groovy)
	at com.kms.katalon.core.keyword.internal.KeywordMain.runKeyword(KeywordMain.groovy:68)
	... 18 more]]></system-out>
      <system-err><![CDATA[2020-02-28 12:27:20 - [TEST_SUITE][FAILED] - Data Source: Test Cases/Atlas Platform/Data Management/Data Listing/TC_002_Validate_Active_Filter_WithCount FAILED.
Reason:
com.kms.katalon.core.exception.StepFailedException: Unable to verify equal between actual object '20' and expected object '23' (Root cause: com.kms.katalon.core.exception.StepFailedException: Actual object '20' and expected object '23' are not equal
	at com.kms.katalon.core.keyword.builtin.VerifyEqualKeyword$_verifyEqual_closure1.doCall(VerifyEqualKeyword.groovy:58)
	at com.kms.katalon.core.keyword.builtin.VerifyEqualKeyword$_verifyEqual_closure1.call(VerifyEqualKeyword.groovy)
	at com.kms.katalon.core.keyword.internal.KeywordMain.runKeyword(KeywordMain.groovy:68)
	at com.kms.katalon.core.keyword.builtin.VerifyEqualKeyword.verifyEqual(VerifyEqualKeyword.groovy:63)
	at com.kms.katalon.core.keyword.builtin.VerifyEqualKeyword.execute(VerifyEqualKeyword.groovy:44)
	at com.kms.katalon.core.keyword.internal.KeywordExecutor.executeKeywordForPlatform(KeywordExecutor.groovy:72)
	at com.kms.katalon.core.keyword.BuiltinKeywords.verifyEqual(BuiltinKeywords.groovy:141)
	at TC_002_Validate_Active_Filter_WithCount.run(TC_002_Validate_Active_Filter_WithCount:71)
	at com.kms.katalon.core.main.ScriptEngine.run(ScriptEngine.java:194)
	at com.kms.katalon.core.main.ScriptEngine.runScriptAsRawText(ScriptEngine.java:119)
	at com.kms.katalon.core.main.TestCaseExecutor.runScript(TestCaseExecutor.java:337)
	at com.kms.katalon.core.main.TestCaseExecutor.doExecute(TestCaseExecutor.java:328)
	at com.kms.katalon.core.main.TestCaseExecutor.processExecutionPhase(TestCaseExecutor.java:307)
	at com.kms.katalon.core.main.TestCaseExecutor.accessMainPhase(TestCaseExecutor.java:299)
	at com.kms.katalon.core.main.TestCaseExecutor.execute(TestCaseExecutor.java:233)
	at com.kms.katalon.core.main.TestSuiteExecutor.accessTestCaseMainPhase(TestSuiteExecutor.java:169)
	at com.kms.katalon.core.main.TestSuiteExecutor.accessTestSuiteMainPhase(TestSuiteExecutor.java:142)
	at com.kms.katalon.core.main.TestSuiteExecutor.execute(TestSuiteExecutor.java:91)
	at com.kms.katalon.core.main.TestCaseMain.startTestSuite(TestCaseMain.java:157)
	at com.kms.katalon.core.main.TestCaseMain$startTestSuite$0.call(Unknown Source)
	at TempTestSuite1582873031480.run(TempTestSuite1582873031480.groovy:36)
)
	at com.kms.katalon.core.keyword.internal.KeywordMain.stepFailed(KeywordMain.groovy:39)
	at com.kms.katalon.core.keyword.internal.KeywordMain.stepFailed(KeywordMain.groovy)
	at com.kms.katalon.core.keyword.internal.KeywordMain.runKeyword(KeywordMain.groovy:70)
	at com.kms.katalon.core.keyword.builtin.VerifyEqualKeyword.verifyEqual(VerifyEqualKeyword.groovy:63)
	at com.kms.katalon.core.keyword.builtin.VerifyEqualKeyword.execute(VerifyEqualKeyword.groovy:44)
	at com.kms.katalon.core.keyword.internal.KeywordExecutor.executeKeywordForPlatform(KeywordExecutor.groovy:72)
	at com.kms.katalon.core.keyword.BuiltinKeywords.verifyEqual(BuiltinKeywords.groovy:141)
	at TC_002_Validate_Active_Filter_WithCount.run(TC_002_Validate_Active_Filter_WithCount:71)
	at com.kms.katalon.core.main.ScriptEngine.run(ScriptEngine.java:194)
	at com.kms.katalon.core.main.ScriptEngine.runScriptAsRawText(ScriptEngine.java:119)
	at com.kms.katalon.core.main.TestCaseExecutor.runScript(TestCaseExecutor.java:337)
	at com.kms.katalon.core.main.TestCaseExecutor.doExecute(TestCaseExecutor.java:328)
	at com.kms.katalon.core.main.TestCaseExecutor.processExecutionPhase(TestCaseExecutor.java:307)
	at com.kms.katalon.core.main.TestCaseExecutor.accessMainPhase(TestCaseExecutor.java:299)
	at com.kms.katalon.core.main.TestCaseExecutor.execute(TestCaseExecutor.java:233)
	at com.kms.katalon.core.main.TestSuiteExecutor.accessTestCaseMainPhase(TestSuiteExecutor.java:169)
	at com.kms.katalon.core.main.TestSuiteExecutor.accessTestSuiteMainPhase(TestSuiteExecutor.java:142)
	at com.kms.katalon.core.main.TestSuiteExecutor.execute(TestSuiteExecutor.java:91)
	at com.kms.katalon.core.main.TestCaseMain.startTestSuite(TestCaseMain.java:157)
	at com.kms.katalon.core.main.TestCaseMain$startTestSuite$0.call(Unknown Source)
	at TempTestSuite1582873031480.run(TempTestSuite1582873031480.groovy:36)
Caused by: com.kms.katalon.core.exception.StepFailedException: Actual object '20' and expected object '23' are not equal
	at com.kms.katalon.core.keyword.builtin.VerifyEqualKeyword$_verifyEqual_closure1.doCall(VerifyEqualKeyword.groovy:58)
	at com.kms.katalon.core.keyword.builtin.VerifyEqualKeyword$_verifyEqual_closure1.call(VerifyEqualKeyword.groovy)
	at com.kms.katalon.core.keyword.internal.KeywordMain.runKeyword(KeywordMain.groovy:68)
	... 18 more]]></system-err>
   </testsuite>
</testsuites>
